[1.584s] Invoking command in '/home/pingpongproject/code/ping-pong-robot/lbr_fri_ros2_stack_ws_foxy2/src/lbr_fri_ros2_stack/vision/visual_servo': PYTHONPATH=/home/pingpongproject/code/ping-pong-robot/lbr_fri_ros2_stack_ws_foxy2/build/visual_servo/prefix_override:/home/pingpongproject/code/ping-pong-robot/lbr_fri_ros2_stack_ws_foxy2/install/visual_servo/lib/python3.8/site-packages:${PYTHONPATH} /usr/bin/python3 setup.py egg_info --egg-base ../../../../build/visual_servo build --build-base /home/pingpongproject/code/ping-pong-robot/lbr_fri_ros2_stack_ws_foxy2/build/visual_servo/build install --record /home/pingpongproject/code/ping-pong-robot/lbr_fri_ros2_stack_ws_foxy2/build/visual_servo/install.log --install-scripts $base/lib/visual_servo --single-version-externally-managed
[1.748s] running egg_info
[1.749s] writing ../../../../build/visual_servo/visual_servo.egg-info/PKG-INFO
[1.749s] writing dependency_links to ../../../../build/visual_servo/visual_servo.egg-info/dependency_links.txt
[1.749s] writing entry points to ../../../../build/visual_servo/visual_servo.egg-info/entry_points.txt
[1.749s] writing requirements to ../../../../build/visual_servo/visual_servo.egg-info/requires.txt
[1.749s] writing top-level names to ../../../../build/visual_servo/visual_servo.egg-info/top_level.txt
[2.002s] reading manifest file '../../../../build/visual_servo/visual_servo.egg-info/SOURCES.txt'
[2.003s] writing manifest file '../../../../build/visual_servo/visual_servo.egg-info/SOURCES.txt'
[2.003s] running build
[2.003s] running build_py
[2.003s] running install
[2.003s] running install_lib
[2.004s] running install_data
[2.005s] running install_egg_info
[2.005s] removing '/home/pingpongproject/code/ping-pong-robot/lbr_fri_ros2_stack_ws_foxy2/install/visual_servo/lib/python3.8/site-packages/visual_servo-0.0.0-py3.8.egg-info' (and everything under it)
[2.006s] Copying ../../../../build/visual_servo/visual_servo.egg-info to /home/pingpongproject/code/ping-pong-robot/lbr_fri_ros2_stack_ws_foxy2/install/visual_servo/lib/python3.8/site-packages/visual_servo-0.0.0-py3.8.egg-info
[2.006s] running install_scripts
[2.015s] Installing visual_servo script to /home/pingpongproject/code/ping-pong-robot/lbr_fri_ros2_stack_ws_foxy2/install/visual_servo/lib/visual_servo
[2.015s] writing list of installed files to '/home/pingpongproject/code/ping-pong-robot/lbr_fri_ros2_stack_ws_foxy2/build/visual_servo/install.log'
[2.346s] Invoked command in '/home/pingpongproject/code/ping-pong-robot/lbr_fri_ros2_stack_ws_foxy2/src/lbr_fri_ros2_stack/vision/visual_servo' returned '0': PYTHONPATH=/home/pingpongproject/code/ping-pong-robot/lbr_fri_ros2_stack_ws_foxy2/build/visual_servo/prefix_override:/home/pingpongproject/code/ping-pong-robot/lbr_fri_ros2_stack_ws_foxy2/install/visual_servo/lib/python3.8/site-packages:${PYTHONPATH} /usr/bin/python3 setup.py egg_info --egg-base ../../../../build/visual_servo build --build-base /home/pingpongproject/code/ping-pong-robot/lbr_fri_ros2_stack_ws_foxy2/build/visual_servo/build install --record /home/pingpongproject/code/ping-pong-robot/lbr_fri_ros2_stack_ws_foxy2/build/visual_servo/install.log --install-scripts $base/lib/visual_servo --single-version-externally-managed
