running develop
running egg_info
creating lbr_demos_ros2_control_python.egg-info
writing lbr_demos_ros2_control_python.egg-info/PKG-INFO
writing dependency_links to lbr_demos_ros2_control_python.egg-info/dependency_links.txt
writing entry points to lbr_demos_ros2_control_python.egg-info/entry_points.txt
writing requirements to lbr_demos_ros2_control_python.egg-info/requires.txt
writing top-level names to lbr_demos_ros2_control_python.egg-info/top_level.txt
writing manifest file 'lbr_demos_ros2_control_python.egg-info/SOURCES.txt'
reading manifest file 'lbr_demos_ros2_control_python.egg-info/SOURCES.txt'
writing manifest file 'lbr_demos_ros2_control_python.egg-info/SOURCES.txt'
running build_ext
Creating /home/pingpongproject/code/ping-pong-robot/lbr_fri_ros2_stack_ws_foxy2/install/lbr_demos_ros2_control_python/lib/python3.8/site-packages/site.py
Creating /home/pingpongproject/code/ping-pong-robot/lbr_fri_ros2_stack_ws_foxy2/install/lbr_demos_ros2_control_python/lib/python3.8/site-packages/lbr-demos-ros2-control-python.egg-link (link to .)
Installing lbr_joint_trajectory_executioner_node script to /home/pingpongproject/code/ping-pong-robot/lbr_fri_ros2_stack_ws_foxy2/install/lbr_demos_ros2_control_python/lib/lbr_demos_ros2_control_python

Installed /home/pingpongproject/code/ping-pong-robot/lbr_fri_ros2_stack_ws_foxy2/build/lbr_demos_ros2_control_python
running install_data
creating /home/pingpongproject/code/ping-pong-robot/lbr_fri_ros2_stack_ws_foxy2/install/lbr_demos_ros2_control_python/share/ament_index
creating /home/pingpongproject/code/ping-pong-robot/lbr_fri_ros2_stack_ws_foxy2/install/lbr_demos_ros2_control_python/share/ament_index/resource_index
creating /home/pingpongproject/code/ping-pong-robot/lbr_fri_ros2_stack_ws_foxy2/install/lbr_demos_ros2_control_python/share/ament_index/resource_index/packages
copying resource/lbr_demos_ros2_control_python -> /home/pingpongproject/code/ping-pong-robot/lbr_fri_ros2_stack_ws_foxy2/install/lbr_demos_ros2_control_python/share/ament_index/resource_index/packages
copying package.xml -> /home/pingpongproject/code/ping-pong-robot/lbr_fri_ros2_stack_ws_foxy2/install/lbr_demos_ros2_control_python/share/lbr_demos_ros2_control_python
