[0.749s] Invoking command in '/home/dvij/ee206-project/ping-pong-robot/ppr_ws/src/scene_interpreter': PYTHONPATH=/home/dvij/ee206-project/ping-pong-robot/ppr_ws/build/scene_interpreter/prefix_override:/usr/lib/python3/dist-packages/colcon_core/task/python/colcon_distutils_commands:/home/dvij/ee206-project/ping-pong-robot/ppr_ws/install/scene_interpreter/lib/python3.8/site-packages:${PYTHONPATH} /usr/bin/python3 -W ignore:setup.py install is deprecated setup.py egg_info --egg-base ../../build/scene_interpreter build --build-base /home/dvij/ee206-project/ping-pong-robot/ppr_ws/build/scene_interpreter/build install --record /home/dvij/ee206-project/ping-pong-robot/ppr_ws/build/scene_interpreter/install.log --single-version-externally-managed install_data
[0.904s] running egg_info
[0.914s] writing ../../build/scene_interpreter/scene_interpreter.egg-info/PKG-INFO
[0.922s] writing dependency_links to ../../build/scene_interpreter/scene_interpreter.egg-info/dependency_links.txt
[0.922s] writing entry points to ../../build/scene_interpreter/scene_interpreter.egg-info/entry_points.txt
[0.922s] writing requirements to ../../build/scene_interpreter/scene_interpreter.egg-info/requires.txt
[0.922s] writing top-level names to ../../build/scene_interpreter/scene_interpreter.egg-info/top_level.txt
[1.019s] reading manifest file '../../build/scene_interpreter/scene_interpreter.egg-info/SOURCES.txt'
[1.020s] writing manifest file '../../build/scene_interpreter/scene_interpreter.egg-info/SOURCES.txt'
[1.020s] running build
[1.020s] running build_py
[1.020s] copying scene_interpreter/ball_detection_utils.py -> /home/dvij/ee206-project/ping-pong-robot/ppr_ws/build/scene_interpreter/build/lib/scene_interpreter
[1.020s] copying scene_interpreter/NaiveBallDetector.py -> /home/dvij/ee206-project/ping-pong-robot/ppr_ws/build/scene_interpreter/build/lib/scene_interpreter
[1.021s] copying scene_interpreter/HistoryBallDetector.py -> /home/dvij/ee206-project/ping-pong-robot/ppr_ws/build/scene_interpreter/build/lib/scene_interpreter
[1.021s] copying scene_interpreter/__init__.py -> /home/dvij/ee206-project/ping-pong-robot/ppr_ws/build/scene_interpreter/build/lib/scene_interpreter
[1.021s] copying scene_interpreter/DynamicHistoryBallDetector.py -> /home/dvij/ee206-project/ping-pong-robot/ppr_ws/build/scene_interpreter/build/lib/scene_interpreter
[1.021s] copying scene_interpreter/BallDetector.py -> /home/dvij/ee206-project/ping-pong-robot/ppr_ws/build/scene_interpreter/build/lib/scene_interpreter
[1.021s] copying scene_interpreter/ball_state_estimator.py -> /home/dvij/ee206-project/ping-pong-robot/ppr_ws/build/scene_interpreter/build/lib/scene_interpreter
[1.021s] copying scene_interpreter/triangulation_utils.py -> /home/dvij/ee206-project/ping-pong-robot/ppr_ws/build/scene_interpreter/build/lib/scene_interpreter
[1.021s] copying scene_interpreter/QueueBallDetector.py -> /home/dvij/ee206-project/ping-pong-robot/ppr_ws/build/scene_interpreter/build/lib/scene_interpreter
[1.022s] copying scene_interpreter/scene_interpreter.py -> /home/dvij/ee206-project/ping-pong-robot/ppr_ws/build/scene_interpreter/build/lib/scene_interpreter
[1.022s] running install
[1.025s] running install_lib
[1.035s] running install_data
[1.035s] copying resource/scene_interpreter -> /home/dvij/ee206-project/ping-pong-robot/ppr_ws/install/scene_interpreter/share/ament_index/resource_index/packages
[1.036s] copying package.xml -> /home/dvij/ee206-project/ping-pong-robot/ppr_ws/install/scene_interpreter/share/scene_interpreter
[1.036s] running install_egg_info
[1.046s] removing '/home/dvij/ee206-project/ping-pong-robot/ppr_ws/install/scene_interpreter/lib/python3.8/site-packages/scene_interpreter-0.0.0-py3.8.egg-info' (and everything under it)
[1.046s] Copying ../../build/scene_interpreter/scene_interpreter.egg-info to /home/dvij/ee206-project/ping-pong-robot/ppr_ws/install/scene_interpreter/lib/python3.8/site-packages/scene_interpreter-0.0.0-py3.8.egg-info
[1.047s] running install_scripts
[1.072s] Installing scene_interpreter script to /home/dvij/ee206-project/ping-pong-robot/ppr_ws/install/scene_interpreter/lib/scene_interpreter
[1.072s] writing list of installed files to '/home/dvij/ee206-project/ping-pong-robot/ppr_ws/build/scene_interpreter/install.log'
[1.087s] Invoked command in '/home/dvij/ee206-project/ping-pong-robot/ppr_ws/src/scene_interpreter' returned '0': PYTHONPATH=/home/dvij/ee206-project/ping-pong-robot/ppr_ws/build/scene_interpreter/prefix_override:/usr/lib/python3/dist-packages/colcon_core/task/python/colcon_distutils_commands:/home/dvij/ee206-project/ping-pong-robot/ppr_ws/install/scene_interpreter/lib/python3.8/site-packages:${PYTHONPATH} /usr/bin/python3 -W ignore:setup.py install is deprecated setup.py egg_info --egg-base ../../build/scene_interpreter build --build-base /home/dvij/ee206-project/ping-pong-robot/ppr_ws/build/scene_interpreter/build install --record /home/dvij/ee206-project/ping-pong-robot/ppr_ws/build/scene_interpreter/install.log --single-version-externally-managed install_data
