[0.124s] DEBUG:colcon:Command line arguments: ['/usr/bin/colcon', 'build']
[0.124s] DEBUG:colcon:Parsed command line arguments: Namespace(allow_overriding=[], ament_cmake_args=None, base_paths=['.'], build_base='build', catkin_cmake_args=None, catkin_skip_building_tests=False, cmake_args=None, cmake_clean_cache=False, cmake_clean_first=False, cmake_force_configure=False, cmake_target=None, cmake_target_skip_unavailable=False, continue_on_error=False, event_handlers=None, executor='parallel', ignore_user_meta=False, install_base='install', log_base=None, log_level=None, main=<bound method BuildVerb.main of <colcon_core.verb.build.BuildVerb object at 0x7ff79916fa60>>, merge_install=False, metas=['./colcon.meta'], mixin=None, mixin_files=None, mixin_verb=('build',), packages_above=None, packages_above_and_dependencies=None, packages_above_depth=None, packages_end=None, packages_ignore=None, packages_ignore_regex=None, packages_select=None, packages_select_build_failed=False, packages_select_by_dep=None, packages_select_regex=None, packages_select_test_failures=False, packages_skip=None, packages_skip_build_finished=False, packages_skip_by_dep=None, packages_skip_regex=None, packages_skip_test_passed=False, packages_skip_up_to=None, packages_start=None, packages_up_to=None, packages_up_to_regex=None, parallel_workers=20, paths=None, symlink_install=False, test_result_base=None, verb_extension=<colcon_core.verb.build.BuildVerb object at 0x7ff79916fa60>, verb_name='build', verb_parser=<colcon_mixin.mixin.mixin_argument.MixinArgumentDecorator object at 0x7ff7991841c0>)
[0.237s] Level 1:colcon.colcon_core.package_discovery:discover_packages(colcon_meta) check parameters
[0.237s] Level 1:colcon.colcon_core.package_discovery:discover_packages(recursive) check parameters
[0.237s] Level 1:colcon.colcon_core.package_discovery:discover_packages(ignore) check parameters
[0.237s] Level 1:colcon.colcon_core.package_discovery:discover_packages(path) check parameters
[0.237s] Level 1:colcon.colcon_core.package_discovery:discover_packages(colcon_meta) discover
[0.237s] Level 1:colcon.colcon_core.package_discovery:discover_packages(recursive) discover
[0.237s] INFO:colcon.colcon_core.package_discovery:Crawling recursively for packages in '/home/dvij/ee206-project/ping-pong-robot/vision_tracking'
[0.237s] Level 1:colcon.colcon_core.package_identification:_identify(.) by extensions ['ignore', 'ignore_ament_install']
[0.237s] Level 1:colcon.colcon_core.package_identification:_identify(.) by extension 'ignore'
[0.237s] Level 1:colcon.colcon_core.package_identification:_identify(.) by extension 'ignore_ament_install'
[0.237s] Level 1:colcon.colcon_core.package_identification:_identify(.) by extensions ['colcon_pkg']
[0.237s] Level 1:colcon.colcon_core.package_identification:_identify(.) by extension 'colcon_pkg'
[0.237s] Level 1:colcon.colcon_core.package_identification:_identify(.) by extensions ['colcon_meta']
[0.237s] Level 1:colcon.colcon_core.package_identification:_identify(.) by extension 'colcon_meta'
[0.237s] Level 1:colcon.colcon_core.package_identification:_identify(.) by extensions ['ros']
[0.237s] Level 1:colcon.colcon_core.package_identification:_identify(.) by extension 'ros'
[0.243s] Level 1:colcon.colcon_core.package_identification:_identify(.) by extensions ['cmake', 'python']
[0.243s] Level 1:colcon.colcon_core.package_identification:_identify(.) by extension 'cmake'
[0.243s] Level 1:colcon.colcon_core.package_identification:_identify(.) by extension 'python'
[0.243s] Level 1:colcon.colcon_core.package_identification:_identify(.) by extensions ['python_setup_py']
[0.243s] Level 1:colcon.colcon_core.package_identification:_identify(.) by extension 'python_setup_py'
[0.243s] Level 1:colcon.colcon_core.package_identification:_identify(__MACOSX) by extensions ['ignore', 'ignore_ament_install']
[0.243s] Level 1:colcon.colcon_core.package_identification:_identify(__MACOSX) by extension 'ignore'
[0.244s] Level 1:colcon.colcon_core.package_identification:_identify(__MACOSX) by extension 'ignore_ament_install'
[0.244s] Level 1:colcon.colcon_core.package_identification:_identify(__MACOSX) by extensions ['colcon_pkg']
[0.244s] Level 1:colcon.colcon_core.package_identification:_identify(__MACOSX) by extension 'colcon_pkg'
[0.244s] Level 1:colcon.colcon_core.package_identification:_identify(__MACOSX) by extensions ['colcon_meta']
[0.244s] Level 1:colcon.colcon_core.package_identification:_identify(__MACOSX) by extension 'colcon_meta'
[0.244s] Level 1:colcon.colcon_core.package_identification:_identify(__MACOSX) by extensions ['ros']
[0.244s] Level 1:colcon.colcon_core.package_identification:_identify(__MACOSX) by extension 'ros'
[0.244s] Level 1:colcon.colcon_core.package_identification:_identify(__MACOSX) by extensions ['cmake', 'python']
[0.244s] Level 1:colcon.colcon_core.package_identification:_identify(__MACOSX) by extension 'cmake'
[0.244s] Level 1:colcon.colcon_core.package_identification:_identify(__MACOSX) by extension 'python'
[0.244s] Level 1:colcon.colcon_core.package_identification:_identify(__MACOSX) by extensions ['python_setup_py']
[0.244s] Level 1:colcon.colcon_core.package_identification:_identify(__MACOSX) by extension 'python_setup_py'
[0.244s] Level 1:colcon.colcon_core.package_identification:_identify(__MACOSX/ros2_ws) by extensions ['ignore', 'ignore_ament_install']
[0.244s] Level 1:colcon.colcon_core.package_identification:_identify(__MACOSX/ros2_ws) by extension 'ignore'
[0.244s] Level 1:colcon.colcon_core.package_identification:_identify(__MACOSX/ros2_ws) by extension 'ignore_ament_install'
[0.244s] Level 1:colcon.colcon_core.package_identification:_identify(__MACOSX/ros2_ws) by extensions ['colcon_pkg']
[0.244s] Level 1:colcon.colcon_core.package_identification:_identify(__MACOSX/ros2_ws) by extension 'colcon_pkg'
[0.244s] Level 1:colcon.colcon_core.package_identification:_identify(__MACOSX/ros2_ws) by extensions ['colcon_meta']
[0.244s] Level 1:colcon.colcon_core.package_identification:_identify(__MACOSX/ros2_ws) by extension 'colcon_meta'
[0.244s] Level 1:colcon.colcon_core.package_identification:_identify(__MACOSX/ros2_ws) by extensions ['ros']
[0.244s] Level 1:colcon.colcon_core.package_identification:_identify(__MACOSX/ros2_ws) by extension 'ros'
[0.244s] Level 1:colcon.colcon_core.package_identification:_identify(__MACOSX/ros2_ws) by extensions ['cmake', 'python']
[0.244s] Level 1:colcon.colcon_core.package_identification:_identify(__MACOSX/ros2_ws) by extension 'cmake'
[0.244s] Level 1:colcon.colcon_core.package_identification:_identify(__MACOSX/ros2_ws) by extension 'python'
[0.244s] Level 1:colcon.colcon_core.package_identification:_identify(__MACOSX/ros2_ws) by extensions ['python_setup_py']
[0.244s] Level 1:colcon.colcon_core.package_identification:_identify(__MACOSX/ros2_ws) by extension 'python_setup_py'
[0.244s] Level 1:colcon.colcon_core.package_identification:_identify(__MACOSX/ros2_ws/src) by extensions ['ignore', 'ignore_ament_install']
[0.244s] Level 1:colcon.colcon_core.package_identification:_identify(__MACOSX/ros2_ws/src) by extension 'ignore'
[0.244s] Level 1:colcon.colcon_core.package_identification:_identify(__MACOSX/ros2_ws/src) by extension 'ignore_ament_install'
[0.244s] Level 1:colcon.colcon_core.package_identification:_identify(__MACOSX/ros2_ws/src) by extensions ['colcon_pkg']
[0.244s] Level 1:colcon.colcon_core.package_identification:_identify(__MACOSX/ros2_ws/src) by extension 'colcon_pkg'
[0.244s] Level 1:colcon.colcon_core.package_identification:_identify(__MACOSX/ros2_ws/src) by extensions ['colcon_meta']
[0.244s] Level 1:colcon.colcon_core.package_identification:_identify(__MACOSX/ros2_ws/src) by extension 'colcon_meta'
[0.244s] Level 1:colcon.colcon_core.package_identification:_identify(__MACOSX/ros2_ws/src) by extensions ['ros']
[0.244s] Level 1:colcon.colcon_core.package_identification:_identify(__MACOSX/ros2_ws/src) by extension 'ros'
[0.244s] Level 1:colcon.colcon_core.package_identification:_identify(__MACOSX/ros2_ws/src) by extensions ['cmake', 'python']
[0.244s] Level 1:colcon.colcon_core.package_identification:_identify(__MACOSX/ros2_ws/src) by extension 'cmake'
[0.244s] Level 1:colcon.colcon_core.package_identification:_identify(__MACOSX/ros2_ws/src) by extension 'python'
[0.244s] Level 1:colcon.colcon_core.package_identification:_identify(__MACOSX/ros2_ws/src) by extensions ['python_setup_py']
[0.244s] Level 1:colcon.colcon_core.package_identification:_identify(__MACOSX/ros2_ws/src) by extension 'python_setup_py'
[0.244s] Level 1:colcon.colcon_core.package_identification:_identify(__MACOSX/ros2_ws/src/camera_feed) by extensions ['ignore', 'ignore_ament_install']
[0.244s] Level 1:colcon.colcon_core.package_identification:_identify(__MACOSX/ros2_ws/src/camera_feed) by extension 'ignore'
[0.244s] Level 1:colcon.colcon_core.package_identification:_identify(__MACOSX/ros2_ws/src/camera_feed) by extension 'ignore_ament_install'
[0.245s] Level 1:colcon.colcon_core.package_identification:_identify(__MACOSX/ros2_ws/src/camera_feed) by extensions ['colcon_pkg']
[0.245s] Level 1:colcon.colcon_core.package_identification:_identify(__MACOSX/ros2_ws/src/camera_feed) by extension 'colcon_pkg'
[0.245s] Level 1:colcon.colcon_core.package_identification:_identify(__MACOSX/ros2_ws/src/camera_feed) by extensions ['colcon_meta']
[0.245s] Level 1:colcon.colcon_core.package_identification:_identify(__MACOSX/ros2_ws/src/camera_feed) by extension 'colcon_meta'
[0.245s] Level 1:colcon.colcon_core.package_identification:_identify(__MACOSX/ros2_ws/src/camera_feed) by extensions ['ros']
[0.245s] Level 1:colcon.colcon_core.package_identification:_identify(__MACOSX/ros2_ws/src/camera_feed) by extension 'ros'
[0.245s] Level 1:colcon.colcon_core.package_identification:_identify(__MACOSX/ros2_ws/src/camera_feed) by extensions ['cmake', 'python']
[0.245s] Level 1:colcon.colcon_core.package_identification:_identify(__MACOSX/ros2_ws/src/camera_feed) by extension 'cmake'
[0.245s] Level 1:colcon.colcon_core.package_identification:_identify(__MACOSX/ros2_ws/src/camera_feed) by extension 'python'
[0.245s] Level 1:colcon.colcon_core.package_identification:_identify(__MACOSX/ros2_ws/src/camera_feed) by extensions ['python_setup_py']
[0.245s] Level 1:colcon.colcon_core.package_identification:_identify(__MACOSX/ros2_ws/src/camera_feed) by extension 'python_setup_py'
[0.245s] Level 1:colcon.colcon_core.package_identification:_identify(__MACOSX/ros2_ws/src/camera_feed/launch) by extensions ['ignore', 'ignore_ament_install']
[0.245s] Level 1:colcon.colcon_core.package_identification:_identify(__MACOSX/ros2_ws/src/camera_feed/launch) by extension 'ignore'
[0.245s] Level 1:colcon.colcon_core.package_identification:_identify(__MACOSX/ros2_ws/src/camera_feed/launch) by extension 'ignore_ament_install'
[0.245s] Level 1:colcon.colcon_core.package_identification:_identify(__MACOSX/ros2_ws/src/camera_feed/launch) by extensions ['colcon_pkg']
[0.245s] Level 1:colcon.colcon_core.package_identification:_identify(__MACOSX/ros2_ws/src/camera_feed/launch) by extension 'colcon_pkg'
[0.245s] Level 1:colcon.colcon_core.package_identification:_identify(__MACOSX/ros2_ws/src/camera_feed/launch) by extensions ['colcon_meta']
[0.245s] Level 1:colcon.colcon_core.package_identification:_identify(__MACOSX/ros2_ws/src/camera_feed/launch) by extension 'colcon_meta'
[0.245s] Level 1:colcon.colcon_core.package_identification:_identify(__MACOSX/ros2_ws/src/camera_feed/launch) by extensions ['ros']
[0.245s] Level 1:colcon.colcon_core.package_identification:_identify(__MACOSX/ros2_ws/src/camera_feed/launch) by extension 'ros'
[0.245s] Level 1:colcon.colcon_core.package_identification:_identify(__MACOSX/ros2_ws/src/camera_feed/launch) by extensions ['cmake', 'python']
[0.245s] Level 1:colcon.colcon_core.package_identification:_identify(__MACOSX/ros2_ws/src/camera_feed/launch) by extension 'cmake'
[0.245s] Level 1:colcon.colcon_core.package_identification:_identify(__MACOSX/ros2_ws/src/camera_feed/launch) by extension 'python'
[0.245s] Level 1:colcon.colcon_core.package_identification:_identify(__MACOSX/ros2_ws/src/camera_feed/launch) by extensions ['python_setup_py']
[0.245s] Level 1:colcon.colcon_core.package_identification:_identify(__MACOSX/ros2_ws/src/camera_feed/launch) by extension 'python_setup_py'
[0.245s] Level 1:colcon.colcon_core.package_identification:_identify(__MACOSX/ros2_ws/src/camera_feed/src) by extensions ['ignore', 'ignore_ament_install']
[0.245s] Level 1:colcon.colcon_core.package_identification:_identify(__MACOSX/ros2_ws/src/camera_feed/src) by extension 'ignore'
[0.245s] Level 1:colcon.colcon_core.package_identification:_identify(__MACOSX/ros2_ws/src/camera_feed/src) by extension 'ignore_ament_install'
[0.245s] Level 1:colcon.colcon_core.package_identification:_identify(__MACOSX/ros2_ws/src/camera_feed/src) by extensions ['colcon_pkg']
[0.245s] Level 1:colcon.colcon_core.package_identification:_identify(__MACOSX/ros2_ws/src/camera_feed/src) by extension 'colcon_pkg'
[0.245s] Level 1:colcon.colcon_core.package_identification:_identify(__MACOSX/ros2_ws/src/camera_feed/src) by extensions ['colcon_meta']
[0.245s] Level 1:colcon.colcon_core.package_identification:_identify(__MACOSX/ros2_ws/src/camera_feed/src) by extension 'colcon_meta'
[0.245s] Level 1:colcon.colcon_core.package_identification:_identify(__MACOSX/ros2_ws/src/camera_feed/src) by extensions ['ros']
[0.245s] Level 1:colcon.colcon_core.package_identification:_identify(__MACOSX/ros2_ws/src/camera_feed/src) by extension 'ros'
[0.245s] Level 1:colcon.colcon_core.package_identification:_identify(__MACOSX/ros2_ws/src/camera_feed/src) by extensions ['cmake', 'python']
[0.245s] Level 1:colcon.colcon_core.package_identification:_identify(__MACOSX/ros2_ws/src/camera_feed/src) by extension 'cmake'
[0.245s] Level 1:colcon.colcon_core.package_identification:_identify(__MACOSX/ros2_ws/src/camera_feed/src) by extension 'python'
[0.245s] Level 1:colcon.colcon_core.package_identification:_identify(__MACOSX/ros2_ws/src/camera_feed/src) by extensions ['python_setup_py']
[0.245s] Level 1:colcon.colcon_core.package_identification:_identify(__MACOSX/ros2_ws/src/camera_feed/src) by extension 'python_setup_py'
[0.245s] Level 1:colcon.colcon_core.package_identification:_identify(__MACOSX/ros2_ws/src/install) by extensions ['ignore', 'ignore_ament_install']
[0.245s] Level 1:colcon.colcon_core.package_identification:_identify(__MACOSX/ros2_ws/src/install) by extension 'ignore'
[0.245s] Level 1:colcon.colcon_core.package_identification:_identify(__MACOSX/ros2_ws/src/install) by extension 'ignore_ament_install'
[0.245s] Level 1:colcon.colcon_core.package_identification:_identify(__MACOSX/ros2_ws/src/install) by extensions ['colcon_pkg']
[0.245s] Level 1:colcon.colcon_core.package_identification:_identify(__MACOSX/ros2_ws/src/install) by extension 'colcon_pkg'
[0.245s] Level 1:colcon.colcon_core.package_identification:_identify(__MACOSX/ros2_ws/src/install) by extensions ['colcon_meta']
[0.245s] Level 1:colcon.colcon_core.package_identification:_identify(__MACOSX/ros2_ws/src/install) by extension 'colcon_meta'
[0.246s] Level 1:colcon.colcon_core.package_identification:_identify(__MACOSX/ros2_ws/src/install) by extensions ['ros']
[0.246s] Level 1:colcon.colcon_core.package_identification:_identify(__MACOSX/ros2_ws/src/install) by extension 'ros'
[0.246s] Level 1:colcon.colcon_core.package_identification:_identify(__MACOSX/ros2_ws/src/install) by extensions ['cmake', 'python']
[0.246s] Level 1:colcon.colcon_core.package_identification:_identify(__MACOSX/ros2_ws/src/install) by extension 'cmake'
[0.246s] Level 1:colcon.colcon_core.package_identification:_identify(__MACOSX/ros2_ws/src/install) by extension 'python'
[0.246s] Level 1:colcon.colcon_core.package_identification:_identify(__MACOSX/ros2_ws/src/install) by extensions ['python_setup_py']
[0.246s] Level 1:colcon.colcon_core.package_identification:_identify(__MACOSX/ros2_ws/src/install) by extension 'python_setup_py'
[0.246s] Level 1:colcon.colcon_core.package_identification:_identify(__MACOSX/ros2_ws/src/interface) by extensions ['ignore', 'ignore_ament_install']
[0.246s] Level 1:colcon.colcon_core.package_identification:_identify(__MACOSX/ros2_ws/src/interface) by extension 'ignore'
[0.246s] Level 1:colcon.colcon_core.package_identification:_identify(__MACOSX/ros2_ws/src/interface) by extension 'ignore_ament_install'
[0.246s] Level 1:colcon.colcon_core.package_identification:_identify(__MACOSX/ros2_ws/src/interface) by extensions ['colcon_pkg']
[0.246s] Level 1:colcon.colcon_core.package_identification:_identify(__MACOSX/ros2_ws/src/interface) by extension 'colcon_pkg'
[0.246s] Level 1:colcon.colcon_core.package_identification:_identify(__MACOSX/ros2_ws/src/interface) by extensions ['colcon_meta']
[0.246s] Level 1:colcon.colcon_core.package_identification:_identify(__MACOSX/ros2_ws/src/interface) by extension 'colcon_meta'
[0.246s] Level 1:colcon.colcon_core.package_identification:_identify(__MACOSX/ros2_ws/src/interface) by extensions ['ros']
[0.246s] Level 1:colcon.colcon_core.package_identification:_identify(__MACOSX/ros2_ws/src/interface) by extension 'ros'
[0.246s] Level 1:colcon.colcon_core.package_identification:_identify(__MACOSX/ros2_ws/src/interface) by extensions ['cmake', 'python']
[0.246s] Level 1:colcon.colcon_core.package_identification:_identify(__MACOSX/ros2_ws/src/interface) by extension 'cmake'
[0.246s] Level 1:colcon.colcon_core.package_identification:_identify(__MACOSX/ros2_ws/src/interface) by extension 'python'
[0.246s] Level 1:colcon.colcon_core.package_identification:_identify(__MACOSX/ros2_ws/src/interface) by extensions ['python_setup_py']
[0.246s] Level 1:colcon.colcon_core.package_identification:_identify(__MACOSX/ros2_ws/src/interface) by extension 'python_setup_py'
[0.246s] Level 1:colcon.colcon_core.package_identification:_identify(__MACOSX/ros2_ws/src/interface/msg) by extensions ['ignore', 'ignore_ament_install']
[0.246s] Level 1:colcon.colcon_core.package_identification:_identify(__MACOSX/ros2_ws/src/interface/msg) by extension 'ignore'
[0.246s] Level 1:colcon.colcon_core.package_identification:_identify(__MACOSX/ros2_ws/src/interface/msg) by extension 'ignore_ament_install'
[0.246s] Level 1:colcon.colcon_core.package_identification:_identify(__MACOSX/ros2_ws/src/interface/msg) by extensions ['colcon_pkg']
[0.246s] Level 1:colcon.colcon_core.package_identification:_identify(__MACOSX/ros2_ws/src/interface/msg) by extension 'colcon_pkg'
[0.246s] Level 1:colcon.colcon_core.package_identification:_identify(__MACOSX/ros2_ws/src/interface/msg) by extensions ['colcon_meta']
[0.246s] Level 1:colcon.colcon_core.package_identification:_identify(__MACOSX/ros2_ws/src/interface/msg) by extension 'colcon_meta'
[0.246s] Level 1:colcon.colcon_core.package_identification:_identify(__MACOSX/ros2_ws/src/interface/msg) by extensions ['ros']
[0.246s] Level 1:colcon.colcon_core.package_identification:_identify(__MACOSX/ros2_ws/src/interface/msg) by extension 'ros'
[0.246s] Level 1:colcon.colcon_core.package_identification:_identify(__MACOSX/ros2_ws/src/interface/msg) by extensions ['cmake', 'python']
[0.246s] Level 1:colcon.colcon_core.package_identification:_identify(__MACOSX/ros2_ws/src/interface/msg) by extension 'cmake'
[0.246s] Level 1:colcon.colcon_core.package_identification:_identify(__MACOSX/ros2_ws/src/interface/msg) by extension 'python'
[0.246s] Level 1:colcon.colcon_core.package_identification:_identify(__MACOSX/ros2_ws/src/interface/msg) by extensions ['python_setup_py']
[0.246s] Level 1:colcon.colcon_core.package_identification:_identify(__MACOSX/ros2_ws/src/interface/msg) by extension 'python_setup_py'
[0.246s] Level 1:colcon.colcon_core.package_identification:_identify(__MACOSX/ros2_ws/src/log) by extensions ['ignore', 'ignore_ament_install']
[0.246s] Level 1:colcon.colcon_core.package_identification:_identify(__MACOSX/ros2_ws/src/log) by extension 'ignore'
[0.246s] Level 1:colcon.colcon_core.package_identification:_identify(__MACOSX/ros2_ws/src/log) by extension 'ignore_ament_install'
[0.246s] Level 1:colcon.colcon_core.package_identification:_identify(__MACOSX/ros2_ws/src/log) by extensions ['colcon_pkg']
[0.246s] Level 1:colcon.colcon_core.package_identification:_identify(__MACOSX/ros2_ws/src/log) by extension 'colcon_pkg'
[0.246s] Level 1:colcon.colcon_core.package_identification:_identify(__MACOSX/ros2_ws/src/log) by extensions ['colcon_meta']
[0.246s] Level 1:colcon.colcon_core.package_identification:_identify(__MACOSX/ros2_ws/src/log) by extension 'colcon_meta'
[0.246s] Level 1:colcon.colcon_core.package_identification:_identify(__MACOSX/ros2_ws/src/log) by extensions ['ros']
[0.246s] Level 1:colcon.colcon_core.package_identification:_identify(__MACOSX/ros2_ws/src/log) by extension 'ros'
[0.246s] Level 1:colcon.colcon_core.package_identification:_identify(__MACOSX/ros2_ws/src/log) by extensions ['cmake', 'python']
[0.246s] Level 1:colcon.colcon_core.package_identification:_identify(__MACOSX/ros2_ws/src/log) by extension 'cmake'
[0.247s] Level 1:colcon.colcon_core.package_identification:_identify(__MACOSX/ros2_ws/src/log) by extension 'python'
[0.247s] Level 1:colcon.colcon_core.package_identification:_identify(__MACOSX/ros2_ws/src/log) by extensions ['python_setup_py']
[0.247s] Level 1:colcon.colcon_core.package_identification:_identify(__MACOSX/ros2_ws/src/log) by extension 'python_setup_py'
[0.247s] Level 1:colcon.colcon_core.package_identification:_identify(__MACOSX/ros2_ws/src/my_sync_package) by extensions ['ignore', 'ignore_ament_install']
[0.247s] Level 1:colcon.colcon_core.package_identification:_identify(__MACOSX/ros2_ws/src/my_sync_package) by extension 'ignore'
[0.247s] Level 1:colcon.colcon_core.package_identification:_identify(__MACOSX/ros2_ws/src/my_sync_package) by extension 'ignore_ament_install'
[0.247s] Level 1:colcon.colcon_core.package_identification:_identify(__MACOSX/ros2_ws/src/my_sync_package) by extensions ['colcon_pkg']
[0.247s] Level 1:colcon.colcon_core.package_identification:_identify(__MACOSX/ros2_ws/src/my_sync_package) by extension 'colcon_pkg'
[0.247s] Level 1:colcon.colcon_core.package_identification:_identify(__MACOSX/ros2_ws/src/my_sync_package) by extensions ['colcon_meta']
[0.247s] Level 1:colcon.colcon_core.package_identification:_identify(__MACOSX/ros2_ws/src/my_sync_package) by extension 'colcon_meta'
[0.247s] Level 1:colcon.colcon_core.package_identification:_identify(__MACOSX/ros2_ws/src/my_sync_package) by extensions ['ros']
[0.247s] Level 1:colcon.colcon_core.package_identification:_identify(__MACOSX/ros2_ws/src/my_sync_package) by extension 'ros'
[0.247s] Level 1:colcon.colcon_core.package_identification:_identify(__MACOSX/ros2_ws/src/my_sync_package) by extensions ['cmake', 'python']
[0.247s] Level 1:colcon.colcon_core.package_identification:_identify(__MACOSX/ros2_ws/src/my_sync_package) by extension 'cmake'
[0.247s] Level 1:colcon.colcon_core.package_identification:_identify(__MACOSX/ros2_ws/src/my_sync_package) by extension 'python'
[0.247s] Level 1:colcon.colcon_core.package_identification:_identify(__MACOSX/ros2_ws/src/my_sync_package) by extensions ['python_setup_py']
[0.247s] Level 1:colcon.colcon_core.package_identification:_identify(__MACOSX/ros2_ws/src/my_sync_package) by extension 'python_setup_py'
[0.247s] Level 1:colcon.colcon_core.package_identification:_identify(__MACOSX/ros2_ws/src/my_sync_package/include) by extensions ['ignore', 'ignore_ament_install']
[0.247s] Level 1:colcon.colcon_core.package_identification:_identify(__MACOSX/ros2_ws/src/my_sync_package/include) by extension 'ignore'
[0.247s] Level 1:colcon.colcon_core.package_identification:_identify(__MACOSX/ros2_ws/src/my_sync_package/include) by extension 'ignore_ament_install'
[0.247s] Level 1:colcon.colcon_core.package_identification:_identify(__MACOSX/ros2_ws/src/my_sync_package/include) by extensions ['colcon_pkg']
[0.247s] Level 1:colcon.colcon_core.package_identification:_identify(__MACOSX/ros2_ws/src/my_sync_package/include) by extension 'colcon_pkg'
[0.247s] Level 1:colcon.colcon_core.package_identification:_identify(__MACOSX/ros2_ws/src/my_sync_package/include) by extensions ['colcon_meta']
[0.247s] Level 1:colcon.colcon_core.package_identification:_identify(__MACOSX/ros2_ws/src/my_sync_package/include) by extension 'colcon_meta'
[0.247s] Level 1:colcon.colcon_core.package_identification:_identify(__MACOSX/ros2_ws/src/my_sync_package/include) by extensions ['ros']
[0.247s] Level 1:colcon.colcon_core.package_identification:_identify(__MACOSX/ros2_ws/src/my_sync_package/include) by extension 'ros'
[0.247s] Level 1:colcon.colcon_core.package_identification:_identify(__MACOSX/ros2_ws/src/my_sync_package/include) by extensions ['cmake', 'python']
[0.247s] Level 1:colcon.colcon_core.package_identification:_identify(__MACOSX/ros2_ws/src/my_sync_package/include) by extension 'cmake'
[0.247s] Level 1:colcon.colcon_core.package_identification:_identify(__MACOSX/ros2_ws/src/my_sync_package/include) by extension 'python'
[0.247s] Level 1:colcon.colcon_core.package_identification:_identify(__MACOSX/ros2_ws/src/my_sync_package/include) by extensions ['python_setup_py']
[0.247s] Level 1:colcon.colcon_core.package_identification:_identify(__MACOSX/ros2_ws/src/my_sync_package/include) by extension 'python_setup_py'
[0.247s] Level 1:colcon.colcon_core.package_identification:_identify(__MACOSX/ros2_ws/src/my_sync_package/include/my_sync_package) by extensions ['ignore', 'ignore_ament_install']
[0.247s] Level 1:colcon.colcon_core.package_identification:_identify(__MACOSX/ros2_ws/src/my_sync_package/include/my_sync_package) by extension 'ignore'
[0.247s] Level 1:colcon.colcon_core.package_identification:_identify(__MACOSX/ros2_ws/src/my_sync_package/include/my_sync_package) by extension 'ignore_ament_install'
[0.247s] Level 1:colcon.colcon_core.package_identification:_identify(__MACOSX/ros2_ws/src/my_sync_package/include/my_sync_package) by extensions ['colcon_pkg']
[0.247s] Level 1:colcon.colcon_core.package_identification:_identify(__MACOSX/ros2_ws/src/my_sync_package/include/my_sync_package) by extension 'colcon_pkg'
[0.247s] Level 1:colcon.colcon_core.package_identification:_identify(__MACOSX/ros2_ws/src/my_sync_package/include/my_sync_package) by extensions ['colcon_meta']
[0.247s] Level 1:colcon.colcon_core.package_identification:_identify(__MACOSX/ros2_ws/src/my_sync_package/include/my_sync_package) by extension 'colcon_meta'
[0.247s] Level 1:colcon.colcon_core.package_identification:_identify(__MACOSX/ros2_ws/src/my_sync_package/include/my_sync_package) by extensions ['ros']
[0.247s] Level 1:colcon.colcon_core.package_identification:_identify(__MACOSX/ros2_ws/src/my_sync_package/include/my_sync_package) by extension 'ros'
[0.247s] Level 1:colcon.colcon_core.package_identification:_identify(__MACOSX/ros2_ws/src/my_sync_package/include/my_sync_package) by extensions ['cmake', 'python']
[0.248s] Level 1:colcon.colcon_core.package_identification:_identify(__MACOSX/ros2_ws/src/my_sync_package/include/my_sync_package) by extension 'cmake'
[0.248s] Level 1:colcon.colcon_core.package_identification:_identify(__MACOSX/ros2_ws/src/my_sync_package/include/my_sync_package) by extension 'python'
[0.248s] Level 1:colcon.colcon_core.package_identification:_identify(__MACOSX/ros2_ws/src/my_sync_package/include/my_sync_package) by extensions ['python_setup_py']
[0.248s] Level 1:colcon.colcon_core.package_identification:_identify(__MACOSX/ros2_ws/src/my_sync_package/include/my_sync_package) by extension 'python_setup_py'
[0.248s] Level 1:colcon.colcon_core.package_identification:_identify(__MACOSX/ros2_ws/src/my_sync_package/launch) by extensions ['ignore', 'ignore_ament_install']
[0.248s] Level 1:colcon.colcon_core.package_identification:_identify(__MACOSX/ros2_ws/src/my_sync_package/launch) by extension 'ignore'
[0.248s] Level 1:colcon.colcon_core.package_identification:_identify(__MACOSX/ros2_ws/src/my_sync_package/launch) by extension 'ignore_ament_install'
[0.248s] Level 1:colcon.colcon_core.package_identification:_identify(__MACOSX/ros2_ws/src/my_sync_package/launch) by extensions ['colcon_pkg']
[0.248s] Level 1:colcon.colcon_core.package_identification:_identify(__MACOSX/ros2_ws/src/my_sync_package/launch) by extension 'colcon_pkg'
[0.248s] Level 1:colcon.colcon_core.package_identification:_identify(__MACOSX/ros2_ws/src/my_sync_package/launch) by extensions ['colcon_meta']
[0.248s] Level 1:colcon.colcon_core.package_identification:_identify(__MACOSX/ros2_ws/src/my_sync_package/launch) by extension 'colcon_meta'
[0.248s] Level 1:colcon.colcon_core.package_identification:_identify(__MACOSX/ros2_ws/src/my_sync_package/launch) by extensions ['ros']
[0.248s] Level 1:colcon.colcon_core.package_identification:_identify(__MACOSX/ros2_ws/src/my_sync_package/launch) by extension 'ros'
[0.248s] Level 1:colcon.colcon_core.package_identification:_identify(__MACOSX/ros2_ws/src/my_sync_package/launch) by extensions ['cmake', 'python']
[0.248s] Level 1:colcon.colcon_core.package_identification:_identify(__MACOSX/ros2_ws/src/my_sync_package/launch) by extension 'cmake'
[0.248s] Level 1:colcon.colcon_core.package_identification:_identify(__MACOSX/ros2_ws/src/my_sync_package/launch) by extension 'python'
[0.248s] Level 1:colcon.colcon_core.package_identification:_identify(__MACOSX/ros2_ws/src/my_sync_package/launch) by extensions ['python_setup_py']
[0.248s] Level 1:colcon.colcon_core.package_identification:_identify(__MACOSX/ros2_ws/src/my_sync_package/launch) by extension 'python_setup_py'
[0.248s] Level 1:colcon.colcon_core.package_identification:_identify(__MACOSX/ros2_ws/src/my_sync_package/src) by extensions ['ignore', 'ignore_ament_install']
[0.248s] Level 1:colcon.colcon_core.package_identification:_identify(__MACOSX/ros2_ws/src/my_sync_package/src) by extension 'ignore'
[0.248s] Level 1:colcon.colcon_core.package_identification:_identify(__MACOSX/ros2_ws/src/my_sync_package/src) by extension 'ignore_ament_install'
[0.248s] Level 1:colcon.colcon_core.package_identification:_identify(__MACOSX/ros2_ws/src/my_sync_package/src) by extensions ['colcon_pkg']
[0.248s] Level 1:colcon.colcon_core.package_identification:_identify(__MACOSX/ros2_ws/src/my_sync_package/src) by extension 'colcon_pkg'
[0.248s] Level 1:colcon.colcon_core.package_identification:_identify(__MACOSX/ros2_ws/src/my_sync_package/src) by extensions ['colcon_meta']
[0.248s] Level 1:colcon.colcon_core.package_identification:_identify(__MACOSX/ros2_ws/src/my_sync_package/src) by extension 'colcon_meta'
[0.248s] Level 1:colcon.colcon_core.package_identification:_identify(__MACOSX/ros2_ws/src/my_sync_package/src) by extensions ['ros']
[0.248s] Level 1:colcon.colcon_core.package_identification:_identify(__MACOSX/ros2_ws/src/my_sync_package/src) by extension 'ros'
[0.248s] Level 1:colcon.colcon_core.package_identification:_identify(__MACOSX/ros2_ws/src/my_sync_package/src) by extensions ['cmake', 'python']
[0.248s] Level 1:colcon.colcon_core.package_identification:_identify(__MACOSX/ros2_ws/src/my_sync_package/src) by extension 'cmake'
[0.248s] Level 1:colcon.colcon_core.package_identification:_identify(__MACOSX/ros2_ws/src/my_sync_package/src) by extension 'python'
[0.248s] Level 1:colcon.colcon_core.package_identification:_identify(__MACOSX/ros2_ws/src/my_sync_package/src) by extensions ['python_setup_py']
[0.248s] Level 1:colcon.colcon_core.package_identification:_identify(__MACOSX/ros2_ws/src/my_sync_package/src) by extension 'python_setup_py'
[0.248s] Level 1:colcon.colcon_core.package_identification:_identify(__MACOSX/ros2_ws/src/scene_interpreter) by extensions ['ignore', 'ignore_ament_install']
[0.248s] Level 1:colcon.colcon_core.package_identification:_identify(__MACOSX/ros2_ws/src/scene_interpreter) by extension 'ignore'
[0.248s] Level 1:colcon.colcon_core.package_identification:_identify(__MACOSX/ros2_ws/src/scene_interpreter) by extension 'ignore_ament_install'
[0.248s] Level 1:colcon.colcon_core.package_identification:_identify(__MACOSX/ros2_ws/src/scene_interpreter) by extensions ['colcon_pkg']
[0.248s] Level 1:colcon.colcon_core.package_identification:_identify(__MACOSX/ros2_ws/src/scene_interpreter) by extension 'colcon_pkg'
[0.248s] Level 1:colcon.colcon_core.package_identification:_identify(__MACOSX/ros2_ws/src/scene_interpreter) by extensions ['colcon_meta']
[0.248s] Level 1:colcon.colcon_core.package_identification:_identify(__MACOSX/ros2_ws/src/scene_interpreter) by extension 'colcon_meta'
[0.248s] Level 1:colcon.colcon_core.package_identification:_identify(__MACOSX/ros2_ws/src/scene_interpreter) by extensions ['ros']
[0.248s] Level 1:colcon.colcon_core.package_identification:_identify(__MACOSX/ros2_ws/src/scene_interpreter) by extension 'ros'
[0.248s] Level 1:colcon.colcon_core.package_identification:_identify(__MACOSX/ros2_ws/src/scene_interpreter) by extensions ['cmake', 'python']
[0.248s] Level 1:colcon.colcon_core.package_identification:_identify(__MACOSX/ros2_ws/src/scene_interpreter) by extension 'cmake'
[0.248s] Level 1:colcon.colcon_core.package_identification:_identify(__MACOSX/ros2_ws/src/scene_interpreter) by extension 'python'
[0.248s] Level 1:colcon.colcon_core.package_identification:_identify(__MACOSX/ros2_ws/src/scene_interpreter) by extensions ['python_setup_py']
[0.248s] Level 1:colcon.colcon_core.package_identification:_identify(__MACOSX/ros2_ws/src/scene_interpreter) by extension 'python_setup_py'
[0.249s] Level 1:colcon.colcon_core.package_identification:_identify(__MACOSX/ros2_ws/src/scene_interpreter/resource) by extensions ['ignore', 'ignore_ament_install']
[0.249s] Level 1:colcon.colcon_core.package_identification:_identify(__MACOSX/ros2_ws/src/scene_interpreter/resource) by extension 'ignore'
[0.249s] Level 1:colcon.colcon_core.package_identification:_identify(__MACOSX/ros2_ws/src/scene_interpreter/resource) by extension 'ignore_ament_install'
[0.249s] Level 1:colcon.colcon_core.package_identification:_identify(__MACOSX/ros2_ws/src/scene_interpreter/resource) by extensions ['colcon_pkg']
[0.249s] Level 1:colcon.colcon_core.package_identification:_identify(__MACOSX/ros2_ws/src/scene_interpreter/resource) by extension 'colcon_pkg'
[0.249s] Level 1:colcon.colcon_core.package_identification:_identify(__MACOSX/ros2_ws/src/scene_interpreter/resource) by extensions ['colcon_meta']
[0.249s] Level 1:colcon.colcon_core.package_identification:_identify(__MACOSX/ros2_ws/src/scene_interpreter/resource) by extension 'colcon_meta'
[0.249s] Level 1:colcon.colcon_core.package_identification:_identify(__MACOSX/ros2_ws/src/scene_interpreter/resource) by extensions ['ros']
[0.249s] Level 1:colcon.colcon_core.package_identification:_identify(__MACOSX/ros2_ws/src/scene_interpreter/resource) by extension 'ros'
[0.249s] Level 1:colcon.colcon_core.package_identification:_identify(__MACOSX/ros2_ws/src/scene_interpreter/resource) by extensions ['cmake', 'python']
[0.249s] Level 1:colcon.colcon_core.package_identification:_identify(__MACOSX/ros2_ws/src/scene_interpreter/resource) by extension 'cmake'
[0.249s] Level 1:colcon.colcon_core.package_identification:_identify(__MACOSX/ros2_ws/src/scene_interpreter/resource) by extension 'python'
[0.249s] Level 1:colcon.colcon_core.package_identification:_identify(__MACOSX/ros2_ws/src/scene_interpreter/resource) by extensions ['python_setup_py']
[0.249s] Level 1:colcon.colcon_core.package_identification:_identify(__MACOSX/ros2_ws/src/scene_interpreter/resource) by extension 'python_setup_py'
[0.249s] Level 1:colcon.colcon_core.package_identification:_identify(__MACOSX/ros2_ws/src/scene_interpreter/scene_interpreter) by extensions ['ignore', 'ignore_ament_install']
[0.249s] Level 1:colcon.colcon_core.package_identification:_identify(__MACOSX/ros2_ws/src/scene_interpreter/scene_interpreter) by extension 'ignore'
[0.249s] Level 1:colcon.colcon_core.package_identification:_identify(__MACOSX/ros2_ws/src/scene_interpreter/scene_interpreter) by extension 'ignore_ament_install'
[0.249s] Level 1:colcon.colcon_core.package_identification:_identify(__MACOSX/ros2_ws/src/scene_interpreter/scene_interpreter) by extensions ['colcon_pkg']
[0.249s] Level 1:colcon.colcon_core.package_identification:_identify(__MACOSX/ros2_ws/src/scene_interpreter/scene_interpreter) by extension 'colcon_pkg'
[0.249s] Level 1:colcon.colcon_core.package_identification:_identify(__MACOSX/ros2_ws/src/scene_interpreter/scene_interpreter) by extensions ['colcon_meta']
[0.249s] Level 1:colcon.colcon_core.package_identification:_identify(__MACOSX/ros2_ws/src/scene_interpreter/scene_interpreter) by extension 'colcon_meta'
[0.249s] Level 1:colcon.colcon_core.package_identification:_identify(__MACOSX/ros2_ws/src/scene_interpreter/scene_interpreter) by extensions ['ros']
[0.249s] Level 1:colcon.colcon_core.package_identification:_identify(__MACOSX/ros2_ws/src/scene_interpreter/scene_interpreter) by extension 'ros'
[0.249s] Level 1:colcon.colcon_core.package_identification:_identify(__MACOSX/ros2_ws/src/scene_interpreter/scene_interpreter) by extensions ['cmake', 'python']
[0.249s] Level 1:colcon.colcon_core.package_identification:_identify(__MACOSX/ros2_ws/src/scene_interpreter/scene_interpreter) by extension 'cmake'
[0.249s] Level 1:colcon.colcon_core.package_identification:_identify(__MACOSX/ros2_ws/src/scene_interpreter/scene_interpreter) by extension 'python'
[0.249s] Level 1:colcon.colcon_core.package_identification:_identify(__MACOSX/ros2_ws/src/scene_interpreter/scene_interpreter) by extensions ['python_setup_py']
[0.249s] Level 1:colcon.colcon_core.package_identification:_identify(__MACOSX/ros2_ws/src/scene_interpreter/scene_interpreter) by extension 'python_setup_py'
[0.249s] Level 1:colcon.colcon_core.package_identification:_identify(__MACOSX/ros2_ws/src/scene_interpreter/test) by extensions ['ignore', 'ignore_ament_install']
[0.249s] Level 1:colcon.colcon_core.package_identification:_identify(__MACOSX/ros2_ws/src/scene_interpreter/test) by extension 'ignore'
[0.249s] Level 1:colcon.colcon_core.package_identification:_identify(__MACOSX/ros2_ws/src/scene_interpreter/test) by extension 'ignore_ament_install'
[0.249s] Level 1:colcon.colcon_core.package_identification:_identify(__MACOSX/ros2_ws/src/scene_interpreter/test) by extensions ['colcon_pkg']
[0.249s] Level 1:colcon.colcon_core.package_identification:_identify(__MACOSX/ros2_ws/src/scene_interpreter/test) by extension 'colcon_pkg'
[0.249s] Level 1:colcon.colcon_core.package_identification:_identify(__MACOSX/ros2_ws/src/scene_interpreter/test) by extensions ['colcon_meta']
[0.249s] Level 1:colcon.colcon_core.package_identification:_identify(__MACOSX/ros2_ws/src/scene_interpreter/test) by extension 'colcon_meta'
[0.249s] Level 1:colcon.colcon_core.package_identification:_identify(__MACOSX/ros2_ws/src/scene_interpreter/test) by extensions ['ros']
[0.249s] Level 1:colcon.colcon_core.package_identification:_identify(__MACOSX/ros2_ws/src/scene_interpreter/test) by extension 'ros'
[0.249s] Level 1:colcon.colcon_core.package_identification:_identify(__MACOSX/ros2_ws/src/scene_interpreter/test) by extensions ['cmake', 'python']
[0.249s] Level 1:colcon.colcon_core.package_identification:_identify(__MACOSX/ros2_ws/src/scene_interpreter/test) by extension 'cmake'
[0.249s] Level 1:colcon.colcon_core.package_identification:_identify(__MACOSX/ros2_ws/src/scene_interpreter/test) by extension 'python'
[0.249s] Level 1:colcon.colcon_core.package_identification:_identify(__MACOSX/ros2_ws/src/scene_interpreter/test) by extensions ['python_setup_py']
[0.249s] Level 1:colcon.colcon_core.package_identification:_identify(__MACOSX/ros2_ws/src/scene_interpreter/test) by extension 'python_setup_py'
[0.249s] Level 1:colcon.colcon_core.package_identification:_identify(build) by extensions ['ignore', 'ignore_ament_install']
[0.250s] Level 1:colcon.colcon_core.package_identification:_identify(build) by extension 'ignore'
[0.250s] Level 1:colcon.colcon_core.package_identification:_identify(build) ignored
[0.250s] Level 1:colcon.colcon_core.package_identification:_identify(install) by extensions ['ignore', 'ignore_ament_install']
[0.250s] Level 1:colcon.colcon_core.package_identification:_identify(install) by extension 'ignore'
[0.250s] Level 1:colcon.colcon_core.package_identification:_identify(install) ignored
[0.250s] Level 1:colcon.colcon_core.package_identification:_identify(log) by extensions ['ignore', 'ignore_ament_install']
[0.250s] Level 1:colcon.colcon_core.package_identification:_identify(log) by extension 'ignore'
[0.250s] Level 1:colcon.colcon_core.package_identification:_identify(log) ignored
[0.250s] Level 1:colcon.colcon_core.package_identification:_identify(ros2_ws) by extensions ['ignore', 'ignore_ament_install']
[0.250s] Level 1:colcon.colcon_core.package_identification:_identify(ros2_ws) by extension 'ignore'
[0.250s] Level 1:colcon.colcon_core.package_identification:_identify(ros2_ws) by extension 'ignore_ament_install'
[0.250s] Level 1:colcon.colcon_core.package_identification:_identify(ros2_ws) by extensions ['colcon_pkg']
[0.250s] Level 1:colcon.colcon_core.package_identification:_identify(ros2_ws) by extension 'colcon_pkg'
[0.250s] Level 1:colcon.colcon_core.package_identification:_identify(ros2_ws) by extensions ['colcon_meta']
[0.250s] Level 1:colcon.colcon_core.package_identification:_identify(ros2_ws) by extension 'colcon_meta'
[0.250s] Level 1:colcon.colcon_core.package_identification:_identify(ros2_ws) by extensions ['ros']
[0.250s] Level 1:colcon.colcon_core.package_identification:_identify(ros2_ws) by extension 'ros'
[0.250s] Level 1:colcon.colcon_core.package_identification:_identify(ros2_ws) by extensions ['cmake', 'python']
[0.250s] Level 1:colcon.colcon_core.package_identification:_identify(ros2_ws) by extension 'cmake'
[0.250s] Level 1:colcon.colcon_core.package_identification:_identify(ros2_ws) by extension 'python'
[0.250s] Level 1:colcon.colcon_core.package_identification:_identify(ros2_ws) by extensions ['python_setup_py']
[0.250s] Level 1:colcon.colcon_core.package_identification:_identify(ros2_ws) by extension 'python_setup_py'
[0.250s] Level 1:colcon.colcon_core.package_identification:_identify(ros2_ws/build) by extensions ['ignore', 'ignore_ament_install']
[0.250s] Level 1:colcon.colcon_core.package_identification:_identify(ros2_ws/build) by extension 'ignore'
[0.250s] Level 1:colcon.colcon_core.package_identification:_identify(ros2_ws/build) ignored
[0.250s] Level 1:colcon.colcon_core.package_identification:_identify(ros2_ws/install) by extensions ['ignore', 'ignore_ament_install']
[0.250s] Level 1:colcon.colcon_core.package_identification:_identify(ros2_ws/install) by extension 'ignore'
[0.250s] Level 1:colcon.colcon_core.package_identification:_identify(ros2_ws/install) ignored
[0.250s] Level 1:colcon.colcon_core.package_identification:_identify(ros2_ws/log) by extensions ['ignore', 'ignore_ament_install']
[0.250s] Level 1:colcon.colcon_core.package_identification:_identify(ros2_ws/log) by extension 'ignore'
[0.250s] Level 1:colcon.colcon_core.package_identification:_identify(ros2_ws/log) ignored
[0.250s] Level 1:colcon.colcon_core.package_identification:_identify(ros2_ws/src) by extensions ['ignore', 'ignore_ament_install']
[0.250s] Level 1:colcon.colcon_core.package_identification:_identify(ros2_ws/src) by extension 'ignore'
[0.250s] Level 1:colcon.colcon_core.package_identification:_identify(ros2_ws/src) by extension 'ignore_ament_install'
[0.250s] Level 1:colcon.colcon_core.package_identification:_identify(ros2_ws/src) by extensions ['colcon_pkg']
[0.250s] Level 1:colcon.colcon_core.package_identification:_identify(ros2_ws/src) by extension 'colcon_pkg'
[0.251s] Level 1:colcon.colcon_core.package_identification:_identify(ros2_ws/src) by extensions ['colcon_meta']
[0.251s] Level 1:colcon.colcon_core.package_identification:_identify(ros2_ws/src) by extension 'colcon_meta'
[0.251s] Level 1:colcon.colcon_core.package_identification:_identify(ros2_ws/src) by extensions ['ros']
[0.251s] Level 1:colcon.colcon_core.package_identification:_identify(ros2_ws/src) by extension 'ros'
[0.251s] Level 1:colcon.colcon_core.package_identification:_identify(ros2_ws/src) by extensions ['cmake', 'python']
[0.251s] Level 1:colcon.colcon_core.package_identification:_identify(ros2_ws/src) by extension 'cmake'
[0.251s] Level 1:colcon.colcon_core.package_identification:_identify(ros2_ws/src) by extension 'python'
[0.251s] Level 1:colcon.colcon_core.package_identification:_identify(ros2_ws/src) by extensions ['python_setup_py']
[0.251s] Level 1:colcon.colcon_core.package_identification:_identify(ros2_ws/src) by extension 'python_setup_py'
[0.251s] Level 1:colcon.colcon_core.package_identification:_identify(ros2_ws/src/build) by extensions ['ignore', 'ignore_ament_install']
[0.251s] Level 1:colcon.colcon_core.package_identification:_identify(ros2_ws/src/build) by extension 'ignore'
[0.251s] Level 1:colcon.colcon_core.package_identification:_identify(ros2_ws/src/build) ignored
[0.251s] Level 1:colcon.colcon_core.package_identification:_identify(ros2_ws/src/camera_feed) by extensions ['ignore', 'ignore_ament_install']
[0.251s] Level 1:colcon.colcon_core.package_identification:_identify(ros2_ws/src/camera_feed) by extension 'ignore'
[0.251s] Level 1:colcon.colcon_core.package_identification:_identify(ros2_ws/src/camera_feed) by extension 'ignore_ament_install'
[0.251s] Level 1:colcon.colcon_core.package_identification:_identify(ros2_ws/src/camera_feed) by extensions ['colcon_pkg']
[0.251s] Level 1:colcon.colcon_core.package_identification:_identify(ros2_ws/src/camera_feed) by extension 'colcon_pkg'
[0.251s] Level 1:colcon.colcon_core.package_identification:_identify(ros2_ws/src/camera_feed) by extensions ['colcon_meta']
[0.251s] Level 1:colcon.colcon_core.package_identification:_identify(ros2_ws/src/camera_feed) by extension 'colcon_meta'
[0.251s] Level 1:colcon.colcon_core.package_identification:_identify(ros2_ws/src/camera_feed) by extensions ['ros']
[0.251s] Level 1:colcon.colcon_core.package_identification:_identify(ros2_ws/src/camera_feed) by extension 'ros'
[0.252s] DEBUG:colcon.colcon_core.package_identification:Package 'ros2_ws/src/camera_feed' with type 'ros.ament_cmake' and name 'camera_feed'
[0.253s] Level 1:colcon.colcon_core.package_identification:_identify(ros2_ws/src/install) by extensions ['ignore', 'ignore_ament_install']
[0.253s] Level 1:colcon.colcon_core.package_identification:_identify(ros2_ws/src/install) by extension 'ignore'
[0.253s] Level 1:colcon.colcon_core.package_identification:_identify(ros2_ws/src/install) ignored
[0.253s] Level 1:colcon.colcon_core.package_identification:_identify(ros2_ws/src/interface) by extensions ['ignore', 'ignore_ament_install']
[0.253s] Level 1:colcon.colcon_core.package_identification:_identify(ros2_ws/src/interface) by extension 'ignore'
[0.253s] Level 1:colcon.colcon_core.package_identification:_identify(ros2_ws/src/interface) by extension 'ignore_ament_install'
[0.253s] Level 1:colcon.colcon_core.package_identification:_identify(ros2_ws/src/interface) by extensions ['colcon_pkg']
[0.253s] Level 1:colcon.colcon_core.package_identification:_identify(ros2_ws/src/interface) by extension 'colcon_pkg'
[0.253s] Level 1:colcon.colcon_core.package_identification:_identify(ros2_ws/src/interface) by extensions ['colcon_meta']
[0.253s] Level 1:colcon.colcon_core.package_identification:_identify(ros2_ws/src/interface) by extension 'colcon_meta'
[0.253s] Level 1:colcon.colcon_core.package_identification:_identify(ros2_ws/src/interface) by extensions ['ros']
[0.253s] Level 1:colcon.colcon_core.package_identification:_identify(ros2_ws/src/interface) by extension 'ros'
[0.253s] DEBUG:colcon.colcon_core.package_identification:Package 'ros2_ws/src/interface' with type 'ros.ament_cmake' and name 'interface'
[0.253s] Level 1:colcon.colcon_core.package_identification:_identify(ros2_ws/src/log) by extensions ['ignore', 'ignore_ament_install']
[0.253s] Level 1:colcon.colcon_core.package_identification:_identify(ros2_ws/src/log) by extension 'ignore'
[0.253s] Level 1:colcon.colcon_core.package_identification:_identify(ros2_ws/src/log) ignored
[0.253s] Level 1:colcon.colcon_core.package_identification:_identify(ros2_ws/src/my_sync_package) by extensions ['ignore', 'ignore_ament_install']
[0.253s] Level 1:colcon.colcon_core.package_identification:_identify(ros2_ws/src/my_sync_package) by extension 'ignore'
[0.254s] Level 1:colcon.colcon_core.package_identification:_identify(ros2_ws/src/my_sync_package) by extension 'ignore_ament_install'
[0.254s] Level 1:colcon.colcon_core.package_identification:_identify(ros2_ws/src/my_sync_package) by extensions ['colcon_pkg']
[0.254s] Level 1:colcon.colcon_core.package_identification:_identify(ros2_ws/src/my_sync_package) by extension 'colcon_pkg'
[0.254s] Level 1:colcon.colcon_core.package_identification:_identify(ros2_ws/src/my_sync_package) by extensions ['colcon_meta']
[0.254s] Level 1:colcon.colcon_core.package_identification:_identify(ros2_ws/src/my_sync_package) by extension 'colcon_meta'
[0.254s] Level 1:colcon.colcon_core.package_identification:_identify(ros2_ws/src/my_sync_package) by extensions ['ros']
[0.254s] Level 1:colcon.colcon_core.package_identification:_identify(ros2_ws/src/my_sync_package) by extension 'ros'
[0.254s] DEBUG:colcon.colcon_core.package_identification:Package 'ros2_ws/src/my_sync_package' with type 'ros.ament_cmake' and name 'my_sync_package'
[0.254s] Level 1:colcon.colcon_core.package_identification:_identify(ros2_ws/src/scene_interpreter) by extensions ['ignore', 'ignore_ament_install']
[0.254s] Level 1:colcon.colcon_core.package_identification:_identify(ros2_ws/src/scene_interpreter) by extension 'ignore'
[0.254s] Level 1:colcon.colcon_core.package_identification:_identify(ros2_ws/src/scene_interpreter) by extension 'ignore_ament_install'
[0.254s] Level 1:colcon.colcon_core.package_identification:_identify(ros2_ws/src/scene_interpreter) by extensions ['colcon_pkg']
[0.254s] Level 1:colcon.colcon_core.package_identification:_identify(ros2_ws/src/scene_interpreter) by extension 'colcon_pkg'
[0.254s] Level 1:colcon.colcon_core.package_identification:_identify(ros2_ws/src/scene_interpreter) by extensions ['colcon_meta']
[0.254s] Level 1:colcon.colcon_core.package_identification:_identify(ros2_ws/src/scene_interpreter) by extension 'colcon_meta'
[0.254s] Level 1:colcon.colcon_core.package_identification:_identify(ros2_ws/src/scene_interpreter) by extensions ['ros']
[0.254s] Level 1:colcon.colcon_core.package_identification:_identify(ros2_ws/src/scene_interpreter) by extension 'ros'
[0.255s] DEBUG:colcon.colcon_core.package_identification:Package 'ros2_ws/src/scene_interpreter' with type 'ros.ament_python' and name 'scene_interpreter'
[0.255s] Level 1:colcon.colcon_core.package_discovery:discover_packages(recursive) using defaults
[0.255s] Level 1:colcon.colcon_core.package_discovery:discover_packages(ignore) discover
[0.255s] Level 1:colcon.colcon_core.package_discovery:discover_packages(ignore) using defaults
[0.255s] Level 1:colcon.colcon_core.package_discovery:discover_packages(path) discover
[0.255s] Level 1:colcon.colcon_core.package_discovery:discover_packages(path) using defaults
[0.265s] Level 1:colcon.colcon_core.package_discovery:discover_packages(prefix_path) check parameters
[0.265s] Level 1:colcon.colcon_core.package_discovery:discover_packages(prefix_path) discover
[0.266s] DEBUG:colcon.colcon_installed_package_information.package_discovery:Found 4 installed packages in /home/dvij/ee206-project/ping-pong-robot/vision_tracking/install
[0.266s] DEBUG:colcon.colcon_installed_package_information.package_discovery:Found 296 installed packages in /opt/ros/foxy
[0.268s] Level 1:colcon.colcon_core.package_discovery:discover_packages(prefix_path) using defaults
[0.294s] Level 5:colcon.colcon_core.verb:set package 'interface' build argument 'cmake_args' from command line to 'None'
[0.294s] Level 5:colcon.colcon_core.verb:set package 'interface' build argument 'cmake_target' from command line to 'None'
[0.294s] Level 5:colcon.colcon_core.verb:set package 'interface' build argument 'cmake_target_skip_unavailable' from command line to 'False'
[0.294s] Level 5:colcon.colcon_core.verb:set package 'interface' build argument 'cmake_clean_cache' from command line to 'False'
[0.294s] Level 5:colcon.colcon_core.verb:set package 'interface' build argument 'cmake_clean_first' from command line to 'False'
[0.294s] Level 5:colcon.colcon_core.verb:set package 'interface' build argument 'cmake_force_configure' from command line to 'False'
[0.294s] Level 5:colcon.colcon_core.verb:set package 'interface' build argument 'ament_cmake_args' from command line to 'None'
[0.294s] Level 5:colcon.colcon_core.verb:set package 'interface' build argument 'catkin_cmake_args' from command line to 'None'
[0.294s] Level 5:colcon.colcon_core.verb:set package 'interface' build argument 'catkin_skip_building_tests' from command line to 'False'
[0.294s] DEBUG:colcon.colcon_core.verb:Building package 'interface' with the following arguments: {'ament_cmake_args': None, 'build_base': '/home/dvij/ee206-project/ping-pong-robot/vision_tracking/build/interface', 'catkin_cmake_args': None, 'catkin_skip_building_tests': False, 'cmake_args': None, 'cmake_clean_cache': False, 'cmake_clean_first': False, 'cmake_force_configure': False, 'cmake_target': None, 'cmake_target_skip_unavailable': False, 'install_base': '/home/dvij/ee206-project/ping-pong-robot/vision_tracking/install/interface', 'merge_install': False, 'path': '/home/dvij/ee206-project/ping-pong-robot/vision_tracking/ros2_ws/src/interface', 'symlink_install': False, 'test_result_base': None}
[0.295s] Level 5:colcon.colcon_core.verb:set package 'my_sync_package' build argument 'cmake_args' from command line to 'None'
[0.295s] Level 5:colcon.colcon_core.verb:set package 'my_sync_package' build argument 'cmake_target' from command line to 'None'
[0.295s] Level 5:colcon.colcon_core.verb:set package 'my_sync_package' build argument 'cmake_target_skip_unavailable' from command line to 'False'
[0.295s] Level 5:colcon.colcon_core.verb:set package 'my_sync_package' build argument 'cmake_clean_cache' from command line to 'False'
[0.295s] Level 5:colcon.colcon_core.verb:set package 'my_sync_package' build argument 'cmake_clean_first' from command line to 'False'
[0.295s] Level 5:colcon.colcon_core.verb:set package 'my_sync_package' build argument 'cmake_force_configure' from command line to 'False'
[0.295s] Level 5:colcon.colcon_core.verb:set package 'my_sync_package' build argument 'ament_cmake_args' from command line to 'None'
[0.295s] Level 5:colcon.colcon_core.verb:set package 'my_sync_package' build argument 'catkin_cmake_args' from command line to 'None'
[0.295s] Level 5:colcon.colcon_core.verb:set package 'my_sync_package' build argument 'catkin_skip_building_tests' from command line to 'False'
[0.295s] DEBUG:colcon.colcon_core.verb:Building package 'my_sync_package' with the following arguments: {'ament_cmake_args': None, 'build_base': '/home/dvij/ee206-project/ping-pong-robot/vision_tracking/build/my_sync_package', 'catkin_cmake_args': None, 'catkin_skip_building_tests': False, 'cmake_args': None, 'cmake_clean_cache': False, 'cmake_clean_first': False, 'cmake_force_configure': False, 'cmake_target': None, 'cmake_target_skip_unavailable': False, 'install_base': '/home/dvij/ee206-project/ping-pong-robot/vision_tracking/install/my_sync_package', 'merge_install': False, 'path': '/home/dvij/ee206-project/ping-pong-robot/vision_tracking/ros2_ws/src/my_sync_package', 'symlink_install': False, 'test_result_base': None}
[0.295s] Level 5:colcon.colcon_core.verb:set package 'scene_interpreter' build argument 'cmake_args' from command line to 'None'
[0.295s] Level 5:colcon.colcon_core.verb:set package 'scene_interpreter' build argument 'cmake_target' from command line to 'None'
[0.295s] Level 5:colcon.colcon_core.verb:set package 'scene_interpreter' build argument 'cmake_target_skip_unavailable' from command line to 'False'
[0.295s] Level 5:colcon.colcon_core.verb:set package 'scene_interpreter' build argument 'cmake_clean_cache' from command line to 'False'
[0.295s] Level 5:colcon.colcon_core.verb:set package 'scene_interpreter' build argument 'cmake_clean_first' from command line to 'False'
[0.295s] Level 5:colcon.colcon_core.verb:set package 'scene_interpreter' build argument 'cmake_force_configure' from command line to 'False'
[0.295s] Level 5:colcon.colcon_core.verb:set package 'scene_interpreter' build argument 'ament_cmake_args' from command line to 'None'
[0.295s] Level 5:colcon.colcon_core.verb:set package 'scene_interpreter' build argument 'catkin_cmake_args' from command line to 'None'
[0.295s] Level 5:colcon.colcon_core.verb:set package 'scene_interpreter' build argument 'catkin_skip_building_tests' from command line to 'False'
[0.295s] DEBUG:colcon.colcon_core.verb:Building package 'scene_interpreter' with the following arguments: {'ament_cmake_args': None, 'build_base': '/home/dvij/ee206-project/ping-pong-robot/vision_tracking/build/scene_interpreter', 'catkin_cmake_args': None, 'catkin_skip_building_tests': False, 'cmake_args': None, 'cmake_clean_cache': False, 'cmake_clean_first': False, 'cmake_force_configure': False, 'cmake_target': None, 'cmake_target_skip_unavailable': False, 'install_base': '/home/dvij/ee206-project/ping-pong-robot/vision_tracking/install/scene_interpreter', 'merge_install': False, 'path': '/home/dvij/ee206-project/ping-pong-robot/vision_tracking/ros2_ws/src/scene_interpreter', 'symlink_install': False, 'test_result_base': None}
[0.295s] Level 5:colcon.colcon_core.verb:set package 'camera_feed' build argument 'cmake_args' from command line to 'None'
[0.295s] Level 5:colcon.colcon_core.verb:set package 'camera_feed' build argument 'cmake_target' from command line to 'None'
[0.295s] Level 5:colcon.colcon_core.verb:set package 'camera_feed' build argument 'cmake_target_skip_unavailable' from command line to 'False'
[0.295s] Level 5:colcon.colcon_core.verb:set package 'camera_feed' build argument 'cmake_clean_cache' from command line to 'False'
[0.295s] Level 5:colcon.colcon_core.verb:set package 'camera_feed' build argument 'cmake_clean_first' from command line to 'False'
[0.295s] Level 5:colcon.colcon_core.verb:set package 'camera_feed' build argument 'cmake_force_configure' from command line to 'False'
[0.295s] Level 5:colcon.colcon_core.verb:set package 'camera_feed' build argument 'ament_cmake_args' from command line to 'None'
[0.295s] Level 5:colcon.colcon_core.verb:set package 'camera_feed' build argument 'catkin_cmake_args' from command line to 'None'
[0.295s] Level 5:colcon.colcon_core.verb:set package 'camera_feed' build argument 'catkin_skip_building_tests' from command line to 'False'
[0.295s] DEBUG:colcon.colcon_core.verb:Building package 'camera_feed' with the following arguments: {'ament_cmake_args': None, 'build_base': '/home/dvij/ee206-project/ping-pong-robot/vision_tracking/build/camera_feed', 'catkin_cmake_args': None, 'catkin_skip_building_tests': False, 'cmake_args': None, 'cmake_clean_cache': False, 'cmake_clean_first': False, 'cmake_force_configure': False, 'cmake_target': None, 'cmake_target_skip_unavailable': False, 'install_base': '/home/dvij/ee206-project/ping-pong-robot/vision_tracking/install/camera_feed', 'merge_install': False, 'path': '/home/dvij/ee206-project/ping-pong-robot/vision_tracking/ros2_ws/src/camera_feed', 'symlink_install': False, 'test_result_base': None}
[0.295s] INFO:colcon.colcon_core.executor:Executing jobs using 'parallel' executor
[0.296s] DEBUG:colcon.colcon_parallel_executor.executor.parallel:run_until_complete
[0.296s] INFO:colcon.colcon_ros.task.ament_cmake.build:Building ROS package in '/home/dvij/ee206-project/ping-pong-robot/vision_tracking/ros2_ws/src/interface' with build type 'ament_cmake'
[0.297s] INFO:colcon.colcon_cmake.task.cmake.build:Building CMake package in '/home/dvij/ee206-project/ping-pong-robot/vision_tracking/ros2_ws/src/interface'
[0.297s] INFO:colcon.colcon_core.plugin_system:Skipping extension 'colcon_core.shell.bat': Not used on non-Windows systems
[0.297s] INFO:colcon.colcon_core.shell:Skip shell extension 'powershell' for command environment: Not usable outside of PowerShell
[0.297s] DEBUG:colcon.colcon_core.shell:Skip shell extension 'dsv' for command environment
[0.300s] INFO:colcon.colcon_ros.task.ament_cmake.build:Building ROS package in '/home/dvij/ee206-project/ping-pong-robot/vision_tracking/ros2_ws/src/my_sync_package' with build type 'ament_cmake'
[0.300s] INFO:colcon.colcon_cmake.task.cmake.build:Building CMake package in '/home/dvij/ee206-project/ping-pong-robot/vision_tracking/ros2_ws/src/my_sync_package'
[0.300s] INFO:colcon.colcon_core.shell:Skip shell extension 'powershell' for command environment: Not usable outside of PowerShell
[0.300s] DEBUG:colcon.colcon_core.shell:Skip shell extension 'dsv' for command environment
[0.303s] INFO:colcon.colcon_ros.task.ament_python.build:Building ROS package in '/home/dvij/ee206-project/ping-pong-robot/vision_tracking/ros2_ws/src/scene_interpreter' with build type 'ament_python'
[0.303s] Level 1:colcon.colcon_core.shell:create_environment_hook('scene_interpreter', 'ament_prefix_path')
[0.303s] INFO:colcon.colcon_core.shell:Creating environment hook '/home/dvij/ee206-project/ping-pong-robot/vision_tracking/install/scene_interpreter/share/scene_interpreter/hook/ament_prefix_path.ps1'
[0.303s] INFO:colcon.colcon_core.shell:Creating environment descriptor '/home/dvij/ee206-project/ping-pong-robot/vision_tracking/install/scene_interpreter/share/scene_interpreter/hook/ament_prefix_path.dsv'
[0.304s] INFO:colcon.colcon_core.shell:Creating environment hook '/home/dvij/ee206-project/ping-pong-robot/vision_tracking/install/scene_interpreter/share/scene_interpreter/hook/ament_prefix_path.sh'
[0.304s] INFO:colcon.colcon_core.shell:Skip shell extension 'powershell' for command environment: Not usable outside of PowerShell
[0.304s] DEBUG:colcon.colcon_core.shell:Skip shell extension 'dsv' for command environment
[0.309s] DEBUG:colcon.colcon_core.event_handler.log_command:Invoking command in '/home/dvij/ee206-project/ping-pong-robot/vision_tracking/build/interface': CMAKE_PREFIX_PATH=${CMAKE_PREFIX_PATH}:/home/dvij/ee206-project/ping-pong-robot/vision_tracking/install/scene_interpreter:/opt/ros/foxy /usr/local/bin/cmake --build /home/dvij/ee206-project/ping-pong-robot/vision_tracking/build/interface -- -j20 -l20
[0.312s] DEBUG:colcon.colcon_core.event_handler.log_command:Invoking command in '/home/dvij/ee206-project/ping-pong-robot/vision_tracking/build/my_sync_package': CMAKE_PREFIX_PATH=${CMAKE_PREFIX_PATH}:/home/dvij/ee206-project/ping-pong-robot/vision_tracking/install/scene_interpreter:/opt/ros/foxy /usr/local/bin/cmake --build /home/dvij/ee206-project/ping-pong-robot/vision_tracking/build/my_sync_package -- -j20 -l20
[0.528s] DEBUG:colcon.colcon_parallel_executor.executor.parallel:closing loop
[0.528s] DEBUG:colcon.colcon_parallel_executor.executor.parallel:loop closed
[0.528s] DEBUG:colcon.colcon_parallel_executor.executor.parallel:run_until_complete finished with 'Command '['/usr/bin/python3', '-c', 'import sys;from contextlib import suppress;exec("with suppress(ImportError):    from setuptools.extern.packaging.specifiers    import SpecifierSet");exec("with suppress(ImportError):    from packaging.specifiers import SpecifierSet");from distutils.core import run_setup;dist = run_setup(    \'setup.py\', script_args=(\'--dry-run\',), stop_after=\'config\');skip_keys = (\'cmdclass\', \'distclass\', \'ext_modules\', \'metadata\');data = {    key: value for key, value in dist.__dict__.items()     if (        not key.startswith(\'_\') and         not callable(value) and         key not in skip_keys and         key not in dist.display_option_names    )};data[\'metadata\'] = {    k: v for k, v in dist.metadata.__dict__.items()     if k not in (\'license_files\', \'provides_extras\')};sys.stdout.buffer.write(repr(data).encode(\'utf-8\'))']' returned non-zero exit status 1.'
[0.528s] DEBUG:colcon.colcon_core.event_reactor:joining thread
[0.532s] INFO:colcon.colcon_core.plugin_system:Skipping extension 'colcon_notification.desktop_notification.terminal_notifier': Not used on non-Darwin systems
[0.532s] INFO:colcon.colcon_core.plugin_system:Skipping extension 'colcon_notification.desktop_notification.win32': Not used on non-Windows systems
[0.532s] INFO:colcon.colcon_notification.desktop_notification:Sending desktop notification using 'notify2'
[0.539s] DEBUG:colcon.colcon_core.event_reactor:joined thread
[0.540s] INFO:colcon.colcon_core.shell:Creating prefix script '/home/dvij/ee206-project/ping-pong-robot/vision_tracking/install/local_setup.ps1'
[0.540s] INFO:colcon.colcon_core.shell:Creating prefix util module '/home/dvij/ee206-project/ping-pong-robot/vision_tracking/install/_local_setup_util_ps1.py'
[0.541s] INFO:colcon.colcon_core.shell:Creating prefix chain script '/home/dvij/ee206-project/ping-pong-robot/vision_tracking/install/setup.ps1'
[0.541s] INFO:colcon.colcon_core.shell:Creating prefix script '/home/dvij/ee206-project/ping-pong-robot/vision_tracking/install/local_setup.sh'
[0.542s] INFO:colcon.colcon_core.shell:Creating prefix util module '/home/dvij/ee206-project/ping-pong-robot/vision_tracking/install/_local_setup_util_sh.py'
[0.542s] INFO:colcon.colcon_core.shell:Creating prefix chain script '/home/dvij/ee206-project/ping-pong-robot/vision_tracking/install/setup.sh'
[0.543s] INFO:colcon.colcon_core.shell:Creating prefix script '/home/dvij/ee206-project/ping-pong-robot/vision_tracking/install/local_setup.bash'
[0.543s] INFO:colcon.colcon_core.shell:Creating prefix chain script '/home/dvij/ee206-project/ping-pong-robot/vision_tracking/install/setup.bash'
[0.543s] INFO:colcon.colcon_core.shell:Creating prefix script '/home/dvij/ee206-project/ping-pong-robot/vision_tracking/install/local_setup.zsh'
[0.544s] INFO:colcon.colcon_core.shell:Creating prefix chain script '/home/dvij/ee206-project/ping-pong-robot/vision_tracking/install/setup.zsh'
