running egg_info
creating ../../../../build/workspace_controller/workspace_controller.egg-info
writing ../../../../build/workspace_controller/workspace_controller.egg-info/PKG-INFO
writing dependency_links to ../../../../build/workspace_controller/workspace_controller.egg-info/dependency_links.txt
writing entry points to ../../../../build/workspace_controller/workspace_controller.egg-info/entry_points.txt
writing requirements to ../../../../build/workspace_controller/workspace_controller.egg-info/requires.txt
writing top-level names to ../../../../build/workspace_controller/workspace_controller.egg-info/top_level.txt
writing manifest file '../../../../build/workspace_controller/workspace_controller.egg-info/SOURCES.txt'
reading manifest file '../../../../build/workspace_controller/workspace_controller.egg-info/SOURCES.txt'
writing manifest file '../../../../build/workspace_controller/workspace_controller.egg-info/SOURCES.txt'
running build
running build_py
creating /home/pingpongproject/code/ping-pong-robot/lbr_fri_ros2_stack_ws_foxy2/build/workspace_controller/build
creating /home/pingpongproject/code/ping-pong-robot/lbr_fri_ros2_stack_ws_foxy2/build/workspace_controller/build/lib
creating /home/pingpongproject/code/ping-pong-robot/lbr_fri_ros2_stack_ws_foxy2/build/workspace_controller/build/lib/workspace_controller
copying workspace_controller/__init__.py -> /home/pingpongproject/code/ping-pong-robot/lbr_fri_ros2_stack_ws_foxy2/build/workspace_controller/build/lib/workspace_controller
running install
running install_lib
creating /home/pingpongproject/code/ping-pong-robot/lbr_fri_ros2_stack_ws_foxy2/install/workspace_controller/lib/python3.8/site-packages/workspace_controller
copying /home/pingpongproject/code/ping-pong-robot/lbr_fri_ros2_stack_ws_foxy2/build/workspace_controller/build/lib/workspace_controller/__init__.py -> /home/pingpongproject/code/ping-pong-robot/lbr_fri_ros2_stack_ws_foxy2/install/workspace_controller/lib/python3.8/site-packages/workspace_controller
byte-compiling /home/pingpongproject/code/ping-pong-robot/lbr_fri_ros2_stack_ws_foxy2/install/workspace_controller/lib/python3.8/site-packages/workspace_controller/__init__.py to __init__.cpython-38.pyc
running install_data
creating /home/pingpongproject/code/ping-pong-robot/lbr_fri_ros2_stack_ws_foxy2/install/workspace_controller/share/ament_index
creating /home/pingpongproject/code/ping-pong-robot/lbr_fri_ros2_stack_ws_foxy2/install/workspace_controller/share/ament_index/resource_index
creating /home/pingpongproject/code/ping-pong-robot/lbr_fri_ros2_stack_ws_foxy2/install/workspace_controller/share/ament_index/resource_index/packages
copying resource/workspace_controller -> /home/pingpongproject/code/ping-pong-robot/lbr_fri_ros2_stack_ws_foxy2/install/workspace_controller/share/ament_index/resource_index/packages
copying package.xml -> /home/pingpongproject/code/ping-pong-robot/lbr_fri_ros2_stack_ws_foxy2/install/workspace_controller/share/workspace_controller
running install_egg_info
Copying ../../../../build/workspace_controller/workspace_controller.egg-info to /home/pingpongproject/code/ping-pong-robot/lbr_fri_ros2_stack_ws_foxy2/install/workspace_controller/lib/python3.8/site-packages/workspace_controller-0.0.0-py3.8.egg-info
running install_scripts
writing list of installed files to '/home/pingpongproject/code/ping-pong-robot/lbr_fri_ros2_stack_ws_foxy2/build/workspace_controller/install.log'
