[1.482s] DEBUG:colcon:Command line arguments: ['/usr/bin/colcon', 'build', '--packages-select', 'visual_servo']
[1.482s] DEBUG:colcon:Parsed command line arguments: Namespace(allow_overriding=[], ament_cmake_args=None, base_paths=['.'], build_base='build', catkin_cmake_args=None, catkin_skip_building_tests=False, cmake_args=None, cmake_clean_cache=False, cmake_clean_first=False, cmake_force_configure=False, cmake_target=None, cmake_target_skip_unavailable=False, continue_on_error=False, event_handlers=None, executor='parallel', ignore_user_meta=False, install_base='install', log_base=None, log_level=None, main=<bound method BuildVerb.main of <colcon_core.verb.build.BuildVerb object at 0x7fa60413c7f0>>, merge_install=False, metas=['./colcon.meta'], packages_above=None, packages_above_and_dependencies=None, packages_above_depth=None, packages_end=None, packages_ignore=None, packages_ignore_regex=None, packages_select=['visual_servo'], packages_select_build_failed=False, packages_select_by_dep=None, packages_select_regex=None, packages_select_test_failures=False, packages_skip=None, packages_skip_build_finished=False, packages_skip_by_dep=None, packages_skip_regex=None, packages_skip_test_passed=False, packages_skip_up_to=None, packages_start=None, packages_up_to=None, packages_up_to_regex=None, parallel_workers=20, paths=None, symlink_install=False, test_result_base=None, verb_extension=<colcon_core.verb.build.BuildVerb object at 0x7fa60413c7f0>, verb_name='build', verb_parser=<colcon_defaults.argument_parser.defaults.DefaultArgumentsDecorator object at 0x7fa603de35b0>)
[1.548s] Level 1:colcon.colcon_core.package_discovery:discover_packages(colcon_meta) check parameters
[1.548s] Level 1:colcon.colcon_core.package_discovery:discover_packages(recursive) check parameters
[1.548s] Level 1:colcon.colcon_core.package_discovery:discover_packages(ignore) check parameters
[1.548s] Level 1:colcon.colcon_core.package_discovery:discover_packages(path) check parameters
[1.548s] Level 1:colcon.colcon_core.package_discovery:discover_packages(colcon_meta) discover
[1.548s] Level 1:colcon.colcon_core.package_discovery:discover_packages(recursive) discover
[1.548s] INFO:colcon.colcon_core.package_discovery:Crawling recursively for packages in '/home/pingpongproject/code/ping-pong-robot/lbr_fri_ros2_stack_ws_foxy2'
[1.548s] Level 1:colcon.colcon_core.package_identification:_identify(.) by extensions ['ignore', 'ignore_ament_install']
[1.548s] Level 1:colcon.colcon_core.package_identification:_identify(.) by extension 'ignore'
[1.548s] Level 1:colcon.colcon_core.package_identification:_identify(.) by extension 'ignore_ament_install'
[1.548s] Level 1:colcon.colcon_core.package_identification:_identify(.) by extensions ['colcon_pkg']
[1.548s] Level 1:colcon.colcon_core.package_identification:_identify(.) by extension 'colcon_pkg'
[1.548s] Level 1:colcon.colcon_core.package_identification:_identify(.) by extensions ['colcon_meta']
[1.548s] Level 1:colcon.colcon_core.package_identification:_identify(.) by extension 'colcon_meta'
[1.548s] Level 1:colcon.colcon_core.package_identification:_identify(.) by extensions ['ros']
[1.548s] Level 1:colcon.colcon_core.package_identification:_identify(.) by extension 'ros'
[1.559s] Level 1:colcon.colcon_core.package_identification:_identify(.) by extensions ['cmake', 'python']
[1.559s] Level 1:colcon.colcon_core.package_identification:_identify(.) by extension 'cmake'
[1.559s] Level 1:colcon.colcon_core.package_identification:_identify(.) by extension 'python'
[1.559s] Level 1:colcon.colcon_core.package_identification:_identify(.) by extensions ['python_setup_py']
[1.559s] Level 1:colcon.colcon_core.package_identification:_identify(.) by extension 'python_setup_py'
[1.559s] Level 1:colcon.colcon_core.package_identification:_identify(build) by extensions ['ignore', 'ignore_ament_install']
[1.559s] Level 1:colcon.colcon_core.package_identification:_identify(build) by extension 'ignore'
[1.559s] Level 1:colcon.colcon_core.package_identification:_identify(build) ignored
[1.560s] Level 1:colcon.colcon_core.package_identification:_identify(install) by extensions ['ignore', 'ignore_ament_install']
[1.560s] Level 1:colcon.colcon_core.package_identification:_identify(install) by extension 'ignore'
[1.560s] Level 1:colcon.colcon_core.package_identification:_identify(install) ignored
[1.560s] Level 1:colcon.colcon_core.package_identification:_identify(log) by extensions ['ignore', 'ignore_ament_install']
[1.560s] Level 1:colcon.colcon_core.package_identification:_identify(log) by extension 'ignore'
[1.560s] Level 1:colcon.colcon_core.package_identification:_identify(log) ignored
[1.560s] Level 1:colcon.colcon_core.package_identification:_identify(src) by extensions ['ignore', 'ignore_ament_install']
[1.560s] Level 1:colcon.colcon_core.package_identification:_identify(src) by extension 'ignore'
[1.560s] Level 1:colcon.colcon_core.package_identification:_identify(src) by extension 'ignore_ament_install'
[1.560s] Level 1:colcon.colcon_core.package_identification:_identify(src) by extensions ['colcon_pkg']
[1.560s] Level 1:colcon.colcon_core.package_identification:_identify(src) by extension 'colcon_pkg'
[1.560s] Level 1:colcon.colcon_core.package_identification:_identify(src) by extensions ['colcon_meta']
[1.560s] Level 1:colcon.colcon_core.package_identification:_identify(src) by extension 'colcon_meta'
[1.560s] Level 1:colcon.colcon_core.package_identification:_identify(src) by extensions ['ros']
[1.560s] Level 1:colcon.colcon_core.package_identification:_identify(src) by extension 'ros'
[1.560s] Level 1:colcon.colcon_core.package_identification:_identify(src) by extensions ['cmake', 'python']
[1.560s] Level 1:colcon.colcon_core.package_identification:_identify(src) by extension 'cmake'
[1.560s] Level 1:colcon.colcon_core.package_identification:_identify(src) by extension 'python'
[1.560s] Level 1:colcon.colcon_core.package_identification:_identify(src) by extensions ['python_setup_py']
[1.560s] Level 1:colcon.colcon_core.package_identification:_identify(src) by extension 'python_setup_py'
[1.560s] Level 1:colcon.colcon_core.package_identification:_identify(src/fri_vendor) by extensions ['ignore', 'ignore_ament_install']
[1.560s] Level 1:colcon.colcon_core.package_identification:_identify(src/fri_vendor) by extension 'ignore'
[1.560s] Level 1:colcon.colcon_core.package_identification:_identify(src/fri_vendor) by extension 'ignore_ament_install'
[1.560s] Level 1:colcon.colcon_core.package_identification:_identify(src/fri_vendor) by extensions ['colcon_pkg']
[1.560s] Level 1:colcon.colcon_core.package_identification:_identify(src/fri_vendor) by extension 'colcon_pkg'
[1.560s] Level 1:colcon.colcon_core.package_identification:_identify(src/fri_vendor) by extensions ['colcon_meta']
[1.560s] Level 1:colcon.colcon_core.package_identification:_identify(src/fri_vendor) by extension 'colcon_meta'
[1.560s] Level 1:colcon.colcon_core.package_identification:_identify(src/fri_vendor) by extensions ['ros']
[1.560s] Level 1:colcon.colcon_core.package_identification:_identify(src/fri_vendor) by extension 'ros'
[1.562s] DEBUG:colcon.colcon_core.package_identification:Package 'src/fri_vendor' with type 'ros.ament_cmake' and name 'fri_vendor'
[1.562s] Level 1:colcon.colcon_core.package_identification:_identify(src/lbr_fri_ros2_stack) by extensions ['ignore', 'ignore_ament_install']
[1.562s] Level 1:colcon.colcon_core.package_identification:_identify(src/lbr_fri_ros2_stack) by extension 'ignore'
[1.562s] Level 1:colcon.colcon_core.package_identification:_identify(src/lbr_fri_ros2_stack) by extension 'ignore_ament_install'
[1.562s] Level 1:colcon.colcon_core.package_identification:_identify(src/lbr_fri_ros2_stack) by extensions ['colcon_pkg']
[1.562s] Level 1:colcon.colcon_core.package_identification:_identify(src/lbr_fri_ros2_stack) by extension 'colcon_pkg'
[1.562s] Level 1:colcon.colcon_core.package_identification:_identify(src/lbr_fri_ros2_stack) by extensions ['colcon_meta']
[1.562s] Level 1:colcon.colcon_core.package_identification:_identify(src/lbr_fri_ros2_stack) by extension 'colcon_meta'
[1.562s] Level 1:colcon.colcon_core.package_identification:_identify(src/lbr_fri_ros2_stack) by extensions ['ros']
[1.562s] Level 1:colcon.colcon_core.package_identification:_identify(src/lbr_fri_ros2_stack) by extension 'ros'
[1.562s] Level 1:colcon.colcon_core.package_identification:_identify(src/lbr_fri_ros2_stack) by extensions ['cmake', 'python']
[1.562s] Level 1:colcon.colcon_core.package_identification:_identify(src/lbr_fri_ros2_stack) by extension 'cmake'
[1.562s] Level 1:colcon.colcon_core.package_identification:_identify(src/lbr_fri_ros2_stack) by extension 'python'
[1.562s] Level 1:colcon.colcon_core.package_identification:_identify(src/lbr_fri_ros2_stack) by extensions ['python_setup_py']
[1.562s] Level 1:colcon.colcon_core.package_identification:_identify(src/lbr_fri_ros2_stack) by extension 'python_setup_py'
[1.562s] Level 1:colcon.colcon_core.package_identification:_identify(src/lbr_fri_ros2_stack/control) by extensions ['ignore', 'ignore_ament_install']
[1.562s] Level 1:colcon.colcon_core.package_identification:_identify(src/lbr_fri_ros2_stack/control) by extension 'ignore'
[1.562s] Level 1:colcon.colcon_core.package_identification:_identify(src/lbr_fri_ros2_stack/control) by extension 'ignore_ament_install'
[1.562s] Level 1:colcon.colcon_core.package_identification:_identify(src/lbr_fri_ros2_stack/control) by extensions ['colcon_pkg']
[1.562s] Level 1:colcon.colcon_core.package_identification:_identify(src/lbr_fri_ros2_stack/control) by extension 'colcon_pkg'
[1.562s] Level 1:colcon.colcon_core.package_identification:_identify(src/lbr_fri_ros2_stack/control) by extensions ['colcon_meta']
[1.562s] Level 1:colcon.colcon_core.package_identification:_identify(src/lbr_fri_ros2_stack/control) by extension 'colcon_meta'
[1.562s] Level 1:colcon.colcon_core.package_identification:_identify(src/lbr_fri_ros2_stack/control) by extensions ['ros']
[1.562s] Level 1:colcon.colcon_core.package_identification:_identify(src/lbr_fri_ros2_stack/control) by extension 'ros'
[1.562s] Level 1:colcon.colcon_core.package_identification:_identify(src/lbr_fri_ros2_stack/control) by extensions ['cmake', 'python']
[1.562s] Level 1:colcon.colcon_core.package_identification:_identify(src/lbr_fri_ros2_stack/control) by extension 'cmake'
[1.562s] Level 1:colcon.colcon_core.package_identification:_identify(src/lbr_fri_ros2_stack/control) by extension 'python'
[1.562s] Level 1:colcon.colcon_core.package_identification:_identify(src/lbr_fri_ros2_stack/control) by extensions ['python_setup_py']
[1.562s] Level 1:colcon.colcon_core.package_identification:_identify(src/lbr_fri_ros2_stack/control) by extension 'python_setup_py'
[1.562s] Level 1:colcon.colcon_core.package_identification:_identify(src/lbr_fri_ros2_stack/control/workspace_controller) by extensions ['ignore', 'ignore_ament_install']
[1.562s] Level 1:colcon.colcon_core.package_identification:_identify(src/lbr_fri_ros2_stack/control/workspace_controller) by extension 'ignore'
[1.562s] Level 1:colcon.colcon_core.package_identification:_identify(src/lbr_fri_ros2_stack/control/workspace_controller) by extension 'ignore_ament_install'
[1.562s] Level 1:colcon.colcon_core.package_identification:_identify(src/lbr_fri_ros2_stack/control/workspace_controller) by extensions ['colcon_pkg']
[1.562s] Level 1:colcon.colcon_core.package_identification:_identify(src/lbr_fri_ros2_stack/control/workspace_controller) by extension 'colcon_pkg'
[1.562s] Level 1:colcon.colcon_core.package_identification:_identify(src/lbr_fri_ros2_stack/control/workspace_controller) by extensions ['colcon_meta']
[1.562s] Level 1:colcon.colcon_core.package_identification:_identify(src/lbr_fri_ros2_stack/control/workspace_controller) by extension 'colcon_meta'
[1.562s] Level 1:colcon.colcon_core.package_identification:_identify(src/lbr_fri_ros2_stack/control/workspace_controller) by extensions ['ros']
[1.562s] Level 1:colcon.colcon_core.package_identification:_identify(src/lbr_fri_ros2_stack/control/workspace_controller) by extension 'ros'
[1.563s] DEBUG:colcon.colcon_core.package_identification:Failed to parse potential ROS package manifest in'src/lbr_fri_ros2_stack/control/workspace_controller': Error(s) in package 'src/lbr_fri_ros2_stack/control/workspace_controller/package.xml':
The manifest contains invalid XML:
mismatched tag: line 11, column 29
[1.563s] Level 1:colcon.colcon_core.package_identification:_identify(src/lbr_fri_ros2_stack/control/workspace_controller) by extensions ['cmake', 'python']
[1.563s] Level 1:colcon.colcon_core.package_identification:_identify(src/lbr_fri_ros2_stack/control/workspace_controller) by extension 'cmake'
[1.563s] Level 1:colcon.colcon_core.package_identification:_identify(src/lbr_fri_ros2_stack/control/workspace_controller) by extension 'python'
[1.563s] DEBUG:colcon.colcon_core.package_identification:Python package in 'src/lbr_fri_ros2_stack/control/workspace_controller' passes arguments to the setup() function which requires a different identification extension than 'python'
[1.563s] Level 1:colcon.colcon_core.package_identification:_identify(src/lbr_fri_ros2_stack/control/workspace_controller) by extensions ['python_setup_py']
[1.563s] Level 1:colcon.colcon_core.package_identification:_identify(src/lbr_fri_ros2_stack/control/workspace_controller) by extension 'python_setup_py'
[1.706s] DEBUG:colcon.colcon_core.package_identification:Package 'src/lbr_fri_ros2_stack/control/workspace_controller' with type 'python' and name 'workspace_controller'
[1.706s] Level 1:colcon.colcon_core.package_identification:_identify(src/lbr_fri_ros2_stack/lbr_bringup) by extensions ['ignore', 'ignore_ament_install']
[1.706s] Level 1:colcon.colcon_core.package_identification:_identify(src/lbr_fri_ros2_stack/lbr_bringup) by extension 'ignore'
[1.707s] Level 1:colcon.colcon_core.package_identification:_identify(src/lbr_fri_ros2_stack/lbr_bringup) by extension 'ignore_ament_install'
[1.707s] Level 1:colcon.colcon_core.package_identification:_identify(src/lbr_fri_ros2_stack/lbr_bringup) by extensions ['colcon_pkg']
[1.707s] Level 1:colcon.colcon_core.package_identification:_identify(src/lbr_fri_ros2_stack/lbr_bringup) by extension 'colcon_pkg'
[1.707s] Level 1:colcon.colcon_core.package_identification:_identify(src/lbr_fri_ros2_stack/lbr_bringup) by extensions ['colcon_meta']
[1.707s] Level 1:colcon.colcon_core.package_identification:_identify(src/lbr_fri_ros2_stack/lbr_bringup) by extension 'colcon_meta'
[1.707s] Level 1:colcon.colcon_core.package_identification:_identify(src/lbr_fri_ros2_stack/lbr_bringup) by extensions ['ros']
[1.707s] Level 1:colcon.colcon_core.package_identification:_identify(src/lbr_fri_ros2_stack/lbr_bringup) by extension 'ros'
[1.707s] DEBUG:colcon.colcon_core.package_identification:Package 'src/lbr_fri_ros2_stack/lbr_bringup' with type 'ros.ament_cmake' and name 'lbr_bringup'
[1.707s] Level 1:colcon.colcon_core.package_identification:_identify(src/lbr_fri_ros2_stack/lbr_demos) by extensions ['ignore', 'ignore_ament_install']
[1.707s] Level 1:colcon.colcon_core.package_identification:_identify(src/lbr_fri_ros2_stack/lbr_demos) by extension 'ignore'
[1.707s] Level 1:colcon.colcon_core.package_identification:_identify(src/lbr_fri_ros2_stack/lbr_demos) by extension 'ignore_ament_install'
[1.707s] Level 1:colcon.colcon_core.package_identification:_identify(src/lbr_fri_ros2_stack/lbr_demos) by extensions ['colcon_pkg']
[1.707s] Level 1:colcon.colcon_core.package_identification:_identify(src/lbr_fri_ros2_stack/lbr_demos) by extension 'colcon_pkg'
[1.707s] Level 1:colcon.colcon_core.package_identification:_identify(src/lbr_fri_ros2_stack/lbr_demos) by extensions ['colcon_meta']
[1.707s] Level 1:colcon.colcon_core.package_identification:_identify(src/lbr_fri_ros2_stack/lbr_demos) by extension 'colcon_meta'
[1.707s] Level 1:colcon.colcon_core.package_identification:_identify(src/lbr_fri_ros2_stack/lbr_demos) by extensions ['ros']
[1.707s] Level 1:colcon.colcon_core.package_identification:_identify(src/lbr_fri_ros2_stack/lbr_demos) by extension 'ros'
[1.707s] Level 1:colcon.colcon_core.package_identification:_identify(src/lbr_fri_ros2_stack/lbr_demos) by extensions ['cmake', 'python']
[1.707s] Level 1:colcon.colcon_core.package_identification:_identify(src/lbr_fri_ros2_stack/lbr_demos) by extension 'cmake'
[1.707s] Level 1:colcon.colcon_core.package_identification:_identify(src/lbr_fri_ros2_stack/lbr_demos) by extension 'python'
[1.707s] Level 1:colcon.colcon_core.package_identification:_identify(src/lbr_fri_ros2_stack/lbr_demos) by extensions ['python_setup_py']
[1.708s] Level 1:colcon.colcon_core.package_identification:_identify(src/lbr_fri_ros2_stack/lbr_demos) by extension 'python_setup_py'
[1.708s] Level 1:colcon.colcon_core.package_identification:_identify(src/lbr_fri_ros2_stack/lbr_demos/doc) by extensions ['ignore', 'ignore_ament_install']
[1.708s] Level 1:colcon.colcon_core.package_identification:_identify(src/lbr_fri_ros2_stack/lbr_demos/doc) by extension 'ignore'
[1.708s] Level 1:colcon.colcon_core.package_identification:_identify(src/lbr_fri_ros2_stack/lbr_demos/doc) by extension 'ignore_ament_install'
[1.708s] Level 1:colcon.colcon_core.package_identification:_identify(src/lbr_fri_ros2_stack/lbr_demos/doc) by extensions ['colcon_pkg']
[1.708s] Level 1:colcon.colcon_core.package_identification:_identify(src/lbr_fri_ros2_stack/lbr_demos/doc) by extension 'colcon_pkg'
[1.708s] Level 1:colcon.colcon_core.package_identification:_identify(src/lbr_fri_ros2_stack/lbr_demos/doc) by extensions ['colcon_meta']
[1.708s] Level 1:colcon.colcon_core.package_identification:_identify(src/lbr_fri_ros2_stack/lbr_demos/doc) by extension 'colcon_meta'
[1.708s] Level 1:colcon.colcon_core.package_identification:_identify(src/lbr_fri_ros2_stack/lbr_demos/doc) by extensions ['ros']
[1.708s] Level 1:colcon.colcon_core.package_identification:_identify(src/lbr_fri_ros2_stack/lbr_demos/doc) by extension 'ros'
[1.708s] Level 1:colcon.colcon_core.package_identification:_identify(src/lbr_fri_ros2_stack/lbr_demos/doc) by extensions ['cmake', 'python']
[1.708s] Level 1:colcon.colcon_core.package_identification:_identify(src/lbr_fri_ros2_stack/lbr_demos/doc) by extension 'cmake'
[1.708s] Level 1:colcon.colcon_core.package_identification:_identify(src/lbr_fri_ros2_stack/lbr_demos/doc) by extension 'python'
[1.708s] Level 1:colcon.colcon_core.package_identification:_identify(src/lbr_fri_ros2_stack/lbr_demos/doc) by extensions ['python_setup_py']
[1.708s] Level 1:colcon.colcon_core.package_identification:_identify(src/lbr_fri_ros2_stack/lbr_demos/doc) by extension 'python_setup_py'
[1.708s] Level 1:colcon.colcon_core.package_identification:_identify(src/lbr_fri_ros2_stack/lbr_demos/doc/img) by extensions ['ignore', 'ignore_ament_install']
[1.708s] Level 1:colcon.colcon_core.package_identification:_identify(src/lbr_fri_ros2_stack/lbr_demos/doc/img) by extension 'ignore'
[1.708s] Level 1:colcon.colcon_core.package_identification:_identify(src/lbr_fri_ros2_stack/lbr_demos/doc/img) by extension 'ignore_ament_install'
[1.708s] Level 1:colcon.colcon_core.package_identification:_identify(src/lbr_fri_ros2_stack/lbr_demos/doc/img) by extensions ['colcon_pkg']
[1.708s] Level 1:colcon.colcon_core.package_identification:_identify(src/lbr_fri_ros2_stack/lbr_demos/doc/img) by extension 'colcon_pkg'
[1.708s] Level 1:colcon.colcon_core.package_identification:_identify(src/lbr_fri_ros2_stack/lbr_demos/doc/img) by extensions ['colcon_meta']
[1.708s] Level 1:colcon.colcon_core.package_identification:_identify(src/lbr_fri_ros2_stack/lbr_demos/doc/img) by extension 'colcon_meta'
[1.708s] Level 1:colcon.colcon_core.package_identification:_identify(src/lbr_fri_ros2_stack/lbr_demos/doc/img) by extensions ['ros']
[1.708s] Level 1:colcon.colcon_core.package_identification:_identify(src/lbr_fri_ros2_stack/lbr_demos/doc/img) by extension 'ros'
[1.708s] Level 1:colcon.colcon_core.package_identification:_identify(src/lbr_fri_ros2_stack/lbr_demos/doc/img) by extensions ['cmake', 'python']
[1.708s] Level 1:colcon.colcon_core.package_identification:_identify(src/lbr_fri_ros2_stack/lbr_demos/doc/img) by extension 'cmake'
[1.708s] Level 1:colcon.colcon_core.package_identification:_identify(src/lbr_fri_ros2_stack/lbr_demos/doc/img) by extension 'python'
[1.708s] Level 1:colcon.colcon_core.package_identification:_identify(src/lbr_fri_ros2_stack/lbr_demos/doc/img) by extensions ['python_setup_py']
[1.708s] Level 1:colcon.colcon_core.package_identification:_identify(src/lbr_fri_ros2_stack/lbr_demos/doc/img) by extension 'python_setup_py'
[1.708s] Level 1:colcon.colcon_core.package_identification:_identify(src/lbr_fri_ros2_stack/lbr_demos/lbr_demos_fri_ros2_advanced_python) by extensions ['ignore', 'ignore_ament_install']
[1.708s] Level 1:colcon.colcon_core.package_identification:_identify(src/lbr_fri_ros2_stack/lbr_demos/lbr_demos_fri_ros2_advanced_python) by extension 'ignore'
[1.708s] Level 1:colcon.colcon_core.package_identification:_identify(src/lbr_fri_ros2_stack/lbr_demos/lbr_demos_fri_ros2_advanced_python) by extension 'ignore_ament_install'
[1.708s] Level 1:colcon.colcon_core.package_identification:_identify(src/lbr_fri_ros2_stack/lbr_demos/lbr_demos_fri_ros2_advanced_python) by extensions ['colcon_pkg']
[1.708s] Level 1:colcon.colcon_core.package_identification:_identify(src/lbr_fri_ros2_stack/lbr_demos/lbr_demos_fri_ros2_advanced_python) by extension 'colcon_pkg'
[1.708s] Level 1:colcon.colcon_core.package_identification:_identify(src/lbr_fri_ros2_stack/lbr_demos/lbr_demos_fri_ros2_advanced_python) by extensions ['colcon_meta']
[1.708s] Level 1:colcon.colcon_core.package_identification:_identify(src/lbr_fri_ros2_stack/lbr_demos/lbr_demos_fri_ros2_advanced_python) by extension 'colcon_meta'
[1.708s] Level 1:colcon.colcon_core.package_identification:_identify(src/lbr_fri_ros2_stack/lbr_demos/lbr_demos_fri_ros2_advanced_python) by extensions ['ros']
[1.708s] Level 1:colcon.colcon_core.package_identification:_identify(src/lbr_fri_ros2_stack/lbr_demos/lbr_demos_fri_ros2_advanced_python) by extension 'ros'
[1.709s] DEBUG:colcon.colcon_core.package_identification:Package 'src/lbr_fri_ros2_stack/lbr_demos/lbr_demos_fri_ros2_advanced_python' with type 'ros.ament_python' and name 'lbr_demos_fri_ros2_advanced_python'
[1.709s] Level 1:colcon.colcon_core.package_identification:_identify(src/lbr_fri_ros2_stack/lbr_demos/lbr_demos_fri_ros2_cpp) by extensions ['ignore', 'ignore_ament_install']
[1.709s] Level 1:colcon.colcon_core.package_identification:_identify(src/lbr_fri_ros2_stack/lbr_demos/lbr_demos_fri_ros2_cpp) by extension 'ignore'
[1.709s] Level 1:colcon.colcon_core.package_identification:_identify(src/lbr_fri_ros2_stack/lbr_demos/lbr_demos_fri_ros2_cpp) by extension 'ignore_ament_install'
[1.709s] Level 1:colcon.colcon_core.package_identification:_identify(src/lbr_fri_ros2_stack/lbr_demos/lbr_demos_fri_ros2_cpp) by extensions ['colcon_pkg']
[1.709s] Level 1:colcon.colcon_core.package_identification:_identify(src/lbr_fri_ros2_stack/lbr_demos/lbr_demos_fri_ros2_cpp) by extension 'colcon_pkg'
[1.709s] Level 1:colcon.colcon_core.package_identification:_identify(src/lbr_fri_ros2_stack/lbr_demos/lbr_demos_fri_ros2_cpp) by extensions ['colcon_meta']
[1.709s] Level 1:colcon.colcon_core.package_identification:_identify(src/lbr_fri_ros2_stack/lbr_demos/lbr_demos_fri_ros2_cpp) by extension 'colcon_meta'
[1.709s] Level 1:colcon.colcon_core.package_identification:_identify(src/lbr_fri_ros2_stack/lbr_demos/lbr_demos_fri_ros2_cpp) by extensions ['ros']
[1.709s] Level 1:colcon.colcon_core.package_identification:_identify(src/lbr_fri_ros2_stack/lbr_demos/lbr_demos_fri_ros2_cpp) by extension 'ros'
[1.709s] DEBUG:colcon.colcon_core.package_identification:Package 'src/lbr_fri_ros2_stack/lbr_demos/lbr_demos_fri_ros2_cpp' with type 'ros.ament_cmake' and name 'lbr_demos_fri_ros2_cpp'
[1.709s] Level 1:colcon.colcon_core.package_identification:_identify(src/lbr_fri_ros2_stack/lbr_demos/lbr_demos_fri_ros2_python) by extensions ['ignore', 'ignore_ament_install']
[1.709s] Level 1:colcon.colcon_core.package_identification:_identify(src/lbr_fri_ros2_stack/lbr_demos/lbr_demos_fri_ros2_python) by extension 'ignore'
[1.709s] Level 1:colcon.colcon_core.package_identification:_identify(src/lbr_fri_ros2_stack/lbr_demos/lbr_demos_fri_ros2_python) by extension 'ignore_ament_install'
[1.709s] Level 1:colcon.colcon_core.package_identification:_identify(src/lbr_fri_ros2_stack/lbr_demos/lbr_demos_fri_ros2_python) by extensions ['colcon_pkg']
[1.709s] Level 1:colcon.colcon_core.package_identification:_identify(src/lbr_fri_ros2_stack/lbr_demos/lbr_demos_fri_ros2_python) by extension 'colcon_pkg'
[1.709s] Level 1:colcon.colcon_core.package_identification:_identify(src/lbr_fri_ros2_stack/lbr_demos/lbr_demos_fri_ros2_python) by extensions ['colcon_meta']
[1.709s] Level 1:colcon.colcon_core.package_identification:_identify(src/lbr_fri_ros2_stack/lbr_demos/lbr_demos_fri_ros2_python) by extension 'colcon_meta'
[1.709s] Level 1:colcon.colcon_core.package_identification:_identify(src/lbr_fri_ros2_stack/lbr_demos/lbr_demos_fri_ros2_python) by extensions ['ros']
[1.709s] Level 1:colcon.colcon_core.package_identification:_identify(src/lbr_fri_ros2_stack/lbr_demos/lbr_demos_fri_ros2_python) by extension 'ros'
[1.710s] DEBUG:colcon.colcon_core.package_identification:Package 'src/lbr_fri_ros2_stack/lbr_demos/lbr_demos_fri_ros2_python' with type 'ros.ament_python' and name 'lbr_demos_fri_ros2_python'
[1.710s] Level 1:colcon.colcon_core.package_identification:_identify(src/lbr_fri_ros2_stack/lbr_demos/lbr_demos_ros2_control_cpp) by extensions ['ignore', 'ignore_ament_install']
[1.710s] Level 1:colcon.colcon_core.package_identification:_identify(src/lbr_fri_ros2_stack/lbr_demos/lbr_demos_ros2_control_cpp) by extension 'ignore'
[1.710s] Level 1:colcon.colcon_core.package_identification:_identify(src/lbr_fri_ros2_stack/lbr_demos/lbr_demos_ros2_control_cpp) by extension 'ignore_ament_install'
[1.710s] Level 1:colcon.colcon_core.package_identification:_identify(src/lbr_fri_ros2_stack/lbr_demos/lbr_demos_ros2_control_cpp) by extensions ['colcon_pkg']
[1.710s] Level 1:colcon.colcon_core.package_identification:_identify(src/lbr_fri_ros2_stack/lbr_demos/lbr_demos_ros2_control_cpp) by extension 'colcon_pkg'
[1.710s] Level 1:colcon.colcon_core.package_identification:_identify(src/lbr_fri_ros2_stack/lbr_demos/lbr_demos_ros2_control_cpp) by extensions ['colcon_meta']
[1.710s] Level 1:colcon.colcon_core.package_identification:_identify(src/lbr_fri_ros2_stack/lbr_demos/lbr_demos_ros2_control_cpp) by extension 'colcon_meta'
[1.710s] Level 1:colcon.colcon_core.package_identification:_identify(src/lbr_fri_ros2_stack/lbr_demos/lbr_demos_ros2_control_cpp) by extensions ['ros']
[1.710s] Level 1:colcon.colcon_core.package_identification:_identify(src/lbr_fri_ros2_stack/lbr_demos/lbr_demos_ros2_control_cpp) by extension 'ros'
[1.710s] DEBUG:colcon.colcon_core.package_identification:Package 'src/lbr_fri_ros2_stack/lbr_demos/lbr_demos_ros2_control_cpp' with type 'ros.ament_cmake' and name 'lbr_demos_ros2_control_cpp'
[1.710s] Level 1:colcon.colcon_core.package_identification:_identify(src/lbr_fri_ros2_stack/lbr_demos/lbr_demos_ros2_control_python) by extensions ['ignore', 'ignore_ament_install']
[1.710s] Level 1:colcon.colcon_core.package_identification:_identify(src/lbr_fri_ros2_stack/lbr_demos/lbr_demos_ros2_control_python) by extension 'ignore'
[1.710s] Level 1:colcon.colcon_core.package_identification:_identify(src/lbr_fri_ros2_stack/lbr_demos/lbr_demos_ros2_control_python) by extension 'ignore_ament_install'
[1.711s] Level 1:colcon.colcon_core.package_identification:_identify(src/lbr_fri_ros2_stack/lbr_demos/lbr_demos_ros2_control_python) by extensions ['colcon_pkg']
[1.711s] Level 1:colcon.colcon_core.package_identification:_identify(src/lbr_fri_ros2_stack/lbr_demos/lbr_demos_ros2_control_python) by extension 'colcon_pkg'
[1.711s] Level 1:colcon.colcon_core.package_identification:_identify(src/lbr_fri_ros2_stack/lbr_demos/lbr_demos_ros2_control_python) by extensions ['colcon_meta']
[1.711s] Level 1:colcon.colcon_core.package_identification:_identify(src/lbr_fri_ros2_stack/lbr_demos/lbr_demos_ros2_control_python) by extension 'colcon_meta'
[1.711s] Level 1:colcon.colcon_core.package_identification:_identify(src/lbr_fri_ros2_stack/lbr_demos/lbr_demos_ros2_control_python) by extensions ['ros']
[1.711s] Level 1:colcon.colcon_core.package_identification:_identify(src/lbr_fri_ros2_stack/lbr_demos/lbr_demos_ros2_control_python) by extension 'ros'
[1.711s] DEBUG:colcon.colcon_core.package_identification:Package 'src/lbr_fri_ros2_stack/lbr_demos/lbr_demos_ros2_control_python' with type 'ros.ament_python' and name 'lbr_demos_ros2_control_python'
[1.711s] Level 1:colcon.colcon_core.package_identification:_identify(src/lbr_fri_ros2_stack/lbr_description) by extensions ['ignore', 'ignore_ament_install']
[1.711s] Level 1:colcon.colcon_core.package_identification:_identify(src/lbr_fri_ros2_stack/lbr_description) by extension 'ignore'
[1.711s] Level 1:colcon.colcon_core.package_identification:_identify(src/lbr_fri_ros2_stack/lbr_description) by extension 'ignore_ament_install'
[1.711s] Level 1:colcon.colcon_core.package_identification:_identify(src/lbr_fri_ros2_stack/lbr_description) by extensions ['colcon_pkg']
[1.711s] Level 1:colcon.colcon_core.package_identification:_identify(src/lbr_fri_ros2_stack/lbr_description) by extension 'colcon_pkg'
[1.711s] Level 1:colcon.colcon_core.package_identification:_identify(src/lbr_fri_ros2_stack/lbr_description) by extensions ['colcon_meta']
[1.711s] Level 1:colcon.colcon_core.package_identification:_identify(src/lbr_fri_ros2_stack/lbr_description) by extension 'colcon_meta'
[1.711s] Level 1:colcon.colcon_core.package_identification:_identify(src/lbr_fri_ros2_stack/lbr_description) by extensions ['ros']
[1.711s] Level 1:colcon.colcon_core.package_identification:_identify(src/lbr_fri_ros2_stack/lbr_description) by extension 'ros'
[1.711s] DEBUG:colcon.colcon_core.package_identification:Package 'src/lbr_fri_ros2_stack/lbr_description' with type 'ros.ament_cmake' and name 'lbr_description'
[1.711s] Level 1:colcon.colcon_core.package_identification:_identify(src/lbr_fri_ros2_stack/lbr_fri_msgs) by extensions ['ignore', 'ignore_ament_install']
[1.712s] Level 1:colcon.colcon_core.package_identification:_identify(src/lbr_fri_ros2_stack/lbr_fri_msgs) by extension 'ignore'
[1.712s] Level 1:colcon.colcon_core.package_identification:_identify(src/lbr_fri_ros2_stack/lbr_fri_msgs) by extension 'ignore_ament_install'
[1.712s] Level 1:colcon.colcon_core.package_identification:_identify(src/lbr_fri_ros2_stack/lbr_fri_msgs) by extensions ['colcon_pkg']
[1.712s] Level 1:colcon.colcon_core.package_identification:_identify(src/lbr_fri_ros2_stack/lbr_fri_msgs) by extension 'colcon_pkg'
[1.712s] Level 1:colcon.colcon_core.package_identification:_identify(src/lbr_fri_ros2_stack/lbr_fri_msgs) by extensions ['colcon_meta']
[1.712s] Level 1:colcon.colcon_core.package_identification:_identify(src/lbr_fri_ros2_stack/lbr_fri_msgs) by extension 'colcon_meta'
[1.712s] Level 1:colcon.colcon_core.package_identification:_identify(src/lbr_fri_ros2_stack/lbr_fri_msgs) by extensions ['ros']
[1.712s] Level 1:colcon.colcon_core.package_identification:_identify(src/lbr_fri_ros2_stack/lbr_fri_msgs) by extension 'ros'
[1.712s] DEBUG:colcon.colcon_core.package_identification:Package 'src/lbr_fri_ros2_stack/lbr_fri_msgs' with type 'ros.ament_cmake' and name 'lbr_fri_msgs'
[1.712s] Level 1:colcon.colcon_core.package_identification:_identify(src/lbr_fri_ros2_stack/lbr_fri_ros2) by extensions ['ignore', 'ignore_ament_install']
[1.712s] Level 1:colcon.colcon_core.package_identification:_identify(src/lbr_fri_ros2_stack/lbr_fri_ros2) by extension 'ignore'
[1.712s] Level 1:colcon.colcon_core.package_identification:_identify(src/lbr_fri_ros2_stack/lbr_fri_ros2) by extension 'ignore_ament_install'
[1.712s] Level 1:colcon.colcon_core.package_identification:_identify(src/lbr_fri_ros2_stack/lbr_fri_ros2) by extensions ['colcon_pkg']
[1.712s] Level 1:colcon.colcon_core.package_identification:_identify(src/lbr_fri_ros2_stack/lbr_fri_ros2) by extension 'colcon_pkg'
[1.712s] Level 1:colcon.colcon_core.package_identification:_identify(src/lbr_fri_ros2_stack/lbr_fri_ros2) by extensions ['colcon_meta']
[1.712s] Level 1:colcon.colcon_core.package_identification:_identify(src/lbr_fri_ros2_stack/lbr_fri_ros2) by extension 'colcon_meta'
[1.712s] Level 1:colcon.colcon_core.package_identification:_identify(src/lbr_fri_ros2_stack/lbr_fri_ros2) by extensions ['ros']
[1.712s] Level 1:colcon.colcon_core.package_identification:_identify(src/lbr_fri_ros2_stack/lbr_fri_ros2) by extension 'ros'
[1.713s] DEBUG:colcon.colcon_core.package_identification:Package 'src/lbr_fri_ros2_stack/lbr_fri_ros2' with type 'ros.ament_cmake' and name 'lbr_fri_ros2'
[1.713s] Level 1:colcon.colcon_core.package_identification:_identify(src/lbr_fri_ros2_stack/lbr_fri_ros2_stack) by extensions ['ignore', 'ignore_ament_install']
[1.713s] Level 1:colcon.colcon_core.package_identification:_identify(src/lbr_fri_ros2_stack/lbr_fri_ros2_stack) by extension 'ignore'
[1.713s] Level 1:colcon.colcon_core.package_identification:_identify(src/lbr_fri_ros2_stack/lbr_fri_ros2_stack) by extension 'ignore_ament_install'
[1.713s] Level 1:colcon.colcon_core.package_identification:_identify(src/lbr_fri_ros2_stack/lbr_fri_ros2_stack) by extensions ['colcon_pkg']
[1.713s] Level 1:colcon.colcon_core.package_identification:_identify(src/lbr_fri_ros2_stack/lbr_fri_ros2_stack) by extension 'colcon_pkg'
[1.713s] Level 1:colcon.colcon_core.package_identification:_identify(src/lbr_fri_ros2_stack/lbr_fri_ros2_stack) by extensions ['colcon_meta']
[1.713s] Level 1:colcon.colcon_core.package_identification:_identify(src/lbr_fri_ros2_stack/lbr_fri_ros2_stack) by extension 'colcon_meta'
[1.713s] Level 1:colcon.colcon_core.package_identification:_identify(src/lbr_fri_ros2_stack/lbr_fri_ros2_stack) by extensions ['ros']
[1.713s] Level 1:colcon.colcon_core.package_identification:_identify(src/lbr_fri_ros2_stack/lbr_fri_ros2_stack) by extension 'ros'
[1.713s] DEBUG:colcon.colcon_core.package_identification:Package 'src/lbr_fri_ros2_stack/lbr_fri_ros2_stack' with type 'ros.ament_cmake' and name 'lbr_fri_ros2_stack'
[1.713s] Level 1:colcon.colcon_core.package_identification:_identify(src/lbr_fri_ros2_stack/lbr_hardware_interface) by extensions ['ignore', 'ignore_ament_install']
[1.713s] Level 1:colcon.colcon_core.package_identification:_identify(src/lbr_fri_ros2_stack/lbr_hardware_interface) by extension 'ignore'
[1.713s] Level 1:colcon.colcon_core.package_identification:_identify(src/lbr_fri_ros2_stack/lbr_hardware_interface) by extension 'ignore_ament_install'
[1.713s] Level 1:colcon.colcon_core.package_identification:_identify(src/lbr_fri_ros2_stack/lbr_hardware_interface) by extensions ['colcon_pkg']
[1.713s] Level 1:colcon.colcon_core.package_identification:_identify(src/lbr_fri_ros2_stack/lbr_hardware_interface) by extension 'colcon_pkg'
[1.713s] Level 1:colcon.colcon_core.package_identification:_identify(src/lbr_fri_ros2_stack/lbr_hardware_interface) by extensions ['colcon_meta']
[1.713s] Level 1:colcon.colcon_core.package_identification:_identify(src/lbr_fri_ros2_stack/lbr_hardware_interface) by extension 'colcon_meta'
[1.713s] Level 1:colcon.colcon_core.package_identification:_identify(src/lbr_fri_ros2_stack/lbr_hardware_interface) by extensions ['ros']
[1.713s] Level 1:colcon.colcon_core.package_identification:_identify(src/lbr_fri_ros2_stack/lbr_hardware_interface) by extension 'ros'
[1.714s] DEBUG:colcon.colcon_core.package_identification:Package 'src/lbr_fri_ros2_stack/lbr_hardware_interface' with type 'ros.ament_cmake' and name 'lbr_hardware_interface'
[1.714s] Level 1:colcon.colcon_core.package_identification:_identify(src/lbr_fri_ros2_stack/lbr_moveit) by extensions ['ignore', 'ignore_ament_install']
[1.715s] Level 1:colcon.colcon_core.package_identification:_identify(src/lbr_fri_ros2_stack/lbr_moveit) by extension 'ignore'
[1.715s] Level 1:colcon.colcon_core.package_identification:_identify(src/lbr_fri_ros2_stack/lbr_moveit) by extension 'ignore_ament_install'
[1.715s] Level 1:colcon.colcon_core.package_identification:_identify(src/lbr_fri_ros2_stack/lbr_moveit) by extensions ['colcon_pkg']
[1.715s] Level 1:colcon.colcon_core.package_identification:_identify(src/lbr_fri_ros2_stack/lbr_moveit) by extension 'colcon_pkg'
[1.715s] Level 1:colcon.colcon_core.package_identification:_identify(src/lbr_fri_ros2_stack/lbr_moveit) by extensions ['colcon_meta']
[1.715s] Level 1:colcon.colcon_core.package_identification:_identify(src/lbr_fri_ros2_stack/lbr_moveit) by extension 'colcon_meta'
[1.715s] Level 1:colcon.colcon_core.package_identification:_identify(src/lbr_fri_ros2_stack/lbr_moveit) by extensions ['ros']
[1.715s] Level 1:colcon.colcon_core.package_identification:_identify(src/lbr_fri_ros2_stack/lbr_moveit) by extension 'ros'
[1.715s] DEBUG:colcon.colcon_core.package_identification:Package 'src/lbr_fri_ros2_stack/lbr_moveit' with type 'ros.ament_cmake' and name 'lbr_moveit'
[1.715s] Level 1:colcon.colcon_core.package_identification:_identify(src/lbr_fri_ros2_stack/vision) by extensions ['ignore', 'ignore_ament_install']
[1.715s] Level 1:colcon.colcon_core.package_identification:_identify(src/lbr_fri_ros2_stack/vision) by extension 'ignore'
[1.715s] Level 1:colcon.colcon_core.package_identification:_identify(src/lbr_fri_ros2_stack/vision) by extension 'ignore_ament_install'
[1.715s] Level 1:colcon.colcon_core.package_identification:_identify(src/lbr_fri_ros2_stack/vision) by extensions ['colcon_pkg']
[1.715s] Level 1:colcon.colcon_core.package_identification:_identify(src/lbr_fri_ros2_stack/vision) by extension 'colcon_pkg'
[1.715s] Level 1:colcon.colcon_core.package_identification:_identify(src/lbr_fri_ros2_stack/vision) by extensions ['colcon_meta']
[1.715s] Level 1:colcon.colcon_core.package_identification:_identify(src/lbr_fri_ros2_stack/vision) by extension 'colcon_meta'
[1.715s] Level 1:colcon.colcon_core.package_identification:_identify(src/lbr_fri_ros2_stack/vision) by extensions ['ros']
[1.715s] Level 1:colcon.colcon_core.package_identification:_identify(src/lbr_fri_ros2_stack/vision) by extension 'ros'
[1.715s] Level 1:colcon.colcon_core.package_identification:_identify(src/lbr_fri_ros2_stack/vision) by extensions ['cmake', 'python']
[1.715s] Level 1:colcon.colcon_core.package_identification:_identify(src/lbr_fri_ros2_stack/vision) by extension 'cmake'
[1.715s] Level 1:colcon.colcon_core.package_identification:_identify(src/lbr_fri_ros2_stack/vision) by extension 'python'
[1.715s] Level 1:colcon.colcon_core.package_identification:_identify(src/lbr_fri_ros2_stack/vision) by extensions ['python_setup_py']
[1.715s] Level 1:colcon.colcon_core.package_identification:_identify(src/lbr_fri_ros2_stack/vision) by extension 'python_setup_py'
[1.715s] Level 1:colcon.colcon_core.package_identification:_identify(src/lbr_fri_ros2_stack/vision/visual_servo) by extensions ['ignore', 'ignore_ament_install']
[1.715s] Level 1:colcon.colcon_core.package_identification:_identify(src/lbr_fri_ros2_stack/vision/visual_servo) by extension 'ignore'
[1.715s] Level 1:colcon.colcon_core.package_identification:_identify(src/lbr_fri_ros2_stack/vision/visual_servo) by extension 'ignore_ament_install'
[1.715s] Level 1:colcon.colcon_core.package_identification:_identify(src/lbr_fri_ros2_stack/vision/visual_servo) by extensions ['colcon_pkg']
[1.715s] Level 1:colcon.colcon_core.package_identification:_identify(src/lbr_fri_ros2_stack/vision/visual_servo) by extension 'colcon_pkg'
[1.715s] Level 1:colcon.colcon_core.package_identification:_identify(src/lbr_fri_ros2_stack/vision/visual_servo) by extensions ['colcon_meta']
[1.715s] Level 1:colcon.colcon_core.package_identification:_identify(src/lbr_fri_ros2_stack/vision/visual_servo) by extension 'colcon_meta'
[1.715s] Level 1:colcon.colcon_core.package_identification:_identify(src/lbr_fri_ros2_stack/vision/visual_servo) by extensions ['ros']
[1.715s] Level 1:colcon.colcon_core.package_identification:_identify(src/lbr_fri_ros2_stack/vision/visual_servo) by extension 'ros'
[1.716s] DEBUG:colcon.colcon_core.package_identification:Package 'src/lbr_fri_ros2_stack/vision/visual_servo' with type 'ros.ament_cmake' and name 'visual_servo'
[1.716s] Level 1:colcon.colcon_core.package_discovery:discover_packages(recursive) using defaults
[1.716s] Level 1:colcon.colcon_core.package_discovery:discover_packages(ignore) discover
[1.716s] Level 1:colcon.colcon_core.package_discovery:discover_packages(ignore) using defaults
[1.716s] Level 1:colcon.colcon_core.package_discovery:discover_packages(path) discover
[1.716s] Level 1:colcon.colcon_core.package_discovery:discover_packages(path) using defaults
[1.804s] INFO:colcon.colcon_core.package_selection:Skipping not selected package 'fri_vendor' in 'src/fri_vendor'
[1.804s] INFO:colcon.colcon_core.package_selection:Skipping not selected package 'lbr_description' in 'src/lbr_fri_ros2_stack/lbr_description'
[1.804s] INFO:colcon.colcon_core.package_selection:Skipping not selected package 'lbr_fri_msgs' in 'src/lbr_fri_ros2_stack/lbr_fri_msgs'
[1.804s] INFO:colcon.colcon_core.package_selection:Skipping not selected package 'lbr_moveit' in 'src/lbr_fri_ros2_stack/lbr_moveit'
[1.804s] INFO:colcon.colcon_core.package_selection:Skipping not selected package 'workspace_controller' in 'src/lbr_fri_ros2_stack/control/workspace_controller'
[1.804s] INFO:colcon.colcon_core.package_selection:Skipping not selected package 'lbr_fri_ros2' in 'src/lbr_fri_ros2_stack/lbr_fri_ros2'
[1.804s] INFO:colcon.colcon_core.package_selection:Skipping not selected package 'lbr_demos_fri_ros2_advanced_python' in 'src/lbr_fri_ros2_stack/lbr_demos/lbr_demos_fri_ros2_advanced_python'
[1.804s] INFO:colcon.colcon_core.package_selection:Skipping not selected package 'lbr_demos_fri_ros2_cpp' in 'src/lbr_fri_ros2_stack/lbr_demos/lbr_demos_fri_ros2_cpp'
[1.804s] INFO:colcon.colcon_core.package_selection:Skipping not selected package 'lbr_demos_fri_ros2_python' in 'src/lbr_fri_ros2_stack/lbr_demos/lbr_demos_fri_ros2_python'
[1.804s] INFO:colcon.colcon_core.package_selection:Skipping not selected package 'lbr_hardware_interface' in 'src/lbr_fri_ros2_stack/lbr_hardware_interface'
[1.804s] INFO:colcon.colcon_core.package_selection:Skipping not selected package 'lbr_bringup' in 'src/lbr_fri_ros2_stack/lbr_bringup'
[1.804s] INFO:colcon.colcon_core.package_selection:Skipping not selected package 'lbr_demos_ros2_control_cpp' in 'src/lbr_fri_ros2_stack/lbr_demos/lbr_demos_ros2_control_cpp'
[1.804s] INFO:colcon.colcon_core.package_selection:Skipping not selected package 'lbr_demos_ros2_control_python' in 'src/lbr_fri_ros2_stack/lbr_demos/lbr_demos_ros2_control_python'
[1.804s] INFO:colcon.colcon_core.package_selection:Skipping not selected package 'lbr_fri_ros2_stack' in 'src/lbr_fri_ros2_stack/lbr_fri_ros2_stack'
[1.855s] Level 1:colcon.colcon_core.package_discovery:discover_packages(prefix_path) check parameters
[1.855s] Level 1:colcon.colcon_core.package_discovery:discover_packages(prefix_path) discover
[1.881s] Level 1:colcon.colcon_core.package_discovery:discover_packages(prefix_path) using defaults
[1.939s] Level 5:colcon.colcon_core.verb:set package 'visual_servo' build argument 'cmake_args' from command line to 'None'
[1.939s] Level 5:colcon.colcon_core.verb:set package 'visual_servo' build argument 'cmake_target' from command line to 'None'
[1.939s] Level 5:colcon.colcon_core.verb:set package 'visual_servo' build argument 'cmake_target_skip_unavailable' from command line to 'False'
[1.939s] Level 5:colcon.colcon_core.verb:set package 'visual_servo' build argument 'cmake_clean_cache' from command line to 'False'
[1.939s] Level 5:colcon.colcon_core.verb:set package 'visual_servo' build argument 'cmake_clean_first' from command line to 'False'
[1.939s] Level 5:colcon.colcon_core.verb:set package 'visual_servo' build argument 'cmake_force_configure' from command line to 'False'
[1.939s] Level 5:colcon.colcon_core.verb:set package 'visual_servo' build argument 'ament_cmake_args' from command line to 'None'
[1.939s] Level 5:colcon.colcon_core.verb:set package 'visual_servo' build argument 'catkin_cmake_args' from command line to 'None'
[1.939s] Level 5:colcon.colcon_core.verb:set package 'visual_servo' build argument 'catkin_skip_building_tests' from command line to 'False'
[1.939s] DEBUG:colcon.colcon_core.verb:Building package 'visual_servo' with the following arguments: {'ament_cmake_args': None, 'build_base': '/home/pingpongproject/code/ping-pong-robot/lbr_fri_ros2_stack_ws_foxy2/build/visual_servo', 'catkin_cmake_args': None, 'catkin_skip_building_tests': False, 'cmake_args': None, 'cmake_clean_cache': False, 'cmake_clean_first': False, 'cmake_force_configure': False, 'cmake_target': None, 'cmake_target_skip_unavailable': False, 'install_base': '/home/pingpongproject/code/ping-pong-robot/lbr_fri_ros2_stack_ws_foxy2/install/visual_servo', 'merge_install': False, 'path': '/home/pingpongproject/code/ping-pong-robot/lbr_fri_ros2_stack_ws_foxy2/src/lbr_fri_ros2_stack/vision/visual_servo', 'symlink_install': False, 'test_result_base': None}
[1.965s] INFO:colcon.colcon_core.executor:Executing jobs using 'parallel' executor
[1.991s] DEBUG:colcon.colcon_parallel_executor.executor.parallel:run_until_complete
[1.991s] INFO:colcon.colcon_ros.task.ament_cmake.build:Building ROS package in '/home/pingpongproject/code/ping-pong-robot/lbr_fri_ros2_stack_ws_foxy2/src/lbr_fri_ros2_stack/vision/visual_servo' with build type 'ament_cmake'
[1.991s] INFO:colcon.colcon_cmake.task.cmake.build:Building CMake package in '/home/pingpongproject/code/ping-pong-robot/lbr_fri_ros2_stack_ws_foxy2/src/lbr_fri_ros2_stack/vision/visual_servo'
[2.018s] INFO:colcon.colcon_core.plugin_system:Skipping extension 'colcon_core.shell.bat': Not used on non-Windows systems
[2.018s] INFO:colcon.colcon_core.shell:Skip shell extension 'powershell' for command environment: Not usable outside of PowerShell
[2.018s] DEBUG:colcon.colcon_core.shell:Skip shell extension 'dsv' for command environment
[2.049s] DEBUG:colcon.colcon_core.event_handler.log_command:Invoking command in '/home/pingpongproject/code/ping-pong-robot/lbr_fri_ros2_stack_ws_foxy2/build/visual_servo': /home/pingpongproject/.local/bin/cmake /home/pingpongproject/code/ping-pong-robot/lbr_fri_ros2_stack_ws_foxy2/src/lbr_fri_ros2_stack/vision/visual_servo -DCMAKE_INSTALL_PREFIX=/home/pingpongproject/code/ping-pong-robot/lbr_fri_ros2_stack_ws_foxy2/install/visual_servo
[2.066s] DEBUG:colcon.colcon_core.event_handler.log_command:Invoked command in '/home/pingpongproject/code/ping-pong-robot/lbr_fri_ros2_stack_ws_foxy2/build/visual_servo' returned '1': /home/pingpongproject/.local/bin/cmake /home/pingpongproject/code/ping-pong-robot/lbr_fri_ros2_stack_ws_foxy2/src/lbr_fri_ros2_stack/vision/visual_servo -DCMAKE_INSTALL_PREFIX=/home/pingpongproject/code/ping-pong-robot/lbr_fri_ros2_stack_ws_foxy2/install/visual_servo
[2.087s] Level 1:colcon.colcon_core.environment:create_environment_scripts_only(visual_servo)
[2.120s] Level 1:colcon.colcon_core.environment:checking '/home/pingpongproject/code/ping-pong-robot/lbr_fri_ros2_stack_ws_foxy2/install/visual_servo' for CMake module files
[2.120s] Level 1:colcon.colcon_core.environment:checking '/home/pingpongproject/code/ping-pong-robot/lbr_fri_ros2_stack_ws_foxy2/install/visual_servo' for CMake config files
[2.120s] Level 1:colcon.colcon_core.environment:checking '/home/pingpongproject/code/ping-pong-robot/lbr_fri_ros2_stack_ws_foxy2/install/visual_servo/bin'
[2.120s] Level 1:colcon.colcon_core.environment:checking '/home/pingpongproject/code/ping-pong-robot/lbr_fri_ros2_stack_ws_foxy2/install/visual_servo/lib/pkgconfig/visual_servo.pc'
[2.121s] Level 1:colcon.colcon_core.environment:checking '/home/pingpongproject/code/ping-pong-robot/lbr_fri_ros2_stack_ws_foxy2/install/visual_servo/lib/python3.8/site-packages'
[2.121s] Level 1:colcon.colcon_core.environment:checking '/home/pingpongproject/code/ping-pong-robot/lbr_fri_ros2_stack_ws_foxy2/install/visual_servo/bin'
[2.147s] INFO:colcon.colcon_core.shell:Creating package script '/home/pingpongproject/code/ping-pong-robot/lbr_fri_ros2_stack_ws_foxy2/install/visual_servo/share/visual_servo/package.ps1'
[2.148s] INFO:colcon.colcon_core.shell:Creating package descriptor '/home/pingpongproject/code/ping-pong-robot/lbr_fri_ros2_stack_ws_foxy2/install/visual_servo/share/visual_servo/package.dsv'
[2.148s] INFO:colcon.colcon_core.shell:Creating package script '/home/pingpongproject/code/ping-pong-robot/lbr_fri_ros2_stack_ws_foxy2/install/visual_servo/share/visual_servo/package.sh'
[2.148s] INFO:colcon.colcon_core.shell:Creating package script '/home/pingpongproject/code/ping-pong-robot/lbr_fri_ros2_stack_ws_foxy2/install/visual_servo/share/visual_servo/package.bash'
[2.149s] INFO:colcon.colcon_core.shell:Creating package script '/home/pingpongproject/code/ping-pong-robot/lbr_fri_ros2_stack_ws_foxy2/install/visual_servo/share/visual_servo/package.zsh'
[2.149s] Level 1:colcon.colcon_core.environment:create_file_with_runtime_dependencies(/home/pingpongproject/code/ping-pong-robot/lbr_fri_ros2_stack_ws_foxy2/install/visual_servo/share/colcon-core/packages/visual_servo)
[2.159s] DEBUG:colcon.colcon_parallel_executor.executor.parallel:closing loop
[2.159s] DEBUG:colcon.colcon_parallel_executor.executor.parallel:loop closed
[2.160s] DEBUG:colcon.colcon_parallel_executor.executor.parallel:run_until_complete finished with '1'
[2.160s] DEBUG:colcon.colcon_core.event_reactor:joining thread
[2.188s] INFO:colcon.colcon_core.plugin_system:Skipping extension 'colcon_notification.desktop_notification.terminal_notifier': Not used on non-Darwin systems
[2.189s] INFO:colcon.colcon_core.plugin_system:Skipping extension 'colcon_notification.desktop_notification.win32': Not used on non-Windows systems
[2.189s] INFO:colcon.colcon_notification.desktop_notification:Sending desktop notification using 'notify2'
[2.197s] DEBUG:colcon.colcon_core.event_reactor:joined thread
[2.224s] INFO:colcon.colcon_core.shell:Creating prefix script '/home/pingpongproject/code/ping-pong-robot/lbr_fri_ros2_stack_ws_foxy2/install/local_setup.ps1'
[2.224s] INFO:colcon.colcon_core.shell:Creating prefix util module '/home/pingpongproject/code/ping-pong-robot/lbr_fri_ros2_stack_ws_foxy2/install/_local_setup_util_ps1.py'
[2.225s] INFO:colcon.colcon_core.shell:Creating prefix chain script '/home/pingpongproject/code/ping-pong-robot/lbr_fri_ros2_stack_ws_foxy2/install/setup.ps1'
[2.251s] INFO:colcon.colcon_core.shell:Creating prefix script '/home/pingpongproject/code/ping-pong-robot/lbr_fri_ros2_stack_ws_foxy2/install/local_setup.sh'
[2.252s] INFO:colcon.colcon_core.shell:Creating prefix util module '/home/pingpongproject/code/ping-pong-robot/lbr_fri_ros2_stack_ws_foxy2/install/_local_setup_util_sh.py'
[2.252s] INFO:colcon.colcon_core.shell:Creating prefix chain script '/home/pingpongproject/code/ping-pong-robot/lbr_fri_ros2_stack_ws_foxy2/install/setup.sh'
[2.279s] INFO:colcon.colcon_core.shell:Creating prefix script '/home/pingpongproject/code/ping-pong-robot/lbr_fri_ros2_stack_ws_foxy2/install/local_setup.bash'
[2.279s] INFO:colcon.colcon_core.shell:Creating prefix chain script '/home/pingpongproject/code/ping-pong-robot/lbr_fri_ros2_stack_ws_foxy2/install/setup.bash'
[2.305s] INFO:colcon.colcon_core.shell:Creating prefix script '/home/pingpongproject/code/ping-pong-robot/lbr_fri_ros2_stack_ws_foxy2/install/local_setup.zsh'
[2.305s] INFO:colcon.colcon_core.shell:Creating prefix chain script '/home/pingpongproject/code/ping-pong-robot/lbr_fri_ros2_stack_ws_foxy2/install/setup.zsh'
