running egg_info
writing ../../build/camera_feed/camera_feed.egg-info/PKG-INFO
writing dependency_links to ../../build/camera_feed/camera_feed.egg-info/dependency_links.txt
writing entry points to ../../build/camera_feed/camera_feed.egg-info/entry_points.txt
writing requirements to ../../build/camera_feed/camera_feed.egg-info/requires.txt
writing top-level names to ../../build/camera_feed/camera_feed.egg-info/top_level.txt
reading manifest file '../../build/camera_feed/camera_feed.egg-info/SOURCES.txt'
writing manifest file '../../build/camera_feed/camera_feed.egg-info/SOURCES.txt'
running build
running build_py
copying camera_feed/train_test.py -> /home/dvij/ee206-project/ping-pong-robot/ppr_ws/build/camera_feed/build/lib/camera_feed
copying camera_feed/test.py -> /home/dvij/ee206-project/ping-pong-robot/ppr_ws/build/camera_feed/build/lib/camera_feed
copying camera_feed/cam_pub_copy.py -> /home/dvij/ee206-project/ping-pong-robot/ppr_ws/build/camera_feed/build/lib/camera_feed
copying camera_feed/calibratetest.py -> /home/dvij/ee206-project/ping-pong-robot/ppr_ws/build/camera_feed/build/lib/camera_feed
copying camera_feed/match_maker.py -> /home/dvij/ee206-project/ping-pong-robot/ppr_ws/build/camera_feed/build/lib/camera_feed
copying camera_feed/photoselction.py -> /home/dvij/ee206-project/ping-pong-robot/ppr_ws/build/camera_feed/build/lib/camera_feed
copying camera_feed/__init__.py -> /home/dvij/ee206-project/ping-pong-robot/ppr_ws/build/camera_feed/build/lib/camera_feed
copying camera_feed/new_cal.py -> /home/dvij/ee206-project/ping-pong-robot/ppr_ws/build/camera_feed/build/lib/camera_feed
copying camera_feed/photoselection.py -> /home/dvij/ee206-project/ping-pong-robot/ppr_ws/build/camera_feed/build/lib/camera_feed
copying camera_feed/cam_pub.py -> /home/dvij/ee206-project/ping-pong-robot/ppr_ws/build/camera_feed/build/lib/camera_feed
copying camera_feed/utils.py -> /home/dvij/ee206-project/ping-pong-robot/ppr_ws/build/camera_feed/build/lib/camera_feed
copying camera_feed/cam_sync_sub.py -> /home/dvij/ee206-project/ping-pong-robot/ppr_ws/build/camera_feed/build/lib/camera_feed
copying camera_feed/phototaking.py -> /home/dvij/ee206-project/ping-pong-robot/ppr_ws/build/camera_feed/build/lib/camera_feed
copying camera_feed/cv2test.py -> /home/dvij/ee206-project/ping-pong-robot/ppr_ws/build/camera_feed/build/lib/camera_feed
copying camera_feed/test2.py -> /home/dvij/ee206-project/ping-pong-robot/ppr_ws/build/camera_feed/build/lib/camera_feed
copying camera_feed/utilscopy.py -> /home/dvij/ee206-project/ping-pong-robot/ppr_ws/build/camera_feed/build/lib/camera_feed
running install
running install_lib
byte-compiling /home/dvij/ee206-project/ping-pong-robot/ppr_ws/install/camera_feed/lib/python3.8/site-packages/camera_feed/test2.py to test2.cpython-38.pyc
running install_data
copying resource/camera_feed -> /home/dvij/ee206-project/ping-pong-robot/ppr_ws/install/camera_feed/share/ament_index/resource_index/packages
copying package.xml -> /home/dvij/ee206-project/ping-pong-robot/ppr_ws/install/camera_feed/share/camera_feed
copying launch/camera_feed_launch.py -> /home/dvij/ee206-project/ping-pong-robot/ppr_ws/install/camera_feed/share/camera_feed
running install_egg_info
removing '/home/dvij/ee206-project/ping-pong-robot/ppr_ws/install/camera_feed/lib/python3.8/site-packages/camera_feed-0.0.0-py3.8.egg-info' (and everything under it)
Copying ../../build/camera_feed/camera_feed.egg-info to /home/dvij/ee206-project/ping-pong-robot/ppr_ws/install/camera_feed/lib/python3.8/site-packages/camera_feed-0.0.0-py3.8.egg-info
running install_scripts
Installing cam_pub script to /home/dvij/ee206-project/ping-pong-robot/ppr_ws/install/camera_feed/lib/camera_feed
Installing cam_sync_sub script to /home/dvij/ee206-project/ping-pong-robot/ppr_ws/install/camera_feed/lib/camera_feed
writing list of installed files to '/home/dvij/ee206-project/ping-pong-robot/ppr_ws/build/camera_feed/install.log'
