-- The C compiler identification is GNU 9.4.0
-- The CXX compiler identification is GNU 9.4.0
-- Detecting C compiler ABI info
-- Detecting C compiler ABI info - done
-- Check for working C compiler: /usr/bin/cc - skipped
-- Detecting C compile features
-- Detecting C compile features - done
-- Detecting CXX compiler ABI info
-- Detecting CXX compiler ABI info - done
-- Check for working CXX compiler: /usr/bin/c++ - skipped
-- Detecting CXX compile features
-- Detecting CXX compile features - done
-- Found ament_cmake: 0.9.12 (/opt/ros/foxy/share/ament_cmake/cmake)
-- Found PythonInterp: /usr/bin/python3 (found suitable version "3.8.10", minimum required is "3") 
-- Using PYTHON_EXECUTABLE: /usr/bin/python3
-- Override CMake install command with custom implementation using symlinks instead of copying resources
-- Found control_msgs: 2.5.1 (/opt/ros/foxy/share/control_msgs/cmake)
-- Using all available rosidl_typesupport_c: rosidl_typesupport_fastrtps_c;rosidl_typesupport_introspection_c
-- Found rosidl_adapter: 1.3.1 (/opt/ros/foxy/share/rosidl_adapter/cmake)
-- Found OpenSSL: /usr/lib/x86_64-linux-gnu/libcrypto.so (found version "1.1.1f")  
-- Found FastRTPS: /opt/ros/foxy/include  
-- Using all available rosidl_typesupport_cpp: rosidl_typesupport_fastrtps_cpp;rosidl_typesupport_introspection_cpp
-- Found fri_vendor: 1.0.0 (/home/pingpongproject/code/ping-pong-robot/lbr_fri_ros2_stack_ws_foxy2/install/fri_vendor/share/fri_vendor/cmake)
-- Found rclcpp: 2.4.3 (/opt/ros/foxy/share/rclcpp/cmake)
-- Found rmw_implementation_cmake: 1.0.4 (/opt/ros/foxy/share/rmw_implementation_cmake/cmake)
-- Using RMW implementation 'rmw_fastrtps_cpp' as default
-- Performing Test CMAKE_HAVE_LIBC_PTHREAD
-- Performing Test CMAKE_HAVE_LIBC_PTHREAD - Failed
-- Looking for pthread_create in pthreads
-- Looking for pthread_create in pthreads - not found
-- Looking for pthread_create in pthread
-- Looking for pthread_create in pthread - found
-- Found Threads: TRUE  
-- Found rclcpp_action: 2.4.3 (/opt/ros/foxy/share/rclcpp_action/cmake)
-- Configuring done (1.0s)
-- Generating done (0.0s)
-- Build files have been written to: /home/pingpongproject/code/ping-pong-robot/lbr_fri_ros2_stack_ws_foxy2/build/lbr_demos_ros2_control_cpp
[ 50%] [32mBuilding CXX object CMakeFiles/lbr_joint_trajectory_executioner_node.dir/src/lbr_joint_trajectory_executioner_node.cpp.o[0m
[100%] [32m[1mLinking CXX executable lbr_joint_trajectory_executioner_node[0m
[100%] Built target lbr_joint_trajectory_executioner_node
-- Install configuration: "Release"
-- Execute custom install script
-- Symlinking: /home/pingpongproject/code/ping-pong-robot/lbr_fri_ros2_stack_ws_foxy2/install/lbr_demos_ros2_control_cpp/lib/lbr_demos_ros2_control_cpp/lbr_joint_trajectory_executioner_node
-- Symlinking: /home/pingpongproject/code/ping-pong-robot/lbr_fri_ros2_stack_ws_foxy2/install/lbr_demos_ros2_control_cpp/share/ament_index/resource_index/package_run_dependencies/lbr_demos_ros2_control_cpp
-- Symlinking: /home/pingpongproject/code/ping-pong-robot/lbr_fri_ros2_stack_ws_foxy2/install/lbr_demos_ros2_control_cpp/share/ament_index/resource_index/parent_prefix_path/lbr_demos_ros2_control_cpp
-- Symlinking: /home/pingpongproject/code/ping-pong-robot/lbr_fri_ros2_stack_ws_foxy2/install/lbr_demos_ros2_control_cpp/share/lbr_demos_ros2_control_cpp/environment/ament_prefix_path.sh
-- Symlinking: /home/pingpongproject/code/ping-pong-robot/lbr_fri_ros2_stack_ws_foxy2/install/lbr_demos_ros2_control_cpp/share/lbr_demos_ros2_control_cpp/environment/ament_prefix_path.dsv
-- Symlinking: /home/pingpongproject/code/ping-pong-robot/lbr_fri_ros2_stack_ws_foxy2/install/lbr_demos_ros2_control_cpp/share/lbr_demos_ros2_control_cpp/environment/path.sh
-- Symlinking: /home/pingpongproject/code/ping-pong-robot/lbr_fri_ros2_stack_ws_foxy2/install/lbr_demos_ros2_control_cpp/share/lbr_demos_ros2_control_cpp/environment/path.dsv
-- Symlinking: /home/pingpongproject/code/ping-pong-robot/lbr_fri_ros2_stack_ws_foxy2/install/lbr_demos_ros2_control_cpp/share/lbr_demos_ros2_control_cpp/local_setup.bash
-- Symlinking: /home/pingpongproject/code/ping-pong-robot/lbr_fri_ros2_stack_ws_foxy2/install/lbr_demos_ros2_control_cpp/share/lbr_demos_ros2_control_cpp/local_setup.sh
-- Symlinking: /home/pingpongproject/code/ping-pong-robot/lbr_fri_ros2_stack_ws_foxy2/install/lbr_demos_ros2_control_cpp/share/lbr_demos_ros2_control_cpp/local_setup.zsh
-- Symlinking: /home/pingpongproject/code/ping-pong-robot/lbr_fri_ros2_stack_ws_foxy2/install/lbr_demos_ros2_control_cpp/share/lbr_demos_ros2_control_cpp/local_setup.dsv
-- Symlinking: /home/pingpongproject/code/ping-pong-robot/lbr_fri_ros2_stack_ws_foxy2/install/lbr_demos_ros2_control_cpp/share/lbr_demos_ros2_control_cpp/package.dsv
-- Symlinking: /home/pingpongproject/code/ping-pong-robot/lbr_fri_ros2_stack_ws_foxy2/install/lbr_demos_ros2_control_cpp/share/ament_index/resource_index/packages/lbr_demos_ros2_control_cpp
-- Symlinking: /home/pingpongproject/code/ping-pong-robot/lbr_fri_ros2_stack_ws_foxy2/install/lbr_demos_ros2_control_cpp/share/lbr_demos_ros2_control_cpp/cmake/lbr_demos_ros2_control_cppConfig.cmake
-- Symlinking: /home/pingpongproject/code/ping-pong-robot/lbr_fri_ros2_stack_ws_foxy2/install/lbr_demos_ros2_control_cpp/share/lbr_demos_ros2_control_cpp/cmake/lbr_demos_ros2_control_cppConfig-version.cmake
-- Symlinking: /home/pingpongproject/code/ping-pong-robot/lbr_fri_ros2_stack_ws_foxy2/install/lbr_demos_ros2_control_cpp/share/lbr_demos_ros2_control_cpp/package.xml
