[ 33%] Built target servo_controller_input
[ 66%] Built target pose_tracking_servo_node
[100%] Built target servo_node
-- Install configuration: "Release"
-- Installing: /home/dvij/ee206-project/ping-pong-robot/ppr_ws/install/iiwa_moveit2/lib/iiwa_moveit2/pose_tracking_servo_node
-- Set non-toolchain portion of runtime path of "/home/dvij/ee206-project/ping-pong-robot/ppr_ws/install/iiwa_moveit2/lib/iiwa_moveit2/pose_tracking_servo_node" to ""
-- Installing: /home/dvij/ee206-project/ping-pong-robot/ppr_ws/install/iiwa_moveit2/lib/iiwa_moveit2/servo_node
-- Set non-toolchain portion of runtime path of "/home/dvij/ee206-project/ping-pong-robot/ppr_ws/install/iiwa_moveit2/lib/iiwa_moveit2/servo_node" to ""
-- Installing: /home/dvij/ee206-project/ping-pong-robot/ppr_ws/install/iiwa_moveit2/lib/libservo_controller_input.so
-- Set non-toolchain portion of runtime path of "/home/dvij/ee206-project/ping-pong-robot/ppr_ws/install/iiwa_moveit2/lib/libservo_controller_input.so" to ""
-- Installing: /home/dvij/ee206-project/ping-pong-robot/ppr_ws/install/iiwa_moveit2/share/iiwa_moveit2/environment/library_path.sh
-- Installing: /home/dvij/ee206-project/ping-pong-robot/ppr_ws/install/iiwa_moveit2/share/iiwa_moveit2/environment/library_path.dsv
-- Installing: /home/dvij/ee206-project/ping-pong-robot/ppr_ws/install/iiwa_moveit2/share/ament_index/resource_index/package_run_dependencies/iiwa_moveit2
-- Installing: /home/dvij/ee206-project/ping-pong-robot/ppr_ws/install/iiwa_moveit2/share/ament_index/resource_index/parent_prefix_path/iiwa_moveit2
-- Installing: /home/dvij/ee206-project/ping-pong-robot/ppr_ws/install/iiwa_moveit2/share/iiwa_moveit2/environment/ament_prefix_path.sh
-- Installing: /home/dvij/ee206-project/ping-pong-robot/ppr_ws/install/iiwa_moveit2/share/iiwa_moveit2/environment/ament_prefix_path.dsv
-- Installing: /home/dvij/ee206-project/ping-pong-robot/ppr_ws/install/iiwa_moveit2/share/iiwa_moveit2/environment/path.sh
-- Installing: /home/dvij/ee206-project/ping-pong-robot/ppr_ws/install/iiwa_moveit2/share/iiwa_moveit2/environment/path.dsv
-- Installing: /home/dvij/ee206-project/ping-pong-robot/ppr_ws/install/iiwa_moveit2/share/iiwa_moveit2/local_setup.bash
-- Installing: /home/dvij/ee206-project/ping-pong-robot/ppr_ws/install/iiwa_moveit2/share/iiwa_moveit2/local_setup.sh
-- Installing: /home/dvij/ee206-project/ping-pong-robot/ppr_ws/install/iiwa_moveit2/share/iiwa_moveit2/local_setup.zsh
-- Installing: /home/dvij/ee206-project/ping-pong-robot/ppr_ws/install/iiwa_moveit2/share/iiwa_moveit2/local_setup.dsv
-- Installing: /home/dvij/ee206-project/ping-pong-robot/ppr_ws/install/iiwa_moveit2/share/iiwa_moveit2/package.dsv
-- Installing: /home/dvij/ee206-project/ping-pong-robot/ppr_ws/install/iiwa_moveit2/share/ament_index/resource_index/packages/iiwa_moveit2
-- Installing: /home/dvij/ee206-project/ping-pong-robot/ppr_ws/install/iiwa_moveit2/share/ament_index/resource_index/rclcpp_components/iiwa_moveit2
-- Installing: /home/dvij/ee206-project/ping-pong-robot/ppr_ws/install/iiwa_moveit2/share/iiwa_moveit2/cmake/export_iiwa_moveit2Export.cmake
-- Installing: /home/dvij/ee206-project/ping-pong-robot/ppr_ws/install/iiwa_moveit2/share/iiwa_moveit2/cmake/export_iiwa_moveit2Export-release.cmake
-- Installing: /home/dvij/ee206-project/ping-pong-robot/ppr_ws/install/iiwa_moveit2/share/iiwa_moveit2/cmake/ament_cmake_export_targets-extras.cmake
-- Installing: /home/dvij/ee206-project/ping-pong-robot/ppr_ws/install/iiwa_moveit2/share/iiwa_moveit2/cmake/ament_cmake_export_dependencies-extras.cmake
-- Installing: /home/dvij/ee206-project/ping-pong-robot/ppr_ws/install/iiwa_moveit2/share/iiwa_moveit2/cmake/iiwa_moveit2Config.cmake
-- Installing: /home/dvij/ee206-project/ping-pong-robot/ppr_ws/install/iiwa_moveit2/share/iiwa_moveit2/cmake/iiwa_moveit2Config-version.cmake
-- Installing: /home/dvij/ee206-project/ping-pong-robot/ppr_ws/install/iiwa_moveit2/share/iiwa_moveit2/package.xml
