[0.020s] Invoking command in '/home/dvij/ee206-project/ping-pong-robot/ppr_ws/build/aruco_msgs': CONDA_PROMPT_MODIFIER=(base) /usr/local/bin/cmake /home/dvij/ee206-project/ping-pong-robot/ppr_ws/src/aruco_ros2/aruco_msgs -DCMAKE_INSTALL_PREFIX=/home/dvij/ee206-project/ping-pong-robot/ppr_ws/install/aruco_msgs
[0.153s] -- Configuring incomplete, errors occurred!
[0.153s] [31mCMake Error at CMakeLists.txt:14 (find_package):
[0.154s]   By not providing "Findament_cmake.cmake" in CMAKE_MODULE_PATH this project
[0.154s]   has asked CMake to find a package configuration file provided by
[0.155s]   "ament_cmake", but CMake did not find one.
[0.155s] 
[0.156s]   Could not find a package configuration file provided by "ament_cmake" with
[0.156s]   any of the following names:
[0.156s] 
[0.156s]     ament_cmakeConfig.cmake
[0.156s]     ament_cmake-config.cmake
[0.156s] 
[0.156s]   Add the installation prefix of "ament_cmake" to CMAKE_PREFIX_PATH or set
[0.157s]   "ament_cmake_DIR" to a directory containing one of the above files.  If
[0.157s]   "ament_cmake" provides a separate development package or SDK, be sure it
[0.157s]   has been installed.
[0.157s] 
[0.157s] [0m
[0.159s] Invoked command in '/home/dvij/ee206-project/ping-pong-robot/ppr_ws/build/aruco_msgs' returned '1': CONDA_PROMPT_MODIFIER=(base) /usr/local/bin/cmake /home/dvij/ee206-project/ping-pong-robot/ppr_ws/src/aruco_ros2/aruco_msgs -DCMAKE_INSTALL_PREFIX=/home/dvij/ee206-project/ping-pong-robot/ppr_ws/install/aruco_msgs
