[0.163s] Invoking command in '/home/dvij/ee206-project/ping-pong-robot/ppr_ws/build/ros2_aruco_interfaces': CMAKE_PREFIX_PATH=/home/dvij/ee206-project/ping-pong-robot/ppr_ws/install/ppr_interfaces:/home/dvij/ee206-project/ping-pong-robot/ppr_ws/install/iiwa_bringup:/home/dvij/ee206-project/ping-pong-robot/ppr_ws/install/iiwa_description:/home/dvij/ee206-project/ping-pong-robot/ppr_ws/install/cv_bridge:/home/dvij/ee206-project/ping-pong-robot/ppr_ws/install/scene_visualizer:/home/dvij/ee206-project/ping-pong-robot/ppr_ws/install/scene_interpreter:/home/dvij/ee206-project/ping-pong-robot/ppr_ws/install/camera_feed:/opt/ros/noetic CONDA_PROMPT_MODIFIER=(base) /usr/local/bin/cmake /home/dvij/ee206-project/ping-pong-robot/ppr_ws/ros2_aruco/ros2_aruco_interfaces -DCMAKE_INSTALL_PREFIX=/home/dvij/ee206-project/ping-pong-robot/ppr_ws/install/ros2_aruco_interfaces
[0.195s] -- The C compiler identification is GNU 9.4.0
[0.238s] -- The CXX compiler identification is GNU 9.4.0
[0.247s] -- Detecting C compiler ABI info
[0.290s] -- Detecting C compiler ABI info - done
[0.301s] -- Check for working C compiler: /usr/bin/cc - skipped
[0.301s] -- Detecting C compile features
[0.302s] -- Detecting C compile features - done
[0.304s] -- Detecting CXX compiler ABI info
[0.351s] -- Detecting CXX compiler ABI info - done
[0.360s] -- Check for working CXX compiler: /usr/bin/c++ - skipped
[0.360s] -- Detecting CXX compile features
[0.361s] -- Detecting CXX compile features - done
[0.368s] [31mCMake Error at CMakeLists.txt:19 (find_package):
[0.368s]   By not providing "Findament_cmake.cmake" in CMAKE_MODULE_PATH this project
[0.368s]   has asked CMake to find a package configuration file provided by
[0.368s]   "ament_cmake", but CMake did not find one.
[0.368s] 
[0.368s]   Could not find a package configuration file provided by "ament_cmake" with
[0.368s]   any of the following names:
[0.368s] 
[0.368s]     ament_cmakeConfig.cmake
[0.368s]     ament_cmake-config.cmake
[0.368s] 
[0.368s]   Add the installation prefix of "ament_cmake" to CMAKE_PREFIX_PATH or set
[0.369s]   "ament_cmake_DIR" to a directory containing one of the above files.  If
[0.369s]   "ament_cmake" provides a separate development package or SDK, be sure it
[0.369s]   has been installed.
[0.369s] 
[0.369s] [0m
[0.369s] -- Configuring incomplete, errors occurred!
