-- The C compiler identification is GNU 9.4.0
-- The CXX compiler identification is GNU 9.4.0
-- Detecting C compiler ABI info
-- Detecting C compiler ABI info - done
-- Check for working C compiler: /usr/bin/cc - skipped
-- Detecting C compile features
-- Detecting C compile features - done
-- Detecting CXX compiler ABI info
-- Detecting CXX compiler ABI info - done
-- Check for working CXX compiler: /usr/bin/c++ - skipped
-- Detecting CXX compile features
-- Detecting CXX compile features - done
-- Found rmw: 1.0.4 (/opt/ros/foxy/share/rmw/cmake)
[33mCMake Warning (dev) at /opt/ros/foxy/share/ament_cmake_core/cmake/core/python.cmake:22 (find_package):
  Policy CMP0148 is not set: The FindPythonInterp and FindPythonLibs modules
  are removed.  Run "cmake --help-policy CMP0148" for policy details.  Use
  the cmake_policy command to set the policy and suppress this warning.

Call Stack (most recent call first):
  /opt/ros/foxy/share/ament_cmake_core/cmake/core/all.cmake:53 (include)
  /opt/ros/foxy/share/ament_cmake_core/cmake/ament_cmake_core-extras.cmake:17 (include)
  /opt/ros/foxy/share/ament_cmake_core/cmake/ament_cmake_coreConfig.cmake:41 (include)
  /opt/ros/foxy/share/rmw/cmake/ament_cmake_export_dependencies-extras.cmake:15 (find_package)
  /opt/ros/foxy/share/rmw/cmake/rmwConfig.cmake:41 (include)
  CMakeLists.txt:13 (find_package)
This warning is for project developers.  Use -Wno-dev to suppress it.
[0m
-- Found PythonInterp: /home/dvij/anaconda3/bin/python3 (found suitable version "3.9.7", minimum required is "3")
-- Using PYTHON_EXECUTABLE: /home/dvij/anaconda3/bin/python3
-- Override CMake install command with custom implementation using symlinks instead of copying resources
-- Found rclcpp: 2.4.3 (/opt/ros/foxy/share/rclcpp/cmake)
-- Using all available rosidl_typesupport_c: rosidl_typesupport_fastrtps_c;rosidl_typesupport_introspection_c
-- Found rosidl_adapter: 1.3.1 (/opt/ros/foxy/share/rosidl_adapter/cmake)
-- Found OpenSSL: /usr/lib/x86_64-linux-gnu/libcrypto.so (found version "1.1.1f")
-- Found FastRTPS: /opt/ros/foxy/include
-- Using all available rosidl_typesupport_cpp: rosidl_typesupport_fastrtps_cpp;rosidl_typesupport_introspection_cpp
-- Found rmw_implementation_cmake: 1.0.4 (/opt/ros/foxy/share/rmw_implementation_cmake/cmake)
-- Using RMW implementation 'rmw_fastrtps_cpp' as default
-- Performing Test CMAKE_HAVE_LIBC_PTHREAD
-- Performing Test CMAKE_HAVE_LIBC_PTHREAD - Failed
-- Looking for pthread_create in pthreads
-- Looking for pthread_create in pthreads - not found
-- Looking for pthread_create in pthread
-- Looking for pthread_create in pthread - found
-- Found Threads: TRUE
-- Found PkgConfig: /usr/bin/pkg-config (found version "0.29.1")
-- Checking for module 'roscpp'
--   Found roscpp, version 1.16.0
-- Checking for module 'std_msgs'
--   Found std_msgs, version 0.5.13
-- Checking for module 'actionlib'
--   Found actionlib, version 1.14.0
-- Checking for module 'actionlib_msgs'
--   Found actionlib_msgs, version 1.13.1
-- Checking for module 'actionlib_tutorials'
--   Found actionlib_tutorials, version 0.2.0
-- Checking for module 'bond'
--   Found bond, version 1.8.6
-- Checking for module 'control_msgs'
--   Found control_msgs, version 1.5.2
-- Checking for module 'controller_manager_msgs'
--   Found controller_manager_msgs, version 0.20.0
-- Checking for module 'diagnostic_msgs'
--   Found diagnostic_msgs, version 1.13.1
-- Checking for module 'dynamic_reconfigure'
--   Found dynamic_reconfigure, version 1.7.3
-- Checking for module 'gazebo_msgs'
--   Found gazebo_msgs, version 2.9.2
-- Checking for module 'geometry_msgs'
--   Found geometry_msgs, version 1.13.1
-- Checking for module 'map_msgs'
--   Found map_msgs, version 1.14.1
-- Checking for module 'moveit_msgs'
--   Found moveit_msgs, version 0.11.4
-- Checking for module 'nav_msgs'
--   Found nav_msgs, version 1.13.1
-- Checking for module 'object_recognition_msgs'
--   Found object_recognition_msgs, version 0.4.2
-- Checking for module 'octomap_msgs'
--   Found octomap_msgs, version 0.3.5
-- Checking for module 'pcl_msgs'
--   Found pcl_msgs, version 0.3.0
-- Checking for module 'rosgraph_msgs'
--   Found rosgraph_msgs, version 1.11.3
-- Checking for module 'rospy_tutorials'
--   Found rospy_tutorials, version 0.10.2
-- Checking for module 'sensor_msgs'
--   Found sensor_msgs, version 1.13.1
-- Checking for module 'shape_msgs'
--   Found shape_msgs, version 1.13.1
-- Checking for module 'smach_msgs'
--   Found smach_msgs, version 2.5.2
-- Checking for module 'stereo_msgs'
--   Found stereo_msgs, version 1.13.1
-- Checking for module 'tf'
--   Found tf, version 1.13.2
-- Checking for module 'tf2_msgs'
--   Found tf2_msgs, version 0.7.7
-- Checking for module 'theora_image_transport'
--   Found theora_image_transport, version 1.15.0
-- Checking for module 'trajectory_msgs'
--   Found trajectory_msgs, version 1.13.1
-- Checking for module 'turtle_actionlib'
--   Found turtle_actionlib, version 0.2.0
-- Checking for module 'turtlesim'
--   Found turtlesim, version 0.10.2
-- Checking for module 'visualization_msgs'
--   Found visualization_msgs, version 1.13.1
-- Checking for module 'control_toolbox'
--   Found control_toolbox, version 1.19.0
-- Checking for module 'laser_assembler'
--   Found laser_assembler, version 1.7.8
-- Checking for module 'polled_camera'
--   Found polled_camera, version 1.12.0
-- Checking for module 'roscpp_tutorials'
--   Found roscpp_tutorials, version 0.10.2
-- Checking for module 'rviz'
--   Found rviz, version 1.14.25
-- Checking for module 'std_srvs'
--   Found std_srvs, version 1.11.3
-- Checking for module 'topic_tools'
--   Found topic_tools, version 1.16.0
-- Found ament_lint_auto: 0.9.8 (/opt/ros/foxy/share/ament_lint_auto/cmake)
-- Found diagnostic_msgs: 2.0.5 (/opt/ros/foxy/share/diagnostic_msgs/cmake)
-- Checking for module 'roslaunch'
--   Found roslaunch, version 1.16.0
Traceback (most recent call last):
  File "/opt/ros/foxy/share/ament_cmake_core/cmake/core/package_xml_2_cmake.py", line 21, in <module>
    from catkin_pkg.package import parse_package_string
ModuleNotFoundError: No module named 'catkin_pkg'
[31mCMake Error at /opt/ros/foxy/share/ament_cmake_core/cmake/core/ament_package_xml.cmake:94 (message):
  execute_process(/home/dvij/anaconda3/bin/python3
  /opt/ros/foxy/share/ament_cmake_core/cmake/core/package_xml_2_cmake.py
  /home/dvij/ee206-project/ros2_ws/src/ros1_bridge/package.xml
  /home/dvij/ee206-project/ros2_ws/build/ros1_bridge/ament_cmake_core/package.cmake)
  returned error code 1
Call Stack (most recent call first):
  /opt/ros/foxy/share/ament_cmake_core/cmake/core/ament_package_xml.cmake:49 (_ament_package_xml)
  /opt/ros/foxy/share/ament_lint_auto/cmake/ament_lint_auto_find_test_dependencies.cmake:31 (ament_package_xml)
  CMakeLists.txt:71 (ament_lint_auto_find_test_dependencies)

[0m
-- Configuring incomplete, errors occurred!
