[0.021s] Invoking command in '/home/dvij/ee206-project/ping-pong-robot/ppr_ws/build/impedance_controller': CMAKE_PREFIX_PATH=/home/dvij/ee206-project/ping-pong-robot/ppr_ws/install/ppr_interfaces:/home/dvij/ee206-project/ping-pong-robot/ppr_ws/install/iiwa_bringup:/home/dvij/ee206-project/ping-pong-robot/ppr_ws/install/iiwa_description:/home/dvij/ee206-project/ping-pong-robot/ppr_ws/install/cv_bridge:/home/dvij/ee206-project/ping-pong-robot/ppr_ws/install/scene_visualizer:/home/dvij/ee206-project/ping-pong-robot/ppr_ws/install/scene_interpreter:/home/dvij/ee206-project/ping-pong-robot/ppr_ws/install/camera_feed:/opt/ros/noetic CONDA_PROMPT_MODIFIER=(base) /usr/local/bin/cmake /home/dvij/ee206-project/ping-pong-robot/ppr_ws/src/iiwa_ros2/iiwa_controllers/impedance_controller -DCMAKE_INSTALL_PREFIX=/home/dvij/ee206-project/ping-pong-robot/ppr_ws/install/impedance_controller
[0.166s] -- The C compiler identification is GNU 9.4.0
[0.166s] -- The CXX compiler identification is GNU 9.4.0
[0.166s] -- Detecting C compiler ABI info
[0.169s] -- Detecting C compiler ABI info - done
[0.185s] -- Check for working C compiler: /usr/bin/cc - skipped
[0.186s] -- Detecting C compile features
[0.186s] -- Detecting C compile features - done
[0.190s] -- Detecting CXX compiler ABI info
[0.244s] -- Detecting CXX compiler ABI info - done
[0.259s] -- Check for working CXX compiler: /usr/bin/c++ - skipped
[0.260s] -- Detecting CXX compile features
[0.260s] -- Detecting CXX compile features - done
[0.270s] [31mCMake Error at CMakeLists.txt:14 (find_package):
[0.270s]   By not providing "Findament_cmake.cmake" in CMAKE_MODULE_PATH this project
[0.271s]   has asked CMake to find a package configuration file provided by
[0.271s]   "ament_cmake", but CMake did not find one.
[0.271s] 
[0.271s]   Could not find a package configuration file provided by "ament_cmake" with
[0.271s]   any of the following names:
[0.271s] 
[0.271s]     ament_cmakeConfig.cmake
[0.271s]     ament_cmake-config.cmake
[0.271s] 
[0.271s]   Add the installation prefix of "ament_cmake" to CMAKE_PREFIX_PATH or set
[0.271s]   "ament_cmake_DIR" to a directory containing one of the above files.  If
[0.271s]   "ament_cmake" provides a separate development package or SDK, be sure it
[0.271s]   has been installed.
[0.271s] 
[0.271s] -- Configuring incomplete, errors occurred!
[0.271s] [0m
