-- The C compiler identification is GNU 9.4.0
-- The CXX compiler identification is GNU 9.4.0
-- Detecting C compiler ABI info
-- Detecting C compiler ABI info - done
-- Check for working C compiler: /usr/bin/cc - skipped
-- Detecting C compile features
-- Detecting C compile features - done
-- Detecting CXX compiler ABI info
-- Detecting CXX compiler ABI info - done
-- Check for working CXX compiler: /usr/bin/c++ - skipped
-- Detecting CXX compile features
-- Detecting CXX compile features - done
-- Found ament_cmake: 1.1.6 (/opt/ros/galactic/share/ament_cmake/cmake)
[33mCMake Warning (dev) at /opt/ros/galactic/share/ament_cmake_core/cmake/core/python.cmake:22 (find_package):
  Policy CMP0148 is not set: The FindPythonInterp and FindPythonLibs modules
  are removed.  Run "cmake --help-policy CMP0148" for policy details.  Use
  the cmake_policy command to set the policy and suppress this warning.

Call Stack (most recent call first):
  /opt/ros/galactic/share/ament_cmake_core/cmake/core/all.cmake:53 (include)
  /opt/ros/galactic/share/ament_cmake_core/cmake/ament_cmake_core-extras.cmake:17 (include)
  /opt/ros/galactic/share/ament_cmake_core/cmake/ament_cmake_coreConfig.cmake:41 (include)
  /opt/ros/galactic/share/ament_cmake/cmake/ament_cmake_export_dependencies-extras.cmake:15 (find_package)
  /opt/ros/galactic/share/ament_cmake/cmake/ament_cmakeConfig.cmake:41 (include)
  CMakeLists.txt:13 (find_package)
This warning is for project developers.  Use -Wno-dev to suppress it.
[0m
-- Found PythonInterp: /usr/bin/python3 (found suitable version "3.8.10", minimum required is "3")
-- Using PYTHON_EXECUTABLE: /usr/bin/python3
-- Found hardware_interface: 1.6.0 (/opt/ros/galactic/share/hardware_interface/cmake)
-- Using all available rosidl_typesupport_c: rosidl_typesupport_fastrtps_c;rosidl_typesupport_introspection_c
-- Found rosidl_adapter: 2.2.3 (/opt/ros/galactic/share/rosidl_adapter/cmake)
-- Found OpenSSL: /usr/lib/x86_64-linux-gnu/libcrypto.so (found version "1.1.1f")
-- Found FastRTPS: /opt/ros/galactic/include
-- Using all available rosidl_typesupport_cpp: rosidl_typesupport_fastrtps_cpp;rosidl_typesupport_introspection_cpp
-- Found rmw_implementation_cmake: 3.3.1 (/opt/ros/galactic/share/rmw_implementation_cmake/cmake)
-- Found rmw_cyclonedds_cpp: 0.22.6 (/opt/ros/galactic/share/rmw_cyclonedds_cpp/cmake)
-- Using RMW implementation 'rmw_cyclonedds_cpp' as default
-- Performing Test CMAKE_HAVE_LIBC_PTHREAD
-- Performing Test CMAKE_HAVE_LIBC_PTHREAD - Failed
-- Looking for pthread_create in pthreads
-- Looking for pthread_create in pthreads - not found
-- Looking for pthread_create in pthread
-- Looking for pthread_create in pthread - found
-- Found Threads: TRUE
-- Found controller_interface: 1.6.0 (/opt/ros/galactic/share/controller_interface/cmake)
-- Found realtime_tools: 2.2.0 (/opt/ros/galactic/share/realtime_tools/cmake)
-- Found lbr_fri_msgs: 1.0.0 (/home/dvij/learning_table_tennis_from_scratch/lbr_fri_ros2_stack_ws/install/lbr_fri_msgs/share/lbr_fri_msgs/cmake)
-- Found lbr_fri_ros2: 1.0.0 (/home/dvij/learning_table_tennis_from_scratch/lbr_fri_ros2_stack_ws/install/lbr_fri_ros2/share/lbr_fri_ros2/cmake)
-- Configuring done (1.1s)
-- Generating done (0.0s)
-- Build files have been written to: /home/dvij/learning_table_tennis_from_scratch/lbr_fri_ros2_stack_ws/build/lbr_hardware_interface
[ 50%] [32mBuilding CXX object CMakeFiles/lbr_hardware_interface.dir/src/lbr_hardware_interface.cpp.o[0m
[100%] [32m[1mLinking CXX shared library liblbr_hardware_interface.so[0m
[100%] Built target lbr_hardware_interface
-- Install configuration: ""
-- Installing: /home/dvij/learning_table_tennis_from_scratch/lbr_fri_ros2_stack_ws/install/lbr_hardware_interface/share/lbr_hardware_interface/lbr_hardware_interface.xml
-- Installing: /home/dvij/learning_table_tennis_from_scratch/lbr_fri_ros2_stack_ws/install/lbr_hardware_interface/share/lbr_hardware_interface/environment/library_path.sh
-- Installing: /home/dvij/learning_table_tennis_from_scratch/lbr_fri_ros2_stack_ws/install/lbr_hardware_interface/share/lbr_hardware_interface/environment/library_path.dsv
-- Installing: /home/dvij/learning_table_tennis_from_scratch/lbr_fri_ros2_stack_ws/install/lbr_hardware_interface/include
-- Installing: /home/dvij/learning_table_tennis_from_scratch/lbr_fri_ros2_stack_ws/install/lbr_hardware_interface/include/lbr_hardware_interface
-- Installing: /home/dvij/learning_table_tennis_from_scratch/lbr_fri_ros2_stack_ws/install/lbr_hardware_interface/include/lbr_hardware_interface/lbr_hardware_interface.hpp
-- Installing: /home/dvij/learning_table_tennis_from_scratch/lbr_fri_ros2_stack_ws/install/lbr_hardware_interface/include/lbr_hardware_interface/lbr_hardware_interface_type_values.hpp
-- Installing: /home/dvij/learning_table_tennis_from_scratch/lbr_fri_ros2_stack_ws/install/lbr_hardware_interface/lib/lbr_hardware_interface/liblbr_hardware_interface.so
-- Set non-toolchain portion of runtime path of "/home/dvij/learning_table_tennis_from_scratch/lbr_fri_ros2_stack_ws/install/lbr_hardware_interface/lib/lbr_hardware_interface/liblbr_hardware_interface.so" to ""
-- Installing: /home/dvij/learning_table_tennis_from_scratch/lbr_fri_ros2_stack_ws/install/lbr_hardware_interface/share/ament_index/resource_index/package_run_dependencies/lbr_hardware_interface
-- Installing: /home/dvij/learning_table_tennis_from_scratch/lbr_fri_ros2_stack_ws/install/lbr_hardware_interface/share/ament_index/resource_index/parent_prefix_path/lbr_hardware_interface
-- Installing: /home/dvij/learning_table_tennis_from_scratch/lbr_fri_ros2_stack_ws/install/lbr_hardware_interface/share/lbr_hardware_interface/environment/ament_prefix_path.sh
-- Installing: /home/dvij/learning_table_tennis_from_scratch/lbr_fri_ros2_stack_ws/install/lbr_hardware_interface/share/lbr_hardware_interface/environment/ament_prefix_path.dsv
-- Installing: /home/dvij/learning_table_tennis_from_scratch/lbr_fri_ros2_stack_ws/install/lbr_hardware_interface/share/lbr_hardware_interface/environment/path.sh
-- Installing: /home/dvij/learning_table_tennis_from_scratch/lbr_fri_ros2_stack_ws/install/lbr_hardware_interface/share/lbr_hardware_interface/environment/path.dsv
-- Installing: /home/dvij/learning_table_tennis_from_scratch/lbr_fri_ros2_stack_ws/install/lbr_hardware_interface/share/lbr_hardware_interface/local_setup.bash
-- Installing: /home/dvij/learning_table_tennis_from_scratch/lbr_fri_ros2_stack_ws/install/lbr_hardware_interface/share/lbr_hardware_interface/local_setup.sh
-- Installing: /home/dvij/learning_table_tennis_from_scratch/lbr_fri_ros2_stack_ws/install/lbr_hardware_interface/share/lbr_hardware_interface/local_setup.zsh
-- Installing: /home/dvij/learning_table_tennis_from_scratch/lbr_fri_ros2_stack_ws/install/lbr_hardware_interface/share/lbr_hardware_interface/local_setup.dsv
-- Installing: /home/dvij/learning_table_tennis_from_scratch/lbr_fri_ros2_stack_ws/install/lbr_hardware_interface/share/lbr_hardware_interface/package.dsv
-- Installing: /home/dvij/learning_table_tennis_from_scratch/lbr_fri_ros2_stack_ws/install/lbr_hardware_interface/share/ament_index/resource_index/packages/lbr_hardware_interface
-- Installing: /home/dvij/learning_table_tennis_from_scratch/lbr_fri_ros2_stack_ws/install/lbr_hardware_interface/share/ament_index/resource_index/hardware_interface__pluginlib__plugin/lbr_hardware_interface
-- Installing: /home/dvij/learning_table_tennis_from_scratch/lbr_fri_ros2_stack_ws/install/lbr_hardware_interface/share/lbr_hardware_interface/cmake/lbr_hardware_interface_exportExport.cmake
-- Installing: /home/dvij/learning_table_tennis_from_scratch/lbr_fri_ros2_stack_ws/install/lbr_hardware_interface/share/lbr_hardware_interface/cmake/lbr_hardware_interface_exportExport-noconfig.cmake
-- Installing: /home/dvij/learning_table_tennis_from_scratch/lbr_fri_ros2_stack_ws/install/lbr_hardware_interface/share/lbr_hardware_interface/cmake/ament_cmake_export_targets-extras.cmake
-- Installing: /home/dvij/learning_table_tennis_from_scratch/lbr_fri_ros2_stack_ws/install/lbr_hardware_interface/share/lbr_hardware_interface/cmake/ament_cmake_export_dependencies-extras.cmake
-- Installing: /home/dvij/learning_table_tennis_from_scratch/lbr_fri_ros2_stack_ws/install/lbr_hardware_interface/share/lbr_hardware_interface/cmake/lbr_hardware_interfaceConfig.cmake
-- Installing: /home/dvij/learning_table_tennis_from_scratch/lbr_fri_ros2_stack_ws/install/lbr_hardware_interface/share/lbr_hardware_interface/cmake/lbr_hardware_interfaceConfig-version.cmake
-- Installing: /home/dvij/learning_table_tennis_from_scratch/lbr_fri_ros2_stack_ws/install/lbr_hardware_interface/share/lbr_hardware_interface/package.xml
