[0.016s] Invoking command in '/home/dvij/learning_table_tennis_from_scratch/lbr_fri_ros2_stack_ws/build/lbr_hardware_interface': AMENT_PREFIX_PATH=/home/dvij/learning_table_tennis_from_scratch/lbr_fri_ros2_stack_ws/install/lbr_fri_ros2:/home/dvij/learning_table_tennis_from_scratch/lbr_fri_ros2_stack_ws/install/fri:/home/dvij/learning_table_tennis_from_scratch/lbr_fri_ros2_stack_ws/install/nanopb:/home/dvij/learning_table_tennis_from_scratch/lbr_fri_ros2_stack_ws/install/lbr_fri_msgs:${AMENT_PREFIX_PATH} CMAKE_PREFIX_PATH=/home/dvij/learning_table_tennis_from_scratch/lbr_fri_ros2_stack_ws/install/lbr_fri_ros2:/home/dvij/learning_table_tennis_from_scratch/lbr_fri_ros2_stack_ws/install/fri:/home/dvij/learning_table_tennis_from_scratch/lbr_fri_ros2_stack_ws/install/nanopb:/home/dvij/learning_table_tennis_from_scratch/lbr_fri_ros2_stack_ws/install/lbr_fri_msgs:/opt/ros/galactic LD_LIBRARY_PATH=/home/dvij/learning_table_tennis_from_scratch/lbr_fri_ros2_stack_ws/install/lbr_fri_ros2/lib:/home/dvij/learning_table_tennis_from_scratch/lbr_fri_ros2_stack_ws/install/fri/lib:/home/dvij/learning_table_tennis_from_scratch/lbr_fri_ros2_stack_ws/install/nanopb/lib:/home/dvij/learning_table_tennis_from_scratch/lbr_fri_ros2_stack_ws/install/lbr_fri_msgs/lib:/opt/ros/galactic/opt/yaml_cpp_vendor/lib:/opt/ros/galactic/opt/rviz_ogre_vendor/lib:/opt/ros/galactic/lib/x86_64-linux-gnu:/opt/ros/galactic/lib:/home/dvij/.mpi-is/pam/install/lib:/home/dvij/.mujoco/mujoco210/bin:/usr/lib/nvidia:/home/dvij/.mpi-is/pam/install/lib:/home/dvij/.mujoco/mujoco210/bin:/usr/lib/nvidia PYTHONPATH=/home/dvij/learning_table_tennis_from_scratch/lbr_fri_ros2_stack_ws/install/lbr_fri_msgs/lib/python3.8/site-packages:${PYTHONPATH} /usr/local/bin/cmake /home/dvij/learning_table_tennis_from_scratch/lbr_fri_ros2_stack_ws/src/lbr_fri_ros2_stack/lbr_hardware_interface -DCMAKE_INSTALL_PREFIX=/home/dvij/learning_table_tennis_from_scratch/lbr_fri_ros2_stack_ws/install/lbr_hardware_interface
[0.047s] -- The C compiler identification is GNU 9.4.0
[0.081s] -- The CXX compiler identification is GNU 9.4.0
[0.088s] -- Detecting C compiler ABI info
[0.129s] -- Detecting C compiler ABI info - done
[0.141s] -- Check for working C compiler: /usr/bin/cc - skipped
[0.141s] -- Detecting C compile features
[0.141s] -- Detecting C compile features - done
[0.144s] -- Detecting CXX compiler ABI info
[0.189s] -- Detecting CXX compiler ABI info - done
[0.199s] -- Check for working CXX compiler: /usr/bin/c++ - skipped
[0.200s] -- Detecting CXX compile features
[0.200s] -- Detecting CXX compile features - done
[0.201s] -- Found ament_cmake: 1.1.6 (/opt/ros/galactic/share/ament_cmake/cmake)
[0.204s] [33mCMake Warning (dev) at /opt/ros/galactic/share/ament_cmake_core/cmake/core/python.cmake:22 (find_package):
[0.204s]   Policy CMP0148 is not set: The FindPythonInterp and FindPythonLibs modules
[0.204s]   are removed.  Run "cmake --help-policy CMP0148" for policy details.  Use
[0.204s]   the cmake_policy command to set the policy and suppress this warning.
[0.204s] 
[0.204s] Call Stack (most recent call first):
[0.204s]   /opt/ros/galactic/share/ament_cmake_core/cmake/core/all.cmake:53 (include)
[0.204s]   /opt/ros/galactic/share/ament_cmake_core/cmake/ament_cmake_core-extras.cmake:17 (include)
[0.204s]   /opt/ros/galactic/share/ament_cmake_core/cmake/ament_cmake_coreConfig.cmake:41 (include)
[0.204s]   /opt/ros/galactic/share/ament_cmake/cmake/ament_cmake_export_dependencies-extras.cmake:15 (find_package)
[0.204s]   /opt/ros/galactic/share/ament_cmake/cmake/ament_cmakeConfig.cmake:41 (include)
[0.204s]   CMakeLists.txt:13 (find_package)
[0.205s] This warning is for project developers.  Use -Wno-dev to suppress it.
[0.205s] [0m
[0.217s] -- Found PythonInterp: /usr/bin/python3 (found suitable version "3.8.10", minimum required is "3")
[0.217s] -- Using PYTHON_EXECUTABLE: /usr/bin/python3
[0.262s] -- Found hardware_interface: 1.6.0 (/opt/ros/galactic/share/hardware_interface/cmake)
[0.283s] -- Using all available rosidl_typesupport_c: rosidl_typesupport_fastrtps_c;rosidl_typesupport_introspection_c
[0.287s] -- Found rosidl_adapter: 2.2.3 (/opt/ros/galactic/share/rosidl_adapter/cmake)
[0.346s] -- Found OpenSSL: /usr/lib/x86_64-linux-gnu/libcrypto.so (found version "1.1.1f")
[0.366s] -- Found FastRTPS: /opt/ros/galactic/include
[0.412s] -- Using all available rosidl_typesupport_cpp: rosidl_typesupport_fastrtps_cpp;rosidl_typesupport_introspection_cpp
[0.700s] -- Found rmw_implementation_cmake: 3.3.1 (/opt/ros/galactic/share/rmw_implementation_cmake/cmake)
[0.701s] -- Found rmw_cyclonedds_cpp: 0.22.6 (/opt/ros/galactic/share/rmw_cyclonedds_cpp/cmake)
[0.711s] -- Using RMW implementation 'rmw_cyclonedds_cpp' as default
[0.711s] -- Performing Test CMAKE_HAVE_LIBC_PTHREAD
[0.757s] -- Performing Test CMAKE_HAVE_LIBC_PTHREAD - Failed
[0.757s] -- Looking for pthread_create in pthreads
[0.792s] -- Looking for pthread_create in pthreads - not found
[0.792s] -- Looking for pthread_create in pthread
[0.836s] -- Looking for pthread_create in pthread - found
[0.837s] -- Found Threads: TRUE
[0.933s] -- Found controller_interface: 1.6.0 (/opt/ros/galactic/share/controller_interface/cmake)
[0.989s] -- Found realtime_tools: 2.2.0 (/opt/ros/galactic/share/realtime_tools/cmake)
[1.008s] -- Found lbr_fri_msgs: 1.0.0 (/home/dvij/learning_table_tennis_from_scratch/lbr_fri_ros2_stack_ws/install/lbr_fri_msgs/share/lbr_fri_msgs/cmake)
[1.025s] -- Found lbr_fri_ros2: 1.0.0 (/home/dvij/learning_table_tennis_from_scratch/lbr_fri_ros2_stack_ws/install/lbr_fri_ros2/share/lbr_fri_ros2/cmake)
[1.121s] -- Configuring done (1.1s)
[1.134s] -- Generating done (0.0s)
[1.135s] -- Build files have been written to: /home/dvij/learning_table_tennis_from_scratch/lbr_fri_ros2_stack_ws/build/lbr_hardware_interface
[1.143s] Invoked command in '/home/dvij/learning_table_tennis_from_scratch/lbr_fri_ros2_stack_ws/build/lbr_hardware_interface' returned '0': AMENT_PREFIX_PATH=/home/dvij/learning_table_tennis_from_scratch/lbr_fri_ros2_stack_ws/install/lbr_fri_ros2:/home/dvij/learning_table_tennis_from_scratch/lbr_fri_ros2_stack_ws/install/fri:/home/dvij/learning_table_tennis_from_scratch/lbr_fri_ros2_stack_ws/install/nanopb:/home/dvij/learning_table_tennis_from_scratch/lbr_fri_ros2_stack_ws/install/lbr_fri_msgs:${AMENT_PREFIX_PATH} CMAKE_PREFIX_PATH=/home/dvij/learning_table_tennis_from_scratch/lbr_fri_ros2_stack_ws/install/lbr_fri_ros2:/home/dvij/learning_table_tennis_from_scratch/lbr_fri_ros2_stack_ws/install/fri:/home/dvij/learning_table_tennis_from_scratch/lbr_fri_ros2_stack_ws/install/nanopb:/home/dvij/learning_table_tennis_from_scratch/lbr_fri_ros2_stack_ws/install/lbr_fri_msgs:/opt/ros/galactic LD_LIBRARY_PATH=/home/dvij/learning_table_tennis_from_scratch/lbr_fri_ros2_stack_ws/install/lbr_fri_ros2/lib:/home/dvij/learning_table_tennis_from_scratch/lbr_fri_ros2_stack_ws/install/fri/lib:/home/dvij/learning_table_tennis_from_scratch/lbr_fri_ros2_stack_ws/install/nanopb/lib:/home/dvij/learning_table_tennis_from_scratch/lbr_fri_ros2_stack_ws/install/lbr_fri_msgs/lib:/opt/ros/galactic/opt/yaml_cpp_vendor/lib:/opt/ros/galactic/opt/rviz_ogre_vendor/lib:/opt/ros/galactic/lib/x86_64-linux-gnu:/opt/ros/galactic/lib:/home/dvij/.mpi-is/pam/install/lib:/home/dvij/.mujoco/mujoco210/bin:/usr/lib/nvidia:/home/dvij/.mpi-is/pam/install/lib:/home/dvij/.mujoco/mujoco210/bin:/usr/lib/nvidia PYTHONPATH=/home/dvij/learning_table_tennis_from_scratch/lbr_fri_ros2_stack_ws/install/lbr_fri_msgs/lib/python3.8/site-packages:${PYTHONPATH} /usr/local/bin/cmake /home/dvij/learning_table_tennis_from_scratch/lbr_fri_ros2_stack_ws/src/lbr_fri_ros2_stack/lbr_hardware_interface -DCMAKE_INSTALL_PREFIX=/home/dvij/learning_table_tennis_from_scratch/lbr_fri_ros2_stack_ws/install/lbr_hardware_interface
[1.144s] Invoking command in '/home/dvij/learning_table_tennis_from_scratch/lbr_fri_ros2_stack_ws/build/lbr_hardware_interface': AMENT_PREFIX_PATH=/home/dvij/learning_table_tennis_from_scratch/lbr_fri_ros2_stack_ws/install/lbr_fri_ros2:/home/dvij/learning_table_tennis_from_scratch/lbr_fri_ros2_stack_ws/install/fri:/home/dvij/learning_table_tennis_from_scratch/lbr_fri_ros2_stack_ws/install/nanopb:/home/dvij/learning_table_tennis_from_scratch/lbr_fri_ros2_stack_ws/install/lbr_fri_msgs:${AMENT_PREFIX_PATH} CMAKE_PREFIX_PATH=/home/dvij/learning_table_tennis_from_scratch/lbr_fri_ros2_stack_ws/install/lbr_fri_ros2:/home/dvij/learning_table_tennis_from_scratch/lbr_fri_ros2_stack_ws/install/fri:/home/dvij/learning_table_tennis_from_scratch/lbr_fri_ros2_stack_ws/install/nanopb:/home/dvij/learning_table_tennis_from_scratch/lbr_fri_ros2_stack_ws/install/lbr_fri_msgs:/opt/ros/galactic LD_LIBRARY_PATH=/home/dvij/learning_table_tennis_from_scratch/lbr_fri_ros2_stack_ws/install/lbr_fri_ros2/lib:/home/dvij/learning_table_tennis_from_scratch/lbr_fri_ros2_stack_ws/install/fri/lib:/home/dvij/learning_table_tennis_from_scratch/lbr_fri_ros2_stack_ws/install/nanopb/lib:/home/dvij/learning_table_tennis_from_scratch/lbr_fri_ros2_stack_ws/install/lbr_fri_msgs/lib:/opt/ros/galactic/opt/yaml_cpp_vendor/lib:/opt/ros/galactic/opt/rviz_ogre_vendor/lib:/opt/ros/galactic/lib/x86_64-linux-gnu:/opt/ros/galactic/lib:/home/dvij/.mpi-is/pam/install/lib:/home/dvij/.mujoco/mujoco210/bin:/usr/lib/nvidia:/home/dvij/.mpi-is/pam/install/lib:/home/dvij/.mujoco/mujoco210/bin:/usr/lib/nvidia PYTHONPATH=/home/dvij/learning_table_tennis_from_scratch/lbr_fri_ros2_stack_ws/install/lbr_fri_msgs/lib/python3.8/site-packages:${PYTHONPATH} /usr/local/bin/cmake --build /home/dvij/learning_table_tennis_from_scratch/lbr_fri_ros2_stack_ws/build/lbr_hardware_interface -- -j20 -l20
[1.168s] [ 50%] [32mBuilding CXX object CMakeFiles/lbr_hardware_interface.dir/src/lbr_hardware_interface.cpp.o[0m
[6.054s] [100%] [32m[1mLinking CXX shared library liblbr_hardware_interface.so[0m
[6.336s] [100%] Built target lbr_hardware_interface
[6.346s] Invoked command in '/home/dvij/learning_table_tennis_from_scratch/lbr_fri_ros2_stack_ws/build/lbr_hardware_interface' returned '0': AMENT_PREFIX_PATH=/home/dvij/learning_table_tennis_from_scratch/lbr_fri_ros2_stack_ws/install/lbr_fri_ros2:/home/dvij/learning_table_tennis_from_scratch/lbr_fri_ros2_stack_ws/install/fri:/home/dvij/learning_table_tennis_from_scratch/lbr_fri_ros2_stack_ws/install/nanopb:/home/dvij/learning_table_tennis_from_scratch/lbr_fri_ros2_stack_ws/install/lbr_fri_msgs:${AMENT_PREFIX_PATH} CMAKE_PREFIX_PATH=/home/dvij/learning_table_tennis_from_scratch/lbr_fri_ros2_stack_ws/install/lbr_fri_ros2:/home/dvij/learning_table_tennis_from_scratch/lbr_fri_ros2_stack_ws/install/fri:/home/dvij/learning_table_tennis_from_scratch/lbr_fri_ros2_stack_ws/install/nanopb:/home/dvij/learning_table_tennis_from_scratch/lbr_fri_ros2_stack_ws/install/lbr_fri_msgs:/opt/ros/galactic LD_LIBRARY_PATH=/home/dvij/learning_table_tennis_from_scratch/lbr_fri_ros2_stack_ws/install/lbr_fri_ros2/lib:/home/dvij/learning_table_tennis_from_scratch/lbr_fri_ros2_stack_ws/install/fri/lib:/home/dvij/learning_table_tennis_from_scratch/lbr_fri_ros2_stack_ws/install/nanopb/lib:/home/dvij/learning_table_tennis_from_scratch/lbr_fri_ros2_stack_ws/install/lbr_fri_msgs/lib:/opt/ros/galactic/opt/yaml_cpp_vendor/lib:/opt/ros/galactic/opt/rviz_ogre_vendor/lib:/opt/ros/galactic/lib/x86_64-linux-gnu:/opt/ros/galactic/lib:/home/dvij/.mpi-is/pam/install/lib:/home/dvij/.mujoco/mujoco210/bin:/usr/lib/nvidia:/home/dvij/.mpi-is/pam/install/lib:/home/dvij/.mujoco/mujoco210/bin:/usr/lib/nvidia PYTHONPATH=/home/dvij/learning_table_tennis_from_scratch/lbr_fri_ros2_stack_ws/install/lbr_fri_msgs/lib/python3.8/site-packages:${PYTHONPATH} /usr/local/bin/cmake --build /home/dvij/learning_table_tennis_from_scratch/lbr_fri_ros2_stack_ws/build/lbr_hardware_interface -- -j20 -l20
[6.411s] Invoking command in '/home/dvij/learning_table_tennis_from_scratch/lbr_fri_ros2_stack_ws/build/lbr_hardware_interface': AMENT_PREFIX_PATH=/home/dvij/learning_table_tennis_from_scratch/lbr_fri_ros2_stack_ws/install/lbr_fri_ros2:/home/dvij/learning_table_tennis_from_scratch/lbr_fri_ros2_stack_ws/install/fri:/home/dvij/learning_table_tennis_from_scratch/lbr_fri_ros2_stack_ws/install/nanopb:/home/dvij/learning_table_tennis_from_scratch/lbr_fri_ros2_stack_ws/install/lbr_fri_msgs:${AMENT_PREFIX_PATH} CMAKE_PREFIX_PATH=/home/dvij/learning_table_tennis_from_scratch/lbr_fri_ros2_stack_ws/install/lbr_fri_ros2:/home/dvij/learning_table_tennis_from_scratch/lbr_fri_ros2_stack_ws/install/fri:/home/dvij/learning_table_tennis_from_scratch/lbr_fri_ros2_stack_ws/install/nanopb:/home/dvij/learning_table_tennis_from_scratch/lbr_fri_ros2_stack_ws/install/lbr_fri_msgs:/opt/ros/galactic LD_LIBRARY_PATH=/home/dvij/learning_table_tennis_from_scratch/lbr_fri_ros2_stack_ws/install/lbr_fri_ros2/lib:/home/dvij/learning_table_tennis_from_scratch/lbr_fri_ros2_stack_ws/install/fri/lib:/home/dvij/learning_table_tennis_from_scratch/lbr_fri_ros2_stack_ws/install/nanopb/lib:/home/dvij/learning_table_tennis_from_scratch/lbr_fri_ros2_stack_ws/install/lbr_fri_msgs/lib:/opt/ros/galactic/opt/yaml_cpp_vendor/lib:/opt/ros/galactic/opt/rviz_ogre_vendor/lib:/opt/ros/galactic/lib/x86_64-linux-gnu:/opt/ros/galactic/lib:/home/dvij/.mpi-is/pam/install/lib:/home/dvij/.mujoco/mujoco210/bin:/usr/lib/nvidia:/home/dvij/.mpi-is/pam/install/lib:/home/dvij/.mujoco/mujoco210/bin:/usr/lib/nvidia PYTHONPATH=/home/dvij/learning_table_tennis_from_scratch/lbr_fri_ros2_stack_ws/install/lbr_fri_msgs/lib/python3.8/site-packages:${PYTHONPATH} /usr/local/bin/cmake --install /home/dvij/learning_table_tennis_from_scratch/lbr_fri_ros2_stack_ws/build/lbr_hardware_interface
[6.422s] -- Install configuration: ""
[6.422s] -- Installing: /home/dvij/learning_table_tennis_from_scratch/lbr_fri_ros2_stack_ws/install/lbr_hardware_interface/share/lbr_hardware_interface/lbr_hardware_interface.xml
[6.422s] -- Installing: /home/dvij/learning_table_tennis_from_scratch/lbr_fri_ros2_stack_ws/install/lbr_hardware_interface/share/lbr_hardware_interface/environment/library_path.sh
[6.422s] -- Installing: /home/dvij/learning_table_tennis_from_scratch/lbr_fri_ros2_stack_ws/install/lbr_hardware_interface/share/lbr_hardware_interface/environment/library_path.dsv
[6.423s] -- Installing: /home/dvij/learning_table_tennis_from_scratch/lbr_fri_ros2_stack_ws/install/lbr_hardware_interface/include
[6.423s] -- Installing: /home/dvij/learning_table_tennis_from_scratch/lbr_fri_ros2_stack_ws/install/lbr_hardware_interface/include/lbr_hardware_interface
[6.423s] -- Installing: /home/dvij/learning_table_tennis_from_scratch/lbr_fri_ros2_stack_ws/install/lbr_hardware_interface/include/lbr_hardware_interface/lbr_hardware_interface.hpp
[6.423s] -- Installing: /home/dvij/learning_table_tennis_from_scratch/lbr_fri_ros2_stack_ws/install/lbr_hardware_interface/include/lbr_hardware_interface/lbr_hardware_interface_type_values.hpp
[6.423s] -- Installing: /home/dvij/learning_table_tennis_from_scratch/lbr_fri_ros2_stack_ws/install/lbr_hardware_interface/lib/lbr_hardware_interface/liblbr_hardware_interface.so
[6.429s] -- Set non-toolchain portion of runtime path of "/home/dvij/learning_table_tennis_from_scratch/lbr_fri_ros2_stack_ws/install/lbr_hardware_interface/lib/lbr_hardware_interface/liblbr_hardware_interface.so" to ""
[6.429s] -- Installing: /home/dvij/learning_table_tennis_from_scratch/lbr_fri_ros2_stack_ws/install/lbr_hardware_interface/share/ament_index/resource_index/package_run_dependencies/lbr_hardware_interface
[6.429s] -- Installing: /home/dvij/learning_table_tennis_from_scratch/lbr_fri_ros2_stack_ws/install/lbr_hardware_interface/share/ament_index/resource_index/parent_prefix_path/lbr_hardware_interface
[6.429s] -- Installing: /home/dvij/learning_table_tennis_from_scratch/lbr_fri_ros2_stack_ws/install/lbr_hardware_interface/share/lbr_hardware_interface/environment/ament_prefix_path.sh
[6.429s] -- Installing: /home/dvij/learning_table_tennis_from_scratch/lbr_fri_ros2_stack_ws/install/lbr_hardware_interface/share/lbr_hardware_interface/environment/ament_prefix_path.dsv
[6.429s] -- Installing: /home/dvij/learning_table_tennis_from_scratch/lbr_fri_ros2_stack_ws/install/lbr_hardware_interface/share/lbr_hardware_interface/environment/path.sh
[6.429s] -- Installing: /home/dvij/learning_table_tennis_from_scratch/lbr_fri_ros2_stack_ws/install/lbr_hardware_interface/share/lbr_hardware_interface/environment/path.dsv
[6.429s] -- Installing: /home/dvij/learning_table_tennis_from_scratch/lbr_fri_ros2_stack_ws/install/lbr_hardware_interface/share/lbr_hardware_interface/local_setup.bash
[6.429s] -- Installing: /home/dvij/learning_table_tennis_from_scratch/lbr_fri_ros2_stack_ws/install/lbr_hardware_interface/share/lbr_hardware_interface/local_setup.sh
[6.429s] -- Installing: /home/dvij/learning_table_tennis_from_scratch/lbr_fri_ros2_stack_ws/install/lbr_hardware_interface/share/lbr_hardware_interface/local_setup.zsh
[6.429s] -- Installing: /home/dvij/learning_table_tennis_from_scratch/lbr_fri_ros2_stack_ws/install/lbr_hardware_interface/share/lbr_hardware_interface/local_setup.dsv
[6.430s] -- Installing: /home/dvij/learning_table_tennis_from_scratch/lbr_fri_ros2_stack_ws/install/lbr_hardware_interface/share/lbr_hardware_interface/package.dsv
[6.430s] -- Installing: /home/dvij/learning_table_tennis_from_scratch/lbr_fri_ros2_stack_ws/install/lbr_hardware_interface/share/ament_index/resource_index/packages/lbr_hardware_interface
[6.430s] -- Installing: /home/dvij/learning_table_tennis_from_scratch/lbr_fri_ros2_stack_ws/install/lbr_hardware_interface/share/ament_index/resource_index/hardware_interface__pluginlib__plugin/lbr_hardware_interface
[6.430s] -- Installing: /home/dvij/learning_table_tennis_from_scratch/lbr_fri_ros2_stack_ws/install/lbr_hardware_interface/share/lbr_hardware_interface/cmake/lbr_hardware_interface_exportExport.cmake
[6.430s] -- Installing: /home/dvij/learning_table_tennis_from_scratch/lbr_fri_ros2_stack_ws/install/lbr_hardware_interface/share/lbr_hardware_interface/cmake/lbr_hardware_interface_exportExport-noconfig.cmake
[6.430s] -- Installing: /home/dvij/learning_table_tennis_from_scratch/lbr_fri_ros2_stack_ws/install/lbr_hardware_interface/share/lbr_hardware_interface/cmake/ament_cmake_export_targets-extras.cmake
[6.430s] -- Installing: /home/dvij/learning_table_tennis_from_scratch/lbr_fri_ros2_stack_ws/install/lbr_hardware_interface/share/lbr_hardware_interface/cmake/ament_cmake_export_dependencies-extras.cmake
[6.430s] -- Installing: /home/dvij/learning_table_tennis_from_scratch/lbr_fri_ros2_stack_ws/install/lbr_hardware_interface/share/lbr_hardware_interface/cmake/lbr_hardware_interfaceConfig.cmake
[6.430s] -- Installing: /home/dvij/learning_table_tennis_from_scratch/lbr_fri_ros2_stack_ws/install/lbr_hardware_interface/share/lbr_hardware_interface/cmake/lbr_hardware_interfaceConfig-version.cmake
[6.430s] -- Installing: /home/dvij/learning_table_tennis_from_scratch/lbr_fri_ros2_stack_ws/install/lbr_hardware_interface/share/lbr_hardware_interface/package.xml
[6.431s] Invoked command in '/home/dvij/learning_table_tennis_from_scratch/lbr_fri_ros2_stack_ws/build/lbr_hardware_interface' returned '0': AMENT_PREFIX_PATH=/home/dvij/learning_table_tennis_from_scratch/lbr_fri_ros2_stack_ws/install/lbr_fri_ros2:/home/dvij/learning_table_tennis_from_scratch/lbr_fri_ros2_stack_ws/install/fri:/home/dvij/learning_table_tennis_from_scratch/lbr_fri_ros2_stack_ws/install/nanopb:/home/dvij/learning_table_tennis_from_scratch/lbr_fri_ros2_stack_ws/install/lbr_fri_msgs:${AMENT_PREFIX_PATH} CMAKE_PREFIX_PATH=/home/dvij/learning_table_tennis_from_scratch/lbr_fri_ros2_stack_ws/install/lbr_fri_ros2:/home/dvij/learning_table_tennis_from_scratch/lbr_fri_ros2_stack_ws/install/fri:/home/dvij/learning_table_tennis_from_scratch/lbr_fri_ros2_stack_ws/install/nanopb:/home/dvij/learning_table_tennis_from_scratch/lbr_fri_ros2_stack_ws/install/lbr_fri_msgs:/opt/ros/galactic LD_LIBRARY_PATH=/home/dvij/learning_table_tennis_from_scratch/lbr_fri_ros2_stack_ws/install/lbr_fri_ros2/lib:/home/dvij/learning_table_tennis_from_scratch/lbr_fri_ros2_stack_ws/install/fri/lib:/home/dvij/learning_table_tennis_from_scratch/lbr_fri_ros2_stack_ws/install/nanopb/lib:/home/dvij/learning_table_tennis_from_scratch/lbr_fri_ros2_stack_ws/install/lbr_fri_msgs/lib:/opt/ros/galactic/opt/yaml_cpp_vendor/lib:/opt/ros/galactic/opt/rviz_ogre_vendor/lib:/opt/ros/galactic/lib/x86_64-linux-gnu:/opt/ros/galactic/lib:/home/dvij/.mpi-is/pam/install/lib:/home/dvij/.mujoco/mujoco210/bin:/usr/lib/nvidia:/home/dvij/.mpi-is/pam/install/lib:/home/dvij/.mujoco/mujoco210/bin:/usr/lib/nvidia PYTHONPATH=/home/dvij/learning_table_tennis_from_scratch/lbr_fri_ros2_stack_ws/install/lbr_fri_msgs/lib/python3.8/site-packages:${PYTHONPATH} /usr/local/bin/cmake --install /home/dvij/learning_table_tennis_from_scratch/lbr_fri_ros2_stack_ws/build/lbr_hardware_interface
