[0.253s] Invoking command in '/home/dvij/ee206-project/ping-pong-robot/ppr_ws/build/ros2_aruco_interfaces': CMAKE_PREFIX_PATH=/opt/ros/foxy:/opt/ros/galactic:${CMAKE_PREFIX_PATH} CONDA_PROMPT_MODIFIER=(base) /usr/local/bin/cmake /home/dvij/ee206-project/ping-pong-robot/ppr_ws/ros2_aruco/ros2_aruco_interfaces -DCMAKE_INSTALL_PREFIX=/home/dvij/ee206-project/ping-pong-robot/ppr_ws/install/ros2_aruco_interfaces
[0.265s] -- Found ament_cmake: 1.1.6 (/opt/ros/galactic/share/ament_cmake/cmake)
[0.268s] [33mCMake Warning (dev) at /opt/ros/galactic/share/ament_cmake_core/cmake/core/python.cmake:22 (find_package):
[0.268s]   Policy CMP0148 is not set: The FindPythonInterp and FindPythonLibs modules
[0.268s]   are removed.  Run "cmake --help-policy CMP0148" for policy details.  Use
[0.268s]   the cmake_policy command to set the policy and suppress this warning.
[0.268s] 
[0.269s] Call Stack (most recent call first):
[0.271s]   /opt/ros/galactic/share/ament_cmake_core/cmake/core/all.cmake:53 (include)
[0.271s]   /opt/ros/galactic/share/ament_cmake_core/cmake/ament_cmake_core-extras.cmake:17 (include)
[0.271s]   /opt/ros/galactic/share/ament_cmake_core/cmake/ament_cmake_coreConfig.cmake:41 (include)
[0.271s]   /opt/ros/galactic/share/ament_cmake/cmake/ament_cmake_export_dependencies-extras.cmake:15 (find_package)
[0.271s]   /opt/ros/galactic/share/ament_cmake/cmake/ament_cmakeConfig.cmake:41 (include)
[0.271s]   CMakeLists.txt:19 (find_package)
[0.271s] This warning is for project developers.  Use -Wno-dev to suppress it.
[0.271s] [0m
[0.290s] -- Found PythonInterp: /home/dvij/anaconda3/bin/python3 (found suitable version "3.9.7", minimum required is "3")
[0.290s] -- Using PYTHON_EXECUTABLE: /home/dvij/anaconda3/bin/python3
[0.523s] -- Found geometry_msgs: 2.2.4 (/opt/ros/galactic/share/geometry_msgs/cmake)
[0.539s] -- Using all available rosidl_typesupport_c: rosidl_typesupport_fastrtps_c;rosidl_typesupport_introspection_c
[0.542s] -- Found rosidl_adapter: 2.2.3 (/opt/ros/galactic/share/rosidl_adapter/cmake)
[0.725s] -- Using all available rosidl_typesupport_cpp: rosidl_typesupport_fastrtps_cpp;rosidl_typesupport_introspection_cpp
[0.795s] -- Found rosidl_default_generators: 1.1.1 (/opt/ros/galactic/share/rosidl_default_generators/cmake)
[0.803s] [33mCMake Warning (dev) at /opt/ros/galactic/share/rosidl_adapter/cmake/rosidl_adapt_interfaces.cmake:40 (find_package):
[0.803s]   Policy CMP0148 is not set: The FindPythonInterp and FindPythonLibs modules
[0.803s]   are removed.  Run "cmake --help-policy CMP0148" for policy details.  Use
[0.803s]   the cmake_policy command to set the policy and suppress this warning.
[0.803s] 
[0.803s] Call Stack (most recent call first):
[0.803s]   /opt/ros/galactic/share/rosidl_cmake/cmake/rosidl_generate_interfaces.cmake:130 (rosidl_adapt_interfaces)
[0.803s]   CMakeLists.txt:28 (rosidl_generate_interfaces)
[0.803s] This warning is for project developers.  Use -Wno-dev to suppress it.
[0.803s] [0m
[0.854s] -- Found PythonInterp: /home/dvij/anaconda3/bin/python3 (found version "3.9.7")
[0.947s] [31mCMake Error at /opt/ros/galactic/share/rosidl_adapter/cmake/rosidl_adapt_interfaces.cmake:60 (message):
[0.947s]   execute_process(/home/dvij/anaconda3/bin/python3 -m rosidl_adapter
[0.947s]   --package-name ros2_aruco_interfaces --arguments-file
[0.947s]   /home/dvij/ee206-project/ping-pong-robot/ppr_ws/build/ros2_aruco_interfaces/rosidl_adapter__arguments__ros2_aruco_interfaces.json
[0.947s]   --output-dir
[0.947s]   /home/dvij/ee206-project/ping-pong-robot/ppr_ws/build/ros2_aruco_interfaces/rosidl_adapter/ros2_aruco_interfaces
[0.947s]   --output-file
[0.947s]   /home/dvij/ee206-project/ping-pong-robot/ppr_ws/build/ros2_aruco_interfaces/rosidl_adapter/ros2_aruco_interfaces.idls)
[0.947s]   returned error code 1:
[0.948s] 
[0.948s]   AttributeError processing template 'msg.idl.em'
[0.948s] 
[0.948s]   Traceback (most recent call last):
[0.948s] 
[0.948s]     File "/opt/ros/foxy/lib/python3.8/site-packages/rosidl_adapter/resource/__init__.py", line 51, in evaluate_template
[0.948s]       em.BUFFERED_OPT: True,
[0.948s] 
[0.948s]   AttributeError: module 'em' has no attribute 'BUFFERED_OPT'
[0.948s] 
[0.948s] 
[0.948s] 
[0.948s]   During handling of the above exception, another exception occurred:
[0.948s] 
[0.948s] 
[0.948s] 
[0.948s]   Traceback (most recent call last):
[0.948s] 
[0.948s]     File "/home/dvij/anaconda3/lib/python3.9/runpy.py", line 197, in _run_module_as_main
[0.948s]       return _run_code(code, main_globals, None,
[0.948s]     File "/home/dvij/anaconda3/lib/python3.9/runpy.py", line 87, in _run_code
[0.948s]       exec(code, run_globals)
[0.949s]     File "/opt/ros/foxy/lib/python3.8/site-packages/rosidl_adapter/__main__.py", line 19, in <module>
[0.949s]       sys.exit(main())
[0.949s]     File "/opt/ros/foxy/lib/python3.8/site-packages/rosidl_adapter/main.py", line 53, in main
[0.949s]       abs_idl_file = convert_to_idl(
[0.949s]     File "/opt/ros/foxy/lib/python3.8/site-packages/rosidl_adapter/__init__.py", line 19, in convert_to_idl
[0.949s]       return convert_msg_to_idl(
[0.949s]     File "/opt/ros/foxy/lib/python3.8/site-packages/rosidl_adapter/msg/__init__.py", line 39, in convert_msg_to_idl
[0.949s]       expand_template('msg.idl.em', data, output_file, encoding='iso-8859-1')
[0.949s]     File "/opt/ros/foxy/lib/python3.8/site-packages/rosidl_adapter/resource/__init__.py", line 23, in expand_template
[0.949s]       content = evaluate_template(template_name, data)
[0.949s]     File "/opt/ros/foxy/lib/python3.8/site-packages/rosidl_adapter/resource/__init__.py", line 69, in evaluate_template
[0.949s]       _interpreter.shutdown()
[0.949s] 
[0.949s]   AttributeError: 'NoneType' object has no attribute 'shutdown'
[0.949s] 
[0.949s] Call Stack (most recent call first):
[0.949s]   /opt/ros/galactic/share/rosidl_cmake/cmake/rosidl_generate_interfaces.cmake:130 (rosidl_adapt_interfaces)
[0.949s]   CMakeLists.txt:28 (rosidl_generate_interfaces)
[0.949s] 
[0.949s] [0m
[0.949s] -- Configuring incomplete, errors occurred!
