[0.012s] Invoking command in '/home/dvij/ee206-project/ping-pong-robot/vision_tracking/build/interface': CMAKE_PREFIX_PATH=/opt/ros/foxy:${CMAKE_PREFIX_PATH} /usr/local/bin/cmake /home/dvij/ee206-project/ping-pong-robot/vision_tracking/ros2_ws/src/interface -DCMAKE_INSTALL_PREFIX=/home/dvij/ee206-project/ping-pong-robot/vision_tracking/install/interface
[0.041s] -- The C compiler identification is GNU 9.4.0
[0.071s] -- The CXX compiler identification is GNU 9.4.0
[0.076s] -- Detecting C compiler ABI info
[0.106s] -- Detecting C compiler ABI info - done
[0.115s] -- Check for working C compiler: /usr/bin/cc - skipped
[0.116s] -- Detecting C compile features
[0.116s] -- Detecting C compile features - done
[0.118s] -- Detecting CXX compiler ABI info
[0.155s] -- Detecting CXX compiler ABI info - done
[0.168s] -- Check for working CXX compiler: /usr/bin/c++ - skipped
[0.169s] -- Detecting CXX compile features
[0.169s] -- Detecting CXX compile features - done
[0.170s] -- Found ament_cmake: 0.9.12 (/opt/ros/foxy/share/ament_cmake/cmake)
[0.172s] [33mCMake Warning (dev) at /opt/ros/foxy/share/ament_cmake_core/cmake/core/python.cmake:22 (find_package):
[0.172s]   Policy CMP0148 is not set: The FindPythonInterp and FindPythonLibs modules
[0.172s]   are removed.  Run "cmake --help-policy CMP0148" for policy details.  Use
[0.172s]   the cmake_policy command to set the policy and suppress this warning.
[0.173s] 
[0.173s] Call Stack (most recent call first):
[0.173s]   /opt/ros/foxy/share/ament_cmake_core/cmake/core/all.cmake:53 (include)
[0.173s]   /opt/ros/foxy/share/ament_cmake_core/cmake/ament_cmake_core-extras.cmake:17 (include)
[0.173s]   /opt/ros/foxy/share/ament_cmake_core/cmake/ament_cmake_coreConfig.cmake:41 (include)
[0.173s]   /opt/ros/foxy/share/ament_cmake/cmake/ament_cmake_export_dependencies-extras.cmake:15 (find_package)
[0.173s]   /opt/ros/foxy/share/ament_cmake/cmake/ament_cmakeConfig.cmake:41 (include)
[0.173s]   CMakeLists.txt:8 (find_package)
[0.173s] This warning is for project developers.  Use -Wno-dev to suppress it.
[0.173s] [0m
[0.185s] -- Found PythonInterp: /usr/bin/python3 (found suitable version "3.8.10", minimum required is "3")
[0.185s] -- Using PYTHON_EXECUTABLE: /usr/bin/python3
[0.332s] -- Found std_msgs: 2.0.5 (/opt/ros/foxy/share/std_msgs/cmake)
[0.349s] -- Using all available rosidl_typesupport_c: rosidl_typesupport_fastrtps_c;rosidl_typesupport_introspection_c
[0.352s] -- Found rosidl_adapter: 1.3.1 (/opt/ros/foxy/share/rosidl_adapter/cmake)
[0.410s] -- Found OpenSSL: /usr/lib/x86_64-linux-gnu/libcrypto.so (found version "1.1.1f")
[0.431s] -- Found FastRTPS: /opt/ros/foxy/include
[0.490s] -- Using all available rosidl_typesupport_cpp: rosidl_typesupport_fastrtps_cpp;rosidl_typesupport_introspection_cpp
[0.528s] -- Found sensor_msgs: 2.0.5 (/opt/ros/foxy/share/sensor_msgs/cmake)
[0.588s] -- Found rosidl_default_generators: 1.0.1 (/opt/ros/foxy/share/rosidl_default_generators/cmake)
[0.593s] [33mCMake Warning (dev) at /opt/ros/foxy/share/rosidl_adapter/cmake/rosidl_adapt_interfaces.cmake:40 (find_package):
[0.593s]   Policy CMP0148 is not set: The FindPythonInterp and FindPythonLibs modules
[0.593s]   are removed.  Run "cmake --help-policy CMP0148" for policy details.  Use
[0.593s]   the cmake_policy command to set the policy and suppress this warning.
[0.593s] 
[0.593s] Call Stack (most recent call first):
[0.593s]   /opt/ros/foxy/share/rosidl_cmake/cmake/rosidl_generate_interfaces.cmake:130 (rosidl_adapt_interfaces)
[0.593s]   CMakeLists.txt:16 (rosidl_generate_interfaces)
[0.593s] This warning is for project developers.  Use -Wno-dev to suppress it.
[0.593s] [0m
[0.606s] -- Found PythonInterp: /usr/bin/python3 (found version "3.8.10")
[0.714s] -- Found ament_cmake_ros: 0.9.2 (/opt/ros/foxy/share/ament_cmake_ros/cmake)
[0.879s] -- Using all available rosidl_typesupport_c: rosidl_typesupport_fastrtps_c;rosidl_typesupport_introspection_c
[0.946s] -- Using all available rosidl_typesupport_cpp: rosidl_typesupport_fastrtps_cpp;rosidl_typesupport_introspection_cpp
[0.949s] [33mCMake Warning (dev) at /opt/ros/foxy/share/rosidl_generator_py/cmake/rosidl_generator_py_generate_interfaces.cmake:20 (find_package):
[0.949s]   Policy CMP0148 is not set: The FindPythonInterp and FindPythonLibs modules
[0.949s]   are removed.  Run "cmake --help-policy CMP0148" for policy details.  Use
[0.949s]   the cmake_policy command to set the policy and suppress this warning.
[0.949s] 
[0.949s] Call Stack (most recent call first):
[0.949s]   /opt/ros/foxy/share/ament_cmake_core/cmake/core/ament_execute_extensions.cmake:48 (include)
[0.949s]   /opt/ros/foxy/share/rosidl_cmake/cmake/rosidl_generate_interfaces.cmake:286 (ament_execute_extensions)
[0.949s]   CMakeLists.txt:16 (rosidl_generate_interfaces)
[0.949s] This warning is for project developers.  Use -Wno-dev to suppress it.
[0.949s] [0m
[0.962s] -- Found PythonInterp: /usr/bin/python3 (found suitable version "3.8.10", minimum required is "3.5")
[0.963s] -- Found python_cmake_module: 0.8.1 (/opt/ros/foxy/share/python_cmake_module/cmake)
[0.963s] [33mCMake Warning (dev) at /opt/ros/foxy/share/python_cmake_module/cmake/Modules/FindPythonExtra.cmake:45 (find_package):
[0.963s]   Policy CMP0148 is not set: The FindPythonInterp and FindPythonLibs modules
[0.964s]   are removed.  Run "cmake --help-policy CMP0148" for policy details.  Use
[0.964s]   the cmake_policy command to set the policy and suppress this warning.
[0.964s] 
[0.964s] Call Stack (most recent call first):
[0.964s]   /opt/ros/foxy/share/rosidl_generator_py/cmake/rosidl_generator_py_generate_interfaces.cmake:23 (find_package)
[0.964s]   /opt/ros/foxy/share/ament_cmake_core/cmake/core/ament_execute_extensions.cmake:48 (include)
[0.964s]   /opt/ros/foxy/share/rosidl_cmake/cmake/rosidl_generate_interfaces.cmake:286 (ament_execute_extensions)
[0.964s]   CMakeLists.txt:16 (rosidl_generate_interfaces)
[0.964s] This warning is for project developers.  Use -Wno-dev to suppress it.
[0.964s] [0m
[0.977s] [33mCMake Warning (dev) at /opt/ros/foxy/share/python_cmake_module/cmake/Modules/FindPythonExtra.cmake:133 (find_package):
[0.977s]   Policy CMP0148 is not set: The FindPythonInterp and FindPythonLibs modules
[0.977s]   are removed.  Run "cmake --help-policy CMP0148" for policy details.  Use
[0.977s]   the cmake_policy command to set the policy and suppress this warning.
[0.977s] 
[0.977s] Call Stack (most recent call first):
[0.978s]   /opt/ros/foxy/share/rosidl_generator_py/cmake/rosidl_generator_py_generate_interfaces.cmake:23 (find_package)
[0.978s]   /opt/ros/foxy/share/ament_cmake_core/cmake/core/ament_execute_extensions.cmake:48 (include)
[0.978s]   /opt/ros/foxy/share/rosidl_cmake/cmake/rosidl_generate_interfaces.cmake:286 (ament_execute_extensions)
[0.978s]   CMakeLists.txt:16 (rosidl_generate_interfaces)
[0.978s] This warning is for project developers.  Use -Wno-dev to suppress it.
[0.978s] [0m
[0.982s] -- Found PythonLibs: /usr/lib/x86_64-linux-gnu/libpython3.8.so (found suitable version "3.8.10", minimum required is "3.5")
[0.982s] -- Using PYTHON_EXECUTABLE: /usr/bin/python3
[0.982s] -- Using PYTHON_INCLUDE_DIRS: /usr/include/python3.8
[0.982s] -- Using PYTHON_LIBRARIES: /usr/lib/x86_64-linux-gnu/libpython3.8.so
[0.996s] -- Found PythonExtra: .so
[1.042s] -- Found ament_lint_auto: 0.9.8 (/opt/ros/foxy/share/ament_lint_auto/cmake)
[1.052s] -- Added test 'lint_cmake' to check CMake code style
[1.052s] -- Added test 'xmllint' to check XML markup files
[1.053s] -- Configuring done (1.0s)
[1.083s] -- Generating done (0.0s)
[1.085s] -- Build files have been written to: /home/dvij/ee206-project/ping-pong-robot/vision_tracking/build/interface
[1.092s] Invoked command in '/home/dvij/ee206-project/ping-pong-robot/vision_tracking/build/interface' returned '0': CMAKE_PREFIX_PATH=/opt/ros/foxy:${CMAKE_PREFIX_PATH} /usr/local/bin/cmake /home/dvij/ee206-project/ping-pong-robot/vision_tracking/ros2_ws/src/interface -DCMAKE_INSTALL_PREFIX=/home/dvij/ee206-project/ping-pong-robot/vision_tracking/install/interface
[1.094s] Invoking command in '/home/dvij/ee206-project/ping-pong-robot/vision_tracking/build/interface': CMAKE_PREFIX_PATH=/opt/ros/foxy:${CMAKE_PREFIX_PATH} /usr/local/bin/cmake --build /home/dvij/ee206-project/ping-pong-robot/vision_tracking/build/interface -- -j20 -l20
[1.107s] [  3%] [34m[1mGenerating C code for ROS interfaces[0m
[1.111s] [  6%] [34m[1mGenerating C++ code for ROS interfaces[0m
[1.226s] [  6%] Built target interface__cpp
[1.229s] [  9%] [32mBuilding C object CMakeFiles/interface__rosidl_generator_c.dir/rosidl_generator_c/interface/msg/detail/scene__functions.c.o[0m
[1.229s] [ 12%] [34m[1mGenerating C++ type support dispatch for ROS interfaces[0m
[1.231s] [ 16%] [34m[1mGenerating C++ introspection for ROS interfaces[0m
[1.231s] [ 19%] [34m[1mGenerating C++ type support for eProsima Fast-RTPS[0m
[1.256s] [ 22%] [32m[1mLinking C shared library libinterface__rosidl_generator_c.so[0m
[1.286s] [ 22%] Built target interface__rosidl_generator_c
[1.292s] [ 29%] [34m[1mGenerating C type support dispatch for ROS interfaces[0m
[1.292s] [ 29%] [34m[1mGenerating C introspection for ROS interfaces[0m
[1.339s] [ 32%] [32mBuilding CXX object CMakeFiles/interface__rosidl_typesupport_cpp.dir/rosidl_typesupport_cpp/interface/msg/scene__type_support.cpp.o[0m
[1.352s] [ 35%] [32mBuilding CXX object CMakeFiles/interface__rosidl_typesupport_introspection_cpp.dir/rosidl_typesupport_introspection_cpp/interface/msg/detail/scene__type_support.cpp.o[0m
[1.444s] [ 38%] [32mBuilding CXX object CMakeFiles/interface__rosidl_typesupport_fastrtps_cpp.dir/rosidl_typesupport_fastrtps_cpp/interface/msg/detail/dds_fastrtps/scene__type_support.cpp.o[0m
[1.474s] [ 41%] [32m[1mLinking CXX shared library libinterface__rosidl_typesupport_cpp.so[0m
[1.492s] [ 45%] [32mBuilding CXX object CMakeFiles/interface__rosidl_typesupport_c.dir/rosidl_typesupport_c/interface/msg/scene__type_support.cpp.o[0m
[1.493s] [ 45%] Built target interface__rosidl_typesupport_cpp
[1.500s] [ 48%] [32mBuilding C object CMakeFiles/interface__rosidl_typesupport_introspection_c.dir/rosidl_typesupport_introspection_c/interface/msg/detail/scene__type_support.c.o[0m
[1.517s] [ 51%] [32m[1mLinking CXX shared library libinterface__rosidl_typesupport_c.so[0m
[1.518s] [ 54%] [32m[1mLinking C shared library libinterface__rosidl_typesupport_introspection_c.so[0m
[1.526s] [ 58%] [32m[1mLinking CXX shared library libinterface__rosidl_typesupport_introspection_cpp.so[0m
[1.532s] [ 58%] Built target interface__rosidl_typesupport_introspection_c
[1.547s] [ 58%] Built target interface__rosidl_typesupport_c
[1.565s] [ 58%] Built target interface__rosidl_typesupport_introspection_cpp
[1.723s] [ 61%] [32m[1mLinking CXX shared library libinterface__rosidl_typesupport_fastrtps_cpp.so[0m
[1.768s] [ 61%] Built target interface__rosidl_typesupport_fastrtps_cpp
[1.771s] [ 64%] [34m[1mGenerating C type support for eProsima Fast-RTPS[0m
[1.884s] [ 67%] [32mBuilding CXX object CMakeFiles/interface__rosidl_typesupport_fastrtps_c.dir/rosidl_typesupport_fastrtps_c/interface/msg/detail/scene__type_support_c.cpp.o[0m
[2.051s] [ 70%] [32m[1mLinking CXX shared library libinterface__rosidl_typesupport_fastrtps_c.so[0m
[2.096s] [ 70%] Built target interface__rosidl_typesupport_fastrtps_c
[2.102s] [ 70%] Built target interface
[2.108s] [ 74%] [34m[1mGenerating Python code for ROS interfaces[0m
[2.306s] [ 74%] Built target interface__py
[2.312s] [ 77%] [32mBuilding C object CMakeFiles/interface__python.dir/rosidl_generator_py/interface/msg/_scene_s.c.o[0m
[2.358s] [ 80%] [32m[1mLinking C shared library rosidl_generator_py/interface/libinterface__python.so[0m
[2.380s] [ 80%] Built target interface__python
[2.386s] [ 87%] [32mBuilding C object CMakeFiles/interface__rosidl_typesupport_introspection_c__pyext.dir/rosidl_generator_py/interface/_interface_s.ep.rosidl_typesupport_introspection_c.c.o[0m
[2.386s] [ 87%] [32mBuilding C object CMakeFiles/interface__rosidl_typesupport_fastrtps_c__pyext.dir/rosidl_generator_py/interface/_interface_s.ep.rosidl_typesupport_fastrtps_c.c.o[0m
[2.386s] [ 90%] [32mBuilding C object CMakeFiles/interface__rosidl_typesupport_c__pyext.dir/rosidl_generator_py/interface/_interface_s.ep.rosidl_typesupport_c.c.o[0m
[2.427s] [100%] [32m[1mLinking C shared library rosidl_generator_py/interface/interface_s__rosidl_typesupport_c.cpython-38-x86_64-linux-gnu.so[0m
[2.427s] [100%] [32m[1mLinking CXX shared library rosidl_generator_py/interface/interface_s__rosidl_typesupport_fastrtps_c.cpython-38-x86_64-linux-gnu.so[0m
[2.427s] [100%] [32m[1mLinking C shared library rosidl_generator_py/interface/interface_s__rosidl_typesupport_introspection_c.cpython-38-x86_64-linux-gnu.so[0m
[2.444s] [100%] Built target interface__rosidl_typesupport_c__pyext
[2.445s] [100%] Built target interface__rosidl_typesupport_introspection_c__pyext
[2.461s] [100%] Built target interface__rosidl_typesupport_fastrtps_c__pyext
[2.464s] Invoked command in '/home/dvij/ee206-project/ping-pong-robot/vision_tracking/build/interface' returned '0': CMAKE_PREFIX_PATH=/opt/ros/foxy:${CMAKE_PREFIX_PATH} /usr/local/bin/cmake --build /home/dvij/ee206-project/ping-pong-robot/vision_tracking/build/interface -- -j20 -l20
[2.492s] Invoking command in '/home/dvij/ee206-project/ping-pong-robot/vision_tracking/build/interface': CMAKE_PREFIX_PATH=/opt/ros/foxy:${CMAKE_PREFIX_PATH} /usr/local/bin/cmake --install /home/dvij/ee206-project/ping-pong-robot/vision_tracking/build/interface
[2.494s] -- Install configuration: ""
[2.494s] -- Installing: /home/dvij/ee206-project/ping-pong-robot/vision_tracking/install/interface/share/ament_index/resource_index/rosidl_interfaces/interface
[2.494s] -- Installing: /home/dvij/ee206-project/ping-pong-robot/vision_tracking/install/interface/include/interface
[2.494s] -- Installing: /home/dvij/ee206-project/ping-pong-robot/vision_tracking/install/interface/include/interface/msg
[2.494s] -- Installing: /home/dvij/ee206-project/ping-pong-robot/vision_tracking/install/interface/include/interface/msg/rosidl_generator_c__visibility_control.h
[2.495s] -- Installing: /home/dvij/ee206-project/ping-pong-robot/vision_tracking/install/interface/include/interface/msg/detail
[2.495s] -- Installing: /home/dvij/ee206-project/ping-pong-robot/vision_tracking/install/interface/include/interface/msg/detail/scene__functions.c
[2.495s] -- Installing: /home/dvij/ee206-project/ping-pong-robot/vision_tracking/install/interface/include/interface/msg/detail/scene__type_support.h
[2.495s] -- Installing: /home/dvij/ee206-project/ping-pong-robot/vision_tracking/install/interface/include/interface/msg/detail/scene__struct.h
[2.495s] -- Installing: /home/dvij/ee206-project/ping-pong-robot/vision_tracking/install/interface/include/interface/msg/detail/scene__functions.h
[2.495s] -- Installing: /home/dvij/ee206-project/ping-pong-robot/vision_tracking/install/interface/include/interface/msg/scene.h
[2.495s] -- Installing: /home/dvij/ee206-project/ping-pong-robot/vision_tracking/install/interface/share/interface/environment/library_path.sh
[2.495s] -- Installing: /home/dvij/ee206-project/ping-pong-robot/vision_tracking/install/interface/share/interface/environment/library_path.dsv
[2.495s] -- Installing: /home/dvij/ee206-project/ping-pong-robot/vision_tracking/install/interface/lib/libinterface__rosidl_generator_c.so
[2.495s] -- Set non-toolchain portion of runtime path of "/home/dvij/ee206-project/ping-pong-robot/vision_tracking/install/interface/lib/libinterface__rosidl_generator_c.so" to ""
[2.495s] -- Up-to-date: /home/dvij/ee206-project/ping-pong-robot/vision_tracking/install/interface/include/interface
[2.495s] -- Up-to-date: /home/dvij/ee206-project/ping-pong-robot/vision_tracking/install/interface/include/interface/msg
[2.496s] -- Installing: /home/dvij/ee206-project/ping-pong-robot/vision_tracking/install/interface/include/interface/msg/rosidl_typesupport_fastrtps_c__visibility_control.h
[2.496s] -- Up-to-date: /home/dvij/ee206-project/ping-pong-robot/vision_tracking/install/interface/include/interface/msg/detail
[2.496s] -- Installing: /home/dvij/ee206-project/ping-pong-robot/vision_tracking/install/interface/include/interface/msg/detail/scene__rosidl_typesupport_fastrtps_c.h
[2.496s] -- Installing: /home/dvij/ee206-project/ping-pong-robot/vision_tracking/install/interface/lib/libinterface__rosidl_typesupport_fastrtps_c.so
[2.496s] -- Set non-toolchain portion of runtime path of "/home/dvij/ee206-project/ping-pong-robot/vision_tracking/install/interface/lib/libinterface__rosidl_typesupport_fastrtps_c.so" to ""
[2.496s] -- Up-to-date: /home/dvij/ee206-project/ping-pong-robot/vision_tracking/install/interface/include/interface
[2.496s] -- Up-to-date: /home/dvij/ee206-project/ping-pong-robot/vision_tracking/install/interface/include/interface/msg
[2.496s] -- Installing: /home/dvij/ee206-project/ping-pong-robot/vision_tracking/install/interface/include/interface/msg/rosidl_typesupport_fastrtps_cpp__visibility_control.h
[2.496s] -- Up-to-date: /home/dvij/ee206-project/ping-pong-robot/vision_tracking/install/interface/include/interface/msg/detail
[2.496s] -- Installing: /home/dvij/ee206-project/ping-pong-robot/vision_tracking/install/interface/include/interface/msg/detail/scene__rosidl_typesupport_fastrtps_cpp.hpp
[2.496s] -- Installing: /home/dvij/ee206-project/ping-pong-robot/vision_tracking/install/interface/include/interface/msg/detail/dds_fastrtps
[2.496s] -- Installing: /home/dvij/ee206-project/ping-pong-robot/vision_tracking/install/interface/lib/libinterface__rosidl_typesupport_fastrtps_cpp.so
[2.497s] -- Set non-toolchain portion of runtime path of "/home/dvij/ee206-project/ping-pong-robot/vision_tracking/install/interface/lib/libinterface__rosidl_typesupport_fastrtps_cpp.so" to ""
[2.497s] -- Up-to-date: /home/dvij/ee206-project/ping-pong-robot/vision_tracking/install/interface/include/interface
[2.497s] -- Up-to-date: /home/dvij/ee206-project/ping-pong-robot/vision_tracking/install/interface/include/interface/msg
[2.497s] -- Installing: /home/dvij/ee206-project/ping-pong-robot/vision_tracking/install/interface/include/interface/msg/rosidl_typesupport_introspection_c__visibility_control.h
[2.497s] -- Up-to-date: /home/dvij/ee206-project/ping-pong-robot/vision_tracking/install/interface/include/interface/msg/detail
[2.497s] -- Installing: /home/dvij/ee206-project/ping-pong-robot/vision_tracking/install/interface/include/interface/msg/detail/scene__type_support.c
[2.497s] -- Installing: /home/dvij/ee206-project/ping-pong-robot/vision_tracking/install/interface/include/interface/msg/detail/scene__rosidl_typesupport_introspection_c.h
[2.497s] -- Installing: /home/dvij/ee206-project/ping-pong-robot/vision_tracking/install/interface/lib/libinterface__rosidl_typesupport_introspection_c.so
[2.497s] -- Set non-toolchain portion of runtime path of "/home/dvij/ee206-project/ping-pong-robot/vision_tracking/install/interface/lib/libinterface__rosidl_typesupport_introspection_c.so" to ""
[2.497s] -- Installing: /home/dvij/ee206-project/ping-pong-robot/vision_tracking/install/interface/lib/libinterface__rosidl_typesupport_c.so
[2.497s] -- Set non-toolchain portion of runtime path of "/home/dvij/ee206-project/ping-pong-robot/vision_tracking/install/interface/lib/libinterface__rosidl_typesupport_c.so" to ""
[2.497s] -- Up-to-date: /home/dvij/ee206-project/ping-pong-robot/vision_tracking/install/interface/include/interface
[2.498s] -- Up-to-date: /home/dvij/ee206-project/ping-pong-robot/vision_tracking/install/interface/include/interface/msg
[2.498s] -- Installing: /home/dvij/ee206-project/ping-pong-robot/vision_tracking/install/interface/include/interface/msg/rosidl_generator_cpp__visibility_control.hpp
[2.498s] -- Installing: /home/dvij/ee206-project/ping-pong-robot/vision_tracking/install/interface/include/interface/msg/scene.hpp
[2.498s] -- Up-to-date: /home/dvij/ee206-project/ping-pong-robot/vision_tracking/install/interface/include/interface/msg/detail
[2.498s] -- Installing: /home/dvij/ee206-project/ping-pong-robot/vision_tracking/install/interface/include/interface/msg/detail/scene__builder.hpp
[2.498s] -- Installing: /home/dvij/ee206-project/ping-pong-robot/vision_tracking/install/interface/include/interface/msg/detail/scene__type_support.hpp
[2.498s] -- Installing: /home/dvij/ee206-project/ping-pong-robot/vision_tracking/install/interface/include/interface/msg/detail/scene__struct.hpp
[2.498s] -- Installing: /home/dvij/ee206-project/ping-pong-robot/vision_tracking/install/interface/include/interface/msg/detail/scene__traits.hpp
[2.498s] -- Up-to-date: /home/dvij/ee206-project/ping-pong-robot/vision_tracking/install/interface/include/interface
[2.498s] -- Up-to-date: /home/dvij/ee206-project/ping-pong-robot/vision_tracking/install/interface/include/interface/msg
[2.498s] -- Up-to-date: /home/dvij/ee206-project/ping-pong-robot/vision_tracking/install/interface/include/interface/msg/detail
[2.498s] -- Installing: /home/dvij/ee206-project/ping-pong-robot/vision_tracking/install/interface/include/interface/msg/detail/scene__type_support.cpp
[2.498s] -- Installing: /home/dvij/ee206-project/ping-pong-robot/vision_tracking/install/interface/include/interface/msg/detail/scene__rosidl_typesupport_introspection_cpp.hpp
[2.498s] -- Installing: /home/dvij/ee206-project/ping-pong-robot/vision_tracking/install/interface/lib/libinterface__rosidl_typesupport_introspection_cpp.so
[2.498s] -- Set non-toolchain portion of runtime path of "/home/dvij/ee206-project/ping-pong-robot/vision_tracking/install/interface/lib/libinterface__rosidl_typesupport_introspection_cpp.so" to ""
[2.499s] -- Installing: /home/dvij/ee206-project/ping-pong-robot/vision_tracking/install/interface/lib/libinterface__rosidl_typesupport_cpp.so
[2.499s] -- Set non-toolchain portion of runtime path of "/home/dvij/ee206-project/ping-pong-robot/vision_tracking/install/interface/lib/libinterface__rosidl_typesupport_cpp.so" to ""
[2.499s] -- Installing: /home/dvij/ee206-project/ping-pong-robot/vision_tracking/install/interface/share/interface/environment/pythonpath.sh
[2.499s] -- Installing: /home/dvij/ee206-project/ping-pong-robot/vision_tracking/install/interface/share/interface/environment/pythonpath.dsv
[2.499s] -- Installing: /home/dvij/ee206-project/ping-pong-robot/vision_tracking/install/interface/lib/python3.8/site-packages/interface/__init__.py
[2.516s] Compiling '/home/dvij/ee206-project/ping-pong-robot/vision_tracking/install/interface/lib/python3.8/site-packages/interface/__init__.py'...
[2.519s] -- Installing: /home/dvij/ee206-project/ping-pong-robot/vision_tracking/install/interface/lib/python3.8/site-packages/interface/msg
[2.519s] -- Installing: /home/dvij/ee206-project/ping-pong-robot/vision_tracking/install/interface/lib/python3.8/site-packages/interface/msg/_scene.py
[2.519s] -- Installing: /home/dvij/ee206-project/ping-pong-robot/vision_tracking/install/interface/lib/python3.8/site-packages/interface/msg/_scene_s.c
[2.519s] -- Installing: /home/dvij/ee206-project/ping-pong-robot/vision_tracking/install/interface/lib/python3.8/site-packages/interface/msg/__init__.py
[2.519s] -- Installing: /home/dvij/ee206-project/ping-pong-robot/vision_tracking/install/interface/lib/python3.8/site-packages/interface/interface_s__rosidl_typesupport_fastrtps_c.cpython-38-x86_64-linux-gnu.so
[2.519s] -- Set non-toolchain portion of runtime path of "/home/dvij/ee206-project/ping-pong-robot/vision_tracking/install/interface/lib/python3.8/site-packages/interface/interface_s__rosidl_typesupport_fastrtps_c.cpython-38-x86_64-linux-gnu.so" to ""
[2.520s] -- Installing: /home/dvij/ee206-project/ping-pong-robot/vision_tracking/install/interface/lib/python3.8/site-packages/interface/interface_s__rosidl_typesupport_introspection_c.cpython-38-x86_64-linux-gnu.so
[2.520s] -- Set non-toolchain portion of runtime path of "/home/dvij/ee206-project/ping-pong-robot/vision_tracking/install/interface/lib/python3.8/site-packages/interface/interface_s__rosidl_typesupport_introspection_c.cpython-38-x86_64-linux-gnu.so" to ""
[2.520s] -- Installing: /home/dvij/ee206-project/ping-pong-robot/vision_tracking/install/interface/lib/python3.8/site-packages/interface/interface_s__rosidl_typesupport_c.cpython-38-x86_64-linux-gnu.so
[2.520s] -- Set non-toolchain portion of runtime path of "/home/dvij/ee206-project/ping-pong-robot/vision_tracking/install/interface/lib/python3.8/site-packages/interface/interface_s__rosidl_typesupport_c.cpython-38-x86_64-linux-gnu.so" to ""
[2.520s] -- Installing: /home/dvij/ee206-project/ping-pong-robot/vision_tracking/install/interface/lib/libinterface__python.so
[2.521s] -- Set non-toolchain portion of runtime path of "/home/dvij/ee206-project/ping-pong-robot/vision_tracking/install/interface/lib/libinterface__python.so" to ""
[2.521s] -- Installing: /home/dvij/ee206-project/ping-pong-robot/vision_tracking/install/interface/share/interface/msg/Scene.idl
[2.521s] -- Installing: /home/dvij/ee206-project/ping-pong-robot/vision_tracking/install/interface/share/interface/msg/Scene.msg
[2.521s] -- Installing: /home/dvij/ee206-project/ping-pong-robot/vision_tracking/install/interface/share/ament_index/resource_index/package_run_dependencies/interface
[2.521s] -- Installing: /home/dvij/ee206-project/ping-pong-robot/vision_tracking/install/interface/share/ament_index/resource_index/parent_prefix_path/interface
[2.521s] -- Installing: /home/dvij/ee206-project/ping-pong-robot/vision_tracking/install/interface/share/interface/environment/ament_prefix_path.sh
[2.521s] -- Installing: /home/dvij/ee206-project/ping-pong-robot/vision_tracking/install/interface/share/interface/environment/ament_prefix_path.dsv
[2.522s] -- Installing: /home/dvij/ee206-project/ping-pong-robot/vision_tracking/install/interface/share/interface/environment/path.sh
[2.522s] -- Installing: /home/dvij/ee206-project/ping-pong-robot/vision_tracking/install/interface/share/interface/environment/path.dsv
[2.522s] -- Installing: /home/dvij/ee206-project/ping-pong-robot/vision_tracking/install/interface/share/interface/local_setup.bash
[2.522s] -- Installing: /home/dvij/ee206-project/ping-pong-robot/vision_tracking/install/interface/share/interface/local_setup.sh
[2.522s] -- Installing: /home/dvij/ee206-project/ping-pong-robot/vision_tracking/install/interface/share/interface/local_setup.zsh
[2.522s] -- Installing: /home/dvij/ee206-project/ping-pong-robot/vision_tracking/install/interface/share/interface/local_setup.dsv
[2.522s] -- Installing: /home/dvij/ee206-project/ping-pong-robot/vision_tracking/install/interface/share/interface/package.dsv
[2.522s] -- Installing: /home/dvij/ee206-project/ping-pong-robot/vision_tracking/install/interface/share/ament_index/resource_index/packages/interface
[2.523s] -- Installing: /home/dvij/ee206-project/ping-pong-robot/vision_tracking/install/interface/share/interface/cmake/interface__rosidl_generator_cExport.cmake
[2.523s] -- Installing: /home/dvij/ee206-project/ping-pong-robot/vision_tracking/install/interface/share/interface/cmake/interface__rosidl_generator_cExport-noconfig.cmake
[2.523s] -- Installing: /home/dvij/ee206-project/ping-pong-robot/vision_tracking/install/interface/share/interface/cmake/interface__rosidl_typesupport_introspection_cExport.cmake
[2.523s] -- Installing: /home/dvij/ee206-project/ping-pong-robot/vision_tracking/install/interface/share/interface/cmake/interface__rosidl_typesupport_introspection_cExport-noconfig.cmake
[2.523s] -- Installing: /home/dvij/ee206-project/ping-pong-robot/vision_tracking/install/interface/share/interface/cmake/interface__rosidl_typesupport_cExport.cmake
[2.523s] -- Installing: /home/dvij/ee206-project/ping-pong-robot/vision_tracking/install/interface/share/interface/cmake/interface__rosidl_typesupport_cExport-noconfig.cmake
[2.523s] -- Installing: /home/dvij/ee206-project/ping-pong-robot/vision_tracking/install/interface/share/interface/cmake/interface__rosidl_generator_cppExport.cmake
[2.524s] -- Installing: /home/dvij/ee206-project/ping-pong-robot/vision_tracking/install/interface/share/interface/cmake/interface__rosidl_typesupport_introspection_cppExport.cmake
[2.524s] -- Installing: /home/dvij/ee206-project/ping-pong-robot/vision_tracking/install/interface/share/interface/cmake/interface__rosidl_typesupport_introspection_cppExport-noconfig.cmake
[2.524s] -- Installing: /home/dvij/ee206-project/ping-pong-robot/vision_tracking/install/interface/share/interface/cmake/interface__rosidl_typesupport_cppExport.cmake
[2.524s] -- Installing: /home/dvij/ee206-project/ping-pong-robot/vision_tracking/install/interface/share/interface/cmake/interface__rosidl_typesupport_cppExport-noconfig.cmake
[2.524s] -- Installing: /home/dvij/ee206-project/ping-pong-robot/vision_tracking/install/interface/share/interface/cmake/rosidl_cmake-extras.cmake
[2.524s] -- Installing: /home/dvij/ee206-project/ping-pong-robot/vision_tracking/install/interface/share/interface/cmake/ament_cmake_export_dependencies-extras.cmake
[2.524s] -- Installing: /home/dvij/ee206-project/ping-pong-robot/vision_tracking/install/interface/share/interface/cmake/ament_cmake_export_libraries-extras.cmake
[2.524s] -- Installing: /home/dvij/ee206-project/ping-pong-robot/vision_tracking/install/interface/share/interface/cmake/ament_cmake_export_targets-extras.cmake
[2.525s] -- Installing: /home/dvij/ee206-project/ping-pong-robot/vision_tracking/install/interface/share/interface/cmake/ament_cmake_export_include_directories-extras.cmake
[2.525s] -- Installing: /home/dvij/ee206-project/ping-pong-robot/vision_tracking/install/interface/share/interface/cmake/rosidl_cmake_export_typesupport_libraries-extras.cmake
[2.525s] -- Installing: /home/dvij/ee206-project/ping-pong-robot/vision_tracking/install/interface/share/interface/cmake/rosidl_cmake_export_typesupport_targets-extras.cmake
[2.525s] -- Installing: /home/dvij/ee206-project/ping-pong-robot/vision_tracking/install/interface/share/interface/cmake/interfaceConfig.cmake
[2.525s] -- Installing: /home/dvij/ee206-project/ping-pong-robot/vision_tracking/install/interface/share/interface/cmake/interfaceConfig-version.cmake
[2.525s] -- Installing: /home/dvij/ee206-project/ping-pong-robot/vision_tracking/install/interface/share/interface/package.xml
[2.527s] Invoked command in '/home/dvij/ee206-project/ping-pong-robot/vision_tracking/build/interface' returned '0': CMAKE_PREFIX_PATH=/opt/ros/foxy:${CMAKE_PREFIX_PATH} /usr/local/bin/cmake --install /home/dvij/ee206-project/ping-pong-robot/vision_tracking/build/interface
