[0.015s] Invoking command in '/home/dvij/learning_table_tennis_from_scratch/lbr_fri_ros2_stack_ws/build/lbr_fri_msgs': CMAKE_PREFIX_PATH=/opt/ros/galactic /usr/local/bin/cmake --build /home/dvij/learning_table_tennis_from_scratch/lbr_fri_ros2_stack_ws/build/lbr_fri_msgs -- -j20 -l20
[0.037s] [  1%] Built target lbr_fri_msgs__cpp
[0.039s] [ 12%] Built target lbr_fri_msgs__rosidl_generator_c
[0.058s] [ 23%] Built target lbr_fri_msgs__rosidl_typesupport_c
[0.059s] [ 34%] Built target lbr_fri_msgs__rosidl_typesupport_introspection_c
[0.059s] [ 45%] Built target lbr_fri_msgs__rosidl_typesupport_cpp
[0.061s] [ 56%] Built target lbr_fri_msgs__rosidl_typesupport_fastrtps_cpp
[0.061s] [ 67%] Built target lbr_fri_msgs__rosidl_typesupport_introspection_cpp
[0.076s] [ 78%] Built target lbr_fri_msgs__rosidl_typesupport_fastrtps_c
[0.083s] [ 78%] Built target lbr_fri_msgs
[0.092s] [ 80%] Built target lbr_fri_msgs__py
[0.103s] [ 89%] Built target lbr_fri_msgs__python
[0.115s] [ 96%] Built target lbr_fri_msgs__rosidl_typesupport_c__pyext
[0.115s] [ 96%] Built target lbr_fri_msgs__rosidl_typesupport_fastrtps_c__pyext
[0.115s] [100%] Built target lbr_fri_msgs__rosidl_typesupport_introspection_c__pyext
[0.119s] Invoked command in '/home/dvij/learning_table_tennis_from_scratch/lbr_fri_ros2_stack_ws/build/lbr_fri_msgs' returned '0': CMAKE_PREFIX_PATH=/opt/ros/galactic /usr/local/bin/cmake --build /home/dvij/learning_table_tennis_from_scratch/lbr_fri_ros2_stack_ws/build/lbr_fri_msgs -- -j20 -l20
[0.236s] Invoking command in '/home/dvij/learning_table_tennis_from_scratch/lbr_fri_ros2_stack_ws/build/lbr_fri_msgs': CMAKE_PREFIX_PATH=/opt/ros/galactic /usr/local/bin/cmake --install /home/dvij/learning_table_tennis_from_scratch/lbr_fri_ros2_stack_ws/build/lbr_fri_msgs
[0.240s] -- Install configuration: ""
[0.240s] -- Up-to-date: /home/dvij/learning_table_tennis_from_scratch/lbr_fri_ros2_stack_ws/install/lbr_fri_msgs/share/ament_index/resource_index/rosidl_interfaces/lbr_fri_msgs
[0.240s] -- Up-to-date: /home/dvij/learning_table_tennis_from_scratch/lbr_fri_ros2_stack_ws/install/lbr_fri_msgs/include/lbr_fri_msgs
[0.240s] -- Up-to-date: /home/dvij/learning_table_tennis_from_scratch/lbr_fri_ros2_stack_ws/install/lbr_fri_msgs/include/lbr_fri_msgs/msg
[0.240s] -- Up-to-date: /home/dvij/learning_table_tennis_from_scratch/lbr_fri_ros2_stack_ws/install/lbr_fri_msgs/include/lbr_fri_msgs/msg/rosidl_generator_c__visibility_control.h
[0.240s] -- Up-to-date: /home/dvij/learning_table_tennis_from_scratch/lbr_fri_ros2_stack_ws/install/lbr_fri_msgs/include/lbr_fri_msgs/msg/lbr_command.h
[0.240s] -- Up-to-date: /home/dvij/learning_table_tennis_from_scratch/lbr_fri_ros2_stack_ws/install/lbr_fri_msgs/include/lbr_fri_msgs/msg/detail
[0.240s] -- Up-to-date: /home/dvij/learning_table_tennis_from_scratch/lbr_fri_ros2_stack_ws/install/lbr_fri_msgs/include/lbr_fri_msgs/msg/detail/lbr_state__struct.h
[0.240s] -- Up-to-date: /home/dvij/learning_table_tennis_from_scratch/lbr_fri_ros2_stack_ws/install/lbr_fri_msgs/include/lbr_fri_msgs/msg/detail/lbr_state__functions.c
[0.240s] -- Up-to-date: /home/dvij/learning_table_tennis_from_scratch/lbr_fri_ros2_stack_ws/install/lbr_fri_msgs/include/lbr_fri_msgs/msg/detail/lbr_command__type_support.h
[0.240s] -- Up-to-date: /home/dvij/learning_table_tennis_from_scratch/lbr_fri_ros2_stack_ws/install/lbr_fri_msgs/include/lbr_fri_msgs/msg/detail/lbr_command__struct.h
[0.240s] -- Up-to-date: /home/dvij/learning_table_tennis_from_scratch/lbr_fri_ros2_stack_ws/install/lbr_fri_msgs/include/lbr_fri_msgs/msg/detail/lbr_state__type_support.h
[0.240s] -- Up-to-date: /home/dvij/learning_table_tennis_from_scratch/lbr_fri_ros2_stack_ws/install/lbr_fri_msgs/include/lbr_fri_msgs/msg/detail/lbr_state__functions.h
[0.240s] -- Up-to-date: /home/dvij/learning_table_tennis_from_scratch/lbr_fri_ros2_stack_ws/install/lbr_fri_msgs/include/lbr_fri_msgs/msg/detail/lbr_command__functions.c
[0.241s] -- Up-to-date: /home/dvij/learning_table_tennis_from_scratch/lbr_fri_ros2_stack_ws/install/lbr_fri_msgs/include/lbr_fri_msgs/msg/detail/lbr_command__functions.h
[0.241s] -- Up-to-date: /home/dvij/learning_table_tennis_from_scratch/lbr_fri_ros2_stack_ws/install/lbr_fri_msgs/include/lbr_fri_msgs/msg/lbr_state.h
[0.241s] -- Up-to-date: /home/dvij/learning_table_tennis_from_scratch/lbr_fri_ros2_stack_ws/install/lbr_fri_msgs/include/lbr_fri_msgs/srv
[0.241s] -- Up-to-date: /home/dvij/learning_table_tennis_from_scratch/lbr_fri_ros2_stack_ws/install/lbr_fri_msgs/include/lbr_fri_msgs/srv/app_connect.h
[0.241s] -- Up-to-date: /home/dvij/learning_table_tennis_from_scratch/lbr_fri_ros2_stack_ws/install/lbr_fri_msgs/include/lbr_fri_msgs/srv/detail
[0.241s] -- Up-to-date: /home/dvij/learning_table_tennis_from_scratch/lbr_fri_ros2_stack_ws/install/lbr_fri_msgs/include/lbr_fri_msgs/srv/detail/app_connect__type_support.h
[0.241s] -- Up-to-date: /home/dvij/learning_table_tennis_from_scratch/lbr_fri_ros2_stack_ws/install/lbr_fri_msgs/include/lbr_fri_msgs/srv/detail/app_connect__struct.h
[0.241s] -- Up-to-date: /home/dvij/learning_table_tennis_from_scratch/lbr_fri_ros2_stack_ws/install/lbr_fri_msgs/include/lbr_fri_msgs/srv/detail/app_disconnect__functions.h
[0.241s] -- Up-to-date: /home/dvij/learning_table_tennis_from_scratch/lbr_fri_ros2_stack_ws/install/lbr_fri_msgs/include/lbr_fri_msgs/srv/detail/app_disconnect__functions.c
[0.241s] -- Up-to-date: /home/dvij/learning_table_tennis_from_scratch/lbr_fri_ros2_stack_ws/install/lbr_fri_msgs/include/lbr_fri_msgs/srv/detail/app_connect__functions.h
[0.241s] -- Up-to-date: /home/dvij/learning_table_tennis_from_scratch/lbr_fri_ros2_stack_ws/install/lbr_fri_msgs/include/lbr_fri_msgs/srv/detail/app_disconnect__type_support.h
[0.241s] -- Up-to-date: /home/dvij/learning_table_tennis_from_scratch/lbr_fri_ros2_stack_ws/install/lbr_fri_msgs/include/lbr_fri_msgs/srv/detail/app_disconnect__struct.h
[0.241s] -- Up-to-date: /home/dvij/learning_table_tennis_from_scratch/lbr_fri_ros2_stack_ws/install/lbr_fri_msgs/include/lbr_fri_msgs/srv/detail/app_connect__functions.c
[0.241s] -- Up-to-date: /home/dvij/learning_table_tennis_from_scratch/lbr_fri_ros2_stack_ws/install/lbr_fri_msgs/include/lbr_fri_msgs/srv/app_disconnect.h
[0.241s] -- Up-to-date: /home/dvij/learning_table_tennis_from_scratch/lbr_fri_ros2_stack_ws/install/lbr_fri_msgs/share/lbr_fri_msgs/environment/library_path.sh
[0.241s] -- Up-to-date: /home/dvij/learning_table_tennis_from_scratch/lbr_fri_ros2_stack_ws/install/lbr_fri_msgs/share/lbr_fri_msgs/environment/library_path.dsv
[0.241s] -- Up-to-date: /home/dvij/learning_table_tennis_from_scratch/lbr_fri_ros2_stack_ws/install/lbr_fri_msgs/lib/liblbr_fri_msgs__rosidl_generator_c.so
[0.241s] -- Up-to-date: /home/dvij/learning_table_tennis_from_scratch/lbr_fri_ros2_stack_ws/install/lbr_fri_msgs/include/lbr_fri_msgs
[0.241s] -- Up-to-date: /home/dvij/learning_table_tennis_from_scratch/lbr_fri_ros2_stack_ws/install/lbr_fri_msgs/include/lbr_fri_msgs/msg
[0.241s] -- Up-to-date: /home/dvij/learning_table_tennis_from_scratch/lbr_fri_ros2_stack_ws/install/lbr_fri_msgs/include/lbr_fri_msgs/msg/rosidl_typesupport_fastrtps_c__visibility_control.h
[0.241s] -- Up-to-date: /home/dvij/learning_table_tennis_from_scratch/lbr_fri_ros2_stack_ws/install/lbr_fri_msgs/include/lbr_fri_msgs/msg/detail
[0.241s] -- Up-to-date: /home/dvij/learning_table_tennis_from_scratch/lbr_fri_ros2_stack_ws/install/lbr_fri_msgs/include/lbr_fri_msgs/msg/detail/lbr_command__rosidl_typesupport_fastrtps_c.h
[0.242s] -- Up-to-date: /home/dvij/learning_table_tennis_from_scratch/lbr_fri_ros2_stack_ws/install/lbr_fri_msgs/include/lbr_fri_msgs/msg/detail/lbr_state__rosidl_typesupport_fastrtps_c.h
[0.242s] -- Up-to-date: /home/dvij/learning_table_tennis_from_scratch/lbr_fri_ros2_stack_ws/install/lbr_fri_msgs/include/lbr_fri_msgs/srv
[0.242s] -- Up-to-date: /home/dvij/learning_table_tennis_from_scratch/lbr_fri_ros2_stack_ws/install/lbr_fri_msgs/include/lbr_fri_msgs/srv/detail
[0.242s] -- Up-to-date: /home/dvij/learning_table_tennis_from_scratch/lbr_fri_ros2_stack_ws/install/lbr_fri_msgs/include/lbr_fri_msgs/srv/detail/app_disconnect__rosidl_typesupport_fastrtps_c.h
[0.242s] -- Up-to-date: /home/dvij/learning_table_tennis_from_scratch/lbr_fri_ros2_stack_ws/install/lbr_fri_msgs/include/lbr_fri_msgs/srv/detail/app_connect__rosidl_typesupport_fastrtps_c.h
[0.242s] -- Up-to-date: /home/dvij/learning_table_tennis_from_scratch/lbr_fri_ros2_stack_ws/install/lbr_fri_msgs/lib/liblbr_fri_msgs__rosidl_typesupport_fastrtps_c.so
[0.242s] -- Up-to-date: /home/dvij/learning_table_tennis_from_scratch/lbr_fri_ros2_stack_ws/install/lbr_fri_msgs/include/lbr_fri_msgs
[0.242s] -- Up-to-date: /home/dvij/learning_table_tennis_from_scratch/lbr_fri_ros2_stack_ws/install/lbr_fri_msgs/include/lbr_fri_msgs/msg
[0.242s] -- Up-to-date: /home/dvij/learning_table_tennis_from_scratch/lbr_fri_ros2_stack_ws/install/lbr_fri_msgs/include/lbr_fri_msgs/msg/rosidl_typesupport_fastrtps_cpp__visibility_control.h
[0.242s] -- Up-to-date: /home/dvij/learning_table_tennis_from_scratch/lbr_fri_ros2_stack_ws/install/lbr_fri_msgs/include/lbr_fri_msgs/msg/detail
[0.242s] -- Up-to-date: /home/dvij/learning_table_tennis_from_scratch/lbr_fri_ros2_stack_ws/install/lbr_fri_msgs/include/lbr_fri_msgs/msg/detail/lbr_command__rosidl_typesupport_fastrtps_cpp.hpp
[0.242s] -- Up-to-date: /home/dvij/learning_table_tennis_from_scratch/lbr_fri_ros2_stack_ws/install/lbr_fri_msgs/include/lbr_fri_msgs/msg/detail/lbr_state__rosidl_typesupport_fastrtps_cpp.hpp
[0.242s] -- Up-to-date: /home/dvij/learning_table_tennis_from_scratch/lbr_fri_ros2_stack_ws/install/lbr_fri_msgs/include/lbr_fri_msgs/msg/detail/dds_fastrtps
[0.242s] -- Up-to-date: /home/dvij/learning_table_tennis_from_scratch/lbr_fri_ros2_stack_ws/install/lbr_fri_msgs/include/lbr_fri_msgs/srv
[0.242s] -- Up-to-date: /home/dvij/learning_table_tennis_from_scratch/lbr_fri_ros2_stack_ws/install/lbr_fri_msgs/include/lbr_fri_msgs/srv/detail
[0.242s] -- Up-to-date: /home/dvij/learning_table_tennis_from_scratch/lbr_fri_ros2_stack_ws/install/lbr_fri_msgs/include/lbr_fri_msgs/srv/detail/app_connect__rosidl_typesupport_fastrtps_cpp.hpp
[0.242s] -- Up-to-date: /home/dvij/learning_table_tennis_from_scratch/lbr_fri_ros2_stack_ws/install/lbr_fri_msgs/include/lbr_fri_msgs/srv/detail/app_disconnect__rosidl_typesupport_fastrtps_cpp.hpp
[0.242s] -- Up-to-date: /home/dvij/learning_table_tennis_from_scratch/lbr_fri_ros2_stack_ws/install/lbr_fri_msgs/include/lbr_fri_msgs/srv/detail/dds_fastrtps
[0.242s] -- Up-to-date: /home/dvij/learning_table_tennis_from_scratch/lbr_fri_ros2_stack_ws/install/lbr_fri_msgs/lib/liblbr_fri_msgs__rosidl_typesupport_fastrtps_cpp.so
[0.242s] -- Up-to-date: /home/dvij/learning_table_tennis_from_scratch/lbr_fri_ros2_stack_ws/install/lbr_fri_msgs/include/lbr_fri_msgs
[0.242s] -- Up-to-date: /home/dvij/learning_table_tennis_from_scratch/lbr_fri_ros2_stack_ws/install/lbr_fri_msgs/include/lbr_fri_msgs/msg
[0.242s] -- Up-to-date: /home/dvij/learning_table_tennis_from_scratch/lbr_fri_ros2_stack_ws/install/lbr_fri_msgs/include/lbr_fri_msgs/msg/rosidl_typesupport_introspection_c__visibility_control.h
[0.242s] -- Up-to-date: /home/dvij/learning_table_tennis_from_scratch/lbr_fri_ros2_stack_ws/install/lbr_fri_msgs/include/lbr_fri_msgs/msg/detail
[0.242s] -- Up-to-date: /home/dvij/learning_table_tennis_from_scratch/lbr_fri_ros2_stack_ws/install/lbr_fri_msgs/include/lbr_fri_msgs/msg/detail/lbr_command__type_support.c
[0.242s] -- Up-to-date: /home/dvij/learning_table_tennis_from_scratch/lbr_fri_ros2_stack_ws/install/lbr_fri_msgs/include/lbr_fri_msgs/msg/detail/lbr_state__type_support.c
[0.242s] -- Up-to-date: /home/dvij/learning_table_tennis_from_scratch/lbr_fri_ros2_stack_ws/install/lbr_fri_msgs/include/lbr_fri_msgs/msg/detail/lbr_state__rosidl_typesupport_introspection_c.h
[0.243s] -- Up-to-date: /home/dvij/learning_table_tennis_from_scratch/lbr_fri_ros2_stack_ws/install/lbr_fri_msgs/include/lbr_fri_msgs/msg/detail/lbr_command__rosidl_typesupport_introspection_c.h
[0.243s] -- Up-to-date: /home/dvij/learning_table_tennis_from_scratch/lbr_fri_ros2_stack_ws/install/lbr_fri_msgs/include/lbr_fri_msgs/srv
[0.243s] -- Up-to-date: /home/dvij/learning_table_tennis_from_scratch/lbr_fri_ros2_stack_ws/install/lbr_fri_msgs/include/lbr_fri_msgs/srv/detail
[0.243s] -- Up-to-date: /home/dvij/learning_table_tennis_from_scratch/lbr_fri_ros2_stack_ws/install/lbr_fri_msgs/include/lbr_fri_msgs/srv/detail/app_disconnect__type_support.c
[0.243s] -- Up-to-date: /home/dvij/learning_table_tennis_from_scratch/lbr_fri_ros2_stack_ws/install/lbr_fri_msgs/include/lbr_fri_msgs/srv/detail/app_disconnect__rosidl_typesupport_introspection_c.h
[0.243s] -- Up-to-date: /home/dvij/learning_table_tennis_from_scratch/lbr_fri_ros2_stack_ws/install/lbr_fri_msgs/include/lbr_fri_msgs/srv/detail/app_connect__rosidl_typesupport_introspection_c.h
[0.243s] -- Up-to-date: /home/dvij/learning_table_tennis_from_scratch/lbr_fri_ros2_stack_ws/install/lbr_fri_msgs/include/lbr_fri_msgs/srv/detail/app_connect__type_support.c
[0.243s] -- Up-to-date: /home/dvij/learning_table_tennis_from_scratch/lbr_fri_ros2_stack_ws/install/lbr_fri_msgs/lib/liblbr_fri_msgs__rosidl_typesupport_introspection_c.so
[0.243s] -- Up-to-date: /home/dvij/learning_table_tennis_from_scratch/lbr_fri_ros2_stack_ws/install/lbr_fri_msgs/lib/liblbr_fri_msgs__rosidl_typesupport_c.so
[0.243s] -- Up-to-date: /home/dvij/learning_table_tennis_from_scratch/lbr_fri_ros2_stack_ws/install/lbr_fri_msgs/include/lbr_fri_msgs
[0.243s] -- Up-to-date: /home/dvij/learning_table_tennis_from_scratch/lbr_fri_ros2_stack_ws/install/lbr_fri_msgs/include/lbr_fri_msgs/msg
[0.243s] -- Up-to-date: /home/dvij/learning_table_tennis_from_scratch/lbr_fri_ros2_stack_ws/install/lbr_fri_msgs/include/lbr_fri_msgs/msg/lbr_state.hpp
[0.243s] -- Up-to-date: /home/dvij/learning_table_tennis_from_scratch/lbr_fri_ros2_stack_ws/install/lbr_fri_msgs/include/lbr_fri_msgs/msg/detail
[0.243s] -- Up-to-date: /home/dvij/learning_table_tennis_from_scratch/lbr_fri_ros2_stack_ws/install/lbr_fri_msgs/include/lbr_fri_msgs/msg/detail/lbr_state__builder.hpp
[0.243s] -- Up-to-date: /home/dvij/learning_table_tennis_from_scratch/lbr_fri_ros2_stack_ws/install/lbr_fri_msgs/include/lbr_fri_msgs/msg/detail/lbr_command__traits.hpp
[0.243s] -- Up-to-date: /home/dvij/learning_table_tennis_from_scratch/lbr_fri_ros2_stack_ws/install/lbr_fri_msgs/include/lbr_fri_msgs/msg/detail/lbr_command__struct.hpp
[0.243s] -- Up-to-date: /home/dvij/learning_table_tennis_from_scratch/lbr_fri_ros2_stack_ws/install/lbr_fri_msgs/include/lbr_fri_msgs/msg/detail/lbr_state__struct.hpp
[0.243s] -- Up-to-date: /home/dvij/learning_table_tennis_from_scratch/lbr_fri_ros2_stack_ws/install/lbr_fri_msgs/include/lbr_fri_msgs/msg/detail/lbr_state__traits.hpp
[0.243s] -- Up-to-date: /home/dvij/learning_table_tennis_from_scratch/lbr_fri_ros2_stack_ws/install/lbr_fri_msgs/include/lbr_fri_msgs/msg/detail/lbr_command__builder.hpp
[0.243s] -- Up-to-date: /home/dvij/learning_table_tennis_from_scratch/lbr_fri_ros2_stack_ws/install/lbr_fri_msgs/include/lbr_fri_msgs/msg/lbr_command.hpp
[0.243s] -- Up-to-date: /home/dvij/learning_table_tennis_from_scratch/lbr_fri_ros2_stack_ws/install/lbr_fri_msgs/include/lbr_fri_msgs/srv
[0.243s] -- Up-to-date: /home/dvij/learning_table_tennis_from_scratch/lbr_fri_ros2_stack_ws/install/lbr_fri_msgs/include/lbr_fri_msgs/srv/app_disconnect.hpp
[0.243s] -- Up-to-date: /home/dvij/learning_table_tennis_from_scratch/lbr_fri_ros2_stack_ws/install/lbr_fri_msgs/include/lbr_fri_msgs/srv/detail
[0.243s] -- Up-to-date: /home/dvij/learning_table_tennis_from_scratch/lbr_fri_ros2_stack_ws/install/lbr_fri_msgs/include/lbr_fri_msgs/srv/detail/app_disconnect__struct.hpp
[0.243s] -- Up-to-date: /home/dvij/learning_table_tennis_from_scratch/lbr_fri_ros2_stack_ws/install/lbr_fri_msgs/include/lbr_fri_msgs/srv/detail/app_disconnect__traits.hpp
[0.243s] -- Up-to-date: /home/dvij/learning_table_tennis_from_scratch/lbr_fri_ros2_stack_ws/install/lbr_fri_msgs/include/lbr_fri_msgs/srv/detail/app_connect__struct.hpp
[0.243s] -- Up-to-date: /home/dvij/learning_table_tennis_from_scratch/lbr_fri_ros2_stack_ws/install/lbr_fri_msgs/include/lbr_fri_msgs/srv/detail/app_disconnect__builder.hpp
[0.243s] -- Up-to-date: /home/dvij/learning_table_tennis_from_scratch/lbr_fri_ros2_stack_ws/install/lbr_fri_msgs/include/lbr_fri_msgs/srv/detail/app_connect__builder.hpp
[0.243s] -- Up-to-date: /home/dvij/learning_table_tennis_from_scratch/lbr_fri_ros2_stack_ws/install/lbr_fri_msgs/include/lbr_fri_msgs/srv/detail/app_connect__traits.hpp
[0.243s] -- Up-to-date: /home/dvij/learning_table_tennis_from_scratch/lbr_fri_ros2_stack_ws/install/lbr_fri_msgs/include/lbr_fri_msgs/srv/app_connect.hpp
[0.243s] -- Up-to-date: /home/dvij/learning_table_tennis_from_scratch/lbr_fri_ros2_stack_ws/install/lbr_fri_msgs/include/lbr_fri_msgs
[0.243s] -- Up-to-date: /home/dvij/learning_table_tennis_from_scratch/lbr_fri_ros2_stack_ws/install/lbr_fri_msgs/include/lbr_fri_msgs/msg
[0.243s] -- Up-to-date: /home/dvij/learning_table_tennis_from_scratch/lbr_fri_ros2_stack_ws/install/lbr_fri_msgs/include/lbr_fri_msgs/msg/detail
[0.243s] -- Up-to-date: /home/dvij/learning_table_tennis_from_scratch/lbr_fri_ros2_stack_ws/install/lbr_fri_msgs/include/lbr_fri_msgs/msg/detail/lbr_state__rosidl_typesupport_introspection_cpp.hpp
[0.243s] -- Up-to-date: /home/dvij/learning_table_tennis_from_scratch/lbr_fri_ros2_stack_ws/install/lbr_fri_msgs/include/lbr_fri_msgs/msg/detail/lbr_command__rosidl_typesupport_introspection_cpp.hpp
[0.244s] -- Up-to-date: /home/dvij/learning_table_tennis_from_scratch/lbr_fri_ros2_stack_ws/install/lbr_fri_msgs/include/lbr_fri_msgs/msg/detail/lbr_command__type_support.cpp
[0.244s] -- Up-to-date: /home/dvij/learning_table_tennis_from_scratch/lbr_fri_ros2_stack_ws/install/lbr_fri_msgs/include/lbr_fri_msgs/msg/detail/lbr_state__type_support.cpp
[0.244s] -- Up-to-date: /home/dvij/learning_table_tennis_from_scratch/lbr_fri_ros2_stack_ws/install/lbr_fri_msgs/include/lbr_fri_msgs/srv
[0.244s] -- Up-to-date: /home/dvij/learning_table_tennis_from_scratch/lbr_fri_ros2_stack_ws/install/lbr_fri_msgs/include/lbr_fri_msgs/srv/detail
[0.244s] -- Up-to-date: /home/dvij/learning_table_tennis_from_scratch/lbr_fri_ros2_stack_ws/install/lbr_fri_msgs/include/lbr_fri_msgs/srv/detail/app_connect__type_support.cpp
[0.244s] -- Up-to-date: /home/dvij/learning_table_tennis_from_scratch/lbr_fri_ros2_stack_ws/install/lbr_fri_msgs/include/lbr_fri_msgs/srv/detail/app_disconnect__type_support.cpp
[0.244s] -- Up-to-date: /home/dvij/learning_table_tennis_from_scratch/lbr_fri_ros2_stack_ws/install/lbr_fri_msgs/include/lbr_fri_msgs/srv/detail/app_connect__rosidl_typesupport_introspection_cpp.hpp
[0.244s] -- Up-to-date: /home/dvij/learning_table_tennis_from_scratch/lbr_fri_ros2_stack_ws/install/lbr_fri_msgs/include/lbr_fri_msgs/srv/detail/app_disconnect__rosidl_typesupport_introspection_cpp.hpp
[0.244s] -- Up-to-date: /home/dvij/learning_table_tennis_from_scratch/lbr_fri_ros2_stack_ws/install/lbr_fri_msgs/lib/liblbr_fri_msgs__rosidl_typesupport_introspection_cpp.so
[0.244s] -- Up-to-date: /home/dvij/learning_table_tennis_from_scratch/lbr_fri_ros2_stack_ws/install/lbr_fri_msgs/lib/liblbr_fri_msgs__rosidl_typesupport_cpp.so
[0.244s] -- Up-to-date: /home/dvij/learning_table_tennis_from_scratch/lbr_fri_ros2_stack_ws/install/lbr_fri_msgs/share/lbr_fri_msgs/environment/pythonpath.sh
[0.244s] -- Up-to-date: /home/dvij/learning_table_tennis_from_scratch/lbr_fri_ros2_stack_ws/install/lbr_fri_msgs/share/lbr_fri_msgs/environment/pythonpath.dsv
[0.244s] -- Up-to-date: /home/dvij/learning_table_tennis_from_scratch/lbr_fri_ros2_stack_ws/install/lbr_fri_msgs/lib/python3.8/site-packages/lbr_fri_msgs/__init__.py
[0.262s] -- Up-to-date: /home/dvij/learning_table_tennis_from_scratch/lbr_fri_ros2_stack_ws/install/lbr_fri_msgs/lib/python3.8/site-packages/lbr_fri_msgs/msg
[0.262s] -- Up-to-date: /home/dvij/learning_table_tennis_from_scratch/lbr_fri_ros2_stack_ws/install/lbr_fri_msgs/lib/python3.8/site-packages/lbr_fri_msgs/msg/_lbr_command.py
[0.262s] -- Up-to-date: /home/dvij/learning_table_tennis_from_scratch/lbr_fri_ros2_stack_ws/install/lbr_fri_msgs/lib/python3.8/site-packages/lbr_fri_msgs/msg/__init__.py
[0.262s] -- Up-to-date: /home/dvij/learning_table_tennis_from_scratch/lbr_fri_ros2_stack_ws/install/lbr_fri_msgs/lib/python3.8/site-packages/lbr_fri_msgs/msg/_lbr_state_s.c
[0.262s] -- Up-to-date: /home/dvij/learning_table_tennis_from_scratch/lbr_fri_ros2_stack_ws/install/lbr_fri_msgs/lib/python3.8/site-packages/lbr_fri_msgs/msg/_lbr_state.py
[0.262s] -- Up-to-date: /home/dvij/learning_table_tennis_from_scratch/lbr_fri_ros2_stack_ws/install/lbr_fri_msgs/lib/python3.8/site-packages/lbr_fri_msgs/msg/_lbr_command_s.c
[0.262s] -- Up-to-date: /home/dvij/learning_table_tennis_from_scratch/lbr_fri_ros2_stack_ws/install/lbr_fri_msgs/lib/python3.8/site-packages/lbr_fri_msgs/srv
[0.262s] -- Up-to-date: /home/dvij/learning_table_tennis_from_scratch/lbr_fri_ros2_stack_ws/install/lbr_fri_msgs/lib/python3.8/site-packages/lbr_fri_msgs/srv/_app_connect.py
[0.262s] -- Up-to-date: /home/dvij/learning_table_tennis_from_scratch/lbr_fri_ros2_stack_ws/install/lbr_fri_msgs/lib/python3.8/site-packages/lbr_fri_msgs/srv/__init__.py
[0.262s] -- Up-to-date: /home/dvij/learning_table_tennis_from_scratch/lbr_fri_ros2_stack_ws/install/lbr_fri_msgs/lib/python3.8/site-packages/lbr_fri_msgs/srv/_app_disconnect.py
[0.262s] -- Up-to-date: /home/dvij/learning_table_tennis_from_scratch/lbr_fri_ros2_stack_ws/install/lbr_fri_msgs/lib/python3.8/site-packages/lbr_fri_msgs/srv/_app_connect_s.c
[0.262s] -- Up-to-date: /home/dvij/learning_table_tennis_from_scratch/lbr_fri_ros2_stack_ws/install/lbr_fri_msgs/lib/python3.8/site-packages/lbr_fri_msgs/srv/_app_disconnect_s.c
[0.262s] -- Up-to-date: /home/dvij/learning_table_tennis_from_scratch/lbr_fri_ros2_stack_ws/install/lbr_fri_msgs/lib/python3.8/site-packages/lbr_fri_msgs/lbr_fri_msgs_s__rosidl_typesupport_fastrtps_c.cpython-38-x86_64-linux-gnu.so
[0.263s] -- Up-to-date: /home/dvij/learning_table_tennis_from_scratch/lbr_fri_ros2_stack_ws/install/lbr_fri_msgs/lib/python3.8/site-packages/lbr_fri_msgs/lbr_fri_msgs_s__rosidl_typesupport_introspection_c.cpython-38-x86_64-linux-gnu.so
[0.263s] -- Up-to-date: /home/dvij/learning_table_tennis_from_scratch/lbr_fri_ros2_stack_ws/install/lbr_fri_msgs/lib/python3.8/site-packages/lbr_fri_msgs/lbr_fri_msgs_s__rosidl_typesupport_c.cpython-38-x86_64-linux-gnu.so
[0.263s] -- Up-to-date: /home/dvij/learning_table_tennis_from_scratch/lbr_fri_ros2_stack_ws/install/lbr_fri_msgs/lib/liblbr_fri_msgs__python.so
[0.263s] -- Up-to-date: /home/dvij/learning_table_tennis_from_scratch/lbr_fri_ros2_stack_ws/install/lbr_fri_msgs/share/lbr_fri_msgs/msg/LBRCommand.idl
[0.263s] -- Up-to-date: /home/dvij/learning_table_tennis_from_scratch/lbr_fri_ros2_stack_ws/install/lbr_fri_msgs/share/lbr_fri_msgs/msg/LBRState.idl
[0.263s] -- Up-to-date: /home/dvij/learning_table_tennis_from_scratch/lbr_fri_ros2_stack_ws/install/lbr_fri_msgs/share/lbr_fri_msgs/srv/AppConnect.idl
[0.263s] -- Up-to-date: /home/dvij/learning_table_tennis_from_scratch/lbr_fri_ros2_stack_ws/install/lbr_fri_msgs/share/lbr_fri_msgs/srv/AppDisconnect.idl
[0.263s] -- Up-to-date: /home/dvij/learning_table_tennis_from_scratch/lbr_fri_ros2_stack_ws/install/lbr_fri_msgs/share/lbr_fri_msgs/msg/LBRCommand.msg
[0.263s] -- Up-to-date: /home/dvij/learning_table_tennis_from_scratch/lbr_fri_ros2_stack_ws/install/lbr_fri_msgs/share/lbr_fri_msgs/msg/LBRState.msg
[0.263s] -- Up-to-date: /home/dvij/learning_table_tennis_from_scratch/lbr_fri_ros2_stack_ws/install/lbr_fri_msgs/share/lbr_fri_msgs/srv/AppConnect.srv
[0.264s] -- Up-to-date: /home/dvij/learning_table_tennis_from_scratch/lbr_fri_ros2_stack_ws/install/lbr_fri_msgs/share/lbr_fri_msgs/srv/AppConnect_Request.msg
[0.264s] -- Up-to-date: /home/dvij/learning_table_tennis_from_scratch/lbr_fri_ros2_stack_ws/install/lbr_fri_msgs/share/lbr_fri_msgs/srv/AppConnect_Response.msg
[0.264s] -- Up-to-date: /home/dvij/learning_table_tennis_from_scratch/lbr_fri_ros2_stack_ws/install/lbr_fri_msgs/share/lbr_fri_msgs/srv/AppDisconnect.srv
[0.264s] -- Up-to-date: /home/dvij/learning_table_tennis_from_scratch/lbr_fri_ros2_stack_ws/install/lbr_fri_msgs/share/lbr_fri_msgs/srv/AppDisconnect_Request.msg
[0.264s] -- Up-to-date: /home/dvij/learning_table_tennis_from_scratch/lbr_fri_ros2_stack_ws/install/lbr_fri_msgs/share/lbr_fri_msgs/srv/AppDisconnect_Response.msg
[0.264s] -- Up-to-date: /home/dvij/learning_table_tennis_from_scratch/lbr_fri_ros2_stack_ws/install/lbr_fri_msgs/share/ament_index/resource_index/package_run_dependencies/lbr_fri_msgs
[0.264s] -- Up-to-date: /home/dvij/learning_table_tennis_from_scratch/lbr_fri_ros2_stack_ws/install/lbr_fri_msgs/share/ament_index/resource_index/parent_prefix_path/lbr_fri_msgs
[0.264s] -- Up-to-date: /home/dvij/learning_table_tennis_from_scratch/lbr_fri_ros2_stack_ws/install/lbr_fri_msgs/share/lbr_fri_msgs/environment/ament_prefix_path.sh
[0.264s] -- Up-to-date: /home/dvij/learning_table_tennis_from_scratch/lbr_fri_ros2_stack_ws/install/lbr_fri_msgs/share/lbr_fri_msgs/environment/ament_prefix_path.dsv
[0.264s] -- Up-to-date: /home/dvij/learning_table_tennis_from_scratch/lbr_fri_ros2_stack_ws/install/lbr_fri_msgs/share/lbr_fri_msgs/environment/path.sh
[0.264s] -- Up-to-date: /home/dvij/learning_table_tennis_from_scratch/lbr_fri_ros2_stack_ws/install/lbr_fri_msgs/share/lbr_fri_msgs/environment/path.dsv
[0.264s] -- Up-to-date: /home/dvij/learning_table_tennis_from_scratch/lbr_fri_ros2_stack_ws/install/lbr_fri_msgs/share/lbr_fri_msgs/local_setup.bash
[0.264s] -- Up-to-date: /home/dvij/learning_table_tennis_from_scratch/lbr_fri_ros2_stack_ws/install/lbr_fri_msgs/share/lbr_fri_msgs/local_setup.sh
[0.264s] -- Up-to-date: /home/dvij/learning_table_tennis_from_scratch/lbr_fri_ros2_stack_ws/install/lbr_fri_msgs/share/lbr_fri_msgs/local_setup.zsh
[0.264s] -- Up-to-date: /home/dvij/learning_table_tennis_from_scratch/lbr_fri_ros2_stack_ws/install/lbr_fri_msgs/share/lbr_fri_msgs/local_setup.dsv
[0.264s] -- Installing: /home/dvij/learning_table_tennis_from_scratch/lbr_fri_ros2_stack_ws/install/lbr_fri_msgs/share/lbr_fri_msgs/package.dsv
[0.264s] -- Up-to-date: /home/dvij/learning_table_tennis_from_scratch/lbr_fri_ros2_stack_ws/install/lbr_fri_msgs/share/ament_index/resource_index/packages/lbr_fri_msgs
[0.264s] -- Up-to-date: /home/dvij/learning_table_tennis_from_scratch/lbr_fri_ros2_stack_ws/install/lbr_fri_msgs/share/lbr_fri_msgs/cmake/lbr_fri_msgs__rosidl_generator_cExport.cmake
[0.264s] -- Up-to-date: /home/dvij/learning_table_tennis_from_scratch/lbr_fri_ros2_stack_ws/install/lbr_fri_msgs/share/lbr_fri_msgs/cmake/lbr_fri_msgs__rosidl_generator_cExport-noconfig.cmake
[0.265s] -- Up-to-date: /home/dvij/learning_table_tennis_from_scratch/lbr_fri_ros2_stack_ws/install/lbr_fri_msgs/share/lbr_fri_msgs/cmake/lbr_fri_msgs__rosidl_typesupport_introspection_cExport.cmake
[0.265s] -- Up-to-date: /home/dvij/learning_table_tennis_from_scratch/lbr_fri_ros2_stack_ws/install/lbr_fri_msgs/share/lbr_fri_msgs/cmake/lbr_fri_msgs__rosidl_typesupport_introspection_cExport-noconfig.cmake
[0.265s] -- Up-to-date: /home/dvij/learning_table_tennis_from_scratch/lbr_fri_ros2_stack_ws/install/lbr_fri_msgs/share/lbr_fri_msgs/cmake/lbr_fri_msgs__rosidl_typesupport_cExport.cmake
[0.265s] -- Up-to-date: /home/dvij/learning_table_tennis_from_scratch/lbr_fri_ros2_stack_ws/install/lbr_fri_msgs/share/lbr_fri_msgs/cmake/lbr_fri_msgs__rosidl_typesupport_cExport-noconfig.cmake
[0.265s] -- Up-to-date: /home/dvij/learning_table_tennis_from_scratch/lbr_fri_ros2_stack_ws/install/lbr_fri_msgs/share/lbr_fri_msgs/cmake/lbr_fri_msgs__rosidl_generator_cppExport.cmake
[0.265s] -- Up-to-date: /home/dvij/learning_table_tennis_from_scratch/lbr_fri_ros2_stack_ws/install/lbr_fri_msgs/share/lbr_fri_msgs/cmake/lbr_fri_msgs__rosidl_typesupport_introspection_cppExport.cmake
[0.265s] -- Up-to-date: /home/dvij/learning_table_tennis_from_scratch/lbr_fri_ros2_stack_ws/install/lbr_fri_msgs/share/lbr_fri_msgs/cmake/lbr_fri_msgs__rosidl_typesupport_introspection_cppExport-noconfig.cmake
[0.265s] -- Up-to-date: /home/dvij/learning_table_tennis_from_scratch/lbr_fri_ros2_stack_ws/install/lbr_fri_msgs/share/lbr_fri_msgs/cmake/lbr_fri_msgs__rosidl_typesupport_cppExport.cmake
[0.265s] -- Up-to-date: /home/dvij/learning_table_tennis_from_scratch/lbr_fri_ros2_stack_ws/install/lbr_fri_msgs/share/lbr_fri_msgs/cmake/lbr_fri_msgs__rosidl_typesupport_cppExport-noconfig.cmake
[0.265s] -- Up-to-date: /home/dvij/learning_table_tennis_from_scratch/lbr_fri_ros2_stack_ws/install/lbr_fri_msgs/share/lbr_fri_msgs/cmake/rosidl_cmake-extras.cmake
[0.265s] -- Up-to-date: /home/dvij/learning_table_tennis_from_scratch/lbr_fri_ros2_stack_ws/install/lbr_fri_msgs/share/lbr_fri_msgs/cmake/ament_cmake_export_dependencies-extras.cmake
[0.265s] -- Up-to-date: /home/dvij/learning_table_tennis_from_scratch/lbr_fri_ros2_stack_ws/install/lbr_fri_msgs/share/lbr_fri_msgs/cmake/ament_cmake_export_libraries-extras.cmake
[0.265s] -- Up-to-date: /home/dvij/learning_table_tennis_from_scratch/lbr_fri_ros2_stack_ws/install/lbr_fri_msgs/share/lbr_fri_msgs/cmake/ament_cmake_export_targets-extras.cmake
[0.266s] -- Up-to-date: /home/dvij/learning_table_tennis_from_scratch/lbr_fri_ros2_stack_ws/install/lbr_fri_msgs/share/lbr_fri_msgs/cmake/ament_cmake_export_include_directories-extras.cmake
[0.266s] -- Up-to-date: /home/dvij/learning_table_tennis_from_scratch/lbr_fri_ros2_stack_ws/install/lbr_fri_msgs/share/lbr_fri_msgs/cmake/rosidl_cmake_export_typesupport_libraries-extras.cmake
[0.266s] -- Up-to-date: /home/dvij/learning_table_tennis_from_scratch/lbr_fri_ros2_stack_ws/install/lbr_fri_msgs/share/lbr_fri_msgs/cmake/rosidl_cmake_export_typesupport_targets-extras.cmake
[0.266s] -- Up-to-date: /home/dvij/learning_table_tennis_from_scratch/lbr_fri_ros2_stack_ws/install/lbr_fri_msgs/share/lbr_fri_msgs/cmake/lbr_fri_msgsConfig.cmake
[0.266s] -- Up-to-date: /home/dvij/learning_table_tennis_from_scratch/lbr_fri_ros2_stack_ws/install/lbr_fri_msgs/share/lbr_fri_msgs/cmake/lbr_fri_msgsConfig-version.cmake
[0.266s] -- Up-to-date: /home/dvij/learning_table_tennis_from_scratch/lbr_fri_ros2_stack_ws/install/lbr_fri_msgs/share/lbr_fri_msgs/package.xml
[0.267s] Invoked command in '/home/dvij/learning_table_tennis_from_scratch/lbr_fri_ros2_stack_ws/build/lbr_fri_msgs' returned '0': CMAKE_PREFIX_PATH=/opt/ros/galactic /usr/local/bin/cmake --install /home/dvij/learning_table_tennis_from_scratch/lbr_fri_ros2_stack_ws/build/lbr_fri_msgs
