[0.013s] Invoking command in '/home/dvij/learning_table_tennis_from_scratch/lbr_fri_ros2_stack_ws/build/lbr_moveit': CMAKE_PREFIX_PATH=/opt/ros/galactic /usr/local/bin/cmake /home/dvij/learning_table_tennis_from_scratch/lbr_fri_ros2_stack_ws/src/lbr_fri_ros2_stack/lbr_moveit -DCMAKE_INSTALL_PREFIX=/home/dvij/learning_table_tennis_from_scratch/lbr_fri_ros2_stack_ws/install/lbr_moveit
[0.044s] -- The C compiler identification is GNU 9.4.0
[0.078s] -- The CXX compiler identification is GNU 9.4.0
[0.084s] -- Detecting C compiler ABI info
[0.125s] -- Detecting C compiler ABI info - done
[0.134s] -- Check for working C compiler: /usr/bin/cc - skipped
[0.134s] -- Detecting C compile features
[0.134s] -- Detecting C compile features - done
[0.137s] -- Detecting CXX compiler ABI info
[0.182s] -- Detecting CXX compiler ABI info - done
[0.192s] -- Check for working CXX compiler: /usr/bin/c++ - skipped
[0.192s] -- Detecting CXX compile features
[0.193s] -- Detecting CXX compile features - done
[0.194s] -- Found ament_cmake: 1.1.6 (/opt/ros/galactic/share/ament_cmake/cmake)
[0.196s] [33mCMake Warning (dev) at /opt/ros/galactic/share/ament_cmake_core/cmake/core/python.cmake:22 (find_package):
[0.196s]   Policy CMP0148 is not set: The FindPythonInterp and FindPythonLibs modules
[0.196s]   are removed.  Run "cmake --help-policy CMP0148" for policy details.  Use
[0.196s]   the cmake_policy command to set the policy and suppress this warning.
[0.196s] 
[0.196s] Call Stack (most recent call first):
[0.196s]   /opt/ros/galactic/share/ament_cmake_core/cmake/core/all.cmake:53 (include)
[0.196s]   /opt/ros/galactic/share/ament_cmake_core/cmake/ament_cmake_core-extras.cmake:17 (include)
[0.196s]   /opt/ros/galactic/share/ament_cmake_core/cmake/ament_cmake_coreConfig.cmake:41 (include)
[0.196s]   /opt/ros/galactic/share/ament_cmake/cmake/ament_cmake_export_dependencies-extras.cmake:15 (find_package)
[0.196s]   /opt/ros/galactic/share/ament_cmake/cmake/ament_cmakeConfig.cmake:41 (include)
[0.196s]   CMakeLists.txt:9 (find_package)
[0.196s] This warning is for project developers.  Use -Wno-dev to suppress it.
[0.196s] [0m
[0.209s] -- Found PythonInterp: /usr/bin/python3 (found suitable version "3.8.10", minimum required is "3")
[0.209s] -- Using PYTHON_EXECUTABLE: /usr/bin/python3
[0.289s] -- Configuring done (0.3s)
[0.290s] -- Generating done (0.0s)
[0.290s] -- Build files have been written to: /home/dvij/learning_table_tennis_from_scratch/lbr_fri_ros2_stack_ws/build/lbr_moveit
[0.293s] Invoked command in '/home/dvij/learning_table_tennis_from_scratch/lbr_fri_ros2_stack_ws/build/lbr_moveit' returned '0': CMAKE_PREFIX_PATH=/opt/ros/galactic /usr/local/bin/cmake /home/dvij/learning_table_tennis_from_scratch/lbr_fri_ros2_stack_ws/src/lbr_fri_ros2_stack/lbr_moveit -DCMAKE_INSTALL_PREFIX=/home/dvij/learning_table_tennis_from_scratch/lbr_fri_ros2_stack_ws/install/lbr_moveit
[0.294s] Invoking command in '/home/dvij/learning_table_tennis_from_scratch/lbr_fri_ros2_stack_ws/build/lbr_moveit': CMAKE_PREFIX_PATH=/opt/ros/galactic /usr/local/bin/cmake --build /home/dvij/learning_table_tennis_from_scratch/lbr_fri_ros2_stack_ws/build/lbr_moveit -- -j20 -l20
[0.308s] Invoked command in '/home/dvij/learning_table_tennis_from_scratch/lbr_fri_ros2_stack_ws/build/lbr_moveit' returned '0': CMAKE_PREFIX_PATH=/opt/ros/galactic /usr/local/bin/cmake --build /home/dvij/learning_table_tennis_from_scratch/lbr_fri_ros2_stack_ws/build/lbr_moveit -- -j20 -l20
[0.329s] Invoking command in '/home/dvij/learning_table_tennis_from_scratch/lbr_fri_ros2_stack_ws/build/lbr_moveit': CMAKE_PREFIX_PATH=/opt/ros/galactic /usr/local/bin/cmake --install /home/dvij/learning_table_tennis_from_scratch/lbr_fri_ros2_stack_ws/build/lbr_moveit
[0.331s] -- Install configuration: ""
[0.331s] -- Installing: /home/dvij/learning_table_tennis_from_scratch/lbr_fri_ros2_stack_ws/install/lbr_moveit/share/lbr_moveit/config
[0.331s] -- Installing: /home/dvij/learning_table_tennis_from_scratch/lbr_fri_ros2_stack_ws/install/lbr_moveit/share/lbr_moveit/config/kinematics.yml
[0.332s] -- Installing: /home/dvij/learning_table_tennis_from_scratch/lbr_fri_ros2_stack_ws/install/lbr_moveit/share/lbr_moveit/config/joint_limits.yml
[0.332s] -- Installing: /home/dvij/learning_table_tennis_from_scratch/lbr_fri_ros2_stack_ws/install/lbr_moveit/share/lbr_moveit/config/ompl_planning.yml
[0.332s] -- Installing: /home/dvij/learning_table_tennis_from_scratch/lbr_fri_ros2_stack_ws/install/lbr_moveit/share/lbr_moveit/config/lbr_controllers.yml
[0.332s] -- Installing: /home/dvij/learning_table_tennis_from_scratch/lbr_fri_ros2_stack_ws/install/lbr_moveit/share/lbr_moveit/launch
[0.332s] -- Installing: /home/dvij/learning_table_tennis_from_scratch/lbr_fri_ros2_stack_ws/install/lbr_moveit/share/lbr_moveit/launch/lbr_move_group.launch.py
[0.332s] -- Installing: /home/dvij/learning_table_tennis_from_scratch/lbr_fri_ros2_stack_ws/install/lbr_moveit/share/lbr_moveit/srdf
[0.332s] -- Installing: /home/dvij/learning_table_tennis_from_scratch/lbr_fri_ros2_stack_ws/install/lbr_moveit/share/lbr_moveit/srdf/med7.srdf
[0.332s] -- Installing: /home/dvij/learning_table_tennis_from_scratch/lbr_fri_ros2_stack_ws/install/lbr_moveit/share/lbr_moveit/srdf/iiwa7.srdf
[0.332s] -- Installing: /home/dvij/learning_table_tennis_from_scratch/lbr_fri_ros2_stack_ws/install/lbr_moveit/share/lbr_moveit/srdf/iiwa14.srdf
[0.332s] -- Installing: /home/dvij/learning_table_tennis_from_scratch/lbr_fri_ros2_stack_ws/install/lbr_moveit/share/lbr_moveit/srdf/med14.srdf
[0.332s] -- Installing: /home/dvij/learning_table_tennis_from_scratch/lbr_fri_ros2_stack_ws/install/lbr_moveit/share/ament_index/resource_index/package_run_dependencies/lbr_moveit
[0.332s] -- Installing: /home/dvij/learning_table_tennis_from_scratch/lbr_fri_ros2_stack_ws/install/lbr_moveit/share/ament_index/resource_index/parent_prefix_path/lbr_moveit
[0.332s] -- Installing: /home/dvij/learning_table_tennis_from_scratch/lbr_fri_ros2_stack_ws/install/lbr_moveit/share/lbr_moveit/environment/ament_prefix_path.sh
[0.332s] -- Installing: /home/dvij/learning_table_tennis_from_scratch/lbr_fri_ros2_stack_ws/install/lbr_moveit/share/lbr_moveit/environment/ament_prefix_path.dsv
[0.333s] -- Installing: /home/dvij/learning_table_tennis_from_scratch/lbr_fri_ros2_stack_ws/install/lbr_moveit/share/lbr_moveit/environment/path.sh
[0.333s] -- Installing: /home/dvij/learning_table_tennis_from_scratch/lbr_fri_ros2_stack_ws/install/lbr_moveit/share/lbr_moveit/environment/path.dsv
[0.333s] -- Installing: /home/dvij/learning_table_tennis_from_scratch/lbr_fri_ros2_stack_ws/install/lbr_moveit/share/lbr_moveit/local_setup.bash
[0.333s] -- Installing: /home/dvij/learning_table_tennis_from_scratch/lbr_fri_ros2_stack_ws/install/lbr_moveit/share/lbr_moveit/local_setup.sh
[0.333s] -- Installing: /home/dvij/learning_table_tennis_from_scratch/lbr_fri_ros2_stack_ws/install/lbr_moveit/share/lbr_moveit/local_setup.zsh
[0.333s] -- Installing: /home/dvij/learning_table_tennis_from_scratch/lbr_fri_ros2_stack_ws/install/lbr_moveit/share/lbr_moveit/local_setup.dsv
[0.333s] -- Installing: /home/dvij/learning_table_tennis_from_scratch/lbr_fri_ros2_stack_ws/install/lbr_moveit/share/lbr_moveit/package.dsv
[0.333s] -- Installing: /home/dvij/learning_table_tennis_from_scratch/lbr_fri_ros2_stack_ws/install/lbr_moveit/share/ament_index/resource_index/packages/lbr_moveit
[0.334s] -- Installing: /home/dvij/learning_table_tennis_from_scratch/lbr_fri_ros2_stack_ws/install/lbr_moveit/share/lbr_moveit/cmake/lbr_moveitConfig.cmake
[0.334s] -- Installing: /home/dvij/learning_table_tennis_from_scratch/lbr_fri_ros2_stack_ws/install/lbr_moveit/share/lbr_moveit/cmake/lbr_moveitConfig-version.cmake
[0.334s] -- Installing: /home/dvij/learning_table_tennis_from_scratch/lbr_fri_ros2_stack_ws/install/lbr_moveit/share/lbr_moveit/package.xml
[0.334s] Invoked command in '/home/dvij/learning_table_tennis_from_scratch/lbr_fri_ros2_stack_ws/build/lbr_moveit' returned '0': CMAKE_PREFIX_PATH=/opt/ros/galactic /usr/local/bin/cmake --install /home/dvij/learning_table_tennis_from_scratch/lbr_fri_ros2_stack_ws/build/lbr_moveit
