running egg_info
writing ../build/scene_interpreter/scene_interpreter.egg-info/PKG-INFO
writing dependency_links to ../build/scene_interpreter/scene_interpreter.egg-info/dependency_links.txt
writing entry points to ../build/scene_interpreter/scene_interpreter.egg-info/entry_points.txt
writing requirements to ../build/scene_interpreter/scene_interpreter.egg-info/requires.txt
writing top-level names to ../build/scene_interpreter/scene_interpreter.egg-info/top_level.txt
reading manifest file '../build/scene_interpreter/scene_interpreter.egg-info/SOURCES.txt'
writing manifest file '../build/scene_interpreter/scene_interpreter.egg-info/SOURCES.txt'
running build
running build_py
copying scene_interpreter/ball_state_estimator_yolo.py -> /home/dvij/ee206-project/ping-pong-robot/vision_tracking/ros2_ws/src/build/scene_interpreter/build/lib/scene_interpreter
copying scene_interpreter/triangulation_utils.py -> /home/dvij/ee206-project/ping-pong-robot/vision_tracking/ros2_ws/src/build/scene_interpreter/build/lib/scene_interpreter
copying scene_interpreter/scene_interpreter.py -> /home/dvij/ee206-project/ping-pong-robot/vision_tracking/ros2_ws/src/build/scene_interpreter/build/lib/scene_interpreter
running install
running install_lib
copying /home/dvij/ee206-project/ping-pong-robot/vision_tracking/ros2_ws/src/build/scene_interpreter/build/lib/scene_interpreter/ball_state_estimator_yolo.py -> /home/dvij/ee206-project/ping-pong-robot/vision_tracking/ros2_ws/src/install/scene_interpreter/lib/python3.8/site-packages/scene_interpreter
copying /home/dvij/ee206-project/ping-pong-robot/vision_tracking/ros2_ws/src/build/scene_interpreter/build/lib/scene_interpreter/triangulation_utils.py -> /home/dvij/ee206-project/ping-pong-robot/vision_tracking/ros2_ws/src/install/scene_interpreter/lib/python3.8/site-packages/scene_interpreter
copying /home/dvij/ee206-project/ping-pong-robot/vision_tracking/ros2_ws/src/build/scene_interpreter/build/lib/scene_interpreter/scene_interpreter.py -> /home/dvij/ee206-project/ping-pong-robot/vision_tracking/ros2_ws/src/install/scene_interpreter/lib/python3.8/site-packages/scene_interpreter
byte-compiling /home/dvij/ee206-project/ping-pong-robot/vision_tracking/ros2_ws/src/install/scene_interpreter/lib/python3.8/site-packages/scene_interpreter/ball_state_estimator_yolo.py to ball_state_estimator_yolo.cpython-38.pyc
byte-compiling /home/dvij/ee206-project/ping-pong-robot/vision_tracking/ros2_ws/src/install/scene_interpreter/lib/python3.8/site-packages/scene_interpreter/triangulation_utils.py to triangulation_utils.cpython-38.pyc
byte-compiling /home/dvij/ee206-project/ping-pong-robot/vision_tracking/ros2_ws/src/install/scene_interpreter/lib/python3.8/site-packages/scene_interpreter/scene_interpreter.py to scene_interpreter.cpython-38.pyc
running install_data
running install_egg_info
removing '/home/dvij/ee206-project/ping-pong-robot/vision_tracking/ros2_ws/src/install/scene_interpreter/lib/python3.8/site-packages/scene_interpreter-0.0.0-py3.8.egg-info' (and everything under it)
Copying ../build/scene_interpreter/scene_interpreter.egg-info to /home/dvij/ee206-project/ping-pong-robot/vision_tracking/ros2_ws/src/install/scene_interpreter/lib/python3.8/site-packages/scene_interpreter-0.0.0-py3.8.egg-info
running install_scripts
Installing scene_interpreter script to /home/dvij/ee206-project/ping-pong-robot/vision_tracking/ros2_ws/src/install/scene_interpreter/lib/scene_interpreter
writing list of installed files to '/home/dvij/ee206-project/ping-pong-robot/vision_tracking/ros2_ws/src/build/scene_interpreter/install.log'
