running develop
Removing /home/pingpongproject/code/ping-pong-robot/lbr_fri_ros2_stack_ws_foxy2/install/lbr_demos_fri_ros2_python/lib/python3.8/site-packages/lbr-demos-fri-ros2-python.egg-link (link to .)
running egg_info
writing ../../../../build/lbr_demos_fri_ros2_python/lbr_demos_fri_ros2_python.egg-info/PKG-INFO
writing dependency_links to ../../../../build/lbr_demos_fri_ros2_python/lbr_demos_fri_ros2_python.egg-info/dependency_links.txt
writing entry points to ../../../../build/lbr_demos_fri_ros2_python/lbr_demos_fri_ros2_python.egg-info/entry_points.txt
writing requirements to ../../../../build/lbr_demos_fri_ros2_python/lbr_demos_fri_ros2_python.egg-info/requires.txt
writing top-level names to ../../../../build/lbr_demos_fri_ros2_python/lbr_demos_fri_ros2_python.egg-info/top_level.txt
writing manifest file '../../../../build/lbr_demos_fri_ros2_python/lbr_demos_fri_ros2_python.egg-info/SOURCES.txt'
running build
running build_py
creating /home/pingpongproject/code/ping-pong-robot/lbr_fri_ros2_stack_ws_foxy2/build/lbr_demos_fri_ros2_python/build
creating /home/pingpongproject/code/ping-pong-robot/lbr_fri_ros2_stack_ws_foxy2/build/lbr_demos_fri_ros2_python/build/lib
creating /home/pingpongproject/code/ping-pong-robot/lbr_fri_ros2_stack_ws_foxy2/build/lbr_demos_fri_ros2_python/build/lib/lbr_demos_fri_ros2_python
copying lbr_demos_fri_ros2_python/__init__.py -> /home/pingpongproject/code/ping-pong-robot/lbr_fri_ros2_stack_ws_foxy2/build/lbr_demos_fri_ros2_python/build/lib/lbr_demos_fri_ros2_python
copying lbr_demos_fri_ros2_python/joint_sine_overlay_node.py -> /home/pingpongproject/code/ping-pong-robot/lbr_fri_ros2_stack_ws_foxy2/build/lbr_demos_fri_ros2_python/build/lib/lbr_demos_fri_ros2_python
copying lbr_demos_fri_ros2_python/torque_sine_overlay_node.py -> /home/pingpongproject/code/ping-pong-robot/lbr_fri_ros2_stack_ws_foxy2/build/lbr_demos_fri_ros2_python/build/lib/lbr_demos_fri_ros2_python
copying lbr_demos_fri_ros2_python/wrench_sine_overlay_node.py -> /home/pingpongproject/code/ping-pong-robot/lbr_fri_ros2_stack_ws_foxy2/build/lbr_demos_fri_ros2_python/build/lib/lbr_demos_fri_ros2_python
running install
running install_lib
creating /home/pingpongproject/code/ping-pong-robot/lbr_fri_ros2_stack_ws_foxy2/install/lbr_demos_fri_ros2_python/lib/python3.8/site-packages/lbr_demos_fri_ros2_python
copying /home/pingpongproject/code/ping-pong-robot/lbr_fri_ros2_stack_ws_foxy2/build/lbr_demos_fri_ros2_python/build/lib/lbr_demos_fri_ros2_python/__init__.py -> /home/pingpongproject/code/ping-pong-robot/lbr_fri_ros2_stack_ws_foxy2/install/lbr_demos_fri_ros2_python/lib/python3.8/site-packages/lbr_demos_fri_ros2_python
copying /home/pingpongproject/code/ping-pong-robot/lbr_fri_ros2_stack_ws_foxy2/build/lbr_demos_fri_ros2_python/build/lib/lbr_demos_fri_ros2_python/joint_sine_overlay_node.py -> /home/pingpongproject/code/ping-pong-robot/lbr_fri_ros2_stack_ws_foxy2/install/lbr_demos_fri_ros2_python/lib/python3.8/site-packages/lbr_demos_fri_ros2_python
copying /home/pingpongproject/code/ping-pong-robot/lbr_fri_ros2_stack_ws_foxy2/build/lbr_demos_fri_ros2_python/build/lib/lbr_demos_fri_ros2_python/torque_sine_overlay_node.py -> /home/pingpongproject/code/ping-pong-robot/lbr_fri_ros2_stack_ws_foxy2/install/lbr_demos_fri_ros2_python/lib/python3.8/site-packages/lbr_demos_fri_ros2_python
copying /home/pingpongproject/code/ping-pong-robot/lbr_fri_ros2_stack_ws_foxy2/build/lbr_demos_fri_ros2_python/build/lib/lbr_demos_fri_ros2_python/wrench_sine_overlay_node.py -> /home/pingpongproject/code/ping-pong-robot/lbr_fri_ros2_stack_ws_foxy2/install/lbr_demos_fri_ros2_python/lib/python3.8/site-packages/lbr_demos_fri_ros2_python
byte-compiling /home/pingpongproject/code/ping-pong-robot/lbr_fri_ros2_stack_ws_foxy2/install/lbr_demos_fri_ros2_python/lib/python3.8/site-packages/lbr_demos_fri_ros2_python/__init__.py to __init__.cpython-38.pyc
byte-compiling /home/pingpongproject/code/ping-pong-robot/lbr_fri_ros2_stack_ws_foxy2/install/lbr_demos_fri_ros2_python/lib/python3.8/site-packages/lbr_demos_fri_ros2_python/joint_sine_overlay_node.py to joint_sine_overlay_node.cpython-38.pyc
byte-compiling /home/pingpongproject/code/ping-pong-robot/lbr_fri_ros2_stack_ws_foxy2/install/lbr_demos_fri_ros2_python/lib/python3.8/site-packages/lbr_demos_fri_ros2_python/torque_sine_overlay_node.py to torque_sine_overlay_node.cpython-38.pyc
byte-compiling /home/pingpongproject/code/ping-pong-robot/lbr_fri_ros2_stack_ws_foxy2/install/lbr_demos_fri_ros2_python/lib/python3.8/site-packages/lbr_demos_fri_ros2_python/wrench_sine_overlay_node.py to wrench_sine_overlay_node.cpython-38.pyc
running install_data
running install_egg_info
Copying ../../../../build/lbr_demos_fri_ros2_python/lbr_demos_fri_ros2_python.egg-info to /home/pingpongproject/code/ping-pong-robot/lbr_fri_ros2_stack_ws_foxy2/install/lbr_demos_fri_ros2_python/lib/python3.8/site-packages/lbr_demos_fri_ros2_python-1.1.5-py3.8.egg-info
running install_scripts
Installing joint_sine_overlay_node script to /home/pingpongproject/code/ping-pong-robot/lbr_fri_ros2_stack_ws_foxy2/install/lbr_demos_fri_ros2_python/lib/lbr_demos_fri_ros2_python
Installing torque_sine_overlay_node script to /home/pingpongproject/code/ping-pong-robot/lbr_fri_ros2_stack_ws_foxy2/install/lbr_demos_fri_ros2_python/lib/lbr_demos_fri_ros2_python
Installing wrench_sine_overlay_node script to /home/pingpongproject/code/ping-pong-robot/lbr_fri_ros2_stack_ws_foxy2/install/lbr_demos_fri_ros2_python/lib/lbr_demos_fri_ros2_python
writing list of installed files to '/home/pingpongproject/code/ping-pong-robot/lbr_fri_ros2_stack_ws_foxy2/build/lbr_demos_fri_ros2_python/install.log'
