[ 40%] Built target synchronized_image_subscriber
[100%] Built target image_publisher
-- Install configuration: ""
-- Up-to-date: /home/dvij/ee206-project/ping-pong-robot/ros2_ws/install/camera_feed/lib/camera_feed/image_publisher
-- Up-to-date: /home/dvij/ee206-project/ping-pong-robot/ros2_ws/install/camera_feed/lib/camera_feed/synchronized_image_subscriber
-- Up-to-date: /home/dvij/ee206-project/ping-pong-robot/ros2_ws/install/camera_feed/share/camera_feed/launch
-- Up-to-date: /home/dvij/ee206-project/ping-pong-robot/ros2_ws/install/camera_feed/share/camera_feed/launch/camera_feed.py
-- Up-to-date: /home/dvij/ee206-project/ping-pong-robot/ros2_ws/install/camera_feed/share/ament_index/resource_index/package_run_dependencies/camera_feed
-- Up-to-date: /home/dvij/ee206-project/ping-pong-robot/ros2_ws/install/camera_feed/share/ament_index/resource_index/parent_prefix_path/camera_feed
-- Up-to-date: /home/dvij/ee206-project/ping-pong-robot/ros2_ws/install/camera_feed/share/camera_feed/environment/ament_prefix_path.sh
-- Up-to-date: /home/dvij/ee206-project/ping-pong-robot/ros2_ws/install/camera_feed/share/camera_feed/environment/ament_prefix_path.dsv
-- Up-to-date: /home/dvij/ee206-project/ping-pong-robot/ros2_ws/install/camera_feed/share/camera_feed/environment/path.sh
-- Up-to-date: /home/dvij/ee206-project/ping-pong-robot/ros2_ws/install/camera_feed/share/camera_feed/environment/path.dsv
-- Up-to-date: /home/dvij/ee206-project/ping-pong-robot/ros2_ws/install/camera_feed/share/camera_feed/local_setup.bash
-- Up-to-date: /home/dvij/ee206-project/ping-pong-robot/ros2_ws/install/camera_feed/share/camera_feed/local_setup.sh
-- Up-to-date: /home/dvij/ee206-project/ping-pong-robot/ros2_ws/install/camera_feed/share/camera_feed/local_setup.zsh
-- Up-to-date: /home/dvij/ee206-project/ping-pong-robot/ros2_ws/install/camera_feed/share/camera_feed/local_setup.dsv
-- Installing: /home/dvij/ee206-project/ping-pong-robot/ros2_ws/install/camera_feed/share/camera_feed/package.dsv
-- Up-to-date: /home/dvij/ee206-project/ping-pong-robot/ros2_ws/install/camera_feed/share/ament_index/resource_index/packages/camera_feed
-- Up-to-date: /home/dvij/ee206-project/ping-pong-robot/ros2_ws/install/camera_feed/share/camera_feed/cmake/camera_feedConfig.cmake
-- Up-to-date: /home/dvij/ee206-project/ping-pong-robot/ros2_ws/install/camera_feed/share/camera_feed/cmake/camera_feedConfig-version.cmake
-- Up-to-date: /home/dvij/ee206-project/ping-pong-robot/ros2_ws/install/camera_feed/share/camera_feed/package.xml
