[0.128s] DEBUG:colcon:Command line arguments: ['/usr/bin/colcon', 'build']
[0.128s] DEBUG:colcon:Parsed command line arguments: Namespace(allow_overriding=[], ament_cmake_args=None, base_paths=['.'], build_base='build', catkin_cmake_args=None, catkin_skip_building_tests=False, cmake_args=None, cmake_clean_cache=False, cmake_clean_first=False, cmake_force_configure=False, cmake_target=None, cmake_target_skip_unavailable=False, continue_on_error=False, event_handlers=None, executor='parallel', ignore_user_meta=False, install_base='install', log_base=None, log_level=None, main=<bound method BuildVerb.main of <colcon_core.verb.build.BuildVerb object at 0x7f27cc82eaf0>>, merge_install=False, metas=['./colcon.meta'], mixin=None, mixin_files=None, mixin_verb=('build',), packages_above=None, packages_above_and_dependencies=None, packages_above_depth=None, packages_end=None, packages_ignore=None, packages_ignore_regex=None, packages_select=None, packages_select_build_failed=False, packages_select_by_dep=None, packages_select_regex=None, packages_select_test_failures=False, packages_skip=None, packages_skip_build_finished=False, packages_skip_by_dep=None, packages_skip_regex=None, packages_skip_test_passed=False, packages_skip_up_to=None, packages_start=None, packages_up_to=None, packages_up_to_regex=None, parallel_workers=20, paths=None, symlink_install=False, test_result_base=None, verb_extension=<colcon_core.verb.build.BuildVerb object at 0x7f27cc82eaf0>, verb_name='build', verb_parser=<colcon_mixin.mixin.mixin_argument.MixinArgumentDecorator object at 0x7f27cc841250>)
[0.245s] Level 1:colcon.colcon_core.package_discovery:discover_packages(colcon_meta) check parameters
[0.245s] Level 1:colcon.colcon_core.package_discovery:discover_packages(recursive) check parameters
[0.245s] Level 1:colcon.colcon_core.package_discovery:discover_packages(ignore) check parameters
[0.245s] Level 1:colcon.colcon_core.package_discovery:discover_packages(path) check parameters
[0.245s] Level 1:colcon.colcon_core.package_discovery:discover_packages(colcon_meta) discover
[0.245s] Level 1:colcon.colcon_core.package_discovery:discover_packages(recursive) discover
[0.245s] INFO:colcon.colcon_core.package_discovery:Crawling recursively for packages in '/home/dvij/ee206-project/ping-pong-robot/vision_tracking/ros2_ws'
[0.245s] Level 1:colcon.colcon_core.package_identification:_identify(.) by extensions ['ignore', 'ignore_ament_install']
[0.245s] Level 1:colcon.colcon_core.package_identification:_identify(.) by extension 'ignore'
[0.245s] Level 1:colcon.colcon_core.package_identification:_identify(.) by extension 'ignore_ament_install'
[0.245s] Level 1:colcon.colcon_core.package_identification:_identify(.) by extensions ['colcon_pkg']
[0.245s] Level 1:colcon.colcon_core.package_identification:_identify(.) by extension 'colcon_pkg'
[0.245s] Level 1:colcon.colcon_core.package_identification:_identify(.) by extensions ['colcon_meta']
[0.245s] Level 1:colcon.colcon_core.package_identification:_identify(.) by extension 'colcon_meta'
[0.245s] Level 1:colcon.colcon_core.package_identification:_identify(.) by extensions ['ros']
[0.245s] Level 1:colcon.colcon_core.package_identification:_identify(.) by extension 'ros'
[0.252s] Level 1:colcon.colcon_core.package_identification:_identify(.) by extensions ['cmake', 'python']
[0.252s] Level 1:colcon.colcon_core.package_identification:_identify(.) by extension 'cmake'
[0.252s] Level 1:colcon.colcon_core.package_identification:_identify(.) by extension 'python'
[0.252s] Level 1:colcon.colcon_core.package_identification:_identify(.) by extensions ['python_setup_py']
[0.252s] Level 1:colcon.colcon_core.package_identification:_identify(.) by extension 'python_setup_py'
[0.252s] Level 1:colcon.colcon_core.package_identification:_identify(build) by extensions ['ignore', 'ignore_ament_install']
[0.252s] Level 1:colcon.colcon_core.package_identification:_identify(build) by extension 'ignore'
[0.252s] Level 1:colcon.colcon_core.package_identification:_identify(build) ignored
[0.252s] Level 1:colcon.colcon_core.package_identification:_identify(install) by extensions ['ignore', 'ignore_ament_install']
[0.252s] Level 1:colcon.colcon_core.package_identification:_identify(install) by extension 'ignore'
[0.252s] Level 1:colcon.colcon_core.package_identification:_identify(install) ignored
[0.252s] Level 1:colcon.colcon_core.package_identification:_identify(log) by extensions ['ignore', 'ignore_ament_install']
[0.252s] Level 1:colcon.colcon_core.package_identification:_identify(log) by extension 'ignore'
[0.252s] Level 1:colcon.colcon_core.package_identification:_identify(log) ignored
[0.252s] Level 1:colcon.colcon_core.package_identification:_identify(src) by extensions ['ignore', 'ignore_ament_install']
[0.252s] Level 1:colcon.colcon_core.package_identification:_identify(src) by extension 'ignore'
[0.252s] Level 1:colcon.colcon_core.package_identification:_identify(src) by extension 'ignore_ament_install'
[0.252s] Level 1:colcon.colcon_core.package_identification:_identify(src) by extensions ['colcon_pkg']
[0.252s] Level 1:colcon.colcon_core.package_identification:_identify(src) by extension 'colcon_pkg'
[0.252s] Level 1:colcon.colcon_core.package_identification:_identify(src) by extensions ['colcon_meta']
[0.252s] Level 1:colcon.colcon_core.package_identification:_identify(src) by extension 'colcon_meta'
[0.252s] Level 1:colcon.colcon_core.package_identification:_identify(src) by extensions ['ros']
[0.252s] Level 1:colcon.colcon_core.package_identification:_identify(src) by extension 'ros'
[0.252s] Level 1:colcon.colcon_core.package_identification:_identify(src) by extensions ['cmake', 'python']
[0.252s] Level 1:colcon.colcon_core.package_identification:_identify(src) by extension 'cmake'
[0.252s] Level 1:colcon.colcon_core.package_identification:_identify(src) by extension 'python'
[0.252s] Level 1:colcon.colcon_core.package_identification:_identify(src) by extensions ['python_setup_py']
[0.252s] Level 1:colcon.colcon_core.package_identification:_identify(src) by extension 'python_setup_py'
[0.252s] Level 1:colcon.colcon_core.package_identification:_identify(src/build) by extensions ['ignore', 'ignore_ament_install']
[0.253s] Level 1:colcon.colcon_core.package_identification:_identify(src/build) by extension 'ignore'
[0.253s] Level 1:colcon.colcon_core.package_identification:_identify(src/build) ignored
[0.253s] Level 1:colcon.colcon_core.package_identification:_identify(src/camera_feed) by extensions ['ignore', 'ignore_ament_install']
[0.253s] Level 1:colcon.colcon_core.package_identification:_identify(src/camera_feed) by extension 'ignore'
[0.253s] Level 1:colcon.colcon_core.package_identification:_identify(src/camera_feed) by extension 'ignore_ament_install'
[0.253s] Level 1:colcon.colcon_core.package_identification:_identify(src/camera_feed) by extensions ['colcon_pkg']
[0.253s] Level 1:colcon.colcon_core.package_identification:_identify(src/camera_feed) by extension 'colcon_pkg'
[0.253s] Level 1:colcon.colcon_core.package_identification:_identify(src/camera_feed) by extensions ['colcon_meta']
[0.253s] Level 1:colcon.colcon_core.package_identification:_identify(src/camera_feed) by extension 'colcon_meta'
[0.253s] Level 1:colcon.colcon_core.package_identification:_identify(src/camera_feed) by extensions ['ros']
[0.253s] Level 1:colcon.colcon_core.package_identification:_identify(src/camera_feed) by extension 'ros'
[0.254s] DEBUG:colcon.colcon_core.package_identification:Package 'src/camera_feed' with type 'ros.ament_cmake' and name 'camera_feed'
[0.254s] Level 1:colcon.colcon_core.package_identification:_identify(src/install) by extensions ['ignore', 'ignore_ament_install']
[0.254s] Level 1:colcon.colcon_core.package_identification:_identify(src/install) by extension 'ignore'
[0.254s] Level 1:colcon.colcon_core.package_identification:_identify(src/install) ignored
[0.254s] Level 1:colcon.colcon_core.package_identification:_identify(src/interface) by extensions ['ignore', 'ignore_ament_install']
[0.254s] Level 1:colcon.colcon_core.package_identification:_identify(src/interface) by extension 'ignore'
[0.254s] Level 1:colcon.colcon_core.package_identification:_identify(src/interface) by extension 'ignore_ament_install'
[0.254s] Level 1:colcon.colcon_core.package_identification:_identify(src/interface) by extensions ['colcon_pkg']
[0.254s] Level 1:colcon.colcon_core.package_identification:_identify(src/interface) by extension 'colcon_pkg'
[0.255s] Level 1:colcon.colcon_core.package_identification:_identify(src/interface) by extensions ['colcon_meta']
[0.255s] Level 1:colcon.colcon_core.package_identification:_identify(src/interface) by extension 'colcon_meta'
[0.255s] Level 1:colcon.colcon_core.package_identification:_identify(src/interface) by extensions ['ros']
[0.255s] Level 1:colcon.colcon_core.package_identification:_identify(src/interface) by extension 'ros'
[0.255s] DEBUG:colcon.colcon_core.package_identification:Package 'src/interface' with type 'ros.ament_cmake' and name 'interface'
[0.255s] Level 1:colcon.colcon_core.package_identification:_identify(src/log) by extensions ['ignore', 'ignore_ament_install']
[0.255s] Level 1:colcon.colcon_core.package_identification:_identify(src/log) by extension 'ignore'
[0.255s] Level 1:colcon.colcon_core.package_identification:_identify(src/log) ignored
[0.255s] Level 1:colcon.colcon_core.package_identification:_identify(src/my_sync_package) by extensions ['ignore', 'ignore_ament_install']
[0.255s] Level 1:colcon.colcon_core.package_identification:_identify(src/my_sync_package) by extension 'ignore'
[0.255s] Level 1:colcon.colcon_core.package_identification:_identify(src/my_sync_package) by extension 'ignore_ament_install'
[0.255s] Level 1:colcon.colcon_core.package_identification:_identify(src/my_sync_package) by extensions ['colcon_pkg']
[0.255s] Level 1:colcon.colcon_core.package_identification:_identify(src/my_sync_package) by extension 'colcon_pkg'
[0.255s] Level 1:colcon.colcon_core.package_identification:_identify(src/my_sync_package) by extensions ['colcon_meta']
[0.255s] Level 1:colcon.colcon_core.package_identification:_identify(src/my_sync_package) by extension 'colcon_meta'
[0.255s] Level 1:colcon.colcon_core.package_identification:_identify(src/my_sync_package) by extensions ['ros']
[0.255s] Level 1:colcon.colcon_core.package_identification:_identify(src/my_sync_package) by extension 'ros'
[0.256s] DEBUG:colcon.colcon_core.package_identification:Package 'src/my_sync_package' with type 'ros.ament_cmake' and name 'my_sync_package'
[0.256s] Level 1:colcon.colcon_core.package_identification:_identify(src/scene_interpreter) by extensions ['ignore', 'ignore_ament_install']
[0.256s] Level 1:colcon.colcon_core.package_identification:_identify(src/scene_interpreter) by extension 'ignore'
[0.256s] Level 1:colcon.colcon_core.package_identification:_identify(src/scene_interpreter) by extension 'ignore_ament_install'
[0.256s] Level 1:colcon.colcon_core.package_identification:_identify(src/scene_interpreter) by extensions ['colcon_pkg']
[0.256s] Level 1:colcon.colcon_core.package_identification:_identify(src/scene_interpreter) by extension 'colcon_pkg'
[0.256s] Level 1:colcon.colcon_core.package_identification:_identify(src/scene_interpreter) by extensions ['colcon_meta']
[0.256s] Level 1:colcon.colcon_core.package_identification:_identify(src/scene_interpreter) by extension 'colcon_meta'
[0.256s] Level 1:colcon.colcon_core.package_identification:_identify(src/scene_interpreter) by extensions ['ros']
[0.256s] Level 1:colcon.colcon_core.package_identification:_identify(src/scene_interpreter) by extension 'ros'
[0.256s] DEBUG:colcon.colcon_core.package_identification:Package 'src/scene_interpreter' with type 'ros.ament_python' and name 'scene_interpreter'
[0.256s] Level 1:colcon.colcon_core.package_discovery:discover_packages(recursive) using defaults
[0.256s] Level 1:colcon.colcon_core.package_discovery:discover_packages(ignore) discover
[0.256s] Level 1:colcon.colcon_core.package_discovery:discover_packages(ignore) using defaults
[0.256s] Level 1:colcon.colcon_core.package_discovery:discover_packages(path) discover
[0.256s] Level 1:colcon.colcon_core.package_discovery:discover_packages(path) using defaults
[0.267s] Level 1:colcon.colcon_core.package_discovery:discover_packages(prefix_path) check parameters
[0.267s] Level 1:colcon.colcon_core.package_discovery:discover_packages(prefix_path) discover
[0.268s] DEBUG:colcon.colcon_installed_package_information.package_discovery:Found 4 installed packages in /home/dvij/ee206-project/ping-pong-robot/vision_tracking/ros2_ws/install
[0.269s] DEBUG:colcon.colcon_installed_package_information.package_discovery:Found 296 installed packages in /opt/ros/foxy
[0.270s] Level 1:colcon.colcon_core.package_discovery:discover_packages(prefix_path) using defaults
[0.299s] Level 5:colcon.colcon_core.verb:set package 'interface' build argument 'cmake_args' from command line to 'None'
[0.299s] Level 5:colcon.colcon_core.verb:set package 'interface' build argument 'cmake_target' from command line to 'None'
[0.299s] Level 5:colcon.colcon_core.verb:set package 'interface' build argument 'cmake_target_skip_unavailable' from command line to 'False'
[0.299s] Level 5:colcon.colcon_core.verb:set package 'interface' build argument 'cmake_clean_cache' from command line to 'False'
[0.299s] Level 5:colcon.colcon_core.verb:set package 'interface' build argument 'cmake_clean_first' from command line to 'False'
[0.299s] Level 5:colcon.colcon_core.verb:set package 'interface' build argument 'cmake_force_configure' from command line to 'False'
[0.299s] Level 5:colcon.colcon_core.verb:set package 'interface' build argument 'ament_cmake_args' from command line to 'None'
[0.299s] Level 5:colcon.colcon_core.verb:set package 'interface' build argument 'catkin_cmake_args' from command line to 'None'
[0.299s] Level 5:colcon.colcon_core.verb:set package 'interface' build argument 'catkin_skip_building_tests' from command line to 'False'
[0.299s] DEBUG:colcon.colcon_core.verb:Building package 'interface' with the following arguments: {'ament_cmake_args': None, 'build_base': '/home/dvij/ee206-project/ping-pong-robot/vision_tracking/ros2_ws/build/interface', 'catkin_cmake_args': None, 'catkin_skip_building_tests': False, 'cmake_args': None, 'cmake_clean_cache': False, 'cmake_clean_first': False, 'cmake_force_configure': False, 'cmake_target': None, 'cmake_target_skip_unavailable': False, 'install_base': '/home/dvij/ee206-project/ping-pong-robot/vision_tracking/ros2_ws/install/interface', 'merge_install': False, 'path': '/home/dvij/ee206-project/ping-pong-robot/vision_tracking/ros2_ws/src/interface', 'symlink_install': False, 'test_result_base': None}
[0.300s] Level 5:colcon.colcon_core.verb:set package 'my_sync_package' build argument 'cmake_args' from command line to 'None'
[0.300s] Level 5:colcon.colcon_core.verb:set package 'my_sync_package' build argument 'cmake_target' from command line to 'None'
[0.300s] Level 5:colcon.colcon_core.verb:set package 'my_sync_package' build argument 'cmake_target_skip_unavailable' from command line to 'False'
[0.300s] Level 5:colcon.colcon_core.verb:set package 'my_sync_package' build argument 'cmake_clean_cache' from command line to 'False'
[0.300s] Level 5:colcon.colcon_core.verb:set package 'my_sync_package' build argument 'cmake_clean_first' from command line to 'False'
[0.300s] Level 5:colcon.colcon_core.verb:set package 'my_sync_package' build argument 'cmake_force_configure' from command line to 'False'
[0.300s] Level 5:colcon.colcon_core.verb:set package 'my_sync_package' build argument 'ament_cmake_args' from command line to 'None'
[0.300s] Level 5:colcon.colcon_core.verb:set package 'my_sync_package' build argument 'catkin_cmake_args' from command line to 'None'
[0.300s] Level 5:colcon.colcon_core.verb:set package 'my_sync_package' build argument 'catkin_skip_building_tests' from command line to 'False'
[0.300s] DEBUG:colcon.colcon_core.verb:Building package 'my_sync_package' with the following arguments: {'ament_cmake_args': None, 'build_base': '/home/dvij/ee206-project/ping-pong-robot/vision_tracking/ros2_ws/build/my_sync_package', 'catkin_cmake_args': None, 'catkin_skip_building_tests': False, 'cmake_args': None, 'cmake_clean_cache': False, 'cmake_clean_first': False, 'cmake_force_configure': False, 'cmake_target': None, 'cmake_target_skip_unavailable': False, 'install_base': '/home/dvij/ee206-project/ping-pong-robot/vision_tracking/ros2_ws/install/my_sync_package', 'merge_install': False, 'path': '/home/dvij/ee206-project/ping-pong-robot/vision_tracking/ros2_ws/src/my_sync_package', 'symlink_install': False, 'test_result_base': None}
[0.300s] Level 5:colcon.colcon_core.verb:set package 'scene_interpreter' build argument 'cmake_args' from command line to 'None'
[0.300s] Level 5:colcon.colcon_core.verb:set package 'scene_interpreter' build argument 'cmake_target' from command line to 'None'
[0.300s] Level 5:colcon.colcon_core.verb:set package 'scene_interpreter' build argument 'cmake_target_skip_unavailable' from command line to 'False'
[0.300s] Level 5:colcon.colcon_core.verb:set package 'scene_interpreter' build argument 'cmake_clean_cache' from command line to 'False'
[0.300s] Level 5:colcon.colcon_core.verb:set package 'scene_interpreter' build argument 'cmake_clean_first' from command line to 'False'
[0.300s] Level 5:colcon.colcon_core.verb:set package 'scene_interpreter' build argument 'cmake_force_configure' from command line to 'False'
[0.300s] Level 5:colcon.colcon_core.verb:set package 'scene_interpreter' build argument 'ament_cmake_args' from command line to 'None'
[0.300s] Level 5:colcon.colcon_core.verb:set package 'scene_interpreter' build argument 'catkin_cmake_args' from command line to 'None'
[0.300s] Level 5:colcon.colcon_core.verb:set package 'scene_interpreter' build argument 'catkin_skip_building_tests' from command line to 'False'
[0.300s] DEBUG:colcon.colcon_core.verb:Building package 'scene_interpreter' with the following arguments: {'ament_cmake_args': None, 'build_base': '/home/dvij/ee206-project/ping-pong-robot/vision_tracking/ros2_ws/build/scene_interpreter', 'catkin_cmake_args': None, 'catkin_skip_building_tests': False, 'cmake_args': None, 'cmake_clean_cache': False, 'cmake_clean_first': False, 'cmake_force_configure': False, 'cmake_target': None, 'cmake_target_skip_unavailable': False, 'install_base': '/home/dvij/ee206-project/ping-pong-robot/vision_tracking/ros2_ws/install/scene_interpreter', 'merge_install': False, 'path': '/home/dvij/ee206-project/ping-pong-robot/vision_tracking/ros2_ws/src/scene_interpreter', 'symlink_install': False, 'test_result_base': None}
[0.300s] Level 5:colcon.colcon_core.verb:set package 'camera_feed' build argument 'cmake_args' from command line to 'None'
[0.300s] Level 5:colcon.colcon_core.verb:set package 'camera_feed' build argument 'cmake_target' from command line to 'None'
[0.300s] Level 5:colcon.colcon_core.verb:set package 'camera_feed' build argument 'cmake_target_skip_unavailable' from command line to 'False'
[0.300s] Level 5:colcon.colcon_core.verb:set package 'camera_feed' build argument 'cmake_clean_cache' from command line to 'False'
[0.300s] Level 5:colcon.colcon_core.verb:set package 'camera_feed' build argument 'cmake_clean_first' from command line to 'False'
[0.300s] Level 5:colcon.colcon_core.verb:set package 'camera_feed' build argument 'cmake_force_configure' from command line to 'False'
[0.300s] Level 5:colcon.colcon_core.verb:set package 'camera_feed' build argument 'ament_cmake_args' from command line to 'None'
[0.300s] Level 5:colcon.colcon_core.verb:set package 'camera_feed' build argument 'catkin_cmake_args' from command line to 'None'
[0.300s] Level 5:colcon.colcon_core.verb:set package 'camera_feed' build argument 'catkin_skip_building_tests' from command line to 'False'
[0.300s] DEBUG:colcon.colcon_core.verb:Building package 'camera_feed' with the following arguments: {'ament_cmake_args': None, 'build_base': '/home/dvij/ee206-project/ping-pong-robot/vision_tracking/ros2_ws/build/camera_feed', 'catkin_cmake_args': None, 'catkin_skip_building_tests': False, 'cmake_args': None, 'cmake_clean_cache': False, 'cmake_clean_first': False, 'cmake_force_configure': False, 'cmake_target': None, 'cmake_target_skip_unavailable': False, 'install_base': '/home/dvij/ee206-project/ping-pong-robot/vision_tracking/ros2_ws/install/camera_feed', 'merge_install': False, 'path': '/home/dvij/ee206-project/ping-pong-robot/vision_tracking/ros2_ws/src/camera_feed', 'symlink_install': False, 'test_result_base': None}
[0.300s] INFO:colcon.colcon_core.executor:Executing jobs using 'parallel' executor
[0.301s] DEBUG:colcon.colcon_parallel_executor.executor.parallel:run_until_complete
[0.301s] INFO:colcon.colcon_ros.task.ament_cmake.build:Building ROS package in '/home/dvij/ee206-project/ping-pong-robot/vision_tracking/ros2_ws/src/interface' with build type 'ament_cmake'
[0.301s] INFO:colcon.colcon_cmake.task.cmake.build:Building CMake package in '/home/dvij/ee206-project/ping-pong-robot/vision_tracking/ros2_ws/src/interface'
[0.302s] INFO:colcon.colcon_core.plugin_system:Skipping extension 'colcon_core.shell.bat': Not used on non-Windows systems
[0.302s] INFO:colcon.colcon_core.shell:Skip shell extension 'powershell' for command environment: Not usable outside of PowerShell
[0.302s] DEBUG:colcon.colcon_core.shell:Skip shell extension 'dsv' for command environment
[0.305s] INFO:colcon.colcon_ros.task.ament_cmake.build:Building ROS package in '/home/dvij/ee206-project/ping-pong-robot/vision_tracking/ros2_ws/src/my_sync_package' with build type 'ament_cmake'
[0.306s] INFO:colcon.colcon_cmake.task.cmake.build:Building CMake package in '/home/dvij/ee206-project/ping-pong-robot/vision_tracking/ros2_ws/src/my_sync_package'
[0.306s] INFO:colcon.colcon_core.shell:Skip shell extension 'powershell' for command environment: Not usable outside of PowerShell
[0.306s] DEBUG:colcon.colcon_core.shell:Skip shell extension 'dsv' for command environment
[0.308s] INFO:colcon.colcon_ros.task.ament_python.build:Building ROS package in '/home/dvij/ee206-project/ping-pong-robot/vision_tracking/ros2_ws/src/scene_interpreter' with build type 'ament_python'
[0.309s] Level 1:colcon.colcon_core.shell:create_environment_hook('scene_interpreter', 'ament_prefix_path')
[0.309s] INFO:colcon.colcon_core.shell:Creating environment hook '/home/dvij/ee206-project/ping-pong-robot/vision_tracking/ros2_ws/install/scene_interpreter/share/scene_interpreter/hook/ament_prefix_path.ps1'
[0.309s] INFO:colcon.colcon_core.shell:Creating environment descriptor '/home/dvij/ee206-project/ping-pong-robot/vision_tracking/ros2_ws/install/scene_interpreter/share/scene_interpreter/hook/ament_prefix_path.dsv'
[0.310s] INFO:colcon.colcon_core.shell:Creating environment hook '/home/dvij/ee206-project/ping-pong-robot/vision_tracking/ros2_ws/install/scene_interpreter/share/scene_interpreter/hook/ament_prefix_path.sh'
[0.310s] INFO:colcon.colcon_core.shell:Skip shell extension 'powershell' for command environment: Not usable outside of PowerShell
[0.310s] DEBUG:colcon.colcon_core.shell:Skip shell extension 'dsv' for command environment
[0.316s] DEBUG:colcon.colcon_core.event_handler.log_command:Invoking command in '/home/dvij/ee206-project/ping-pong-robot/vision_tracking/ros2_ws/build/interface': CMAKE_PREFIX_PATH=${CMAKE_PREFIX_PATH}:/home/dvij/ee206-project/ping-pong-robot/vision_tracking/ros2_ws/install/scene_interpreter:/opt/ros/foxy /usr/local/bin/cmake --build /home/dvij/ee206-project/ping-pong-robot/vision_tracking/ros2_ws/build/interface -- -j20 -l20
[0.318s] DEBUG:colcon.colcon_core.event_handler.log_command:Invoking command in '/home/dvij/ee206-project/ping-pong-robot/vision_tracking/ros2_ws/build/my_sync_package': CMAKE_PREFIX_PATH=${CMAKE_PREFIX_PATH}:/home/dvij/ee206-project/ping-pong-robot/vision_tracking/ros2_ws/install/scene_interpreter:/opt/ros/foxy /usr/local/bin/cmake --build /home/dvij/ee206-project/ping-pong-robot/vision_tracking/ros2_ws/build/my_sync_package -- -j20 -l20
[0.489s] INFO:colcon.colcon_core.task.python.build:Building Python package in '/home/dvij/ee206-project/ping-pong-robot/vision_tracking/ros2_ws/src/scene_interpreter'
[0.490s] INFO:colcon.colcon_core.shell:Skip shell extension 'powershell' for command environment: Not usable outside of PowerShell
[0.490s] DEBUG:colcon.colcon_core.shell:Skip shell extension 'dsv' for command environment
[0.503s] DEBUG:colcon.colcon_core.event_handler.log_command:Invoked command in '/home/dvij/ee206-project/ping-pong-robot/vision_tracking/ros2_ws/build/interface' returned '0': CMAKE_PREFIX_PATH=${CMAKE_PREFIX_PATH}:/home/dvij/ee206-project/ping-pong-robot/vision_tracking/ros2_ws/install/scene_interpreter:/opt/ros/foxy /usr/local/bin/cmake --build /home/dvij/ee206-project/ping-pong-robot/vision_tracking/ros2_ws/build/interface -- -j20 -l20
[0.503s] DEBUG:colcon.colcon_core.event_handler.log_command:Invoked command in '/home/dvij/ee206-project/ping-pong-robot/vision_tracking/ros2_ws/build/my_sync_package' returned '0': CMAKE_PREFIX_PATH=${CMAKE_PREFIX_PATH}:/home/dvij/ee206-project/ping-pong-robot/vision_tracking/ros2_ws/install/scene_interpreter:/opt/ros/foxy /usr/local/bin/cmake --build /home/dvij/ee206-project/ping-pong-robot/vision_tracking/ros2_ws/build/my_sync_package -- -j20 -l20
[0.512s] DEBUG:colcon.colcon_core.event_handler.log_command:Invoking command in '/home/dvij/ee206-project/ping-pong-robot/vision_tracking/ros2_ws/build/my_sync_package': CMAKE_PREFIX_PATH=${CMAKE_PREFIX_PATH}:/home/dvij/ee206-project/ping-pong-robot/vision_tracking/ros2_ws/install/scene_interpreter:/opt/ros/foxy /usr/local/bin/cmake --install /home/dvij/ee206-project/ping-pong-robot/vision_tracking/ros2_ws/build/my_sync_package
[0.518s] Level 1:colcon.colcon_core.environment:create_environment_scripts_only(my_sync_package)
[0.521s] DEBUG:colcon.colcon_core.event_handler.log_command:Invoking command in '/home/dvij/ee206-project/ping-pong-robot/vision_tracking/ros2_ws/build/interface': CMAKE_PREFIX_PATH=${CMAKE_PREFIX_PATH}:/home/dvij/ee206-project/ping-pong-robot/vision_tracking/ros2_ws/install/scene_interpreter:/opt/ros/foxy /usr/local/bin/cmake --install /home/dvij/ee206-project/ping-pong-robot/vision_tracking/ros2_ws/build/interface
[0.521s] DEBUG:colcon.colcon_core.event_handler.log_command:Invoked command in '/home/dvij/ee206-project/ping-pong-robot/vision_tracking/ros2_ws/build/my_sync_package' returned '0': CMAKE_PREFIX_PATH=${CMAKE_PREFIX_PATH}:/home/dvij/ee206-project/ping-pong-robot/vision_tracking/ros2_ws/install/scene_interpreter:/opt/ros/foxy /usr/local/bin/cmake --install /home/dvij/ee206-project/ping-pong-robot/vision_tracking/ros2_ws/build/my_sync_package
[0.523s] Level 1:colcon.colcon_core.environment:checking '/home/dvij/ee206-project/ping-pong-robot/vision_tracking/ros2_ws/install/my_sync_package' for CMake module files
[0.524s] Level 1:colcon.colcon_core.environment:checking '/home/dvij/ee206-project/ping-pong-robot/vision_tracking/ros2_ws/install/my_sync_package' for CMake config files
[0.524s] Level 1:colcon.colcon_core.shell:create_environment_hook('my_sync_package', 'cmake_prefix_path')
[0.525s] INFO:colcon.colcon_core.shell:Creating environment hook '/home/dvij/ee206-project/ping-pong-robot/vision_tracking/ros2_ws/install/my_sync_package/share/my_sync_package/hook/cmake_prefix_path.ps1'
[0.525s] INFO:colcon.colcon_core.shell:Creating environment descriptor '/home/dvij/ee206-project/ping-pong-robot/vision_tracking/ros2_ws/install/my_sync_package/share/my_sync_package/hook/cmake_prefix_path.dsv'
[0.525s] INFO:colcon.colcon_core.shell:Creating environment hook '/home/dvij/ee206-project/ping-pong-robot/vision_tracking/ros2_ws/install/my_sync_package/share/my_sync_package/hook/cmake_prefix_path.sh'
[0.526s] Level 1:colcon.colcon_core.environment:checking '/home/dvij/ee206-project/ping-pong-robot/vision_tracking/ros2_ws/install/my_sync_package/lib'
[0.526s] Level 1:colcon.colcon_core.environment:checking '/home/dvij/ee206-project/ping-pong-robot/vision_tracking/ros2_ws/install/my_sync_package/bin'
[0.526s] Level 1:colcon.colcon_core.environment:checking '/home/dvij/ee206-project/ping-pong-robot/vision_tracking/ros2_ws/install/my_sync_package/lib/pkgconfig/my_sync_package.pc'
[0.526s] Level 1:colcon.colcon_core.environment:checking '/home/dvij/ee206-project/ping-pong-robot/vision_tracking/ros2_ws/install/my_sync_package/lib/python3.8/site-packages'
[0.526s] Level 1:colcon.colcon_core.environment:checking '/home/dvij/ee206-project/ping-pong-robot/vision_tracking/ros2_ws/install/my_sync_package/bin'
[0.527s] INFO:colcon.colcon_core.shell:Creating package script '/home/dvij/ee206-project/ping-pong-robot/vision_tracking/ros2_ws/install/my_sync_package/share/my_sync_package/package.ps1'
[0.527s] INFO:colcon.colcon_core.shell:Creating package descriptor '/home/dvij/ee206-project/ping-pong-robot/vision_tracking/ros2_ws/install/my_sync_package/share/my_sync_package/package.dsv'
[0.528s] INFO:colcon.colcon_core.shell:Creating package script '/home/dvij/ee206-project/ping-pong-robot/vision_tracking/ros2_ws/install/my_sync_package/share/my_sync_package/package.sh'
[0.528s] INFO:colcon.colcon_core.shell:Creating package script '/home/dvij/ee206-project/ping-pong-robot/vision_tracking/ros2_ws/install/my_sync_package/share/my_sync_package/package.bash'
[0.529s] INFO:colcon.colcon_core.shell:Creating package script '/home/dvij/ee206-project/ping-pong-robot/vision_tracking/ros2_ws/install/my_sync_package/share/my_sync_package/package.zsh'
[0.529s] Level 1:colcon.colcon_core.environment:create_file_with_runtime_dependencies(/home/dvij/ee206-project/ping-pong-robot/vision_tracking/ros2_ws/install/my_sync_package/share/colcon-core/packages/my_sync_package)
[0.540s] Level 1:colcon.colcon_core.environment:create_environment_scripts_only(my_sync_package)
[0.540s] Level 1:colcon.colcon_core.environment:checking '/home/dvij/ee206-project/ping-pong-robot/vision_tracking/ros2_ws/install/my_sync_package' for CMake module files
[0.541s] Level 1:colcon.colcon_core.environment:checking '/home/dvij/ee206-project/ping-pong-robot/vision_tracking/ros2_ws/install/my_sync_package' for CMake config files
[0.541s] Level 1:colcon.colcon_core.shell:create_environment_hook('my_sync_package', 'cmake_prefix_path')
[0.541s] INFO:colcon.colcon_core.shell:Creating environment hook '/home/dvij/ee206-project/ping-pong-robot/vision_tracking/ros2_ws/install/my_sync_package/share/my_sync_package/hook/cmake_prefix_path.ps1'
[0.541s] INFO:colcon.colcon_core.shell:Creating environment descriptor '/home/dvij/ee206-project/ping-pong-robot/vision_tracking/ros2_ws/install/my_sync_package/share/my_sync_package/hook/cmake_prefix_path.dsv'
[0.542s] INFO:colcon.colcon_core.shell:Creating environment hook '/home/dvij/ee206-project/ping-pong-robot/vision_tracking/ros2_ws/install/my_sync_package/share/my_sync_package/hook/cmake_prefix_path.sh'
[0.542s] Level 1:colcon.colcon_core.environment:checking '/home/dvij/ee206-project/ping-pong-robot/vision_tracking/ros2_ws/install/my_sync_package/lib'
[0.542s] Level 1:colcon.colcon_core.environment:checking '/home/dvij/ee206-project/ping-pong-robot/vision_tracking/ros2_ws/install/my_sync_package/bin'
[0.542s] Level 1:colcon.colcon_core.environment:checking '/home/dvij/ee206-project/ping-pong-robot/vision_tracking/ros2_ws/install/my_sync_package/lib/pkgconfig/my_sync_package.pc'
[0.543s] Level 1:colcon.colcon_core.environment:checking '/home/dvij/ee206-project/ping-pong-robot/vision_tracking/ros2_ws/install/my_sync_package/lib/python3.8/site-packages'
[0.543s] Level 1:colcon.colcon_core.environment:checking '/home/dvij/ee206-project/ping-pong-robot/vision_tracking/ros2_ws/install/my_sync_package/bin'
[0.543s] INFO:colcon.colcon_core.shell:Creating package script '/home/dvij/ee206-project/ping-pong-robot/vision_tracking/ros2_ws/install/my_sync_package/share/my_sync_package/package.ps1'
[0.543s] INFO:colcon.colcon_core.shell:Creating package descriptor '/home/dvij/ee206-project/ping-pong-robot/vision_tracking/ros2_ws/install/my_sync_package/share/my_sync_package/package.dsv'
[0.544s] INFO:colcon.colcon_core.shell:Creating package script '/home/dvij/ee206-project/ping-pong-robot/vision_tracking/ros2_ws/install/my_sync_package/share/my_sync_package/package.sh'
[0.544s] INFO:colcon.colcon_core.shell:Creating package script '/home/dvij/ee206-project/ping-pong-robot/vision_tracking/ros2_ws/install/my_sync_package/share/my_sync_package/package.bash'
[0.544s] INFO:colcon.colcon_core.shell:Creating package script '/home/dvij/ee206-project/ping-pong-robot/vision_tracking/ros2_ws/install/my_sync_package/share/my_sync_package/package.zsh'
[0.545s] Level 1:colcon.colcon_core.environment:create_file_with_runtime_dependencies(/home/dvij/ee206-project/ping-pong-robot/vision_tracking/ros2_ws/install/my_sync_package/share/colcon-core/packages/my_sync_package)
[0.546s] Level 1:colcon.colcon_core.environment:create_environment_scripts_only(interface)
[0.546s] Level 1:colcon.colcon_core.environment:checking '/home/dvij/ee206-project/ping-pong-robot/vision_tracking/ros2_ws/install/interface' for CMake module files
[0.547s] Level 1:colcon.colcon_core.environment:checking '/home/dvij/ee206-project/ping-pong-robot/vision_tracking/ros2_ws/install/interface' for CMake config files
[0.547s] Level 1:colcon.colcon_core.shell:create_environment_hook('interface', 'cmake_prefix_path')
[0.547s] INFO:colcon.colcon_core.shell:Creating environment hook '/home/dvij/ee206-project/ping-pong-robot/vision_tracking/ros2_ws/install/interface/share/interface/hook/cmake_prefix_path.ps1'
[0.548s] INFO:colcon.colcon_core.shell:Creating environment descriptor '/home/dvij/ee206-project/ping-pong-robot/vision_tracking/ros2_ws/install/interface/share/interface/hook/cmake_prefix_path.dsv'
[0.548s] INFO:colcon.colcon_core.shell:Creating environment hook '/home/dvij/ee206-project/ping-pong-robot/vision_tracking/ros2_ws/install/interface/share/interface/hook/cmake_prefix_path.sh'
[0.548s] DEBUG:colcon.colcon_core.event_handler.log_command:Invoked command in '/home/dvij/ee206-project/ping-pong-robot/vision_tracking/ros2_ws/build/interface' returned '0': CMAKE_PREFIX_PATH=${CMAKE_PREFIX_PATH}:/home/dvij/ee206-project/ping-pong-robot/vision_tracking/ros2_ws/install/scene_interpreter:/opt/ros/foxy /usr/local/bin/cmake --install /home/dvij/ee206-project/ping-pong-robot/vision_tracking/ros2_ws/build/interface
[0.548s] Level 1:colcon.colcon_core.environment:checking '/home/dvij/ee206-project/ping-pong-robot/vision_tracking/ros2_ws/install/interface/lib'
[0.548s] Level 1:colcon.colcon_core.shell:create_environment_hook('interface', 'ld_library_path_lib')
[0.549s] INFO:colcon.colcon_core.shell:Creating environment hook '/home/dvij/ee206-project/ping-pong-robot/vision_tracking/ros2_ws/install/interface/share/interface/hook/ld_library_path_lib.ps1'
[0.549s] INFO:colcon.colcon_core.shell:Creating environment descriptor '/home/dvij/ee206-project/ping-pong-robot/vision_tracking/ros2_ws/install/interface/share/interface/hook/ld_library_path_lib.dsv'
[0.549s] INFO:colcon.colcon_core.shell:Creating environment hook '/home/dvij/ee206-project/ping-pong-robot/vision_tracking/ros2_ws/install/interface/share/interface/hook/ld_library_path_lib.sh'
[0.549s] Level 1:colcon.colcon_core.environment:checking '/home/dvij/ee206-project/ping-pong-robot/vision_tracking/ros2_ws/install/interface/bin'
[0.549s] Level 1:colcon.colcon_core.environment:checking '/home/dvij/ee206-project/ping-pong-robot/vision_tracking/ros2_ws/install/interface/lib/pkgconfig/interface.pc'
[0.549s] Level 1:colcon.colcon_core.environment:checking '/home/dvij/ee206-project/ping-pong-robot/vision_tracking/ros2_ws/install/interface/lib/python3.8/site-packages'
[0.549s] Level 1:colcon.colcon_core.shell:create_environment_hook('interface', 'pythonpath')
[0.549s] INFO:colcon.colcon_core.shell:Creating environment hook '/home/dvij/ee206-project/ping-pong-robot/vision_tracking/ros2_ws/install/interface/share/interface/hook/pythonpath.ps1'
[0.550s] INFO:colcon.colcon_core.shell:Creating environment descriptor '/home/dvij/ee206-project/ping-pong-robot/vision_tracking/ros2_ws/install/interface/share/interface/hook/pythonpath.dsv'
[0.550s] INFO:colcon.colcon_core.shell:Creating environment hook '/home/dvij/ee206-project/ping-pong-robot/vision_tracking/ros2_ws/install/interface/share/interface/hook/pythonpath.sh'
[0.550s] Level 1:colcon.colcon_core.environment:checking '/home/dvij/ee206-project/ping-pong-robot/vision_tracking/ros2_ws/install/interface/bin'
[0.550s] INFO:colcon.colcon_core.shell:Creating package script '/home/dvij/ee206-project/ping-pong-robot/vision_tracking/ros2_ws/install/interface/share/interface/package.ps1'
[0.550s] INFO:colcon.colcon_core.shell:Creating package descriptor '/home/dvij/ee206-project/ping-pong-robot/vision_tracking/ros2_ws/install/interface/share/interface/package.dsv'
[0.551s] INFO:colcon.colcon_core.shell:Creating package script '/home/dvij/ee206-project/ping-pong-robot/vision_tracking/ros2_ws/install/interface/share/interface/package.sh'
[0.551s] INFO:colcon.colcon_core.shell:Creating package script '/home/dvij/ee206-project/ping-pong-robot/vision_tracking/ros2_ws/install/interface/share/interface/package.bash'
[0.551s] INFO:colcon.colcon_core.shell:Creating package script '/home/dvij/ee206-project/ping-pong-robot/vision_tracking/ros2_ws/install/interface/share/interface/package.zsh'
[0.551s] Level 1:colcon.colcon_core.environment:create_file_with_runtime_dependencies(/home/dvij/ee206-project/ping-pong-robot/vision_tracking/ros2_ws/install/interface/share/colcon-core/packages/interface)
[0.572s] Level 1:colcon.colcon_core.environment:create_environment_scripts_only(interface)
[0.573s] Level 1:colcon.colcon_core.environment:checking '/home/dvij/ee206-project/ping-pong-robot/vision_tracking/ros2_ws/install/interface' for CMake module files
[0.573s] Level 1:colcon.colcon_core.environment:checking '/home/dvij/ee206-project/ping-pong-robot/vision_tracking/ros2_ws/install/interface' for CMake config files
[0.574s] Level 1:colcon.colcon_core.shell:create_environment_hook('interface', 'cmake_prefix_path')
[0.574s] INFO:colcon.colcon_core.shell:Creating environment hook '/home/dvij/ee206-project/ping-pong-robot/vision_tracking/ros2_ws/install/interface/share/interface/hook/cmake_prefix_path.ps1'
[0.575s] INFO:colcon.colcon_core.shell:Creating environment descriptor '/home/dvij/ee206-project/ping-pong-robot/vision_tracking/ros2_ws/install/interface/share/interface/hook/cmake_prefix_path.dsv'
[0.575s] INFO:colcon.colcon_core.shell:Creating environment hook '/home/dvij/ee206-project/ping-pong-robot/vision_tracking/ros2_ws/install/interface/share/interface/hook/cmake_prefix_path.sh'
[0.576s] Level 1:colcon.colcon_core.environment:checking '/home/dvij/ee206-project/ping-pong-robot/vision_tracking/ros2_ws/install/interface/lib'
[0.576s] Level 1:colcon.colcon_core.shell:create_environment_hook('interface', 'ld_library_path_lib')
[0.576s] INFO:colcon.colcon_core.shell:Creating environment hook '/home/dvij/ee206-project/ping-pong-robot/vision_tracking/ros2_ws/install/interface/share/interface/hook/ld_library_path_lib.ps1'
[0.577s] INFO:colcon.colcon_core.shell:Creating environment descriptor '/home/dvij/ee206-project/ping-pong-robot/vision_tracking/ros2_ws/install/interface/share/interface/hook/ld_library_path_lib.dsv'
[0.577s] INFO:colcon.colcon_core.shell:Creating environment hook '/home/dvij/ee206-project/ping-pong-robot/vision_tracking/ros2_ws/install/interface/share/interface/hook/ld_library_path_lib.sh'
[0.577s] Level 1:colcon.colcon_core.environment:checking '/home/dvij/ee206-project/ping-pong-robot/vision_tracking/ros2_ws/install/interface/bin'
[0.578s] Level 1:colcon.colcon_core.environment:checking '/home/dvij/ee206-project/ping-pong-robot/vision_tracking/ros2_ws/install/interface/lib/pkgconfig/interface.pc'
[0.578s] Level 1:colcon.colcon_core.environment:checking '/home/dvij/ee206-project/ping-pong-robot/vision_tracking/ros2_ws/install/interface/lib/python3.8/site-packages'
[0.578s] Level 1:colcon.colcon_core.shell:create_environment_hook('interface', 'pythonpath')
[0.578s] INFO:colcon.colcon_core.shell:Creating environment hook '/home/dvij/ee206-project/ping-pong-robot/vision_tracking/ros2_ws/install/interface/share/interface/hook/pythonpath.ps1'
[0.579s] INFO:colcon.colcon_core.shell:Creating environment descriptor '/home/dvij/ee206-project/ping-pong-robot/vision_tracking/ros2_ws/install/interface/share/interface/hook/pythonpath.dsv'
[0.579s] INFO:colcon.colcon_core.shell:Creating environment hook '/home/dvij/ee206-project/ping-pong-robot/vision_tracking/ros2_ws/install/interface/share/interface/hook/pythonpath.sh'
[0.579s] Level 1:colcon.colcon_core.environment:checking '/home/dvij/ee206-project/ping-pong-robot/vision_tracking/ros2_ws/install/interface/bin'
[0.579s] INFO:colcon.colcon_core.shell:Creating package script '/home/dvij/ee206-project/ping-pong-robot/vision_tracking/ros2_ws/install/interface/share/interface/package.ps1'
[0.580s] INFO:colcon.colcon_core.shell:Creating package descriptor '/home/dvij/ee206-project/ping-pong-robot/vision_tracking/ros2_ws/install/interface/share/interface/package.dsv'
[0.580s] INFO:colcon.colcon_core.shell:Creating package script '/home/dvij/ee206-project/ping-pong-robot/vision_tracking/ros2_ws/install/interface/share/interface/package.sh'
[0.580s] INFO:colcon.colcon_core.shell:Creating package script '/home/dvij/ee206-project/ping-pong-robot/vision_tracking/ros2_ws/install/interface/share/interface/package.bash'
[0.581s] INFO:colcon.colcon_core.shell:Creating package script '/home/dvij/ee206-project/ping-pong-robot/vision_tracking/ros2_ws/install/interface/share/interface/package.zsh'
[0.581s] Level 1:colcon.colcon_core.environment:create_file_with_runtime_dependencies(/home/dvij/ee206-project/ping-pong-robot/vision_tracking/ros2_ws/install/interface/share/colcon-core/packages/interface)
[0.581s] INFO:colcon.colcon_ros.task.ament_cmake.build:Building ROS package in '/home/dvij/ee206-project/ping-pong-robot/vision_tracking/ros2_ws/src/camera_feed' with build type 'ament_cmake'
[0.581s] INFO:colcon.colcon_cmake.task.cmake.build:Building CMake package in '/home/dvij/ee206-project/ping-pong-robot/vision_tracking/ros2_ws/src/camera_feed'
[0.581s] INFO:colcon.colcon_core.shell:Skip shell extension 'powershell' for command environment: Not usable outside of PowerShell
[0.581s] DEBUG:colcon.colcon_core.shell:Skip shell extension 'dsv' for command environment
[0.590s] DEBUG:colcon.colcon_core.event_handler.log_command:Invoking command in '/home/dvij/ee206-project/ping-pong-robot/vision_tracking/ros2_ws/build/camera_feed': CMAKE_PREFIX_PATH=/home/dvij/ee206-project/ping-pong-robot/vision_tracking/ros2_ws/install/my_sync_package:/home/dvij/ee206-project/ping-pong-robot/vision_tracking/ros2_ws/install/interface:/home/dvij/ee206-project/ping-pong-robot/vision_tracking/ros2_ws/install/camera_feed:/home/dvij/ee206-project/ping-pong-robot/vision_tracking/ros2_ws/install/scene_interpreter:/opt/ros/foxy PYTHONPATH=/home/dvij/ee206-project/ping-pong-robot/vision_tracking/ros2_ws/install/interface/lib/python3.8/site-packages:/home/dvij/ee206-project/ping-pong-robot/vision_tracking/ros2_ws/install/scene_interpreter/lib/python3.8/site-packages:/opt/ros/foxy/lib/python3.8/site-packages /usr/local/bin/cmake --build /home/dvij/ee206-project/ping-pong-robot/vision_tracking/ros2_ws/build/camera_feed -- -j20 -l20
[0.610s] DEBUG:colcon.colcon_core.event_handler.log_command:Invoked command in '/home/dvij/ee206-project/ping-pong-robot/vision_tracking/ros2_ws/build/camera_feed' returned '0': CMAKE_PREFIX_PATH=/home/dvij/ee206-project/ping-pong-robot/vision_tracking/ros2_ws/install/my_sync_package:/home/dvij/ee206-project/ping-pong-robot/vision_tracking/ros2_ws/install/interface:/home/dvij/ee206-project/ping-pong-robot/vision_tracking/ros2_ws/install/camera_feed:/home/dvij/ee206-project/ping-pong-robot/vision_tracking/ros2_ws/install/scene_interpreter:/opt/ros/foxy PYTHONPATH=/home/dvij/ee206-project/ping-pong-robot/vision_tracking/ros2_ws/install/interface/lib/python3.8/site-packages:/home/dvij/ee206-project/ping-pong-robot/vision_tracking/ros2_ws/install/scene_interpreter/lib/python3.8/site-packages:/opt/ros/foxy/lib/python3.8/site-packages /usr/local/bin/cmake --build /home/dvij/ee206-project/ping-pong-robot/vision_tracking/ros2_ws/build/camera_feed -- -j20 -l20
[0.622s] DEBUG:colcon.colcon_core.event_handler.log_command:Invoking command in '/home/dvij/ee206-project/ping-pong-robot/vision_tracking/ros2_ws/build/camera_feed': CMAKE_PREFIX_PATH=/home/dvij/ee206-project/ping-pong-robot/vision_tracking/ros2_ws/install/my_sync_package:/home/dvij/ee206-project/ping-pong-robot/vision_tracking/ros2_ws/install/interface:/home/dvij/ee206-project/ping-pong-robot/vision_tracking/ros2_ws/install/camera_feed:/home/dvij/ee206-project/ping-pong-robot/vision_tracking/ros2_ws/install/scene_interpreter:/opt/ros/foxy PYTHONPATH=/home/dvij/ee206-project/ping-pong-robot/vision_tracking/ros2_ws/install/interface/lib/python3.8/site-packages:/home/dvij/ee206-project/ping-pong-robot/vision_tracking/ros2_ws/install/scene_interpreter/lib/python3.8/site-packages:/opt/ros/foxy/lib/python3.8/site-packages /usr/local/bin/cmake --install /home/dvij/ee206-project/ping-pong-robot/vision_tracking/ros2_ws/build/camera_feed
[0.626s] Level 1:colcon.colcon_core.environment:create_environment_scripts_only(camera_feed)
[0.626s] Level 1:colcon.colcon_core.environment:checking '/home/dvij/ee206-project/ping-pong-robot/vision_tracking/ros2_ws/install/camera_feed' for CMake module files
[0.627s] Level 1:colcon.colcon_core.environment:checking '/home/dvij/ee206-project/ping-pong-robot/vision_tracking/ros2_ws/install/camera_feed' for CMake config files
[0.628s] DEBUG:colcon.colcon_core.event_handler.log_command:Invoked command in '/home/dvij/ee206-project/ping-pong-robot/vision_tracking/ros2_ws/build/camera_feed' returned '0': CMAKE_PREFIX_PATH=/home/dvij/ee206-project/ping-pong-robot/vision_tracking/ros2_ws/install/my_sync_package:/home/dvij/ee206-project/ping-pong-robot/vision_tracking/ros2_ws/install/interface:/home/dvij/ee206-project/ping-pong-robot/vision_tracking/ros2_ws/install/camera_feed:/home/dvij/ee206-project/ping-pong-robot/vision_tracking/ros2_ws/install/scene_interpreter:/opt/ros/foxy PYTHONPATH=/home/dvij/ee206-project/ping-pong-robot/vision_tracking/ros2_ws/install/interface/lib/python3.8/site-packages:/home/dvij/ee206-project/ping-pong-robot/vision_tracking/ros2_ws/install/scene_interpreter/lib/python3.8/site-packages:/opt/ros/foxy/lib/python3.8/site-packages /usr/local/bin/cmake --install /home/dvij/ee206-project/ping-pong-robot/vision_tracking/ros2_ws/build/camera_feed
[0.628s] Level 1:colcon.colcon_core.shell:create_environment_hook('camera_feed', 'cmake_prefix_path')
[0.628s] INFO:colcon.colcon_core.shell:Creating environment hook '/home/dvij/ee206-project/ping-pong-robot/vision_tracking/ros2_ws/install/camera_feed/share/camera_feed/hook/cmake_prefix_path.ps1'
[0.628s] INFO:colcon.colcon_core.shell:Creating environment descriptor '/home/dvij/ee206-project/ping-pong-robot/vision_tracking/ros2_ws/install/camera_feed/share/camera_feed/hook/cmake_prefix_path.dsv'
[0.628s] INFO:colcon.colcon_core.shell:Creating environment hook '/home/dvij/ee206-project/ping-pong-robot/vision_tracking/ros2_ws/install/camera_feed/share/camera_feed/hook/cmake_prefix_path.sh'
[0.629s] Level 1:colcon.colcon_core.environment:checking '/home/dvij/ee206-project/ping-pong-robot/vision_tracking/ros2_ws/install/camera_feed/lib'
[0.629s] Level 1:colcon.colcon_core.environment:checking '/home/dvij/ee206-project/ping-pong-robot/vision_tracking/ros2_ws/install/camera_feed/bin'
[0.629s] Level 1:colcon.colcon_core.environment:checking '/home/dvij/ee206-project/ping-pong-robot/vision_tracking/ros2_ws/install/camera_feed/lib/pkgconfig/camera_feed.pc'
[0.629s] Level 1:colcon.colcon_core.environment:checking '/home/dvij/ee206-project/ping-pong-robot/vision_tracking/ros2_ws/install/camera_feed/lib/python3.8/site-packages'
[0.629s] Level 1:colcon.colcon_core.environment:checking '/home/dvij/ee206-project/ping-pong-robot/vision_tracking/ros2_ws/install/camera_feed/bin'
[0.629s] INFO:colcon.colcon_core.shell:Creating package script '/home/dvij/ee206-project/ping-pong-robot/vision_tracking/ros2_ws/install/camera_feed/share/camera_feed/package.ps1'
[0.629s] INFO:colcon.colcon_core.shell:Creating package descriptor '/home/dvij/ee206-project/ping-pong-robot/vision_tracking/ros2_ws/install/camera_feed/share/camera_feed/package.dsv'
[0.630s] INFO:colcon.colcon_core.shell:Creating package script '/home/dvij/ee206-project/ping-pong-robot/vision_tracking/ros2_ws/install/camera_feed/share/camera_feed/package.sh'
[0.630s] INFO:colcon.colcon_core.shell:Creating package script '/home/dvij/ee206-project/ping-pong-robot/vision_tracking/ros2_ws/install/camera_feed/share/camera_feed/package.bash'
[0.630s] INFO:colcon.colcon_core.shell:Creating package script '/home/dvij/ee206-project/ping-pong-robot/vision_tracking/ros2_ws/install/camera_feed/share/camera_feed/package.zsh'
[0.630s] Level 1:colcon.colcon_core.environment:create_file_with_runtime_dependencies(/home/dvij/ee206-project/ping-pong-robot/vision_tracking/ros2_ws/install/camera_feed/share/colcon-core/packages/camera_feed)
[0.641s] Level 1:colcon.colcon_core.environment:create_environment_scripts_only(camera_feed)
[0.642s] Level 1:colcon.colcon_core.environment:checking '/home/dvij/ee206-project/ping-pong-robot/vision_tracking/ros2_ws/install/camera_feed' for CMake module files
[0.642s] Level 1:colcon.colcon_core.environment:checking '/home/dvij/ee206-project/ping-pong-robot/vision_tracking/ros2_ws/install/camera_feed' for CMake config files
[0.642s] Level 1:colcon.colcon_core.shell:create_environment_hook('camera_feed', 'cmake_prefix_path')
[0.643s] INFO:colcon.colcon_core.shell:Creating environment hook '/home/dvij/ee206-project/ping-pong-robot/vision_tracking/ros2_ws/install/camera_feed/share/camera_feed/hook/cmake_prefix_path.ps1'
[0.643s] INFO:colcon.colcon_core.shell:Creating environment descriptor '/home/dvij/ee206-project/ping-pong-robot/vision_tracking/ros2_ws/install/camera_feed/share/camera_feed/hook/cmake_prefix_path.dsv'
[0.644s] INFO:colcon.colcon_core.shell:Creating environment hook '/home/dvij/ee206-project/ping-pong-robot/vision_tracking/ros2_ws/install/camera_feed/share/camera_feed/hook/cmake_prefix_path.sh'
[0.644s] Level 1:colcon.colcon_core.environment:checking '/home/dvij/ee206-project/ping-pong-robot/vision_tracking/ros2_ws/install/camera_feed/lib'
[0.644s] Level 1:colcon.colcon_core.environment:checking '/home/dvij/ee206-project/ping-pong-robot/vision_tracking/ros2_ws/install/camera_feed/bin'
[0.644s] Level 1:colcon.colcon_core.environment:checking '/home/dvij/ee206-project/ping-pong-robot/vision_tracking/ros2_ws/install/camera_feed/lib/pkgconfig/camera_feed.pc'
[0.645s] Level 1:colcon.colcon_core.environment:checking '/home/dvij/ee206-project/ping-pong-robot/vision_tracking/ros2_ws/install/camera_feed/lib/python3.8/site-packages'
[0.645s] Level 1:colcon.colcon_core.environment:checking '/home/dvij/ee206-project/ping-pong-robot/vision_tracking/ros2_ws/install/camera_feed/bin'
[0.645s] INFO:colcon.colcon_core.shell:Creating package script '/home/dvij/ee206-project/ping-pong-robot/vision_tracking/ros2_ws/install/camera_feed/share/camera_feed/package.ps1'
[0.646s] INFO:colcon.colcon_core.shell:Creating package descriptor '/home/dvij/ee206-project/ping-pong-robot/vision_tracking/ros2_ws/install/camera_feed/share/camera_feed/package.dsv'
[0.646s] INFO:colcon.colcon_core.shell:Creating package script '/home/dvij/ee206-project/ping-pong-robot/vision_tracking/ros2_ws/install/camera_feed/share/camera_feed/package.sh'
[0.646s] INFO:colcon.colcon_core.shell:Creating package script '/home/dvij/ee206-project/ping-pong-robot/vision_tracking/ros2_ws/install/camera_feed/share/camera_feed/package.bash'
[0.647s] INFO:colcon.colcon_core.shell:Creating package script '/home/dvij/ee206-project/ping-pong-robot/vision_tracking/ros2_ws/install/camera_feed/share/camera_feed/package.zsh'
[0.647s] Level 1:colcon.colcon_core.environment:create_file_with_runtime_dependencies(/home/dvij/ee206-project/ping-pong-robot/vision_tracking/ros2_ws/install/camera_feed/share/colcon-core/packages/camera_feed)
[0.856s] DEBUG:colcon.colcon_core.event_handler.log_command:Invoking command in '/home/dvij/ee206-project/ping-pong-robot/vision_tracking/ros2_ws/src/scene_interpreter': PYTHONPATH=/home/dvij/ee206-project/ping-pong-robot/vision_tracking/ros2_ws/build/scene_interpreter/prefix_override:/usr/lib/python3/dist-packages/colcon_core/task/python/colcon_distutils_commands:/home/dvij/ee206-project/ping-pong-robot/vision_tracking/ros2_ws/install/scene_interpreter/lib/python3.8/site-packages:${PYTHONPATH} /usr/bin/python3 -W ignore:setup.py install is deprecated setup.py egg_info --egg-base ../../build/scene_interpreter build --build-base /home/dvij/ee206-project/ping-pong-robot/vision_tracking/ros2_ws/build/scene_interpreter/build install --record /home/dvij/ee206-project/ping-pong-robot/vision_tracking/ros2_ws/build/scene_interpreter/install.log --single-version-externally-managed install_data
[1.040s] Level 1:colcon.colcon_core.environment:checking '/home/dvij/ee206-project/ping-pong-robot/vision_tracking/ros2_ws/install/scene_interpreter' for CMake module files
[1.040s] DEBUG:colcon.colcon_core.event_handler.log_command:Invoked command in '/home/dvij/ee206-project/ping-pong-robot/vision_tracking/ros2_ws/src/scene_interpreter' returned '0': PYTHONPATH=/home/dvij/ee206-project/ping-pong-robot/vision_tracking/ros2_ws/build/scene_interpreter/prefix_override:/usr/lib/python3/dist-packages/colcon_core/task/python/colcon_distutils_commands:/home/dvij/ee206-project/ping-pong-robot/vision_tracking/ros2_ws/install/scene_interpreter/lib/python3.8/site-packages:${PYTHONPATH} /usr/bin/python3 -W ignore:setup.py install is deprecated setup.py egg_info --egg-base ../../build/scene_interpreter build --build-base /home/dvij/ee206-project/ping-pong-robot/vision_tracking/ros2_ws/build/scene_interpreter/build install --record /home/dvij/ee206-project/ping-pong-robot/vision_tracking/ros2_ws/build/scene_interpreter/install.log --single-version-externally-managed install_data
[1.041s] Level 1:colcon.colcon_core.environment:checking '/home/dvij/ee206-project/ping-pong-robot/vision_tracking/ros2_ws/install/scene_interpreter' for CMake config files
[1.041s] Level 1:colcon.colcon_core.environment:checking '/home/dvij/ee206-project/ping-pong-robot/vision_tracking/ros2_ws/install/scene_interpreter/lib'
[1.041s] Level 1:colcon.colcon_core.environment:checking '/home/dvij/ee206-project/ping-pong-robot/vision_tracking/ros2_ws/install/scene_interpreter/bin'
[1.041s] Level 1:colcon.colcon_core.environment:checking '/home/dvij/ee206-project/ping-pong-robot/vision_tracking/ros2_ws/install/scene_interpreter/lib/pkgconfig/scene_interpreter.pc'
[1.042s] Level 1:colcon.colcon_core.environment:checking '/home/dvij/ee206-project/ping-pong-robot/vision_tracking/ros2_ws/install/scene_interpreter/lib/python3.8/site-packages'
[1.042s] Level 1:colcon.colcon_core.shell:create_environment_hook('scene_interpreter', 'pythonpath')
[1.042s] INFO:colcon.colcon_core.shell:Creating environment hook '/home/dvij/ee206-project/ping-pong-robot/vision_tracking/ros2_ws/install/scene_interpreter/share/scene_interpreter/hook/pythonpath.ps1'
[1.043s] INFO:colcon.colcon_core.shell:Creating environment descriptor '/home/dvij/ee206-project/ping-pong-robot/vision_tracking/ros2_ws/install/scene_interpreter/share/scene_interpreter/hook/pythonpath.dsv'
[1.043s] INFO:colcon.colcon_core.shell:Creating environment hook '/home/dvij/ee206-project/ping-pong-robot/vision_tracking/ros2_ws/install/scene_interpreter/share/scene_interpreter/hook/pythonpath.sh'
[1.043s] Level 1:colcon.colcon_core.environment:checking '/home/dvij/ee206-project/ping-pong-robot/vision_tracking/ros2_ws/install/scene_interpreter/bin'
[1.044s] Level 1:colcon.colcon_core.environment:create_environment_scripts_only(scene_interpreter)
[1.044s] INFO:colcon.colcon_core.shell:Creating package script '/home/dvij/ee206-project/ping-pong-robot/vision_tracking/ros2_ws/install/scene_interpreter/share/scene_interpreter/package.ps1'
[1.044s] INFO:colcon.colcon_core.shell:Creating package descriptor '/home/dvij/ee206-project/ping-pong-robot/vision_tracking/ros2_ws/install/scene_interpreter/share/scene_interpreter/package.dsv'
[1.045s] INFO:colcon.colcon_core.shell:Creating package script '/home/dvij/ee206-project/ping-pong-robot/vision_tracking/ros2_ws/install/scene_interpreter/share/scene_interpreter/package.sh'
[1.045s] INFO:colcon.colcon_core.shell:Creating package script '/home/dvij/ee206-project/ping-pong-robot/vision_tracking/ros2_ws/install/scene_interpreter/share/scene_interpreter/package.bash'
[1.046s] INFO:colcon.colcon_core.shell:Creating package script '/home/dvij/ee206-project/ping-pong-robot/vision_tracking/ros2_ws/install/scene_interpreter/share/scene_interpreter/package.zsh'
[1.046s] Level 1:colcon.colcon_core.environment:create_file_with_runtime_dependencies(/home/dvij/ee206-project/ping-pong-robot/vision_tracking/ros2_ws/install/scene_interpreter/share/colcon-core/packages/scene_interpreter)
[1.046s] DEBUG:colcon.colcon_parallel_executor.executor.parallel:closing loop
[1.047s] DEBUG:colcon.colcon_parallel_executor.executor.parallel:loop closed
[1.047s] DEBUG:colcon.colcon_parallel_executor.executor.parallel:run_until_complete finished with '0'
[1.047s] DEBUG:colcon.colcon_core.event_reactor:joining thread
[1.050s] INFO:colcon.colcon_core.plugin_system:Skipping extension 'colcon_notification.desktop_notification.terminal_notifier': Not used on non-Darwin systems
[1.050s] INFO:colcon.colcon_core.plugin_system:Skipping extension 'colcon_notification.desktop_notification.win32': Not used on non-Windows systems
[1.050s] INFO:colcon.colcon_notification.desktop_notification:Sending desktop notification using 'notify2'
[1.059s] DEBUG:colcon.colcon_core.event_reactor:joined thread
[1.060s] INFO:colcon.colcon_core.shell:Creating prefix script '/home/dvij/ee206-project/ping-pong-robot/vision_tracking/ros2_ws/install/local_setup.ps1'
[1.060s] INFO:colcon.colcon_core.shell:Creating prefix util module '/home/dvij/ee206-project/ping-pong-robot/vision_tracking/ros2_ws/install/_local_setup_util_ps1.py'
[1.062s] INFO:colcon.colcon_core.shell:Creating prefix chain script '/home/dvij/ee206-project/ping-pong-robot/vision_tracking/ros2_ws/install/setup.ps1'
[1.063s] INFO:colcon.colcon_core.shell:Creating prefix script '/home/dvij/ee206-project/ping-pong-robot/vision_tracking/ros2_ws/install/local_setup.sh'
[1.063s] INFO:colcon.colcon_core.shell:Creating prefix util module '/home/dvij/ee206-project/ping-pong-robot/vision_tracking/ros2_ws/install/_local_setup_util_sh.py'
[1.063s] INFO:colcon.colcon_core.shell:Creating prefix chain script '/home/dvij/ee206-project/ping-pong-robot/vision_tracking/ros2_ws/install/setup.sh'
[1.064s] INFO:colcon.colcon_core.shell:Creating prefix script '/home/dvij/ee206-project/ping-pong-robot/vision_tracking/ros2_ws/install/local_setup.bash'
[1.064s] INFO:colcon.colcon_core.shell:Creating prefix chain script '/home/dvij/ee206-project/ping-pong-robot/vision_tracking/ros2_ws/install/setup.bash'
[1.064s] INFO:colcon.colcon_core.shell:Creating prefix script '/home/dvij/ee206-project/ping-pong-robot/vision_tracking/ros2_ws/install/local_setup.zsh'
[1.065s] INFO:colcon.colcon_core.shell:Creating prefix chain script '/home/dvij/ee206-project/ping-pong-robot/vision_tracking/ros2_ws/install/setup.zsh'
