[0.599s] Invoking command in '/home/pingpongproject/code/ping-pong-robot/lbr_fri_ros2_stack_ws_foxy2/src/lbr_fri_ros2_stack/control/workspace_controller': PYTHONPATH=/home/pingpongproject/code/ping-pong-robot/lbr_fri_ros2_stack_ws_foxy2/build/workspace_controller/prefix_override:/home/pingpongproject/code/ping-pong-robot/lbr_fri_ros2_stack_ws_foxy2/install/workspace_controller/lib/python3.8/site-packages:${PYTHONPATH} /usr/bin/python3 setup.py egg_info --egg-base ../../../../build/workspace_controller build --build-base /home/pingpongproject/code/ping-pong-robot/lbr_fri_ros2_stack_ws_foxy2/build/workspace_controller/build install --record /home/pingpongproject/code/ping-pong-robot/lbr_fri_ros2_stack_ws_foxy2/build/workspace_controller/install.log --install-scripts $base/lib/workspace_controller --single-version-externally-managed
[0.757s] running egg_info
[0.758s] writing ../../../../build/workspace_controller/workspace_controller.egg-info/PKG-INFO
[0.758s] writing dependency_links to ../../../../build/workspace_controller/workspace_controller.egg-info/dependency_links.txt
[0.758s] writing entry points to ../../../../build/workspace_controller/workspace_controller.egg-info/entry_points.txt
[0.758s] writing requirements to ../../../../build/workspace_controller/workspace_controller.egg-info/requires.txt
[0.758s] writing top-level names to ../../../../build/workspace_controller/workspace_controller.egg-info/top_level.txt
[1.021s] reading manifest file '../../../../build/workspace_controller/workspace_controller.egg-info/SOURCES.txt'
[1.022s] writing manifest file '../../../../build/workspace_controller/workspace_controller.egg-info/SOURCES.txt'
[1.022s] running build
[1.022s] running build_py
[1.022s] copying workspace_controller/ik_controller.py -> /home/pingpongproject/code/ping-pong-robot/lbr_fri_ros2_stack_ws_foxy2/build/workspace_controller/build/lib/workspace_controller
[1.022s] copying workspace_controller/control_node.py -> /home/pingpongproject/code/ping-pong-robot/lbr_fri_ros2_stack_ws_foxy2/build/workspace_controller/build/lib/workspace_controller
[1.022s] running install
[1.023s] running install_lib
[1.024s] copying /home/pingpongproject/code/ping-pong-robot/lbr_fri_ros2_stack_ws_foxy2/build/workspace_controller/build/lib/workspace_controller/ik_controller.py -> /home/pingpongproject/code/ping-pong-robot/lbr_fri_ros2_stack_ws_foxy2/install/workspace_controller/lib/python3.8/site-packages/workspace_controller
[1.024s] copying /home/pingpongproject/code/ping-pong-robot/lbr_fri_ros2_stack_ws_foxy2/build/workspace_controller/build/lib/workspace_controller/control_node.py -> /home/pingpongproject/code/ping-pong-robot/lbr_fri_ros2_stack_ws_foxy2/install/workspace_controller/lib/python3.8/site-packages/workspace_controller
[1.024s] byte-compiling /home/pingpongproject/code/ping-pong-robot/lbr_fri_ros2_stack_ws_foxy2/install/workspace_controller/lib/python3.8/site-packages/workspace_controller/ik_controller.py to ik_controller.cpython-38.pyc
[1.025s] byte-compiling /home/pingpongproject/code/ping-pong-robot/lbr_fri_ros2_stack_ws_foxy2/install/workspace_controller/lib/python3.8/site-packages/workspace_controller/control_node.py to control_node.cpython-38.pyc
[1.025s]   File "/home/pingpongproject/code/ping-pong-robot/lbr_fri_ros2_stack_ws_foxy2/install/workspace_controller/lib/python3.8/site-packages/workspace_controller/control_node.py", line 35
[1.025s]     rot = np.array([np.sqrt(2) / 2, 0, 0, np.sqrt(2) / 2])] # -pi/2 z rotation
[1.025s]                                                           ^
[1.025s] SyntaxError: unmatched ']'
[1.025s] 
[1.025s] running install_data
[1.025s] running install_egg_info
[1.026s] removing '/home/pingpongproject/code/ping-pong-robot/lbr_fri_ros2_stack_ws_foxy2/install/workspace_controller/lib/python3.8/site-packages/workspace_controller-0.0.0-py3.8.egg-info' (and everything under it)
[1.026s] Copying ../../../../build/workspace_controller/workspace_controller.egg-info to /home/pingpongproject/code/ping-pong-robot/lbr_fri_ros2_stack_ws_foxy2/install/workspace_controller/lib/python3.8/site-packages/workspace_controller-0.0.0-py3.8.egg-info
[1.026s] running install_scripts
[1.037s] Installing control_node script to /home/pingpongproject/code/ping-pong-robot/lbr_fri_ros2_stack_ws_foxy2/install/workspace_controller/lib/workspace_controller
[1.037s] writing list of installed files to '/home/pingpongproject/code/ping-pong-robot/lbr_fri_ros2_stack_ws_foxy2/build/workspace_controller/install.log'
[1.053s] Invoked command in '/home/pingpongproject/code/ping-pong-robot/lbr_fri_ros2_stack_ws_foxy2/src/lbr_fri_ros2_stack/control/workspace_controller' returned '0': PYTHONPATH=/home/pingpongproject/code/ping-pong-robot/lbr_fri_ros2_stack_ws_foxy2/build/workspace_controller/prefix_override:/home/pingpongproject/code/ping-pong-robot/lbr_fri_ros2_stack_ws_foxy2/install/workspace_controller/lib/python3.8/site-packages:${PYTHONPATH} /usr/bin/python3 setup.py egg_info --egg-base ../../../../build/workspace_controller build --build-base /home/pingpongproject/code/ping-pong-robot/lbr_fri_ros2_stack_ws_foxy2/build/workspace_controller/build install --record /home/pingpongproject/code/ping-pong-robot/lbr_fri_ros2_stack_ws_foxy2/build/workspace_controller/install.log --install-scripts $base/lib/workspace_controller --single-version-externally-managed
