[0.154s] DEBUG:colcon:Command line arguments: ['/usr/bin/colcon', 'build', '--packages-select', 'interface', 'my_sync_package']
[0.154s] DEBUG:colcon:Parsed command line arguments: Namespace(allow_overriding=[], ament_cmake_args=None, base_paths=['.'], build_base='build', catkin_cmake_args=None, catkin_skip_building_tests=False, cmake_args=None, cmake_clean_cache=False, cmake_clean_first=False, cmake_force_configure=False, cmake_target=None, cmake_target_skip_unavailable=False, continue_on_error=False, event_handlers=None, executor='parallel', ignore_user_meta=False, install_base='install', log_base=None, log_level=None, main=<bound method BuildVerb.main of <colcon_core.verb.build.BuildVerb object at 0x7f39cac060d0>>, merge_install=False, metas=['./colcon.meta'], mixin=None, mixin_files=None, mixin_verb=('build',), packages_above=None, packages_above_and_dependencies=None, packages_above_depth=None, packages_end=None, packages_ignore=None, packages_ignore_regex=None, packages_select=['interface', 'my_sync_package'], packages_select_build_failed=False, packages_select_by_dep=None, packages_select_regex=None, packages_select_test_failures=False, packages_skip=None, packages_skip_build_finished=False, packages_skip_by_dep=None, packages_skip_regex=None, packages_skip_test_passed=False, packages_skip_up_to=None, packages_start=None, packages_up_to=None, packages_up_to_regex=None, parallel_workers=20, paths=None, symlink_install=False, test_result_base=None, verb_extension=<colcon_core.verb.build.BuildVerb object at 0x7f39cac060d0>, verb_name='build', verb_parser=<colcon_mixin.mixin.mixin_argument.MixinArgumentDecorator object at 0x7f39cac067f0>)
[0.182s] Level 1:colcon.colcon_core.package_discovery:discover_packages(colcon_meta) check parameters
[0.182s] Level 1:colcon.colcon_core.package_discovery:discover_packages(recursive) check parameters
[0.182s] Level 1:colcon.colcon_core.package_discovery:discover_packages(ignore) check parameters
[0.182s] Level 1:colcon.colcon_core.package_discovery:discover_packages(path) check parameters
[0.182s] Level 1:colcon.colcon_core.package_discovery:discover_packages(colcon_meta) discover
[0.182s] Level 1:colcon.colcon_core.package_discovery:discover_packages(recursive) discover
[0.182s] INFO:colcon.colcon_core.package_discovery:Crawling recursively for packages in '/home/dvij/ee206-project/ping-pong-robot/ros2_ws'
[0.182s] Level 1:colcon.colcon_core.package_identification:_identify(.) by extensions ['ignore', 'ignore_ament_install']
[0.182s] Level 1:colcon.colcon_core.package_identification:_identify(.) by extension 'ignore'
[0.182s] Level 1:colcon.colcon_core.package_identification:_identify(.) by extension 'ignore_ament_install'
[0.182s] Level 1:colcon.colcon_core.package_identification:_identify(.) by extensions ['colcon_pkg']
[0.182s] Level 1:colcon.colcon_core.package_identification:_identify(.) by extension 'colcon_pkg'
[0.182s] Level 1:colcon.colcon_core.package_identification:_identify(.) by extensions ['colcon_meta']
[0.182s] Level 1:colcon.colcon_core.package_identification:_identify(.) by extension 'colcon_meta'
[0.182s] Level 1:colcon.colcon_core.package_identification:_identify(.) by extensions ['ros']
[0.182s] Level 1:colcon.colcon_core.package_identification:_identify(.) by extension 'ros'
[0.191s] Level 1:colcon.colcon_core.package_identification:_identify(.) by extensions ['cmake', 'python']
[0.191s] Level 1:colcon.colcon_core.package_identification:_identify(.) by extension 'cmake'
[0.191s] Level 1:colcon.colcon_core.package_identification:_identify(.) by extension 'python'
[0.191s] Level 1:colcon.colcon_core.package_identification:_identify(.) by extensions ['python_setup_py']
[0.191s] Level 1:colcon.colcon_core.package_identification:_identify(.) by extension 'python_setup_py'
[0.191s] Level 1:colcon.colcon_core.package_identification:_identify(build) by extensions ['ignore', 'ignore_ament_install']
[0.191s] Level 1:colcon.colcon_core.package_identification:_identify(build) by extension 'ignore'
[0.191s] Level 1:colcon.colcon_core.package_identification:_identify(build) ignored
[0.191s] Level 1:colcon.colcon_core.package_identification:_identify(install) by extensions ['ignore', 'ignore_ament_install']
[0.191s] Level 1:colcon.colcon_core.package_identification:_identify(install) by extension 'ignore'
[0.191s] Level 1:colcon.colcon_core.package_identification:_identify(install) ignored
[0.191s] Level 1:colcon.colcon_core.package_identification:_identify(log) by extensions ['ignore', 'ignore_ament_install']
[0.191s] Level 1:colcon.colcon_core.package_identification:_identify(log) by extension 'ignore'
[0.191s] Level 1:colcon.colcon_core.package_identification:_identify(log) ignored
[0.191s] Level 1:colcon.colcon_core.package_identification:_identify(src) by extensions ['ignore', 'ignore_ament_install']
[0.191s] Level 1:colcon.colcon_core.package_identification:_identify(src) by extension 'ignore'
[0.191s] Level 1:colcon.colcon_core.package_identification:_identify(src) by extension 'ignore_ament_install'
[0.192s] Level 1:colcon.colcon_core.package_identification:_identify(src) by extensions ['colcon_pkg']
[0.192s] Level 1:colcon.colcon_core.package_identification:_identify(src) by extension 'colcon_pkg'
[0.192s] Level 1:colcon.colcon_core.package_identification:_identify(src) by extensions ['colcon_meta']
[0.192s] Level 1:colcon.colcon_core.package_identification:_identify(src) by extension 'colcon_meta'
[0.192s] Level 1:colcon.colcon_core.package_identification:_identify(src) by extensions ['ros']
[0.192s] Level 1:colcon.colcon_core.package_identification:_identify(src) by extension 'ros'
[0.192s] Level 1:colcon.colcon_core.package_identification:_identify(src) by extensions ['cmake', 'python']
[0.192s] Level 1:colcon.colcon_core.package_identification:_identify(src) by extension 'cmake'
[0.192s] Level 1:colcon.colcon_core.package_identification:_identify(src) by extension 'python'
[0.192s] Level 1:colcon.colcon_core.package_identification:_identify(src) by extensions ['python_setup_py']
[0.192s] Level 1:colcon.colcon_core.package_identification:_identify(src) by extension 'python_setup_py'
[0.192s] Level 1:colcon.colcon_core.package_identification:_identify(src/build) by extensions ['ignore', 'ignore_ament_install']
[0.192s] Level 1:colcon.colcon_core.package_identification:_identify(src/build) by extension 'ignore'
[0.192s] Level 1:colcon.colcon_core.package_identification:_identify(src/build) ignored
[0.192s] Level 1:colcon.colcon_core.package_identification:_identify(src/camera_feed) by extensions ['ignore', 'ignore_ament_install']
[0.192s] Level 1:colcon.colcon_core.package_identification:_identify(src/camera_feed) by extension 'ignore'
[0.192s] Level 1:colcon.colcon_core.package_identification:_identify(src/camera_feed) by extension 'ignore_ament_install'
[0.192s] Level 1:colcon.colcon_core.package_identification:_identify(src/camera_feed) by extensions ['colcon_pkg']
[0.192s] Level 1:colcon.colcon_core.package_identification:_identify(src/camera_feed) by extension 'colcon_pkg'
[0.192s] Level 1:colcon.colcon_core.package_identification:_identify(src/camera_feed) by extensions ['colcon_meta']
[0.192s] Level 1:colcon.colcon_core.package_identification:_identify(src/camera_feed) by extension 'colcon_meta'
[0.192s] Level 1:colcon.colcon_core.package_identification:_identify(src/camera_feed) by extensions ['ros']
[0.192s] Level 1:colcon.colcon_core.package_identification:_identify(src/camera_feed) by extension 'ros'
[0.194s] DEBUG:colcon.colcon_core.package_identification:Package 'src/camera_feed' with type 'ros.ament_cmake' and name 'camera_feed'
[0.194s] Level 1:colcon.colcon_core.package_identification:_identify(src/install) by extensions ['ignore', 'ignore_ament_install']
[0.194s] Level 1:colcon.colcon_core.package_identification:_identify(src/install) by extension 'ignore'
[0.194s] Level 1:colcon.colcon_core.package_identification:_identify(src/install) ignored
[0.194s] Level 1:colcon.colcon_core.package_identification:_identify(src/interface) by extensions ['ignore', 'ignore_ament_install']
[0.194s] Level 1:colcon.colcon_core.package_identification:_identify(src/interface) by extension 'ignore'
[0.194s] Level 1:colcon.colcon_core.package_identification:_identify(src/interface) by extension 'ignore_ament_install'
[0.194s] Level 1:colcon.colcon_core.package_identification:_identify(src/interface) by extensions ['colcon_pkg']
[0.194s] Level 1:colcon.colcon_core.package_identification:_identify(src/interface) by extension 'colcon_pkg'
[0.194s] Level 1:colcon.colcon_core.package_identification:_identify(src/interface) by extensions ['colcon_meta']
[0.194s] Level 1:colcon.colcon_core.package_identification:_identify(src/interface) by extension 'colcon_meta'
[0.194s] Level 1:colcon.colcon_core.package_identification:_identify(src/interface) by extensions ['ros']
[0.194s] Level 1:colcon.colcon_core.package_identification:_identify(src/interface) by extension 'ros'
[0.194s] DEBUG:colcon.colcon_core.package_identification:Package 'src/interface' with type 'ros.ament_cmake' and name 'interface'
[0.195s] Level 1:colcon.colcon_core.package_identification:_identify(src/log) by extensions ['ignore', 'ignore_ament_install']
[0.195s] Level 1:colcon.colcon_core.package_identification:_identify(src/log) by extension 'ignore'
[0.195s] Level 1:colcon.colcon_core.package_identification:_identify(src/log) ignored
[0.195s] Level 1:colcon.colcon_core.package_identification:_identify(src/my_sync_package) by extensions ['ignore', 'ignore_ament_install']
[0.195s] Level 1:colcon.colcon_core.package_identification:_identify(src/my_sync_package) by extension 'ignore'
[0.195s] Level 1:colcon.colcon_core.package_identification:_identify(src/my_sync_package) by extension 'ignore_ament_install'
[0.195s] Level 1:colcon.colcon_core.package_identification:_identify(src/my_sync_package) by extensions ['colcon_pkg']
[0.195s] Level 1:colcon.colcon_core.package_identification:_identify(src/my_sync_package) by extension 'colcon_pkg'
[0.195s] Level 1:colcon.colcon_core.package_identification:_identify(src/my_sync_package) by extensions ['colcon_meta']
[0.195s] Level 1:colcon.colcon_core.package_identification:_identify(src/my_sync_package) by extension 'colcon_meta'
[0.195s] Level 1:colcon.colcon_core.package_identification:_identify(src/my_sync_package) by extensions ['ros']
[0.195s] Level 1:colcon.colcon_core.package_identification:_identify(src/my_sync_package) by extension 'ros'
[0.195s] DEBUG:colcon.colcon_core.package_identification:Package 'src/my_sync_package' with type 'ros.ament_cmake' and name 'my_sync_package'
[0.195s] Level 1:colcon.colcon_core.package_discovery:discover_packages(recursive) using defaults
[0.195s] Level 1:colcon.colcon_core.package_discovery:discover_packages(ignore) discover
[0.195s] Level 1:colcon.colcon_core.package_discovery:discover_packages(ignore) using defaults
[0.195s] Level 1:colcon.colcon_core.package_discovery:discover_packages(path) discover
[0.195s] Level 1:colcon.colcon_core.package_discovery:discover_packages(path) using defaults
[0.207s] INFO:colcon.colcon_core.package_selection:Skipping not selected package 'camera_feed' in 'src/camera_feed'
[0.207s] Level 1:colcon.colcon_core.package_discovery:discover_packages(prefix_path) check parameters
[0.207s] Level 1:colcon.colcon_core.package_discovery:discover_packages(prefix_path) discover
[0.208s] WARNING:colcon.colcon_ros.prefix_path.ament:The path '/home/dvij/ee206-project/ping-pong-robot/ros2_ws/install/my_sync_package' in the environment variable AMENT_PREFIX_PATH doesn't exist
[0.208s] WARNING:colcon.colcon_ros.prefix_path.ament:The path '/home/dvij/ee206-project/ping-pong-robot/ros2_ws/install/interface' in the environment variable AMENT_PREFIX_PATH doesn't exist
[0.208s] WARNING:colcon.colcon_ros.prefix_path.catkin:The path '/home/dvij/ee206-project/ping-pong-robot/ros2_ws/install/my_sync_package' in the environment variable CMAKE_PREFIX_PATH doesn't exist
[0.208s] WARNING:colcon.colcon_ros.prefix_path.catkin:The path '/home/dvij/ee206-project/ping-pong-robot/ros2_ws/install/interface' in the environment variable CMAKE_PREFIX_PATH doesn't exist
[0.208s] DEBUG:colcon.colcon_installed_package_information.package_discovery:Found 1 installed packages in /home/dvij/ee206-project/ping-pong-robot/ros2_ws/install
[0.209s] DEBUG:colcon.colcon_installed_package_information.package_discovery:Found 10 installed packages in /home/dvij/ee206-project/ping-pong-robot/ppr_ws/install
[0.209s] DEBUG:colcon.colcon_installed_package_information.package_discovery:Found 294 installed packages in /opt/ros/foxy
[0.211s] DEBUG:colcon.colcon_installed_package_information.package_discovery:Found 333 installed packages in /opt/ros/galactic
[0.216s] DEBUG:colcon.colcon_installed_package_information.package_discovery:Found 3 installed packages in /opt/ros/noetic
[0.216s] Level 1:colcon.colcon_core.package_discovery:discover_packages(prefix_path) using defaults
[0.274s] Level 5:colcon.colcon_core.verb:set package 'interface' build argument 'cmake_args' from command line to 'None'
[0.274s] Level 5:colcon.colcon_core.verb:set package 'interface' build argument 'cmake_target' from command line to 'None'
[0.274s] Level 5:colcon.colcon_core.verb:set package 'interface' build argument 'cmake_target_skip_unavailable' from command line to 'False'
[0.274s] Level 5:colcon.colcon_core.verb:set package 'interface' build argument 'cmake_clean_cache' from command line to 'False'
[0.274s] Level 5:colcon.colcon_core.verb:set package 'interface' build argument 'cmake_clean_first' from command line to 'False'
[0.274s] Level 5:colcon.colcon_core.verb:set package 'interface' build argument 'cmake_force_configure' from command line to 'False'
[0.274s] Level 5:colcon.colcon_core.verb:set package 'interface' build argument 'ament_cmake_args' from command line to 'None'
[0.274s] Level 5:colcon.colcon_core.verb:set package 'interface' build argument 'catkin_cmake_args' from command line to 'None'
[0.274s] Level 5:colcon.colcon_core.verb:set package 'interface' build argument 'catkin_skip_building_tests' from command line to 'False'
[0.274s] DEBUG:colcon.colcon_core.verb:Building package 'interface' with the following arguments: {'ament_cmake_args': None, 'build_base': '/home/dvij/ee206-project/ping-pong-robot/ros2_ws/build/interface', 'catkin_cmake_args': None, 'catkin_skip_building_tests': False, 'cmake_args': None, 'cmake_clean_cache': False, 'cmake_clean_first': False, 'cmake_force_configure': False, 'cmake_target': None, 'cmake_target_skip_unavailable': False, 'install_base': '/home/dvij/ee206-project/ping-pong-robot/ros2_ws/install/interface', 'merge_install': False, 'path': '/home/dvij/ee206-project/ping-pong-robot/ros2_ws/src/interface', 'symlink_install': False, 'test_result_base': None}
[0.275s] Level 5:colcon.colcon_core.verb:set package 'my_sync_package' build argument 'cmake_args' from command line to 'None'
[0.275s] Level 5:colcon.colcon_core.verb:set package 'my_sync_package' build argument 'cmake_target' from command line to 'None'
[0.275s] Level 5:colcon.colcon_core.verb:set package 'my_sync_package' build argument 'cmake_target_skip_unavailable' from command line to 'False'
[0.275s] Level 5:colcon.colcon_core.verb:set package 'my_sync_package' build argument 'cmake_clean_cache' from command line to 'False'
[0.275s] Level 5:colcon.colcon_core.verb:set package 'my_sync_package' build argument 'cmake_clean_first' from command line to 'False'
[0.275s] Level 5:colcon.colcon_core.verb:set package 'my_sync_package' build argument 'cmake_force_configure' from command line to 'False'
[0.275s] Level 5:colcon.colcon_core.verb:set package 'my_sync_package' build argument 'ament_cmake_args' from command line to 'None'
[0.275s] Level 5:colcon.colcon_core.verb:set package 'my_sync_package' build argument 'catkin_cmake_args' from command line to 'None'
[0.275s] Level 5:colcon.colcon_core.verb:set package 'my_sync_package' build argument 'catkin_skip_building_tests' from command line to 'False'
[0.275s] DEBUG:colcon.colcon_core.verb:Building package 'my_sync_package' with the following arguments: {'ament_cmake_args': None, 'build_base': '/home/dvij/ee206-project/ping-pong-robot/ros2_ws/build/my_sync_package', 'catkin_cmake_args': None, 'catkin_skip_building_tests': False, 'cmake_args': None, 'cmake_clean_cache': False, 'cmake_clean_first': False, 'cmake_force_configure': False, 'cmake_target': None, 'cmake_target_skip_unavailable': False, 'install_base': '/home/dvij/ee206-project/ping-pong-robot/ros2_ws/install/my_sync_package', 'merge_install': False, 'path': '/home/dvij/ee206-project/ping-pong-robot/ros2_ws/src/my_sync_package', 'symlink_install': False, 'test_result_base': None}
[0.275s] INFO:colcon.colcon_core.executor:Executing jobs using 'parallel' executor
[0.276s] DEBUG:colcon.colcon_parallel_executor.executor.parallel:run_until_complete
[0.276s] INFO:colcon.colcon_ros.task.ament_cmake.build:Building ROS package in '/home/dvij/ee206-project/ping-pong-robot/ros2_ws/src/interface' with build type 'ament_cmake'
[0.276s] INFO:colcon.colcon_cmake.task.cmake.build:Building CMake package in '/home/dvij/ee206-project/ping-pong-robot/ros2_ws/src/interface'
[0.277s] INFO:colcon.colcon_core.plugin_system:Skipping extension 'colcon_core.shell.bat': Not used on non-Windows systems
[0.277s] INFO:colcon.colcon_core.shell:Skip shell extension 'powershell' for command environment: Not usable outside of PowerShell
[0.277s] DEBUG:colcon.colcon_core.shell:Skip shell extension 'dsv' for command environment
[0.289s] INFO:colcon.colcon_ros.task.ament_cmake.build:Building ROS package in '/home/dvij/ee206-project/ping-pong-robot/ros2_ws/src/my_sync_package' with build type 'ament_cmake'
[0.290s] INFO:colcon.colcon_cmake.task.cmake.build:Building CMake package in '/home/dvij/ee206-project/ping-pong-robot/ros2_ws/src/my_sync_package'
[0.290s] INFO:colcon.colcon_core.shell:Skip shell extension 'powershell' for command environment: Not usable outside of PowerShell
[0.290s] DEBUG:colcon.colcon_core.shell:Skip shell extension 'dsv' for command environment
[0.296s] DEBUG:colcon.colcon_core.event_handler.log_command:Invoking command in '/home/dvij/ee206-project/ping-pong-robot/ros2_ws/build/interface': CMAKE_PREFIX_PATH=/home/dvij/ee206-project/ping-pong-robot/ros2_ws/install/camera_feed:/home/dvij/ee206-project/ping-pong-robot/ros2_ws/install/my_sync_package:/home/dvij/ee206-project/ping-pong-robot/ros2_ws/install/interface:/home/dvij/ee206-project/ping-pong-robot/ppr_ws/install/impedance_controller:/home/dvij/ee206-project/ping-pong-robot/ppr_ws/install/iiwa_moveit2:/home/dvij/ee206-project/ping-pong-robot/ppr_ws/install/iiwa_bringup:/home/dvij/ee206-project/ping-pong-robot/ppr_ws/install/iiwa_description:/home/dvij/ee206-project/ping-pong-robot/ppr_ws/install/external_torque_sensor_broadcaster:/home/dvij/ee206-project/ping-pong-robot/ppr_ws/install/scene_interpreter:/home/dvij/ee206-project/ping-pong-robot/ppr_ws/install/camera_feed:/opt/ros/foxy:/opt/ros/galactic:/opt/ros/noetic /usr/local/bin/cmake /home/dvij/ee206-project/ping-pong-robot/ros2_ws/src/interface -DCMAKE_INSTALL_PREFIX=/home/dvij/ee206-project/ping-pong-robot/ros2_ws/install/interface
[0.301s] DEBUG:colcon.colcon_core.event_handler.log_command:Invoking command in '/home/dvij/ee206-project/ping-pong-robot/ros2_ws/build/my_sync_package': CMAKE_PREFIX_PATH=/home/dvij/ee206-project/ping-pong-robot/ros2_ws/install/camera_feed:/home/dvij/ee206-project/ping-pong-robot/ros2_ws/install/my_sync_package:/home/dvij/ee206-project/ping-pong-robot/ros2_ws/install/interface:/home/dvij/ee206-project/ping-pong-robot/ppr_ws/install/impedance_controller:/home/dvij/ee206-project/ping-pong-robot/ppr_ws/install/iiwa_moveit2:/home/dvij/ee206-project/ping-pong-robot/ppr_ws/install/iiwa_bringup:/home/dvij/ee206-project/ping-pong-robot/ppr_ws/install/iiwa_description:/home/dvij/ee206-project/ping-pong-robot/ppr_ws/install/external_torque_sensor_broadcaster:/home/dvij/ee206-project/ping-pong-robot/ppr_ws/install/scene_interpreter:/home/dvij/ee206-project/ping-pong-robot/ppr_ws/install/camera_feed:/opt/ros/foxy:/opt/ros/galactic:/opt/ros/noetic /usr/local/bin/cmake /home/dvij/ee206-project/ping-pong-robot/ros2_ws/src/my_sync_package -DCMAKE_INSTALL_PREFIX=/home/dvij/ee206-project/ping-pong-robot/ros2_ws/install/my_sync_package
[1.309s] DEBUG:colcon.colcon_core.event_handler.log_command:Invoked command in '/home/dvij/ee206-project/ping-pong-robot/ros2_ws/build/my_sync_package' returned '0': CMAKE_PREFIX_PATH=/home/dvij/ee206-project/ping-pong-robot/ros2_ws/install/camera_feed:/home/dvij/ee206-project/ping-pong-robot/ros2_ws/install/my_sync_package:/home/dvij/ee206-project/ping-pong-robot/ros2_ws/install/interface:/home/dvij/ee206-project/ping-pong-robot/ppr_ws/install/impedance_controller:/home/dvij/ee206-project/ping-pong-robot/ppr_ws/install/iiwa_moveit2:/home/dvij/ee206-project/ping-pong-robot/ppr_ws/install/iiwa_bringup:/home/dvij/ee206-project/ping-pong-robot/ppr_ws/install/iiwa_description:/home/dvij/ee206-project/ping-pong-robot/ppr_ws/install/external_torque_sensor_broadcaster:/home/dvij/ee206-project/ping-pong-robot/ppr_ws/install/scene_interpreter:/home/dvij/ee206-project/ping-pong-robot/ppr_ws/install/camera_feed:/opt/ros/foxy:/opt/ros/galactic:/opt/ros/noetic /usr/local/bin/cmake /home/dvij/ee206-project/ping-pong-robot/ros2_ws/src/my_sync_package -DCMAKE_INSTALL_PREFIX=/home/dvij/ee206-project/ping-pong-robot/ros2_ws/install/my_sync_package
[1.312s] DEBUG:colcon.colcon_core.event_handler.log_command:Invoking command in '/home/dvij/ee206-project/ping-pong-robot/ros2_ws/build/my_sync_package': CMAKE_PREFIX_PATH=/home/dvij/ee206-project/ping-pong-robot/ros2_ws/install/camera_feed:/home/dvij/ee206-project/ping-pong-robot/ros2_ws/install/my_sync_package:/home/dvij/ee206-project/ping-pong-robot/ros2_ws/install/interface:/home/dvij/ee206-project/ping-pong-robot/ppr_ws/install/impedance_controller:/home/dvij/ee206-project/ping-pong-robot/ppr_ws/install/iiwa_moveit2:/home/dvij/ee206-project/ping-pong-robot/ppr_ws/install/iiwa_bringup:/home/dvij/ee206-project/ping-pong-robot/ppr_ws/install/iiwa_description:/home/dvij/ee206-project/ping-pong-robot/ppr_ws/install/external_torque_sensor_broadcaster:/home/dvij/ee206-project/ping-pong-robot/ppr_ws/install/scene_interpreter:/home/dvij/ee206-project/ping-pong-robot/ppr_ws/install/camera_feed:/opt/ros/foxy:/opt/ros/galactic:/opt/ros/noetic /usr/local/bin/cmake --build /home/dvij/ee206-project/ping-pong-robot/ros2_ws/build/my_sync_package -- -j20 -l20
[1.696s] DEBUG:colcon.colcon_core.event_handler.log_command:Invoked command in '/home/dvij/ee206-project/ping-pong-robot/ros2_ws/build/interface' returned '0': CMAKE_PREFIX_PATH=/home/dvij/ee206-project/ping-pong-robot/ros2_ws/install/camera_feed:/home/dvij/ee206-project/ping-pong-robot/ros2_ws/install/my_sync_package:/home/dvij/ee206-project/ping-pong-robot/ros2_ws/install/interface:/home/dvij/ee206-project/ping-pong-robot/ppr_ws/install/impedance_controller:/home/dvij/ee206-project/ping-pong-robot/ppr_ws/install/iiwa_moveit2:/home/dvij/ee206-project/ping-pong-robot/ppr_ws/install/iiwa_bringup:/home/dvij/ee206-project/ping-pong-robot/ppr_ws/install/iiwa_description:/home/dvij/ee206-project/ping-pong-robot/ppr_ws/install/external_torque_sensor_broadcaster:/home/dvij/ee206-project/ping-pong-robot/ppr_ws/install/scene_interpreter:/home/dvij/ee206-project/ping-pong-robot/ppr_ws/install/camera_feed:/opt/ros/foxy:/opt/ros/galactic:/opt/ros/noetic /usr/local/bin/cmake /home/dvij/ee206-project/ping-pong-robot/ros2_ws/src/interface -DCMAKE_INSTALL_PREFIX=/home/dvij/ee206-project/ping-pong-robot/ros2_ws/install/interface
[1.698s] DEBUG:colcon.colcon_core.event_handler.log_command:Invoking command in '/home/dvij/ee206-project/ping-pong-robot/ros2_ws/build/interface': CMAKE_PREFIX_PATH=/home/dvij/ee206-project/ping-pong-robot/ros2_ws/install/camera_feed:/home/dvij/ee206-project/ping-pong-robot/ros2_ws/install/my_sync_package:/home/dvij/ee206-project/ping-pong-robot/ros2_ws/install/interface:/home/dvij/ee206-project/ping-pong-robot/ppr_ws/install/impedance_controller:/home/dvij/ee206-project/ping-pong-robot/ppr_ws/install/iiwa_moveit2:/home/dvij/ee206-project/ping-pong-robot/ppr_ws/install/iiwa_bringup:/home/dvij/ee206-project/ping-pong-robot/ppr_ws/install/iiwa_description:/home/dvij/ee206-project/ping-pong-robot/ppr_ws/install/external_torque_sensor_broadcaster:/home/dvij/ee206-project/ping-pong-robot/ppr_ws/install/scene_interpreter:/home/dvij/ee206-project/ping-pong-robot/ppr_ws/install/camera_feed:/opt/ros/foxy:/opt/ros/galactic:/opt/ros/noetic /usr/local/bin/cmake --build /home/dvij/ee206-project/ping-pong-robot/ros2_ws/build/interface -- -j20 -l20
[3.227s] DEBUG:colcon.colcon_core.event_handler.log_command:Invoked command in '/home/dvij/ee206-project/ping-pong-robot/ros2_ws/build/interface' returned '0': CMAKE_PREFIX_PATH=/home/dvij/ee206-project/ping-pong-robot/ros2_ws/install/camera_feed:/home/dvij/ee206-project/ping-pong-robot/ros2_ws/install/my_sync_package:/home/dvij/ee206-project/ping-pong-robot/ros2_ws/install/interface:/home/dvij/ee206-project/ping-pong-robot/ppr_ws/install/impedance_controller:/home/dvij/ee206-project/ping-pong-robot/ppr_ws/install/iiwa_moveit2:/home/dvij/ee206-project/ping-pong-robot/ppr_ws/install/iiwa_bringup:/home/dvij/ee206-project/ping-pong-robot/ppr_ws/install/iiwa_description:/home/dvij/ee206-project/ping-pong-robot/ppr_ws/install/external_torque_sensor_broadcaster:/home/dvij/ee206-project/ping-pong-robot/ppr_ws/install/scene_interpreter:/home/dvij/ee206-project/ping-pong-robot/ppr_ws/install/camera_feed:/opt/ros/foxy:/opt/ros/galactic:/opt/ros/noetic /usr/local/bin/cmake --build /home/dvij/ee206-project/ping-pong-robot/ros2_ws/build/interface -- -j20 -l20
[3.303s] DEBUG:colcon.colcon_core.event_handler.log_command:Invoking command in '/home/dvij/ee206-project/ping-pong-robot/ros2_ws/build/interface': CMAKE_PREFIX_PATH=/home/dvij/ee206-project/ping-pong-robot/ros2_ws/install/camera_feed:/home/dvij/ee206-project/ping-pong-robot/ros2_ws/install/my_sync_package:/home/dvij/ee206-project/ping-pong-robot/ros2_ws/install/interface:/home/dvij/ee206-project/ping-pong-robot/ppr_ws/install/impedance_controller:/home/dvij/ee206-project/ping-pong-robot/ppr_ws/install/iiwa_moveit2:/home/dvij/ee206-project/ping-pong-robot/ppr_ws/install/iiwa_bringup:/home/dvij/ee206-project/ping-pong-robot/ppr_ws/install/iiwa_description:/home/dvij/ee206-project/ping-pong-robot/ppr_ws/install/external_torque_sensor_broadcaster:/home/dvij/ee206-project/ping-pong-robot/ppr_ws/install/scene_interpreter:/home/dvij/ee206-project/ping-pong-robot/ppr_ws/install/camera_feed:/opt/ros/foxy:/opt/ros/galactic:/opt/ros/noetic /usr/local/bin/cmake --install /home/dvij/ee206-project/ping-pong-robot/ros2_ws/build/interface
[3.341s] Level 1:colcon.colcon_core.environment:create_environment_scripts_only(interface)
[3.342s] DEBUG:colcon.colcon_core.event_handler.log_command:Invoked command in '/home/dvij/ee206-project/ping-pong-robot/ros2_ws/build/interface' returned '0': CMAKE_PREFIX_PATH=/home/dvij/ee206-project/ping-pong-robot/ros2_ws/install/camera_feed:/home/dvij/ee206-project/ping-pong-robot/ros2_ws/install/my_sync_package:/home/dvij/ee206-project/ping-pong-robot/ros2_ws/install/interface:/home/dvij/ee206-project/ping-pong-robot/ppr_ws/install/impedance_controller:/home/dvij/ee206-project/ping-pong-robot/ppr_ws/install/iiwa_moveit2:/home/dvij/ee206-project/ping-pong-robot/ppr_ws/install/iiwa_bringup:/home/dvij/ee206-project/ping-pong-robot/ppr_ws/install/iiwa_description:/home/dvij/ee206-project/ping-pong-robot/ppr_ws/install/external_torque_sensor_broadcaster:/home/dvij/ee206-project/ping-pong-robot/ppr_ws/install/scene_interpreter:/home/dvij/ee206-project/ping-pong-robot/ppr_ws/install/camera_feed:/opt/ros/foxy:/opt/ros/galactic:/opt/ros/noetic /usr/local/bin/cmake --install /home/dvij/ee206-project/ping-pong-robot/ros2_ws/build/interface
[3.343s] Level 1:colcon.colcon_core.environment:checking '/home/dvij/ee206-project/ping-pong-robot/ros2_ws/install/interface' for CMake module files
[3.343s] Level 1:colcon.colcon_core.environment:checking '/home/dvij/ee206-project/ping-pong-robot/ros2_ws/install/interface' for CMake config files
[3.343s] Level 1:colcon.colcon_core.shell:create_environment_hook('interface', 'cmake_prefix_path')
[3.344s] INFO:colcon.colcon_core.shell:Creating environment hook '/home/dvij/ee206-project/ping-pong-robot/ros2_ws/install/interface/share/interface/hook/cmake_prefix_path.ps1'
[3.344s] INFO:colcon.colcon_core.shell:Creating environment descriptor '/home/dvij/ee206-project/ping-pong-robot/ros2_ws/install/interface/share/interface/hook/cmake_prefix_path.dsv'
[3.344s] INFO:colcon.colcon_core.shell:Creating environment hook '/home/dvij/ee206-project/ping-pong-robot/ros2_ws/install/interface/share/interface/hook/cmake_prefix_path.sh'
[3.345s] Level 1:colcon.colcon_core.environment:checking '/home/dvij/ee206-project/ping-pong-robot/ros2_ws/install/interface/lib'
[3.345s] Level 1:colcon.colcon_core.shell:create_environment_hook('interface', 'ld_library_path_lib')
[3.345s] INFO:colcon.colcon_core.shell:Creating environment hook '/home/dvij/ee206-project/ping-pong-robot/ros2_ws/install/interface/share/interface/hook/ld_library_path_lib.ps1'
[3.346s] INFO:colcon.colcon_core.shell:Creating environment descriptor '/home/dvij/ee206-project/ping-pong-robot/ros2_ws/install/interface/share/interface/hook/ld_library_path_lib.dsv'
[3.346s] INFO:colcon.colcon_core.shell:Creating environment hook '/home/dvij/ee206-project/ping-pong-robot/ros2_ws/install/interface/share/interface/hook/ld_library_path_lib.sh'
[3.346s] Level 1:colcon.colcon_core.environment:checking '/home/dvij/ee206-project/ping-pong-robot/ros2_ws/install/interface/bin'
[3.346s] Level 1:colcon.colcon_core.environment:checking '/home/dvij/ee206-project/ping-pong-robot/ros2_ws/install/interface/lib/pkgconfig/interface.pc'
[3.346s] Level 1:colcon.colcon_core.environment:checking '/home/dvij/ee206-project/ping-pong-robot/ros2_ws/install/interface/lib/python3.8/site-packages'
[3.346s] Level 1:colcon.colcon_core.shell:create_environment_hook('interface', 'pythonpath')
[3.346s] INFO:colcon.colcon_core.shell:Creating environment hook '/home/dvij/ee206-project/ping-pong-robot/ros2_ws/install/interface/share/interface/hook/pythonpath.ps1'
[3.346s] INFO:colcon.colcon_core.shell:Creating environment descriptor '/home/dvij/ee206-project/ping-pong-robot/ros2_ws/install/interface/share/interface/hook/pythonpath.dsv'
[3.347s] INFO:colcon.colcon_core.shell:Creating environment hook '/home/dvij/ee206-project/ping-pong-robot/ros2_ws/install/interface/share/interface/hook/pythonpath.sh'
[3.347s] Level 1:colcon.colcon_core.environment:checking '/home/dvij/ee206-project/ping-pong-robot/ros2_ws/install/interface/bin'
[3.347s] INFO:colcon.colcon_core.shell:Creating package script '/home/dvij/ee206-project/ping-pong-robot/ros2_ws/install/interface/share/interface/package.ps1'
[3.348s] INFO:colcon.colcon_core.shell:Creating package descriptor '/home/dvij/ee206-project/ping-pong-robot/ros2_ws/install/interface/share/interface/package.dsv'
[3.348s] INFO:colcon.colcon_core.shell:Creating package script '/home/dvij/ee206-project/ping-pong-robot/ros2_ws/install/interface/share/interface/package.sh'
[3.348s] INFO:colcon.colcon_core.shell:Creating package script '/home/dvij/ee206-project/ping-pong-robot/ros2_ws/install/interface/share/interface/package.bash'
[3.349s] INFO:colcon.colcon_core.shell:Creating package script '/home/dvij/ee206-project/ping-pong-robot/ros2_ws/install/interface/share/interface/package.zsh'
[3.349s] Level 1:colcon.colcon_core.environment:create_file_with_runtime_dependencies(/home/dvij/ee206-project/ping-pong-robot/ros2_ws/install/interface/share/colcon-core/packages/interface)
[3.415s] Level 1:colcon.colcon_core.environment:create_environment_scripts_only(interface)
[3.416s] Level 1:colcon.colcon_core.environment:checking '/home/dvij/ee206-project/ping-pong-robot/ros2_ws/install/interface' for CMake module files
[3.416s] Level 1:colcon.colcon_core.environment:checking '/home/dvij/ee206-project/ping-pong-robot/ros2_ws/install/interface' for CMake config files
[3.416s] Level 1:colcon.colcon_core.shell:create_environment_hook('interface', 'cmake_prefix_path')
[3.416s] INFO:colcon.colcon_core.shell:Creating environment hook '/home/dvij/ee206-project/ping-pong-robot/ros2_ws/install/interface/share/interface/hook/cmake_prefix_path.ps1'
[3.417s] INFO:colcon.colcon_core.shell:Creating environment descriptor '/home/dvij/ee206-project/ping-pong-robot/ros2_ws/install/interface/share/interface/hook/cmake_prefix_path.dsv'
[3.417s] INFO:colcon.colcon_core.shell:Creating environment hook '/home/dvij/ee206-project/ping-pong-robot/ros2_ws/install/interface/share/interface/hook/cmake_prefix_path.sh'
[3.417s] Level 1:colcon.colcon_core.environment:checking '/home/dvij/ee206-project/ping-pong-robot/ros2_ws/install/interface/lib'
[3.417s] Level 1:colcon.colcon_core.shell:create_environment_hook('interface', 'ld_library_path_lib')
[3.417s] INFO:colcon.colcon_core.shell:Creating environment hook '/home/dvij/ee206-project/ping-pong-robot/ros2_ws/install/interface/share/interface/hook/ld_library_path_lib.ps1'
[3.417s] INFO:colcon.colcon_core.shell:Creating environment descriptor '/home/dvij/ee206-project/ping-pong-robot/ros2_ws/install/interface/share/interface/hook/ld_library_path_lib.dsv'
[3.418s] INFO:colcon.colcon_core.shell:Creating environment hook '/home/dvij/ee206-project/ping-pong-robot/ros2_ws/install/interface/share/interface/hook/ld_library_path_lib.sh'
[3.418s] Level 1:colcon.colcon_core.environment:checking '/home/dvij/ee206-project/ping-pong-robot/ros2_ws/install/interface/bin'
[3.418s] Level 1:colcon.colcon_core.environment:checking '/home/dvij/ee206-project/ping-pong-robot/ros2_ws/install/interface/lib/pkgconfig/interface.pc'
[3.418s] Level 1:colcon.colcon_core.environment:checking '/home/dvij/ee206-project/ping-pong-robot/ros2_ws/install/interface/lib/python3.8/site-packages'
[3.418s] Level 1:colcon.colcon_core.shell:create_environment_hook('interface', 'pythonpath')
[3.418s] INFO:colcon.colcon_core.shell:Creating environment hook '/home/dvij/ee206-project/ping-pong-robot/ros2_ws/install/interface/share/interface/hook/pythonpath.ps1'
[3.418s] INFO:colcon.colcon_core.shell:Creating environment descriptor '/home/dvij/ee206-project/ping-pong-robot/ros2_ws/install/interface/share/interface/hook/pythonpath.dsv'
[3.418s] INFO:colcon.colcon_core.shell:Creating environment hook '/home/dvij/ee206-project/ping-pong-robot/ros2_ws/install/interface/share/interface/hook/pythonpath.sh'
[3.419s] Level 1:colcon.colcon_core.environment:checking '/home/dvij/ee206-project/ping-pong-robot/ros2_ws/install/interface/bin'
[3.419s] INFO:colcon.colcon_core.shell:Creating package script '/home/dvij/ee206-project/ping-pong-robot/ros2_ws/install/interface/share/interface/package.ps1'
[3.419s] INFO:colcon.colcon_core.shell:Creating package descriptor '/home/dvij/ee206-project/ping-pong-robot/ros2_ws/install/interface/share/interface/package.dsv'
[3.419s] INFO:colcon.colcon_core.shell:Creating package script '/home/dvij/ee206-project/ping-pong-robot/ros2_ws/install/interface/share/interface/package.sh'
[3.420s] INFO:colcon.colcon_core.shell:Creating package script '/home/dvij/ee206-project/ping-pong-robot/ros2_ws/install/interface/share/interface/package.bash'
[3.420s] INFO:colcon.colcon_core.shell:Creating package script '/home/dvij/ee206-project/ping-pong-robot/ros2_ws/install/interface/share/interface/package.zsh'
[3.420s] Level 1:colcon.colcon_core.environment:create_file_with_runtime_dependencies(/home/dvij/ee206-project/ping-pong-robot/ros2_ws/install/interface/share/colcon-core/packages/interface)
[5.517s] DEBUG:colcon.colcon_core.event_handler.log_command:Invoked command in '/home/dvij/ee206-project/ping-pong-robot/ros2_ws/build/my_sync_package' returned '0': CMAKE_PREFIX_PATH=/home/dvij/ee206-project/ping-pong-robot/ros2_ws/install/camera_feed:/home/dvij/ee206-project/ping-pong-robot/ros2_ws/install/my_sync_package:/home/dvij/ee206-project/ping-pong-robot/ros2_ws/install/interface:/home/dvij/ee206-project/ping-pong-robot/ppr_ws/install/impedance_controller:/home/dvij/ee206-project/ping-pong-robot/ppr_ws/install/iiwa_moveit2:/home/dvij/ee206-project/ping-pong-robot/ppr_ws/install/iiwa_bringup:/home/dvij/ee206-project/ping-pong-robot/ppr_ws/install/iiwa_description:/home/dvij/ee206-project/ping-pong-robot/ppr_ws/install/external_torque_sensor_broadcaster:/home/dvij/ee206-project/ping-pong-robot/ppr_ws/install/scene_interpreter:/home/dvij/ee206-project/ping-pong-robot/ppr_ws/install/camera_feed:/opt/ros/foxy:/opt/ros/galactic:/opt/ros/noetic /usr/local/bin/cmake --build /home/dvij/ee206-project/ping-pong-robot/ros2_ws/build/my_sync_package -- -j20 -l20
[5.550s] DEBUG:colcon.colcon_core.event_handler.log_command:Invoking command in '/home/dvij/ee206-project/ping-pong-robot/ros2_ws/build/my_sync_package': CMAKE_PREFIX_PATH=/home/dvij/ee206-project/ping-pong-robot/ros2_ws/install/camera_feed:/home/dvij/ee206-project/ping-pong-robot/ros2_ws/install/my_sync_package:/home/dvij/ee206-project/ping-pong-robot/ros2_ws/install/interface:/home/dvij/ee206-project/ping-pong-robot/ppr_ws/install/impedance_controller:/home/dvij/ee206-project/ping-pong-robot/ppr_ws/install/iiwa_moveit2:/home/dvij/ee206-project/ping-pong-robot/ppr_ws/install/iiwa_bringup:/home/dvij/ee206-project/ping-pong-robot/ppr_ws/install/iiwa_description:/home/dvij/ee206-project/ping-pong-robot/ppr_ws/install/external_torque_sensor_broadcaster:/home/dvij/ee206-project/ping-pong-robot/ppr_ws/install/scene_interpreter:/home/dvij/ee206-project/ping-pong-robot/ppr_ws/install/camera_feed:/opt/ros/foxy:/opt/ros/galactic:/opt/ros/noetic /usr/local/bin/cmake --install /home/dvij/ee206-project/ping-pong-robot/ros2_ws/build/my_sync_package
[5.559s] Level 1:colcon.colcon_core.environment:create_environment_scripts_only(my_sync_package)
[5.559s] Level 1:colcon.colcon_core.environment:checking '/home/dvij/ee206-project/ping-pong-robot/ros2_ws/install/my_sync_package' for CMake module files
[5.560s] DEBUG:colcon.colcon_core.event_handler.log_command:Invoked command in '/home/dvij/ee206-project/ping-pong-robot/ros2_ws/build/my_sync_package' returned '0': CMAKE_PREFIX_PATH=/home/dvij/ee206-project/ping-pong-robot/ros2_ws/install/camera_feed:/home/dvij/ee206-project/ping-pong-robot/ros2_ws/install/my_sync_package:/home/dvij/ee206-project/ping-pong-robot/ros2_ws/install/interface:/home/dvij/ee206-project/ping-pong-robot/ppr_ws/install/impedance_controller:/home/dvij/ee206-project/ping-pong-robot/ppr_ws/install/iiwa_moveit2:/home/dvij/ee206-project/ping-pong-robot/ppr_ws/install/iiwa_bringup:/home/dvij/ee206-project/ping-pong-robot/ppr_ws/install/iiwa_description:/home/dvij/ee206-project/ping-pong-robot/ppr_ws/install/external_torque_sensor_broadcaster:/home/dvij/ee206-project/ping-pong-robot/ppr_ws/install/scene_interpreter:/home/dvij/ee206-project/ping-pong-robot/ppr_ws/install/camera_feed:/opt/ros/foxy:/opt/ros/galactic:/opt/ros/noetic /usr/local/bin/cmake --install /home/dvij/ee206-project/ping-pong-robot/ros2_ws/build/my_sync_package
[5.560s] Level 1:colcon.colcon_core.environment:checking '/home/dvij/ee206-project/ping-pong-robot/ros2_ws/install/my_sync_package' for CMake config files
[5.560s] Level 1:colcon.colcon_core.shell:create_environment_hook('my_sync_package', 'cmake_prefix_path')
[5.561s] INFO:colcon.colcon_core.shell:Creating environment hook '/home/dvij/ee206-project/ping-pong-robot/ros2_ws/install/my_sync_package/share/my_sync_package/hook/cmake_prefix_path.ps1'
[5.561s] INFO:colcon.colcon_core.shell:Creating environment descriptor '/home/dvij/ee206-project/ping-pong-robot/ros2_ws/install/my_sync_package/share/my_sync_package/hook/cmake_prefix_path.dsv'
[5.561s] INFO:colcon.colcon_core.shell:Creating environment hook '/home/dvij/ee206-project/ping-pong-robot/ros2_ws/install/my_sync_package/share/my_sync_package/hook/cmake_prefix_path.sh'
[5.562s] Level 1:colcon.colcon_core.environment:checking '/home/dvij/ee206-project/ping-pong-robot/ros2_ws/install/my_sync_package/lib'
[5.562s] Level 1:colcon.colcon_core.environment:checking '/home/dvij/ee206-project/ping-pong-robot/ros2_ws/install/my_sync_package/bin'
[5.562s] Level 1:colcon.colcon_core.environment:checking '/home/dvij/ee206-project/ping-pong-robot/ros2_ws/install/my_sync_package/lib/pkgconfig/my_sync_package.pc'
[5.562s] Level 1:colcon.colcon_core.environment:checking '/home/dvij/ee206-project/ping-pong-robot/ros2_ws/install/my_sync_package/lib/python3.8/site-packages'
[5.563s] Level 1:colcon.colcon_core.environment:checking '/home/dvij/ee206-project/ping-pong-robot/ros2_ws/install/my_sync_package/bin'
[5.563s] INFO:colcon.colcon_core.shell:Creating package script '/home/dvij/ee206-project/ping-pong-robot/ros2_ws/install/my_sync_package/share/my_sync_package/package.ps1'
[5.563s] INFO:colcon.colcon_core.shell:Creating package descriptor '/home/dvij/ee206-project/ping-pong-robot/ros2_ws/install/my_sync_package/share/my_sync_package/package.dsv'
[5.564s] INFO:colcon.colcon_core.shell:Creating package script '/home/dvij/ee206-project/ping-pong-robot/ros2_ws/install/my_sync_package/share/my_sync_package/package.sh'
[5.564s] INFO:colcon.colcon_core.shell:Creating package script '/home/dvij/ee206-project/ping-pong-robot/ros2_ws/install/my_sync_package/share/my_sync_package/package.bash'
[5.564s] INFO:colcon.colcon_core.shell:Creating package script '/home/dvij/ee206-project/ping-pong-robot/ros2_ws/install/my_sync_package/share/my_sync_package/package.zsh'
[5.565s] Level 1:colcon.colcon_core.environment:create_file_with_runtime_dependencies(/home/dvij/ee206-project/ping-pong-robot/ros2_ws/install/my_sync_package/share/colcon-core/packages/my_sync_package)
[5.597s] Level 1:colcon.colcon_core.environment:create_environment_scripts_only(my_sync_package)
[5.597s] Level 1:colcon.colcon_core.environment:checking '/home/dvij/ee206-project/ping-pong-robot/ros2_ws/install/my_sync_package' for CMake module files
[5.598s] Level 1:colcon.colcon_core.environment:checking '/home/dvij/ee206-project/ping-pong-robot/ros2_ws/install/my_sync_package' for CMake config files
[5.598s] Level 1:colcon.colcon_core.shell:create_environment_hook('my_sync_package', 'cmake_prefix_path')
[5.598s] INFO:colcon.colcon_core.shell:Creating environment hook '/home/dvij/ee206-project/ping-pong-robot/ros2_ws/install/my_sync_package/share/my_sync_package/hook/cmake_prefix_path.ps1'
[5.599s] INFO:colcon.colcon_core.shell:Creating environment descriptor '/home/dvij/ee206-project/ping-pong-robot/ros2_ws/install/my_sync_package/share/my_sync_package/hook/cmake_prefix_path.dsv'
[5.599s] INFO:colcon.colcon_core.shell:Creating environment hook '/home/dvij/ee206-project/ping-pong-robot/ros2_ws/install/my_sync_package/share/my_sync_package/hook/cmake_prefix_path.sh'
[5.600s] Level 1:colcon.colcon_core.environment:checking '/home/dvij/ee206-project/ping-pong-robot/ros2_ws/install/my_sync_package/lib'
[5.600s] Level 1:colcon.colcon_core.environment:checking '/home/dvij/ee206-project/ping-pong-robot/ros2_ws/install/my_sync_package/bin'
[5.600s] Level 1:colcon.colcon_core.environment:checking '/home/dvij/ee206-project/ping-pong-robot/ros2_ws/install/my_sync_package/lib/pkgconfig/my_sync_package.pc'
[5.600s] Level 1:colcon.colcon_core.environment:checking '/home/dvij/ee206-project/ping-pong-robot/ros2_ws/install/my_sync_package/lib/python3.8/site-packages'
[5.600s] Level 1:colcon.colcon_core.environment:checking '/home/dvij/ee206-project/ping-pong-robot/ros2_ws/install/my_sync_package/bin'
[5.600s] INFO:colcon.colcon_core.shell:Creating package script '/home/dvij/ee206-project/ping-pong-robot/ros2_ws/install/my_sync_package/share/my_sync_package/package.ps1'
[5.601s] INFO:colcon.colcon_core.shell:Creating package descriptor '/home/dvij/ee206-project/ping-pong-robot/ros2_ws/install/my_sync_package/share/my_sync_package/package.dsv'
[5.601s] INFO:colcon.colcon_core.shell:Creating package script '/home/dvij/ee206-project/ping-pong-robot/ros2_ws/install/my_sync_package/share/my_sync_package/package.sh'
[5.602s] INFO:colcon.colcon_core.shell:Creating package script '/home/dvij/ee206-project/ping-pong-robot/ros2_ws/install/my_sync_package/share/my_sync_package/package.bash'
[5.602s] INFO:colcon.colcon_core.shell:Creating package script '/home/dvij/ee206-project/ping-pong-robot/ros2_ws/install/my_sync_package/share/my_sync_package/package.zsh'
[5.603s] Level 1:colcon.colcon_core.environment:create_file_with_runtime_dependencies(/home/dvij/ee206-project/ping-pong-robot/ros2_ws/install/my_sync_package/share/colcon-core/packages/my_sync_package)
[5.603s] DEBUG:colcon.colcon_parallel_executor.executor.parallel:closing loop
[5.603s] DEBUG:colcon.colcon_parallel_executor.executor.parallel:loop closed
[5.603s] DEBUG:colcon.colcon_parallel_executor.executor.parallel:run_until_complete finished with '0'
[5.603s] DEBUG:colcon.colcon_core.event_reactor:joining thread
[5.606s] INFO:colcon.colcon_core.plugin_system:Skipping extension 'colcon_notification.desktop_notification.terminal_notifier': Not used on non-Darwin systems
[5.607s] INFO:colcon.colcon_core.plugin_system:Skipping extension 'colcon_notification.desktop_notification.win32': Not used on non-Windows systems
[5.607s] INFO:colcon.colcon_notification.desktop_notification:Sending desktop notification using 'notify2'
[5.612s] DEBUG:colcon.colcon_core.event_reactor:joined thread
[5.613s] INFO:colcon.colcon_core.shell:Creating prefix script '/home/dvij/ee206-project/ping-pong-robot/ros2_ws/install/local_setup.ps1'
[5.614s] INFO:colcon.colcon_core.shell:Creating prefix util module '/home/dvij/ee206-project/ping-pong-robot/ros2_ws/install/_local_setup_util_ps1.py'
[5.615s] INFO:colcon.colcon_core.shell:Creating prefix chain script '/home/dvij/ee206-project/ping-pong-robot/ros2_ws/install/setup.ps1'
[5.616s] INFO:colcon.colcon_core.shell:Creating prefix script '/home/dvij/ee206-project/ping-pong-robot/ros2_ws/install/local_setup.sh'
[5.616s] INFO:colcon.colcon_core.shell:Creating prefix util module '/home/dvij/ee206-project/ping-pong-robot/ros2_ws/install/_local_setup_util_sh.py'
[5.616s] INFO:colcon.colcon_core.shell:Creating prefix chain script '/home/dvij/ee206-project/ping-pong-robot/ros2_ws/install/setup.sh'
[5.617s] INFO:colcon.colcon_core.shell:Creating prefix script '/home/dvij/ee206-project/ping-pong-robot/ros2_ws/install/local_setup.bash'
[5.617s] INFO:colcon.colcon_core.shell:Creating prefix chain script '/home/dvij/ee206-project/ping-pong-robot/ros2_ws/install/setup.bash'
[5.618s] INFO:colcon.colcon_core.shell:Creating prefix script '/home/dvij/ee206-project/ping-pong-robot/ros2_ws/install/local_setup.zsh'
[5.618s] INFO:colcon.colcon_core.shell:Creating prefix chain script '/home/dvij/ee206-project/ping-pong-robot/ros2_ws/install/setup.zsh'
