[1.087s] Invoking command in '/home/dvij/ee206-project/ping-pong-robot/vision_tracking/ros2_ws/src/scene_interpreter': PYTHONPATH=/home/dvij/ee206-project/ping-pong-robot/vision_tracking/ros2_ws/build/scene_interpreter/prefix_override:/usr/lib/python3/dist-packages/colcon_core/task/python/colcon_distutils_commands:/home/dvij/ee206-project/ping-pong-robot/vision_tracking/ros2_ws/install/scene_interpreter/lib/python3.8/site-packages:${PYTHONPATH} /usr/bin/python3 -W ignore:setup.py install is deprecated setup.py egg_info --egg-base ../../build/scene_interpreter build --build-base /home/dvij/ee206-project/ping-pong-robot/vision_tracking/ros2_ws/build/scene_interpreter/build install --record /home/dvij/ee206-project/ping-pong-robot/vision_tracking/ros2_ws/build/scene_interpreter/install.log --single-version-externally-managed install_data
[1.285s] running egg_info
[1.285s] writing ../../build/scene_interpreter/scene_interpreter.egg-info/PKG-INFO
[1.285s] writing dependency_links to ../../build/scene_interpreter/scene_interpreter.egg-info/dependency_links.txt
[1.285s] writing entry points to ../../build/scene_interpreter/scene_interpreter.egg-info/entry_points.txt
[1.285s] writing requirements to ../../build/scene_interpreter/scene_interpreter.egg-info/requires.txt
[1.286s] writing top-level names to ../../build/scene_interpreter/scene_interpreter.egg-info/top_level.txt
[1.289s] reading manifest file '../../build/scene_interpreter/scene_interpreter.egg-info/SOURCES.txt'
[1.289s] writing manifest file '../../build/scene_interpreter/scene_interpreter.egg-info/SOURCES.txt'
[1.290s] running build
[1.290s] running build_py
[1.291s] running install
[1.292s] running install_lib
[1.293s] running install_data
[1.294s] running install_egg_info
[1.295s] removing '/home/dvij/ee206-project/ping-pong-robot/vision_tracking/ros2_ws/install/scene_interpreter/lib/python3.8/site-packages/scene_interpreter-0.0.0-py3.8.egg-info' (and everything under it)
[1.295s] Copying ../../build/scene_interpreter/scene_interpreter.egg-info to /home/dvij/ee206-project/ping-pong-robot/vision_tracking/ros2_ws/install/scene_interpreter/lib/python3.8/site-packages/scene_interpreter-0.0.0-py3.8.egg-info
[1.296s] running install_scripts
[1.318s] Installing ball_pub_ros2 script to /home/dvij/ee206-project/ping-pong-robot/vision_tracking/ros2_ws/install/scene_interpreter/lib/scene_interpreter
[1.318s] Installing mujoco_sim_mod script to /home/dvij/ee206-project/ping-pong-robot/vision_tracking/ros2_ws/install/scene_interpreter/lib/scene_interpreter
[1.319s] Installing scene_interpreter script to /home/dvij/ee206-project/ping-pong-robot/vision_tracking/ros2_ws/install/scene_interpreter/lib/scene_interpreter
[1.319s] writing list of installed files to '/home/dvij/ee206-project/ping-pong-robot/vision_tracking/ros2_ws/build/scene_interpreter/install.log'
[1.361s] Invoked command in '/home/dvij/ee206-project/ping-pong-robot/vision_tracking/ros2_ws/src/scene_interpreter' returned '0': PYTHONPATH=/home/dvij/ee206-project/ping-pong-robot/vision_tracking/ros2_ws/build/scene_interpreter/prefix_override:/usr/lib/python3/dist-packages/colcon_core/task/python/colcon_distutils_commands:/home/dvij/ee206-project/ping-pong-robot/vision_tracking/ros2_ws/install/scene_interpreter/lib/python3.8/site-packages:${PYTHONPATH} /usr/bin/python3 -W ignore:setup.py install is deprecated setup.py egg_info --egg-base ../../build/scene_interpreter build --build-base /home/dvij/ee206-project/ping-pong-robot/vision_tracking/ros2_ws/build/scene_interpreter/build install --record /home/dvij/ee206-project/ping-pong-robot/vision_tracking/ros2_ws/build/scene_interpreter/install.log --single-version-externally-managed install_data
