[0.671s] Invoking command in '/home/dvij/ee206-project/ping-pong-robot/robot_ros2/src/robot_control': PYTHONPATH=/home/dvij/ee206-project/ping-pong-robot/robot_ros2/build/robot_control/prefix_override:/usr/lib/python3/dist-packages/colcon_core/task/python/colcon_distutils_commands:/home/dvij/ee206-project/ping-pong-robot/robot_ros2/install/robot_control/lib/python3.8/site-packages:${PYTHONPATH} /usr/bin/python3 -W ignore:setup.py install is deprecated setup.py egg_info --egg-base ../../build/robot_control build --build-base /home/dvij/ee206-project/ping-pong-robot/robot_ros2/build/robot_control/build install --record /home/dvij/ee206-project/ping-pong-robot/robot_ros2/build/robot_control/install.log --install-scripts $base/lib/robot_control --single-version-externally-managed install_data
[0.805s] /home/dvij/.local/lib/python3.8/site-packages/setuptools/dist.py:717: UserWarning: Usage of dash-separated 'script-dir' will not be supported in future versions. Please use the underscore name 'script_dir' instead
[0.805s]   warnings.warn(
[0.819s] running egg_info
[0.819s] creating ../../build/robot_control/robot_control.egg-info
[0.819s] writing ../../build/robot_control/robot_control.egg-info/PKG-INFO
[0.820s] writing dependency_links to ../../build/robot_control/robot_control.egg-info/dependency_links.txt
[0.820s] writing entry points to ../../build/robot_control/robot_control.egg-info/entry_points.txt
[0.820s] writing requirements to ../../build/robot_control/robot_control.egg-info/requires.txt
[0.820s] writing top-level names to ../../build/robot_control/robot_control.egg-info/top_level.txt
[0.820s] writing manifest file '../../build/robot_control/robot_control.egg-info/SOURCES.txt'
[0.822s] reading manifest file '../../build/robot_control/robot_control.egg-info/SOURCES.txt'
[0.822s] writing manifest file '../../build/robot_control/robot_control.egg-info/SOURCES.txt'
[0.822s] running build
[0.822s] running build_py
[0.822s] creating /home/dvij/ee206-project/ping-pong-robot/robot_ros2/build/robot_control/build
[0.822s] creating /home/dvij/ee206-project/ping-pong-robot/robot_ros2/build/robot_control/build/lib
[0.822s] creating /home/dvij/ee206-project/ping-pong-robot/robot_ros2/build/robot_control/build/lib/robot_control
[0.822s] copying robot_control/mujoco_env_only_kuka.py -> /home/dvij/ee206-project/ping-pong-robot/robot_ros2/build/robot_control/build/lib/robot_control
[0.822s] copying robot_control/__init__.py -> /home/dvij/ee206-project/ping-pong-robot/robot_ros2/build/robot_control/build/lib/robot_control
[0.822s] copying robot_control/robot_control_ros2.py -> /home/dvij/ee206-project/ping-pong-robot/robot_ros2/build/robot_control/build/lib/robot_control
[0.822s] copying robot_control/iiwa14.xml -> /home/dvij/ee206-project/ping-pong-robot/robot_ros2/build/robot_control/build/lib/robot_control
[0.822s] creating /home/dvij/ee206-project/ping-pong-robot/robot_ros2/build/robot_control/build/lib/robot_control/assets
[0.822s] copying robot_control/assets/link_4_orange.obj -> /home/dvij/ee206-project/ping-pong-robot/robot_ros2/build/robot_control/build/lib/robot_control/assets
[0.823s] copying robot_control/assets/link_1.obj -> /home/dvij/ee206-project/ping-pong-robot/robot_ros2/build/robot_control/build/lib/robot_control/assets
[0.823s] copying robot_control/assets/link_2_grey.obj -> /home/dvij/ee206-project/ping-pong-robot/robot_ros2/build/robot_control/build/lib/robot_control/assets
[0.823s] copying robot_control/assets/link_2_orange.obj -> /home/dvij/ee206-project/ping-pong-robot/robot_ros2/build/robot_control/build/lib/robot_control/assets
[0.824s] copying robot_control/assets/link_4_grey.obj -> /home/dvij/ee206-project/ping-pong-robot/robot_ros2/build/robot_control/build/lib/robot_control/assets
[0.824s] copying robot_control/assets/link_3.obj -> /home/dvij/ee206-project/ping-pong-robot/robot_ros2/build/robot_control/build/lib/robot_control/assets
[0.825s] copying robot_control/assets/link_6_grey.obj -> /home/dvij/ee206-project/ping-pong-robot/robot_ros2/build/robot_control/build/lib/robot_control/assets
[0.825s] copying robot_control/assets/link_0.obj -> /home/dvij/ee206-project/ping-pong-robot/robot_ros2/build/robot_control/build/lib/robot_control/assets
[0.825s] copying robot_control/assets/link_7.obj -> /home/dvij/ee206-project/ping-pong-robot/robot_ros2/build/robot_control/build/lib/robot_control/assets
[0.825s] copying robot_control/assets/link_6_orange.obj -> /home/dvij/ee206-project/ping-pong-robot/robot_ros2/build/robot_control/build/lib/robot_control/assets
[0.825s] copying robot_control/assets/link_5.obj -> /home/dvij/ee206-project/ping-pong-robot/robot_ros2/build/robot_control/build/lib/robot_control/assets
[0.825s] copying robot_control/assets/kuka.obj -> /home/dvij/ee206-project/ping-pong-robot/robot_ros2/build/robot_control/build/lib/robot_control/assets
[0.825s] copying robot_control/assets/band.obj -> /home/dvij/ee206-project/ping-pong-robot/robot_ros2/build/robot_control/build/lib/robot_control/assets
[0.826s] running install
[0.826s] running install_lib
[0.826s] creating /home/dvij/ee206-project/ping-pong-robot/robot_ros2/install/robot_control/lib/python3.8/site-packages/robot_control
[0.827s] copying /home/dvij/ee206-project/ping-pong-robot/robot_ros2/build/robot_control/build/lib/robot_control/mujoco_env_only_kuka.py -> /home/dvij/ee206-project/ping-pong-robot/robot_ros2/install/robot_control/lib/python3.8/site-packages/robot_control
[0.827s] copying /home/dvij/ee206-project/ping-pong-robot/robot_ros2/build/robot_control/build/lib/robot_control/__init__.py -> /home/dvij/ee206-project/ping-pong-robot/robot_ros2/install/robot_control/lib/python3.8/site-packages/robot_control
[0.827s] creating /home/dvij/ee206-project/ping-pong-robot/robot_ros2/install/robot_control/lib/python3.8/site-packages/robot_control/assets
[0.827s] copying /home/dvij/ee206-project/ping-pong-robot/robot_ros2/build/robot_control/build/lib/robot_control/assets/link_4_orange.obj -> /home/dvij/ee206-project/ping-pong-robot/robot_ros2/install/robot_control/lib/python3.8/site-packages/robot_control/assets
[0.827s] copying /home/dvij/ee206-project/ping-pong-robot/robot_ros2/build/robot_control/build/lib/robot_control/assets/link_1.obj -> /home/dvij/ee206-project/ping-pong-robot/robot_ros2/install/robot_control/lib/python3.8/site-packages/robot_control/assets
[0.827s] copying /home/dvij/ee206-project/ping-pong-robot/robot_ros2/build/robot_control/build/lib/robot_control/assets/link_2_grey.obj -> /home/dvij/ee206-project/ping-pong-robot/robot_ros2/install/robot_control/lib/python3.8/site-packages/robot_control/assets
[0.828s] copying /home/dvij/ee206-project/ping-pong-robot/robot_ros2/build/robot_control/build/lib/robot_control/assets/link_2_orange.obj -> /home/dvij/ee206-project/ping-pong-robot/robot_ros2/install/robot_control/lib/python3.8/site-packages/robot_control/assets
[0.828s] copying /home/dvij/ee206-project/ping-pong-robot/robot_ros2/build/robot_control/build/lib/robot_control/assets/link_4_grey.obj -> /home/dvij/ee206-project/ping-pong-robot/robot_ros2/install/robot_control/lib/python3.8/site-packages/robot_control/assets
[0.828s] copying /home/dvij/ee206-project/ping-pong-robot/robot_ros2/build/robot_control/build/lib/robot_control/assets/link_3.obj -> /home/dvij/ee206-project/ping-pong-robot/robot_ros2/install/robot_control/lib/python3.8/site-packages/robot_control/assets
[0.828s] copying /home/dvij/ee206-project/ping-pong-robot/robot_ros2/build/robot_control/build/lib/robot_control/assets/link_6_grey.obj -> /home/dvij/ee206-project/ping-pong-robot/robot_ros2/install/robot_control/lib/python3.8/site-packages/robot_control/assets
[0.828s] copying /home/dvij/ee206-project/ping-pong-robot/robot_ros2/build/robot_control/build/lib/robot_control/assets/link_0.obj -> /home/dvij/ee206-project/ping-pong-robot/robot_ros2/install/robot_control/lib/python3.8/site-packages/robot_control/assets
[0.828s] copying /home/dvij/ee206-project/ping-pong-robot/robot_ros2/build/robot_control/build/lib/robot_control/assets/link_7.obj -> /home/dvij/ee206-project/ping-pong-robot/robot_ros2/install/robot_control/lib/python3.8/site-packages/robot_control/assets
[0.829s] copying /home/dvij/ee206-project/ping-pong-robot/robot_ros2/build/robot_control/build/lib/robot_control/assets/link_6_orange.obj -> /home/dvij/ee206-project/ping-pong-robot/robot_ros2/install/robot_control/lib/python3.8/site-packages/robot_control/assets
[0.829s] copying /home/dvij/ee206-project/ping-pong-robot/robot_ros2/build/robot_control/build/lib/robot_control/assets/link_5.obj -> /home/dvij/ee206-project/ping-pong-robot/robot_ros2/install/robot_control/lib/python3.8/site-packages/robot_control/assets
[0.829s] copying /home/dvij/ee206-project/ping-pong-robot/robot_ros2/build/robot_control/build/lib/robot_control/assets/kuka.obj -> /home/dvij/ee206-project/ping-pong-robot/robot_ros2/install/robot_control/lib/python3.8/site-packages/robot_control/assets
[0.830s] copying /home/dvij/ee206-project/ping-pong-robot/robot_ros2/build/robot_control/build/lib/robot_control/assets/band.obj -> /home/dvij/ee206-project/ping-pong-robot/robot_ros2/install/robot_control/lib/python3.8/site-packages/robot_control/assets
[0.830s] copying /home/dvij/ee206-project/ping-pong-robot/robot_ros2/build/robot_control/build/lib/robot_control/iiwa14.xml -> /home/dvij/ee206-project/ping-pong-robot/robot_ros2/install/robot_control/lib/python3.8/site-packages/robot_control
[0.830s] copying /home/dvij/ee206-project/ping-pong-robot/robot_ros2/build/robot_control/build/lib/robot_control/robot_control_ros2.py -> /home/dvij/ee206-project/ping-pong-robot/robot_ros2/install/robot_control/lib/python3.8/site-packages/robot_control
[0.830s] byte-compiling /home/dvij/ee206-project/ping-pong-robot/robot_ros2/install/robot_control/lib/python3.8/site-packages/robot_control/mujoco_env_only_kuka.py to mujoco_env_only_kuka.cpython-38.pyc
[0.831s] byte-compiling /home/dvij/ee206-project/ping-pong-robot/robot_ros2/install/robot_control/lib/python3.8/site-packages/robot_control/__init__.py to __init__.cpython-38.pyc
[0.831s] byte-compiling /home/dvij/ee206-project/ping-pong-robot/robot_ros2/install/robot_control/lib/python3.8/site-packages/robot_control/robot_control_ros2.py to robot_control_ros2.cpython-38.pyc
[0.831s] running install_data
[0.831s] creating /home/dvij/ee206-project/ping-pong-robot/robot_ros2/install/robot_control/share/ament_index
[0.831s] creating /home/dvij/ee206-project/ping-pong-robot/robot_ros2/install/robot_control/share/ament_index/resource_index
[0.832s] creating /home/dvij/ee206-project/ping-pong-robot/robot_ros2/install/robot_control/share/ament_index/resource_index/packages
[0.832s] copying resource/robot_control -> /home/dvij/ee206-project/ping-pong-robot/robot_ros2/install/robot_control/share/ament_index/resource_index/packages
[0.832s] copying package.xml -> /home/dvij/ee206-project/ping-pong-robot/robot_ros2/install/robot_control/share/robot_control
[0.832s] creating /home/dvij/ee206-project/ping-pong-robot/robot_ros2/install/robot_control/share/robot_control/logs
[0.832s] creating /home/dvij/ee206-project/ping-pong-robot/robot_ros2/install/robot_control/share/robot_control/logs/best_model
[0.832s] creating /home/dvij/ee206-project/ping-pong-robot/robot_ros2/install/robot_control/share/robot_control/logs/best_model_ik1
[0.832s] running install_egg_info
[0.832s] Copying ../../build/robot_control/robot_control.egg-info to /home/dvij/ee206-project/ping-pong-robot/robot_ros2/install/robot_control/lib/python3.8/site-packages/robot_control-0.0.0-py3.8.egg-info
[0.833s] running install_scripts
[0.843s] Installing robot_control script to /home/dvij/ee206-project/ping-pong-robot/robot_ros2/install/robot_control/lib/robot_control
[0.843s] writing list of installed files to '/home/dvij/ee206-project/ping-pong-robot/robot_ros2/build/robot_control/install.log'
[0.853s] Invoked command in '/home/dvij/ee206-project/ping-pong-robot/robot_ros2/src/robot_control' returned '0': PYTHONPATH=/home/dvij/ee206-project/ping-pong-robot/robot_ros2/build/robot_control/prefix_override:/usr/lib/python3/dist-packages/colcon_core/task/python/colcon_distutils_commands:/home/dvij/ee206-project/ping-pong-robot/robot_ros2/install/robot_control/lib/python3.8/site-packages:${PYTHONPATH} /usr/bin/python3 -W ignore:setup.py install is deprecated setup.py egg_info --egg-base ../../build/robot_control build --build-base /home/dvij/ee206-project/ping-pong-robot/robot_ros2/build/robot_control/build install --record /home/dvij/ee206-project/ping-pong-robot/robot_ros2/build/robot_control/install.log --install-scripts $base/lib/robot_control --single-version-externally-managed install_data
