[0.123s] DEBUG:colcon:Command line arguments: ['/usr/bin/colcon', 'build']
[0.123s] DEBUG:colcon:Parsed command line arguments: Namespace(allow_overriding=[], ament_cmake_args=None, base_paths=['.'], build_base='build', catkin_cmake_args=None, catkin_skip_building_tests=False, cmake_args=None, cmake_clean_cache=False, cmake_clean_first=False, cmake_force_configure=False, cmake_target=None, cmake_target_skip_unavailable=False, continue_on_error=False, event_handlers=None, executor='parallel', ignore_user_meta=False, install_base='install', log_base=None, log_level=None, main=<bound method BuildVerb.main of <colcon_core.verb.build.BuildVerb object at 0x7f4e317cecd0>>, merge_install=False, metas=['./colcon.meta'], mixin=None, mixin_files=None, mixin_verb=('build',), packages_above=None, packages_above_and_dependencies=None, packages_above_depth=None, packages_end=None, packages_ignore=None, packages_ignore_regex=None, packages_select=None, packages_select_build_failed=False, packages_select_by_dep=None, packages_select_regex=None, packages_select_test_failures=False, packages_skip=None, packages_skip_build_finished=False, packages_skip_by_dep=None, packages_skip_regex=None, packages_skip_test_passed=False, packages_skip_up_to=None, packages_start=None, packages_up_to=None, packages_up_to_regex=None, parallel_workers=20, paths=None, symlink_install=False, test_result_base=None, verb_extension=<colcon_core.verb.build.BuildVerb object at 0x7f4e317cecd0>, verb_name='build', verb_parser=<colcon_mixin.mixin.mixin_argument.MixinArgumentDecorator object at 0x7f4e317df430>)
[0.244s] Level 1:colcon.colcon_core.package_discovery:discover_packages(colcon_meta) check parameters
[0.244s] Level 1:colcon.colcon_core.package_discovery:discover_packages(recursive) check parameters
[0.244s] Level 1:colcon.colcon_core.package_discovery:discover_packages(ignore) check parameters
[0.245s] Level 1:colcon.colcon_core.package_discovery:discover_packages(path) check parameters
[0.245s] Level 1:colcon.colcon_core.package_discovery:discover_packages(colcon_meta) discover
[0.245s] Level 1:colcon.colcon_core.package_discovery:discover_packages(recursive) discover
[0.245s] INFO:colcon.colcon_core.package_discovery:Crawling recursively for packages in '/home/dvij/ee206-project/ping-pong-robot/vision_tracking/ros2_ws/src'
[0.245s] Level 1:colcon.colcon_core.package_identification:_identify(.) by extensions ['ignore', 'ignore_ament_install']
[0.245s] Level 1:colcon.colcon_core.package_identification:_identify(.) by extension 'ignore'
[0.245s] Level 1:colcon.colcon_core.package_identification:_identify(.) by extension 'ignore_ament_install'
[0.245s] Level 1:colcon.colcon_core.package_identification:_identify(.) by extensions ['colcon_pkg']
[0.245s] Level 1:colcon.colcon_core.package_identification:_identify(.) by extension 'colcon_pkg'
[0.245s] Level 1:colcon.colcon_core.package_identification:_identify(.) by extensions ['colcon_meta']
[0.245s] Level 1:colcon.colcon_core.package_identification:_identify(.) by extension 'colcon_meta'
[0.245s] Level 1:colcon.colcon_core.package_identification:_identify(.) by extensions ['ros']
[0.245s] Level 1:colcon.colcon_core.package_identification:_identify(.) by extension 'ros'
[0.251s] Level 1:colcon.colcon_core.package_identification:_identify(.) by extensions ['cmake', 'python']
[0.251s] Level 1:colcon.colcon_core.package_identification:_identify(.) by extension 'cmake'
[0.251s] Level 1:colcon.colcon_core.package_identification:_identify(.) by extension 'python'
[0.251s] Level 1:colcon.colcon_core.package_identification:_identify(.) by extensions ['python_setup_py']
[0.251s] Level 1:colcon.colcon_core.package_identification:_identify(.) by extension 'python_setup_py'
[0.251s] Level 1:colcon.colcon_core.package_identification:_identify(build) by extensions ['ignore', 'ignore_ament_install']
[0.251s] Level 1:colcon.colcon_core.package_identification:_identify(build) by extension 'ignore'
[0.251s] Level 1:colcon.colcon_core.package_identification:_identify(build) ignored
[0.251s] Level 1:colcon.colcon_core.package_identification:_identify(camera_feed) by extensions ['ignore', 'ignore_ament_install']
[0.251s] Level 1:colcon.colcon_core.package_identification:_identify(camera_feed) by extension 'ignore'
[0.251s] Level 1:colcon.colcon_core.package_identification:_identify(camera_feed) by extension 'ignore_ament_install'
[0.251s] Level 1:colcon.colcon_core.package_identification:_identify(camera_feed) by extensions ['colcon_pkg']
[0.251s] Level 1:colcon.colcon_core.package_identification:_identify(camera_feed) by extension 'colcon_pkg'
[0.251s] Level 1:colcon.colcon_core.package_identification:_identify(camera_feed) by extensions ['colcon_meta']
[0.251s] Level 1:colcon.colcon_core.package_identification:_identify(camera_feed) by extension 'colcon_meta'
[0.251s] Level 1:colcon.colcon_core.package_identification:_identify(camera_feed) by extensions ['ros']
[0.251s] Level 1:colcon.colcon_core.package_identification:_identify(camera_feed) by extension 'ros'
[0.253s] DEBUG:colcon.colcon_core.package_identification:Package 'camera_feed' with type 'ros.ament_cmake' and name 'camera_feed'
[0.253s] Level 1:colcon.colcon_core.package_identification:_identify(install) by extensions ['ignore', 'ignore_ament_install']
[0.253s] Level 1:colcon.colcon_core.package_identification:_identify(install) by extension 'ignore'
[0.253s] Level 1:colcon.colcon_core.package_identification:_identify(install) ignored
[0.253s] Level 1:colcon.colcon_core.package_identification:_identify(interface) by extensions ['ignore', 'ignore_ament_install']
[0.253s] Level 1:colcon.colcon_core.package_identification:_identify(interface) by extension 'ignore'
[0.253s] Level 1:colcon.colcon_core.package_identification:_identify(interface) by extension 'ignore_ament_install'
[0.253s] Level 1:colcon.colcon_core.package_identification:_identify(interface) by extensions ['colcon_pkg']
[0.253s] Level 1:colcon.colcon_core.package_identification:_identify(interface) by extension 'colcon_pkg'
[0.253s] Level 1:colcon.colcon_core.package_identification:_identify(interface) by extensions ['colcon_meta']
[0.253s] Level 1:colcon.colcon_core.package_identification:_identify(interface) by extension 'colcon_meta'
[0.253s] Level 1:colcon.colcon_core.package_identification:_identify(interface) by extensions ['ros']
[0.253s] Level 1:colcon.colcon_core.package_identification:_identify(interface) by extension 'ros'
[0.253s] DEBUG:colcon.colcon_core.package_identification:Package 'interface' with type 'ros.ament_cmake' and name 'interface'
[0.253s] Level 1:colcon.colcon_core.package_identification:_identify(log) by extensions ['ignore', 'ignore_ament_install']
[0.253s] Level 1:colcon.colcon_core.package_identification:_identify(log) by extension 'ignore'
[0.253s] Level 1:colcon.colcon_core.package_identification:_identify(log) ignored
[0.253s] Level 1:colcon.colcon_core.package_identification:_identify(my_sync_package) by extensions ['ignore', 'ignore_ament_install']
[0.253s] Level 1:colcon.colcon_core.package_identification:_identify(my_sync_package) by extension 'ignore'
[0.254s] Level 1:colcon.colcon_core.package_identification:_identify(my_sync_package) by extension 'ignore_ament_install'
[0.254s] Level 1:colcon.colcon_core.package_identification:_identify(my_sync_package) by extensions ['colcon_pkg']
[0.254s] Level 1:colcon.colcon_core.package_identification:_identify(my_sync_package) by extension 'colcon_pkg'
[0.254s] Level 1:colcon.colcon_core.package_identification:_identify(my_sync_package) by extensions ['colcon_meta']
[0.254s] Level 1:colcon.colcon_core.package_identification:_identify(my_sync_package) by extension 'colcon_meta'
[0.254s] Level 1:colcon.colcon_core.package_identification:_identify(my_sync_package) by extensions ['ros']
[0.254s] Level 1:colcon.colcon_core.package_identification:_identify(my_sync_package) by extension 'ros'
[0.254s] DEBUG:colcon.colcon_core.package_identification:Package 'my_sync_package' with type 'ros.ament_cmake' and name 'my_sync_package'
[0.254s] Level 1:colcon.colcon_core.package_identification:_identify(scene_interpreter) by extensions ['ignore', 'ignore_ament_install']
[0.254s] Level 1:colcon.colcon_core.package_identification:_identify(scene_interpreter) by extension 'ignore'
[0.254s] Level 1:colcon.colcon_core.package_identification:_identify(scene_interpreter) by extension 'ignore_ament_install'
[0.254s] Level 1:colcon.colcon_core.package_identification:_identify(scene_interpreter) by extensions ['colcon_pkg']
[0.254s] Level 1:colcon.colcon_core.package_identification:_identify(scene_interpreter) by extension 'colcon_pkg'
[0.254s] Level 1:colcon.colcon_core.package_identification:_identify(scene_interpreter) by extensions ['colcon_meta']
[0.254s] Level 1:colcon.colcon_core.package_identification:_identify(scene_interpreter) by extension 'colcon_meta'
[0.254s] Level 1:colcon.colcon_core.package_identification:_identify(scene_interpreter) by extensions ['ros']
[0.254s] Level 1:colcon.colcon_core.package_identification:_identify(scene_interpreter) by extension 'ros'
[0.255s] DEBUG:colcon.colcon_core.package_identification:Package 'scene_interpreter' with type 'ros.ament_python' and name 'scene_interpreter'
[0.255s] Level 1:colcon.colcon_core.package_discovery:discover_packages(recursive) using defaults
[0.255s] Level 1:colcon.colcon_core.package_discovery:discover_packages(ignore) discover
[0.255s] Level 1:colcon.colcon_core.package_discovery:discover_packages(ignore) using defaults
[0.255s] Level 1:colcon.colcon_core.package_discovery:discover_packages(path) discover
[0.255s] Level 1:colcon.colcon_core.package_discovery:discover_packages(path) using defaults
[0.264s] Level 1:colcon.colcon_core.package_discovery:discover_packages(prefix_path) check parameters
[0.264s] Level 1:colcon.colcon_core.package_discovery:discover_packages(prefix_path) discover
[0.265s] DEBUG:colcon.colcon_installed_package_information.package_discovery:Found 294 installed packages in /opt/ros/foxy
[0.267s] Level 1:colcon.colcon_core.package_discovery:discover_packages(prefix_path) using defaults
[0.293s] Level 5:colcon.colcon_core.verb:set package 'interface' build argument 'cmake_args' from command line to 'None'
[0.293s] Level 5:colcon.colcon_core.verb:set package 'interface' build argument 'cmake_target' from command line to 'None'
[0.293s] Level 5:colcon.colcon_core.verb:set package 'interface' build argument 'cmake_target_skip_unavailable' from command line to 'False'
[0.293s] Level 5:colcon.colcon_core.verb:set package 'interface' build argument 'cmake_clean_cache' from command line to 'False'
[0.293s] Level 5:colcon.colcon_core.verb:set package 'interface' build argument 'cmake_clean_first' from command line to 'False'
[0.293s] Level 5:colcon.colcon_core.verb:set package 'interface' build argument 'cmake_force_configure' from command line to 'False'
[0.293s] Level 5:colcon.colcon_core.verb:set package 'interface' build argument 'ament_cmake_args' from command line to 'None'
[0.293s] Level 5:colcon.colcon_core.verb:set package 'interface' build argument 'catkin_cmake_args' from command line to 'None'
[0.293s] Level 5:colcon.colcon_core.verb:set package 'interface' build argument 'catkin_skip_building_tests' from command line to 'False'
[0.293s] DEBUG:colcon.colcon_core.verb:Building package 'interface' with the following arguments: {'ament_cmake_args': None, 'build_base': '/home/dvij/ee206-project/ping-pong-robot/vision_tracking/ros2_ws/src/build/interface', 'catkin_cmake_args': None, 'catkin_skip_building_tests': False, 'cmake_args': None, 'cmake_clean_cache': False, 'cmake_clean_first': False, 'cmake_force_configure': False, 'cmake_target': None, 'cmake_target_skip_unavailable': False, 'install_base': '/home/dvij/ee206-project/ping-pong-robot/vision_tracking/ros2_ws/src/install/interface', 'merge_install': False, 'path': '/home/dvij/ee206-project/ping-pong-robot/vision_tracking/ros2_ws/src/interface', 'symlink_install': False, 'test_result_base': None}
[0.293s] Level 5:colcon.colcon_core.verb:set package 'my_sync_package' build argument 'cmake_args' from command line to 'None'
[0.293s] Level 5:colcon.colcon_core.verb:set package 'my_sync_package' build argument 'cmake_target' from command line to 'None'
[0.293s] Level 5:colcon.colcon_core.verb:set package 'my_sync_package' build argument 'cmake_target_skip_unavailable' from command line to 'False'
[0.293s] Level 5:colcon.colcon_core.verb:set package 'my_sync_package' build argument 'cmake_clean_cache' from command line to 'False'
[0.293s] Level 5:colcon.colcon_core.verb:set package 'my_sync_package' build argument 'cmake_clean_first' from command line to 'False'
[0.293s] Level 5:colcon.colcon_core.verb:set package 'my_sync_package' build argument 'cmake_force_configure' from command line to 'False'
[0.293s] Level 5:colcon.colcon_core.verb:set package 'my_sync_package' build argument 'ament_cmake_args' from command line to 'None'
[0.293s] Level 5:colcon.colcon_core.verb:set package 'my_sync_package' build argument 'catkin_cmake_args' from command line to 'None'
[0.293s] Level 5:colcon.colcon_core.verb:set package 'my_sync_package' build argument 'catkin_skip_building_tests' from command line to 'False'
[0.293s] DEBUG:colcon.colcon_core.verb:Building package 'my_sync_package' with the following arguments: {'ament_cmake_args': None, 'build_base': '/home/dvij/ee206-project/ping-pong-robot/vision_tracking/ros2_ws/src/build/my_sync_package', 'catkin_cmake_args': None, 'catkin_skip_building_tests': False, 'cmake_args': None, 'cmake_clean_cache': False, 'cmake_clean_first': False, 'cmake_force_configure': False, 'cmake_target': None, 'cmake_target_skip_unavailable': False, 'install_base': '/home/dvij/ee206-project/ping-pong-robot/vision_tracking/ros2_ws/src/install/my_sync_package', 'merge_install': False, 'path': '/home/dvij/ee206-project/ping-pong-robot/vision_tracking/ros2_ws/src/my_sync_package', 'symlink_install': False, 'test_result_base': None}
[0.293s] Level 5:colcon.colcon_core.verb:set package 'scene_interpreter' build argument 'cmake_args' from command line to 'None'
[0.293s] Level 5:colcon.colcon_core.verb:set package 'scene_interpreter' build argument 'cmake_target' from command line to 'None'
[0.293s] Level 5:colcon.colcon_core.verb:set package 'scene_interpreter' build argument 'cmake_target_skip_unavailable' from command line to 'False'
[0.293s] Level 5:colcon.colcon_core.verb:set package 'scene_interpreter' build argument 'cmake_clean_cache' from command line to 'False'
[0.293s] Level 5:colcon.colcon_core.verb:set package 'scene_interpreter' build argument 'cmake_clean_first' from command line to 'False'
[0.293s] Level 5:colcon.colcon_core.verb:set package 'scene_interpreter' build argument 'cmake_force_configure' from command line to 'False'
[0.293s] Level 5:colcon.colcon_core.verb:set package 'scene_interpreter' build argument 'ament_cmake_args' from command line to 'None'
[0.293s] Level 5:colcon.colcon_core.verb:set package 'scene_interpreter' build argument 'catkin_cmake_args' from command line to 'None'
[0.293s] Level 5:colcon.colcon_core.verb:set package 'scene_interpreter' build argument 'catkin_skip_building_tests' from command line to 'False'
[0.293s] DEBUG:colcon.colcon_core.verb:Building package 'scene_interpreter' with the following arguments: {'ament_cmake_args': None, 'build_base': '/home/dvij/ee206-project/ping-pong-robot/vision_tracking/ros2_ws/src/build/scene_interpreter', 'catkin_cmake_args': None, 'catkin_skip_building_tests': False, 'cmake_args': None, 'cmake_clean_cache': False, 'cmake_clean_first': False, 'cmake_force_configure': False, 'cmake_target': None, 'cmake_target_skip_unavailable': False, 'install_base': '/home/dvij/ee206-project/ping-pong-robot/vision_tracking/ros2_ws/src/install/scene_interpreter', 'merge_install': False, 'path': '/home/dvij/ee206-project/ping-pong-robot/vision_tracking/ros2_ws/src/scene_interpreter', 'symlink_install': False, 'test_result_base': None}
[0.293s] Level 5:colcon.colcon_core.verb:set package 'camera_feed' build argument 'cmake_args' from command line to 'None'
[0.293s] Level 5:colcon.colcon_core.verb:set package 'camera_feed' build argument 'cmake_target' from command line to 'None'
[0.293s] Level 5:colcon.colcon_core.verb:set package 'camera_feed' build argument 'cmake_target_skip_unavailable' from command line to 'False'
[0.293s] Level 5:colcon.colcon_core.verb:set package 'camera_feed' build argument 'cmake_clean_cache' from command line to 'False'
[0.293s] Level 5:colcon.colcon_core.verb:set package 'camera_feed' build argument 'cmake_clean_first' from command line to 'False'
[0.293s] Level 5:colcon.colcon_core.verb:set package 'camera_feed' build argument 'cmake_force_configure' from command line to 'False'
[0.293s] Level 5:colcon.colcon_core.verb:set package 'camera_feed' build argument 'ament_cmake_args' from command line to 'None'
[0.293s] Level 5:colcon.colcon_core.verb:set package 'camera_feed' build argument 'catkin_cmake_args' from command line to 'None'
[0.293s] Level 5:colcon.colcon_core.verb:set package 'camera_feed' build argument 'catkin_skip_building_tests' from command line to 'False'
[0.293s] DEBUG:colcon.colcon_core.verb:Building package 'camera_feed' with the following arguments: {'ament_cmake_args': None, 'build_base': '/home/dvij/ee206-project/ping-pong-robot/vision_tracking/ros2_ws/src/build/camera_feed', 'catkin_cmake_args': None, 'catkin_skip_building_tests': False, 'cmake_args': None, 'cmake_clean_cache': False, 'cmake_clean_first': False, 'cmake_force_configure': False, 'cmake_target': None, 'cmake_target_skip_unavailable': False, 'install_base': '/home/dvij/ee206-project/ping-pong-robot/vision_tracking/ros2_ws/src/install/camera_feed', 'merge_install': False, 'path': '/home/dvij/ee206-project/ping-pong-robot/vision_tracking/ros2_ws/src/camera_feed', 'symlink_install': False, 'test_result_base': None}
[0.294s] INFO:colcon.colcon_core.executor:Executing jobs using 'parallel' executor
[0.294s] DEBUG:colcon.colcon_parallel_executor.executor.parallel:run_until_complete
[0.294s] INFO:colcon.colcon_ros.task.ament_cmake.build:Building ROS package in '/home/dvij/ee206-project/ping-pong-robot/vision_tracking/ros2_ws/src/interface' with build type 'ament_cmake'
[0.294s] INFO:colcon.colcon_cmake.task.cmake.build:Building CMake package in '/home/dvij/ee206-project/ping-pong-robot/vision_tracking/ros2_ws/src/interface'
[0.295s] INFO:colcon.colcon_core.plugin_system:Skipping extension 'colcon_core.shell.bat': Not used on non-Windows systems
[0.296s] INFO:colcon.colcon_core.shell:Skip shell extension 'powershell' for command environment: Not usable outside of PowerShell
[0.296s] DEBUG:colcon.colcon_core.shell:Skip shell extension 'dsv' for command environment
[0.298s] INFO:colcon.colcon_ros.task.ament_cmake.build:Building ROS package in '/home/dvij/ee206-project/ping-pong-robot/vision_tracking/ros2_ws/src/my_sync_package' with build type 'ament_cmake'
[0.298s] INFO:colcon.colcon_cmake.task.cmake.build:Building CMake package in '/home/dvij/ee206-project/ping-pong-robot/vision_tracking/ros2_ws/src/my_sync_package'
[0.298s] INFO:colcon.colcon_core.shell:Skip shell extension 'powershell' for command environment: Not usable outside of PowerShell
[0.298s] DEBUG:colcon.colcon_core.shell:Skip shell extension 'dsv' for command environment
[0.300s] INFO:colcon.colcon_ros.task.ament_python.build:Building ROS package in '/home/dvij/ee206-project/ping-pong-robot/vision_tracking/ros2_ws/src/scene_interpreter' with build type 'ament_python'
[0.300s] Level 1:colcon.colcon_core.shell:create_environment_hook('scene_interpreter', 'ament_prefix_path')
[0.300s] INFO:colcon.colcon_core.shell:Creating environment hook '/home/dvij/ee206-project/ping-pong-robot/vision_tracking/ros2_ws/src/install/scene_interpreter/share/scene_interpreter/hook/ament_prefix_path.ps1'
[0.301s] INFO:colcon.colcon_core.shell:Creating environment descriptor '/home/dvij/ee206-project/ping-pong-robot/vision_tracking/ros2_ws/src/install/scene_interpreter/share/scene_interpreter/hook/ament_prefix_path.dsv'
[0.301s] INFO:colcon.colcon_core.shell:Creating environment hook '/home/dvij/ee206-project/ping-pong-robot/vision_tracking/ros2_ws/src/install/scene_interpreter/share/scene_interpreter/hook/ament_prefix_path.sh'
[0.302s] INFO:colcon.colcon_core.shell:Skip shell extension 'powershell' for command environment: Not usable outside of PowerShell
[0.302s] DEBUG:colcon.colcon_core.shell:Skip shell extension 'dsv' for command environment
[0.308s] DEBUG:colcon.colcon_core.event_handler.log_command:Invoking command in '/home/dvij/ee206-project/ping-pong-robot/vision_tracking/ros2_ws/src/build/interface': CMAKE_PREFIX_PATH=/opt/ros/foxy /usr/local/bin/cmake --build /home/dvij/ee206-project/ping-pong-robot/vision_tracking/ros2_ws/src/build/interface -- -j20 -l20
[0.311s] DEBUG:colcon.colcon_core.event_handler.log_command:Invoking command in '/home/dvij/ee206-project/ping-pong-robot/vision_tracking/ros2_ws/src/build/my_sync_package': CMAKE_PREFIX_PATH=/opt/ros/foxy /usr/local/bin/cmake --build /home/dvij/ee206-project/ping-pong-robot/vision_tracking/ros2_ws/src/build/my_sync_package -- -j20 -l20
[0.462s] INFO:colcon.colcon_core.task.python.build:Building Python package in '/home/dvij/ee206-project/ping-pong-robot/vision_tracking/ros2_ws/src/scene_interpreter'
[0.463s] INFO:colcon.colcon_core.shell:Skip shell extension 'powershell' for command environment: Not usable outside of PowerShell
[0.463s] DEBUG:colcon.colcon_core.shell:Skip shell extension 'dsv' for command environment
[0.468s] DEBUG:colcon.colcon_core.event_handler.log_command:Invoked command in '/home/dvij/ee206-project/ping-pong-robot/vision_tracking/ros2_ws/src/build/my_sync_package' returned '0': CMAKE_PREFIX_PATH=/opt/ros/foxy /usr/local/bin/cmake --build /home/dvij/ee206-project/ping-pong-robot/vision_tracking/ros2_ws/src/build/my_sync_package -- -j20 -l20
[0.482s] DEBUG:colcon.colcon_core.event_handler.log_command:Invoking command in '/home/dvij/ee206-project/ping-pong-robot/vision_tracking/ros2_ws/src/build/my_sync_package': CMAKE_PREFIX_PATH=/opt/ros/foxy /usr/local/bin/cmake --install /home/dvij/ee206-project/ping-pong-robot/vision_tracking/ros2_ws/src/build/my_sync_package
[0.487s] Level 1:colcon.colcon_core.environment:create_environment_scripts_only(my_sync_package)
[0.487s] DEBUG:colcon.colcon_core.event_handler.log_command:Invoked command in '/home/dvij/ee206-project/ping-pong-robot/vision_tracking/ros2_ws/src/build/my_sync_package' returned '0': CMAKE_PREFIX_PATH=/opt/ros/foxy /usr/local/bin/cmake --install /home/dvij/ee206-project/ping-pong-robot/vision_tracking/ros2_ws/src/build/my_sync_package
[0.490s] Level 1:colcon.colcon_core.environment:checking '/home/dvij/ee206-project/ping-pong-robot/vision_tracking/ros2_ws/src/install/my_sync_package' for CMake module files
[0.490s] Level 1:colcon.colcon_core.environment:checking '/home/dvij/ee206-project/ping-pong-robot/vision_tracking/ros2_ws/src/install/my_sync_package' for CMake config files
[0.490s] Level 1:colcon.colcon_core.shell:create_environment_hook('my_sync_package', 'cmake_prefix_path')
[0.491s] INFO:colcon.colcon_core.shell:Creating environment hook '/home/dvij/ee206-project/ping-pong-robot/vision_tracking/ros2_ws/src/install/my_sync_package/share/my_sync_package/hook/cmake_prefix_path.ps1'
[0.491s] INFO:colcon.colcon_core.shell:Creating environment descriptor '/home/dvij/ee206-project/ping-pong-robot/vision_tracking/ros2_ws/src/install/my_sync_package/share/my_sync_package/hook/cmake_prefix_path.dsv'
[0.492s] INFO:colcon.colcon_core.shell:Creating environment hook '/home/dvij/ee206-project/ping-pong-robot/vision_tracking/ros2_ws/src/install/my_sync_package/share/my_sync_package/hook/cmake_prefix_path.sh'
[0.492s] Level 1:colcon.colcon_core.environment:checking '/home/dvij/ee206-project/ping-pong-robot/vision_tracking/ros2_ws/src/install/my_sync_package/lib'
[0.492s] Level 1:colcon.colcon_core.environment:checking '/home/dvij/ee206-project/ping-pong-robot/vision_tracking/ros2_ws/src/install/my_sync_package/bin'
[0.492s] Level 1:colcon.colcon_core.environment:checking '/home/dvij/ee206-project/ping-pong-robot/vision_tracking/ros2_ws/src/install/my_sync_package/lib/pkgconfig/my_sync_package.pc'
[0.492s] Level 1:colcon.colcon_core.environment:checking '/home/dvij/ee206-project/ping-pong-robot/vision_tracking/ros2_ws/src/install/my_sync_package/lib/python3.8/site-packages'
[0.492s] Level 1:colcon.colcon_core.environment:checking '/home/dvij/ee206-project/ping-pong-robot/vision_tracking/ros2_ws/src/install/my_sync_package/bin'
[0.493s] INFO:colcon.colcon_core.shell:Creating package script '/home/dvij/ee206-project/ping-pong-robot/vision_tracking/ros2_ws/src/install/my_sync_package/share/my_sync_package/package.ps1'
[0.493s] INFO:colcon.colcon_core.shell:Creating package descriptor '/home/dvij/ee206-project/ping-pong-robot/vision_tracking/ros2_ws/src/install/my_sync_package/share/my_sync_package/package.dsv'
[0.493s] INFO:colcon.colcon_core.shell:Creating package script '/home/dvij/ee206-project/ping-pong-robot/vision_tracking/ros2_ws/src/install/my_sync_package/share/my_sync_package/package.sh'
[0.494s] INFO:colcon.colcon_core.shell:Creating package script '/home/dvij/ee206-project/ping-pong-robot/vision_tracking/ros2_ws/src/install/my_sync_package/share/my_sync_package/package.bash'
[0.494s] INFO:colcon.colcon_core.shell:Creating package script '/home/dvij/ee206-project/ping-pong-robot/vision_tracking/ros2_ws/src/install/my_sync_package/share/my_sync_package/package.zsh'
[0.494s] Level 1:colcon.colcon_core.environment:create_file_with_runtime_dependencies(/home/dvij/ee206-project/ping-pong-robot/vision_tracking/ros2_ws/src/install/my_sync_package/share/colcon-core/packages/my_sync_package)
[0.506s] Level 1:colcon.colcon_core.environment:create_environment_scripts_only(my_sync_package)
[0.506s] Level 1:colcon.colcon_core.environment:checking '/home/dvij/ee206-project/ping-pong-robot/vision_tracking/ros2_ws/src/install/my_sync_package' for CMake module files
[0.507s] Level 1:colcon.colcon_core.environment:checking '/home/dvij/ee206-project/ping-pong-robot/vision_tracking/ros2_ws/src/install/my_sync_package' for CMake config files
[0.507s] Level 1:colcon.colcon_core.shell:create_environment_hook('my_sync_package', 'cmake_prefix_path')
[0.507s] INFO:colcon.colcon_core.shell:Creating environment hook '/home/dvij/ee206-project/ping-pong-robot/vision_tracking/ros2_ws/src/install/my_sync_package/share/my_sync_package/hook/cmake_prefix_path.ps1'
[0.507s] INFO:colcon.colcon_core.shell:Creating environment descriptor '/home/dvij/ee206-project/ping-pong-robot/vision_tracking/ros2_ws/src/install/my_sync_package/share/my_sync_package/hook/cmake_prefix_path.dsv'
[0.508s] INFO:colcon.colcon_core.shell:Creating environment hook '/home/dvij/ee206-project/ping-pong-robot/vision_tracking/ros2_ws/src/install/my_sync_package/share/my_sync_package/hook/cmake_prefix_path.sh'
[0.508s] Level 1:colcon.colcon_core.environment:checking '/home/dvij/ee206-project/ping-pong-robot/vision_tracking/ros2_ws/src/install/my_sync_package/lib'
[0.508s] Level 1:colcon.colcon_core.environment:checking '/home/dvij/ee206-project/ping-pong-robot/vision_tracking/ros2_ws/src/install/my_sync_package/bin'
[0.508s] Level 1:colcon.colcon_core.environment:checking '/home/dvij/ee206-project/ping-pong-robot/vision_tracking/ros2_ws/src/install/my_sync_package/lib/pkgconfig/my_sync_package.pc'
[0.508s] Level 1:colcon.colcon_core.environment:checking '/home/dvij/ee206-project/ping-pong-robot/vision_tracking/ros2_ws/src/install/my_sync_package/lib/python3.8/site-packages'
[0.508s] Level 1:colcon.colcon_core.environment:checking '/home/dvij/ee206-project/ping-pong-robot/vision_tracking/ros2_ws/src/install/my_sync_package/bin'
[0.508s] INFO:colcon.colcon_core.shell:Creating package script '/home/dvij/ee206-project/ping-pong-robot/vision_tracking/ros2_ws/src/install/my_sync_package/share/my_sync_package/package.ps1'
[0.509s] INFO:colcon.colcon_core.shell:Creating package descriptor '/home/dvij/ee206-project/ping-pong-robot/vision_tracking/ros2_ws/src/install/my_sync_package/share/my_sync_package/package.dsv'
[0.509s] INFO:colcon.colcon_core.shell:Creating package script '/home/dvij/ee206-project/ping-pong-robot/vision_tracking/ros2_ws/src/install/my_sync_package/share/my_sync_package/package.sh'
[0.509s] INFO:colcon.colcon_core.shell:Creating package script '/home/dvij/ee206-project/ping-pong-robot/vision_tracking/ros2_ws/src/install/my_sync_package/share/my_sync_package/package.bash'
[0.509s] INFO:colcon.colcon_core.shell:Creating package script '/home/dvij/ee206-project/ping-pong-robot/vision_tracking/ros2_ws/src/install/my_sync_package/share/my_sync_package/package.zsh'
[0.509s] Level 1:colcon.colcon_core.environment:create_file_with_runtime_dependencies(/home/dvij/ee206-project/ping-pong-robot/vision_tracking/ros2_ws/src/install/my_sync_package/share/colcon-core/packages/my_sync_package)
[0.801s] DEBUG:colcon.colcon_core.event_handler.log_command:Invoking command in '/home/dvij/ee206-project/ping-pong-robot/vision_tracking/ros2_ws/src/scene_interpreter': PYTHONPATH=/home/dvij/ee206-project/ping-pong-robot/vision_tracking/ros2_ws/src/build/scene_interpreter/prefix_override:/usr/lib/python3/dist-packages/colcon_core/task/python/colcon_distutils_commands:/home/dvij/ee206-project/ping-pong-robot/vision_tracking/ros2_ws/src/install/scene_interpreter/lib/python3.8/site-packages:${PYTHONPATH} /usr/bin/python3 -W ignore:setup.py install is deprecated setup.py egg_info --egg-base ../build/scene_interpreter build --build-base /home/dvij/ee206-project/ping-pong-robot/vision_tracking/ros2_ws/src/build/scene_interpreter/build install --record /home/dvij/ee206-project/ping-pong-robot/vision_tracking/ros2_ws/src/build/scene_interpreter/install.log --single-version-externally-managed install_data
[0.969s] Level 1:colcon.colcon_core.environment:checking '/home/dvij/ee206-project/ping-pong-robot/vision_tracking/ros2_ws/src/install/scene_interpreter' for CMake module files
[0.969s] DEBUG:colcon.colcon_core.event_handler.log_command:Invoked command in '/home/dvij/ee206-project/ping-pong-robot/vision_tracking/ros2_ws/src/scene_interpreter' returned '0': PYTHONPATH=/home/dvij/ee206-project/ping-pong-robot/vision_tracking/ros2_ws/src/build/scene_interpreter/prefix_override:/usr/lib/python3/dist-packages/colcon_core/task/python/colcon_distutils_commands:/home/dvij/ee206-project/ping-pong-robot/vision_tracking/ros2_ws/src/install/scene_interpreter/lib/python3.8/site-packages:${PYTHONPATH} /usr/bin/python3 -W ignore:setup.py install is deprecated setup.py egg_info --egg-base ../build/scene_interpreter build --build-base /home/dvij/ee206-project/ping-pong-robot/vision_tracking/ros2_ws/src/build/scene_interpreter/build install --record /home/dvij/ee206-project/ping-pong-robot/vision_tracking/ros2_ws/src/build/scene_interpreter/install.log --single-version-externally-managed install_data
[0.969s] Level 1:colcon.colcon_core.environment:checking '/home/dvij/ee206-project/ping-pong-robot/vision_tracking/ros2_ws/src/install/scene_interpreter' for CMake config files
[0.970s] Level 1:colcon.colcon_core.environment:checking '/home/dvij/ee206-project/ping-pong-robot/vision_tracking/ros2_ws/src/install/scene_interpreter/lib'
[0.970s] Level 1:colcon.colcon_core.environment:checking '/home/dvij/ee206-project/ping-pong-robot/vision_tracking/ros2_ws/src/install/scene_interpreter/bin'
[0.970s] Level 1:colcon.colcon_core.environment:checking '/home/dvij/ee206-project/ping-pong-robot/vision_tracking/ros2_ws/src/install/scene_interpreter/lib/pkgconfig/scene_interpreter.pc'
[0.970s] Level 1:colcon.colcon_core.environment:checking '/home/dvij/ee206-project/ping-pong-robot/vision_tracking/ros2_ws/src/install/scene_interpreter/lib/python3.8/site-packages'
[0.970s] Level 1:colcon.colcon_core.shell:create_environment_hook('scene_interpreter', 'pythonpath')
[0.970s] INFO:colcon.colcon_core.shell:Creating environment hook '/home/dvij/ee206-project/ping-pong-robot/vision_tracking/ros2_ws/src/install/scene_interpreter/share/scene_interpreter/hook/pythonpath.ps1'
[0.970s] INFO:colcon.colcon_core.shell:Creating environment descriptor '/home/dvij/ee206-project/ping-pong-robot/vision_tracking/ros2_ws/src/install/scene_interpreter/share/scene_interpreter/hook/pythonpath.dsv'
[0.971s] INFO:colcon.colcon_core.shell:Creating environment hook '/home/dvij/ee206-project/ping-pong-robot/vision_tracking/ros2_ws/src/install/scene_interpreter/share/scene_interpreter/hook/pythonpath.sh'
[0.971s] Level 1:colcon.colcon_core.environment:checking '/home/dvij/ee206-project/ping-pong-robot/vision_tracking/ros2_ws/src/install/scene_interpreter/bin'
[0.971s] Level 1:colcon.colcon_core.environment:create_environment_scripts_only(scene_interpreter)
[0.971s] INFO:colcon.colcon_core.shell:Creating package script '/home/dvij/ee206-project/ping-pong-robot/vision_tracking/ros2_ws/src/install/scene_interpreter/share/scene_interpreter/package.ps1'
[0.971s] INFO:colcon.colcon_core.shell:Creating package descriptor '/home/dvij/ee206-project/ping-pong-robot/vision_tracking/ros2_ws/src/install/scene_interpreter/share/scene_interpreter/package.dsv'
[0.972s] INFO:colcon.colcon_core.shell:Creating package script '/home/dvij/ee206-project/ping-pong-robot/vision_tracking/ros2_ws/src/install/scene_interpreter/share/scene_interpreter/package.sh'
[0.972s] INFO:colcon.colcon_core.shell:Creating package script '/home/dvij/ee206-project/ping-pong-robot/vision_tracking/ros2_ws/src/install/scene_interpreter/share/scene_interpreter/package.bash'
[0.972s] INFO:colcon.colcon_core.shell:Creating package script '/home/dvij/ee206-project/ping-pong-robot/vision_tracking/ros2_ws/src/install/scene_interpreter/share/scene_interpreter/package.zsh'
[0.972s] Level 1:colcon.colcon_core.environment:create_file_with_runtime_dependencies(/home/dvij/ee206-project/ping-pong-robot/vision_tracking/ros2_ws/src/install/scene_interpreter/share/colcon-core/packages/scene_interpreter)
[1.130s] DEBUG:colcon.colcon_core.event_handler.log_command:Invoked command in '/home/dvij/ee206-project/ping-pong-robot/vision_tracking/ros2_ws/src/build/interface' returned '0': CMAKE_PREFIX_PATH=/opt/ros/foxy /usr/local/bin/cmake --build /home/dvij/ee206-project/ping-pong-robot/vision_tracking/ros2_ws/src/build/interface -- -j20 -l20
[1.148s] DEBUG:colcon.colcon_core.event_handler.log_command:Invoking command in '/home/dvij/ee206-project/ping-pong-robot/vision_tracking/ros2_ws/src/build/interface': CMAKE_PREFIX_PATH=/opt/ros/foxy /usr/local/bin/cmake --install /home/dvij/ee206-project/ping-pong-robot/vision_tracking/ros2_ws/src/build/interface
[1.177s] Level 1:colcon.colcon_core.environment:create_environment_scripts_only(interface)
[1.177s] Level 1:colcon.colcon_core.environment:checking '/home/dvij/ee206-project/ping-pong-robot/vision_tracking/ros2_ws/src/install/interface' for CMake module files
[1.177s] DEBUG:colcon.colcon_core.event_handler.log_command:Invoked command in '/home/dvij/ee206-project/ping-pong-robot/vision_tracking/ros2_ws/src/build/interface' returned '0': CMAKE_PREFIX_PATH=/opt/ros/foxy /usr/local/bin/cmake --install /home/dvij/ee206-project/ping-pong-robot/vision_tracking/ros2_ws/src/build/interface
[1.177s] Level 1:colcon.colcon_core.environment:checking '/home/dvij/ee206-project/ping-pong-robot/vision_tracking/ros2_ws/src/install/interface' for CMake config files
[1.177s] Level 1:colcon.colcon_core.shell:create_environment_hook('interface', 'cmake_prefix_path')
[1.178s] INFO:colcon.colcon_core.shell:Creating environment hook '/home/dvij/ee206-project/ping-pong-robot/vision_tracking/ros2_ws/src/install/interface/share/interface/hook/cmake_prefix_path.ps1'
[1.178s] INFO:colcon.colcon_core.shell:Creating environment descriptor '/home/dvij/ee206-project/ping-pong-robot/vision_tracking/ros2_ws/src/install/interface/share/interface/hook/cmake_prefix_path.dsv'
[1.178s] INFO:colcon.colcon_core.shell:Creating environment hook '/home/dvij/ee206-project/ping-pong-robot/vision_tracking/ros2_ws/src/install/interface/share/interface/hook/cmake_prefix_path.sh'
[1.178s] Level 1:colcon.colcon_core.environment:checking '/home/dvij/ee206-project/ping-pong-robot/vision_tracking/ros2_ws/src/install/interface/lib'
[1.178s] Level 1:colcon.colcon_core.shell:create_environment_hook('interface', 'ld_library_path_lib')
[1.179s] INFO:colcon.colcon_core.shell:Creating environment hook '/home/dvij/ee206-project/ping-pong-robot/vision_tracking/ros2_ws/src/install/interface/share/interface/hook/ld_library_path_lib.ps1'
[1.179s] INFO:colcon.colcon_core.shell:Creating environment descriptor '/home/dvij/ee206-project/ping-pong-robot/vision_tracking/ros2_ws/src/install/interface/share/interface/hook/ld_library_path_lib.dsv'
[1.179s] INFO:colcon.colcon_core.shell:Creating environment hook '/home/dvij/ee206-project/ping-pong-robot/vision_tracking/ros2_ws/src/install/interface/share/interface/hook/ld_library_path_lib.sh'
[1.179s] Level 1:colcon.colcon_core.environment:checking '/home/dvij/ee206-project/ping-pong-robot/vision_tracking/ros2_ws/src/install/interface/bin'
[1.179s] Level 1:colcon.colcon_core.environment:checking '/home/dvij/ee206-project/ping-pong-robot/vision_tracking/ros2_ws/src/install/interface/lib/pkgconfig/interface.pc'
[1.179s] Level 1:colcon.colcon_core.environment:checking '/home/dvij/ee206-project/ping-pong-robot/vision_tracking/ros2_ws/src/install/interface/lib/python3.8/site-packages'
[1.179s] Level 1:colcon.colcon_core.shell:create_environment_hook('interface', 'pythonpath')
[1.179s] INFO:colcon.colcon_core.shell:Creating environment hook '/home/dvij/ee206-project/ping-pong-robot/vision_tracking/ros2_ws/src/install/interface/share/interface/hook/pythonpath.ps1'
[1.180s] INFO:colcon.colcon_core.shell:Creating environment descriptor '/home/dvij/ee206-project/ping-pong-robot/vision_tracking/ros2_ws/src/install/interface/share/interface/hook/pythonpath.dsv'
[1.180s] INFO:colcon.colcon_core.shell:Creating environment hook '/home/dvij/ee206-project/ping-pong-robot/vision_tracking/ros2_ws/src/install/interface/share/interface/hook/pythonpath.sh'
[1.180s] Level 1:colcon.colcon_core.environment:checking '/home/dvij/ee206-project/ping-pong-robot/vision_tracking/ros2_ws/src/install/interface/bin'
[1.180s] INFO:colcon.colcon_core.shell:Creating package script '/home/dvij/ee206-project/ping-pong-robot/vision_tracking/ros2_ws/src/install/interface/share/interface/package.ps1'
[1.180s] INFO:colcon.colcon_core.shell:Creating package descriptor '/home/dvij/ee206-project/ping-pong-robot/vision_tracking/ros2_ws/src/install/interface/share/interface/package.dsv'
[1.181s] INFO:colcon.colcon_core.shell:Creating package script '/home/dvij/ee206-project/ping-pong-robot/vision_tracking/ros2_ws/src/install/interface/share/interface/package.sh'
[1.181s] INFO:colcon.colcon_core.shell:Creating package script '/home/dvij/ee206-project/ping-pong-robot/vision_tracking/ros2_ws/src/install/interface/share/interface/package.bash'
[1.181s] INFO:colcon.colcon_core.shell:Creating package script '/home/dvij/ee206-project/ping-pong-robot/vision_tracking/ros2_ws/src/install/interface/share/interface/package.zsh'
[1.181s] Level 1:colcon.colcon_core.environment:create_file_with_runtime_dependencies(/home/dvij/ee206-project/ping-pong-robot/vision_tracking/ros2_ws/src/install/interface/share/colcon-core/packages/interface)
[1.199s] Level 1:colcon.colcon_core.environment:create_environment_scripts_only(interface)
[1.199s] Level 1:colcon.colcon_core.environment:checking '/home/dvij/ee206-project/ping-pong-robot/vision_tracking/ros2_ws/src/install/interface' for CMake module files
[1.199s] Level 1:colcon.colcon_core.environment:checking '/home/dvij/ee206-project/ping-pong-robot/vision_tracking/ros2_ws/src/install/interface' for CMake config files
[1.200s] Level 1:colcon.colcon_core.shell:create_environment_hook('interface', 'cmake_prefix_path')
[1.200s] INFO:colcon.colcon_core.shell:Creating environment hook '/home/dvij/ee206-project/ping-pong-robot/vision_tracking/ros2_ws/src/install/interface/share/interface/hook/cmake_prefix_path.ps1'
[1.200s] INFO:colcon.colcon_core.shell:Creating environment descriptor '/home/dvij/ee206-project/ping-pong-robot/vision_tracking/ros2_ws/src/install/interface/share/interface/hook/cmake_prefix_path.dsv'
[1.200s] INFO:colcon.colcon_core.shell:Creating environment hook '/home/dvij/ee206-project/ping-pong-robot/vision_tracking/ros2_ws/src/install/interface/share/interface/hook/cmake_prefix_path.sh'
[1.201s] Level 1:colcon.colcon_core.environment:checking '/home/dvij/ee206-project/ping-pong-robot/vision_tracking/ros2_ws/src/install/interface/lib'
[1.201s] Level 1:colcon.colcon_core.shell:create_environment_hook('interface', 'ld_library_path_lib')
[1.201s] INFO:colcon.colcon_core.shell:Creating environment hook '/home/dvij/ee206-project/ping-pong-robot/vision_tracking/ros2_ws/src/install/interface/share/interface/hook/ld_library_path_lib.ps1'
[1.201s] INFO:colcon.colcon_core.shell:Creating environment descriptor '/home/dvij/ee206-project/ping-pong-robot/vision_tracking/ros2_ws/src/install/interface/share/interface/hook/ld_library_path_lib.dsv'
[1.201s] INFO:colcon.colcon_core.shell:Creating environment hook '/home/dvij/ee206-project/ping-pong-robot/vision_tracking/ros2_ws/src/install/interface/share/interface/hook/ld_library_path_lib.sh'
[1.201s] Level 1:colcon.colcon_core.environment:checking '/home/dvij/ee206-project/ping-pong-robot/vision_tracking/ros2_ws/src/install/interface/bin'
[1.201s] Level 1:colcon.colcon_core.environment:checking '/home/dvij/ee206-project/ping-pong-robot/vision_tracking/ros2_ws/src/install/interface/lib/pkgconfig/interface.pc'
[1.201s] Level 1:colcon.colcon_core.environment:checking '/home/dvij/ee206-project/ping-pong-robot/vision_tracking/ros2_ws/src/install/interface/lib/python3.8/site-packages'
[1.201s] Level 1:colcon.colcon_core.shell:create_environment_hook('interface', 'pythonpath')
[1.201s] INFO:colcon.colcon_core.shell:Creating environment hook '/home/dvij/ee206-project/ping-pong-robot/vision_tracking/ros2_ws/src/install/interface/share/interface/hook/pythonpath.ps1'
[1.202s] INFO:colcon.colcon_core.shell:Creating environment descriptor '/home/dvij/ee206-project/ping-pong-robot/vision_tracking/ros2_ws/src/install/interface/share/interface/hook/pythonpath.dsv'
[1.202s] INFO:colcon.colcon_core.shell:Creating environment hook '/home/dvij/ee206-project/ping-pong-robot/vision_tracking/ros2_ws/src/install/interface/share/interface/hook/pythonpath.sh'
[1.202s] Level 1:colcon.colcon_core.environment:checking '/home/dvij/ee206-project/ping-pong-robot/vision_tracking/ros2_ws/src/install/interface/bin'
[1.202s] INFO:colcon.colcon_core.shell:Creating package script '/home/dvij/ee206-project/ping-pong-robot/vision_tracking/ros2_ws/src/install/interface/share/interface/package.ps1'
[1.203s] INFO:colcon.colcon_core.shell:Creating package descriptor '/home/dvij/ee206-project/ping-pong-robot/vision_tracking/ros2_ws/src/install/interface/share/interface/package.dsv'
[1.203s] INFO:colcon.colcon_core.shell:Creating package script '/home/dvij/ee206-project/ping-pong-robot/vision_tracking/ros2_ws/src/install/interface/share/interface/package.sh'
[1.203s] INFO:colcon.colcon_core.shell:Creating package script '/home/dvij/ee206-project/ping-pong-robot/vision_tracking/ros2_ws/src/install/interface/share/interface/package.bash'
[1.203s] INFO:colcon.colcon_core.shell:Creating package script '/home/dvij/ee206-project/ping-pong-robot/vision_tracking/ros2_ws/src/install/interface/share/interface/package.zsh'
[1.203s] Level 1:colcon.colcon_core.environment:create_file_with_runtime_dependencies(/home/dvij/ee206-project/ping-pong-robot/vision_tracking/ros2_ws/src/install/interface/share/colcon-core/packages/interface)
[1.204s] INFO:colcon.colcon_ros.task.ament_cmake.build:Building ROS package in '/home/dvij/ee206-project/ping-pong-robot/vision_tracking/ros2_ws/src/camera_feed' with build type 'ament_cmake'
[1.204s] INFO:colcon.colcon_cmake.task.cmake.build:Building CMake package in '/home/dvij/ee206-project/ping-pong-robot/vision_tracking/ros2_ws/src/camera_feed'
[1.204s] INFO:colcon.colcon_core.shell:Skip shell extension 'powershell' for command environment: Not usable outside of PowerShell
[1.204s] DEBUG:colcon.colcon_core.shell:Skip shell extension 'dsv' for command environment
[1.211s] DEBUG:colcon.colcon_core.event_handler.log_command:Invoking command in '/home/dvij/ee206-project/ping-pong-robot/vision_tracking/ros2_ws/src/build/camera_feed': AMENT_PREFIX_PATH=/home/dvij/ee206-project/ping-pong-robot/vision_tracking/ros2_ws/src/install/my_sync_package:/home/dvij/ee206-project/ping-pong-robot/vision_tracking/ros2_ws/src/install/interface:${AMENT_PREFIX_PATH} CMAKE_PREFIX_PATH=/home/dvij/ee206-project/ping-pong-robot/vision_tracking/ros2_ws/src/install/my_sync_package:/home/dvij/ee206-project/ping-pong-robot/vision_tracking/ros2_ws/src/install/interface:/opt/ros/foxy LD_LIBRARY_PATH=/home/dvij/ee206-project/ping-pong-robot/vision_tracking/ros2_ws/src/install/interface/lib:${LD_LIBRARY_PATH} PYTHONPATH=/home/dvij/ee206-project/ping-pong-robot/vision_tracking/ros2_ws/src/install/interface/lib/python3.8/site-packages:${PYTHONPATH} /usr/local/bin/cmake --build /home/dvij/ee206-project/ping-pong-robot/vision_tracking/ros2_ws/src/build/camera_feed -- -j20 -l20
[5.205s] DEBUG:colcon.colcon_core.event_handler.log_command:Invoked command in '/home/dvij/ee206-project/ping-pong-robot/vision_tracking/ros2_ws/src/build/camera_feed' returned '0': AMENT_PREFIX_PATH=/home/dvij/ee206-project/ping-pong-robot/vision_tracking/ros2_ws/src/install/my_sync_package:/home/dvij/ee206-project/ping-pong-robot/vision_tracking/ros2_ws/src/install/interface:${AMENT_PREFIX_PATH} CMAKE_PREFIX_PATH=/home/dvij/ee206-project/ping-pong-robot/vision_tracking/ros2_ws/src/install/my_sync_package:/home/dvij/ee206-project/ping-pong-robot/vision_tracking/ros2_ws/src/install/interface:/opt/ros/foxy LD_LIBRARY_PATH=/home/dvij/ee206-project/ping-pong-robot/vision_tracking/ros2_ws/src/install/interface/lib:${LD_LIBRARY_PATH} PYTHONPATH=/home/dvij/ee206-project/ping-pong-robot/vision_tracking/ros2_ws/src/install/interface/lib/python3.8/site-packages:${PYTHONPATH} /usr/local/bin/cmake --build /home/dvij/ee206-project/ping-pong-robot/vision_tracking/ros2_ws/src/build/camera_feed -- -j20 -l20
[5.215s] DEBUG:colcon.colcon_core.event_handler.log_command:Invoking command in '/home/dvij/ee206-project/ping-pong-robot/vision_tracking/ros2_ws/src/build/camera_feed': AMENT_PREFIX_PATH=/home/dvij/ee206-project/ping-pong-robot/vision_tracking/ros2_ws/src/install/my_sync_package:/home/dvij/ee206-project/ping-pong-robot/vision_tracking/ros2_ws/src/install/interface:${AMENT_PREFIX_PATH} CMAKE_PREFIX_PATH=/home/dvij/ee206-project/ping-pong-robot/vision_tracking/ros2_ws/src/install/my_sync_package:/home/dvij/ee206-project/ping-pong-robot/vision_tracking/ros2_ws/src/install/interface:/opt/ros/foxy LD_LIBRARY_PATH=/home/dvij/ee206-project/ping-pong-robot/vision_tracking/ros2_ws/src/install/interface/lib:${LD_LIBRARY_PATH} PYTHONPATH=/home/dvij/ee206-project/ping-pong-robot/vision_tracking/ros2_ws/src/install/interface/lib/python3.8/site-packages:${PYTHONPATH} /usr/local/bin/cmake --install /home/dvij/ee206-project/ping-pong-robot/vision_tracking/ros2_ws/src/build/camera_feed
[5.221s] Level 1:colcon.colcon_core.environment:create_environment_scripts_only(camera_feed)
[5.221s] Level 1:colcon.colcon_core.environment:checking '/home/dvij/ee206-project/ping-pong-robot/vision_tracking/ros2_ws/src/install/camera_feed' for CMake module files
[5.221s] DEBUG:colcon.colcon_core.event_handler.log_command:Invoked command in '/home/dvij/ee206-project/ping-pong-robot/vision_tracking/ros2_ws/src/build/camera_feed' returned '0': AMENT_PREFIX_PATH=/home/dvij/ee206-project/ping-pong-robot/vision_tracking/ros2_ws/src/install/my_sync_package:/home/dvij/ee206-project/ping-pong-robot/vision_tracking/ros2_ws/src/install/interface:${AMENT_PREFIX_PATH} CMAKE_PREFIX_PATH=/home/dvij/ee206-project/ping-pong-robot/vision_tracking/ros2_ws/src/install/my_sync_package:/home/dvij/ee206-project/ping-pong-robot/vision_tracking/ros2_ws/src/install/interface:/opt/ros/foxy LD_LIBRARY_PATH=/home/dvij/ee206-project/ping-pong-robot/vision_tracking/ros2_ws/src/install/interface/lib:${LD_LIBRARY_PATH} PYTHONPATH=/home/dvij/ee206-project/ping-pong-robot/vision_tracking/ros2_ws/src/install/interface/lib/python3.8/site-packages:${PYTHONPATH} /usr/local/bin/cmake --install /home/dvij/ee206-project/ping-pong-robot/vision_tracking/ros2_ws/src/build/camera_feed
[5.222s] Level 1:colcon.colcon_core.environment:checking '/home/dvij/ee206-project/ping-pong-robot/vision_tracking/ros2_ws/src/install/camera_feed' for CMake config files
[5.222s] Level 1:colcon.colcon_core.shell:create_environment_hook('camera_feed', 'cmake_prefix_path')
[5.222s] INFO:colcon.colcon_core.shell:Creating environment hook '/home/dvij/ee206-project/ping-pong-robot/vision_tracking/ros2_ws/src/install/camera_feed/share/camera_feed/hook/cmake_prefix_path.ps1'
[5.222s] INFO:colcon.colcon_core.shell:Creating environment descriptor '/home/dvij/ee206-project/ping-pong-robot/vision_tracking/ros2_ws/src/install/camera_feed/share/camera_feed/hook/cmake_prefix_path.dsv'
[5.222s] INFO:colcon.colcon_core.shell:Creating environment hook '/home/dvij/ee206-project/ping-pong-robot/vision_tracking/ros2_ws/src/install/camera_feed/share/camera_feed/hook/cmake_prefix_path.sh'
[5.223s] Level 1:colcon.colcon_core.environment:checking '/home/dvij/ee206-project/ping-pong-robot/vision_tracking/ros2_ws/src/install/camera_feed/lib'
[5.223s] Level 1:colcon.colcon_core.environment:checking '/home/dvij/ee206-project/ping-pong-robot/vision_tracking/ros2_ws/src/install/camera_feed/bin'
[5.223s] Level 1:colcon.colcon_core.environment:checking '/home/dvij/ee206-project/ping-pong-robot/vision_tracking/ros2_ws/src/install/camera_feed/lib/pkgconfig/camera_feed.pc'
[5.223s] Level 1:colcon.colcon_core.environment:checking '/home/dvij/ee206-project/ping-pong-robot/vision_tracking/ros2_ws/src/install/camera_feed/lib/python3.8/site-packages'
[5.223s] Level 1:colcon.colcon_core.environment:checking '/home/dvij/ee206-project/ping-pong-robot/vision_tracking/ros2_ws/src/install/camera_feed/bin'
[5.223s] INFO:colcon.colcon_core.shell:Creating package script '/home/dvij/ee206-project/ping-pong-robot/vision_tracking/ros2_ws/src/install/camera_feed/share/camera_feed/package.ps1'
[5.224s] INFO:colcon.colcon_core.shell:Creating package descriptor '/home/dvij/ee206-project/ping-pong-robot/vision_tracking/ros2_ws/src/install/camera_feed/share/camera_feed/package.dsv'
[5.224s] INFO:colcon.colcon_core.shell:Creating package script '/home/dvij/ee206-project/ping-pong-robot/vision_tracking/ros2_ws/src/install/camera_feed/share/camera_feed/package.sh'
[5.224s] INFO:colcon.colcon_core.shell:Creating package script '/home/dvij/ee206-project/ping-pong-robot/vision_tracking/ros2_ws/src/install/camera_feed/share/camera_feed/package.bash'
[5.224s] INFO:colcon.colcon_core.shell:Creating package script '/home/dvij/ee206-project/ping-pong-robot/vision_tracking/ros2_ws/src/install/camera_feed/share/camera_feed/package.zsh'
[5.224s] Level 1:colcon.colcon_core.environment:create_file_with_runtime_dependencies(/home/dvij/ee206-project/ping-pong-robot/vision_tracking/ros2_ws/src/install/camera_feed/share/colcon-core/packages/camera_feed)
[5.234s] Level 1:colcon.colcon_core.environment:create_environment_scripts_only(camera_feed)
[5.234s] Level 1:colcon.colcon_core.environment:checking '/home/dvij/ee206-project/ping-pong-robot/vision_tracking/ros2_ws/src/install/camera_feed' for CMake module files
[5.235s] Level 1:colcon.colcon_core.environment:checking '/home/dvij/ee206-project/ping-pong-robot/vision_tracking/ros2_ws/src/install/camera_feed' for CMake config files
[5.235s] Level 1:colcon.colcon_core.shell:create_environment_hook('camera_feed', 'cmake_prefix_path')
[5.235s] INFO:colcon.colcon_core.shell:Creating environment hook '/home/dvij/ee206-project/ping-pong-robot/vision_tracking/ros2_ws/src/install/camera_feed/share/camera_feed/hook/cmake_prefix_path.ps1'
[5.235s] INFO:colcon.colcon_core.shell:Creating environment descriptor '/home/dvij/ee206-project/ping-pong-robot/vision_tracking/ros2_ws/src/install/camera_feed/share/camera_feed/hook/cmake_prefix_path.dsv'
[5.235s] INFO:colcon.colcon_core.shell:Creating environment hook '/home/dvij/ee206-project/ping-pong-robot/vision_tracking/ros2_ws/src/install/camera_feed/share/camera_feed/hook/cmake_prefix_path.sh'
[5.236s] Level 1:colcon.colcon_core.environment:checking '/home/dvij/ee206-project/ping-pong-robot/vision_tracking/ros2_ws/src/install/camera_feed/lib'
[5.236s] Level 1:colcon.colcon_core.environment:checking '/home/dvij/ee206-project/ping-pong-robot/vision_tracking/ros2_ws/src/install/camera_feed/bin'
[5.236s] Level 1:colcon.colcon_core.environment:checking '/home/dvij/ee206-project/ping-pong-robot/vision_tracking/ros2_ws/src/install/camera_feed/lib/pkgconfig/camera_feed.pc'
[5.236s] Level 1:colcon.colcon_core.environment:checking '/home/dvij/ee206-project/ping-pong-robot/vision_tracking/ros2_ws/src/install/camera_feed/lib/python3.8/site-packages'
[5.236s] Level 1:colcon.colcon_core.environment:checking '/home/dvij/ee206-project/ping-pong-robot/vision_tracking/ros2_ws/src/install/camera_feed/bin'
[5.236s] INFO:colcon.colcon_core.shell:Creating package script '/home/dvij/ee206-project/ping-pong-robot/vision_tracking/ros2_ws/src/install/camera_feed/share/camera_feed/package.ps1'
[5.237s] INFO:colcon.colcon_core.shell:Creating package descriptor '/home/dvij/ee206-project/ping-pong-robot/vision_tracking/ros2_ws/src/install/camera_feed/share/camera_feed/package.dsv'
[5.237s] INFO:colcon.colcon_core.shell:Creating package script '/home/dvij/ee206-project/ping-pong-robot/vision_tracking/ros2_ws/src/install/camera_feed/share/camera_feed/package.sh'
[5.237s] INFO:colcon.colcon_core.shell:Creating package script '/home/dvij/ee206-project/ping-pong-robot/vision_tracking/ros2_ws/src/install/camera_feed/share/camera_feed/package.bash'
[5.237s] INFO:colcon.colcon_core.shell:Creating package script '/home/dvij/ee206-project/ping-pong-robot/vision_tracking/ros2_ws/src/install/camera_feed/share/camera_feed/package.zsh'
[5.237s] Level 1:colcon.colcon_core.environment:create_file_with_runtime_dependencies(/home/dvij/ee206-project/ping-pong-robot/vision_tracking/ros2_ws/src/install/camera_feed/share/colcon-core/packages/camera_feed)
[5.237s] DEBUG:colcon.colcon_parallel_executor.executor.parallel:closing loop
[5.238s] DEBUG:colcon.colcon_parallel_executor.executor.parallel:loop closed
[5.238s] DEBUG:colcon.colcon_parallel_executor.executor.parallel:run_until_complete finished with '0'
[5.238s] DEBUG:colcon.colcon_core.event_reactor:joining thread
[5.241s] INFO:colcon.colcon_core.plugin_system:Skipping extension 'colcon_notification.desktop_notification.terminal_notifier': Not used on non-Darwin systems
[5.241s] INFO:colcon.colcon_core.plugin_system:Skipping extension 'colcon_notification.desktop_notification.win32': Not used on non-Windows systems
[5.241s] INFO:colcon.colcon_notification.desktop_notification:Sending desktop notification using 'notify2'
[5.249s] DEBUG:colcon.colcon_core.event_reactor:joined thread
[5.249s] INFO:colcon.colcon_core.shell:Creating prefix script '/home/dvij/ee206-project/ping-pong-robot/vision_tracking/ros2_ws/src/install/local_setup.ps1'
[5.250s] INFO:colcon.colcon_core.shell:Creating prefix util module '/home/dvij/ee206-project/ping-pong-robot/vision_tracking/ros2_ws/src/install/_local_setup_util_ps1.py'
[5.250s] INFO:colcon.colcon_core.shell:Creating prefix chain script '/home/dvij/ee206-project/ping-pong-robot/vision_tracking/ros2_ws/src/install/setup.ps1'
[5.251s] INFO:colcon.colcon_core.shell:Creating prefix script '/home/dvij/ee206-project/ping-pong-robot/vision_tracking/ros2_ws/src/install/local_setup.sh'
[5.251s] INFO:colcon.colcon_core.shell:Creating prefix util module '/home/dvij/ee206-project/ping-pong-robot/vision_tracking/ros2_ws/src/install/_local_setup_util_sh.py'
[5.251s] INFO:colcon.colcon_core.shell:Creating prefix chain script '/home/dvij/ee206-project/ping-pong-robot/vision_tracking/ros2_ws/src/install/setup.sh'
[5.252s] INFO:colcon.colcon_core.shell:Creating prefix script '/home/dvij/ee206-project/ping-pong-robot/vision_tracking/ros2_ws/src/install/local_setup.bash'
[5.252s] INFO:colcon.colcon_core.shell:Creating prefix chain script '/home/dvij/ee206-project/ping-pong-robot/vision_tracking/ros2_ws/src/install/setup.bash'
[5.253s] INFO:colcon.colcon_core.shell:Creating prefix script '/home/dvij/ee206-project/ping-pong-robot/vision_tracking/ros2_ws/src/install/local_setup.zsh'
[5.253s] INFO:colcon.colcon_core.shell:Creating prefix chain script '/home/dvij/ee206-project/ping-pong-robot/vision_tracking/ros2_ws/src/install/setup.zsh'
