[0.034s] Invoking command in '/home/dvij/ee206-project/ping-pong-robot/ppr_ws/build/iiwa_moveit2': CMAKE_PREFIX_PATH=/opt/ros/galactic:${CMAKE_PREFIX_PATH} CONDA_PROMPT_MODIFIER=(base) /usr/local/bin/cmake /home/dvij/ee206-project/ping-pong-robot/ppr_ws/src/iiwa_ros2/iiwa_moveit2 -DCMAKE_INSTALL_PREFIX=/home/dvij/ee206-project/ping-pong-robot/ppr_ws/install/iiwa_moveit2
[0.237s] -- Found moveit_common: 2.3.4 (/opt/ros/galactic/share/moveit_common/cmake)
[0.237s] -- Found ament_cmake: 1.1.6 (/opt/ros/galactic/share/ament_cmake/cmake)
[0.237s] -- Found PythonInterp: /home/dvij/anaconda3/bin/python3 (found suitable version "3.9.7", minimum required is "3")
[0.238s] -- Using PYTHON_EXECUTABLE: /home/dvij/anaconda3/bin/python3
[0.238s] [33mCMake Warning (dev) at /opt/ros/galactic/share/ament_cmake_core/cmake/core/python.cmake:22 (find_package):
[0.238s]   Policy CMP0148 is not set: The FindPythonInterp and FindPythonLibs modules
[0.238s]   are removed.  Run "cmake --help-policy CMP0148" for policy details.  Use
[0.238s]   the cmake_policy command to set the policy and suppress this warning.
[0.238s] 
[0.238s] Call Stack (most recent call first):
[0.238s]   /opt/ros/galactic/share/ament_cmake_core/cmake/core/all.cmake:53 (include)
[0.238s]   /opt/ros/galactic/share/ament_cmake_core/cmake/ament_cmake_core-extras.cmake:17 (include)
[0.238s]   /opt/ros/galactic/share/ament_cmake_core/cmake/ament_cmake_coreConfig.cmake:41 (include)
[0.238s]   /opt/ros/galactic/share/ament_cmake/cmake/ament_cmake_export_dependencies-extras.cmake:15 (find_package)
[0.238s]   /opt/ros/galactic/share/ament_cmake/cmake/ament_cmakeConfig.cmake:41 (include)
[0.238s]   /opt/ros/galactic/share/moveit_common/cmake/moveit_package.cmake:32 (find_package)
[0.238s]   CMakeLists.txt:19 (moveit_package)
[0.238s] This warning is for project developers.  Use -Wno-dev to suppress it.
[0.238s] [0m
[0.256s] [33mCMake Warning (dev) at /usr/local/share/cmake-3.29/Modules/FindPackageHandleStandardArgs.cmake:438 (message):
[0.257s]   The package name passed to `find_package_handle_standard_args` (libdw) does
[0.257s]   not match the name of the calling package (backward_ros).  This can lead to
[0.257s]   problems in calling code that expects `find_package` result variables
[0.257s]   (e.g., `_FOUND`) to follow a certain pattern.
[0.257s] Call Stack (most recent call first):
[0.257s]   /opt/ros/galactic/share/backward_ros/cmake/BackwardConfig.cmake:55 (find_package_handle_standard_args)
[0.257s]   /opt/ros/galactic/share/backward_ros/cmake/backward_rosConfig.cmake:41 (include)
[0.257s]   /opt/ros/galactic/share/moveit_common/cmake/moveit_package.cmake:36 (find_package)
[0.257s]   CMakeLists.txt:19 (moveit_package)
[0.257s] This warning is for project developers.  Use -Wno-dev to suppress it.
[0.257s] [0m
[0.257s] -- Found libdw: /usr/lib/x86_64-linux-gnu/libdw.so
[0.267s] [33mCMake Warning (dev) at /usr/local/share/cmake-3.29/Modules/FindPackageHandleStandardArgs.cmake:438 (message):
[0.267s]   The package name passed to `find_package_handle_standard_args` (libbfd)
[0.267s]   does not match the name of the calling package (backward_ros).  This can
[0.267s]   lead to problems in calling code that expects `find_package` result
[0.267s]   variables (e.g., `_FOUND`) to follow a certain pattern.
[0.267s] Call Stack (most recent call first):
[0.267s]   /opt/ros/galactic/share/backward_ros/cmake/BackwardConfig.cmake:66 (find_package_handle_standard_args)
[0.267s]   /opt/ros/galactic/share/backward_ros/cmake/backward_rosConfig.cmake:41 (include)
[0.267s]   /opt/ros/galactic/share/moveit_common/cmake/moveit_package.cmake:36 (find_package)
[0.267s]   CMakeLists.txt:19 (moveit_package)
[0.267s] This warning is for project developers.  Use -Wno-dev to suppress it.
[0.267s] [0m
[0.267s] -- Could NOT find libbfd (missing: LIBBFD_LIBRARY LIBBFD_INCLUDE_DIR) 
[0.267s] -- BACKWARD_HAS_UNWIND=1
[0.267s] -- BACKWARD_HAS_BACKTRACE=0
[0.267s] -- BACKWARD_HAS_BACKTRACE_SYMBOL=0
[0.267s] -- BACKWARD_HAS_DW=1
[0.268s] -- BACKWARD_HAS_BFD=0
[0.268s] [33mCMake Warning (dev) at /usr/local/share/cmake-3.29/Modules/FindPackageHandleStandardArgs.cmake:438 (message):
[0.268s]   The package name passed to `find_package_handle_standard_args` (Backward)
[0.268s]   does not match the name of the calling package (backward_ros).  This can
[0.268s]   lead to problems in calling code that expects `find_package` result
[0.268s]   variables (e.g., `_FOUND`) to follow a certain pattern.
[0.268s] Call Stack (most recent call first):
[0.268s]   /opt/ros/galactic/share/backward_ros/cmake/BackwardConfig.cmake:128 (find_package_handle_standard_args)
[0.268s]   /opt/ros/galactic/share/backward_ros/cmake/backward_rosConfig.cmake:41 (include)
[0.268s]   /opt/ros/galactic/share/moveit_common/cmake/moveit_package.cmake:36 (find_package)
[0.268s]   CMakeLists.txt:19 (moveit_package)
[0.268s] This warning is for project developers.  Use -Wno-dev to suppress it.
[0.268s] [0m
[0.268s] -- Found Backward: /opt/ros/galactic/share/backward_ros/cmake
[0.268s] [0miiwa_moveit2: You did not request a specific build type: Choosing 'Release' for maximum performance[0m
[0.270s] -- Found control_msgs: 3.0.0 (/opt/ros/galactic/share/control_msgs/cmake)
[0.293s] -- Using all available rosidl_typesupport_c: rosidl_typesupport_fastrtps_c;rosidl_typesupport_introspection_c
[0.299s] -- Found rosidl_adapter: 2.2.3 (/opt/ros/galactic/share/rosidl_adapter/cmake)
[0.413s] -- Found OpenSSL: /usr/lib/x86_64-linux-gnu/libcrypto.so (found version "1.1.1f")
[0.447s] -- Found FastRTPS: /opt/ros/galactic/include
[0.533s] -- Using all available rosidl_typesupport_cpp: rosidl_typesupport_fastrtps_cpp;rosidl_typesupport_introspection_cpp
[0.951s] -- Found moveit_core: 2.3.4 (/opt/ros/galactic/share/moveit_core/cmake)
[1.194s] -- Found Boost: /usr/lib/x86_64-linux-gnu/cmake/Boost-1.71.0/BoostConfig.cmake (found version "1.71.0") found components: chrono date_time filesystem iostreams program_options regex serialization system thread
[1.213s] -- Found Boost: /usr/lib/x86_64-linux-gnu/cmake/Boost-1.71.0/BoostConfig.cmake (found version "1.71.0") found components: filesystem
[1.284s] -- Found rmw_implementation_cmake: 3.3.1 (/opt/ros/galactic/share/rmw_implementation_cmake/cmake)
[1.285s] -- Found rmw_cyclonedds_cpp: 0.22.6 (/opt/ros/galactic/share/rmw_cyclonedds_cpp/cmake)
[1.295s] -- Using RMW implementation 'rmw_cyclonedds_cpp' as default
[1.296s] -- Found Threads: TRUE
[1.473s] -- library: /usr/lib/x86_64-linux-gnu/libcurl.so
[1.596s] -- Found Eigen3: TRUE (found version "3.3.7")
[2.518s] -- Found moveit_servo: 2.3.4 (/opt/ros/galactic/share/moveit_servo/cmake)
[2.747s] -- Found Boost: /usr/lib/x86_64-linux-gnu/cmake/Boost-1.71.0/BoostConfig.cmake (found version "1.71.0") found components: system filesystem date_time program_options thread chrono
[2.892s] -- Found Boost: /usr/lib/x86_64-linux-gnu/cmake/Boost-1.71.0/BoostConfig.cmake (found version "1.71.0") found components: thread
[3.403s] -- Found ament_cmake_gtest: 1.1.6 (/opt/ros/galactic/share/ament_cmake_gtest/cmake)
[3.404s] -- Found ament_lint_auto: 0.10.7 (/opt/ros/galactic/share/ament_lint_auto/cmake)
[3.414s] -- Added test 'copyright' to check source files copyright and LICENSE
[3.415s] -- Added test 'cppcheck' to perform static code analysis on C / C++ code
[3.415s] -- Configured cppcheck include dirs: 
[3.415s] -- Configured cppcheck exclude dirs and/or files: 
[3.415s] -- Added test 'cpplint' to check C / C++ code against the Google style
[3.415s] -- Configured cpplint exclude dirs and/or files: 
[3.415s] -- Added test 'lint_cmake' to check CMake code style
[3.416s] -- Added test 'uncrustify' to check C / C++ code style
[3.416s] -- Configured uncrustify additional arguments: 
[3.416s] -- Added test 'xmllint' to check XML markup files
[3.417s] -- Configuring done (3.4s)
[3.471s] -- Generating done (0.0s)
[3.473s] -- Build files have been written to: /home/dvij/ee206-project/ping-pong-robot/ppr_ws/build/iiwa_moveit2
