[100%] Built target external_torque_sensor_broadcaster
-- Install configuration: ""
-- Installing: /home/dvij/ee206-project/ping-pong-robot/ppr_ws/install/external_torque_sensor_broadcaster/share/external_torque_sensor_broadcaster/external_torque_sensor_broadcaster.xml
-- Installing: /home/dvij/ee206-project/ping-pong-robot/ppr_ws/install/external_torque_sensor_broadcaster/lib/libexternal_torque_sensor_broadcaster.so
-- Set non-toolchain portion of runtime path of "/home/dvij/ee206-project/ping-pong-robot/ppr_ws/install/external_torque_sensor_broadcaster/lib/libexternal_torque_sensor_broadcaster.so" to ""
-- Installing: /home/dvij/ee206-project/ping-pong-robot/ppr_ws/install/external_torque_sensor_broadcaster/include
-- Installing: /home/dvij/ee206-project/ping-pong-robot/ppr_ws/install/external_torque_sensor_broadcaster/include/external_torque_sensor_broadcaster
-- Installing: /home/dvij/ee206-project/ping-pong-robot/ppr_ws/install/external_torque_sensor_broadcaster/include/external_torque_sensor_broadcaster/visibility_control.h
-- Installing: /home/dvij/ee206-project/ping-pong-robot/ppr_ws/install/external_torque_sensor_broadcaster/include/external_torque_sensor_broadcaster/external_torque_sensor_broadcaster.hpp
-- Installing: /home/dvij/ee206-project/ping-pong-robot/ppr_ws/install/external_torque_sensor_broadcaster/include/external_torque_sensor_broadcaster/external_torque_sensor.hpp
-- Installing: /home/dvij/ee206-project/ping-pong-robot/ppr_ws/install/external_torque_sensor_broadcaster/share/external_torque_sensor_broadcaster/environment/library_path.sh
-- Installing: /home/dvij/ee206-project/ping-pong-robot/ppr_ws/install/external_torque_sensor_broadcaster/share/external_torque_sensor_broadcaster/environment/library_path.dsv
-- Installing: /home/dvij/ee206-project/ping-pong-robot/ppr_ws/install/external_torque_sensor_broadcaster/share/ament_index/resource_index/package_run_dependencies/external_torque_sensor_broadcaster
-- Installing: /home/dvij/ee206-project/ping-pong-robot/ppr_ws/install/external_torque_sensor_broadcaster/share/ament_index/resource_index/parent_prefix_path/external_torque_sensor_broadcaster
-- Installing: /home/dvij/ee206-project/ping-pong-robot/ppr_ws/install/external_torque_sensor_broadcaster/share/external_torque_sensor_broadcaster/environment/ament_prefix_path.sh
-- Installing: /home/dvij/ee206-project/ping-pong-robot/ppr_ws/install/external_torque_sensor_broadcaster/share/external_torque_sensor_broadcaster/environment/ament_prefix_path.dsv
-- Installing: /home/dvij/ee206-project/ping-pong-robot/ppr_ws/install/external_torque_sensor_broadcaster/share/external_torque_sensor_broadcaster/environment/path.sh
-- Installing: /home/dvij/ee206-project/ping-pong-robot/ppr_ws/install/external_torque_sensor_broadcaster/share/external_torque_sensor_broadcaster/environment/path.dsv
-- Installing: /home/dvij/ee206-project/ping-pong-robot/ppr_ws/install/external_torque_sensor_broadcaster/share/external_torque_sensor_broadcaster/local_setup.bash
-- Installing: /home/dvij/ee206-project/ping-pong-robot/ppr_ws/install/external_torque_sensor_broadcaster/share/external_torque_sensor_broadcaster/local_setup.sh
-- Installing: /home/dvij/ee206-project/ping-pong-robot/ppr_ws/install/external_torque_sensor_broadcaster/share/external_torque_sensor_broadcaster/local_setup.zsh
-- Installing: /home/dvij/ee206-project/ping-pong-robot/ppr_ws/install/external_torque_sensor_broadcaster/share/external_torque_sensor_broadcaster/local_setup.dsv
-- Installing: /home/dvij/ee206-project/ping-pong-robot/ppr_ws/install/external_torque_sensor_broadcaster/share/external_torque_sensor_broadcaster/package.dsv
-- Installing: /home/dvij/ee206-project/ping-pong-robot/ppr_ws/install/external_torque_sensor_broadcaster/share/ament_index/resource_index/packages/external_torque_sensor_broadcaster
-- Installing: /home/dvij/ee206-project/ping-pong-robot/ppr_ws/install/external_torque_sensor_broadcaster/share/ament_index/resource_index/controller_interface__pluginlib__plugin/external_torque_sensor_broadcaster
-- Installing: /home/dvij/ee206-project/ping-pong-robot/ppr_ws/install/external_torque_sensor_broadcaster/share/external_torque_sensor_broadcaster/cmake/ament_cmake_export_include_directories-extras.cmake
-- Installing: /home/dvij/ee206-project/ping-pong-robot/ppr_ws/install/external_torque_sensor_broadcaster/share/external_torque_sensor_broadcaster/cmake/ament_cmake_export_libraries-extras.cmake
-- Installing: /home/dvij/ee206-project/ping-pong-robot/ppr_ws/install/external_torque_sensor_broadcaster/share/external_torque_sensor_broadcaster/cmake/ament_cmake_export_dependencies-extras.cmake
-- Installing: /home/dvij/ee206-project/ping-pong-robot/ppr_ws/install/external_torque_sensor_broadcaster/share/external_torque_sensor_broadcaster/cmake/external_torque_sensor_broadcasterConfig.cmake
-- Installing: /home/dvij/ee206-project/ping-pong-robot/ppr_ws/install/external_torque_sensor_broadcaster/share/external_torque_sensor_broadcaster/cmake/external_torque_sensor_broadcasterConfig-version.cmake
-- Installing: /home/dvij/ee206-project/ping-pong-robot/ppr_ws/install/external_torque_sensor_broadcaster/share/external_torque_sensor_broadcaster/package.xml
