[0.034s] Invoking command in '/home/dvij/ee206-project/ping-pong-robot/ppr_ws/build/external_torque_sensor_broadcaster': CMAKE_PREFIX_PATH=/opt/ros/foxy:/opt/ros/galactic:${CMAKE_PREFIX_PATH} CONDA_PROMPT_MODIFIER=(base) /usr/local/bin/cmake --build /home/dvij/ee206-project/ping-pong-robot/ppr_ws/build/external_torque_sensor_broadcaster -- -j20 -l20
[0.218s] [100%] Built target external_torque_sensor_broadcaster
[0.224s] Invoked command in '/home/dvij/ee206-project/ping-pong-robot/ppr_ws/build/external_torque_sensor_broadcaster' returned '0': CMAKE_PREFIX_PATH=/opt/ros/foxy:/opt/ros/galactic:${CMAKE_PREFIX_PATH} CONDA_PROMPT_MODIFIER=(base) /usr/local/bin/cmake --build /home/dvij/ee206-project/ping-pong-robot/ppr_ws/build/external_torque_sensor_broadcaster -- -j20 -l20
[0.252s] Invoking command in '/home/dvij/ee206-project/ping-pong-robot/ppr_ws/build/external_torque_sensor_broadcaster': CMAKE_PREFIX_PATH=/opt/ros/foxy:/opt/ros/galactic:${CMAKE_PREFIX_PATH} CONDA_PROMPT_MODIFIER=(base) /usr/local/bin/cmake --install /home/dvij/ee206-project/ping-pong-robot/ppr_ws/build/external_torque_sensor_broadcaster
[0.253s] -- Install configuration: ""
[0.253s] -- Installing: /home/dvij/ee206-project/ping-pong-robot/ppr_ws/install/external_torque_sensor_broadcaster/share/external_torque_sensor_broadcaster/external_torque_sensor_broadcaster.xml
[0.253s] -- Installing: /home/dvij/ee206-project/ping-pong-robot/ppr_ws/install/external_torque_sensor_broadcaster/lib/libexternal_torque_sensor_broadcaster.so
[0.255s] -- Set non-toolchain portion of runtime path of "/home/dvij/ee206-project/ping-pong-robot/ppr_ws/install/external_torque_sensor_broadcaster/lib/libexternal_torque_sensor_broadcaster.so" to ""
[0.255s] -- Installing: /home/dvij/ee206-project/ping-pong-robot/ppr_ws/install/external_torque_sensor_broadcaster/include
[0.255s] -- Installing: /home/dvij/ee206-project/ping-pong-robot/ppr_ws/install/external_torque_sensor_broadcaster/include/external_torque_sensor_broadcaster
[0.255s] -- Installing: /home/dvij/ee206-project/ping-pong-robot/ppr_ws/install/external_torque_sensor_broadcaster/include/external_torque_sensor_broadcaster/visibility_control.h
[0.255s] -- Installing: /home/dvij/ee206-project/ping-pong-robot/ppr_ws/install/external_torque_sensor_broadcaster/include/external_torque_sensor_broadcaster/external_torque_sensor_broadcaster.hpp
[0.255s] -- Installing: /home/dvij/ee206-project/ping-pong-robot/ppr_ws/install/external_torque_sensor_broadcaster/include/external_torque_sensor_broadcaster/external_torque_sensor.hpp
[0.255s] -- Installing: /home/dvij/ee206-project/ping-pong-robot/ppr_ws/install/external_torque_sensor_broadcaster/share/external_torque_sensor_broadcaster/environment/library_path.sh
[0.255s] -- Installing: /home/dvij/ee206-project/ping-pong-robot/ppr_ws/install/external_torque_sensor_broadcaster/share/external_torque_sensor_broadcaster/environment/library_path.dsv
[0.255s] -- Installing: /home/dvij/ee206-project/ping-pong-robot/ppr_ws/install/external_torque_sensor_broadcaster/share/ament_index/resource_index/package_run_dependencies/external_torque_sensor_broadcaster
[0.256s] -- Installing: /home/dvij/ee206-project/ping-pong-robot/ppr_ws/install/external_torque_sensor_broadcaster/share/ament_index/resource_index/parent_prefix_path/external_torque_sensor_broadcaster
[0.256s] -- Installing: /home/dvij/ee206-project/ping-pong-robot/ppr_ws/install/external_torque_sensor_broadcaster/share/external_torque_sensor_broadcaster/environment/ament_prefix_path.sh
[0.256s] -- Installing: /home/dvij/ee206-project/ping-pong-robot/ppr_ws/install/external_torque_sensor_broadcaster/share/external_torque_sensor_broadcaster/environment/ament_prefix_path.dsv
[0.256s] -- Installing: /home/dvij/ee206-project/ping-pong-robot/ppr_ws/install/external_torque_sensor_broadcaster/share/external_torque_sensor_broadcaster/environment/path.sh
[0.256s] -- Installing: /home/dvij/ee206-project/ping-pong-robot/ppr_ws/install/external_torque_sensor_broadcaster/share/external_torque_sensor_broadcaster/environment/path.dsv
[0.256s] -- Installing: /home/dvij/ee206-project/ping-pong-robot/ppr_ws/install/external_torque_sensor_broadcaster/share/external_torque_sensor_broadcaster/local_setup.bash
[0.256s] -- Installing: /home/dvij/ee206-project/ping-pong-robot/ppr_ws/install/external_torque_sensor_broadcaster/share/external_torque_sensor_broadcaster/local_setup.sh
[0.256s] -- Installing: /home/dvij/ee206-project/ping-pong-robot/ppr_ws/install/external_torque_sensor_broadcaster/share/external_torque_sensor_broadcaster/local_setup.zsh
[0.256s] -- Installing: /home/dvij/ee206-project/ping-pong-robot/ppr_ws/install/external_torque_sensor_broadcaster/share/external_torque_sensor_broadcaster/local_setup.dsv
[0.256s] -- Installing: /home/dvij/ee206-project/ping-pong-robot/ppr_ws/install/external_torque_sensor_broadcaster/share/external_torque_sensor_broadcaster/package.dsv
[0.256s] -- Installing: /home/dvij/ee206-project/ping-pong-robot/ppr_ws/install/external_torque_sensor_broadcaster/share/ament_index/resource_index/packages/external_torque_sensor_broadcaster
[0.256s] -- Installing: /home/dvij/ee206-project/ping-pong-robot/ppr_ws/install/external_torque_sensor_broadcaster/share/ament_index/resource_index/controller_interface__pluginlib__plugin/external_torque_sensor_broadcaster
[0.257s] -- Installing: /home/dvij/ee206-project/ping-pong-robot/ppr_ws/install/external_torque_sensor_broadcaster/share/external_torque_sensor_broadcaster/cmake/ament_cmake_export_include_directories-extras.cmake
[0.257s] -- Installing: /home/dvij/ee206-project/ping-pong-robot/ppr_ws/install/external_torque_sensor_broadcaster/share/external_torque_sensor_broadcaster/cmake/ament_cmake_export_libraries-extras.cmake
[0.257s] -- Installing: /home/dvij/ee206-project/ping-pong-robot/ppr_ws/install/external_torque_sensor_broadcaster/share/external_torque_sensor_broadcaster/cmake/ament_cmake_export_dependencies-extras.cmake
[0.257s] -- Installing: /home/dvij/ee206-project/ping-pong-robot/ppr_ws/install/external_torque_sensor_broadcaster/share/external_torque_sensor_broadcaster/cmake/external_torque_sensor_broadcasterConfig.cmake
[0.257s] -- Installing: /home/dvij/ee206-project/ping-pong-robot/ppr_ws/install/external_torque_sensor_broadcaster/share/external_torque_sensor_broadcaster/cmake/external_torque_sensor_broadcasterConfig-version.cmake
[0.257s] -- Installing: /home/dvij/ee206-project/ping-pong-robot/ppr_ws/install/external_torque_sensor_broadcaster/share/external_torque_sensor_broadcaster/package.xml
[0.277s] Invoked command in '/home/dvij/ee206-project/ping-pong-robot/ppr_ws/build/external_torque_sensor_broadcaster' returned '0': CMAKE_PREFIX_PATH=/opt/ros/foxy:/opt/ros/galactic:${CMAKE_PREFIX_PATH} CONDA_PROMPT_MODIFIER=(base) /usr/local/bin/cmake --install /home/dvij/ee206-project/ping-pong-robot/ppr_ws/build/external_torque_sensor_broadcaster
