[0.020s] Invoking command in '/home/dvij/ee206-project/ping-pong-robot/ppr_ws/build/iiwa_description': CONDA_PROMPT_MODIFIER=(base) /usr/local/bin/cmake /home/dvij/ee206-project/ping-pong-robot/ppr_ws/src/iiwa_ros2/iiwa_description -DCMAKE_INSTALL_PREFIX=/home/dvij/ee206-project/ping-pong-robot/ppr_ws/install/iiwa_description
[0.152s] -- Configuring incomplete, errors occurred!
[0.152s] [31mCMake Error at CMakeLists.txt:19 (find_package):
[0.153s]   By not providing "Findament_cmake.cmake" in CMAKE_MODULE_PATH this project
[0.153s]   has asked CMake to find a package configuration file provided by
[0.153s]   "ament_cmake", but CMake did not find one.
[0.153s] 
[0.153s]   Could not find a package configuration file provided by "ament_cmake" with
[0.154s]   any of the following names:
[0.154s] 
[0.154s]     ament_cmakeConfig.cmake
[0.154s]     ament_cmake-config.cmake
[0.154s] 
[0.154s]   Add the installation prefix of "ament_cmake" to CMAKE_PREFIX_PATH or set
[0.154s]   "ament_cmake_DIR" to a directory containing one of the above files.  If
[0.155s]   "ament_cmake" provides a separate development package or SDK, be sure it
[0.156s]   has been installed.
[0.157s] 
[0.157s] [0m
[0.161s] Invoked command in '/home/dvij/ee206-project/ping-pong-robot/ppr_ws/build/iiwa_description' returned '1': CONDA_PROMPT_MODIFIER=(base) /usr/local/bin/cmake /home/dvij/ee206-project/ping-pong-robot/ppr_ws/src/iiwa_ros2/iiwa_description -DCMAKE_INSTALL_PREFIX=/home/dvij/ee206-project/ping-pong-robot/ppr_ws/install/iiwa_description
