running egg_info
writing ../../../../build/visual_servo/visual_servo.egg-info/PKG-INFO
writing dependency_links to ../../../../build/visual_servo/visual_servo.egg-info/dependency_links.txt
writing entry points to ../../../../build/visual_servo/visual_servo.egg-info/entry_points.txt
writing requirements to ../../../../build/visual_servo/visual_servo.egg-info/requires.txt
writing top-level names to ../../../../build/visual_servo/visual_servo.egg-info/top_level.txt
reading manifest file '../../../../build/visual_servo/visual_servo.egg-info/SOURCES.txt'
writing manifest file '../../../../build/visual_servo/visual_servo.egg-info/SOURCES.txt'
running build
running build_py
creating /home/pingpongproject/code/ping-pong-robot/lbr_fri_ros2_stack_ws_foxy2/build/visual_servo/build
creating /home/pingpongproject/code/ping-pong-robot/lbr_fri_ros2_stack_ws_foxy2/build/visual_servo/build/lib
creating /home/pingpongproject/code/ping-pong-robot/lbr_fri_ros2_stack_ws_foxy2/build/visual_servo/build/lib/visual_servo
copying visual_servo/__init__.py -> /home/pingpongproject/code/ping-pong-robot/lbr_fri_ros2_stack_ws_foxy2/build/visual_servo/build/lib/visual_servo
copying visual_servo/visual_servo_node.py -> /home/pingpongproject/code/ping-pong-robot/lbr_fri_ros2_stack_ws_foxy2/build/visual_servo/build/lib/visual_servo
running install
running install_lib
creating /home/pingpongproject/code/ping-pong-robot/lbr_fri_ros2_stack_ws_foxy2/install/visual_servo/lib/python3.8/site-packages/visual_servo
copying /home/pingpongproject/code/ping-pong-robot/lbr_fri_ros2_stack_ws_foxy2/build/visual_servo/build/lib/visual_servo/__init__.py -> /home/pingpongproject/code/ping-pong-robot/lbr_fri_ros2_stack_ws_foxy2/install/visual_servo/lib/python3.8/site-packages/visual_servo
copying /home/pingpongproject/code/ping-pong-robot/lbr_fri_ros2_stack_ws_foxy2/build/visual_servo/build/lib/visual_servo/visual_servo_node.py -> /home/pingpongproject/code/ping-pong-robot/lbr_fri_ros2_stack_ws_foxy2/install/visual_servo/lib/python3.8/site-packages/visual_servo
byte-compiling /home/pingpongproject/code/ping-pong-robot/lbr_fri_ros2_stack_ws_foxy2/install/visual_servo/lib/python3.8/site-packages/visual_servo/__init__.py to __init__.cpython-38.pyc
byte-compiling /home/pingpongproject/code/ping-pong-robot/lbr_fri_ros2_stack_ws_foxy2/install/visual_servo/lib/python3.8/site-packages/visual_servo/visual_servo_node.py to visual_servo_node.cpython-38.pyc
running install_data
copying resource/visual_servo -> /home/pingpongproject/code/ping-pong-robot/lbr_fri_ros2_stack_ws_foxy2/install/visual_servo/share/ament_index/resource_index/packages
copying package.xml -> /home/pingpongproject/code/ping-pong-robot/lbr_fri_ros2_stack_ws_foxy2/install/visual_servo/share/visual_servo
running install_egg_info
Copying ../../../../build/visual_servo/visual_servo.egg-info to /home/pingpongproject/code/ping-pong-robot/lbr_fri_ros2_stack_ws_foxy2/install/visual_servo/lib/python3.8/site-packages/visual_servo-0.0.0-py3.8.egg-info
running install_scripts
Installing visual_servo script to /home/pingpongproject/code/ping-pong-robot/lbr_fri_ros2_stack_ws_foxy2/install/visual_servo/lib/visual_servo
writing list of installed files to '/home/pingpongproject/code/ping-pong-robot/lbr_fri_ros2_stack_ws_foxy2/build/visual_servo/install.log'
