[0.016s] Invoking command in '/home/dvij/ee206-project/ping-pong-robot/ros2_ws/src/camera_feed/build/camera_feed': CMAKE_PREFIX_PATH=/home/dvij/ee206-project/ping-pong-robot/ppr_ws/install/scene_interpreter:/home/dvij/ee206-project/ping-pong-robot/ppr_ws/install/camera_feed:/opt/ros/foxy:/opt/ros/galactic:${CMAKE_PREFIX_PATH} CONDA_PROMPT_MODIFIER=(base) /usr/local/bin/cmake /home/dvij/ee206-project/ping-pong-robot/ros2_ws/src/camera_feed -DCMAKE_INSTALL_PREFIX=/home/dvij/ee206-project/ping-pong-robot/ros2_ws/src/camera_feed/install/camera_feed
[0.113s] -- The C compiler identification is GNU 9.4.0
[0.176s] -- The CXX compiler identification is GNU 9.4.0
[0.193s] -- Detecting C compiler ABI info
[0.246s] -- Detecting C compiler ABI info - done
[0.255s] -- Check for working C compiler: /usr/bin/cc - skipped
[0.255s] -- Detecting C compile features
[0.255s] -- Detecting C compile features - done
[0.258s] -- Detecting CXX compiler ABI info
[0.305s] -- Detecting CXX compiler ABI info - done
[0.314s] -- Check for working CXX compiler: /usr/bin/c++ - skipped
[0.314s] -- Detecting CXX compile features
[0.314s] -- Detecting CXX compile features - done
[0.317s] -- Found ament_cmake: 0.9.12 (/opt/ros/foxy/share/ament_cmake/cmake)
[0.321s] [33mCMake Warning (dev) at /opt/ros/foxy/share/ament_cmake_core/cmake/core/python.cmake:22 (find_package):
[0.321s]   Policy CMP0148 is not set: The FindPythonInterp and FindPythonLibs modules
[0.321s]   are removed.  Run "cmake --help-policy CMP0148" for policy details.  Use
[0.321s]   the cmake_policy command to set the policy and suppress this warning.
[0.321s] 
[0.321s] Call Stack (most recent call first):
[0.321s]   /opt/ros/foxy/share/ament_cmake_core/cmake/core/all.cmake:53 (include)
[0.321s]   /opt/ros/foxy/share/ament_cmake_core/cmake/ament_cmake_core-extras.cmake:17 (include)
[0.321s]   /opt/ros/foxy/share/ament_cmake_core/cmake/ament_cmake_coreConfig.cmake:41 (include)
[0.321s]   /opt/ros/foxy/share/ament_cmake/cmake/ament_cmake_export_dependencies-extras.cmake:15 (find_package)
[0.321s]   /opt/ros/foxy/share/ament_cmake/cmake/ament_cmakeConfig.cmake:41 (include)
[0.321s]   CMakeLists.txt:8 (find_package)
[0.321s] This warning is for project developers.  Use -Wno-dev to suppress it.
[0.321s] [0m
[0.337s] -- Found PythonInterp: /home/dvij/anaconda3/bin/python3 (found suitable version "3.9.7", minimum required is "3")
[0.338s] -- Using PYTHON_EXECUTABLE: /home/dvij/anaconda3/bin/python3
[0.525s] -- Found rclcpp: 2.4.3 (/opt/ros/foxy/share/rclcpp/cmake)
[0.560s] -- Using all available rosidl_typesupport_c: rosidl_typesupport_fastrtps_c;rosidl_typesupport_introspection_c
[0.564s] -- Found rosidl_adapter: 1.3.1 (/opt/ros/foxy/share/rosidl_adapter/cmake)
[0.643s] -- Found OpenSSL: /usr/lib/x86_64-linux-gnu/libcrypto.so (found version "1.1.1f")
[0.665s] -- Found FastRTPS: /opt/ros/foxy/include
[0.720s] -- Using all available rosidl_typesupport_cpp: rosidl_typesupport_fastrtps_cpp;rosidl_typesupport_introspection_cpp
[0.755s] -- Found rmw_implementation_cmake: 1.0.4 (/opt/ros/foxy/share/rmw_implementation_cmake/cmake)
[0.756s] -- Using RMW implementation 'rmw_fastrtps_cpp' as default
[0.757s] -- Performing Test CMAKE_HAVE_LIBC_PTHREAD
[0.803s] -- Performing Test CMAKE_HAVE_LIBC_PTHREAD - Failed
[0.803s] -- Looking for pthread_create in pthreads
[0.841s] -- Looking for pthread_create in pthreads - not found
[0.842s] -- Looking for pthread_create in pthread
[0.884s] -- Looking for pthread_create in pthread - found
[0.884s] -- Found Threads: TRUE
[0.966s] -- Found sensor_msgs: 2.0.5 (/opt/ros/foxy/share/sensor_msgs/cmake)
[1.025s] -- Found cv_bridge: 3.0.7 (/opt/ros/foxy/share/cv_bridge/cmake)
[1.047s] -- Found OpenCV: /usr (found version "4.2.0")
[1.050s] -- Found PkgConfig: /usr/bin/pkg-config (found version "0.29.1")
[1.050s] -- Checking for module 'aravis-0.8'
[1.065s] --   Found aravis-0.8, version 0.8.22
[1.167s] [31mCMake Error at CMakeLists.txt:19 (find_package):
[1.167s]   By not providing "Findmy_sync_package.cmake" in CMAKE_MODULE_PATH this
[1.167s]   project has asked CMake to find a package configuration file provided by
[1.167s]   "my_sync_package", but CMake did not find one.
[1.167s] 
[1.167s]   Could not find a package configuration file provided by "my_sync_package"
[1.167s]   with any of the following names:
[1.167s] 
[1.167s]     my_sync_packageConfig.cmake
[1.167s]     my_sync_package-config.cmake
[1.168s] 
[1.168s]   Add the installation prefix of "my_sync_package" to CMAKE_PREFIX_PATH or
[1.168s]   set "my_sync_package_DIR" to a directory containing one of the above files.
[1.168s]   If "my_sync_package" provides a separate development package or SDK, be
[1.168s]   sure it has been installed.
[1.168s] 
[1.168s] [0m
[1.168s] -- Configuring incomplete, errors occurred!
[1.173s] Invoked command in '/home/dvij/ee206-project/ping-pong-robot/ros2_ws/src/camera_feed/build/camera_feed' returned '1': CMAKE_PREFIX_PATH=/home/dvij/ee206-project/ping-pong-robot/ppr_ws/install/scene_interpreter:/home/dvij/ee206-project/ping-pong-robot/ppr_ws/install/camera_feed:/opt/ros/foxy:/opt/ros/galactic:${CMAKE_PREFIX_PATH} CONDA_PROMPT_MODIFIER=(base) /usr/local/bin/cmake /home/dvij/ee206-project/ping-pong-robot/ros2_ws/src/camera_feed -DCMAKE_INSTALL_PREFIX=/home/dvij/ee206-project/ping-pong-robot/ros2_ws/src/camera_feed/install/camera_feed
