running egg_info
writing ../../../build/scene_interpreter/scene_interpreter.egg-info/PKG-INFO
writing dependency_links to ../../../build/scene_interpreter/scene_interpreter.egg-info/dependency_links.txt
writing entry points to ../../../build/scene_interpreter/scene_interpreter.egg-info/entry_points.txt
writing requirements to ../../../build/scene_interpreter/scene_interpreter.egg-info/requires.txt
writing top-level names to ../../../build/scene_interpreter/scene_interpreter.egg-info/top_level.txt
reading manifest file '../../../build/scene_interpreter/scene_interpreter.egg-info/SOURCES.txt'
writing manifest file '../../../build/scene_interpreter/scene_interpreter.egg-info/SOURCES.txt'
running build
running build_py
copying scene_interpreter/mujoco_env_kuka_with_table.py -> /home/dvij/ee206-project/ping-pong-robot/vision_tracking/build/scene_interpreter/build/lib/scene_interpreter
running install
running install_lib
copying /home/dvij/ee206-project/ping-pong-robot/vision_tracking/build/scene_interpreter/build/lib/scene_interpreter/mujoco_env_kuka_with_table.py -> /home/dvij/ee206-project/ping-pong-robot/vision_tracking/install/scene_interpreter/lib/python3.8/site-packages/scene_interpreter
byte-compiling /home/dvij/ee206-project/ping-pong-robot/vision_tracking/install/scene_interpreter/lib/python3.8/site-packages/scene_interpreter/mujoco_env_kuka_with_table.py to mujoco_env_kuka_with_table.cpython-38.pyc
running install_data
running install_egg_info
removing '/home/dvij/ee206-project/ping-pong-robot/vision_tracking/install/scene_interpreter/lib/python3.8/site-packages/scene_interpreter-0.0.0-py3.8.egg-info' (and everything under it)
Copying ../../../build/scene_interpreter/scene_interpreter.egg-info to /home/dvij/ee206-project/ping-pong-robot/vision_tracking/install/scene_interpreter/lib/python3.8/site-packages/scene_interpreter-0.0.0-py3.8.egg-info
running install_scripts
Installing ball_pub_ros2 script to /home/dvij/ee206-project/ping-pong-robot/vision_tracking/install/scene_interpreter/lib/scene_interpreter
Installing mujoco_sim_mod script to /home/dvij/ee206-project/ping-pong-robot/vision_tracking/install/scene_interpreter/lib/scene_interpreter
Installing scene_interpreter script to /home/dvij/ee206-project/ping-pong-robot/vision_tracking/install/scene_interpreter/lib/scene_interpreter
writing list of installed files to '/home/dvij/ee206-project/ping-pong-robot/vision_tracking/build/scene_interpreter/install.log'
