[0.020s] Invoking command in '/home/dvij/ee206-project/ping-pong-robot/vision_tracking/ros2_ws/build/interface': CMAKE_PREFIX_PATH=/opt/ros/foxy /usr/local/bin/cmake --build /home/dvij/ee206-project/ping-pong-robot/vision_tracking/ros2_ws/build/interface -- -j20 -l20
[0.291s] [  3%] Built target interface__cpp
[0.291s] [ 12%] Built target interface__rosidl_generator_c
[0.291s] [ 22%] Built target interface__rosidl_typesupport_cpp
[0.291s] [ 32%] Built target interface__rosidl_typesupport_fastrtps_cpp
[0.291s] [ 41%] Built target interface__rosidl_typesupport_introspection_cpp
[0.291s] [ 51%] Built target interface__rosidl_typesupport_introspection_c
[0.291s] [ 61%] Built target interface__rosidl_typesupport_c
[0.291s] [ 70%] Built target interface__rosidl_typesupport_fastrtps_c
[0.291s] [ 70%] Built target interface
[0.291s] [ 74%] Built target interface__py
[0.291s] [ 80%] Built target interface__python
[0.292s] [100%] Built target interface__rosidl_typesupport_introspection_c__pyext
[0.292s] [100%] Built target interface__rosidl_typesupport_c__pyext
[0.292s] [100%] Built target interface__rosidl_typesupport_fastrtps_c__pyext
[0.296s] Invoked command in '/home/dvij/ee206-project/ping-pong-robot/vision_tracking/ros2_ws/build/interface' returned '0': CMAKE_PREFIX_PATH=/opt/ros/foxy /usr/local/bin/cmake --build /home/dvij/ee206-project/ping-pong-robot/vision_tracking/ros2_ws/build/interface -- -j20 -l20
[0.335s] Invoking command in '/home/dvij/ee206-project/ping-pong-robot/vision_tracking/ros2_ws/build/interface': CMAKE_PREFIX_PATH=/opt/ros/foxy /usr/local/bin/cmake --install /home/dvij/ee206-project/ping-pong-robot/vision_tracking/ros2_ws/build/interface
[0.336s] -- Install configuration: ""
[0.336s] -- Up-to-date: /home/dvij/ee206-project/ping-pong-robot/vision_tracking/ros2_ws/install/interface/share/ament_index/resource_index/rosidl_interfaces/interface
[0.337s] -- Up-to-date: /home/dvij/ee206-project/ping-pong-robot/vision_tracking/ros2_ws/install/interface/include/interface
[0.337s] -- Up-to-date: /home/dvij/ee206-project/ping-pong-robot/vision_tracking/ros2_ws/install/interface/include/interface/msg
[0.337s] -- Up-to-date: /home/dvij/ee206-project/ping-pong-robot/vision_tracking/ros2_ws/install/interface/include/interface/msg/rosidl_generator_c__visibility_control.h
[0.337s] -- Up-to-date: /home/dvij/ee206-project/ping-pong-robot/vision_tracking/ros2_ws/install/interface/include/interface/msg/detail
[0.337s] -- Up-to-date: /home/dvij/ee206-project/ping-pong-robot/vision_tracking/ros2_ws/install/interface/include/interface/msg/detail/scene__functions.c
[0.337s] -- Up-to-date: /home/dvij/ee206-project/ping-pong-robot/vision_tracking/ros2_ws/install/interface/include/interface/msg/detail/scene__type_support.h
[0.339s] -- Up-to-date: /home/dvij/ee206-project/ping-pong-robot/vision_tracking/ros2_ws/install/interface/include/interface/msg/detail/scene__struct.h
[0.339s] -- Up-to-date: /home/dvij/ee206-project/ping-pong-robot/vision_tracking/ros2_ws/install/interface/include/interface/msg/detail/scene__functions.h
[0.339s] -- Up-to-date: /home/dvij/ee206-project/ping-pong-robot/vision_tracking/ros2_ws/install/interface/include/interface/msg/scene.h
[0.339s] -- Up-to-date: /home/dvij/ee206-project/ping-pong-robot/vision_tracking/ros2_ws/install/interface/share/interface/environment/library_path.sh
[0.339s] -- Up-to-date: /home/dvij/ee206-project/ping-pong-robot/vision_tracking/ros2_ws/install/interface/share/interface/environment/library_path.dsv
[0.339s] -- Up-to-date: /home/dvij/ee206-project/ping-pong-robot/vision_tracking/ros2_ws/install/interface/lib/libinterface__rosidl_generator_c.so
[0.339s] -- Up-to-date: /home/dvij/ee206-project/ping-pong-robot/vision_tracking/ros2_ws/install/interface/include/interface
[0.339s] -- Up-to-date: /home/dvij/ee206-project/ping-pong-robot/vision_tracking/ros2_ws/install/interface/include/interface/msg
[0.339s] -- Up-to-date: /home/dvij/ee206-project/ping-pong-robot/vision_tracking/ros2_ws/install/interface/include/interface/msg/rosidl_typesupport_fastrtps_c__visibility_control.h
[0.339s] -- Up-to-date: /home/dvij/ee206-project/ping-pong-robot/vision_tracking/ros2_ws/install/interface/include/interface/msg/detail
[0.339s] -- Up-to-date: /home/dvij/ee206-project/ping-pong-robot/vision_tracking/ros2_ws/install/interface/include/interface/msg/detail/scene__rosidl_typesupport_fastrtps_c.h
[0.340s] -- Up-to-date: /home/dvij/ee206-project/ping-pong-robot/vision_tracking/ros2_ws/install/interface/lib/libinterface__rosidl_typesupport_fastrtps_c.so
[0.340s] -- Up-to-date: /home/dvij/ee206-project/ping-pong-robot/vision_tracking/ros2_ws/install/interface/include/interface
[0.340s] -- Up-to-date: /home/dvij/ee206-project/ping-pong-robot/vision_tracking/ros2_ws/install/interface/include/interface/msg
[0.340s] -- Up-to-date: /home/dvij/ee206-project/ping-pong-robot/vision_tracking/ros2_ws/install/interface/include/interface/msg/rosidl_typesupport_fastrtps_cpp__visibility_control.h
[0.340s] -- Up-to-date: /home/dvij/ee206-project/ping-pong-robot/vision_tracking/ros2_ws/install/interface/include/interface/msg/detail
[0.340s] -- Up-to-date: /home/dvij/ee206-project/ping-pong-robot/vision_tracking/ros2_ws/install/interface/include/interface/msg/detail/scene__rosidl_typesupport_fastrtps_cpp.hpp
[0.340s] -- Up-to-date: /home/dvij/ee206-project/ping-pong-robot/vision_tracking/ros2_ws/install/interface/include/interface/msg/detail/dds_fastrtps
[0.341s] -- Up-to-date: /home/dvij/ee206-project/ping-pong-robot/vision_tracking/ros2_ws/install/interface/lib/libinterface__rosidl_typesupport_fastrtps_cpp.so
[0.341s] -- Up-to-date: /home/dvij/ee206-project/ping-pong-robot/vision_tracking/ros2_ws/install/interface/include/interface
[0.342s] -- Up-to-date: /home/dvij/ee206-project/ping-pong-robot/vision_tracking/ros2_ws/install/interface/include/interface/msg
[0.342s] -- Up-to-date: /home/dvij/ee206-project/ping-pong-robot/vision_tracking/ros2_ws/install/interface/include/interface/msg/rosidl_typesupport_introspection_c__visibility_control.h
[0.342s] -- Up-to-date: /home/dvij/ee206-project/ping-pong-robot/vision_tracking/ros2_ws/install/interface/include/interface/msg/detail
[0.343s] -- Up-to-date: /home/dvij/ee206-project/ping-pong-robot/vision_tracking/ros2_ws/install/interface/include/interface/msg/detail/scene__type_support.c
[0.343s] -- Up-to-date: /home/dvij/ee206-project/ping-pong-robot/vision_tracking/ros2_ws/install/interface/include/interface/msg/detail/scene__rosidl_typesupport_introspection_c.h
[0.343s] -- Up-to-date: /home/dvij/ee206-project/ping-pong-robot/vision_tracking/ros2_ws/install/interface/lib/libinterface__rosidl_typesupport_introspection_c.so
[0.343s] -- Up-to-date: /home/dvij/ee206-project/ping-pong-robot/vision_tracking/ros2_ws/install/interface/lib/libinterface__rosidl_typesupport_c.so
[0.343s] -- Up-to-date: /home/dvij/ee206-project/ping-pong-robot/vision_tracking/ros2_ws/install/interface/include/interface
[0.343s] -- Up-to-date: /home/dvij/ee206-project/ping-pong-robot/vision_tracking/ros2_ws/install/interface/include/interface/msg
[0.343s] -- Up-to-date: /home/dvij/ee206-project/ping-pong-robot/vision_tracking/ros2_ws/install/interface/include/interface/msg/rosidl_generator_cpp__visibility_control.hpp
[0.344s] -- Up-to-date: /home/dvij/ee206-project/ping-pong-robot/vision_tracking/ros2_ws/install/interface/include/interface/msg/scene.hpp
[0.344s] -- Up-to-date: /home/dvij/ee206-project/ping-pong-robot/vision_tracking/ros2_ws/install/interface/include/interface/msg/detail
[0.344s] -- Up-to-date: /home/dvij/ee206-project/ping-pong-robot/vision_tracking/ros2_ws/install/interface/include/interface/msg/detail/scene__builder.hpp
[0.346s] -- Up-to-date: /home/dvij/ee206-project/ping-pong-robot/vision_tracking/ros2_ws/install/interface/include/interface/msg/detail/scene__type_support.hpp
[0.346s] -- Up-to-date: /home/dvij/ee206-project/ping-pong-robot/vision_tracking/ros2_ws/install/interface/include/interface/msg/detail/scene__struct.hpp
[0.347s] -- Up-to-date: /home/dvij/ee206-project/ping-pong-robot/vision_tracking/ros2_ws/install/interface/include/interface/msg/detail/scene__traits.hpp
[0.347s] -- Up-to-date: /home/dvij/ee206-project/ping-pong-robot/vision_tracking/ros2_ws/install/interface/include/interface
[0.347s] -- Up-to-date: /home/dvij/ee206-project/ping-pong-robot/vision_tracking/ros2_ws/install/interface/include/interface/msg
[0.347s] -- Up-to-date: /home/dvij/ee206-project/ping-pong-robot/vision_tracking/ros2_ws/install/interface/include/interface/msg/detail
[0.348s] -- Up-to-date: /home/dvij/ee206-project/ping-pong-robot/vision_tracking/ros2_ws/install/interface/include/interface/msg/detail/scene__type_support.cpp
[0.348s] -- Up-to-date: /home/dvij/ee206-project/ping-pong-robot/vision_tracking/ros2_ws/install/interface/include/interface/msg/detail/scene__rosidl_typesupport_introspection_cpp.hpp
[0.348s] -- Up-to-date: /home/dvij/ee206-project/ping-pong-robot/vision_tracking/ros2_ws/install/interface/lib/libinterface__rosidl_typesupport_introspection_cpp.so
[0.348s] -- Up-to-date: /home/dvij/ee206-project/ping-pong-robot/vision_tracking/ros2_ws/install/interface/lib/libinterface__rosidl_typesupport_cpp.so
[0.348s] -- Up-to-date: /home/dvij/ee206-project/ping-pong-robot/vision_tracking/ros2_ws/install/interface/share/interface/environment/pythonpath.sh
[0.349s] -- Up-to-date: /home/dvij/ee206-project/ping-pong-robot/vision_tracking/ros2_ws/install/interface/share/interface/environment/pythonpath.dsv
[0.349s] -- Up-to-date: /home/dvij/ee206-project/ping-pong-robot/vision_tracking/ros2_ws/install/interface/lib/python3.8/site-packages/interface/__init__.py
[0.371s] -- Up-to-date: /home/dvij/ee206-project/ping-pong-robot/vision_tracking/ros2_ws/install/interface/lib/python3.8/site-packages/interface/msg
[0.371s] -- Up-to-date: /home/dvij/ee206-project/ping-pong-robot/vision_tracking/ros2_ws/install/interface/lib/python3.8/site-packages/interface/msg/_scene.py
[0.371s] -- Up-to-date: /home/dvij/ee206-project/ping-pong-robot/vision_tracking/ros2_ws/install/interface/lib/python3.8/site-packages/interface/msg/_scene_s.c
[0.372s] -- Up-to-date: /home/dvij/ee206-project/ping-pong-robot/vision_tracking/ros2_ws/install/interface/lib/python3.8/site-packages/interface/msg/__init__.py
[0.372s] -- Up-to-date: /home/dvij/ee206-project/ping-pong-robot/vision_tracking/ros2_ws/install/interface/lib/python3.8/site-packages/interface/interface_s__rosidl_typesupport_fastrtps_c.cpython-38-x86_64-linux-gnu.so
[0.372s] -- Up-to-date: /home/dvij/ee206-project/ping-pong-robot/vision_tracking/ros2_ws/install/interface/lib/python3.8/site-packages/interface/interface_s__rosidl_typesupport_introspection_c.cpython-38-x86_64-linux-gnu.so
[0.372s] -- Up-to-date: /home/dvij/ee206-project/ping-pong-robot/vision_tracking/ros2_ws/install/interface/lib/python3.8/site-packages/interface/interface_s__rosidl_typesupport_c.cpython-38-x86_64-linux-gnu.so
[0.372s] -- Up-to-date: /home/dvij/ee206-project/ping-pong-robot/vision_tracking/ros2_ws/install/interface/lib/libinterface__python.so
[0.372s] -- Up-to-date: /home/dvij/ee206-project/ping-pong-robot/vision_tracking/ros2_ws/install/interface/share/interface/msg/Scene.idl
[0.373s] -- Up-to-date: /home/dvij/ee206-project/ping-pong-robot/vision_tracking/ros2_ws/install/interface/share/interface/msg/Scene.msg
[0.373s] -- Up-to-date: /home/dvij/ee206-project/ping-pong-robot/vision_tracking/ros2_ws/install/interface/share/ament_index/resource_index/package_run_dependencies/interface
[0.374s] -- Up-to-date: /home/dvij/ee206-project/ping-pong-robot/vision_tracking/ros2_ws/install/interface/share/ament_index/resource_index/parent_prefix_path/interface
[0.374s] -- Up-to-date: /home/dvij/ee206-project/ping-pong-robot/vision_tracking/ros2_ws/install/interface/share/interface/environment/ament_prefix_path.sh
[0.374s] -- Up-to-date: /home/dvij/ee206-project/ping-pong-robot/vision_tracking/ros2_ws/install/interface/share/interface/environment/ament_prefix_path.dsv
[0.374s] -- Up-to-date: /home/dvij/ee206-project/ping-pong-robot/vision_tracking/ros2_ws/install/interface/share/interface/environment/path.sh
[0.374s] -- Up-to-date: /home/dvij/ee206-project/ping-pong-robot/vision_tracking/ros2_ws/install/interface/share/interface/environment/path.dsv
[0.374s] -- Up-to-date: /home/dvij/ee206-project/ping-pong-robot/vision_tracking/ros2_ws/install/interface/share/interface/local_setup.bash
[0.375s] -- Up-to-date: /home/dvij/ee206-project/ping-pong-robot/vision_tracking/ros2_ws/install/interface/share/interface/local_setup.sh
[0.375s] -- Up-to-date: /home/dvij/ee206-project/ping-pong-robot/vision_tracking/ros2_ws/install/interface/share/interface/local_setup.zsh
[0.375s] -- Up-to-date: /home/dvij/ee206-project/ping-pong-robot/vision_tracking/ros2_ws/install/interface/share/interface/local_setup.dsv
[0.375s] -- Installing: /home/dvij/ee206-project/ping-pong-robot/vision_tracking/ros2_ws/install/interface/share/interface/package.dsv
[0.376s] -- Up-to-date: /home/dvij/ee206-project/ping-pong-robot/vision_tracking/ros2_ws/install/interface/share/ament_index/resource_index/packages/interface
[0.376s] -- Up-to-date: /home/dvij/ee206-project/ping-pong-robot/vision_tracking/ros2_ws/install/interface/share/interface/cmake/interface__rosidl_generator_cExport.cmake
[0.377s] -- Up-to-date: /home/dvij/ee206-project/ping-pong-robot/vision_tracking/ros2_ws/install/interface/share/interface/cmake/interface__rosidl_generator_cExport-noconfig.cmake
[0.377s] -- Up-to-date: /home/dvij/ee206-project/ping-pong-robot/vision_tracking/ros2_ws/install/interface/share/interface/cmake/interface__rosidl_typesupport_introspection_cExport.cmake
[0.378s] -- Up-to-date: /home/dvij/ee206-project/ping-pong-robot/vision_tracking/ros2_ws/install/interface/share/interface/cmake/interface__rosidl_typesupport_introspection_cExport-noconfig.cmake
[0.378s] -- Up-to-date: /home/dvij/ee206-project/ping-pong-robot/vision_tracking/ros2_ws/install/interface/share/interface/cmake/interface__rosidl_typesupport_cExport.cmake
[0.378s] -- Up-to-date: /home/dvij/ee206-project/ping-pong-robot/vision_tracking/ros2_ws/install/interface/share/interface/cmake/interface__rosidl_typesupport_cExport-noconfig.cmake
[0.378s] -- Up-to-date: /home/dvij/ee206-project/ping-pong-robot/vision_tracking/ros2_ws/install/interface/share/interface/cmake/interface__rosidl_generator_cppExport.cmake
[0.378s] -- Up-to-date: /home/dvij/ee206-project/ping-pong-robot/vision_tracking/ros2_ws/install/interface/share/interface/cmake/interface__rosidl_typesupport_introspection_cppExport.cmake
[0.379s] -- Up-to-date: /home/dvij/ee206-project/ping-pong-robot/vision_tracking/ros2_ws/install/interface/share/interface/cmake/interface__rosidl_typesupport_introspection_cppExport-noconfig.cmake
[0.379s] -- Up-to-date: /home/dvij/ee206-project/ping-pong-robot/vision_tracking/ros2_ws/install/interface/share/interface/cmake/interface__rosidl_typesupport_cppExport.cmake
[0.379s] -- Up-to-date: /home/dvij/ee206-project/ping-pong-robot/vision_tracking/ros2_ws/install/interface/share/interface/cmake/interface__rosidl_typesupport_cppExport-noconfig.cmake
[0.379s] -- Up-to-date: /home/dvij/ee206-project/ping-pong-robot/vision_tracking/ros2_ws/install/interface/share/interface/cmake/rosidl_cmake-extras.cmake
[0.379s] -- Up-to-date: /home/dvij/ee206-project/ping-pong-robot/vision_tracking/ros2_ws/install/interface/share/interface/cmake/ament_cmake_export_dependencies-extras.cmake
[0.380s] -- Up-to-date: /home/dvij/ee206-project/ping-pong-robot/vision_tracking/ros2_ws/install/interface/share/interface/cmake/ament_cmake_export_libraries-extras.cmake
[0.380s] -- Up-to-date: /home/dvij/ee206-project/ping-pong-robot/vision_tracking/ros2_ws/install/interface/share/interface/cmake/ament_cmake_export_targets-extras.cmake
[0.380s] -- Up-to-date: /home/dvij/ee206-project/ping-pong-robot/vision_tracking/ros2_ws/install/interface/share/interface/cmake/ament_cmake_export_include_directories-extras.cmake
[0.380s] -- Up-to-date: /home/dvij/ee206-project/ping-pong-robot/vision_tracking/ros2_ws/install/interface/share/interface/cmake/rosidl_cmake_export_typesupport_libraries-extras.cmake
[0.380s] -- Up-to-date: /home/dvij/ee206-project/ping-pong-robot/vision_tracking/ros2_ws/install/interface/share/interface/cmake/rosidl_cmake_export_typesupport_targets-extras.cmake
[0.380s] -- Up-to-date: /home/dvij/ee206-project/ping-pong-robot/vision_tracking/ros2_ws/install/interface/share/interface/cmake/interfaceConfig.cmake
[0.380s] -- Up-to-date: /home/dvij/ee206-project/ping-pong-robot/vision_tracking/ros2_ws/install/interface/share/interface/cmake/interfaceConfig-version.cmake
[0.381s] -- Up-to-date: /home/dvij/ee206-project/ping-pong-robot/vision_tracking/ros2_ws/install/interface/share/interface/package.xml
[0.382s] Invoked command in '/home/dvij/ee206-project/ping-pong-robot/vision_tracking/ros2_ws/build/interface' returned '0': CMAKE_PREFIX_PATH=/opt/ros/foxy /usr/local/bin/cmake --install /home/dvij/ee206-project/ping-pong-robot/vision_tracking/ros2_ws/build/interface
