-- The C compiler identification is GNU 9.4.0
-- The CXX compiler identification is GNU 9.4.0
-- Detecting C compiler ABI info
-- Detecting C compiler ABI info - done
-- Check for working C compiler: /usr/bin/cc - skipped
-- Detecting C compile features
-- Detecting C compile features - done
-- Detecting CXX compiler ABI info
-- Detecting CXX compiler ABI info - done
-- Check for working CXX compiler: /usr/bin/c++ - skipped
-- Detecting CXX compile features
-- Detecting CXX compile features - done
-- Found ament_cmake: 1.1.6 (/opt/ros/galactic/share/ament_cmake/cmake)
[33mCMake Warning (dev) at /opt/ros/galactic/share/ament_cmake_core/cmake/core/python.cmake:22 (find_package):
  Policy CMP0148 is not set: The FindPythonInterp and FindPythonLibs modules
  are removed.  Run "cmake --help-policy CMP0148" for policy details.  Use
  the cmake_policy command to set the policy and suppress this warning.

Call Stack (most recent call first):
  /opt/ros/galactic/share/ament_cmake_core/cmake/core/all.cmake:53 (include)
  /opt/ros/galactic/share/ament_cmake_core/cmake/ament_cmake_core-extras.cmake:17 (include)
  /opt/ros/galactic/share/ament_cmake_core/cmake/ament_cmake_coreConfig.cmake:41 (include)
  /opt/ros/galactic/share/ament_cmake/cmake/ament_cmake_export_dependencies-extras.cmake:15 (find_package)
  /opt/ros/galactic/share/ament_cmake/cmake/ament_cmakeConfig.cmake:41 (include)
  CMakeLists.txt:9 (find_package)
This warning is for project developers.  Use -Wno-dev to suppress it.
[0m
-- Found PythonInterp: /usr/bin/python3 (found suitable version "3.8.10", minimum required is "3")
-- Using PYTHON_EXECUTABLE: /usr/bin/python3
-- Found fri: 1.0.0 (/home/dvij/learning_table_tennis_from_scratch/lbr_fri_ros2_stack_ws/install/fri/share/fri/cmake)
-- Found lbr_fri_msgs: 1.0.0 (/home/dvij/learning_table_tennis_from_scratch/lbr_fri_ros2_stack_ws/install/lbr_fri_msgs/share/lbr_fri_msgs/cmake)
-- Using all available rosidl_typesupport_c: rosidl_typesupport_fastrtps_c;rosidl_typesupport_introspection_c
-- Found rosidl_adapter: 2.2.3 (/opt/ros/galactic/share/rosidl_adapter/cmake)
-- Found OpenSSL: /usr/lib/x86_64-linux-gnu/libcrypto.so (found version "1.1.1f")
-- Found FastRTPS: /opt/ros/galactic/include
-- Using all available rosidl_typesupport_cpp: rosidl_typesupport_fastrtps_cpp;rosidl_typesupport_introspection_cpp
-- Found rclcpp: 9.2.2 (/opt/ros/galactic/share/rclcpp/cmake)
-- Found rmw_implementation_cmake: 3.3.1 (/opt/ros/galactic/share/rmw_implementation_cmake/cmake)
-- Found rmw_cyclonedds_cpp: 0.22.6 (/opt/ros/galactic/share/rmw_cyclonedds_cpp/cmake)
-- Using RMW implementation 'rmw_cyclonedds_cpp' as default
-- Performing Test CMAKE_HAVE_LIBC_PTHREAD
-- Performing Test CMAKE_HAVE_LIBC_PTHREAD - Failed
-- Looking for pthread_create in pthreads
-- Looking for pthread_create in pthreads - not found
-- Looking for pthread_create in pthread
-- Looking for pthread_create in pthread - found
-- Found Threads: TRUE
-- Configuring done (0.7s)
-- Generating done (0.0s)
-- Build files have been written to: /home/dvij/learning_table_tennis_from_scratch/lbr_fri_ros2_stack_ws/build/lbr_fri_ros2_cpp_demos
[ 50%] [32mBuilding CXX object CMakeFiles/joint_sine_overlay_node.dir/src/joint_sine_overlay_node.cpp.o[0m
[ 50%] [32mBuilding CXX object CMakeFiles/torque_sine_overlay_node.dir/src/torque_sine_overlay_node.cpp.o[0m
[ 50%] [32mBuilding CXX object CMakeFiles/wrench_sine_overlay_node.dir/src/wrench_sine_overlay_node.cpp.o[0m
[01m[K/home/dvij/learning_table_tennis_from_scratch/lbr_fri_ros2_stack_ws/src/lbr_fri_ros2_stack/lbr_demos/lbr_fri_ros2_cpp_demos/src/torque_sine_overlay_node.cpp:60:2:[m[K [01;35m[Kwarning: [m[Kextra ‘[01m[K;[m[K’ [[01;35m[K-Wpedantic[m[K]
   60 | }[01;35m[K;[m[K
      |  [01;35m[K^[m[K
[01m[K/home/dvij/learning_table_tennis_from_scratch/lbr_fri_ros2_stack_ws/src/lbr_fri_ros2_stack/lbr_demos/lbr_fri_ros2_cpp_demos/src/joint_sine_overlay_node.cpp:60:2:[m[K [01;35m[Kwarning: [m[Kextra ‘[01m[K;[m[K’ [[01;35m[K-Wpedantic[m[K]
   60 | }[01;35m[K;[m[K
      |  [01;35m[K^[m[K
[01m[K/home/dvij/learning_table_tennis_from_scratch/lbr_fri_ros2_stack_ws/src/lbr_fri_ros2_stack/lbr_demos/lbr_fri_ros2_cpp_demos/src/wrench_sine_overlay_node.cpp:66:2:[m[K [01;35m[Kwarning: [m[Kextra ‘[01m[K;[m[K’ [[01;35m[K-Wpedantic[m[K]
   66 | }[01;35m[K;[m[K
      |  [01;35m[K^[m[K
[ 66%] [32m[1mLinking CXX executable joint_sine_overlay_node[0m
[ 83%] [32m[1mLinking CXX executable wrench_sine_overlay_node[0m
[100%] [32m[1mLinking CXX executable torque_sine_overlay_node[0m
[100%] Built target joint_sine_overlay_node
[100%] Built target wrench_sine_overlay_node
[100%] Built target torque_sine_overlay_node
-- Install configuration: ""
-- Installing: /home/dvij/learning_table_tennis_from_scratch/lbr_fri_ros2_stack_ws/install/lbr_fri_ros2_cpp_demos/lib/lbr_fri_ros2_cpp_demos/joint_sine_overlay_node
-- Set non-toolchain portion of runtime path of "/home/dvij/learning_table_tennis_from_scratch/lbr_fri_ros2_stack_ws/install/lbr_fri_ros2_cpp_demos/lib/lbr_fri_ros2_cpp_demos/joint_sine_overlay_node" to ""
-- Installing: /home/dvij/learning_table_tennis_from_scratch/lbr_fri_ros2_stack_ws/install/lbr_fri_ros2_cpp_demos/lib/lbr_fri_ros2_cpp_demos/torque_sine_overlay_node
-- Set non-toolchain portion of runtime path of "/home/dvij/learning_table_tennis_from_scratch/lbr_fri_ros2_stack_ws/install/lbr_fri_ros2_cpp_demos/lib/lbr_fri_ros2_cpp_demos/torque_sine_overlay_node" to ""
-- Installing: /home/dvij/learning_table_tennis_from_scratch/lbr_fri_ros2_stack_ws/install/lbr_fri_ros2_cpp_demos/lib/lbr_fri_ros2_cpp_demos/wrench_sine_overlay_node
-- Set non-toolchain portion of runtime path of "/home/dvij/learning_table_tennis_from_scratch/lbr_fri_ros2_stack_ws/install/lbr_fri_ros2_cpp_demos/lib/lbr_fri_ros2_cpp_demos/wrench_sine_overlay_node" to ""
-- Installing: /home/dvij/learning_table_tennis_from_scratch/lbr_fri_ros2_stack_ws/install/lbr_fri_ros2_cpp_demos/share/lbr_fri_ros2_cpp_demos/launch
-- Installing: /home/dvij/learning_table_tennis_from_scratch/lbr_fri_ros2_stack_ws/install/lbr_fri_ros2_cpp_demos/share/lbr_fri_ros2_cpp_demos/launch/wrench_sine_overlay.launch.py
-- Installing: /home/dvij/learning_table_tennis_from_scratch/lbr_fri_ros2_stack_ws/install/lbr_fri_ros2_cpp_demos/share/lbr_fri_ros2_cpp_demos/launch/torque_sine_overlay.launch.py
-- Installing: /home/dvij/learning_table_tennis_from_scratch/lbr_fri_ros2_stack_ws/install/lbr_fri_ros2_cpp_demos/share/lbr_fri_ros2_cpp_demos/launch/joint_sine_overlay.launch.py
-- Installing: /home/dvij/learning_table_tennis_from_scratch/lbr_fri_ros2_stack_ws/install/lbr_fri_ros2_cpp_demos/share/ament_index/resource_index/package_run_dependencies/lbr_fri_ros2_cpp_demos
-- Installing: /home/dvij/learning_table_tennis_from_scratch/lbr_fri_ros2_stack_ws/install/lbr_fri_ros2_cpp_demos/share/ament_index/resource_index/parent_prefix_path/lbr_fri_ros2_cpp_demos
-- Installing: /home/dvij/learning_table_tennis_from_scratch/lbr_fri_ros2_stack_ws/install/lbr_fri_ros2_cpp_demos/share/lbr_fri_ros2_cpp_demos/environment/ament_prefix_path.sh
-- Installing: /home/dvij/learning_table_tennis_from_scratch/lbr_fri_ros2_stack_ws/install/lbr_fri_ros2_cpp_demos/share/lbr_fri_ros2_cpp_demos/environment/ament_prefix_path.dsv
-- Installing: /home/dvij/learning_table_tennis_from_scratch/lbr_fri_ros2_stack_ws/install/lbr_fri_ros2_cpp_demos/share/lbr_fri_ros2_cpp_demos/environment/path.sh
-- Installing: /home/dvij/learning_table_tennis_from_scratch/lbr_fri_ros2_stack_ws/install/lbr_fri_ros2_cpp_demos/share/lbr_fri_ros2_cpp_demos/environment/path.dsv
-- Installing: /home/dvij/learning_table_tennis_from_scratch/lbr_fri_ros2_stack_ws/install/lbr_fri_ros2_cpp_demos/share/lbr_fri_ros2_cpp_demos/local_setup.bash
-- Installing: /home/dvij/learning_table_tennis_from_scratch/lbr_fri_ros2_stack_ws/install/lbr_fri_ros2_cpp_demos/share/lbr_fri_ros2_cpp_demos/local_setup.sh
-- Installing: /home/dvij/learning_table_tennis_from_scratch/lbr_fri_ros2_stack_ws/install/lbr_fri_ros2_cpp_demos/share/lbr_fri_ros2_cpp_demos/local_setup.zsh
-- Installing: /home/dvij/learning_table_tennis_from_scratch/lbr_fri_ros2_stack_ws/install/lbr_fri_ros2_cpp_demos/share/lbr_fri_ros2_cpp_demos/local_setup.dsv
-- Installing: /home/dvij/learning_table_tennis_from_scratch/lbr_fri_ros2_stack_ws/install/lbr_fri_ros2_cpp_demos/share/lbr_fri_ros2_cpp_demos/package.dsv
-- Installing: /home/dvij/learning_table_tennis_from_scratch/lbr_fri_ros2_stack_ws/install/lbr_fri_ros2_cpp_demos/share/ament_index/resource_index/packages/lbr_fri_ros2_cpp_demos
-- Installing: /home/dvij/learning_table_tennis_from_scratch/lbr_fri_ros2_stack_ws/install/lbr_fri_ros2_cpp_demos/share/lbr_fri_ros2_cpp_demos/cmake/lbr_fri_ros2_cpp_demosConfig.cmake
-- Installing: /home/dvij/learning_table_tennis_from_scratch/lbr_fri_ros2_stack_ws/install/lbr_fri_ros2_cpp_demos/share/lbr_fri_ros2_cpp_demos/cmake/lbr_fri_ros2_cpp_demosConfig-version.cmake
-- Installing: /home/dvij/learning_table_tennis_from_scratch/lbr_fri_ros2_stack_ws/install/lbr_fri_ros2_cpp_demos/share/lbr_fri_ros2_cpp_demos/package.xml
