[0.014s] Invoking command in '/home/dvij/learning_table_tennis_from_scratch/lbr_fri_ros2_stack_ws/build/lbr_fri_ros2_cpp_demos': AMENT_PREFIX_PATH=/home/dvij/learning_table_tennis_from_scratch/lbr_fri_ros2_stack_ws/install/lbr_fri_ros2:/home/dvij/learning_table_tennis_from_scratch/lbr_fri_ros2_stack_ws/install/fri:/home/dvij/learning_table_tennis_from_scratch/lbr_fri_ros2_stack_ws/install/nanopb:/home/dvij/learning_table_tennis_from_scratch/lbr_fri_ros2_stack_ws/install/lbr_fri_msgs:${AMENT_PREFIX_PATH} CMAKE_PREFIX_PATH=/home/dvij/learning_table_tennis_from_scratch/lbr_fri_ros2_stack_ws/install/lbr_fri_ros2:/home/dvij/learning_table_tennis_from_scratch/lbr_fri_ros2_stack_ws/install/fri:/home/dvij/learning_table_tennis_from_scratch/lbr_fri_ros2_stack_ws/install/nanopb:/home/dvij/learning_table_tennis_from_scratch/lbr_fri_ros2_stack_ws/install/lbr_fri_msgs:/opt/ros/galactic LD_LIBRARY_PATH=/home/dvij/learning_table_tennis_from_scratch/lbr_fri_ros2_stack_ws/install/lbr_fri_ros2/lib:/home/dvij/learning_table_tennis_from_scratch/lbr_fri_ros2_stack_ws/install/fri/lib:/home/dvij/learning_table_tennis_from_scratch/lbr_fri_ros2_stack_ws/install/nanopb/lib:/home/dvij/learning_table_tennis_from_scratch/lbr_fri_ros2_stack_ws/install/lbr_fri_msgs/lib:/opt/ros/galactic/opt/yaml_cpp_vendor/lib:/opt/ros/galactic/opt/rviz_ogre_vendor/lib:/opt/ros/galactic/lib/x86_64-linux-gnu:/opt/ros/galactic/lib:/home/dvij/.mpi-is/pam/install/lib:/home/dvij/.mujoco/mujoco210/bin:/usr/lib/nvidia:/home/dvij/.mpi-is/pam/install/lib:/home/dvij/.mujoco/mujoco210/bin:/usr/lib/nvidia PYTHONPATH=/home/dvij/learning_table_tennis_from_scratch/lbr_fri_ros2_stack_ws/install/lbr_fri_msgs/lib/python3.8/site-packages:${PYTHONPATH} /usr/local/bin/cmake /home/dvij/learning_table_tennis_from_scratch/lbr_fri_ros2_stack_ws/src/lbr_fri_ros2_stack/lbr_demos/lbr_fri_ros2_cpp_demos -DCMAKE_INSTALL_PREFIX=/home/dvij/learning_table_tennis_from_scratch/lbr_fri_ros2_stack_ws/install/lbr_fri_ros2_cpp_demos
[0.044s] -- The C compiler identification is GNU 9.4.0
[0.077s] -- The CXX compiler identification is GNU 9.4.0
[0.084s] -- Detecting C compiler ABI info
[0.124s] -- Detecting C compiler ABI info - done
[0.133s] -- Check for working C compiler: /usr/bin/cc - skipped
[0.133s] -- Detecting C compile features
[0.133s] -- Detecting C compile features - done
[0.136s] -- Detecting CXX compiler ABI info
[0.183s] -- Detecting CXX compiler ABI info - done
[0.192s] -- Check for working CXX compiler: /usr/bin/c++ - skipped
[0.192s] -- Detecting CXX compile features
[0.193s] -- Detecting CXX compile features - done
[0.194s] -- Found ament_cmake: 1.1.6 (/opt/ros/galactic/share/ament_cmake/cmake)
[0.197s] [33mCMake Warning (dev) at /opt/ros/galactic/share/ament_cmake_core/cmake/core/python.cmake:22 (find_package):
[0.197s]   Policy CMP0148 is not set: The FindPythonInterp and FindPythonLibs modules
[0.197s]   are removed.  Run "cmake --help-policy CMP0148" for policy details.  Use
[0.197s]   the cmake_policy command to set the policy and suppress this warning.
[0.197s] 
[0.197s] Call Stack (most recent call first):
[0.197s]   /opt/ros/galactic/share/ament_cmake_core/cmake/core/all.cmake:53 (include)
[0.197s]   /opt/ros/galactic/share/ament_cmake_core/cmake/ament_cmake_core-extras.cmake:17 (include)
[0.197s]   /opt/ros/galactic/share/ament_cmake_core/cmake/ament_cmake_coreConfig.cmake:41 (include)
[0.197s]   /opt/ros/galactic/share/ament_cmake/cmake/ament_cmake_export_dependencies-extras.cmake:15 (find_package)
[0.197s]   /opt/ros/galactic/share/ament_cmake/cmake/ament_cmakeConfig.cmake:41 (include)
[0.197s]   CMakeLists.txt:9 (find_package)
[0.197s] This warning is for project developers.  Use -Wno-dev to suppress it.
[0.197s] [0m
[0.210s] -- Found PythonInterp: /usr/bin/python3 (found suitable version "3.8.10", minimum required is "3")
[0.210s] -- Using PYTHON_EXECUTABLE: /usr/bin/python3
[0.255s] -- Found fri: 1.0.0 (/home/dvij/learning_table_tennis_from_scratch/lbr_fri_ros2_stack_ws/install/fri/share/fri/cmake)
[0.257s] -- Found lbr_fri_msgs: 1.0.0 (/home/dvij/learning_table_tennis_from_scratch/lbr_fri_ros2_stack_ws/install/lbr_fri_msgs/share/lbr_fri_msgs/cmake)
[0.274s] -- Using all available rosidl_typesupport_c: rosidl_typesupport_fastrtps_c;rosidl_typesupport_introspection_c
[0.278s] -- Found rosidl_adapter: 2.2.3 (/opt/ros/galactic/share/rosidl_adapter/cmake)
[0.338s] -- Found OpenSSL: /usr/lib/x86_64-linux-gnu/libcrypto.so (found version "1.1.1f")
[0.358s] -- Found FastRTPS: /opt/ros/galactic/include
[0.404s] -- Using all available rosidl_typesupport_cpp: rosidl_typesupport_fastrtps_cpp;rosidl_typesupport_introspection_cpp
[0.465s] -- Found rclcpp: 9.2.2 (/opt/ros/galactic/share/rclcpp/cmake)
[0.498s] -- Found rmw_implementation_cmake: 3.3.1 (/opt/ros/galactic/share/rmw_implementation_cmake/cmake)
[0.500s] -- Found rmw_cyclonedds_cpp: 0.22.6 (/opt/ros/galactic/share/rmw_cyclonedds_cpp/cmake)
[0.509s] -- Using RMW implementation 'rmw_cyclonedds_cpp' as default
[0.509s] -- Performing Test CMAKE_HAVE_LIBC_PTHREAD
[0.553s] -- Performing Test CMAKE_HAVE_LIBC_PTHREAD - Failed
[0.554s] -- Looking for pthread_create in pthreads
[0.589s] -- Looking for pthread_create in pthreads - not found
[0.589s] -- Looking for pthread_create in pthread
[0.633s] -- Looking for pthread_create in pthread - found
[0.634s] -- Found Threads: TRUE
[0.735s] -- Configuring done (0.7s)
[0.744s] -- Generating done (0.0s)
[0.745s] -- Build files have been written to: /home/dvij/learning_table_tennis_from_scratch/lbr_fri_ros2_stack_ws/build/lbr_fri_ros2_cpp_demos
[0.752s] Invoked command in '/home/dvij/learning_table_tennis_from_scratch/lbr_fri_ros2_stack_ws/build/lbr_fri_ros2_cpp_demos' returned '0': AMENT_PREFIX_PATH=/home/dvij/learning_table_tennis_from_scratch/lbr_fri_ros2_stack_ws/install/lbr_fri_ros2:/home/dvij/learning_table_tennis_from_scratch/lbr_fri_ros2_stack_ws/install/fri:/home/dvij/learning_table_tennis_from_scratch/lbr_fri_ros2_stack_ws/install/nanopb:/home/dvij/learning_table_tennis_from_scratch/lbr_fri_ros2_stack_ws/install/lbr_fri_msgs:${AMENT_PREFIX_PATH} CMAKE_PREFIX_PATH=/home/dvij/learning_table_tennis_from_scratch/lbr_fri_ros2_stack_ws/install/lbr_fri_ros2:/home/dvij/learning_table_tennis_from_scratch/lbr_fri_ros2_stack_ws/install/fri:/home/dvij/learning_table_tennis_from_scratch/lbr_fri_ros2_stack_ws/install/nanopb:/home/dvij/learning_table_tennis_from_scratch/lbr_fri_ros2_stack_ws/install/lbr_fri_msgs:/opt/ros/galactic LD_LIBRARY_PATH=/home/dvij/learning_table_tennis_from_scratch/lbr_fri_ros2_stack_ws/install/lbr_fri_ros2/lib:/home/dvij/learning_table_tennis_from_scratch/lbr_fri_ros2_stack_ws/install/fri/lib:/home/dvij/learning_table_tennis_from_scratch/lbr_fri_ros2_stack_ws/install/nanopb/lib:/home/dvij/learning_table_tennis_from_scratch/lbr_fri_ros2_stack_ws/install/lbr_fri_msgs/lib:/opt/ros/galactic/opt/yaml_cpp_vendor/lib:/opt/ros/galactic/opt/rviz_ogre_vendor/lib:/opt/ros/galactic/lib/x86_64-linux-gnu:/opt/ros/galactic/lib:/home/dvij/.mpi-is/pam/install/lib:/home/dvij/.mujoco/mujoco210/bin:/usr/lib/nvidia:/home/dvij/.mpi-is/pam/install/lib:/home/dvij/.mujoco/mujoco210/bin:/usr/lib/nvidia PYTHONPATH=/home/dvij/learning_table_tennis_from_scratch/lbr_fri_ros2_stack_ws/install/lbr_fri_msgs/lib/python3.8/site-packages:${PYTHONPATH} /usr/local/bin/cmake /home/dvij/learning_table_tennis_from_scratch/lbr_fri_ros2_stack_ws/src/lbr_fri_ros2_stack/lbr_demos/lbr_fri_ros2_cpp_demos -DCMAKE_INSTALL_PREFIX=/home/dvij/learning_table_tennis_from_scratch/lbr_fri_ros2_stack_ws/install/lbr_fri_ros2_cpp_demos
[0.752s] Invoking command in '/home/dvij/learning_table_tennis_from_scratch/lbr_fri_ros2_stack_ws/build/lbr_fri_ros2_cpp_demos': AMENT_PREFIX_PATH=/home/dvij/learning_table_tennis_from_scratch/lbr_fri_ros2_stack_ws/install/lbr_fri_ros2:/home/dvij/learning_table_tennis_from_scratch/lbr_fri_ros2_stack_ws/install/fri:/home/dvij/learning_table_tennis_from_scratch/lbr_fri_ros2_stack_ws/install/nanopb:/home/dvij/learning_table_tennis_from_scratch/lbr_fri_ros2_stack_ws/install/lbr_fri_msgs:${AMENT_PREFIX_PATH} CMAKE_PREFIX_PATH=/home/dvij/learning_table_tennis_from_scratch/lbr_fri_ros2_stack_ws/install/lbr_fri_ros2:/home/dvij/learning_table_tennis_from_scratch/lbr_fri_ros2_stack_ws/install/fri:/home/dvij/learning_table_tennis_from_scratch/lbr_fri_ros2_stack_ws/install/nanopb:/home/dvij/learning_table_tennis_from_scratch/lbr_fri_ros2_stack_ws/install/lbr_fri_msgs:/opt/ros/galactic LD_LIBRARY_PATH=/home/dvij/learning_table_tennis_from_scratch/lbr_fri_ros2_stack_ws/install/lbr_fri_ros2/lib:/home/dvij/learning_table_tennis_from_scratch/lbr_fri_ros2_stack_ws/install/fri/lib:/home/dvij/learning_table_tennis_from_scratch/lbr_fri_ros2_stack_ws/install/nanopb/lib:/home/dvij/learning_table_tennis_from_scratch/lbr_fri_ros2_stack_ws/install/lbr_fri_msgs/lib:/opt/ros/galactic/opt/yaml_cpp_vendor/lib:/opt/ros/galactic/opt/rviz_ogre_vendor/lib:/opt/ros/galactic/lib/x86_64-linux-gnu:/opt/ros/galactic/lib:/home/dvij/.mpi-is/pam/install/lib:/home/dvij/.mujoco/mujoco210/bin:/usr/lib/nvidia:/home/dvij/.mpi-is/pam/install/lib:/home/dvij/.mujoco/mujoco210/bin:/usr/lib/nvidia PYTHONPATH=/home/dvij/learning_table_tennis_from_scratch/lbr_fri_ros2_stack_ws/install/lbr_fri_msgs/lib/python3.8/site-packages:${PYTHONPATH} /usr/local/bin/cmake --build /home/dvij/learning_table_tennis_from_scratch/lbr_fri_ros2_stack_ws/build/lbr_fri_ros2_cpp_demos -- -j20 -l20
[0.773s] [ 50%] [32mBuilding CXX object CMakeFiles/joint_sine_overlay_node.dir/src/joint_sine_overlay_node.cpp.o[0m
[0.773s] [ 50%] [32mBuilding CXX object CMakeFiles/torque_sine_overlay_node.dir/src/torque_sine_overlay_node.cpp.o[0m
[0.773s] [ 50%] [32mBuilding CXX object CMakeFiles/wrench_sine_overlay_node.dir/src/wrench_sine_overlay_node.cpp.o[0m
[1.769s] [01m[K/home/dvij/learning_table_tennis_from_scratch/lbr_fri_ros2_stack_ws/src/lbr_fri_ros2_stack/lbr_demos/lbr_fri_ros2_cpp_demos/src/torque_sine_overlay_node.cpp:60:2:[m[K [01;35m[Kwarning: [m[Kextra ‘[01m[K;[m[K’ [[01;35m[K-Wpedantic[m[K]
[1.769s]    60 | }[01;35m[K;[m[K
[1.769s]       |  [01;35m[K^[m[K
[1.770s] [01m[K/home/dvij/learning_table_tennis_from_scratch/lbr_fri_ros2_stack_ws/src/lbr_fri_ros2_stack/lbr_demos/lbr_fri_ros2_cpp_demos/src/joint_sine_overlay_node.cpp:60:2:[m[K [01;35m[Kwarning: [m[Kextra ‘[01m[K;[m[K’ [[01;35m[K-Wpedantic[m[K]
[1.770s]    60 | }[01;35m[K;[m[K
[1.770s]       |  [01;35m[K^[m[K
[1.775s] [01m[K/home/dvij/learning_table_tennis_from_scratch/lbr_fri_ros2_stack_ws/src/lbr_fri_ros2_stack/lbr_demos/lbr_fri_ros2_cpp_demos/src/wrench_sine_overlay_node.cpp:66:2:[m[K [01;35m[Kwarning: [m[Kextra ‘[01m[K;[m[K’ [[01;35m[K-Wpedantic[m[K]
[1.775s]    66 | }[01;35m[K;[m[K
[1.775s]       |  [01;35m[K^[m[K
[4.643s] [ 66%] [32m[1mLinking CXX executable joint_sine_overlay_node[0m
[4.655s] [ 83%] [32m[1mLinking CXX executable wrench_sine_overlay_node[0m
[4.657s] [100%] [32m[1mLinking CXX executable torque_sine_overlay_node[0m
[4.836s] [100%] Built target joint_sine_overlay_node
[4.856s] [100%] Built target wrench_sine_overlay_node
[4.856s] [100%] Built target torque_sine_overlay_node
[4.860s] Invoked command in '/home/dvij/learning_table_tennis_from_scratch/lbr_fri_ros2_stack_ws/build/lbr_fri_ros2_cpp_demos' returned '0': AMENT_PREFIX_PATH=/home/dvij/learning_table_tennis_from_scratch/lbr_fri_ros2_stack_ws/install/lbr_fri_ros2:/home/dvij/learning_table_tennis_from_scratch/lbr_fri_ros2_stack_ws/install/fri:/home/dvij/learning_table_tennis_from_scratch/lbr_fri_ros2_stack_ws/install/nanopb:/home/dvij/learning_table_tennis_from_scratch/lbr_fri_ros2_stack_ws/install/lbr_fri_msgs:${AMENT_PREFIX_PATH} CMAKE_PREFIX_PATH=/home/dvij/learning_table_tennis_from_scratch/lbr_fri_ros2_stack_ws/install/lbr_fri_ros2:/home/dvij/learning_table_tennis_from_scratch/lbr_fri_ros2_stack_ws/install/fri:/home/dvij/learning_table_tennis_from_scratch/lbr_fri_ros2_stack_ws/install/nanopb:/home/dvij/learning_table_tennis_from_scratch/lbr_fri_ros2_stack_ws/install/lbr_fri_msgs:/opt/ros/galactic LD_LIBRARY_PATH=/home/dvij/learning_table_tennis_from_scratch/lbr_fri_ros2_stack_ws/install/lbr_fri_ros2/lib:/home/dvij/learning_table_tennis_from_scratch/lbr_fri_ros2_stack_ws/install/fri/lib:/home/dvij/learning_table_tennis_from_scratch/lbr_fri_ros2_stack_ws/install/nanopb/lib:/home/dvij/learning_table_tennis_from_scratch/lbr_fri_ros2_stack_ws/install/lbr_fri_msgs/lib:/opt/ros/galactic/opt/yaml_cpp_vendor/lib:/opt/ros/galactic/opt/rviz_ogre_vendor/lib:/opt/ros/galactic/lib/x86_64-linux-gnu:/opt/ros/galactic/lib:/home/dvij/.mpi-is/pam/install/lib:/home/dvij/.mujoco/mujoco210/bin:/usr/lib/nvidia:/home/dvij/.mpi-is/pam/install/lib:/home/dvij/.mujoco/mujoco210/bin:/usr/lib/nvidia PYTHONPATH=/home/dvij/learning_table_tennis_from_scratch/lbr_fri_ros2_stack_ws/install/lbr_fri_msgs/lib/python3.8/site-packages:${PYTHONPATH} /usr/local/bin/cmake --build /home/dvij/learning_table_tennis_from_scratch/lbr_fri_ros2_stack_ws/build/lbr_fri_ros2_cpp_demos -- -j20 -l20
[4.890s] Invoking command in '/home/dvij/learning_table_tennis_from_scratch/lbr_fri_ros2_stack_ws/build/lbr_fri_ros2_cpp_demos': AMENT_PREFIX_PATH=/home/dvij/learning_table_tennis_from_scratch/lbr_fri_ros2_stack_ws/install/lbr_fri_ros2:/home/dvij/learning_table_tennis_from_scratch/lbr_fri_ros2_stack_ws/install/fri:/home/dvij/learning_table_tennis_from_scratch/lbr_fri_ros2_stack_ws/install/nanopb:/home/dvij/learning_table_tennis_from_scratch/lbr_fri_ros2_stack_ws/install/lbr_fri_msgs:${AMENT_PREFIX_PATH} CMAKE_PREFIX_PATH=/home/dvij/learning_table_tennis_from_scratch/lbr_fri_ros2_stack_ws/install/lbr_fri_ros2:/home/dvij/learning_table_tennis_from_scratch/lbr_fri_ros2_stack_ws/install/fri:/home/dvij/learning_table_tennis_from_scratch/lbr_fri_ros2_stack_ws/install/nanopb:/home/dvij/learning_table_tennis_from_scratch/lbr_fri_ros2_stack_ws/install/lbr_fri_msgs:/opt/ros/galactic LD_LIBRARY_PATH=/home/dvij/learning_table_tennis_from_scratch/lbr_fri_ros2_stack_ws/install/lbr_fri_ros2/lib:/home/dvij/learning_table_tennis_from_scratch/lbr_fri_ros2_stack_ws/install/fri/lib:/home/dvij/learning_table_tennis_from_scratch/lbr_fri_ros2_stack_ws/install/nanopb/lib:/home/dvij/learning_table_tennis_from_scratch/lbr_fri_ros2_stack_ws/install/lbr_fri_msgs/lib:/opt/ros/galactic/opt/yaml_cpp_vendor/lib:/opt/ros/galactic/opt/rviz_ogre_vendor/lib:/opt/ros/galactic/lib/x86_64-linux-gnu:/opt/ros/galactic/lib:/home/dvij/.mpi-is/pam/install/lib:/home/dvij/.mujoco/mujoco210/bin:/usr/lib/nvidia:/home/dvij/.mpi-is/pam/install/lib:/home/dvij/.mujoco/mujoco210/bin:/usr/lib/nvidia PYTHONPATH=/home/dvij/learning_table_tennis_from_scratch/lbr_fri_ros2_stack_ws/install/lbr_fri_msgs/lib/python3.8/site-packages:${PYTHONPATH} /usr/local/bin/cmake --install /home/dvij/learning_table_tennis_from_scratch/lbr_fri_ros2_stack_ws/build/lbr_fri_ros2_cpp_demos
[4.892s] -- Install configuration: ""
[4.892s] -- Installing: /home/dvij/learning_table_tennis_from_scratch/lbr_fri_ros2_stack_ws/install/lbr_fri_ros2_cpp_demos/lib/lbr_fri_ros2_cpp_demos/joint_sine_overlay_node
[4.893s] -- Set non-toolchain portion of runtime path of "/home/dvij/learning_table_tennis_from_scratch/lbr_fri_ros2_stack_ws/install/lbr_fri_ros2_cpp_demos/lib/lbr_fri_ros2_cpp_demos/joint_sine_overlay_node" to ""
[4.893s] -- Installing: /home/dvij/learning_table_tennis_from_scratch/lbr_fri_ros2_stack_ws/install/lbr_fri_ros2_cpp_demos/lib/lbr_fri_ros2_cpp_demos/torque_sine_overlay_node
[4.894s] -- Set non-toolchain portion of runtime path of "/home/dvij/learning_table_tennis_from_scratch/lbr_fri_ros2_stack_ws/install/lbr_fri_ros2_cpp_demos/lib/lbr_fri_ros2_cpp_demos/torque_sine_overlay_node" to ""
[4.894s] -- Installing: /home/dvij/learning_table_tennis_from_scratch/lbr_fri_ros2_stack_ws/install/lbr_fri_ros2_cpp_demos/lib/lbr_fri_ros2_cpp_demos/wrench_sine_overlay_node
[4.896s] -- Set non-toolchain portion of runtime path of "/home/dvij/learning_table_tennis_from_scratch/lbr_fri_ros2_stack_ws/install/lbr_fri_ros2_cpp_demos/lib/lbr_fri_ros2_cpp_demos/wrench_sine_overlay_node" to ""
[4.896s] -- Installing: /home/dvij/learning_table_tennis_from_scratch/lbr_fri_ros2_stack_ws/install/lbr_fri_ros2_cpp_demos/share/lbr_fri_ros2_cpp_demos/launch
[4.896s] -- Installing: /home/dvij/learning_table_tennis_from_scratch/lbr_fri_ros2_stack_ws/install/lbr_fri_ros2_cpp_demos/share/lbr_fri_ros2_cpp_demos/launch/wrench_sine_overlay.launch.py
[4.896s] -- Installing: /home/dvij/learning_table_tennis_from_scratch/lbr_fri_ros2_stack_ws/install/lbr_fri_ros2_cpp_demos/share/lbr_fri_ros2_cpp_demos/launch/torque_sine_overlay.launch.py
[4.896s] -- Installing: /home/dvij/learning_table_tennis_from_scratch/lbr_fri_ros2_stack_ws/install/lbr_fri_ros2_cpp_demos/share/lbr_fri_ros2_cpp_demos/launch/joint_sine_overlay.launch.py
[4.896s] -- Installing: /home/dvij/learning_table_tennis_from_scratch/lbr_fri_ros2_stack_ws/install/lbr_fri_ros2_cpp_demos/share/ament_index/resource_index/package_run_dependencies/lbr_fri_ros2_cpp_demos
[4.896s] -- Installing: /home/dvij/learning_table_tennis_from_scratch/lbr_fri_ros2_stack_ws/install/lbr_fri_ros2_cpp_demos/share/ament_index/resource_index/parent_prefix_path/lbr_fri_ros2_cpp_demos
[4.896s] -- Installing: /home/dvij/learning_table_tennis_from_scratch/lbr_fri_ros2_stack_ws/install/lbr_fri_ros2_cpp_demos/share/lbr_fri_ros2_cpp_demos/environment/ament_prefix_path.sh
[4.896s] -- Installing: /home/dvij/learning_table_tennis_from_scratch/lbr_fri_ros2_stack_ws/install/lbr_fri_ros2_cpp_demos/share/lbr_fri_ros2_cpp_demos/environment/ament_prefix_path.dsv
[4.896s] -- Installing: /home/dvij/learning_table_tennis_from_scratch/lbr_fri_ros2_stack_ws/install/lbr_fri_ros2_cpp_demos/share/lbr_fri_ros2_cpp_demos/environment/path.sh
[4.896s] -- Installing: /home/dvij/learning_table_tennis_from_scratch/lbr_fri_ros2_stack_ws/install/lbr_fri_ros2_cpp_demos/share/lbr_fri_ros2_cpp_demos/environment/path.dsv
[4.896s] -- Installing: /home/dvij/learning_table_tennis_from_scratch/lbr_fri_ros2_stack_ws/install/lbr_fri_ros2_cpp_demos/share/lbr_fri_ros2_cpp_demos/local_setup.bash
[4.896s] -- Installing: /home/dvij/learning_table_tennis_from_scratch/lbr_fri_ros2_stack_ws/install/lbr_fri_ros2_cpp_demos/share/lbr_fri_ros2_cpp_demos/local_setup.sh
[4.896s] -- Installing: /home/dvij/learning_table_tennis_from_scratch/lbr_fri_ros2_stack_ws/install/lbr_fri_ros2_cpp_demos/share/lbr_fri_ros2_cpp_demos/local_setup.zsh
[4.896s] -- Installing: /home/dvij/learning_table_tennis_from_scratch/lbr_fri_ros2_stack_ws/install/lbr_fri_ros2_cpp_demos/share/lbr_fri_ros2_cpp_demos/local_setup.dsv
[4.897s] -- Installing: /home/dvij/learning_table_tennis_from_scratch/lbr_fri_ros2_stack_ws/install/lbr_fri_ros2_cpp_demos/share/lbr_fri_ros2_cpp_demos/package.dsv
[4.897s] -- Installing: /home/dvij/learning_table_tennis_from_scratch/lbr_fri_ros2_stack_ws/install/lbr_fri_ros2_cpp_demos/share/ament_index/resource_index/packages/lbr_fri_ros2_cpp_demos
[4.897s] -- Installing: /home/dvij/learning_table_tennis_from_scratch/lbr_fri_ros2_stack_ws/install/lbr_fri_ros2_cpp_demos/share/lbr_fri_ros2_cpp_demos/cmake/lbr_fri_ros2_cpp_demosConfig.cmake
[4.897s] -- Installing: /home/dvij/learning_table_tennis_from_scratch/lbr_fri_ros2_stack_ws/install/lbr_fri_ros2_cpp_demos/share/lbr_fri_ros2_cpp_demos/cmake/lbr_fri_ros2_cpp_demosConfig-version.cmake
[4.897s] -- Installing: /home/dvij/learning_table_tennis_from_scratch/lbr_fri_ros2_stack_ws/install/lbr_fri_ros2_cpp_demos/share/lbr_fri_ros2_cpp_demos/package.xml
[4.898s] Invoked command in '/home/dvij/learning_table_tennis_from_scratch/lbr_fri_ros2_stack_ws/build/lbr_fri_ros2_cpp_demos' returned '0': AMENT_PREFIX_PATH=/home/dvij/learning_table_tennis_from_scratch/lbr_fri_ros2_stack_ws/install/lbr_fri_ros2:/home/dvij/learning_table_tennis_from_scratch/lbr_fri_ros2_stack_ws/install/fri:/home/dvij/learning_table_tennis_from_scratch/lbr_fri_ros2_stack_ws/install/nanopb:/home/dvij/learning_table_tennis_from_scratch/lbr_fri_ros2_stack_ws/install/lbr_fri_msgs:${AMENT_PREFIX_PATH} CMAKE_PREFIX_PATH=/home/dvij/learning_table_tennis_from_scratch/lbr_fri_ros2_stack_ws/install/lbr_fri_ros2:/home/dvij/learning_table_tennis_from_scratch/lbr_fri_ros2_stack_ws/install/fri:/home/dvij/learning_table_tennis_from_scratch/lbr_fri_ros2_stack_ws/install/nanopb:/home/dvij/learning_table_tennis_from_scratch/lbr_fri_ros2_stack_ws/install/lbr_fri_msgs:/opt/ros/galactic LD_LIBRARY_PATH=/home/dvij/learning_table_tennis_from_scratch/lbr_fri_ros2_stack_ws/install/lbr_fri_ros2/lib:/home/dvij/learning_table_tennis_from_scratch/lbr_fri_ros2_stack_ws/install/fri/lib:/home/dvij/learning_table_tennis_from_scratch/lbr_fri_ros2_stack_ws/install/nanopb/lib:/home/dvij/learning_table_tennis_from_scratch/lbr_fri_ros2_stack_ws/install/lbr_fri_msgs/lib:/opt/ros/galactic/opt/yaml_cpp_vendor/lib:/opt/ros/galactic/opt/rviz_ogre_vendor/lib:/opt/ros/galactic/lib/x86_64-linux-gnu:/opt/ros/galactic/lib:/home/dvij/.mpi-is/pam/install/lib:/home/dvij/.mujoco/mujoco210/bin:/usr/lib/nvidia:/home/dvij/.mpi-is/pam/install/lib:/home/dvij/.mujoco/mujoco210/bin:/usr/lib/nvidia PYTHONPATH=/home/dvij/learning_table_tennis_from_scratch/lbr_fri_ros2_stack_ws/install/lbr_fri_msgs/lib/python3.8/site-packages:${PYTHONPATH} /usr/local/bin/cmake --install /home/dvij/learning_table_tennis_from_scratch/lbr_fri_ros2_stack_ws/build/lbr_fri_ros2_cpp_demos
