[0.022s] Invoking command in '/home/dvij/ee206-project/ping-pong-robot/ppr_ws/build/iiwa_moveit2': CMAKE_PREFIX_PATH=/home/dvij/ee206-project/ping-pong-robot/ppr_ws/install/ppr_interfaces:/home/dvij/ee206-project/ping-pong-robot/ppr_ws/install/iiwa_bringup:/home/dvij/ee206-project/ping-pong-robot/ppr_ws/install/iiwa_description:/home/dvij/ee206-project/ping-pong-robot/ppr_ws/install/cv_bridge:/home/dvij/ee206-project/ping-pong-robot/ppr_ws/install/scene_visualizer:/home/dvij/ee206-project/ping-pong-robot/ppr_ws/install/scene_interpreter:/home/dvij/ee206-project/ping-pong-robot/ppr_ws/install/camera_feed:/opt/ros/noetic CONDA_PROMPT_MODIFIER=(base) /usr/local/bin/cmake /home/dvij/ee206-project/ping-pong-robot/ppr_ws/src/iiwa_ros2/iiwa_moveit2 -DCMAKE_INSTALL_PREFIX=/home/dvij/ee206-project/ping-pong-robot/ppr_ws/install/iiwa_moveit2
[0.166s] -- The C compiler identification is GNU 9.4.0
[0.167s] -- The CXX compiler identification is GNU 9.4.0
[0.167s] -- Detecting C compiler ABI info
[0.168s] -- Detecting C compiler ABI info - done
[0.169s] -- Check for working C compiler: /usr/bin/cc - skipped
[0.170s] -- Detecting C compile features
[0.171s] -- Detecting C compile features - done
[0.171s] -- Detecting CXX compiler ABI info
[0.229s] -- Detecting CXX compiler ABI info - done
[0.247s] -- Check for working CXX compiler: /usr/bin/c++ - skipped
[0.247s] -- Detecting CXX compile features
[0.248s] -- Detecting CXX compile features - done
[0.258s] [31mCMake Error at CMakeLists.txt:18 (find_package):
[0.258s]   By not providing "Findmoveit_common.cmake" in CMAKE_MODULE_PATH this
[0.258s]   project has asked CMake to find a package configuration file provided by
[0.258s]   "moveit_common", but CMake did not find one.
[0.258s] 
[0.258s]   Could not find a package configuration file provided by "moveit_common"
[0.258s]   with any of the following names:
[0.258s] 
[0.258s]     moveit_commonConfig.cmake
[0.258s]     moveit_common-config.cmake
[0.258s] 
[0.258s]   Add the installation prefix of "moveit_common" to CMAKE_PREFIX_PATH or set
[0.258s]   "moveit_common_DIR" to a directory containing one of the above files.  If
[0.258s]   "moveit_common" provides a separate development package or SDK, be sure it
[0.258s]   has been installed.
[0.258s] 
[0.258s] [0m
[0.259s] -- Configuring incomplete, errors occurred!
