[ 22%] Built target app
[ 77%] Built target lbr_fri_ros2
[100%] Built target app_component
-- Install configuration: "Release"
-- Execute custom install script
-- Up-to-date symlink: /home/pingpongproject/code/ping-pong-robot/lbr_fri_ros2_stack_ws_foxy2/install/lbr_fri_ros2/share/lbr_fri_ros2/environment/library_path.sh
-- Up-to-date symlink: /home/pingpongproject/code/ping-pong-robot/lbr_fri_ros2_stack_ws_foxy2/install/lbr_fri_ros2/share/lbr_fri_ros2/environment/library_path.dsv
-- Up-to-date symlink: /home/pingpongproject/code/ping-pong-robot/lbr_fri_ros2_stack_ws_foxy2/install/lbr_fri_ros2/include/lbr_fri_ros2/app.hpp
-- Up-to-date symlink: /home/pingpongproject/code/ping-pong-robot/lbr_fri_ros2_stack_ws_foxy2/install/lbr_fri_ros2/include/lbr_fri_ros2/client.hpp
-- Up-to-date symlink: /home/pingpongproject/code/ping-pong-robot/lbr_fri_ros2_stack_ws_foxy2/install/lbr_fri_ros2/include/lbr_fri_ros2/command_guard.hpp
-- Up-to-date symlink: /home/pingpongproject/code/ping-pong-robot/lbr_fri_ros2_stack_ws_foxy2/install/lbr_fri_ros2/include/lbr_fri_ros2/utils.hpp
-- Up-to-date symlink: /home/pingpongproject/code/ping-pong-robot/lbr_fri_ros2_stack_ws_foxy2/install/lbr_fri_ros2/share/lbr_fri_ros2/launch/app.launch.py
-- Up-to-date symlink: /home/pingpongproject/code/ping-pong-robot/lbr_fri_ros2_stack_ws_foxy2/install/lbr_fri_ros2/lib/lbr_fri_ros2/app
-- Up-to-date symlink: /home/pingpongproject/code/ping-pong-robot/lbr_fri_ros2_stack_ws_foxy2/install/lbr_fri_ros2/lib/libapp_component.so
-- Up-to-date symlink: /home/pingpongproject/code/ping-pong-robot/lbr_fri_ros2_stack_ws_foxy2/install/lbr_fri_ros2/share/lbr_fri_ros2/launch/app.launch.py
-- Up-to-date symlink: /home/pingpongproject/code/ping-pong-robot/lbr_fri_ros2_stack_ws_foxy2/install/lbr_fri_ros2/lib/lbr_fri_ros2/lbr_state_smoothing_node.py
-- Up-to-date symlink: /home/pingpongproject/code/ping-pong-robot/lbr_fri_ros2_stack_ws_foxy2/install/lbr_fri_ros2/share/lbr_fri_ros2/environment/pythonpath.sh
-- Up-to-date symlink: /home/pingpongproject/code/ping-pong-robot/lbr_fri_ros2_stack_ws_foxy2/install/lbr_fri_ros2/share/lbr_fri_ros2/environment/pythonpath.dsv
-- Up-to-date symlink: /home/pingpongproject/code/ping-pong-robot/lbr_fri_ros2_stack_ws_foxy2/install/lbr_fri_ros2/lib/python3.8/site-packages/lbr_fri_ros2/__init__.py
-- Up-to-date symlink: /home/pingpongproject/code/ping-pong-robot/lbr_fri_ros2_stack_ws_foxy2/install/lbr_fri_ros2/lib/python3.8/site-packages/lbr_fri_ros2/launch_mixin.py
-- Up-to-date symlink: /home/pingpongproject/code/ping-pong-robot/lbr_fri_ros2_stack_ws_foxy2/install/lbr_fri_ros2/share/ament_index/resource_index/package_run_dependencies/lbr_fri_ros2
-- Up-to-date symlink: /home/pingpongproject/code/ping-pong-robot/lbr_fri_ros2_stack_ws_foxy2/install/lbr_fri_ros2/share/ament_index/resource_index/parent_prefix_path/lbr_fri_ros2
-- Up-to-date symlink: /home/pingpongproject/code/ping-pong-robot/lbr_fri_ros2_stack_ws_foxy2/install/lbr_fri_ros2/share/lbr_fri_ros2/environment/ament_prefix_path.sh
-- Up-to-date symlink: /home/pingpongproject/code/ping-pong-robot/lbr_fri_ros2_stack_ws_foxy2/install/lbr_fri_ros2/share/lbr_fri_ros2/environment/ament_prefix_path.dsv
-- Up-to-date symlink: /home/pingpongproject/code/ping-pong-robot/lbr_fri_ros2_stack_ws_foxy2/install/lbr_fri_ros2/share/lbr_fri_ros2/environment/path.sh
-- Up-to-date symlink: /home/pingpongproject/code/ping-pong-robot/lbr_fri_ros2_stack_ws_foxy2/install/lbr_fri_ros2/share/lbr_fri_ros2/environment/path.dsv
-- Up-to-date symlink: /home/pingpongproject/code/ping-pong-robot/lbr_fri_ros2_stack_ws_foxy2/install/lbr_fri_ros2/share/lbr_fri_ros2/local_setup.bash
-- Up-to-date symlink: /home/pingpongproject/code/ping-pong-robot/lbr_fri_ros2_stack_ws_foxy2/install/lbr_fri_ros2/share/lbr_fri_ros2/local_setup.sh
-- Up-to-date symlink: /home/pingpongproject/code/ping-pong-robot/lbr_fri_ros2_stack_ws_foxy2/install/lbr_fri_ros2/share/lbr_fri_ros2/local_setup.zsh
-- Up-to-date symlink: /home/pingpongproject/code/ping-pong-robot/lbr_fri_ros2_stack_ws_foxy2/install/lbr_fri_ros2/share/lbr_fri_ros2/local_setup.dsv
-- Symlinking: /home/pingpongproject/code/ping-pong-robot/lbr_fri_ros2_stack_ws_foxy2/install/lbr_fri_ros2/share/lbr_fri_ros2/package.dsv
-- Up-to-date symlink: /home/pingpongproject/code/ping-pong-robot/lbr_fri_ros2_stack_ws_foxy2/install/lbr_fri_ros2/share/ament_index/resource_index/packages/lbr_fri_ros2
-- Up-to-date symlink: /home/pingpongproject/code/ping-pong-robot/lbr_fri_ros2_stack_ws_foxy2/install/lbr_fri_ros2/share/ament_index/resource_index/rclcpp_components/lbr_fri_ros2
-- Up-to-date symlink: /home/pingpongproject/code/ping-pong-robot/lbr_fri_ros2_stack_ws_foxy2/install/lbr_fri_ros2/share/lbr_fri_ros2/cmake/ament_cmake_export_targets-extras.cmake
-- Up-to-date symlink: /home/pingpongproject/code/ping-pong-robot/lbr_fri_ros2_stack_ws_foxy2/install/lbr_fri_ros2/share/lbr_fri_ros2/cmake/ament_cmake_export_dependencies-extras.cmake
-- Up-to-date symlink: /home/pingpongproject/code/ping-pong-robot/lbr_fri_ros2_stack_ws_foxy2/install/lbr_fri_ros2/share/lbr_fri_ros2/cmake/lbr_fri_ros2Config.cmake
-- Up-to-date symlink: /home/pingpongproject/code/ping-pong-robot/lbr_fri_ros2_stack_ws_foxy2/install/lbr_fri_ros2/share/lbr_fri_ros2/cmake/lbr_fri_ros2Config-version.cmake
-- Up-to-date symlink: /home/pingpongproject/code/ping-pong-robot/lbr_fri_ros2_stack_ws_foxy2/install/lbr_fri_ros2/share/lbr_fri_ros2/package.xml
-- Up-to-date: /home/pingpongproject/code/ping-pong-robot/lbr_fri_ros2_stack_ws_foxy2/install/lbr_fri_ros2/lib/liblbr_fri_ros2.so
Listing '/home/pingpongproject/code/ping-pong-robot/lbr_fri_ros2_stack_ws_foxy2/install/lbr_fri_ros2/lib/python3.8/site-packages/lbr_fri_ros2'...
-- Up-to-date: /home/pingpongproject/code/ping-pong-robot/lbr_fri_ros2_stack_ws_foxy2/install/lbr_fri_ros2/share/lbr_fri_ros2/cmake/lbr_fri_ros2_exportExport.cmake
-- Up-to-date: /home/pingpongproject/code/ping-pong-robot/lbr_fri_ros2_stack_ws_foxy2/install/lbr_fri_ros2/share/lbr_fri_ros2/cmake/lbr_fri_ros2_exportExport-release.cmake
