-- The C compiler identification is GNU 9.4.0
-- The CXX compiler identification is GNU 9.4.0
-- Detecting C compiler ABI info
-- Detecting C compiler ABI info - done
-- Check for working C compiler: /usr/bin/cc - skipped
-- Detecting C compile features
-- Detecting C compile features - done
-- Detecting CXX compiler ABI info
-- Detecting CXX compiler ABI info - done
-- Check for working CXX compiler: /usr/bin/c++ - skipped
-- Detecting CXX compile features
-- Detecting CXX compile features - done
-- Found ament_cmake: 0.9.12 (/opt/ros/foxy/share/ament_cmake/cmake)
-- Found PythonInterp: /usr/bin/python3 (found suitable version "3.8.10", minimum required is "3")
-- Using PYTHON_EXECUTABLE: /usr/bin/python3
-- Found std_msgs: 2.0.5 (/opt/ros/foxy/share/std_msgs/cmake)
-- Using all available rosidl_typesupport_c: rosidl_typesupport_fastrtps_c;rosidl_typesupport_introspection_c
-- Found rosidl_adapter: 1.3.1 (/opt/ros/foxy/share/rosidl_adapter/cmake)
-- Found OpenSSL: /usr/lib/x86_64-linux-gnu/libcrypto.so (found version "1.1.1f")
-- Found FastRTPS: /opt/ros/foxy/include
-- Using all available rosidl_typesupport_cpp: rosidl_typesupport_fastrtps_cpp;rosidl_typesupport_introspection_cpp
-- Found sensor_msgs: 2.0.5 (/opt/ros/foxy/share/sensor_msgs/cmake)
-- Found rosidl_default_generators: 1.0.1 (/opt/ros/foxy/share/rosidl_default_generators/cmake)
-- Found PythonInterp: /usr/bin/python3 (found version "3.8.10")
-- Found ament_cmake_ros: 0.9.2 (/opt/ros/foxy/share/ament_cmake_ros/cmake)
-- Using all available rosidl_typesupport_c: rosidl_typesupport_fastrtps_c;rosidl_typesupport_introspection_c
-- Using all available rosidl_typesupport_cpp: rosidl_typesupport_fastrtps_cpp;rosidl_typesupport_introspection_cpp
-- Found PythonInterp: /usr/bin/python3 (found suitable version "3.8.10", minimum required is "3.5")
-- Found python_cmake_module: 0.8.1 (/opt/ros/foxy/share/python_cmake_module/cmake)
-- Found PythonLibs: /usr/lib/x86_64-linux-gnu/libpython3.8.so (found suitable version "3.8.10", minimum required is "3.5")
-- Using PYTHON_EXECUTABLE: /usr/bin/python3
-- Using PYTHON_INCLUDE_DIRS: /usr/include/python3.8
-- Using PYTHON_LIBRARIES: /usr/lib/x86_64-linux-gnu/libpython3.8.so
-- Found PythonExtra: .so
-- Found ament_lint_auto: 0.9.8 (/opt/ros/foxy/share/ament_lint_auto/cmake)
-- Added test 'lint_cmake' to check CMake code style
-- Added test 'xmllint' to check XML markup files
-- Configuring done (1.1s)
-- Generating done (0.0s)
-- Build files have been written to: /home/dvij/ee206-project/ping-pong-robot/vision_tracking/ros2_ws/src/build/interface
[  3%] [34m[1mGenerating C code for ROS interfaces[0m
[  6%] [34m[1mGenerating C++ code for ROS interfaces[0m
[  6%] Built target interface__cpp
[ 16%] [34m[1mGenerating C++ type support dispatch for ROS interfaces[0m
[ 16%] [34m[1mGenerating C++ introspection for ROS interfaces[0m
[ 16%] [34m[1mGenerating C++ type support for eProsima Fast-RTPS[0m
[ 19%] [32mBuilding C object CMakeFiles/interface__rosidl_generator_c.dir/rosidl_generator_c/interface/msg/detail/scene__functions.c.o[0m
[ 22%] [32m[1mLinking C shared library libinterface__rosidl_generator_c.so[0m
[ 22%] Built target interface__rosidl_generator_c
[ 25%] [34m[1mGenerating C introspection for ROS interfaces[0m
[ 29%] [34m[1mGenerating C type support dispatch for ROS interfaces[0m
[ 32%] [32mBuilding CXX object CMakeFiles/interface__rosidl_typesupport_introspection_cpp.dir/rosidl_typesupport_introspection_cpp/interface/msg/detail/scene__type_support.cpp.o[0m
[ 35%] [32mBuilding CXX object CMakeFiles/interface__rosidl_typesupport_cpp.dir/rosidl_typesupport_cpp/interface/msg/scene__type_support.cpp.o[0m
[ 38%] [32mBuilding CXX object CMakeFiles/interface__rosidl_typesupport_fastrtps_cpp.dir/rosidl_typesupport_fastrtps_cpp/interface/msg/detail/dds_fastrtps/scene__type_support.cpp.o[0m
[ 41%] [32mBuilding CXX object CMakeFiles/interface__rosidl_typesupport_c.dir/rosidl_typesupport_c/interface/msg/scene__type_support.cpp.o[0m
[ 45%] [32mBuilding C object CMakeFiles/interface__rosidl_typesupport_introspection_c.dir/rosidl_typesupport_introspection_c/interface/msg/detail/scene__type_support.c.o[0m
[ 48%] [32m[1mLinking CXX shared library libinterface__rosidl_typesupport_c.so[0m
[ 51%] [32m[1mLinking C shared library libinterface__rosidl_typesupport_introspection_c.so[0m
[ 54%] [32m[1mLinking CXX shared library libinterface__rosidl_typesupport_cpp.so[0m
[ 54%] Built target interface__rosidl_typesupport_c
[ 54%] Built target interface__rosidl_typesupport_introspection_c
[ 54%] Built target interface__rosidl_typesupport_cpp
[ 58%] [32m[1mLinking CXX shared library libinterface__rosidl_typesupport_introspection_cpp.so[0m
[ 58%] Built target interface__rosidl_typesupport_introspection_cpp
[ 61%] [32m[1mLinking CXX shared library libinterface__rosidl_typesupport_fastrtps_cpp.so[0m
[ 61%] Built target interface__rosidl_typesupport_fastrtps_cpp
[ 64%] [34m[1mGenerating C type support for eProsima Fast-RTPS[0m
[ 67%] [32mBuilding CXX object CMakeFiles/interface__rosidl_typesupport_fastrtps_c.dir/rosidl_typesupport_fastrtps_c/interface/msg/detail/scene__type_support_c.cpp.o[0m
[ 70%] [32m[1mLinking CXX shared library libinterface__rosidl_typesupport_fastrtps_c.so[0m
[ 70%] Built target interface__rosidl_typesupport_fastrtps_c
[ 70%] Built target interface
[ 74%] [34m[1mGenerating Python code for ROS interfaces[0m
[ 74%] Built target interface__py
[ 77%] [32mBuilding C object CMakeFiles/interface__python.dir/rosidl_generator_py/interface/msg/_scene_s.c.o[0m
[ 80%] [32m[1mLinking C shared library rosidl_generator_py/interface/libinterface__python.so[0m
[ 80%] Built target interface__python
[ 90%] [32mBuilding C object CMakeFiles/interface__rosidl_typesupport_c__pyext.dir/rosidl_generator_py/interface/_interface_s.ep.rosidl_typesupport_c.c.o[0m
[ 90%] [32mBuilding C object CMakeFiles/interface__rosidl_typesupport_fastrtps_c__pyext.dir/rosidl_generator_py/interface/_interface_s.ep.rosidl_typesupport_fastrtps_c.c.o[0m
[ 90%] [32mBuilding C object CMakeFiles/interface__rosidl_typesupport_introspection_c__pyext.dir/rosidl_generator_py/interface/_interface_s.ep.rosidl_typesupport_introspection_c.c.o[0m
[100%] [32m[1mLinking C shared library rosidl_generator_py/interface/interface_s__rosidl_typesupport_c.cpython-38-x86_64-linux-gnu.so[0m
[100%] [32m[1mLinking CXX shared library rosidl_generator_py/interface/interface_s__rosidl_typesupport_fastrtps_c.cpython-38-x86_64-linux-gnu.so[0m
[100%] [32m[1mLinking C shared library rosidl_generator_py/interface/interface_s__rosidl_typesupport_introspection_c.cpython-38-x86_64-linux-gnu.so[0m
[100%] Built target interface__rosidl_typesupport_introspection_c__pyext
[100%] Built target interface__rosidl_typesupport_c__pyext
[100%] Built target interface__rosidl_typesupport_fastrtps_c__pyext
-- Install configuration: ""
-- Installing: /home/dvij/ee206-project/ping-pong-robot/vision_tracking/ros2_ws/src/install/interface/share/ament_index/resource_index/rosidl_interfaces/interface
-- Installing: /home/dvij/ee206-project/ping-pong-robot/vision_tracking/ros2_ws/src/install/interface/include/interface
-- Installing: /home/dvij/ee206-project/ping-pong-robot/vision_tracking/ros2_ws/src/install/interface/include/interface/msg
-- Installing: /home/dvij/ee206-project/ping-pong-robot/vision_tracking/ros2_ws/src/install/interface/include/interface/msg/rosidl_generator_c__visibility_control.h
-- Installing: /home/dvij/ee206-project/ping-pong-robot/vision_tracking/ros2_ws/src/install/interface/include/interface/msg/detail
-- Installing: /home/dvij/ee206-project/ping-pong-robot/vision_tracking/ros2_ws/src/install/interface/include/interface/msg/detail/scene__functions.c
-- Installing: /home/dvij/ee206-project/ping-pong-robot/vision_tracking/ros2_ws/src/install/interface/include/interface/msg/detail/scene__type_support.h
-- Installing: /home/dvij/ee206-project/ping-pong-robot/vision_tracking/ros2_ws/src/install/interface/include/interface/msg/detail/scene__struct.h
-- Installing: /home/dvij/ee206-project/ping-pong-robot/vision_tracking/ros2_ws/src/install/interface/include/interface/msg/detail/scene__functions.h
-- Installing: /home/dvij/ee206-project/ping-pong-robot/vision_tracking/ros2_ws/src/install/interface/include/interface/msg/scene.h
-- Installing: /home/dvij/ee206-project/ping-pong-robot/vision_tracking/ros2_ws/src/install/interface/share/interface/environment/library_path.sh
-- Installing: /home/dvij/ee206-project/ping-pong-robot/vision_tracking/ros2_ws/src/install/interface/share/interface/environment/library_path.dsv
-- Installing: /home/dvij/ee206-project/ping-pong-robot/vision_tracking/ros2_ws/src/install/interface/lib/libinterface__rosidl_generator_c.so
-- Set non-toolchain portion of runtime path of "/home/dvij/ee206-project/ping-pong-robot/vision_tracking/ros2_ws/src/install/interface/lib/libinterface__rosidl_generator_c.so" to ""
-- Up-to-date: /home/dvij/ee206-project/ping-pong-robot/vision_tracking/ros2_ws/src/install/interface/include/interface
-- Up-to-date: /home/dvij/ee206-project/ping-pong-robot/vision_tracking/ros2_ws/src/install/interface/include/interface/msg
-- Installing: /home/dvij/ee206-project/ping-pong-robot/vision_tracking/ros2_ws/src/install/interface/include/interface/msg/rosidl_typesupport_fastrtps_c__visibility_control.h
-- Up-to-date: /home/dvij/ee206-project/ping-pong-robot/vision_tracking/ros2_ws/src/install/interface/include/interface/msg/detail
-- Installing: /home/dvij/ee206-project/ping-pong-robot/vision_tracking/ros2_ws/src/install/interface/include/interface/msg/detail/scene__rosidl_typesupport_fastrtps_c.h
-- Installing: /home/dvij/ee206-project/ping-pong-robot/vision_tracking/ros2_ws/src/install/interface/lib/libinterface__rosidl_typesupport_fastrtps_c.so
-- Set non-toolchain portion of runtime path of "/home/dvij/ee206-project/ping-pong-robot/vision_tracking/ros2_ws/src/install/interface/lib/libinterface__rosidl_typesupport_fastrtps_c.so" to ""
-- Up-to-date: /home/dvij/ee206-project/ping-pong-robot/vision_tracking/ros2_ws/src/install/interface/include/interface
-- Up-to-date: /home/dvij/ee206-project/ping-pong-robot/vision_tracking/ros2_ws/src/install/interface/include/interface/msg
-- Installing: /home/dvij/ee206-project/ping-pong-robot/vision_tracking/ros2_ws/src/install/interface/include/interface/msg/rosidl_typesupport_fastrtps_cpp__visibility_control.h
-- Up-to-date: /home/dvij/ee206-project/ping-pong-robot/vision_tracking/ros2_ws/src/install/interface/include/interface/msg/detail
-- Installing: /home/dvij/ee206-project/ping-pong-robot/vision_tracking/ros2_ws/src/install/interface/include/interface/msg/detail/scene__rosidl_typesupport_fastrtps_cpp.hpp
-- Installing: /home/dvij/ee206-project/ping-pong-robot/vision_tracking/ros2_ws/src/install/interface/include/interface/msg/detail/dds_fastrtps
-- Installing: /home/dvij/ee206-project/ping-pong-robot/vision_tracking/ros2_ws/src/install/interface/lib/libinterface__rosidl_typesupport_fastrtps_cpp.so
-- Set non-toolchain portion of runtime path of "/home/dvij/ee206-project/ping-pong-robot/vision_tracking/ros2_ws/src/install/interface/lib/libinterface__rosidl_typesupport_fastrtps_cpp.so" to ""
-- Up-to-date: /home/dvij/ee206-project/ping-pong-robot/vision_tracking/ros2_ws/src/install/interface/include/interface
-- Up-to-date: /home/dvij/ee206-project/ping-pong-robot/vision_tracking/ros2_ws/src/install/interface/include/interface/msg
-- Installing: /home/dvij/ee206-project/ping-pong-robot/vision_tracking/ros2_ws/src/install/interface/include/interface/msg/rosidl_typesupport_introspection_c__visibility_control.h
-- Up-to-date: /home/dvij/ee206-project/ping-pong-robot/vision_tracking/ros2_ws/src/install/interface/include/interface/msg/detail
-- Installing: /home/dvij/ee206-project/ping-pong-robot/vision_tracking/ros2_ws/src/install/interface/include/interface/msg/detail/scene__type_support.c
-- Installing: /home/dvij/ee206-project/ping-pong-robot/vision_tracking/ros2_ws/src/install/interface/include/interface/msg/detail/scene__rosidl_typesupport_introspection_c.h
-- Installing: /home/dvij/ee206-project/ping-pong-robot/vision_tracking/ros2_ws/src/install/interface/lib/libinterface__rosidl_typesupport_introspection_c.so
-- Set non-toolchain portion of runtime path of "/home/dvij/ee206-project/ping-pong-robot/vision_tracking/ros2_ws/src/install/interface/lib/libinterface__rosidl_typesupport_introspection_c.so" to ""
-- Installing: /home/dvij/ee206-project/ping-pong-robot/vision_tracking/ros2_ws/src/install/interface/lib/libinterface__rosidl_typesupport_c.so
-- Set non-toolchain portion of runtime path of "/home/dvij/ee206-project/ping-pong-robot/vision_tracking/ros2_ws/src/install/interface/lib/libinterface__rosidl_typesupport_c.so" to ""
-- Up-to-date: /home/dvij/ee206-project/ping-pong-robot/vision_tracking/ros2_ws/src/install/interface/include/interface
-- Up-to-date: /home/dvij/ee206-project/ping-pong-robot/vision_tracking/ros2_ws/src/install/interface/include/interface/msg
-- Installing: /home/dvij/ee206-project/ping-pong-robot/vision_tracking/ros2_ws/src/install/interface/include/interface/msg/rosidl_generator_cpp__visibility_control.hpp
-- Installing: /home/dvij/ee206-project/ping-pong-robot/vision_tracking/ros2_ws/src/install/interface/include/interface/msg/scene.hpp
-- Up-to-date: /home/dvij/ee206-project/ping-pong-robot/vision_tracking/ros2_ws/src/install/interface/include/interface/msg/detail
-- Installing: /home/dvij/ee206-project/ping-pong-robot/vision_tracking/ros2_ws/src/install/interface/include/interface/msg/detail/scene__builder.hpp
-- Installing: /home/dvij/ee206-project/ping-pong-robot/vision_tracking/ros2_ws/src/install/interface/include/interface/msg/detail/scene__type_support.hpp
-- Installing: /home/dvij/ee206-project/ping-pong-robot/vision_tracking/ros2_ws/src/install/interface/include/interface/msg/detail/scene__struct.hpp
-- Installing: /home/dvij/ee206-project/ping-pong-robot/vision_tracking/ros2_ws/src/install/interface/include/interface/msg/detail/scene__traits.hpp
-- Up-to-date: /home/dvij/ee206-project/ping-pong-robot/vision_tracking/ros2_ws/src/install/interface/include/interface
-- Up-to-date: /home/dvij/ee206-project/ping-pong-robot/vision_tracking/ros2_ws/src/install/interface/include/interface/msg
-- Up-to-date: /home/dvij/ee206-project/ping-pong-robot/vision_tracking/ros2_ws/src/install/interface/include/interface/msg/detail
-- Installing: /home/dvij/ee206-project/ping-pong-robot/vision_tracking/ros2_ws/src/install/interface/include/interface/msg/detail/scene__type_support.cpp
-- Installing: /home/dvij/ee206-project/ping-pong-robot/vision_tracking/ros2_ws/src/install/interface/include/interface/msg/detail/scene__rosidl_typesupport_introspection_cpp.hpp
-- Installing: /home/dvij/ee206-project/ping-pong-robot/vision_tracking/ros2_ws/src/install/interface/lib/libinterface__rosidl_typesupport_introspection_cpp.so
-- Set non-toolchain portion of runtime path of "/home/dvij/ee206-project/ping-pong-robot/vision_tracking/ros2_ws/src/install/interface/lib/libinterface__rosidl_typesupport_introspection_cpp.so" to ""
-- Installing: /home/dvij/ee206-project/ping-pong-robot/vision_tracking/ros2_ws/src/install/interface/lib/libinterface__rosidl_typesupport_cpp.so
-- Set non-toolchain portion of runtime path of "/home/dvij/ee206-project/ping-pong-robot/vision_tracking/ros2_ws/src/install/interface/lib/libinterface__rosidl_typesupport_cpp.so" to ""
-- Installing: /home/dvij/ee206-project/ping-pong-robot/vision_tracking/ros2_ws/src/install/interface/share/interface/environment/pythonpath.sh
-- Installing: /home/dvij/ee206-project/ping-pong-robot/vision_tracking/ros2_ws/src/install/interface/share/interface/environment/pythonpath.dsv
-- Installing: /home/dvij/ee206-project/ping-pong-robot/vision_tracking/ros2_ws/src/install/interface/lib/python3.8/site-packages/interface/__init__.py
Compiling '/home/dvij/ee206-project/ping-pong-robot/vision_tracking/ros2_ws/src/install/interface/lib/python3.8/site-packages/interface/__init__.py'...
-- Installing: /home/dvij/ee206-project/ping-pong-robot/vision_tracking/ros2_ws/src/install/interface/lib/python3.8/site-packages/interface/msg
-- Installing: /home/dvij/ee206-project/ping-pong-robot/vision_tracking/ros2_ws/src/install/interface/lib/python3.8/site-packages/interface/msg/_scene.py
-- Installing: /home/dvij/ee206-project/ping-pong-robot/vision_tracking/ros2_ws/src/install/interface/lib/python3.8/site-packages/interface/msg/_scene_s.c
-- Installing: /home/dvij/ee206-project/ping-pong-robot/vision_tracking/ros2_ws/src/install/interface/lib/python3.8/site-packages/interface/msg/__init__.py
-- Installing: /home/dvij/ee206-project/ping-pong-robot/vision_tracking/ros2_ws/src/install/interface/lib/python3.8/site-packages/interface/interface_s__rosidl_typesupport_fastrtps_c.cpython-38-x86_64-linux-gnu.so
-- Set non-toolchain portion of runtime path of "/home/dvij/ee206-project/ping-pong-robot/vision_tracking/ros2_ws/src/install/interface/lib/python3.8/site-packages/interface/interface_s__rosidl_typesupport_fastrtps_c.cpython-38-x86_64-linux-gnu.so" to ""
-- Installing: /home/dvij/ee206-project/ping-pong-robot/vision_tracking/ros2_ws/src/install/interface/lib/python3.8/site-packages/interface/interface_s__rosidl_typesupport_introspection_c.cpython-38-x86_64-linux-gnu.so
-- Set non-toolchain portion of runtime path of "/home/dvij/ee206-project/ping-pong-robot/vision_tracking/ros2_ws/src/install/interface/lib/python3.8/site-packages/interface/interface_s__rosidl_typesupport_introspection_c.cpython-38-x86_64-linux-gnu.so" to ""
-- Installing: /home/dvij/ee206-project/ping-pong-robot/vision_tracking/ros2_ws/src/install/interface/lib/python3.8/site-packages/interface/interface_s__rosidl_typesupport_c.cpython-38-x86_64-linux-gnu.so
-- Set non-toolchain portion of runtime path of "/home/dvij/ee206-project/ping-pong-robot/vision_tracking/ros2_ws/src/install/interface/lib/python3.8/site-packages/interface/interface_s__rosidl_typesupport_c.cpython-38-x86_64-linux-gnu.so" to ""
-- Installing: /home/dvij/ee206-project/ping-pong-robot/vision_tracking/ros2_ws/src/install/interface/lib/libinterface__python.so
-- Set non-toolchain portion of runtime path of "/home/dvij/ee206-project/ping-pong-robot/vision_tracking/ros2_ws/src/install/interface/lib/libinterface__python.so" to ""
-- Installing: /home/dvij/ee206-project/ping-pong-robot/vision_tracking/ros2_ws/src/install/interface/share/interface/msg/Scene.idl
-- Installing: /home/dvij/ee206-project/ping-pong-robot/vision_tracking/ros2_ws/src/install/interface/share/interface/msg/Scene.msg
-- Installing: /home/dvij/ee206-project/ping-pong-robot/vision_tracking/ros2_ws/src/install/interface/share/ament_index/resource_index/package_run_dependencies/interface
-- Installing: /home/dvij/ee206-project/ping-pong-robot/vision_tracking/ros2_ws/src/install/interface/share/ament_index/resource_index/parent_prefix_path/interface
-- Installing: /home/dvij/ee206-project/ping-pong-robot/vision_tracking/ros2_ws/src/install/interface/share/interface/environment/ament_prefix_path.sh
-- Installing: /home/dvij/ee206-project/ping-pong-robot/vision_tracking/ros2_ws/src/install/interface/share/interface/environment/ament_prefix_path.dsv
-- Installing: /home/dvij/ee206-project/ping-pong-robot/vision_tracking/ros2_ws/src/install/interface/share/interface/environment/path.sh
-- Installing: /home/dvij/ee206-project/ping-pong-robot/vision_tracking/ros2_ws/src/install/interface/share/interface/environment/path.dsv
-- Installing: /home/dvij/ee206-project/ping-pong-robot/vision_tracking/ros2_ws/src/install/interface/share/interface/local_setup.bash
-- Installing: /home/dvij/ee206-project/ping-pong-robot/vision_tracking/ros2_ws/src/install/interface/share/interface/local_setup.sh
-- Installing: /home/dvij/ee206-project/ping-pong-robot/vision_tracking/ros2_ws/src/install/interface/share/interface/local_setup.zsh
-- Installing: /home/dvij/ee206-project/ping-pong-robot/vision_tracking/ros2_ws/src/install/interface/share/interface/local_setup.dsv
-- Installing: /home/dvij/ee206-project/ping-pong-robot/vision_tracking/ros2_ws/src/install/interface/share/interface/package.dsv
-- Installing: /home/dvij/ee206-project/ping-pong-robot/vision_tracking/ros2_ws/src/install/interface/share/ament_index/resource_index/packages/interface
-- Installing: /home/dvij/ee206-project/ping-pong-robot/vision_tracking/ros2_ws/src/install/interface/share/interface/cmake/interface__rosidl_generator_cExport.cmake
-- Installing: /home/dvij/ee206-project/ping-pong-robot/vision_tracking/ros2_ws/src/install/interface/share/interface/cmake/interface__rosidl_generator_cExport-noconfig.cmake
-- Installing: /home/dvij/ee206-project/ping-pong-robot/vision_tracking/ros2_ws/src/install/interface/share/interface/cmake/interface__rosidl_typesupport_introspection_cExport.cmake
-- Installing: /home/dvij/ee206-project/ping-pong-robot/vision_tracking/ros2_ws/src/install/interface/share/interface/cmake/interface__rosidl_typesupport_introspection_cExport-noconfig.cmake
-- Installing: /home/dvij/ee206-project/ping-pong-robot/vision_tracking/ros2_ws/src/install/interface/share/interface/cmake/interface__rosidl_typesupport_cExport.cmake
-- Installing: /home/dvij/ee206-project/ping-pong-robot/vision_tracking/ros2_ws/src/install/interface/share/interface/cmake/interface__rosidl_typesupport_cExport-noconfig.cmake
-- Installing: /home/dvij/ee206-project/ping-pong-robot/vision_tracking/ros2_ws/src/install/interface/share/interface/cmake/interface__rosidl_generator_cppExport.cmake
-- Installing: /home/dvij/ee206-project/ping-pong-robot/vision_tracking/ros2_ws/src/install/interface/share/interface/cmake/interface__rosidl_typesupport_introspection_cppExport.cmake
-- Installing: /home/dvij/ee206-project/ping-pong-robot/vision_tracking/ros2_ws/src/install/interface/share/interface/cmake/interface__rosidl_typesupport_introspection_cppExport-noconfig.cmake
-- Installing: /home/dvij/ee206-project/ping-pong-robot/vision_tracking/ros2_ws/src/install/interface/share/interface/cmake/interface__rosidl_typesupport_cppExport.cmake
-- Installing: /home/dvij/ee206-project/ping-pong-robot/vision_tracking/ros2_ws/src/install/interface/share/interface/cmake/interface__rosidl_typesupport_cppExport-noconfig.cmake
-- Installing: /home/dvij/ee206-project/ping-pong-robot/vision_tracking/ros2_ws/src/install/interface/share/interface/cmake/rosidl_cmake-extras.cmake
-- Installing: /home/dvij/ee206-project/ping-pong-robot/vision_tracking/ros2_ws/src/install/interface/share/interface/cmake/ament_cmake_export_dependencies-extras.cmake
-- Installing: /home/dvij/ee206-project/ping-pong-robot/vision_tracking/ros2_ws/src/install/interface/share/interface/cmake/ament_cmake_export_libraries-extras.cmake
-- Installing: /home/dvij/ee206-project/ping-pong-robot/vision_tracking/ros2_ws/src/install/interface/share/interface/cmake/ament_cmake_export_targets-extras.cmake
-- Installing: /home/dvij/ee206-project/ping-pong-robot/vision_tracking/ros2_ws/src/install/interface/share/interface/cmake/ament_cmake_export_include_directories-extras.cmake
-- Installing: /home/dvij/ee206-project/ping-pong-robot/vision_tracking/ros2_ws/src/install/interface/share/interface/cmake/rosidl_cmake_export_typesupport_libraries-extras.cmake
-- Installing: /home/dvij/ee206-project/ping-pong-robot/vision_tracking/ros2_ws/src/install/interface/share/interface/cmake/rosidl_cmake_export_typesupport_targets-extras.cmake
-- Installing: /home/dvij/ee206-project/ping-pong-robot/vision_tracking/ros2_ws/src/install/interface/share/interface/cmake/interfaceConfig.cmake
-- Installing: /home/dvij/ee206-project/ping-pong-robot/vision_tracking/ros2_ws/src/install/interface/share/interface/cmake/interfaceConfig-version.cmake
-- Installing: /home/dvij/ee206-project/ping-pong-robot/vision_tracking/ros2_ws/src/install/interface/share/interface/package.xml
