[0.012s] Invoking command in '/home/dvij/ee206-project/ping-pong-robot/vision_tracking/ros2_ws/src/build/interface': CMAKE_PREFIX_PATH=/opt/ros/foxy CONDA_PROMPT_MODIFIER=(base) /usr/local/bin/cmake /home/dvij/ee206-project/ping-pong-robot/vision_tracking/ros2_ws/src/interface -DCMAKE_INSTALL_PREFIX=/home/dvij/ee206-project/ping-pong-robot/vision_tracking/ros2_ws/src/install/interface
[0.042s] -- The C compiler identification is GNU 9.4.0
[0.075s] -- The CXX compiler identification is GNU 9.4.0
[0.082s] -- Detecting C compiler ABI info
[0.120s] -- Detecting C compiler ABI info - done
[0.130s] -- Check for working C compiler: /usr/bin/cc - skipped
[0.130s] -- Detecting C compile features
[0.130s] -- Detecting C compile features - done
[0.133s] -- Detecting CXX compiler ABI info
[0.178s] -- Detecting CXX compiler ABI info - done
[0.189s] -- Check for working CXX compiler: /usr/bin/c++ - skipped
[0.189s] -- Detecting CXX compile features
[0.189s] -- Detecting CXX compile features - done
[0.191s] -- Found ament_cmake: 0.9.12 (/opt/ros/foxy/share/ament_cmake/cmake)
[0.194s] [33mCMake Warning (dev) at /opt/ros/foxy/share/ament_cmake_core/cmake/core/python.cmake:22 (find_package):
[0.194s]   Policy CMP0148 is not set: The FindPythonInterp and FindPythonLibs modules
[0.195s]   are removed.  Run "cmake --help-policy CMP0148" for policy details.  Use
[0.195s]   the cmake_policy command to set the policy and suppress this warning.
[0.195s] 
[0.195s] Call Stack (most recent call first):
[0.195s]   /opt/ros/foxy/share/ament_cmake_core/cmake/core/all.cmake:53 (include)
[0.195s]   /opt/ros/foxy/share/ament_cmake_core/cmake/ament_cmake_core-extras.cmake:17 (include)
[0.195s]   /opt/ros/foxy/share/ament_cmake_core/cmake/ament_cmake_coreConfig.cmake:41 (include)
[0.195s]   /opt/ros/foxy/share/ament_cmake/cmake/ament_cmake_export_dependencies-extras.cmake:15 (find_package)
[0.195s]   /opt/ros/foxy/share/ament_cmake/cmake/ament_cmakeConfig.cmake:41 (include)
[0.195s]   CMakeLists.txt:8 (find_package)
[0.195s] This warning is for project developers.  Use -Wno-dev to suppress it.
[0.195s] [0m
[0.208s] -- Found PythonInterp: /usr/bin/python3 (found suitable version "3.8.10", minimum required is "3")
[0.208s] -- Using PYTHON_EXECUTABLE: /usr/bin/python3
[0.343s] -- Found std_msgs: 2.0.5 (/opt/ros/foxy/share/std_msgs/cmake)
[0.360s] -- Using all available rosidl_typesupport_c: rosidl_typesupport_fastrtps_c;rosidl_typesupport_introspection_c
[0.363s] -- Found rosidl_adapter: 1.3.1 (/opt/ros/foxy/share/rosidl_adapter/cmake)
[0.423s] -- Found OpenSSL: /usr/lib/x86_64-linux-gnu/libcrypto.so (found version "1.1.1f")
[0.458s] -- Found FastRTPS: /opt/ros/foxy/include
[0.517s] -- Using all available rosidl_typesupport_cpp: rosidl_typesupport_fastrtps_cpp;rosidl_typesupport_introspection_cpp
[0.540s] -- Found sensor_msgs: 2.0.5 (/opt/ros/foxy/share/sensor_msgs/cmake)
[0.600s] -- Found rosidl_default_generators: 1.0.1 (/opt/ros/foxy/share/rosidl_default_generators/cmake)
[0.605s] [33mCMake Warning (dev) at /opt/ros/foxy/share/rosidl_adapter/cmake/rosidl_adapt_interfaces.cmake:40 (find_package):
[0.605s]   Policy CMP0148 is not set: The FindPythonInterp and FindPythonLibs modules
[0.605s]   are removed.  Run "cmake --help-policy CMP0148" for policy details.  Use
[0.605s]   the cmake_policy command to set the policy and suppress this warning.
[0.605s] 
[0.605s] Call Stack (most recent call first):
[0.605s]   /opt/ros/foxy/share/rosidl_cmake/cmake/rosidl_generate_interfaces.cmake:130 (rosidl_adapt_interfaces)
[0.606s]   CMakeLists.txt:16 (rosidl_generate_interfaces)
[0.606s] This warning is for project developers.  Use -Wno-dev to suppress it.
[0.606s] [0m
[0.618s] -- Found PythonInterp: /usr/bin/python3 (found version "3.8.10")
[0.730s] -- Found ament_cmake_ros: 0.9.2 (/opt/ros/foxy/share/ament_cmake_ros/cmake)
[0.885s] -- Using all available rosidl_typesupport_c: rosidl_typesupport_fastrtps_c;rosidl_typesupport_introspection_c
[0.951s] -- Using all available rosidl_typesupport_cpp: rosidl_typesupport_fastrtps_cpp;rosidl_typesupport_introspection_cpp
[0.953s] [33mCMake Warning (dev) at /opt/ros/foxy/share/rosidl_generator_py/cmake/rosidl_generator_py_generate_interfaces.cmake:20 (find_package):
[0.953s]   Policy CMP0148 is not set: The FindPythonInterp and FindPythonLibs modules
[0.954s]   are removed.  Run "cmake --help-policy CMP0148" for policy details.  Use
[0.954s]   the cmake_policy command to set the policy and suppress this warning.
[0.954s] 
[0.954s] Call Stack (most recent call first):
[0.954s]   /opt/ros/foxy/share/ament_cmake_core/cmake/core/ament_execute_extensions.cmake:48 (include)
[0.954s]   /opt/ros/foxy/share/rosidl_cmake/cmake/rosidl_generate_interfaces.cmake:286 (ament_execute_extensions)
[0.954s]   CMakeLists.txt:16 (rosidl_generate_interfaces)
[0.954s] This warning is for project developers.  Use -Wno-dev to suppress it.
[0.954s] [0m
[0.968s] -- Found PythonInterp: /usr/bin/python3 (found suitable version "3.8.10", minimum required is "3.5")
[0.969s] -- Found python_cmake_module: 0.8.1 (/opt/ros/foxy/share/python_cmake_module/cmake)
[0.969s] [33mCMake Warning (dev) at /opt/ros/foxy/share/python_cmake_module/cmake/Modules/FindPythonExtra.cmake:45 (find_package):
[0.969s]   Policy CMP0148 is not set: The FindPythonInterp and FindPythonLibs modules
[0.969s]   are removed.  Run "cmake --help-policy CMP0148" for policy details.  Use
[0.970s]   the cmake_policy command to set the policy and suppress this warning.
[0.970s] 
[0.970s] Call Stack (most recent call first):
[0.970s]   /opt/ros/foxy/share/rosidl_generator_py/cmake/rosidl_generator_py_generate_interfaces.cmake:23 (find_package)
[0.970s]   /opt/ros/foxy/share/ament_cmake_core/cmake/core/ament_execute_extensions.cmake:48 (include)
[0.970s]   /opt/ros/foxy/share/rosidl_cmake/cmake/rosidl_generate_interfaces.cmake:286 (ament_execute_extensions)
[0.970s]   CMakeLists.txt:16 (rosidl_generate_interfaces)
[0.970s] This warning is for project developers.  Use -Wno-dev to suppress it.
[0.970s] [0m
[0.985s] [33mCMake Warning (dev) at /opt/ros/foxy/share/python_cmake_module/cmake/Modules/FindPythonExtra.cmake:133 (find_package):
[0.985s]   Policy CMP0148 is not set: The FindPythonInterp and FindPythonLibs modules
[0.985s]   are removed.  Run "cmake --help-policy CMP0148" for policy details.  Use
[0.985s]   the cmake_policy command to set the policy and suppress this warning.
[0.985s] 
[0.985s] Call Stack (most recent call first):
[0.985s]   /opt/ros/foxy/share/rosidl_generator_py/cmake/rosidl_generator_py_generate_interfaces.cmake:23 (find_package)
[0.985s]   /opt/ros/foxy/share/ament_cmake_core/cmake/core/ament_execute_extensions.cmake:48 (include)
[0.985s]   /opt/ros/foxy/share/rosidl_cmake/cmake/rosidl_generate_interfaces.cmake:286 (ament_execute_extensions)
[0.985s]   CMakeLists.txt:16 (rosidl_generate_interfaces)
[0.985s] This warning is for project developers.  Use -Wno-dev to suppress it.
[0.985s] [0m
[0.990s] -- Found PythonLibs: /usr/lib/x86_64-linux-gnu/libpython3.8.so (found suitable version "3.8.10", minimum required is "3.5")
[0.990s] -- Using PYTHON_EXECUTABLE: /usr/bin/python3
[0.990s] -- Using PYTHON_INCLUDE_DIRS: /usr/include/python3.8
[0.990s] -- Using PYTHON_LIBRARIES: /usr/lib/x86_64-linux-gnu/libpython3.8.so
[1.005s] -- Found PythonExtra: .so
[1.064s] -- Found ament_lint_auto: 0.9.8 (/opt/ros/foxy/share/ament_lint_auto/cmake)
[1.073s] -- Added test 'lint_cmake' to check CMake code style
[1.073s] -- Added test 'xmllint' to check XML markup files
[1.074s] -- Configuring done (1.1s)
[1.103s] -- Generating done (0.0s)
[1.105s] -- Build files have been written to: /home/dvij/ee206-project/ping-pong-robot/vision_tracking/ros2_ws/src/build/interface
[1.113s] Invoked command in '/home/dvij/ee206-project/ping-pong-robot/vision_tracking/ros2_ws/src/build/interface' returned '0': CMAKE_PREFIX_PATH=/opt/ros/foxy CONDA_PROMPT_MODIFIER=(base) /usr/local/bin/cmake /home/dvij/ee206-project/ping-pong-robot/vision_tracking/ros2_ws/src/interface -DCMAKE_INSTALL_PREFIX=/home/dvij/ee206-project/ping-pong-robot/vision_tracking/ros2_ws/src/install/interface
[1.116s] Invoking command in '/home/dvij/ee206-project/ping-pong-robot/vision_tracking/ros2_ws/src/build/interface': CMAKE_PREFIX_PATH=/opt/ros/foxy CONDA_PROMPT_MODIFIER=(base) /usr/local/bin/cmake --build /home/dvij/ee206-project/ping-pong-robot/vision_tracking/ros2_ws/src/build/interface -- -j20 -l20
[1.137s] [  3%] [34m[1mGenerating C code for ROS interfaces[0m
[1.140s] [  6%] [34m[1mGenerating C++ code for ROS interfaces[0m
[1.260s] [  6%] Built target interface__cpp
[1.269s] [ 16%] [34m[1mGenerating C++ type support dispatch for ROS interfaces[0m
[1.269s] [ 16%] [34m[1mGenerating C++ introspection for ROS interfaces[0m
[1.269s] [ 16%] [34m[1mGenerating C++ type support for eProsima Fast-RTPS[0m
[1.317s] [ 19%] [32mBuilding C object CMakeFiles/interface__rosidl_generator_c.dir/rosidl_generator_c/interface/msg/detail/scene__functions.c.o[0m
[1.349s] [ 22%] [32m[1mLinking C shared library libinterface__rosidl_generator_c.so[0m
[1.371s] [ 22%] Built target interface__rosidl_generator_c
[1.376s] [ 25%] [34m[1mGenerating C introspection for ROS interfaces[0m
[1.379s] [ 29%] [34m[1mGenerating C type support dispatch for ROS interfaces[0m
[1.388s] [ 32%] [32mBuilding CXX object CMakeFiles/interface__rosidl_typesupport_introspection_cpp.dir/rosidl_typesupport_introspection_cpp/interface/msg/detail/scene__type_support.cpp.o[0m
[1.391s] [ 35%] [32mBuilding CXX object CMakeFiles/interface__rosidl_typesupport_cpp.dir/rosidl_typesupport_cpp/interface/msg/scene__type_support.cpp.o[0m
[1.394s] [ 38%] [32mBuilding CXX object CMakeFiles/interface__rosidl_typesupport_fastrtps_cpp.dir/rosidl_typesupport_fastrtps_cpp/interface/msg/detail/dds_fastrtps/scene__type_support.cpp.o[0m
[1.489s] [ 41%] [32mBuilding CXX object CMakeFiles/interface__rosidl_typesupport_c.dir/rosidl_typesupport_c/interface/msg/scene__type_support.cpp.o[0m
[1.494s] [ 45%] [32mBuilding C object CMakeFiles/interface__rosidl_typesupport_introspection_c.dir/rosidl_typesupport_introspection_c/interface/msg/detail/scene__type_support.c.o[0m
[1.507s] [ 48%] [32m[1mLinking CXX shared library libinterface__rosidl_typesupport_c.so[0m
[1.514s] [ 51%] [32m[1mLinking C shared library libinterface__rosidl_typesupport_introspection_c.so[0m
[1.524s] [ 54%] [32m[1mLinking CXX shared library libinterface__rosidl_typesupport_cpp.so[0m
[1.530s] [ 54%] Built target interface__rosidl_typesupport_c
[1.531s] [ 54%] Built target interface__rosidl_typesupport_introspection_c
[1.546s] [ 54%] Built target interface__rosidl_typesupport_cpp
[1.559s] [ 58%] [32m[1mLinking CXX shared library libinterface__rosidl_typesupport_introspection_cpp.so[0m
[1.598s] [ 58%] Built target interface__rosidl_typesupport_introspection_cpp
[1.624s] [ 61%] [32m[1mLinking CXX shared library libinterface__rosidl_typesupport_fastrtps_cpp.so[0m
[1.671s] [ 61%] Built target interface__rosidl_typesupport_fastrtps_cpp
[1.676s] [ 64%] [34m[1mGenerating C type support for eProsima Fast-RTPS[0m
[1.787s] [ 67%] [32mBuilding CXX object CMakeFiles/interface__rosidl_typesupport_fastrtps_c.dir/rosidl_typesupport_fastrtps_c/interface/msg/detail/scene__type_support_c.cpp.o[0m
[1.951s] [ 70%] [32m[1mLinking CXX shared library libinterface__rosidl_typesupport_fastrtps_c.so[0m
[1.998s] [ 70%] Built target interface__rosidl_typesupport_fastrtps_c
[2.007s] [ 70%] Built target interface
[2.017s] [ 74%] [34m[1mGenerating Python code for ROS interfaces[0m
[2.228s] [ 74%] Built target interface__py
[2.237s] [ 77%] [32mBuilding C object CMakeFiles/interface__python.dir/rosidl_generator_py/interface/msg/_scene_s.c.o[0m
[2.284s] [ 80%] [32m[1mLinking C shared library rosidl_generator_py/interface/libinterface__python.so[0m
[2.308s] [ 80%] Built target interface__python
[2.318s] [ 90%] [32mBuilding C object CMakeFiles/interface__rosidl_typesupport_c__pyext.dir/rosidl_generator_py/interface/_interface_s.ep.rosidl_typesupport_c.c.o[0m
[2.318s] [ 90%] [32mBuilding C object CMakeFiles/interface__rosidl_typesupport_fastrtps_c__pyext.dir/rosidl_generator_py/interface/_interface_s.ep.rosidl_typesupport_fastrtps_c.c.o[0m
[2.318s] [ 90%] [32mBuilding C object CMakeFiles/interface__rosidl_typesupport_introspection_c__pyext.dir/rosidl_generator_py/interface/_interface_s.ep.rosidl_typesupport_introspection_c.c.o[0m
[2.359s] [100%] [32m[1mLinking C shared library rosidl_generator_py/interface/interface_s__rosidl_typesupport_c.cpython-38-x86_64-linux-gnu.so[0m
[2.359s] [100%] [32m[1mLinking CXX shared library rosidl_generator_py/interface/interface_s__rosidl_typesupport_fastrtps_c.cpython-38-x86_64-linux-gnu.so[0m
[2.360s] [100%] [32m[1mLinking C shared library rosidl_generator_py/interface/interface_s__rosidl_typesupport_introspection_c.cpython-38-x86_64-linux-gnu.so[0m
[2.379s] [100%] Built target interface__rosidl_typesupport_introspection_c__pyext
[2.380s] [100%] Built target interface__rosidl_typesupport_c__pyext
[2.395s] [100%] Built target interface__rosidl_typesupport_fastrtps_c__pyext
[2.400s] Invoked command in '/home/dvij/ee206-project/ping-pong-robot/vision_tracking/ros2_ws/src/build/interface' returned '0': CMAKE_PREFIX_PATH=/opt/ros/foxy CONDA_PROMPT_MODIFIER=(base) /usr/local/bin/cmake --build /home/dvij/ee206-project/ping-pong-robot/vision_tracking/ros2_ws/src/build/interface -- -j20 -l20
[2.468s] Invoking command in '/home/dvij/ee206-project/ping-pong-robot/vision_tracking/ros2_ws/src/build/interface': CMAKE_PREFIX_PATH=/opt/ros/foxy CONDA_PROMPT_MODIFIER=(base) /usr/local/bin/cmake --install /home/dvij/ee206-project/ping-pong-robot/vision_tracking/ros2_ws/src/build/interface
[2.472s] -- Install configuration: ""
[2.472s] -- Installing: /home/dvij/ee206-project/ping-pong-robot/vision_tracking/ros2_ws/src/install/interface/share/ament_index/resource_index/rosidl_interfaces/interface
[2.472s] -- Installing: /home/dvij/ee206-project/ping-pong-robot/vision_tracking/ros2_ws/src/install/interface/include/interface
[2.472s] -- Installing: /home/dvij/ee206-project/ping-pong-robot/vision_tracking/ros2_ws/src/install/interface/include/interface/msg
[2.472s] -- Installing: /home/dvij/ee206-project/ping-pong-robot/vision_tracking/ros2_ws/src/install/interface/include/interface/msg/rosidl_generator_c__visibility_control.h
[2.472s] -- Installing: /home/dvij/ee206-project/ping-pong-robot/vision_tracking/ros2_ws/src/install/interface/include/interface/msg/detail
[2.473s] -- Installing: /home/dvij/ee206-project/ping-pong-robot/vision_tracking/ros2_ws/src/install/interface/include/interface/msg/detail/scene__functions.c
[2.473s] -- Installing: /home/dvij/ee206-project/ping-pong-robot/vision_tracking/ros2_ws/src/install/interface/include/interface/msg/detail/scene__type_support.h
[2.473s] -- Installing: /home/dvij/ee206-project/ping-pong-robot/vision_tracking/ros2_ws/src/install/interface/include/interface/msg/detail/scene__struct.h
[2.473s] -- Installing: /home/dvij/ee206-project/ping-pong-robot/vision_tracking/ros2_ws/src/install/interface/include/interface/msg/detail/scene__functions.h
[2.473s] -- Installing: /home/dvij/ee206-project/ping-pong-robot/vision_tracking/ros2_ws/src/install/interface/include/interface/msg/scene.h
[2.473s] -- Installing: /home/dvij/ee206-project/ping-pong-robot/vision_tracking/ros2_ws/src/install/interface/share/interface/environment/library_path.sh
[2.473s] -- Installing: /home/dvij/ee206-project/ping-pong-robot/vision_tracking/ros2_ws/src/install/interface/share/interface/environment/library_path.dsv
[2.473s] -- Installing: /home/dvij/ee206-project/ping-pong-robot/vision_tracking/ros2_ws/src/install/interface/lib/libinterface__rosidl_generator_c.so
[2.473s] -- Set non-toolchain portion of runtime path of "/home/dvij/ee206-project/ping-pong-robot/vision_tracking/ros2_ws/src/install/interface/lib/libinterface__rosidl_generator_c.so" to ""
[2.473s] -- Up-to-date: /home/dvij/ee206-project/ping-pong-robot/vision_tracking/ros2_ws/src/install/interface/include/interface
[2.474s] -- Up-to-date: /home/dvij/ee206-project/ping-pong-robot/vision_tracking/ros2_ws/src/install/interface/include/interface/msg
[2.474s] -- Installing: /home/dvij/ee206-project/ping-pong-robot/vision_tracking/ros2_ws/src/install/interface/include/interface/msg/rosidl_typesupport_fastrtps_c__visibility_control.h
[2.474s] -- Up-to-date: /home/dvij/ee206-project/ping-pong-robot/vision_tracking/ros2_ws/src/install/interface/include/interface/msg/detail
[2.474s] -- Installing: /home/dvij/ee206-project/ping-pong-robot/vision_tracking/ros2_ws/src/install/interface/include/interface/msg/detail/scene__rosidl_typesupport_fastrtps_c.h
[2.474s] -- Installing: /home/dvij/ee206-project/ping-pong-robot/vision_tracking/ros2_ws/src/install/interface/lib/libinterface__rosidl_typesupport_fastrtps_c.so
[2.474s] -- Set non-toolchain portion of runtime path of "/home/dvij/ee206-project/ping-pong-robot/vision_tracking/ros2_ws/src/install/interface/lib/libinterface__rosidl_typesupport_fastrtps_c.so" to ""
[2.474s] -- Up-to-date: /home/dvij/ee206-project/ping-pong-robot/vision_tracking/ros2_ws/src/install/interface/include/interface
[2.474s] -- Up-to-date: /home/dvij/ee206-project/ping-pong-robot/vision_tracking/ros2_ws/src/install/interface/include/interface/msg
[2.474s] -- Installing: /home/dvij/ee206-project/ping-pong-robot/vision_tracking/ros2_ws/src/install/interface/include/interface/msg/rosidl_typesupport_fastrtps_cpp__visibility_control.h
[2.474s] -- Up-to-date: /home/dvij/ee206-project/ping-pong-robot/vision_tracking/ros2_ws/src/install/interface/include/interface/msg/detail
[2.474s] -- Installing: /home/dvij/ee206-project/ping-pong-robot/vision_tracking/ros2_ws/src/install/interface/include/interface/msg/detail/scene__rosidl_typesupport_fastrtps_cpp.hpp
[2.475s] -- Installing: /home/dvij/ee206-project/ping-pong-robot/vision_tracking/ros2_ws/src/install/interface/include/interface/msg/detail/dds_fastrtps
[2.475s] -- Installing: /home/dvij/ee206-project/ping-pong-robot/vision_tracking/ros2_ws/src/install/interface/lib/libinterface__rosidl_typesupport_fastrtps_cpp.so
[2.475s] -- Set non-toolchain portion of runtime path of "/home/dvij/ee206-project/ping-pong-robot/vision_tracking/ros2_ws/src/install/interface/lib/libinterface__rosidl_typesupport_fastrtps_cpp.so" to ""
[2.475s] -- Up-to-date: /home/dvij/ee206-project/ping-pong-robot/vision_tracking/ros2_ws/src/install/interface/include/interface
[2.475s] -- Up-to-date: /home/dvij/ee206-project/ping-pong-robot/vision_tracking/ros2_ws/src/install/interface/include/interface/msg
[2.475s] -- Installing: /home/dvij/ee206-project/ping-pong-robot/vision_tracking/ros2_ws/src/install/interface/include/interface/msg/rosidl_typesupport_introspection_c__visibility_control.h
[2.475s] -- Up-to-date: /home/dvij/ee206-project/ping-pong-robot/vision_tracking/ros2_ws/src/install/interface/include/interface/msg/detail
[2.475s] -- Installing: /home/dvij/ee206-project/ping-pong-robot/vision_tracking/ros2_ws/src/install/interface/include/interface/msg/detail/scene__type_support.c
[2.475s] -- Installing: /home/dvij/ee206-project/ping-pong-robot/vision_tracking/ros2_ws/src/install/interface/include/interface/msg/detail/scene__rosidl_typesupport_introspection_c.h
[2.475s] -- Installing: /home/dvij/ee206-project/ping-pong-robot/vision_tracking/ros2_ws/src/install/interface/lib/libinterface__rosidl_typesupport_introspection_c.so
[2.475s] -- Set non-toolchain portion of runtime path of "/home/dvij/ee206-project/ping-pong-robot/vision_tracking/ros2_ws/src/install/interface/lib/libinterface__rosidl_typesupport_introspection_c.so" to ""
[2.475s] -- Installing: /home/dvij/ee206-project/ping-pong-robot/vision_tracking/ros2_ws/src/install/interface/lib/libinterface__rosidl_typesupport_c.so
[2.475s] -- Set non-toolchain portion of runtime path of "/home/dvij/ee206-project/ping-pong-robot/vision_tracking/ros2_ws/src/install/interface/lib/libinterface__rosidl_typesupport_c.so" to ""
[2.476s] -- Up-to-date: /home/dvij/ee206-project/ping-pong-robot/vision_tracking/ros2_ws/src/install/interface/include/interface
[2.476s] -- Up-to-date: /home/dvij/ee206-project/ping-pong-robot/vision_tracking/ros2_ws/src/install/interface/include/interface/msg
[2.476s] -- Installing: /home/dvij/ee206-project/ping-pong-robot/vision_tracking/ros2_ws/src/install/interface/include/interface/msg/rosidl_generator_cpp__visibility_control.hpp
[2.476s] -- Installing: /home/dvij/ee206-project/ping-pong-robot/vision_tracking/ros2_ws/src/install/interface/include/interface/msg/scene.hpp
[2.476s] -- Up-to-date: /home/dvij/ee206-project/ping-pong-robot/vision_tracking/ros2_ws/src/install/interface/include/interface/msg/detail
[2.476s] -- Installing: /home/dvij/ee206-project/ping-pong-robot/vision_tracking/ros2_ws/src/install/interface/include/interface/msg/detail/scene__builder.hpp
[2.476s] -- Installing: /home/dvij/ee206-project/ping-pong-robot/vision_tracking/ros2_ws/src/install/interface/include/interface/msg/detail/scene__type_support.hpp
[2.476s] -- Installing: /home/dvij/ee206-project/ping-pong-robot/vision_tracking/ros2_ws/src/install/interface/include/interface/msg/detail/scene__struct.hpp
[2.476s] -- Installing: /home/dvij/ee206-project/ping-pong-robot/vision_tracking/ros2_ws/src/install/interface/include/interface/msg/detail/scene__traits.hpp
[2.476s] -- Up-to-date: /home/dvij/ee206-project/ping-pong-robot/vision_tracking/ros2_ws/src/install/interface/include/interface
[2.476s] -- Up-to-date: /home/dvij/ee206-project/ping-pong-robot/vision_tracking/ros2_ws/src/install/interface/include/interface/msg
[2.476s] -- Up-to-date: /home/dvij/ee206-project/ping-pong-robot/vision_tracking/ros2_ws/src/install/interface/include/interface/msg/detail
[2.476s] -- Installing: /home/dvij/ee206-project/ping-pong-robot/vision_tracking/ros2_ws/src/install/interface/include/interface/msg/detail/scene__type_support.cpp
[2.476s] -- Installing: /home/dvij/ee206-project/ping-pong-robot/vision_tracking/ros2_ws/src/install/interface/include/interface/msg/detail/scene__rosidl_typesupport_introspection_cpp.hpp
[2.477s] -- Installing: /home/dvij/ee206-project/ping-pong-robot/vision_tracking/ros2_ws/src/install/interface/lib/libinterface__rosidl_typesupport_introspection_cpp.so
[2.477s] -- Set non-toolchain portion of runtime path of "/home/dvij/ee206-project/ping-pong-robot/vision_tracking/ros2_ws/src/install/interface/lib/libinterface__rosidl_typesupport_introspection_cpp.so" to ""
[2.477s] -- Installing: /home/dvij/ee206-project/ping-pong-robot/vision_tracking/ros2_ws/src/install/interface/lib/libinterface__rosidl_typesupport_cpp.so
[2.477s] -- Set non-toolchain portion of runtime path of "/home/dvij/ee206-project/ping-pong-robot/vision_tracking/ros2_ws/src/install/interface/lib/libinterface__rosidl_typesupport_cpp.so" to ""
[2.477s] -- Installing: /home/dvij/ee206-project/ping-pong-robot/vision_tracking/ros2_ws/src/install/interface/share/interface/environment/pythonpath.sh
[2.477s] -- Installing: /home/dvij/ee206-project/ping-pong-robot/vision_tracking/ros2_ws/src/install/interface/share/interface/environment/pythonpath.dsv
[2.477s] -- Installing: /home/dvij/ee206-project/ping-pong-robot/vision_tracking/ros2_ws/src/install/interface/lib/python3.8/site-packages/interface/__init__.py
[2.495s] Compiling '/home/dvij/ee206-project/ping-pong-robot/vision_tracking/ros2_ws/src/install/interface/lib/python3.8/site-packages/interface/__init__.py'...
[2.498s] -- Installing: /home/dvij/ee206-project/ping-pong-robot/vision_tracking/ros2_ws/src/install/interface/lib/python3.8/site-packages/interface/msg
[2.498s] -- Installing: /home/dvij/ee206-project/ping-pong-robot/vision_tracking/ros2_ws/src/install/interface/lib/python3.8/site-packages/interface/msg/_scene.py
[2.498s] -- Installing: /home/dvij/ee206-project/ping-pong-robot/vision_tracking/ros2_ws/src/install/interface/lib/python3.8/site-packages/interface/msg/_scene_s.c
[2.499s] -- Installing: /home/dvij/ee206-project/ping-pong-robot/vision_tracking/ros2_ws/src/install/interface/lib/python3.8/site-packages/interface/msg/__init__.py
[2.499s] -- Installing: /home/dvij/ee206-project/ping-pong-robot/vision_tracking/ros2_ws/src/install/interface/lib/python3.8/site-packages/interface/interface_s__rosidl_typesupport_fastrtps_c.cpython-38-x86_64-linux-gnu.so
[2.499s] -- Set non-toolchain portion of runtime path of "/home/dvij/ee206-project/ping-pong-robot/vision_tracking/ros2_ws/src/install/interface/lib/python3.8/site-packages/interface/interface_s__rosidl_typesupport_fastrtps_c.cpython-38-x86_64-linux-gnu.so" to ""
[2.499s] -- Installing: /home/dvij/ee206-project/ping-pong-robot/vision_tracking/ros2_ws/src/install/interface/lib/python3.8/site-packages/interface/interface_s__rosidl_typesupport_introspection_c.cpython-38-x86_64-linux-gnu.so
[2.499s] -- Set non-toolchain portion of runtime path of "/home/dvij/ee206-project/ping-pong-robot/vision_tracking/ros2_ws/src/install/interface/lib/python3.8/site-packages/interface/interface_s__rosidl_typesupport_introspection_c.cpython-38-x86_64-linux-gnu.so" to ""
[2.499s] -- Installing: /home/dvij/ee206-project/ping-pong-robot/vision_tracking/ros2_ws/src/install/interface/lib/python3.8/site-packages/interface/interface_s__rosidl_typesupport_c.cpython-38-x86_64-linux-gnu.so
[2.499s] -- Set non-toolchain portion of runtime path of "/home/dvij/ee206-project/ping-pong-robot/vision_tracking/ros2_ws/src/install/interface/lib/python3.8/site-packages/interface/interface_s__rosidl_typesupport_c.cpython-38-x86_64-linux-gnu.so" to ""
[2.499s] -- Installing: /home/dvij/ee206-project/ping-pong-robot/vision_tracking/ros2_ws/src/install/interface/lib/libinterface__python.so
[2.499s] -- Set non-toolchain portion of runtime path of "/home/dvij/ee206-project/ping-pong-robot/vision_tracking/ros2_ws/src/install/interface/lib/libinterface__python.so" to ""
[2.499s] -- Installing: /home/dvij/ee206-project/ping-pong-robot/vision_tracking/ros2_ws/src/install/interface/share/interface/msg/Scene.idl
[2.499s] -- Installing: /home/dvij/ee206-project/ping-pong-robot/vision_tracking/ros2_ws/src/install/interface/share/interface/msg/Scene.msg
[2.500s] -- Installing: /home/dvij/ee206-project/ping-pong-robot/vision_tracking/ros2_ws/src/install/interface/share/ament_index/resource_index/package_run_dependencies/interface
[2.500s] -- Installing: /home/dvij/ee206-project/ping-pong-robot/vision_tracking/ros2_ws/src/install/interface/share/ament_index/resource_index/parent_prefix_path/interface
[2.500s] -- Installing: /home/dvij/ee206-project/ping-pong-robot/vision_tracking/ros2_ws/src/install/interface/share/interface/environment/ament_prefix_path.sh
[2.500s] -- Installing: /home/dvij/ee206-project/ping-pong-robot/vision_tracking/ros2_ws/src/install/interface/share/interface/environment/ament_prefix_path.dsv
[2.500s] -- Installing: /home/dvij/ee206-project/ping-pong-robot/vision_tracking/ros2_ws/src/install/interface/share/interface/environment/path.sh
[2.500s] -- Installing: /home/dvij/ee206-project/ping-pong-robot/vision_tracking/ros2_ws/src/install/interface/share/interface/environment/path.dsv
[2.500s] -- Installing: /home/dvij/ee206-project/ping-pong-robot/vision_tracking/ros2_ws/src/install/interface/share/interface/local_setup.bash
[2.500s] -- Installing: /home/dvij/ee206-project/ping-pong-robot/vision_tracking/ros2_ws/src/install/interface/share/interface/local_setup.sh
[2.500s] -- Installing: /home/dvij/ee206-project/ping-pong-robot/vision_tracking/ros2_ws/src/install/interface/share/interface/local_setup.zsh
[2.500s] -- Installing: /home/dvij/ee206-project/ping-pong-robot/vision_tracking/ros2_ws/src/install/interface/share/interface/local_setup.dsv
[2.500s] -- Installing: /home/dvij/ee206-project/ping-pong-robot/vision_tracking/ros2_ws/src/install/interface/share/interface/package.dsv
[2.501s] -- Installing: /home/dvij/ee206-project/ping-pong-robot/vision_tracking/ros2_ws/src/install/interface/share/ament_index/resource_index/packages/interface
[2.501s] -- Installing: /home/dvij/ee206-project/ping-pong-robot/vision_tracking/ros2_ws/src/install/interface/share/interface/cmake/interface__rosidl_generator_cExport.cmake
[2.501s] -- Installing: /home/dvij/ee206-project/ping-pong-robot/vision_tracking/ros2_ws/src/install/interface/share/interface/cmake/interface__rosidl_generator_cExport-noconfig.cmake
[2.501s] -- Installing: /home/dvij/ee206-project/ping-pong-robot/vision_tracking/ros2_ws/src/install/interface/share/interface/cmake/interface__rosidl_typesupport_introspection_cExport.cmake
[2.501s] -- Installing: /home/dvij/ee206-project/ping-pong-robot/vision_tracking/ros2_ws/src/install/interface/share/interface/cmake/interface__rosidl_typesupport_introspection_cExport-noconfig.cmake
[2.501s] -- Installing: /home/dvij/ee206-project/ping-pong-robot/vision_tracking/ros2_ws/src/install/interface/share/interface/cmake/interface__rosidl_typesupport_cExport.cmake
[2.501s] -- Installing: /home/dvij/ee206-project/ping-pong-robot/vision_tracking/ros2_ws/src/install/interface/share/interface/cmake/interface__rosidl_typesupport_cExport-noconfig.cmake
[2.501s] -- Installing: /home/dvij/ee206-project/ping-pong-robot/vision_tracking/ros2_ws/src/install/interface/share/interface/cmake/interface__rosidl_generator_cppExport.cmake
[2.501s] -- Installing: /home/dvij/ee206-project/ping-pong-robot/vision_tracking/ros2_ws/src/install/interface/share/interface/cmake/interface__rosidl_typesupport_introspection_cppExport.cmake
[2.501s] -- Installing: /home/dvij/ee206-project/ping-pong-robot/vision_tracking/ros2_ws/src/install/interface/share/interface/cmake/interface__rosidl_typesupport_introspection_cppExport-noconfig.cmake
[2.502s] -- Installing: /home/dvij/ee206-project/ping-pong-robot/vision_tracking/ros2_ws/src/install/interface/share/interface/cmake/interface__rosidl_typesupport_cppExport.cmake
[2.503s] -- Installing: /home/dvij/ee206-project/ping-pong-robot/vision_tracking/ros2_ws/src/install/interface/share/interface/cmake/interface__rosidl_typesupport_cppExport-noconfig.cmake
[2.503s] -- Installing: /home/dvij/ee206-project/ping-pong-robot/vision_tracking/ros2_ws/src/install/interface/share/interface/cmake/rosidl_cmake-extras.cmake
[2.503s] -- Installing: /home/dvij/ee206-project/ping-pong-robot/vision_tracking/ros2_ws/src/install/interface/share/interface/cmake/ament_cmake_export_dependencies-extras.cmake
[2.503s] -- Installing: /home/dvij/ee206-project/ping-pong-robot/vision_tracking/ros2_ws/src/install/interface/share/interface/cmake/ament_cmake_export_libraries-extras.cmake
[2.503s] -- Installing: /home/dvij/ee206-project/ping-pong-robot/vision_tracking/ros2_ws/src/install/interface/share/interface/cmake/ament_cmake_export_targets-extras.cmake
[2.503s] -- Installing: /home/dvij/ee206-project/ping-pong-robot/vision_tracking/ros2_ws/src/install/interface/share/interface/cmake/ament_cmake_export_include_directories-extras.cmake
[2.504s] -- Installing: /home/dvij/ee206-project/ping-pong-robot/vision_tracking/ros2_ws/src/install/interface/share/interface/cmake/rosidl_cmake_export_typesupport_libraries-extras.cmake
[2.504s] -- Installing: /home/dvij/ee206-project/ping-pong-robot/vision_tracking/ros2_ws/src/install/interface/share/interface/cmake/rosidl_cmake_export_typesupport_targets-extras.cmake
[2.504s] -- Installing: /home/dvij/ee206-project/ping-pong-robot/vision_tracking/ros2_ws/src/install/interface/share/interface/cmake/interfaceConfig.cmake
[2.504s] -- Installing: /home/dvij/ee206-project/ping-pong-robot/vision_tracking/ros2_ws/src/install/interface/share/interface/cmake/interfaceConfig-version.cmake
[2.504s] -- Installing: /home/dvij/ee206-project/ping-pong-robot/vision_tracking/ros2_ws/src/install/interface/share/interface/package.xml
[2.504s] Invoked command in '/home/dvij/ee206-project/ping-pong-robot/vision_tracking/ros2_ws/src/build/interface' returned '0': CMAKE_PREFIX_PATH=/opt/ros/foxy CONDA_PROMPT_MODIFIER=(base) /usr/local/bin/cmake --install /home/dvij/ee206-project/ping-pong-robot/vision_tracking/ros2_ws/src/build/interface
