[0.623s] Invoking command in '/home/dvij/ee206-project/ping-pong-robot/robot_ros2/src/ball_nodes': PYTHONPATH=/home/dvij/ee206-project/ping-pong-robot/robot_ros2/build/ball_nodes/prefix_override:/usr/lib/python3/dist-packages/colcon_core/task/python/colcon_distutils_commands:/home/dvij/ee206-project/ping-pong-robot/robot_ros2/install/ball_nodes/lib/python3.8/site-packages:${PYTHONPATH} /usr/bin/python3 -W ignore:setup.py install is deprecated setup.py egg_info --egg-base ../../build/ball_nodes build --build-base /home/dvij/ee206-project/ping-pong-robot/robot_ros2/build/ball_nodes/build install --record /home/dvij/ee206-project/ping-pong-robot/robot_ros2/build/ball_nodes/install.log --install-scripts $base/lib/ball_nodes --single-version-externally-managed install_data
[0.751s] /home/dvij/.local/lib/python3.8/site-packages/setuptools/dist.py:717: UserWarning: Usage of dash-separated 'script-dir' will not be supported in future versions. Please use the underscore name 'script_dir' instead
[0.751s]   warnings.warn(
[0.765s] running egg_info
[0.765s] writing ../../build/ball_nodes/ball_nodes.egg-info/PKG-INFO
[0.765s] writing dependency_links to ../../build/ball_nodes/ball_nodes.egg-info/dependency_links.txt
[0.765s] writing entry points to ../../build/ball_nodes/ball_nodes.egg-info/entry_points.txt
[0.765s] writing requirements to ../../build/ball_nodes/ball_nodes.egg-info/requires.txt
[0.765s] writing top-level names to ../../build/ball_nodes/ball_nodes.egg-info/top_level.txt
[0.767s] reading manifest file '../../build/ball_nodes/ball_nodes.egg-info/SOURCES.txt'
[0.767s] writing manifest file '../../build/ball_nodes/ball_nodes.egg-info/SOURCES.txt'
[0.767s] running build
[0.767s] running build_py
[0.767s] running install
[0.767s] running install_lib
[0.768s] running install_data
[0.768s] running install_egg_info
[0.769s] removing '/home/dvij/ee206-project/ping-pong-robot/robot_ros2/install/ball_nodes/lib/python3.8/site-packages/ball_nodes-0.0.0-py3.8.egg-info' (and everything under it)
[0.769s] Copying ../../build/ball_nodes/ball_nodes.egg-info to /home/dvij/ee206-project/ping-pong-robot/robot_ros2/install/ball_nodes/lib/python3.8/site-packages/ball_nodes-0.0.0-py3.8.egg-info
[0.769s] running install_scripts
[0.779s] Installing ball_pub script to /home/dvij/ee206-project/ping-pong-robot/robot_ros2/install/ball_nodes/lib/ball_nodes
[0.779s] Installing ball_trajectory script to /home/dvij/ee206-project/ping-pong-robot/robot_ros2/install/ball_nodes/lib/ball_nodes
[0.779s] writing list of installed files to '/home/dvij/ee206-project/ping-pong-robot/robot_ros2/build/ball_nodes/install.log'
[0.790s] Invoked command in '/home/dvij/ee206-project/ping-pong-robot/robot_ros2/src/ball_nodes' returned '0': PYTHONPATH=/home/dvij/ee206-project/ping-pong-robot/robot_ros2/build/ball_nodes/prefix_override:/usr/lib/python3/dist-packages/colcon_core/task/python/colcon_distutils_commands:/home/dvij/ee206-project/ping-pong-robot/robot_ros2/install/ball_nodes/lib/python3.8/site-packages:${PYTHONPATH} /usr/bin/python3 -W ignore:setup.py install is deprecated setup.py egg_info --egg-base ../../build/ball_nodes build --build-base /home/dvij/ee206-project/ping-pong-robot/robot_ros2/build/ball_nodes/build install --record /home/dvij/ee206-project/ping-pong-robot/robot_ros2/build/ball_nodes/install.log --install-scripts $base/lib/ball_nodes --single-version-externally-managed install_data
