[0.163s] Invoking command in '/home/pingpongproject/code/ping-pong-robot/lbr_fri_ros2_stack_ws_foxy2/build/lbr_fri_msgs': CMAKE_PREFIX_PATH=/opt/ros/foxy /home/pingpongproject/.local/bin/cmake /home/pingpongproject/code/ping-pong-robot/lbr_fri_ros2_stack_ws_foxy2/src/lbr_fri_ros2_stack/lbr_fri_msgs -DCMAKE_BUILD_TYPE=Release -DAMENT_CMAKE_SYMLINK_INSTALL=1 -DCMAKE_INSTALL_PREFIX=/home/pingpongproject/code/ping-pong-robot/lbr_fri_ros2_stack_ws_foxy2/install/lbr_fri_msgs
[0.264s] -- The C compiler identification is GNU 9.4.0
[0.340s] -- The CXX compiler identification is GNU 9.4.0
[0.349s] -- Detecting C compiler ABI info
[0.381s] -- Detecting C compiler ABI info - done
[0.392s] -- Check for working C compiler: /usr/bin/cc - skipped
[0.392s] -- Detecting C compile features
[0.393s] -- Detecting C compile features - done
[0.396s] -- Detecting CXX compiler ABI info
[0.433s] -- Detecting CXX compiler ABI info - done
[0.439s] -- Check for working CXX compiler: /usr/bin/c++ - skipped
[0.440s] -- Detecting CXX compile features
[0.440s] -- Detecting CXX compile features - done
[0.442s] -- Found ament_cmake: 0.9.12 (/opt/ros/foxy/share/ament_cmake/cmake)
[0.470s] -- Found PythonInterp: /usr/bin/python3 (found suitable version "3.8.10", minimum required is "3") 
[0.470s] -- Using PYTHON_EXECUTABLE: /usr/bin/python3
[0.578s] -- Override CMake install command with custom implementation using symlinks instead of copying resources
[0.604s] -- Found builtin_interfaces: 1.0.0 (/opt/ros/foxy/share/builtin_interfaces/cmake)
[0.635s] -- Using all available rosidl_typesupport_c: rosidl_typesupport_fastrtps_c;rosidl_typesupport_introspection_c
[0.642s] -- Found rosidl_adapter: 1.3.1 (/opt/ros/foxy/share/rosidl_adapter/cmake)
[0.709s] -- Found OpenSSL: /usr/lib/x86_64-linux-gnu/libcrypto.so (found version "1.1.1f")  
[0.731s] -- Found FastRTPS: /opt/ros/foxy/include  
[0.807s] -- Using all available rosidl_typesupport_cpp: rosidl_typesupport_fastrtps_cpp;rosidl_typesupport_introspection_cpp
[0.829s] -- Found rosidl_default_generators: 1.0.1 (/opt/ros/foxy/share/rosidl_default_generators/cmake)
[0.838s] -- Found std_msgs: 2.0.5 (/opt/ros/foxy/share/std_msgs/cmake)
[0.864s] -- Found PythonInterp: /usr/bin/python3 (found version "3.8.10") 
[0.997s] -- Found ament_cmake_cppcheck: 0.9.8 (/opt/ros/foxy/share/ament_cmake_cppcheck/cmake)
[0.999s] -- Found ament_cmake_cpplint: 0.9.8 (/opt/ros/foxy/share/ament_cmake_cpplint/cmake)
[1.001s] -- Found ament_cmake_uncrustify: 0.9.8 (/opt/ros/foxy/share/ament_cmake_uncrustify/cmake)
[1.004s] -- Found ament_cmake_ros: 0.9.2 (/opt/ros/foxy/share/ament_cmake_ros/cmake)
[1.125s] -- Using all available rosidl_typesupport_c: rosidl_typesupport_fastrtps_c;rosidl_typesupport_introspection_c
[1.167s] -- Using all available rosidl_typesupport_cpp: rosidl_typesupport_fastrtps_cpp;rosidl_typesupport_introspection_cpp
[1.182s] -- Found PythonInterp: /usr/bin/python3 (found suitable version "3.8.10", minimum required is "3.5") 
[1.183s] -- Found python_cmake_module: 0.8.1 (/opt/ros/foxy/share/python_cmake_module/cmake)
[1.202s] -- Found PythonLibs: /usr/lib/x86_64-linux-gnu/libpython3.8.so (found suitable version "3.8.10", minimum required is "3.5") 
[1.202s] -- Using PYTHON_EXECUTABLE: /usr/bin/python3
[1.202s] -- Using PYTHON_INCLUDE_DIRS: /usr/include/python3.8
[1.202s] -- Using PYTHON_LIBRARIES: /usr/lib/x86_64-linux-gnu/libpython3.8.so
[1.215s] -- Found PythonExtra: .so  
[1.259s] -- Found ament_cmake_flake8: 0.9.8 (/opt/ros/foxy/share/ament_cmake_flake8/cmake)
[1.261s] -- Found ament_cmake_pep257: 0.9.8 (/opt/ros/foxy/share/ament_cmake_pep257/cmake)
[1.268s] -- Configuring done (1.1s)
[1.297s] -- Generating done (0.0s)
[1.299s] -- Build files have been written to: /home/pingpongproject/code/ping-pong-robot/lbr_fri_ros2_stack_ws_foxy2/build/lbr_fri_msgs
[1.412s] Invoked command in '/home/pingpongproject/code/ping-pong-robot/lbr_fri_ros2_stack_ws_foxy2/build/lbr_fri_msgs' returned '0': CMAKE_PREFIX_PATH=/opt/ros/foxy /home/pingpongproject/.local/bin/cmake /home/pingpongproject/code/ping-pong-robot/lbr_fri_ros2_stack_ws_foxy2/src/lbr_fri_ros2_stack/lbr_fri_msgs -DCMAKE_BUILD_TYPE=Release -DAMENT_CMAKE_SYMLINK_INSTALL=1 -DCMAKE_INSTALL_PREFIX=/home/pingpongproject/code/ping-pong-robot/lbr_fri_ros2_stack_ws_foxy2/install/lbr_fri_msgs
[1.413s] Invoking command in '/home/pingpongproject/code/ping-pong-robot/lbr_fri_ros2_stack_ws_foxy2/build/lbr_fri_msgs': CMAKE_PREFIX_PATH=/opt/ros/foxy /home/pingpongproject/.local/bin/cmake --build /home/pingpongproject/code/ping-pong-robot/lbr_fri_ros2_stack_ws_foxy2/build/lbr_fri_msgs -- -j20 -l20
[1.437s] [  1%] [34m[1mGenerating C code for ROS interfaces[0m
[1.440s] [  3%] [34m[1mGenerating C++ code for ROS interfaces[0m
[1.694s] [  5%] [32mBuilding C object CMakeFiles/lbr_fri_msgs__rosidl_generator_c.dir/rosidl_generator_c/lbr_fri_msgs/msg/detail/lbr_command__functions.c.o[0m
[1.694s] [  7%] [32mBuilding C object CMakeFiles/lbr_fri_msgs__rosidl_generator_c.dir/rosidl_generator_c/lbr_fri_msgs/msg/detail/lbr_state__functions.c.o[0m
[1.695s] [  9%] [32mBuilding C object CMakeFiles/lbr_fri_msgs__rosidl_generator_c.dir/rosidl_generator_c/lbr_fri_msgs/srv/detail/app_disconnect__functions.c.o[0m
[1.695s] [ 10%] [32mBuilding C object CMakeFiles/lbr_fri_msgs__rosidl_generator_c.dir/rosidl_generator_c/lbr_fri_msgs/srv/detail/app_connect__functions.c.o[0m
[1.752s] [ 10%] Built target lbr_fri_msgs__cpp
[1.754s] [ 12%] [34m[1mGenerating C++ type support dispatch for ROS interfaces[0m
[1.754s] [ 14%] [34m[1mGenerating C++ type support for eProsima Fast-RTPS[0m
[1.754s] [ 16%] [34m[1mGenerating C++ introspection for ROS interfaces[0m
[1.823s] [ 18%] [32m[1mLinking C shared library liblbr_fri_msgs__rosidl_generator_c.so[0m
[1.845s] [ 18%] Built target lbr_fri_msgs__rosidl_generator_c
[1.847s] [ 20%] [34m[1mGenerating C type support dispatch for ROS interfaces[0m
[1.847s] [ 21%] [34m[1mGenerating C introspection for ROS interfaces[0m
[2.003s] [ 23%] [32mBuilding CXX object CMakeFiles/lbr_fri_msgs__rosidl_typesupport_cpp.dir/rosidl_typesupport_cpp/lbr_fri_msgs/msg/lbr_command__type_support.cpp.o[0m
[2.004s] [ 25%] [32mBuilding CXX object CMakeFiles/lbr_fri_msgs__rosidl_typesupport_cpp.dir/rosidl_typesupport_cpp/lbr_fri_msgs/srv/app_disconnect__type_support.cpp.o[0m
[2.004s] [ 27%] [32mBuilding CXX object CMakeFiles/lbr_fri_msgs__rosidl_typesupport_cpp.dir/rosidl_typesupport_cpp/lbr_fri_msgs/msg/lbr_state__type_support.cpp.o[0m
[2.004s] [ 29%] [32mBuilding CXX object CMakeFiles/lbr_fri_msgs__rosidl_typesupport_cpp.dir/rosidl_typesupport_cpp/lbr_fri_msgs/srv/app_connect__type_support.cpp.o[0m
[2.007s] [ 30%] [32mBuilding CXX object CMakeFiles/lbr_fri_msgs__rosidl_typesupport_fastrtps_cpp.dir/rosidl_typesupport_fastrtps_cpp/lbr_fri_msgs/msg/detail/dds_fastrtps/lbr_command__type_support.cpp.o[0m
[2.007s] [ 34%] [32mBuilding CXX object CMakeFiles/lbr_fri_msgs__rosidl_typesupport_fastrtps_cpp.dir/rosidl_typesupport_fastrtps_cpp/lbr_fri_msgs/srv/detail/dds_fastrtps/app_disconnect__type_support.cpp.o[0m
[2.007s] [ 34%] [32mBuilding CXX object CMakeFiles/lbr_fri_msgs__rosidl_typesupport_fastrtps_cpp.dir/rosidl_typesupport_fastrtps_cpp/lbr_fri_msgs/msg/detail/dds_fastrtps/lbr_state__type_support.cpp.o[0m
[2.008s] [ 36%] [32mBuilding CXX object CMakeFiles/lbr_fri_msgs__rosidl_typesupport_fastrtps_cpp.dir/rosidl_typesupport_fastrtps_cpp/lbr_fri_msgs/srv/detail/dds_fastrtps/app_connect__type_support.cpp.o[0m
[2.034s] [ 40%] [32mBuilding CXX object CMakeFiles/lbr_fri_msgs__rosidl_typesupport_introspection_cpp.dir/rosidl_typesupport_introspection_cpp/lbr_fri_msgs/msg/detail/lbr_state__type_support.cpp.o[0m
[2.034s] [ 40%] [32mBuilding CXX object CMakeFiles/lbr_fri_msgs__rosidl_typesupport_introspection_cpp.dir/rosidl_typesupport_introspection_cpp/lbr_fri_msgs/srv/detail/app_disconnect__type_support.cpp.o[0m
[2.034s] [ 41%] [32mBuilding CXX object CMakeFiles/lbr_fri_msgs__rosidl_typesupport_introspection_cpp.dir/rosidl_typesupport_introspection_cpp/lbr_fri_msgs/srv/detail/app_connect__type_support.cpp.o[0m
[2.042s] [ 43%] [32mBuilding CXX object CMakeFiles/lbr_fri_msgs__rosidl_typesupport_introspection_cpp.dir/rosidl_typesupport_introspection_cpp/lbr_fri_msgs/msg/detail/lbr_command__type_support.cpp.o[0m
[2.053s] [ 47%] [32mBuilding CXX object CMakeFiles/lbr_fri_msgs__rosidl_typesupport_c.dir/rosidl_typesupport_c/lbr_fri_msgs/msg/lbr_state__type_support.cpp.o[0m
[2.053s] [ 47%] [32mBuilding CXX object CMakeFiles/lbr_fri_msgs__rosidl_typesupport_c.dir/rosidl_typesupport_c/lbr_fri_msgs/msg/lbr_command__type_support.cpp.o[0m
[2.053s] [ 49%] [32mBuilding CXX object CMakeFiles/lbr_fri_msgs__rosidl_typesupport_c.dir/rosidl_typesupport_c/lbr_fri_msgs/srv/app_disconnect__type_support.cpp.o[0m
[2.076s] [ 50%] [32mBuilding CXX object CMakeFiles/lbr_fri_msgs__rosidl_typesupport_c.dir/rosidl_typesupport_c/lbr_fri_msgs/srv/app_connect__type_support.cpp.o[0m
[2.112s] [ 52%] [32m[1mLinking CXX shared library liblbr_fri_msgs__rosidl_typesupport_c.so[0m
[2.137s] [ 52%] Built target lbr_fri_msgs__rosidl_typesupport_c
[2.183s] [ 54%] [32mBuilding C object CMakeFiles/lbr_fri_msgs__rosidl_typesupport_introspection_c.dir/rosidl_typesupport_introspection_c/lbr_fri_msgs/msg/detail/lbr_command__type_support.c.o[0m
[2.192s] [ 56%] [32mBuilding C object CMakeFiles/lbr_fri_msgs__rosidl_typesupport_introspection_c.dir/rosidl_typesupport_introspection_c/lbr_fri_msgs/msg/detail/lbr_state__type_support.c.o[0m
[2.200s] [ 58%] [32mBuilding C object CMakeFiles/lbr_fri_msgs__rosidl_typesupport_introspection_c.dir/rosidl_typesupport_introspection_c/lbr_fri_msgs/srv/detail/app_connect__type_support.c.o[0m
[2.206s] [ 60%] [32mBuilding C object CMakeFiles/lbr_fri_msgs__rosidl_typesupport_introspection_c.dir/rosidl_typesupport_introspection_c/lbr_fri_msgs/srv/detail/app_disconnect__type_support.c.o[0m
[2.261s] [ 61%] [32m[1mLinking C shared library liblbr_fri_msgs__rosidl_typesupport_introspection_c.so[0m
[2.275s] [ 61%] Built target lbr_fri_msgs__rosidl_typesupport_introspection_c
[2.319s] [ 63%] [32m[1mLinking CXX shared library liblbr_fri_msgs__rosidl_typesupport_cpp.so[0m
[2.345s] [ 63%] Built target lbr_fri_msgs__rosidl_typesupport_cpp
[2.386s] [ 65%] [32m[1mLinking CXX shared library liblbr_fri_msgs__rosidl_typesupport_fastrtps_cpp.so[0m
[2.409s] [ 67%] [32m[1mLinking CXX shared library liblbr_fri_msgs__rosidl_typesupport_introspection_cpp.so[0m
[2.439s] [ 67%] Built target lbr_fri_msgs__rosidl_typesupport_introspection_cpp
[2.444s] [ 67%] Built target lbr_fri_msgs__rosidl_typesupport_fastrtps_cpp
[2.447s] [ 69%] [34m[1mGenerating C type support for eProsima Fast-RTPS[0m
[2.666s] [ 70%] [32mBuilding CXX object CMakeFiles/lbr_fri_msgs__rosidl_typesupport_fastrtps_c.dir/rosidl_typesupport_fastrtps_c/lbr_fri_msgs/msg/detail/lbr_command__type_support_c.cpp.o[0m
[2.666s] [ 72%] [32mBuilding CXX object CMakeFiles/lbr_fri_msgs__rosidl_typesupport_fastrtps_c.dir/rosidl_typesupport_fastrtps_c/lbr_fri_msgs/msg/detail/lbr_state__type_support_c.cpp.o[0m
[2.666s] [ 74%] [32mBuilding CXX object CMakeFiles/lbr_fri_msgs__rosidl_typesupport_fastrtps_c.dir/rosidl_typesupport_fastrtps_c/lbr_fri_msgs/srv/detail/app_connect__type_support_c.cpp.o[0m
[2.667s] [ 76%] [32mBuilding CXX object CMakeFiles/lbr_fri_msgs__rosidl_typesupport_fastrtps_c.dir/rosidl_typesupport_fastrtps_c/lbr_fri_msgs/srv/detail/app_disconnect__type_support_c.cpp.o[0m
[2.921s] [ 78%] [32m[1mLinking CXX shared library liblbr_fri_msgs__rosidl_typesupport_fastrtps_c.so[0m
[2.961s] [ 78%] Built target lbr_fri_msgs__rosidl_typesupport_fastrtps_c
[2.965s] [ 78%] Built target lbr_fri_msgs
[2.970s] [ 80%] [34m[1mGenerating Python code for ROS interfaces[0m
[3.530s] [ 80%] Built target lbr_fri_msgs__py
[3.534s] [ 81%] [32mBuilding C object CMakeFiles/lbr_fri_msgs__python.dir/rosidl_generator_py/lbr_fri_msgs/msg/_lbr_command_s.c.o[0m
[3.535s] [ 83%] [32mBuilding C object CMakeFiles/lbr_fri_msgs__python.dir/rosidl_generator_py/lbr_fri_msgs/srv/_app_connect_s.c.o[0m
[3.535s] [ 85%] [32mBuilding C object CMakeFiles/lbr_fri_msgs__python.dir/rosidl_generator_py/lbr_fri_msgs/msg/_lbr_state_s.c.o[0m
[3.535s] [ 87%] [32mBuilding C object CMakeFiles/lbr_fri_msgs__python.dir/rosidl_generator_py/lbr_fri_msgs/srv/_app_disconnect_s.c.o[0m
[3.639s] [ 89%] [32m[1mLinking C shared library rosidl_generator_py/lbr_fri_msgs/liblbr_fri_msgs__python.so[0m
[3.655s] [ 89%] Built target lbr_fri_msgs__python
[3.660s] [ 90%] [32mBuilding C object CMakeFiles/lbr_fri_msgs__rosidl_typesupport_introspection_c__pyext.dir/rosidl_generator_py/lbr_fri_msgs/_lbr_fri_msgs_s.ep.rosidl_typesupport_introspection_c.c.o[0m
[3.660s] [ 92%] [32mBuilding C object CMakeFiles/lbr_fri_msgs__rosidl_typesupport_fastrtps_c__pyext.dir/rosidl_generator_py/lbr_fri_msgs/_lbr_fri_msgs_s.ep.rosidl_typesupport_fastrtps_c.c.o[0m
[3.660s] [ 94%] [32mBuilding C object CMakeFiles/lbr_fri_msgs__rosidl_typesupport_c__pyext.dir/rosidl_generator_py/lbr_fri_msgs/_lbr_fri_msgs_s.ep.rosidl_typesupport_c.c.o[0m
[3.744s] [ 96%] [32m[1mLinking C shared library rosidl_generator_py/lbr_fri_msgs/lbr_fri_msgs_s__rosidl_typesupport_c.cpython-38-x86_64-linux-gnu.so[0m
[3.747s] [ 98%] [32m[1mLinking C shared library rosidl_generator_py/lbr_fri_msgs/lbr_fri_msgs_s__rosidl_typesupport_introspection_c.cpython-38-x86_64-linux-gnu.so[0m
[3.758s] [ 98%] Built target lbr_fri_msgs__rosidl_typesupport_c__pyext
[3.760s] [ 98%] Built target lbr_fri_msgs__rosidl_typesupport_introspection_c__pyext
[3.769s] [100%] [32m[1mLinking CXX shared library rosidl_generator_py/lbr_fri_msgs/lbr_fri_msgs_s__rosidl_typesupport_fastrtps_c.cpython-38-x86_64-linux-gnu.so[0m
[3.799s] [100%] Built target lbr_fri_msgs__rosidl_typesupport_fastrtps_c__pyext
[3.804s] Invoked command in '/home/pingpongproject/code/ping-pong-robot/lbr_fri_ros2_stack_ws_foxy2/build/lbr_fri_msgs' returned '0': CMAKE_PREFIX_PATH=/opt/ros/foxy /home/pingpongproject/.local/bin/cmake --build /home/pingpongproject/code/ping-pong-robot/lbr_fri_ros2_stack_ws_foxy2/build/lbr_fri_msgs -- -j20 -l20
[3.859s] Invoking command in '/home/pingpongproject/code/ping-pong-robot/lbr_fri_ros2_stack_ws_foxy2/build/lbr_fri_msgs': CMAKE_PREFIX_PATH=/opt/ros/foxy /home/pingpongproject/.local/bin/cmake --install /home/pingpongproject/code/ping-pong-robot/lbr_fri_ros2_stack_ws_foxy2/build/lbr_fri_msgs
[3.875s] -- Install configuration: "Release"
[3.875s] -- Execute custom install script
[3.876s] -- Symlinking: /home/pingpongproject/code/ping-pong-robot/lbr_fri_ros2_stack_ws_foxy2/install/lbr_fri_msgs/share/ament_index/resource_index/rosidl_interfaces/lbr_fri_msgs
[3.878s] -- Symlinking: /home/pingpongproject/code/ping-pong-robot/lbr_fri_ros2_stack_ws_foxy2/install/lbr_fri_msgs/include/lbr_fri_msgs/msg/detail/lbr_command__functions.h
[3.879s] -- Symlinking: /home/pingpongproject/code/ping-pong-robot/lbr_fri_ros2_stack_ws_foxy2/install/lbr_fri_msgs/include/lbr_fri_msgs/msg/detail/lbr_command__struct.h
[3.881s] -- Symlinking: /home/pingpongproject/code/ping-pong-robot/lbr_fri_ros2_stack_ws_foxy2/install/lbr_fri_msgs/include/lbr_fri_msgs/msg/detail/lbr_command__type_support.h
[3.882s] -- Symlinking: /home/pingpongproject/code/ping-pong-robot/lbr_fri_ros2_stack_ws_foxy2/install/lbr_fri_msgs/include/lbr_fri_msgs/msg/detail/lbr_state__functions.h
[3.883s] -- Symlinking: /home/pingpongproject/code/ping-pong-robot/lbr_fri_ros2_stack_ws_foxy2/install/lbr_fri_msgs/include/lbr_fri_msgs/msg/detail/lbr_state__struct.h
[3.885s] -- Symlinking: /home/pingpongproject/code/ping-pong-robot/lbr_fri_ros2_stack_ws_foxy2/install/lbr_fri_msgs/include/lbr_fri_msgs/msg/detail/lbr_state__type_support.h
[3.886s] -- Symlinking: /home/pingpongproject/code/ping-pong-robot/lbr_fri_ros2_stack_ws_foxy2/install/lbr_fri_msgs/include/lbr_fri_msgs/msg/lbr_command.h
[3.887s] -- Symlinking: /home/pingpongproject/code/ping-pong-robot/lbr_fri_ros2_stack_ws_foxy2/install/lbr_fri_msgs/include/lbr_fri_msgs/msg/lbr_state.h
[3.888s] -- Symlinking: /home/pingpongproject/code/ping-pong-robot/lbr_fri_ros2_stack_ws_foxy2/install/lbr_fri_msgs/include/lbr_fri_msgs/msg/rosidl_generator_c__visibility_control.h
[3.889s] -- Symlinking: /home/pingpongproject/code/ping-pong-robot/lbr_fri_ros2_stack_ws_foxy2/install/lbr_fri_msgs/include/lbr_fri_msgs/srv/app_connect.h
[3.891s] -- Symlinking: /home/pingpongproject/code/ping-pong-robot/lbr_fri_ros2_stack_ws_foxy2/install/lbr_fri_msgs/include/lbr_fri_msgs/srv/app_disconnect.h
[3.892s] -- Symlinking: /home/pingpongproject/code/ping-pong-robot/lbr_fri_ros2_stack_ws_foxy2/install/lbr_fri_msgs/include/lbr_fri_msgs/srv/detail/app_connect__functions.h
[3.893s] -- Symlinking: /home/pingpongproject/code/ping-pong-robot/lbr_fri_ros2_stack_ws_foxy2/install/lbr_fri_msgs/include/lbr_fri_msgs/srv/detail/app_connect__struct.h
[3.894s] -- Symlinking: /home/pingpongproject/code/ping-pong-robot/lbr_fri_ros2_stack_ws_foxy2/install/lbr_fri_msgs/include/lbr_fri_msgs/srv/detail/app_connect__type_support.h
[3.895s] -- Symlinking: /home/pingpongproject/code/ping-pong-robot/lbr_fri_ros2_stack_ws_foxy2/install/lbr_fri_msgs/include/lbr_fri_msgs/srv/detail/app_disconnect__functions.h
[3.896s] -- Symlinking: /home/pingpongproject/code/ping-pong-robot/lbr_fri_ros2_stack_ws_foxy2/install/lbr_fri_msgs/include/lbr_fri_msgs/srv/detail/app_disconnect__struct.h
[3.898s] -- Symlinking: /home/pingpongproject/code/ping-pong-robot/lbr_fri_ros2_stack_ws_foxy2/install/lbr_fri_msgs/include/lbr_fri_msgs/srv/detail/app_disconnect__type_support.h
[3.899s] -- Symlinking: /home/pingpongproject/code/ping-pong-robot/lbr_fri_ros2_stack_ws_foxy2/install/lbr_fri_msgs/share/lbr_fri_msgs/environment/library_path.sh
[3.900s] -- Symlinking: /home/pingpongproject/code/ping-pong-robot/lbr_fri_ros2_stack_ws_foxy2/install/lbr_fri_msgs/share/lbr_fri_msgs/environment/library_path.dsv
[3.902s] -- Symlinking: /home/pingpongproject/code/ping-pong-robot/lbr_fri_ros2_stack_ws_foxy2/install/lbr_fri_msgs/include/lbr_fri_msgs/msg/detail/lbr_command__rosidl_typesupport_fastrtps_c.h
[3.903s] -- Symlinking: /home/pingpongproject/code/ping-pong-robot/lbr_fri_ros2_stack_ws_foxy2/install/lbr_fri_msgs/include/lbr_fri_msgs/msg/detail/lbr_state__rosidl_typesupport_fastrtps_c.h
[3.905s] -- Symlinking: /home/pingpongproject/code/ping-pong-robot/lbr_fri_ros2_stack_ws_foxy2/install/lbr_fri_msgs/include/lbr_fri_msgs/msg/rosidl_typesupport_fastrtps_c__visibility_control.h
[3.906s] -- Symlinking: /home/pingpongproject/code/ping-pong-robot/lbr_fri_ros2_stack_ws_foxy2/install/lbr_fri_msgs/include/lbr_fri_msgs/srv/detail/app_connect__rosidl_typesupport_fastrtps_c.h
[3.907s] -- Symlinking: /home/pingpongproject/code/ping-pong-robot/lbr_fri_ros2_stack_ws_foxy2/install/lbr_fri_msgs/include/lbr_fri_msgs/srv/detail/app_disconnect__rosidl_typesupport_fastrtps_c.h
[3.909s] -- Symlinking: /home/pingpongproject/code/ping-pong-robot/lbr_fri_ros2_stack_ws_foxy2/install/lbr_fri_msgs/lib/liblbr_fri_msgs__rosidl_typesupport_fastrtps_c.so
[3.910s] -- Symlinking: /home/pingpongproject/code/ping-pong-robot/lbr_fri_ros2_stack_ws_foxy2/install/lbr_fri_msgs/include/lbr_fri_msgs/msg/detail/lbr_command__rosidl_typesupport_fastrtps_cpp.hpp
[3.912s] -- Symlinking: /home/pingpongproject/code/ping-pong-robot/lbr_fri_ros2_stack_ws_foxy2/install/lbr_fri_msgs/include/lbr_fri_msgs/msg/detail/lbr_state__rosidl_typesupport_fastrtps_cpp.hpp
[3.913s] -- Symlinking: /home/pingpongproject/code/ping-pong-robot/lbr_fri_ros2_stack_ws_foxy2/install/lbr_fri_msgs/include/lbr_fri_msgs/msg/rosidl_typesupport_fastrtps_cpp__visibility_control.h
[3.914s] -- Symlinking: /home/pingpongproject/code/ping-pong-robot/lbr_fri_ros2_stack_ws_foxy2/install/lbr_fri_msgs/include/lbr_fri_msgs/srv/detail/app_connect__rosidl_typesupport_fastrtps_cpp.hpp
[3.915s] -- Symlinking: /home/pingpongproject/code/ping-pong-robot/lbr_fri_ros2_stack_ws_foxy2/install/lbr_fri_msgs/include/lbr_fri_msgs/srv/detail/app_disconnect__rosidl_typesupport_fastrtps_cpp.hpp
[3.917s] -- Symlinking: /home/pingpongproject/code/ping-pong-robot/lbr_fri_ros2_stack_ws_foxy2/install/lbr_fri_msgs/lib/liblbr_fri_msgs__rosidl_typesupport_fastrtps_cpp.so
[3.918s] -- Symlinking: /home/pingpongproject/code/ping-pong-robot/lbr_fri_ros2_stack_ws_foxy2/install/lbr_fri_msgs/include/lbr_fri_msgs/msg/detail/lbr_command__rosidl_typesupport_introspection_c.h
[3.919s] -- Symlinking: /home/pingpongproject/code/ping-pong-robot/lbr_fri_ros2_stack_ws_foxy2/install/lbr_fri_msgs/include/lbr_fri_msgs/msg/detail/lbr_state__rosidl_typesupport_introspection_c.h
[3.921s] -- Symlinking: /home/pingpongproject/code/ping-pong-robot/lbr_fri_ros2_stack_ws_foxy2/install/lbr_fri_msgs/include/lbr_fri_msgs/msg/rosidl_typesupport_introspection_c__visibility_control.h
[3.922s] -- Symlinking: /home/pingpongproject/code/ping-pong-robot/lbr_fri_ros2_stack_ws_foxy2/install/lbr_fri_msgs/include/lbr_fri_msgs/srv/detail/app_connect__rosidl_typesupport_introspection_c.h
[3.923s] -- Symlinking: /home/pingpongproject/code/ping-pong-robot/lbr_fri_ros2_stack_ws_foxy2/install/lbr_fri_msgs/include/lbr_fri_msgs/srv/detail/app_disconnect__rosidl_typesupport_introspection_c.h
[3.925s] -- Symlinking: /home/pingpongproject/code/ping-pong-robot/lbr_fri_ros2_stack_ws_foxy2/install/lbr_fri_msgs/include/lbr_fri_msgs/msg/detail/lbr_command__builder.hpp
[3.926s] -- Symlinking: /home/pingpongproject/code/ping-pong-robot/lbr_fri_ros2_stack_ws_foxy2/install/lbr_fri_msgs/include/lbr_fri_msgs/msg/detail/lbr_command__struct.hpp
[3.927s] -- Symlinking: /home/pingpongproject/code/ping-pong-robot/lbr_fri_ros2_stack_ws_foxy2/install/lbr_fri_msgs/include/lbr_fri_msgs/msg/detail/lbr_command__traits.hpp
[3.928s] -- Symlinking: /home/pingpongproject/code/ping-pong-robot/lbr_fri_ros2_stack_ws_foxy2/install/lbr_fri_msgs/include/lbr_fri_msgs/msg/detail/lbr_command__type_support.hpp
[3.929s] -- Symlinking: /home/pingpongproject/code/ping-pong-robot/lbr_fri_ros2_stack_ws_foxy2/install/lbr_fri_msgs/include/lbr_fri_msgs/msg/detail/lbr_state__builder.hpp
[3.931s] -- Symlinking: /home/pingpongproject/code/ping-pong-robot/lbr_fri_ros2_stack_ws_foxy2/install/lbr_fri_msgs/include/lbr_fri_msgs/msg/detail/lbr_state__struct.hpp
[3.932s] -- Symlinking: /home/pingpongproject/code/ping-pong-robot/lbr_fri_ros2_stack_ws_foxy2/install/lbr_fri_msgs/include/lbr_fri_msgs/msg/detail/lbr_state__traits.hpp
[3.933s] -- Symlinking: /home/pingpongproject/code/ping-pong-robot/lbr_fri_ros2_stack_ws_foxy2/install/lbr_fri_msgs/include/lbr_fri_msgs/msg/detail/lbr_state__type_support.hpp
[3.934s] -- Symlinking: /home/pingpongproject/code/ping-pong-robot/lbr_fri_ros2_stack_ws_foxy2/install/lbr_fri_msgs/include/lbr_fri_msgs/msg/lbr_command.hpp
[3.935s] -- Symlinking: /home/pingpongproject/code/ping-pong-robot/lbr_fri_ros2_stack_ws_foxy2/install/lbr_fri_msgs/include/lbr_fri_msgs/msg/lbr_state.hpp
[3.936s] -- Symlinking: /home/pingpongproject/code/ping-pong-robot/lbr_fri_ros2_stack_ws_foxy2/install/lbr_fri_msgs/include/lbr_fri_msgs/msg/rosidl_generator_cpp__visibility_control.hpp
[3.938s] -- Symlinking: /home/pingpongproject/code/ping-pong-robot/lbr_fri_ros2_stack_ws_foxy2/install/lbr_fri_msgs/include/lbr_fri_msgs/srv/app_connect.hpp
[3.939s] -- Symlinking: /home/pingpongproject/code/ping-pong-robot/lbr_fri_ros2_stack_ws_foxy2/install/lbr_fri_msgs/include/lbr_fri_msgs/srv/app_disconnect.hpp
[3.940s] -- Symlinking: /home/pingpongproject/code/ping-pong-robot/lbr_fri_ros2_stack_ws_foxy2/install/lbr_fri_msgs/include/lbr_fri_msgs/srv/detail/app_connect__builder.hpp
[3.941s] -- Symlinking: /home/pingpongproject/code/ping-pong-robot/lbr_fri_ros2_stack_ws_foxy2/install/lbr_fri_msgs/include/lbr_fri_msgs/srv/detail/app_connect__struct.hpp
[3.942s] -- Symlinking: /home/pingpongproject/code/ping-pong-robot/lbr_fri_ros2_stack_ws_foxy2/install/lbr_fri_msgs/include/lbr_fri_msgs/srv/detail/app_connect__traits.hpp
[3.943s] -- Symlinking: /home/pingpongproject/code/ping-pong-robot/lbr_fri_ros2_stack_ws_foxy2/install/lbr_fri_msgs/include/lbr_fri_msgs/srv/detail/app_connect__type_support.hpp
[3.944s] -- Symlinking: /home/pingpongproject/code/ping-pong-robot/lbr_fri_ros2_stack_ws_foxy2/install/lbr_fri_msgs/include/lbr_fri_msgs/srv/detail/app_disconnect__builder.hpp
[3.945s] -- Symlinking: /home/pingpongproject/code/ping-pong-robot/lbr_fri_ros2_stack_ws_foxy2/install/lbr_fri_msgs/include/lbr_fri_msgs/srv/detail/app_disconnect__struct.hpp
[3.947s] -- Symlinking: /home/pingpongproject/code/ping-pong-robot/lbr_fri_ros2_stack_ws_foxy2/install/lbr_fri_msgs/include/lbr_fri_msgs/srv/detail/app_disconnect__traits.hpp
[3.948s] -- Symlinking: /home/pingpongproject/code/ping-pong-robot/lbr_fri_ros2_stack_ws_foxy2/install/lbr_fri_msgs/include/lbr_fri_msgs/srv/detail/app_disconnect__type_support.hpp
[3.949s] -- Symlinking: /home/pingpongproject/code/ping-pong-robot/lbr_fri_ros2_stack_ws_foxy2/install/lbr_fri_msgs/include/lbr_fri_msgs/msg/detail/lbr_command__rosidl_typesupport_introspection_cpp.hpp
[3.950s] -- Symlinking: /home/pingpongproject/code/ping-pong-robot/lbr_fri_ros2_stack_ws_foxy2/install/lbr_fri_msgs/include/lbr_fri_msgs/msg/detail/lbr_state__rosidl_typesupport_introspection_cpp.hpp
[3.951s] -- Symlinking: /home/pingpongproject/code/ping-pong-robot/lbr_fri_ros2_stack_ws_foxy2/install/lbr_fri_msgs/include/lbr_fri_msgs/srv/detail/app_connect__rosidl_typesupport_introspection_cpp.hpp
[3.953s] -- Symlinking: /home/pingpongproject/code/ping-pong-robot/lbr_fri_ros2_stack_ws_foxy2/install/lbr_fri_msgs/include/lbr_fri_msgs/srv/detail/app_disconnect__rosidl_typesupport_introspection_cpp.hpp
[3.954s] -- Symlinking: /home/pingpongproject/code/ping-pong-robot/lbr_fri_ros2_stack_ws_foxy2/install/lbr_fri_msgs/share/lbr_fri_msgs/environment/pythonpath.sh
[3.955s] -- Symlinking: /home/pingpongproject/code/ping-pong-robot/lbr_fri_ros2_stack_ws_foxy2/install/lbr_fri_msgs/share/lbr_fri_msgs/environment/pythonpath.dsv
[3.956s] -- Symlinking: /home/pingpongproject/code/ping-pong-robot/lbr_fri_ros2_stack_ws_foxy2/install/lbr_fri_msgs/lib/python3.8/site-packages/lbr_fri_msgs/__init__.py
[3.958s] -- Symlinking: /home/pingpongproject/code/ping-pong-robot/lbr_fri_ros2_stack_ws_foxy2/install/lbr_fri_msgs/lib/python3.8/site-packages/lbr_fri_msgs/msg/__init__.py
[3.959s] -- Symlinking: /home/pingpongproject/code/ping-pong-robot/lbr_fri_ros2_stack_ws_foxy2/install/lbr_fri_msgs/lib/python3.8/site-packages/lbr_fri_msgs/msg/_lbr_command.py
[3.960s] -- Symlinking: /home/pingpongproject/code/ping-pong-robot/lbr_fri_ros2_stack_ws_foxy2/install/lbr_fri_msgs/lib/python3.8/site-packages/lbr_fri_msgs/msg/_lbr_state.py
[3.961s] -- Symlinking: /home/pingpongproject/code/ping-pong-robot/lbr_fri_ros2_stack_ws_foxy2/install/lbr_fri_msgs/lib/python3.8/site-packages/lbr_fri_msgs/srv/__init__.py
[3.962s] -- Symlinking: /home/pingpongproject/code/ping-pong-robot/lbr_fri_ros2_stack_ws_foxy2/install/lbr_fri_msgs/lib/python3.8/site-packages/lbr_fri_msgs/srv/_app_connect.py
[3.964s] -- Symlinking: /home/pingpongproject/code/ping-pong-robot/lbr_fri_ros2_stack_ws_foxy2/install/lbr_fri_msgs/lib/python3.8/site-packages/lbr_fri_msgs/srv/_app_disconnect.py
[3.965s] -- Symlinking: /home/pingpongproject/code/ping-pong-robot/lbr_fri_ros2_stack_ws_foxy2/install/lbr_fri_msgs/lib/python3.8/site-packages/lbr_fri_msgs/lbr_fri_msgs_s__rosidl_typesupport_fastrtps_c.cpython-38-x86_64-linux-gnu.so
[3.966s] -- Symlinking: /home/pingpongproject/code/ping-pong-robot/lbr_fri_ros2_stack_ws_foxy2/install/lbr_fri_msgs/lib/python3.8/site-packages/lbr_fri_msgs/lbr_fri_msgs_s__rosidl_typesupport_introspection_c.cpython-38-x86_64-linux-gnu.so
[3.967s] -- Symlinking: /home/pingpongproject/code/ping-pong-robot/lbr_fri_ros2_stack_ws_foxy2/install/lbr_fri_msgs/lib/python3.8/site-packages/lbr_fri_msgs/lbr_fri_msgs_s__rosidl_typesupport_c.cpython-38-x86_64-linux-gnu.so
[3.969s] -- Symlinking: /home/pingpongproject/code/ping-pong-robot/lbr_fri_ros2_stack_ws_foxy2/install/lbr_fri_msgs/lib/liblbr_fri_msgs__python.so
[3.970s] -- Symlinking: /home/pingpongproject/code/ping-pong-robot/lbr_fri_ros2_stack_ws_foxy2/install/lbr_fri_msgs/share/lbr_fri_msgs/msg/LBRCommand.idl
[3.971s] -- Symlinking: /home/pingpongproject/code/ping-pong-robot/lbr_fri_ros2_stack_ws_foxy2/install/lbr_fri_msgs/share/lbr_fri_msgs/msg/LBRState.idl
[3.972s] -- Symlinking: /home/pingpongproject/code/ping-pong-robot/lbr_fri_ros2_stack_ws_foxy2/install/lbr_fri_msgs/share/lbr_fri_msgs/srv/AppConnect.idl
[3.973s] -- Symlinking: /home/pingpongproject/code/ping-pong-robot/lbr_fri_ros2_stack_ws_foxy2/install/lbr_fri_msgs/share/lbr_fri_msgs/srv/AppDisconnect.idl
[3.974s] -- Symlinking: /home/pingpongproject/code/ping-pong-robot/lbr_fri_ros2_stack_ws_foxy2/install/lbr_fri_msgs/share/lbr_fri_msgs/msg/LBRCommand.msg
[3.976s] -- Symlinking: /home/pingpongproject/code/ping-pong-robot/lbr_fri_ros2_stack_ws_foxy2/install/lbr_fri_msgs/share/lbr_fri_msgs/msg/LBRState.msg
[3.977s] -- Symlinking: /home/pingpongproject/code/ping-pong-robot/lbr_fri_ros2_stack_ws_foxy2/install/lbr_fri_msgs/share/lbr_fri_msgs/srv/AppConnect.srv
[3.978s] -- Symlinking: /home/pingpongproject/code/ping-pong-robot/lbr_fri_ros2_stack_ws_foxy2/install/lbr_fri_msgs/share/lbr_fri_msgs/srv/AppConnect_Request.msg
[3.980s] -- Symlinking: /home/pingpongproject/code/ping-pong-robot/lbr_fri_ros2_stack_ws_foxy2/install/lbr_fri_msgs/share/lbr_fri_msgs/srv/AppConnect_Response.msg
[3.981s] -- Symlinking: /home/pingpongproject/code/ping-pong-robot/lbr_fri_ros2_stack_ws_foxy2/install/lbr_fri_msgs/share/lbr_fri_msgs/srv/AppDisconnect.srv
[3.982s] -- Symlinking: /home/pingpongproject/code/ping-pong-robot/lbr_fri_ros2_stack_ws_foxy2/install/lbr_fri_msgs/share/lbr_fri_msgs/srv/AppDisconnect_Request.msg
[3.984s] -- Symlinking: /home/pingpongproject/code/ping-pong-robot/lbr_fri_ros2_stack_ws_foxy2/install/lbr_fri_msgs/share/lbr_fri_msgs/srv/AppDisconnect_Response.msg
[3.985s] -- Symlinking: /home/pingpongproject/code/ping-pong-robot/lbr_fri_ros2_stack_ws_foxy2/install/lbr_fri_msgs/share/ament_index/resource_index/package_run_dependencies/lbr_fri_msgs
[3.987s] -- Symlinking: /home/pingpongproject/code/ping-pong-robot/lbr_fri_ros2_stack_ws_foxy2/install/lbr_fri_msgs/share/ament_index/resource_index/parent_prefix_path/lbr_fri_msgs
[3.988s] -- Symlinking: /home/pingpongproject/code/ping-pong-robot/lbr_fri_ros2_stack_ws_foxy2/install/lbr_fri_msgs/share/lbr_fri_msgs/environment/ament_prefix_path.sh
[3.990s] -- Symlinking: /home/pingpongproject/code/ping-pong-robot/lbr_fri_ros2_stack_ws_foxy2/install/lbr_fri_msgs/share/lbr_fri_msgs/environment/ament_prefix_path.dsv
[3.991s] -- Symlinking: /home/pingpongproject/code/ping-pong-robot/lbr_fri_ros2_stack_ws_foxy2/install/lbr_fri_msgs/share/lbr_fri_msgs/environment/path.sh
[3.992s] -- Symlinking: /home/pingpongproject/code/ping-pong-robot/lbr_fri_ros2_stack_ws_foxy2/install/lbr_fri_msgs/share/lbr_fri_msgs/environment/path.dsv
[3.994s] -- Symlinking: /home/pingpongproject/code/ping-pong-robot/lbr_fri_ros2_stack_ws_foxy2/install/lbr_fri_msgs/share/lbr_fri_msgs/local_setup.bash
[3.995s] -- Symlinking: /home/pingpongproject/code/ping-pong-robot/lbr_fri_ros2_stack_ws_foxy2/install/lbr_fri_msgs/share/lbr_fri_msgs/local_setup.sh
[3.996s] -- Symlinking: /home/pingpongproject/code/ping-pong-robot/lbr_fri_ros2_stack_ws_foxy2/install/lbr_fri_msgs/share/lbr_fri_msgs/local_setup.zsh
[3.998s] -- Symlinking: /home/pingpongproject/code/ping-pong-robot/lbr_fri_ros2_stack_ws_foxy2/install/lbr_fri_msgs/share/lbr_fri_msgs/local_setup.dsv
[4.000s] -- Symlinking: /home/pingpongproject/code/ping-pong-robot/lbr_fri_ros2_stack_ws_foxy2/install/lbr_fri_msgs/share/lbr_fri_msgs/package.dsv
[4.001s] -- Symlinking: /home/pingpongproject/code/ping-pong-robot/lbr_fri_ros2_stack_ws_foxy2/install/lbr_fri_msgs/share/ament_index/resource_index/packages/lbr_fri_msgs
[4.002s] -- Symlinking: /home/pingpongproject/code/ping-pong-robot/lbr_fri_ros2_stack_ws_foxy2/install/lbr_fri_msgs/share/lbr_fri_msgs/cmake/rosidl_cmake-extras.cmake
[4.004s] -- Symlinking: /home/pingpongproject/code/ping-pong-robot/lbr_fri_ros2_stack_ws_foxy2/install/lbr_fri_msgs/share/lbr_fri_msgs/cmake/ament_cmake_export_dependencies-extras.cmake
[4.005s] -- Symlinking: /home/pingpongproject/code/ping-pong-robot/lbr_fri_ros2_stack_ws_foxy2/install/lbr_fri_msgs/share/lbr_fri_msgs/cmake/ament_cmake_export_libraries-extras.cmake
[4.006s] -- Symlinking: /home/pingpongproject/code/ping-pong-robot/lbr_fri_ros2_stack_ws_foxy2/install/lbr_fri_msgs/share/lbr_fri_msgs/cmake/ament_cmake_export_targets-extras.cmake
[4.007s] -- Symlinking: /home/pingpongproject/code/ping-pong-robot/lbr_fri_ros2_stack_ws_foxy2/install/lbr_fri_msgs/share/lbr_fri_msgs/cmake/ament_cmake_export_include_directories-extras.cmake
[4.009s] -- Symlinking: /home/pingpongproject/code/ping-pong-robot/lbr_fri_ros2_stack_ws_foxy2/install/lbr_fri_msgs/share/lbr_fri_msgs/cmake/rosidl_cmake_export_typesupport_libraries-extras.cmake
[4.010s] -- Symlinking: /home/pingpongproject/code/ping-pong-robot/lbr_fri_ros2_stack_ws_foxy2/install/lbr_fri_msgs/share/lbr_fri_msgs/cmake/rosidl_cmake_export_typesupport_targets-extras.cmake
[4.011s] -- Symlinking: /home/pingpongproject/code/ping-pong-robot/lbr_fri_ros2_stack_ws_foxy2/install/lbr_fri_msgs/share/lbr_fri_msgs/cmake/lbr_fri_msgsConfig.cmake
[4.012s] -- Symlinking: /home/pingpongproject/code/ping-pong-robot/lbr_fri_ros2_stack_ws_foxy2/install/lbr_fri_msgs/share/lbr_fri_msgs/cmake/lbr_fri_msgsConfig-version.cmake
[4.014s] -- Symlinking: /home/pingpongproject/code/ping-pong-robot/lbr_fri_ros2_stack_ws_foxy2/install/lbr_fri_msgs/share/lbr_fri_msgs/package.xml
[4.015s] -- Installing: /home/pingpongproject/code/ping-pong-robot/lbr_fri_ros2_stack_ws_foxy2/install/lbr_fri_msgs/lib/liblbr_fri_msgs__rosidl_generator_c.so
[4.015s] -- Set runtime path of "/home/pingpongproject/code/ping-pong-robot/lbr_fri_ros2_stack_ws_foxy2/install/lbr_fri_msgs/lib/liblbr_fri_msgs__rosidl_generator_c.so" to ""
[4.015s] -- Installing: /home/pingpongproject/code/ping-pong-robot/lbr_fri_ros2_stack_ws_foxy2/install/lbr_fri_msgs/lib/liblbr_fri_msgs__rosidl_typesupport_introspection_c.so
[4.015s] -- Set runtime path of "/home/pingpongproject/code/ping-pong-robot/lbr_fri_ros2_stack_ws_foxy2/install/lbr_fri_msgs/lib/liblbr_fri_msgs__rosidl_typesupport_introspection_c.so" to ""
[4.015s] -- Installing: /home/pingpongproject/code/ping-pong-robot/lbr_fri_ros2_stack_ws_foxy2/install/lbr_fri_msgs/lib/liblbr_fri_msgs__rosidl_typesupport_c.so
[4.016s] -- Set runtime path of "/home/pingpongproject/code/ping-pong-robot/lbr_fri_ros2_stack_ws_foxy2/install/lbr_fri_msgs/lib/liblbr_fri_msgs__rosidl_typesupport_c.so" to ""
[4.016s] -- Installing: /home/pingpongproject/code/ping-pong-robot/lbr_fri_ros2_stack_ws_foxy2/install/lbr_fri_msgs/lib/liblbr_fri_msgs__rosidl_typesupport_introspection_cpp.so
[4.016s] -- Set runtime path of "/home/pingpongproject/code/ping-pong-robot/lbr_fri_ros2_stack_ws_foxy2/install/lbr_fri_msgs/lib/liblbr_fri_msgs__rosidl_typesupport_introspection_cpp.so" to ""
[4.016s] -- Installing: /home/pingpongproject/code/ping-pong-robot/lbr_fri_ros2_stack_ws_foxy2/install/lbr_fri_msgs/lib/liblbr_fri_msgs__rosidl_typesupport_cpp.so
[4.016s] -- Set runtime path of "/home/pingpongproject/code/ping-pong-robot/lbr_fri_ros2_stack_ws_foxy2/install/lbr_fri_msgs/lib/liblbr_fri_msgs__rosidl_typesupport_cpp.so" to ""
[4.033s] Compiling '/home/pingpongproject/code/ping-pong-robot/lbr_fri_ros2_stack_ws_foxy2/install/lbr_fri_msgs/lib/python3.8/site-packages/lbr_fri_msgs/__init__.py'...
[4.036s] -- Installing: /home/pingpongproject/code/ping-pong-robot/lbr_fri_ros2_stack_ws_foxy2/install/lbr_fri_msgs/share/lbr_fri_msgs/cmake/lbr_fri_msgs__rosidl_generator_cExport.cmake
[4.036s] -- Installing: /home/pingpongproject/code/ping-pong-robot/lbr_fri_ros2_stack_ws_foxy2/install/lbr_fri_msgs/share/lbr_fri_msgs/cmake/lbr_fri_msgs__rosidl_generator_cExport-release.cmake
[4.036s] -- Installing: /home/pingpongproject/code/ping-pong-robot/lbr_fri_ros2_stack_ws_foxy2/install/lbr_fri_msgs/share/lbr_fri_msgs/cmake/lbr_fri_msgs__rosidl_typesupport_introspection_cExport.cmake
[4.036s] -- Installing: /home/pingpongproject/code/ping-pong-robot/lbr_fri_ros2_stack_ws_foxy2/install/lbr_fri_msgs/share/lbr_fri_msgs/cmake/lbr_fri_msgs__rosidl_typesupport_introspection_cExport-release.cmake
[4.036s] -- Installing: /home/pingpongproject/code/ping-pong-robot/lbr_fri_ros2_stack_ws_foxy2/install/lbr_fri_msgs/share/lbr_fri_msgs/cmake/lbr_fri_msgs__rosidl_typesupport_cExport.cmake
[4.036s] -- Installing: /home/pingpongproject/code/ping-pong-robot/lbr_fri_ros2_stack_ws_foxy2/install/lbr_fri_msgs/share/lbr_fri_msgs/cmake/lbr_fri_msgs__rosidl_typesupport_cExport-release.cmake
[4.036s] -- Installing: /home/pingpongproject/code/ping-pong-robot/lbr_fri_ros2_stack_ws_foxy2/install/lbr_fri_msgs/share/lbr_fri_msgs/cmake/lbr_fri_msgs__rosidl_generator_cppExport.cmake
[4.036s] -- Installing: /home/pingpongproject/code/ping-pong-robot/lbr_fri_ros2_stack_ws_foxy2/install/lbr_fri_msgs/share/lbr_fri_msgs/cmake/lbr_fri_msgs__rosidl_typesupport_introspection_cppExport.cmake
[4.036s] -- Installing: /home/pingpongproject/code/ping-pong-robot/lbr_fri_ros2_stack_ws_foxy2/install/lbr_fri_msgs/share/lbr_fri_msgs/cmake/lbr_fri_msgs__rosidl_typesupport_introspection_cppExport-release.cmake
[4.036s] -- Installing: /home/pingpongproject/code/ping-pong-robot/lbr_fri_ros2_stack_ws_foxy2/install/lbr_fri_msgs/share/lbr_fri_msgs/cmake/lbr_fri_msgs__rosidl_typesupport_cppExport.cmake
[4.036s] -- Installing: /home/pingpongproject/code/ping-pong-robot/lbr_fri_ros2_stack_ws_foxy2/install/lbr_fri_msgs/share/lbr_fri_msgs/cmake/lbr_fri_msgs__rosidl_typesupport_cppExport-release.cmake
[4.040s] Invoked command in '/home/pingpongproject/code/ping-pong-robot/lbr_fri_ros2_stack_ws_foxy2/build/lbr_fri_msgs' returned '0': CMAKE_PREFIX_PATH=/opt/ros/foxy /home/pingpongproject/.local/bin/cmake --install /home/pingpongproject/code/ping-pong-robot/lbr_fri_ros2_stack_ws_foxy2/build/lbr_fri_msgs
