[0.013s] Invoking command in '/home/dvij/ee206-project/ping-pong-robot/ros2_ws/build/camera_feed': CMAKE_PREFIX_PATH=/home/dvij/ee206-project/ping-pong-robot/ros2_ws/install/my_sync_package:/home/dvij/ee206-project/ping-pong-robot/ros2_ws/install/interface:/home/dvij/ee206-project/ping-pong-robot/ros2_ws/install/camera_feed:/home/dvij/ee206-project/ping-pong-robot/ppr_ws/install/impedance_controller:/home/dvij/ee206-project/ping-pong-robot/ppr_ws/install/iiwa_moveit2:/home/dvij/ee206-project/ping-pong-robot/ppr_ws/install/iiwa_bringup:/home/dvij/ee206-project/ping-pong-robot/ppr_ws/install/iiwa_description:/home/dvij/ee206-project/ping-pong-robot/ppr_ws/install/external_torque_sensor_broadcaster:/home/dvij/ee206-project/ping-pong-robot/ppr_ws/install/scene_interpreter:/home/dvij/ee206-project/ping-pong-robot/ppr_ws/install/camera_feed:/opt/ros/foxy:/opt/ros/galactic:/opt/ros/noetic LD_LIBRARY_PATH=/home/dvij/ee206-project/ping-pong-robot/ros2_ws/install/interface/lib:/home/dvij/ee206-project/ping-pong-robot/ppr_ws/install/impedance_controller/lib:/home/dvij/ee206-project/ping-pong-robot/ppr_ws/install/iiwa_moveit2/lib:/home/dvij/ee206-project/ping-pong-robot/ppr_ws/install/external_torque_sensor_broadcaster/lib:/opt/ros/foxy/opt/yaml_cpp_vendor/lib:/opt/ros/foxy/opt/rviz_ogre_vendor/lib:/opt/ros/foxy/lib/x86_64-linux-gnu:/opt/ros/foxy/lib:/opt/ros/galactic/opt/yaml_cpp_vendor/lib:/opt/ros/galactic/opt/rviz_ogre_vendor/lib:/opt/ros/galactic/lib/x86_64-linux-gnu:/opt/ros/galactic/lib:/opt/ros/noetic/lib:/opt/ros/noetic/lib/x86_64-linux-gnu:/home/dvij/.mpi-is/pam/install/lib:/home/dvij/.mujoco/mujoco210/bin:/usr/lib/nvidia PYTHONPATH=/home/dvij/ee206-project/ping-pong-robot/ros2_ws/install/interface/lib/python3.8/site-packages:/home/dvij/ee206-project/ping-pong-robot/ros2_ws/install/camera_feed/lib/python3.8/site-packages:/home/dvij/ee206-project/ping-pong-robot/ppr_ws/install/scene_interpreter/lib/python3.8/site-packages:/home/dvij/ee206-project/ping-pong-robot/ppr_ws/install/camera_feed/lib/python3.8/site-packages:/opt/ros/foxy/lib/python3.8/site-packages:/opt/ros/galactic/lib/python3.8/site-packages:/opt/ros/noetic/lib/python3/dist-packages /usr/local/bin/cmake /home/dvij/ee206-project/ping-pong-robot/ros2_ws/src/camera_feed -DCMAKE_INSTALL_PREFIX=/home/dvij/ee206-project/ping-pong-robot/ros2_ws/install/camera_feed
[0.092s] -- The C compiler identification is GNU 9.4.0
[0.159s] -- The CXX compiler identification is GNU 9.4.0
[0.168s] -- Detecting C compiler ABI info
[0.212s] -- Detecting C compiler ABI info - done
[0.221s] -- Check for working C compiler: /usr/bin/cc - skipped
[0.221s] -- Detecting C compile features
[0.222s] -- Detecting C compile features - done
[0.224s] -- Detecting CXX compiler ABI info
[0.273s] -- Detecting CXX compiler ABI info - done
[0.283s] -- Check for working CXX compiler: /usr/bin/c++ - skipped
[0.283s] -- Detecting CXX compile features
[0.284s] -- Detecting CXX compile features - done
[0.287s] -- Found ament_cmake: 0.9.12 (/opt/ros/foxy/share/ament_cmake/cmake)
[0.292s] [33mCMake Warning (dev) at /opt/ros/foxy/share/ament_cmake_core/cmake/core/python.cmake:22 (find_package):
[0.292s]   Policy CMP0148 is not set: The FindPythonInterp and FindPythonLibs modules
[0.292s]   are removed.  Run "cmake --help-policy CMP0148" for policy details.  Use
[0.293s]   the cmake_policy command to set the policy and suppress this warning.
[0.293s] 
[0.293s] Call Stack (most recent call first):
[0.293s]   /opt/ros/foxy/share/ament_cmake_core/cmake/core/all.cmake:53 (include)
[0.293s]   /opt/ros/foxy/share/ament_cmake_core/cmake/ament_cmake_core-extras.cmake:17 (include)
[0.293s]   /opt/ros/foxy/share/ament_cmake_core/cmake/ament_cmake_coreConfig.cmake:41 (include)
[0.293s]   /opt/ros/foxy/share/ament_cmake/cmake/ament_cmake_export_dependencies-extras.cmake:15 (find_package)
[0.293s]   /opt/ros/foxy/share/ament_cmake/cmake/ament_cmakeConfig.cmake:41 (include)
[0.293s]   CMakeLists.txt:8 (find_package)
[0.293s] This warning is for project developers.  Use -Wno-dev to suppress it.
[0.293s] [0m
[0.307s] -- Found PythonInterp: /usr/bin/python3 (found suitable version "3.8.10", minimum required is "3")
[0.307s] -- Using PYTHON_EXECUTABLE: /usr/bin/python3
[0.473s] -- Found rclcpp: 2.4.3 (/opt/ros/foxy/share/rclcpp/cmake)
[0.511s] -- Using all available rosidl_typesupport_c: rosidl_typesupport_fastrtps_c;rosidl_typesupport_introspection_c
[0.517s] -- Found rosidl_adapter: 1.3.1 (/opt/ros/foxy/share/rosidl_adapter/cmake)
[0.587s] -- Found OpenSSL: /usr/lib/x86_64-linux-gnu/libcrypto.so (found version "1.1.1f")
[0.609s] -- Found FastRTPS: /opt/ros/foxy/include
[0.664s] -- Using all available rosidl_typesupport_cpp: rosidl_typesupport_fastrtps_cpp;rosidl_typesupport_introspection_cpp
[0.700s] -- Found rmw_implementation_cmake: 1.0.4 (/opt/ros/foxy/share/rmw_implementation_cmake/cmake)
[0.701s] -- Using RMW implementation 'rmw_fastrtps_cpp' as default
[0.702s] -- Performing Test CMAKE_HAVE_LIBC_PTHREAD
[0.761s] -- Performing Test CMAKE_HAVE_LIBC_PTHREAD - Failed
[0.761s] -- Looking for pthread_create in pthreads
[0.798s] -- Looking for pthread_create in pthreads - not found
[0.798s] -- Looking for pthread_create in pthread
[0.842s] -- Looking for pthread_create in pthread - found
[0.843s] -- Found Threads: TRUE
[0.933s] -- Found sensor_msgs: 2.0.5 (/opt/ros/foxy/share/sensor_msgs/cmake)
[0.993s] -- Found cv_bridge: 3.0.7 (/opt/ros/foxy/share/cv_bridge/cmake)
[1.009s] -- Found OpenCV: /usr (found version "4.2.0")
[1.012s] -- Found PkgConfig: /usr/bin/pkg-config (found version "0.29.1")
[1.013s] -- Checking for module 'aravis-0.8'
[1.034s] --   Found aravis-0.8, version 0.8.22
[1.099s] -- Found my_sync_package: 0.0.0 (/home/dvij/ee206-project/ping-pong-robot/ros2_ws/install/my_sync_package/share/my_sync_package/cmake)
[1.114s] -- Found interface: 0.0.0 (/home/dvij/ee206-project/ping-pong-robot/ros2_ws/install/interface/share/interface/cmake)
[1.232s] -- Configuring done (1.2s)
[1.251s] -- Generating done (0.0s)
[1.252s] -- Build files have been written to: /home/dvij/ee206-project/ping-pong-robot/ros2_ws/build/camera_feed
[1.259s] Invoked command in '/home/dvij/ee206-project/ping-pong-robot/ros2_ws/build/camera_feed' returned '0': CMAKE_PREFIX_PATH=/home/dvij/ee206-project/ping-pong-robot/ros2_ws/install/my_sync_package:/home/dvij/ee206-project/ping-pong-robot/ros2_ws/install/interface:/home/dvij/ee206-project/ping-pong-robot/ros2_ws/install/camera_feed:/home/dvij/ee206-project/ping-pong-robot/ppr_ws/install/impedance_controller:/home/dvij/ee206-project/ping-pong-robot/ppr_ws/install/iiwa_moveit2:/home/dvij/ee206-project/ping-pong-robot/ppr_ws/install/iiwa_bringup:/home/dvij/ee206-project/ping-pong-robot/ppr_ws/install/iiwa_description:/home/dvij/ee206-project/ping-pong-robot/ppr_ws/install/external_torque_sensor_broadcaster:/home/dvij/ee206-project/ping-pong-robot/ppr_ws/install/scene_interpreter:/home/dvij/ee206-project/ping-pong-robot/ppr_ws/install/camera_feed:/opt/ros/foxy:/opt/ros/galactic:/opt/ros/noetic LD_LIBRARY_PATH=/home/dvij/ee206-project/ping-pong-robot/ros2_ws/install/interface/lib:/home/dvij/ee206-project/ping-pong-robot/ppr_ws/install/impedance_controller/lib:/home/dvij/ee206-project/ping-pong-robot/ppr_ws/install/iiwa_moveit2/lib:/home/dvij/ee206-project/ping-pong-robot/ppr_ws/install/external_torque_sensor_broadcaster/lib:/opt/ros/foxy/opt/yaml_cpp_vendor/lib:/opt/ros/foxy/opt/rviz_ogre_vendor/lib:/opt/ros/foxy/lib/x86_64-linux-gnu:/opt/ros/foxy/lib:/opt/ros/galactic/opt/yaml_cpp_vendor/lib:/opt/ros/galactic/opt/rviz_ogre_vendor/lib:/opt/ros/galactic/lib/x86_64-linux-gnu:/opt/ros/galactic/lib:/opt/ros/noetic/lib:/opt/ros/noetic/lib/x86_64-linux-gnu:/home/dvij/.mpi-is/pam/install/lib:/home/dvij/.mujoco/mujoco210/bin:/usr/lib/nvidia PYTHONPATH=/home/dvij/ee206-project/ping-pong-robot/ros2_ws/install/interface/lib/python3.8/site-packages:/home/dvij/ee206-project/ping-pong-robot/ros2_ws/install/camera_feed/lib/python3.8/site-packages:/home/dvij/ee206-project/ping-pong-robot/ppr_ws/install/scene_interpreter/lib/python3.8/site-packages:/home/dvij/ee206-project/ping-pong-robot/ppr_ws/install/camera_feed/lib/python3.8/site-packages:/opt/ros/foxy/lib/python3.8/site-packages:/opt/ros/galactic/lib/python3.8/site-packages:/opt/ros/noetic/lib/python3/dist-packages /usr/local/bin/cmake /home/dvij/ee206-project/ping-pong-robot/ros2_ws/src/camera_feed -DCMAKE_INSTALL_PREFIX=/home/dvij/ee206-project/ping-pong-robot/ros2_ws/install/camera_feed
[1.260s] Invoking command in '/home/dvij/ee206-project/ping-pong-robot/ros2_ws/build/camera_feed': CMAKE_PREFIX_PATH=/home/dvij/ee206-project/ping-pong-robot/ros2_ws/install/my_sync_package:/home/dvij/ee206-project/ping-pong-robot/ros2_ws/install/interface:/home/dvij/ee206-project/ping-pong-robot/ros2_ws/install/camera_feed:/home/dvij/ee206-project/ping-pong-robot/ppr_ws/install/impedance_controller:/home/dvij/ee206-project/ping-pong-robot/ppr_ws/install/iiwa_moveit2:/home/dvij/ee206-project/ping-pong-robot/ppr_ws/install/iiwa_bringup:/home/dvij/ee206-project/ping-pong-robot/ppr_ws/install/iiwa_description:/home/dvij/ee206-project/ping-pong-robot/ppr_ws/install/external_torque_sensor_broadcaster:/home/dvij/ee206-project/ping-pong-robot/ppr_ws/install/scene_interpreter:/home/dvij/ee206-project/ping-pong-robot/ppr_ws/install/camera_feed:/opt/ros/foxy:/opt/ros/galactic:/opt/ros/noetic LD_LIBRARY_PATH=/home/dvij/ee206-project/ping-pong-robot/ros2_ws/install/interface/lib:/home/dvij/ee206-project/ping-pong-robot/ppr_ws/install/impedance_controller/lib:/home/dvij/ee206-project/ping-pong-robot/ppr_ws/install/iiwa_moveit2/lib:/home/dvij/ee206-project/ping-pong-robot/ppr_ws/install/external_torque_sensor_broadcaster/lib:/opt/ros/foxy/opt/yaml_cpp_vendor/lib:/opt/ros/foxy/opt/rviz_ogre_vendor/lib:/opt/ros/foxy/lib/x86_64-linux-gnu:/opt/ros/foxy/lib:/opt/ros/galactic/opt/yaml_cpp_vendor/lib:/opt/ros/galactic/opt/rviz_ogre_vendor/lib:/opt/ros/galactic/lib/x86_64-linux-gnu:/opt/ros/galactic/lib:/opt/ros/noetic/lib:/opt/ros/noetic/lib/x86_64-linux-gnu:/home/dvij/.mpi-is/pam/install/lib:/home/dvij/.mujoco/mujoco210/bin:/usr/lib/nvidia PYTHONPATH=/home/dvij/ee206-project/ping-pong-robot/ros2_ws/install/interface/lib/python3.8/site-packages:/home/dvij/ee206-project/ping-pong-robot/ros2_ws/install/camera_feed/lib/python3.8/site-packages:/home/dvij/ee206-project/ping-pong-robot/ppr_ws/install/scene_interpreter/lib/python3.8/site-packages:/home/dvij/ee206-project/ping-pong-robot/ppr_ws/install/camera_feed/lib/python3.8/site-packages:/opt/ros/foxy/lib/python3.8/site-packages:/opt/ros/galactic/lib/python3.8/site-packages:/opt/ros/noetic/lib/python3/dist-packages /usr/local/bin/cmake --build /home/dvij/ee206-project/ping-pong-robot/ros2_ws/build/camera_feed -- -j20 -l20
[1.329s] [ 40%] Built target synchronized_image_subscriber
[1.329s] [100%] Built target image_publisher
[1.333s] Invoked command in '/home/dvij/ee206-project/ping-pong-robot/ros2_ws/build/camera_feed' returned '0': CMAKE_PREFIX_PATH=/home/dvij/ee206-project/ping-pong-robot/ros2_ws/install/my_sync_package:/home/dvij/ee206-project/ping-pong-robot/ros2_ws/install/interface:/home/dvij/ee206-project/ping-pong-robot/ros2_ws/install/camera_feed:/home/dvij/ee206-project/ping-pong-robot/ppr_ws/install/impedance_controller:/home/dvij/ee206-project/ping-pong-robot/ppr_ws/install/iiwa_moveit2:/home/dvij/ee206-project/ping-pong-robot/ppr_ws/install/iiwa_bringup:/home/dvij/ee206-project/ping-pong-robot/ppr_ws/install/iiwa_description:/home/dvij/ee206-project/ping-pong-robot/ppr_ws/install/external_torque_sensor_broadcaster:/home/dvij/ee206-project/ping-pong-robot/ppr_ws/install/scene_interpreter:/home/dvij/ee206-project/ping-pong-robot/ppr_ws/install/camera_feed:/opt/ros/foxy:/opt/ros/galactic:/opt/ros/noetic LD_LIBRARY_PATH=/home/dvij/ee206-project/ping-pong-robot/ros2_ws/install/interface/lib:/home/dvij/ee206-project/ping-pong-robot/ppr_ws/install/impedance_controller/lib:/home/dvij/ee206-project/ping-pong-robot/ppr_ws/install/iiwa_moveit2/lib:/home/dvij/ee206-project/ping-pong-robot/ppr_ws/install/external_torque_sensor_broadcaster/lib:/opt/ros/foxy/opt/yaml_cpp_vendor/lib:/opt/ros/foxy/opt/rviz_ogre_vendor/lib:/opt/ros/foxy/lib/x86_64-linux-gnu:/opt/ros/foxy/lib:/opt/ros/galactic/opt/yaml_cpp_vendor/lib:/opt/ros/galactic/opt/rviz_ogre_vendor/lib:/opt/ros/galactic/lib/x86_64-linux-gnu:/opt/ros/galactic/lib:/opt/ros/noetic/lib:/opt/ros/noetic/lib/x86_64-linux-gnu:/home/dvij/.mpi-is/pam/install/lib:/home/dvij/.mujoco/mujoco210/bin:/usr/lib/nvidia PYTHONPATH=/home/dvij/ee206-project/ping-pong-robot/ros2_ws/install/interface/lib/python3.8/site-packages:/home/dvij/ee206-project/ping-pong-robot/ros2_ws/install/camera_feed/lib/python3.8/site-packages:/home/dvij/ee206-project/ping-pong-robot/ppr_ws/install/scene_interpreter/lib/python3.8/site-packages:/home/dvij/ee206-project/ping-pong-robot/ppr_ws/install/camera_feed/lib/python3.8/site-packages:/opt/ros/foxy/lib/python3.8/site-packages:/opt/ros/galactic/lib/python3.8/site-packages:/opt/ros/noetic/lib/python3/dist-packages /usr/local/bin/cmake --build /home/dvij/ee206-project/ping-pong-robot/ros2_ws/build/camera_feed -- -j20 -l20
[1.365s] Invoking command in '/home/dvij/ee206-project/ping-pong-robot/ros2_ws/build/camera_feed': CMAKE_PREFIX_PATH=/home/dvij/ee206-project/ping-pong-robot/ros2_ws/install/my_sync_package:/home/dvij/ee206-project/ping-pong-robot/ros2_ws/install/interface:/home/dvij/ee206-project/ping-pong-robot/ros2_ws/install/camera_feed:/home/dvij/ee206-project/ping-pong-robot/ppr_ws/install/impedance_controller:/home/dvij/ee206-project/ping-pong-robot/ppr_ws/install/iiwa_moveit2:/home/dvij/ee206-project/ping-pong-robot/ppr_ws/install/iiwa_bringup:/home/dvij/ee206-project/ping-pong-robot/ppr_ws/install/iiwa_description:/home/dvij/ee206-project/ping-pong-robot/ppr_ws/install/external_torque_sensor_broadcaster:/home/dvij/ee206-project/ping-pong-robot/ppr_ws/install/scene_interpreter:/home/dvij/ee206-project/ping-pong-robot/ppr_ws/install/camera_feed:/opt/ros/foxy:/opt/ros/galactic:/opt/ros/noetic LD_LIBRARY_PATH=/home/dvij/ee206-project/ping-pong-robot/ros2_ws/install/interface/lib:/home/dvij/ee206-project/ping-pong-robot/ppr_ws/install/impedance_controller/lib:/home/dvij/ee206-project/ping-pong-robot/ppr_ws/install/iiwa_moveit2/lib:/home/dvij/ee206-project/ping-pong-robot/ppr_ws/install/external_torque_sensor_broadcaster/lib:/opt/ros/foxy/opt/yaml_cpp_vendor/lib:/opt/ros/foxy/opt/rviz_ogre_vendor/lib:/opt/ros/foxy/lib/x86_64-linux-gnu:/opt/ros/foxy/lib:/opt/ros/galactic/opt/yaml_cpp_vendor/lib:/opt/ros/galactic/opt/rviz_ogre_vendor/lib:/opt/ros/galactic/lib/x86_64-linux-gnu:/opt/ros/galactic/lib:/opt/ros/noetic/lib:/opt/ros/noetic/lib/x86_64-linux-gnu:/home/dvij/.mpi-is/pam/install/lib:/home/dvij/.mujoco/mujoco210/bin:/usr/lib/nvidia PYTHONPATH=/home/dvij/ee206-project/ping-pong-robot/ros2_ws/install/interface/lib/python3.8/site-packages:/home/dvij/ee206-project/ping-pong-robot/ros2_ws/install/camera_feed/lib/python3.8/site-packages:/home/dvij/ee206-project/ping-pong-robot/ppr_ws/install/scene_interpreter/lib/python3.8/site-packages:/home/dvij/ee206-project/ping-pong-robot/ppr_ws/install/camera_feed/lib/python3.8/site-packages:/opt/ros/foxy/lib/python3.8/site-packages:/opt/ros/galactic/lib/python3.8/site-packages:/opt/ros/noetic/lib/python3/dist-packages /usr/local/bin/cmake --install /home/dvij/ee206-project/ping-pong-robot/ros2_ws/build/camera_feed
[1.367s] -- Install configuration: ""
[1.367s] -- Up-to-date: /home/dvij/ee206-project/ping-pong-robot/ros2_ws/install/camera_feed/lib/camera_feed/image_publisher
[1.367s] -- Up-to-date: /home/dvij/ee206-project/ping-pong-robot/ros2_ws/install/camera_feed/lib/camera_feed/synchronized_image_subscriber
[1.368s] -- Up-to-date: /home/dvij/ee206-project/ping-pong-robot/ros2_ws/install/camera_feed/share/camera_feed/launch
[1.368s] -- Up-to-date: /home/dvij/ee206-project/ping-pong-robot/ros2_ws/install/camera_feed/share/camera_feed/launch/camera_feed.py
[1.368s] -- Up-to-date: /home/dvij/ee206-project/ping-pong-robot/ros2_ws/install/camera_feed/share/ament_index/resource_index/package_run_dependencies/camera_feed
[1.368s] -- Up-to-date: /home/dvij/ee206-project/ping-pong-robot/ros2_ws/install/camera_feed/share/ament_index/resource_index/parent_prefix_path/camera_feed
[1.368s] -- Up-to-date: /home/dvij/ee206-project/ping-pong-robot/ros2_ws/install/camera_feed/share/camera_feed/environment/ament_prefix_path.sh
[1.368s] -- Installing: /home/dvij/ee206-project/ping-pong-robot/ros2_ws/install/camera_feed/share/camera_feed/environment/ament_prefix_path.dsv
[1.368s] -- Up-to-date: /home/dvij/ee206-project/ping-pong-robot/ros2_ws/install/camera_feed/share/camera_feed/environment/path.sh
[1.368s] -- Installing: /home/dvij/ee206-project/ping-pong-robot/ros2_ws/install/camera_feed/share/camera_feed/environment/path.dsv
[1.368s] -- Up-to-date: /home/dvij/ee206-project/ping-pong-robot/ros2_ws/install/camera_feed/share/camera_feed/local_setup.bash
[1.368s] -- Up-to-date: /home/dvij/ee206-project/ping-pong-robot/ros2_ws/install/camera_feed/share/camera_feed/local_setup.sh
[1.368s] -- Up-to-date: /home/dvij/ee206-project/ping-pong-robot/ros2_ws/install/camera_feed/share/camera_feed/local_setup.zsh
[1.368s] -- Installing: /home/dvij/ee206-project/ping-pong-robot/ros2_ws/install/camera_feed/share/camera_feed/local_setup.dsv
[1.369s] -- Installing: /home/dvij/ee206-project/ping-pong-robot/ros2_ws/install/camera_feed/share/camera_feed/package.dsv
[1.369s] -- Up-to-date: /home/dvij/ee206-project/ping-pong-robot/ros2_ws/install/camera_feed/share/ament_index/resource_index/packages/camera_feed
[1.369s] -- Up-to-date: /home/dvij/ee206-project/ping-pong-robot/ros2_ws/install/camera_feed/share/camera_feed/cmake/camera_feedConfig.cmake
[1.369s] -- Up-to-date: /home/dvij/ee206-project/ping-pong-robot/ros2_ws/install/camera_feed/share/camera_feed/cmake/camera_feedConfig-version.cmake
[1.370s] -- Up-to-date: /home/dvij/ee206-project/ping-pong-robot/ros2_ws/install/camera_feed/share/camera_feed/package.xml
[1.370s] Invoked command in '/home/dvij/ee206-project/ping-pong-robot/ros2_ws/build/camera_feed' returned '0': CMAKE_PREFIX_PATH=/home/dvij/ee206-project/ping-pong-robot/ros2_ws/install/my_sync_package:/home/dvij/ee206-project/ping-pong-robot/ros2_ws/install/interface:/home/dvij/ee206-project/ping-pong-robot/ros2_ws/install/camera_feed:/home/dvij/ee206-project/ping-pong-robot/ppr_ws/install/impedance_controller:/home/dvij/ee206-project/ping-pong-robot/ppr_ws/install/iiwa_moveit2:/home/dvij/ee206-project/ping-pong-robot/ppr_ws/install/iiwa_bringup:/home/dvij/ee206-project/ping-pong-robot/ppr_ws/install/iiwa_description:/home/dvij/ee206-project/ping-pong-robot/ppr_ws/install/external_torque_sensor_broadcaster:/home/dvij/ee206-project/ping-pong-robot/ppr_ws/install/scene_interpreter:/home/dvij/ee206-project/ping-pong-robot/ppr_ws/install/camera_feed:/opt/ros/foxy:/opt/ros/galactic:/opt/ros/noetic LD_LIBRARY_PATH=/home/dvij/ee206-project/ping-pong-robot/ros2_ws/install/interface/lib:/home/dvij/ee206-project/ping-pong-robot/ppr_ws/install/impedance_controller/lib:/home/dvij/ee206-project/ping-pong-robot/ppr_ws/install/iiwa_moveit2/lib:/home/dvij/ee206-project/ping-pong-robot/ppr_ws/install/external_torque_sensor_broadcaster/lib:/opt/ros/foxy/opt/yaml_cpp_vendor/lib:/opt/ros/foxy/opt/rviz_ogre_vendor/lib:/opt/ros/foxy/lib/x86_64-linux-gnu:/opt/ros/foxy/lib:/opt/ros/galactic/opt/yaml_cpp_vendor/lib:/opt/ros/galactic/opt/rviz_ogre_vendor/lib:/opt/ros/galactic/lib/x86_64-linux-gnu:/opt/ros/galactic/lib:/opt/ros/noetic/lib:/opt/ros/noetic/lib/x86_64-linux-gnu:/home/dvij/.mpi-is/pam/install/lib:/home/dvij/.mujoco/mujoco210/bin:/usr/lib/nvidia PYTHONPATH=/home/dvij/ee206-project/ping-pong-robot/ros2_ws/install/interface/lib/python3.8/site-packages:/home/dvij/ee206-project/ping-pong-robot/ros2_ws/install/camera_feed/lib/python3.8/site-packages:/home/dvij/ee206-project/ping-pong-robot/ppr_ws/install/scene_interpreter/lib/python3.8/site-packages:/home/dvij/ee206-project/ping-pong-robot/ppr_ws/install/camera_feed/lib/python3.8/site-packages:/opt/ros/foxy/lib/python3.8/site-packages:/opt/ros/galactic/lib/python3.8/site-packages:/opt/ros/noetic/lib/python3/dist-packages /usr/local/bin/cmake --install /home/dvij/ee206-project/ping-pong-robot/ros2_ws/build/camera_feed
