[0.007s] Invoking command in '/home/dvij/ee206-project/ping-pong-robot/vision_tracking/build/camera_feed': AMENT_PREFIX_PATH=/home/dvij/ee206-project/ping-pong-robot/vision_tracking/install/my_sync_package:/home/dvij/ee206-project/ping-pong-robot/vision_tracking/install/interface:${AMENT_PREFIX_PATH} CMAKE_PREFIX_PATH=/home/dvij/ee206-project/ping-pong-robot/vision_tracking/install/my_sync_package:/home/dvij/ee206-project/ping-pong-robot/vision_tracking/install/interface:/opt/ros/foxy:${CMAKE_PREFIX_PATH} LD_LIBRARY_PATH=/home/dvij/ee206-project/ping-pong-robot/vision_tracking/install/interface/lib:${LD_LIBRARY_PATH} PYTHONPATH=/home/dvij/ee206-project/ping-pong-robot/vision_tracking/install/interface/lib/python3.8/site-packages:${PYTHONPATH} /usr/local/bin/cmake /home/dvij/ee206-project/ping-pong-robot/vision_tracking/ros2_ws/src/camera_feed -DCMAKE_INSTALL_PREFIX=/home/dvij/ee206-project/ping-pong-robot/vision_tracking/install/camera_feed
[0.034s] -- The C compiler identification is GNU 9.4.0
[0.065s] -- The CXX compiler identification is GNU 9.4.0
[0.070s] -- Detecting C compiler ABI info
[0.102s] -- Detecting C compiler ABI info - done
[0.111s] -- Check for working C compiler: /usr/bin/cc - skipped
[0.111s] -- Detecting C compile features
[0.111s] -- Detecting C compile features - done
[0.113s] -- Detecting CXX compiler ABI info
[0.151s] -- Detecting CXX compiler ABI info - done
[0.160s] -- Check for working CXX compiler: /usr/bin/c++ - skipped
[0.160s] -- Detecting CXX compile features
[0.160s] -- Detecting CXX compile features - done
[0.162s] -- Found ament_cmake: 0.9.12 (/opt/ros/foxy/share/ament_cmake/cmake)
[0.164s] [33mCMake Warning (dev) at /opt/ros/foxy/share/ament_cmake_core/cmake/core/python.cmake:22 (find_package):
[0.164s]   Policy CMP0148 is not set: The FindPythonInterp and FindPythonLibs modules
[0.164s]   are removed.  Run "cmake --help-policy CMP0148" for policy details.  Use
[0.164s]   the cmake_policy command to set the policy and suppress this warning.
[0.164s] 
[0.165s] Call Stack (most recent call first):
[0.165s]   /opt/ros/foxy/share/ament_cmake_core/cmake/core/all.cmake:53 (include)
[0.165s]   /opt/ros/foxy/share/ament_cmake_core/cmake/ament_cmake_core-extras.cmake:17 (include)
[0.165s]   /opt/ros/foxy/share/ament_cmake_core/cmake/ament_cmake_coreConfig.cmake:41 (include)
[0.165s]   /opt/ros/foxy/share/ament_cmake/cmake/ament_cmake_export_dependencies-extras.cmake:15 (find_package)
[0.165s]   /opt/ros/foxy/share/ament_cmake/cmake/ament_cmakeConfig.cmake:41 (include)
[0.165s]   CMakeLists.txt:8 (find_package)
[0.165s] This warning is for project developers.  Use -Wno-dev to suppress it.
[0.165s] [0m
[0.177s] -- Found PythonInterp: /usr/bin/python3 (found suitable version "3.8.10", minimum required is "3")
[0.177s] -- Using PYTHON_EXECUTABLE: /usr/bin/python3
[0.318s] -- Found rclcpp: 2.4.3 (/opt/ros/foxy/share/rclcpp/cmake)
[0.343s] -- Using all available rosidl_typesupport_c: rosidl_typesupport_fastrtps_c;rosidl_typesupport_introspection_c
[0.346s] -- Found rosidl_adapter: 1.3.1 (/opt/ros/foxy/share/rosidl_adapter/cmake)
[0.398s] -- Found OpenSSL: /usr/lib/x86_64-linux-gnu/libcrypto.so (found version "1.1.1f")
[0.417s] -- Found FastRTPS: /opt/ros/foxy/include
[0.461s] -- Using all available rosidl_typesupport_cpp: rosidl_typesupport_fastrtps_cpp;rosidl_typesupport_introspection_cpp
[0.488s] -- Found rmw_implementation_cmake: 1.0.4 (/opt/ros/foxy/share/rmw_implementation_cmake/cmake)
[0.489s] -- Using RMW implementation 'rmw_fastrtps_cpp' as default
[0.489s] -- Performing Test CMAKE_HAVE_LIBC_PTHREAD
[0.524s] -- Performing Test CMAKE_HAVE_LIBC_PTHREAD - Failed
[0.524s] -- Looking for pthread_create in pthreads
[0.549s] -- Looking for pthread_create in pthreads - not found
[0.550s] -- Looking for pthread_create in pthread
[0.581s] -- Looking for pthread_create in pthread - found
[0.582s] -- Found Threads: TRUE
[0.653s] -- Found sensor_msgs: 2.0.5 (/opt/ros/foxy/share/sensor_msgs/cmake)
[0.707s] -- Found cv_bridge: 3.0.7 (/opt/ros/foxy/share/cv_bridge/cmake)
[0.721s] -- Found OpenCV: /usr (found version "4.2.0")
[0.723s] -- Found PkgConfig: /usr/bin/pkg-config (found version "0.29.1")
[0.724s] -- Checking for module 'aravis-0.8'
[0.735s] --   Found aravis-0.8, version 0.8.22
[0.764s] -- Found my_sync_package: 0.0.0 (/home/dvij/ee206-project/ping-pong-robot/vision_tracking/install/my_sync_package/share/my_sync_package/cmake)
[0.771s] -- Found interface: 0.0.0 (/home/dvij/ee206-project/ping-pong-robot/vision_tracking/install/interface/share/interface/cmake)
[0.884s] -- Configuring done (0.9s)
[0.897s] -- Generating done (0.0s)
[0.898s] -- Build files have been written to: /home/dvij/ee206-project/ping-pong-robot/vision_tracking/build/camera_feed
[0.905s] Invoked command in '/home/dvij/ee206-project/ping-pong-robot/vision_tracking/build/camera_feed' returned '0': AMENT_PREFIX_PATH=/home/dvij/ee206-project/ping-pong-robot/vision_tracking/install/my_sync_package:/home/dvij/ee206-project/ping-pong-robot/vision_tracking/install/interface:${AMENT_PREFIX_PATH} CMAKE_PREFIX_PATH=/home/dvij/ee206-project/ping-pong-robot/vision_tracking/install/my_sync_package:/home/dvij/ee206-project/ping-pong-robot/vision_tracking/install/interface:/opt/ros/foxy:${CMAKE_PREFIX_PATH} LD_LIBRARY_PATH=/home/dvij/ee206-project/ping-pong-robot/vision_tracking/install/interface/lib:${LD_LIBRARY_PATH} PYTHONPATH=/home/dvij/ee206-project/ping-pong-robot/vision_tracking/install/interface/lib/python3.8/site-packages:${PYTHONPATH} /usr/local/bin/cmake /home/dvij/ee206-project/ping-pong-robot/vision_tracking/ros2_ws/src/camera_feed -DCMAKE_INSTALL_PREFIX=/home/dvij/ee206-project/ping-pong-robot/vision_tracking/install/camera_feed
[0.907s] Invoking command in '/home/dvij/ee206-project/ping-pong-robot/vision_tracking/build/camera_feed': AMENT_PREFIX_PATH=/home/dvij/ee206-project/ping-pong-robot/vision_tracking/install/my_sync_package:/home/dvij/ee206-project/ping-pong-robot/vision_tracking/install/interface:${AMENT_PREFIX_PATH} CMAKE_PREFIX_PATH=/home/dvij/ee206-project/ping-pong-robot/vision_tracking/install/my_sync_package:/home/dvij/ee206-project/ping-pong-robot/vision_tracking/install/interface:/opt/ros/foxy:${CMAKE_PREFIX_PATH} LD_LIBRARY_PATH=/home/dvij/ee206-project/ping-pong-robot/vision_tracking/install/interface/lib:${LD_LIBRARY_PATH} PYTHONPATH=/home/dvij/ee206-project/ping-pong-robot/vision_tracking/install/interface/lib/python3.8/site-packages:${PYTHONPATH} /usr/local/bin/cmake --build /home/dvij/ee206-project/ping-pong-robot/vision_tracking/build/camera_feed -- -j20 -l20
[0.922s] [ 20%] [32mBuilding CXX object CMakeFiles/image_publisher.dir/src/image_publisher.cpp.o[0m
[0.922s] [ 60%] [32mBuilding CXX object CMakeFiles/image_publisher.dir/src/CameraUtility.cpp.o[0m
[0.922s] [ 60%] [32mBuilding CXX object CMakeFiles/synchronized_image_subscriber.dir/src/synchronized_image_subscriber.cpp.o[0m
[3.422s] [ 80%] [32m[1mLinking CXX executable image_publisher[0m
[3.566s] [ 80%] Built target image_publisher
[4.579s] [100%] [32m[1mLinking CXX executable synchronized_image_subscriber[0m
[4.953s] [100%] Built target synchronized_image_subscriber
[4.962s] Invoked command in '/home/dvij/ee206-project/ping-pong-robot/vision_tracking/build/camera_feed' returned '0': AMENT_PREFIX_PATH=/home/dvij/ee206-project/ping-pong-robot/vision_tracking/install/my_sync_package:/home/dvij/ee206-project/ping-pong-robot/vision_tracking/install/interface:${AMENT_PREFIX_PATH} CMAKE_PREFIX_PATH=/home/dvij/ee206-project/ping-pong-robot/vision_tracking/install/my_sync_package:/home/dvij/ee206-project/ping-pong-robot/vision_tracking/install/interface:/opt/ros/foxy:${CMAKE_PREFIX_PATH} LD_LIBRARY_PATH=/home/dvij/ee206-project/ping-pong-robot/vision_tracking/install/interface/lib:${LD_LIBRARY_PATH} PYTHONPATH=/home/dvij/ee206-project/ping-pong-robot/vision_tracking/install/interface/lib/python3.8/site-packages:${PYTHONPATH} /usr/local/bin/cmake --build /home/dvij/ee206-project/ping-pong-robot/vision_tracking/build/camera_feed -- -j20 -l20
[4.975s] Invoking command in '/home/dvij/ee206-project/ping-pong-robot/vision_tracking/build/camera_feed': AMENT_PREFIX_PATH=/home/dvij/ee206-project/ping-pong-robot/vision_tracking/install/my_sync_package:/home/dvij/ee206-project/ping-pong-robot/vision_tracking/install/interface:${AMENT_PREFIX_PATH} CMAKE_PREFIX_PATH=/home/dvij/ee206-project/ping-pong-robot/vision_tracking/install/my_sync_package:/home/dvij/ee206-project/ping-pong-robot/vision_tracking/install/interface:/opt/ros/foxy:${CMAKE_PREFIX_PATH} LD_LIBRARY_PATH=/home/dvij/ee206-project/ping-pong-robot/vision_tracking/install/interface/lib:${LD_LIBRARY_PATH} PYTHONPATH=/home/dvij/ee206-project/ping-pong-robot/vision_tracking/install/interface/lib/python3.8/site-packages:${PYTHONPATH} /usr/local/bin/cmake --install /home/dvij/ee206-project/ping-pong-robot/vision_tracking/build/camera_feed
[4.977s] -- Install configuration: ""
[4.977s] -- Installing: /home/dvij/ee206-project/ping-pong-robot/vision_tracking/install/camera_feed/lib/camera_feed/image_publisher
[4.978s] -- Set non-toolchain portion of runtime path of "/home/dvij/ee206-project/ping-pong-robot/vision_tracking/install/camera_feed/lib/camera_feed/image_publisher" to ""
[4.978s] -- Installing: /home/dvij/ee206-project/ping-pong-robot/vision_tracking/install/camera_feed/lib/camera_feed/synchronized_image_subscriber
[4.979s] -- Set non-toolchain portion of runtime path of "/home/dvij/ee206-project/ping-pong-robot/vision_tracking/install/camera_feed/lib/camera_feed/synchronized_image_subscriber" to ""
[4.979s] -- Installing: /home/dvij/ee206-project/ping-pong-robot/vision_tracking/install/camera_feed/share/camera_feed/launch
[4.979s] -- Installing: /home/dvij/ee206-project/ping-pong-robot/vision_tracking/install/camera_feed/share/camera_feed/launch/camera_feed.py
[4.979s] -- Installing: /home/dvij/ee206-project/ping-pong-robot/vision_tracking/install/camera_feed/share/ament_index/resource_index/package_run_dependencies/camera_feed
[4.979s] -- Installing: /home/dvij/ee206-project/ping-pong-robot/vision_tracking/install/camera_feed/share/ament_index/resource_index/parent_prefix_path/camera_feed
[4.979s] -- Installing: /home/dvij/ee206-project/ping-pong-robot/vision_tracking/install/camera_feed/share/camera_feed/environment/ament_prefix_path.sh
[4.979s] -- Installing: /home/dvij/ee206-project/ping-pong-robot/vision_tracking/install/camera_feed/share/camera_feed/environment/ament_prefix_path.dsv
[4.979s] -- Installing: /home/dvij/ee206-project/ping-pong-robot/vision_tracking/install/camera_feed/share/camera_feed/environment/path.sh
[4.979s] -- Installing: /home/dvij/ee206-project/ping-pong-robot/vision_tracking/install/camera_feed/share/camera_feed/environment/path.dsv
[4.979s] -- Installing: /home/dvij/ee206-project/ping-pong-robot/vision_tracking/install/camera_feed/share/camera_feed/local_setup.bash
[4.979s] -- Installing: /home/dvij/ee206-project/ping-pong-robot/vision_tracking/install/camera_feed/share/camera_feed/local_setup.sh
[4.979s] -- Installing: /home/dvij/ee206-project/ping-pong-robot/vision_tracking/install/camera_feed/share/camera_feed/local_setup.zsh
[4.980s] -- Installing: /home/dvij/ee206-project/ping-pong-robot/vision_tracking/install/camera_feed/share/camera_feed/local_setup.dsv
[4.980s] -- Installing: /home/dvij/ee206-project/ping-pong-robot/vision_tracking/install/camera_feed/share/camera_feed/package.dsv
[4.980s] -- Installing: /home/dvij/ee206-project/ping-pong-robot/vision_tracking/install/camera_feed/share/ament_index/resource_index/packages/camera_feed
[4.980s] -- Installing: /home/dvij/ee206-project/ping-pong-robot/vision_tracking/install/camera_feed/share/camera_feed/cmake/camera_feedConfig.cmake
[4.980s] -- Installing: /home/dvij/ee206-project/ping-pong-robot/vision_tracking/install/camera_feed/share/camera_feed/cmake/camera_feedConfig-version.cmake
[4.980s] -- Installing: /home/dvij/ee206-project/ping-pong-robot/vision_tracking/install/camera_feed/share/camera_feed/package.xml
[4.981s] Invoked command in '/home/dvij/ee206-project/ping-pong-robot/vision_tracking/build/camera_feed' returned '0': AMENT_PREFIX_PATH=/home/dvij/ee206-project/ping-pong-robot/vision_tracking/install/my_sync_package:/home/dvij/ee206-project/ping-pong-robot/vision_tracking/install/interface:${AMENT_PREFIX_PATH} CMAKE_PREFIX_PATH=/home/dvij/ee206-project/ping-pong-robot/vision_tracking/install/my_sync_package:/home/dvij/ee206-project/ping-pong-robot/vision_tracking/install/interface:/opt/ros/foxy:${CMAKE_PREFIX_PATH} LD_LIBRARY_PATH=/home/dvij/ee206-project/ping-pong-robot/vision_tracking/install/interface/lib:${LD_LIBRARY_PATH} PYTHONPATH=/home/dvij/ee206-project/ping-pong-robot/vision_tracking/install/interface/lib/python3.8/site-packages:${PYTHONPATH} /usr/local/bin/cmake --install /home/dvij/ee206-project/ping-pong-robot/vision_tracking/build/camera_feed
