[0.359s] Invoking command in '/home/pingpongproject/code/ping-pong-robot/lbr_fri_ros2_stack_ws_foxy2/build/fri_vendor': /home/pingpongproject/.local/bin/cmake --build /home/pingpongproject/code/ping-pong-robot/lbr_fri_ros2_stack_ws_foxy2/build/fri_vendor -- -j20 -l20
[0.721s] [ 12%] [34m[1mPerforming update step for 'FRIClient'[0m
[0.722s] [ 25%] [34m[1mNo patch step for 'FRIClient'[0m
[0.722s] [ 37%] [34m[1mPerforming configure step for 'FRIClient'[0m
[0.722s] -- Configuring FRIClient version 
[0.722s] -- Configuring done (0.0s)
[0.722s] -- Generating done (0.0s)
[0.722s] -- Build files have been written to: /home/pingpongproject/code/ping-pong-robot/lbr_fri_ros2_stack_ws_foxy2/build/fri_vendor/FRIClient-prefix/src/FRIClient-build
[0.722s] [ 50%] [34m[1mPerforming build step for 'FRIClient'[0m
[0.722s] [100%] Built target FRIClient
[0.722s] [ 62%] [34m[1mPerforming install step for 'FRIClient'[0m
[0.723s] [0mFound nanopb of version: 0.2.8[0m
[0.723s] [0mFound FRIClient of version: 1.15[0m
[0.728s] [100%] Built target FRIClient
[0.733s] [36mInstall the project...[0m
[0.733s] -- Install configuration: ""
[0.734s] -- Up-to-date: /home/pingpongproject/code/ping-pong-robot/lbr_fri_ros2_stack_ws_foxy2/build/fri_vendor/fri_vendor_install/lib/libFRIClient.so
[0.734s] -- Up-to-date: /home/pingpongproject/code/ping-pong-robot/lbr_fri_ros2_stack_ws_foxy2/build/fri_vendor/fri_vendor_install/include
[0.734s] -- Up-to-date: /home/pingpongproject/code/ping-pong-robot/lbr_fri_ros2_stack_ws_foxy2/build/fri_vendor/fri_vendor_install/include/friTransformationClient.h
[0.734s] -- Up-to-date: /home/pingpongproject/code/ping-pong-robot/lbr_fri_ros2_stack_ws_foxy2/build/fri_vendor/fri_vendor_install/include/friClientApplication.h
[0.734s] -- Up-to-date: /home/pingpongproject/code/ping-pong-robot/lbr_fri_ros2_stack_ws_foxy2/build/fri_vendor/fri_vendor_install/include/friLBRState.h
[0.734s] -- Up-to-date: /home/pingpongproject/code/ping-pong-robot/lbr_fri_ros2_stack_ws_foxy2/build/fri_vendor/fri_vendor_install/include/friLBRClient.h
[0.734s] -- Up-to-date: /home/pingpongproject/code/ping-pong-robot/lbr_fri_ros2_stack_ws_foxy2/build/fri_vendor/fri_vendor_install/include/friConnectionIf.h
[0.735s] -- Up-to-date: /home/pingpongproject/code/ping-pong-robot/lbr_fri_ros2_stack_ws_foxy2/build/fri_vendor/fri_vendor_install/include/friClientIf.h
[0.735s] -- Up-to-date: /home/pingpongproject/code/ping-pong-robot/lbr_fri_ros2_stack_ws_foxy2/build/fri_vendor/fri_vendor_install/include/friUdpConnection.h
[0.735s] -- Up-to-date: /home/pingpongproject/code/ping-pong-robot/lbr_fri_ros2_stack_ws_foxy2/build/fri_vendor/fri_vendor_install/include/friException.h
[0.735s] -- Up-to-date: /home/pingpongproject/code/ping-pong-robot/lbr_fri_ros2_stack_ws_foxy2/build/fri_vendor/fri_vendor_install/include/friLBRCommand.h
[0.735s] -- Up-to-date: /home/pingpongproject/code/ping-pong-robot/lbr_fri_ros2_stack_ws_foxy2/build/fri_vendor/fri_vendor_install/lib/cmake/FRIClient/FRIClientConfig.cmake
[0.735s] -- Up-to-date: /home/pingpongproject/code/ping-pong-robot/lbr_fri_ros2_stack_ws_foxy2/build/fri_vendor/fri_vendor_install/lib/cmake/FRIClient/FRIClientConfig-noconfig.cmake
[0.735s] -- Up-to-date: /home/pingpongproject/code/ping-pong-robot/lbr_fri_ros2_stack_ws_foxy2/build/fri_vendor/fri_vendor_install/lib/cmake/FRIClient/FRIClientConfigVersion.cmake
[0.736s] [ 75%] [34m[1mCompleted 'FRIClient'[0m
[0.741s] [100%] Built target FRIClient
[0.746s] Invoked command in '/home/pingpongproject/code/ping-pong-robot/lbr_fri_ros2_stack_ws_foxy2/build/fri_vendor' returned '0': /home/pingpongproject/.local/bin/cmake --build /home/pingpongproject/code/ping-pong-robot/lbr_fri_ros2_stack_ws_foxy2/build/fri_vendor -- -j20 -l20
[0.776s] Invoking command in '/home/pingpongproject/code/ping-pong-robot/lbr_fri_ros2_stack_ws_foxy2/build/fri_vendor': /home/pingpongproject/.local/bin/cmake --install /home/pingpongproject/code/ping-pong-robot/lbr_fri_ros2_stack_ws_foxy2/build/fri_vendor
[0.792s] -- Install configuration: "Release"
[0.793s] -- Execute custom install script
[0.793s] -- Up-to-date symlink: /home/pingpongproject/code/ping-pong-robot/lbr_fri_ros2_stack_ws_foxy2/install/fri_vendor/include/friClientApplication.h
[0.793s] -- Up-to-date symlink: /home/pingpongproject/code/ping-pong-robot/lbr_fri_ros2_stack_ws_foxy2/install/fri_vendor/include/friClientIf.h
[0.793s] -- Up-to-date symlink: /home/pingpongproject/code/ping-pong-robot/lbr_fri_ros2_stack_ws_foxy2/install/fri_vendor/include/friConnectionIf.h
[0.793s] -- Up-to-date symlink: /home/pingpongproject/code/ping-pong-robot/lbr_fri_ros2_stack_ws_foxy2/install/fri_vendor/include/friException.h
[0.793s] -- Up-to-date symlink: /home/pingpongproject/code/ping-pong-robot/lbr_fri_ros2_stack_ws_foxy2/install/fri_vendor/include/friLBRClient.h
[0.793s] -- Up-to-date symlink: /home/pingpongproject/code/ping-pong-robot/lbr_fri_ros2_stack_ws_foxy2/install/fri_vendor/include/friLBRCommand.h
[0.794s] -- Up-to-date symlink: /home/pingpongproject/code/ping-pong-robot/lbr_fri_ros2_stack_ws_foxy2/install/fri_vendor/include/friLBRState.h
[0.794s] -- Up-to-date symlink: /home/pingpongproject/code/ping-pong-robot/lbr_fri_ros2_stack_ws_foxy2/install/fri_vendor/include/friTransformationClient.h
[0.794s] -- Up-to-date symlink: /home/pingpongproject/code/ping-pong-robot/lbr_fri_ros2_stack_ws_foxy2/install/fri_vendor/include/friUdpConnection.h
[0.794s] -- Up-to-date symlink: /home/pingpongproject/code/ping-pong-robot/lbr_fri_ros2_stack_ws_foxy2/install/fri_vendor/lib/cmake/FRIClient/FRIClientConfig-noconfig.cmake
[0.794s] -- Up-to-date symlink: /home/pingpongproject/code/ping-pong-robot/lbr_fri_ros2_stack_ws_foxy2/install/fri_vendor/lib/cmake/FRIClient/FRIClientConfig.cmake
[0.794s] -- Up-to-date symlink: /home/pingpongproject/code/ping-pong-robot/lbr_fri_ros2_stack_ws_foxy2/install/fri_vendor/lib/cmake/FRIClient/FRIClientConfigVersion.cmake
[0.794s] -- Up-to-date symlink: /home/pingpongproject/code/ping-pong-robot/lbr_fri_ros2_stack_ws_foxy2/install/fri_vendor/lib/libFRIClient.so
[0.794s] -- Up-to-date symlink: /home/pingpongproject/code/ping-pong-robot/lbr_fri_ros2_stack_ws_foxy2/install/fri_vendor/share/ament_index/resource_index/package_run_dependencies/fri_vendor
[0.794s] -- Up-to-date symlink: /home/pingpongproject/code/ping-pong-robot/lbr_fri_ros2_stack_ws_foxy2/install/fri_vendor/share/ament_index/resource_index/parent_prefix_path/fri_vendor
[0.794s] -- Up-to-date symlink: /home/pingpongproject/code/ping-pong-robot/lbr_fri_ros2_stack_ws_foxy2/install/fri_vendor/share/fri_vendor/environment/ament_prefix_path.sh
[0.794s] -- Up-to-date symlink: /home/pingpongproject/code/ping-pong-robot/lbr_fri_ros2_stack_ws_foxy2/install/fri_vendor/share/fri_vendor/environment/ament_prefix_path.dsv
[0.794s] -- Up-to-date symlink: /home/pingpongproject/code/ping-pong-robot/lbr_fri_ros2_stack_ws_foxy2/install/fri_vendor/share/fri_vendor/environment/path.sh
[0.795s] -- Up-to-date symlink: /home/pingpongproject/code/ping-pong-robot/lbr_fri_ros2_stack_ws_foxy2/install/fri_vendor/share/fri_vendor/environment/path.dsv
[0.795s] -- Up-to-date symlink: /home/pingpongproject/code/ping-pong-robot/lbr_fri_ros2_stack_ws_foxy2/install/fri_vendor/share/fri_vendor/local_setup.bash
[0.795s] -- Up-to-date symlink: /home/pingpongproject/code/ping-pong-robot/lbr_fri_ros2_stack_ws_foxy2/install/fri_vendor/share/fri_vendor/local_setup.sh
[0.795s] -- Up-to-date symlink: /home/pingpongproject/code/ping-pong-robot/lbr_fri_ros2_stack_ws_foxy2/install/fri_vendor/share/fri_vendor/local_setup.zsh
[0.795s] -- Up-to-date symlink: /home/pingpongproject/code/ping-pong-robot/lbr_fri_ros2_stack_ws_foxy2/install/fri_vendor/share/fri_vendor/local_setup.dsv
[0.795s] -- Symlinking: /home/pingpongproject/code/ping-pong-robot/lbr_fri_ros2_stack_ws_foxy2/install/fri_vendor/share/fri_vendor/package.dsv
[0.796s] -- Up-to-date symlink: /home/pingpongproject/code/ping-pong-robot/lbr_fri_ros2_stack_ws_foxy2/install/fri_vendor/share/ament_index/resource_index/packages/fri_vendor
[0.796s] -- Up-to-date symlink: /home/pingpongproject/code/ping-pong-robot/lbr_fri_ros2_stack_ws_foxy2/install/fri_vendor/share/fri_vendor/cmake/fri_vendorConfig.cmake
[0.796s] -- Up-to-date symlink: /home/pingpongproject/code/ping-pong-robot/lbr_fri_ros2_stack_ws_foxy2/install/fri_vendor/share/fri_vendor/cmake/fri_vendorConfig-version.cmake
[0.796s] -- Up-to-date symlink: /home/pingpongproject/code/ping-pong-robot/lbr_fri_ros2_stack_ws_foxy2/install/fri_vendor/share/fri_vendor/package.xml
[0.906s] Invoked command in '/home/pingpongproject/code/ping-pong-robot/lbr_fri_ros2_stack_ws_foxy2/build/fri_vendor' returned '0': /home/pingpongproject/.local/bin/cmake --install /home/pingpongproject/code/ping-pong-robot/lbr_fri_ros2_stack_ws_foxy2/build/fri_vendor
