/home/dvij/.local/lib/python3.8/site-packages/setuptools/_distutils/dist.py:261: UserWarning: Unknown distribution option: 'tests_require'
  warnings.warn(msg)
running egg_info
creating ../../../../build/lbr_fri_ros2_advanced_python_demos/lbr_fri_ros2_advanced_python_demos.egg-info
writing ../../../../build/lbr_fri_ros2_advanced_python_demos/lbr_fri_ros2_advanced_python_demos.egg-info/PKG-INFO
writing dependency_links to ../../../../build/lbr_fri_ros2_advanced_python_demos/lbr_fri_ros2_advanced_python_demos.egg-info/dependency_links.txt
writing entry points to ../../../../build/lbr_fri_ros2_advanced_python_demos/lbr_fri_ros2_advanced_python_demos.egg-info/entry_points.txt
writing requirements to ../../../../build/lbr_fri_ros2_advanced_python_demos/lbr_fri_ros2_advanced_python_demos.egg-info/requires.txt
writing top-level names to ../../../../build/lbr_fri_ros2_advanced_python_demos/lbr_fri_ros2_advanced_python_demos.egg-info/top_level.txt
writing manifest file '../../../../build/lbr_fri_ros2_advanced_python_demos/lbr_fri_ros2_advanced_python_demos.egg-info/SOURCES.txt'
reading manifest file '../../../../build/lbr_fri_ros2_advanced_python_demos/lbr_fri_ros2_advanced_python_demos.egg-info/SOURCES.txt'
adding license file 'LICENSE'
Traceback (most recent call last):
  File "setup.py", line 5, in <module>
    setup(
  File "/home/dvij/.local/lib/python3.8/site-packages/setuptools/__init__.py", line 117, in setup
    return distutils.core.setup(**attrs)
  File "/home/dvij/.local/lib/python3.8/site-packages/setuptools/_distutils/core.py", line 183, in setup
    return run_commands(dist)
  File "/home/dvij/.local/lib/python3.8/site-packages/setuptools/_distutils/core.py", line 199, in run_commands
    dist.run_commands()
  File "/home/dvij/.local/lib/python3.8/site-packages/setuptools/_distutils/dist.py", line 954, in run_commands
    self.run_command(cmd)
  File "/home/dvij/.local/lib/python3.8/site-packages/setuptools/dist.py", line 950, in run_command
    super().run_command(command)
  File "/home/dvij/.local/lib/python3.8/site-packages/setuptools/_distutils/dist.py", line 973, in run_command
    cmd_obj.run()
  File "/home/dvij/.local/lib/python3.8/site-packages/setuptools/command/egg_info.py", line 311, in run
    self.find_sources()
  File "/home/dvij/.local/lib/python3.8/site-packages/setuptools/command/egg_info.py", line 319, in find_sources
    mm.run()
  File "/home/dvij/.local/lib/python3.8/site-packages/setuptools/command/egg_info.py", line 545, in run
    self.prune_file_list()
  File "/home/dvij/.local/lib/python3.8/site-packages/setuptools/command/sdist.py", line 161, in prune_file_list
    super().prune_file_list()
  File "/home/dvij/.local/lib/python3.8/site-packages/setuptools/_distutils/command/sdist.py", line 380, in prune_file_list
    base_dir = self.distribution.get_fullname()
  File "/home/dvij/.local/lib/python3.8/site-packages/setuptools/_core_metadata.py", line 267, in get_fullname
    return _distribution_fullname(self.get_name(), self.get_version())
  File "/home/dvij/.local/lib/python3.8/site-packages/setuptools/_core_metadata.py", line 285, in _distribution_fullname
    canonicalize_version(version, strip_trailing_zero=False),
TypeError: canonicalize_version() got an unexpected keyword argument 'strip_trailing_zero'
