[0.676s] Invoking command in '/home/dvij/learning_table_tennis_from_scratch/lbr_fri_ros2_stack_ws/src/lbr_fri_ros2_stack/lbr_demos/lbr_fri_ros2_advanced_python_demos': AMENT_PREFIX_PATH=/home/dvij/learning_table_tennis_from_scratch/lbr_fri_ros2_stack_ws/install/lbr_fri_msgs:${AMENT_PREFIX_PATH} CMAKE_PREFIX_PATH=/home/dvij/learning_table_tennis_from_scratch/lbr_fri_ros2_stack_ws/install/lbr_fri_msgs LD_LIBRARY_PATH=/home/dvij/learning_table_tennis_from_scratch/lbr_fri_ros2_stack_ws/install/lbr_fri_msgs/lib:/opt/ros/galactic/opt/yaml_cpp_vendor/lib:/opt/ros/galactic/opt/rviz_ogre_vendor/lib:/opt/ros/galactic/lib/x86_64-linux-gnu:/opt/ros/galactic/lib:/home/dvij/.mpi-is/pam/install/lib:/home/dvij/.mujoco/mujoco210/bin:/usr/lib/nvidia:/home/dvij/.mpi-is/pam/install/lib:/home/dvij/.mujoco/mujoco210/bin:/usr/lib/nvidia PYTHONPATH=/home/dvij/learning_table_tennis_from_scratch/lbr_fri_ros2_stack_ws/build/lbr_fri_ros2_advanced_python_demos/prefix_override:/usr/lib/python3/dist-packages/colcon_core/task/python/colcon_distutils_commands:/home/dvij/learning_table_tennis_from_scratch/lbr_fri_ros2_stack_ws/install/lbr_fri_ros2_advanced_python_demos/lib/python3.8/site-packages:/home/dvij/learning_table_tennis_from_scratch/lbr_fri_ros2_stack_ws/install/lbr_fri_msgs/lib/python3.8/site-packages:${PYTHONPATH} /usr/bin/python3 -W ignore:setup.py install is deprecated setup.py egg_info --egg-base ../../../../build/lbr_fri_ros2_advanced_python_demos build --build-base /home/dvij/learning_table_tennis_from_scratch/lbr_fri_ros2_stack_ws/build/lbr_fri_ros2_advanced_python_demos/build install --record /home/dvij/learning_table_tennis_from_scratch/lbr_fri_ros2_stack_ws/build/lbr_fri_ros2_advanced_python_demos/install.log --single-version-externally-managed install_data
[0.767s] /home/dvij/.local/lib/python3.8/site-packages/setuptools/_distutils/dist.py:261: UserWarning: Unknown distribution option: 'tests_require'
[0.767s]   warnings.warn(msg)
[0.824s] running egg_info
[0.824s] creating ../../../../build/lbr_fri_ros2_advanced_python_demos/lbr_fri_ros2_advanced_python_demos.egg-info
[0.833s] writing ../../../../build/lbr_fri_ros2_advanced_python_demos/lbr_fri_ros2_advanced_python_demos.egg-info/PKG-INFO
[0.833s] writing dependency_links to ../../../../build/lbr_fri_ros2_advanced_python_demos/lbr_fri_ros2_advanced_python_demos.egg-info/dependency_links.txt
[0.834s] writing entry points to ../../../../build/lbr_fri_ros2_advanced_python_demos/lbr_fri_ros2_advanced_python_demos.egg-info/entry_points.txt
[0.834s] writing requirements to ../../../../build/lbr_fri_ros2_advanced_python_demos/lbr_fri_ros2_advanced_python_demos.egg-info/requires.txt
[0.834s] writing top-level names to ../../../../build/lbr_fri_ros2_advanced_python_demos/lbr_fri_ros2_advanced_python_demos.egg-info/top_level.txt
[0.894s] writing manifest file '../../../../build/lbr_fri_ros2_advanced_python_demos/lbr_fri_ros2_advanced_python_demos.egg-info/SOURCES.txt'
[0.913s] reading manifest file '../../../../build/lbr_fri_ros2_advanced_python_demos/lbr_fri_ros2_advanced_python_demos.egg-info/SOURCES.txt'
[0.913s] adding license file 'LICENSE'
[0.913s] Traceback (most recent call last):
[0.913s]   File "setup.py", line 5, in <module>
[0.913s]     setup(
[0.913s]   File "/home/dvij/.local/lib/python3.8/site-packages/setuptools/__init__.py", line 117, in setup
[0.913s]     return distutils.core.setup(**attrs)
[0.913s]   File "/home/dvij/.local/lib/python3.8/site-packages/setuptools/_distutils/core.py", line 183, in setup
[0.914s]     return run_commands(dist)
[0.914s]   File "/home/dvij/.local/lib/python3.8/site-packages/setuptools/_distutils/core.py", line 199, in run_commands
[0.914s]     dist.run_commands()
[0.914s]   File "/home/dvij/.local/lib/python3.8/site-packages/setuptools/_distutils/dist.py", line 954, in run_commands
[0.914s]     self.run_command(cmd)
[0.914s]   File "/home/dvij/.local/lib/python3.8/site-packages/setuptools/dist.py", line 950, in run_command
[0.914s]     super().run_command(command)
[0.914s]   File "/home/dvij/.local/lib/python3.8/site-packages/setuptools/_distutils/dist.py", line 973, in run_command
[0.914s]     cmd_obj.run()
[0.914s]   File "/home/dvij/.local/lib/python3.8/site-packages/setuptools/command/egg_info.py", line 311, in run
[0.914s]     self.find_sources()
[0.914s]   File "/home/dvij/.local/lib/python3.8/site-packages/setuptools/command/egg_info.py", line 319, in find_sources
[0.914s]     mm.run()
[0.914s]   File "/home/dvij/.local/lib/python3.8/site-packages/setuptools/command/egg_info.py", line 545, in run
[0.914s]     self.prune_file_list()
[0.914s]   File "/home/dvij/.local/lib/python3.8/site-packages/setuptools/command/sdist.py", line 161, in prune_file_list
[0.914s]     super().prune_file_list()
[0.914s]   File "/home/dvij/.local/lib/python3.8/site-packages/setuptools/_distutils/command/sdist.py", line 380, in prune_file_list
[0.914s]     base_dir = self.distribution.get_fullname()
[0.914s]   File "/home/dvij/.local/lib/python3.8/site-packages/setuptools/_core_metadata.py", line 267, in get_fullname
[0.914s]     return _distribution_fullname(self.get_name(), self.get_version())
[0.914s]   File "/home/dvij/.local/lib/python3.8/site-packages/setuptools/_core_metadata.py", line 285, in _distribution_fullname
[0.914s]     canonicalize_version(version, strip_trailing_zero=False),
[0.914s] TypeError: canonicalize_version() got an unexpected keyword argument 'strip_trailing_zero'
[0.927s] Invoked command in '/home/dvij/learning_table_tennis_from_scratch/lbr_fri_ros2_stack_ws/src/lbr_fri_ros2_stack/lbr_demos/lbr_fri_ros2_advanced_python_demos' returned '1': AMENT_PREFIX_PATH=/home/dvij/learning_table_tennis_from_scratch/lbr_fri_ros2_stack_ws/install/lbr_fri_msgs:${AMENT_PREFIX_PATH} CMAKE_PREFIX_PATH=/home/dvij/learning_table_tennis_from_scratch/lbr_fri_ros2_stack_ws/install/lbr_fri_msgs LD_LIBRARY_PATH=/home/dvij/learning_table_tennis_from_scratch/lbr_fri_ros2_stack_ws/install/lbr_fri_msgs/lib:/opt/ros/galactic/opt/yaml_cpp_vendor/lib:/opt/ros/galactic/opt/rviz_ogre_vendor/lib:/opt/ros/galactic/lib/x86_64-linux-gnu:/opt/ros/galactic/lib:/home/dvij/.mpi-is/pam/install/lib:/home/dvij/.mujoco/mujoco210/bin:/usr/lib/nvidia:/home/dvij/.mpi-is/pam/install/lib:/home/dvij/.mujoco/mujoco210/bin:/usr/lib/nvidia PYTHONPATH=/home/dvij/learning_table_tennis_from_scratch/lbr_fri_ros2_stack_ws/build/lbr_fri_ros2_advanced_python_demos/prefix_override:/usr/lib/python3/dist-packages/colcon_core/task/python/colcon_distutils_commands:/home/dvij/learning_table_tennis_from_scratch/lbr_fri_ros2_stack_ws/install/lbr_fri_ros2_advanced_python_demos/lib/python3.8/site-packages:/home/dvij/learning_table_tennis_from_scratch/lbr_fri_ros2_stack_ws/install/lbr_fri_msgs/lib/python3.8/site-packages:${PYTHONPATH} /usr/bin/python3 -W ignore:setup.py install is deprecated setup.py egg_info --egg-base ../../../../build/lbr_fri_ros2_advanced_python_demos build --build-base /home/dvij/learning_table_tennis_from_scratch/lbr_fri_ros2_stack_ws/build/lbr_fri_ros2_advanced_python_demos/build install --record /home/dvij/learning_table_tennis_from_scratch/lbr_fri_ros2_stack_ws/build/lbr_fri_ros2_advanced_python_demos/install.log --single-version-externally-managed install_data
