[0.040s] Invoking command in '/home/dvij/ee206-project/ping-pong-robot/ppr_ws/build/cv_bridge': CMAKE_PREFIX_PATH=/home/dvij/ee206-project/ping-pong-robot/ros2_ws/install/camera_feed:/home/dvij/ee206-project/ping-pong-robot/ros2_ws/install/my_sync_package:/home/dvij/ee206-project/ping-pong-robot/ros2_ws/install/interface:/home/dvij/ee206-project/ping-pong-robot/ppr_ws/install/impedance_controller:/home/dvij/ee206-project/ping-pong-robot/ppr_ws/install/iiwa_moveit2:/home/dvij/ee206-project/ping-pong-robot/ppr_ws/install/iiwa_bringup:/home/dvij/ee206-project/ping-pong-robot/ppr_ws/install/iiwa_description:/home/dvij/ee206-project/ping-pong-robot/ppr_ws/install/external_torque_sensor_broadcaster:/home/dvij/ee206-project/ping-pong-robot/ppr_ws/install/scene_interpreter:/home/dvij/ee206-project/ping-pong-robot/ppr_ws/install/camera_feed:/opt/ros/foxy:/opt/ros/galactic:/opt/ros/noetic /usr/local/bin/cmake /home/dvij/ee206-project/ping-pong-robot/ppr_ws/src/cv_bridge -DAMENT_CMAKE_SYMLINK_INSTALL=1 -DCMAKE_INSTALL_PREFIX=/home/dvij/ee206-project/ping-pong-robot/ppr_ws/install/cv_bridge
[0.208s] [33mCMake Warning (dev) at /opt/ros/galactic/share/ament_cmake_core/cmake/core/python.cmake:22 (find_package):
[0.209s]   Policy CMP0148 is not set: The FindPythonInterp and FindPythonLibs modules
[0.210s]   are removed.  Run "cmake --help-policy CMP0148" for policy details.  Use
[0.210s]   the cmake_policy command to set the policy and suppress this warning.
[0.210s] 
[0.210s] Call Stack (most recent call first):
[0.210s]   /opt/ros/galactic/share/ament_cmake_core/cmake/core/all.cmake:53 (include)
[0.210s]   /opt/ros/galactic/share/ament_cmake_core/cmake/ament_cmake_core-extras.cmake:17 (include)
[0.211s]   /opt/ros/galactic/share/ament_cmake_core/cmake/ament_cmake_coreConfig.cmake:41 (include)
[0.211s]   /opt/ros/galactic/share/ament_cmake_test/cmake/ament_cmake_test-extras.cmake:39 (find_package)
[0.211s]   /opt/ros/galactic/share/ament_cmake_test/cmake/ament_cmake_testConfig.cmake:41 (include)
[0.211s]   /opt/ros/galactic/share/ament_cmake_pytest/cmake/ament_cmake_pytest-extras.cmake:17 (find_package)
[0.211s]   /opt/ros/galactic/share/ament_cmake_pytest/cmake/ament_cmake_pytestConfig.cmake:41 (include)
[0.211s]   /opt/ros/galactic/share/ament_cmake_ros/cmake/ament_cmake_ros-extras.cmake:19 (find_package)
[0.211s]   /opt/ros/galactic/share/ament_cmake_ros/cmake/ament_cmake_rosConfig.cmake:41 (include)
[0.211s]   CMakeLists.txt:4 (find_package)
[0.211s] This warning is for project developers.  Use -Wno-dev to suppress it.
[0.211s] [0m
[0.212s] -- Found ament_cmake_ros: 0.9.2 (/opt/ros/galactic/share/ament_cmake_ros/cmake)
[0.212s] -- Using PYTHON_EXECUTABLE: /home/dvij/anaconda3/bin/python3
[0.225s] -- Override CMake install command with custom implementation using symlinks instead of copying resources
[0.523s] [31mCMake Error at /usr/lib/x86_64-linux-gnu/cmake/Boost-1.71.0/BoostConfig.cmake:117 (find_package):
[0.523s]   Found package configuration file:
[0.523s] 
[0.523s]     /usr/lib/x86_64-linux-gnu/cmake/boost_python-1.71.0/boost_python-config.cmake
[0.523s] 
[0.524s]   but it set boost_python_FOUND to FALSE so package "boost_python" is
[0.524s]   considered to be NOT FOUND.  Reason given by package:
[0.524s] 
[0.524s]   No suitable build variant has been found.
[0.524s] 
[0.525s]   The following variants have been tried and rejected:
[0.525s] 
[0.525s]   * libboost_python38.so.1.71.0 (3.8, Boost_PYTHON_VERSION=3.9)
[0.525s] 
[0.525s]   * libboost_python38.a (3.8, Boost_PYTHON_VERSION=3.9)
[0.525s] 
[0.525s] Call Stack (most recent call first):
[0.525s]   /usr/lib/x86_64-linux-gnu/cmake/Boost-1.71.0/BoostConfig.cmake:182 (boost_find_component)
[0.525s]   /usr/local/share/cmake-3.29/Modules/FindBoost.cmake:594 (find_package)
[0.525s]   CMakeLists.txt:31 (find_package)
[0.525s] 
[0.525s] [0m
[0.525s] -- Configuring incomplete, errors occurred!
[0.526s] Invoked command in '/home/dvij/ee206-project/ping-pong-robot/ppr_ws/build/cv_bridge' returned '1': CMAKE_PREFIX_PATH=/home/dvij/ee206-project/ping-pong-robot/ros2_ws/install/camera_feed:/home/dvij/ee206-project/ping-pong-robot/ros2_ws/install/my_sync_package:/home/dvij/ee206-project/ping-pong-robot/ros2_ws/install/interface:/home/dvij/ee206-project/ping-pong-robot/ppr_ws/install/impedance_controller:/home/dvij/ee206-project/ping-pong-robot/ppr_ws/install/iiwa_moveit2:/home/dvij/ee206-project/ping-pong-robot/ppr_ws/install/iiwa_bringup:/home/dvij/ee206-project/ping-pong-robot/ppr_ws/install/iiwa_description:/home/dvij/ee206-project/ping-pong-robot/ppr_ws/install/external_torque_sensor_broadcaster:/home/dvij/ee206-project/ping-pong-robot/ppr_ws/install/scene_interpreter:/home/dvij/ee206-project/ping-pong-robot/ppr_ws/install/camera_feed:/opt/ros/foxy:/opt/ros/galactic:/opt/ros/noetic /usr/local/bin/cmake /home/dvij/ee206-project/ping-pong-robot/ppr_ws/src/cv_bridge -DAMENT_CMAKE_SYMLINK_INSTALL=1 -DCMAKE_INSTALL_PREFIX=/home/dvij/ee206-project/ping-pong-robot/ppr_ws/install/cv_bridge
