running egg_info
creating ../../../../build/camera_feed/camera_feed.egg-info
writing ../../../../build/camera_feed/camera_feed.egg-info/PKG-INFO
writing dependency_links to ../../../../build/camera_feed/camera_feed.egg-info/dependency_links.txt
writing entry points to ../../../../build/camera_feed/camera_feed.egg-info/entry_points.txt
writing requirements to ../../../../build/camera_feed/camera_feed.egg-info/requires.txt
writing top-level names to ../../../../build/camera_feed/camera_feed.egg-info/top_level.txt
writing manifest file '../../../../build/camera_feed/camera_feed.egg-info/SOURCES.txt'
reading manifest file '../../../../build/camera_feed/camera_feed.egg-info/SOURCES.txt'
writing manifest file '../../../../build/camera_feed/camera_feed.egg-info/SOURCES.txt'
running build
running build_py
creating /home/pingpongproject/code/ping-pong-robot/lbr_fri_ros2_stack_ws_foxy2/build/camera_feed/build
creating /home/pingpongproject/code/ping-pong-robot/lbr_fri_ros2_stack_ws_foxy2/build/camera_feed/build/lib
creating /home/pingpongproject/code/ping-pong-robot/lbr_fri_ros2_stack_ws_foxy2/build/camera_feed/build/lib/camera_feed
copying camera_feed/trigger.py -> /home/pingpongproject/code/ping-pong-robot/lbr_fri_ros2_stack_ws_foxy2/build/camera_feed/build/lib/camera_feed
copying camera_feed/paddle_pose_trigger_sub.py -> /home/pingpongproject/code/ping-pong-robot/lbr_fri_ros2_stack_ws_foxy2/build/camera_feed/build/lib/camera_feed
copying camera_feed/__init__.py -> /home/pingpongproject/code/ping-pong-robot/lbr_fri_ros2_stack_ws_foxy2/build/camera_feed/build/lib/camera_feed
copying camera_feed/cam_pub.py -> /home/pingpongproject/code/ping-pong-robot/lbr_fri_ros2_stack_ws_foxy2/build/camera_feed/build/lib/camera_feed
copying camera_feed/cam_trigger_sub.py -> /home/pingpongproject/code/ping-pong-robot/lbr_fri_ros2_stack_ws_foxy2/build/camera_feed/build/lib/camera_feed
copying camera_feed/cam_sync_sub.py -> /home/pingpongproject/code/ping-pong-robot/lbr_fri_ros2_stack_ws_foxy2/build/camera_feed/build/lib/camera_feed
running install
running install_lib
creating /home/pingpongproject/code/ping-pong-robot/lbr_fri_ros2_stack_ws_foxy2/install/camera_feed/lib/python3.8/site-packages/camera_feed
copying /home/pingpongproject/code/ping-pong-robot/lbr_fri_ros2_stack_ws_foxy2/build/camera_feed/build/lib/camera_feed/trigger.py -> /home/pingpongproject/code/ping-pong-robot/lbr_fri_ros2_stack_ws_foxy2/install/camera_feed/lib/python3.8/site-packages/camera_feed
copying /home/pingpongproject/code/ping-pong-robot/lbr_fri_ros2_stack_ws_foxy2/build/camera_feed/build/lib/camera_feed/paddle_pose_trigger_sub.py -> /home/pingpongproject/code/ping-pong-robot/lbr_fri_ros2_stack_ws_foxy2/install/camera_feed/lib/python3.8/site-packages/camera_feed
copying /home/pingpongproject/code/ping-pong-robot/lbr_fri_ros2_stack_ws_foxy2/build/camera_feed/build/lib/camera_feed/__init__.py -> /home/pingpongproject/code/ping-pong-robot/lbr_fri_ros2_stack_ws_foxy2/install/camera_feed/lib/python3.8/site-packages/camera_feed
copying /home/pingpongproject/code/ping-pong-robot/lbr_fri_ros2_stack_ws_foxy2/build/camera_feed/build/lib/camera_feed/cam_pub.py -> /home/pingpongproject/code/ping-pong-robot/lbr_fri_ros2_stack_ws_foxy2/install/camera_feed/lib/python3.8/site-packages/camera_feed
copying /home/pingpongproject/code/ping-pong-robot/lbr_fri_ros2_stack_ws_foxy2/build/camera_feed/build/lib/camera_feed/cam_trigger_sub.py -> /home/pingpongproject/code/ping-pong-robot/lbr_fri_ros2_stack_ws_foxy2/install/camera_feed/lib/python3.8/site-packages/camera_feed
copying /home/pingpongproject/code/ping-pong-robot/lbr_fri_ros2_stack_ws_foxy2/build/camera_feed/build/lib/camera_feed/cam_sync_sub.py -> /home/pingpongproject/code/ping-pong-robot/lbr_fri_ros2_stack_ws_foxy2/install/camera_feed/lib/python3.8/site-packages/camera_feed
byte-compiling /home/pingpongproject/code/ping-pong-robot/lbr_fri_ros2_stack_ws_foxy2/install/camera_feed/lib/python3.8/site-packages/camera_feed/trigger.py to trigger.cpython-38.pyc
byte-compiling /home/pingpongproject/code/ping-pong-robot/lbr_fri_ros2_stack_ws_foxy2/install/camera_feed/lib/python3.8/site-packages/camera_feed/paddle_pose_trigger_sub.py to paddle_pose_trigger_sub.cpython-38.pyc
byte-compiling /home/pingpongproject/code/ping-pong-robot/lbr_fri_ros2_stack_ws_foxy2/install/camera_feed/lib/python3.8/site-packages/camera_feed/__init__.py to __init__.cpython-38.pyc
byte-compiling /home/pingpongproject/code/ping-pong-robot/lbr_fri_ros2_stack_ws_foxy2/install/camera_feed/lib/python3.8/site-packages/camera_feed/cam_pub.py to cam_pub.cpython-38.pyc
byte-compiling /home/pingpongproject/code/ping-pong-robot/lbr_fri_ros2_stack_ws_foxy2/install/camera_feed/lib/python3.8/site-packages/camera_feed/cam_trigger_sub.py to cam_trigger_sub.cpython-38.pyc
byte-compiling /home/pingpongproject/code/ping-pong-robot/lbr_fri_ros2_stack_ws_foxy2/install/camera_feed/lib/python3.8/site-packages/camera_feed/cam_sync_sub.py to cam_sync_sub.cpython-38.pyc
running install_data
creating /home/pingpongproject/code/ping-pong-robot/lbr_fri_ros2_stack_ws_foxy2/install/camera_feed/share/ament_index
creating /home/pingpongproject/code/ping-pong-robot/lbr_fri_ros2_stack_ws_foxy2/install/camera_feed/share/ament_index/resource_index
creating /home/pingpongproject/code/ping-pong-robot/lbr_fri_ros2_stack_ws_foxy2/install/camera_feed/share/ament_index/resource_index/packages
copying resource/camera_feed -> /home/pingpongproject/code/ping-pong-robot/lbr_fri_ros2_stack_ws_foxy2/install/camera_feed/share/ament_index/resource_index/packages
copying package.xml -> /home/pingpongproject/code/ping-pong-robot/lbr_fri_ros2_stack_ws_foxy2/install/camera_feed/share/camera_feed
copying launch/record_launch.py -> /home/pingpongproject/code/ping-pong-robot/lbr_fri_ros2_stack_ws_foxy2/install/camera_feed/share/camera_feed
copying launch/triggered_feed_launch.py -> /home/pingpongproject/code/ping-pong-robot/lbr_fri_ros2_stack_ws_foxy2/install/camera_feed/share/camera_feed
copying launch/camera_feed_launch.py -> /home/pingpongproject/code/ping-pong-robot/lbr_fri_ros2_stack_ws_foxy2/install/camera_feed/share/camera_feed
running install_egg_info
Copying ../../../../build/camera_feed/camera_feed.egg-info to /home/pingpongproject/code/ping-pong-robot/lbr_fri_ros2_stack_ws_foxy2/install/camera_feed/lib/python3.8/site-packages/camera_feed-0.0.0-py3.8.egg-info
running install_scripts
Installing cam_pub script to /home/pingpongproject/code/ping-pong-robot/lbr_fri_ros2_stack_ws_foxy2/install/camera_feed/lib/camera_feed
Installing cam_sync_sub script to /home/pingpongproject/code/ping-pong-robot/lbr_fri_ros2_stack_ws_foxy2/install/camera_feed/lib/camera_feed
Installing cam_trigger_sub script to /home/pingpongproject/code/ping-pong-robot/lbr_fri_ros2_stack_ws_foxy2/install/camera_feed/lib/camera_feed
Installing message_counter script to /home/pingpongproject/code/ping-pong-robot/lbr_fri_ros2_stack_ws_foxy2/install/camera_feed/lib/camera_feed
Installing paddle_pose_trigger_sub script to /home/pingpongproject/code/ping-pong-robot/lbr_fri_ros2_stack_ws_foxy2/install/camera_feed/lib/camera_feed
Installing trigger script to /home/pingpongproject/code/ping-pong-robot/lbr_fri_ros2_stack_ws_foxy2/install/camera_feed/lib/camera_feed
writing list of installed files to '/home/pingpongproject/code/ping-pong-robot/lbr_fri_ros2_stack_ws_foxy2/build/camera_feed/install.log'
