[0.562s] Invoking command in '/home/dvij/ee206-project/ping-pong-robot/vision_tracking/ros2_ws/src/scene_interpreter': PYTHONPATH=/home/dvij/ee206-project/ping-pong-robot/vision_tracking/build/scene_interpreter/prefix_override:/usr/lib/python3/dist-packages/colcon_core/task/python/colcon_distutils_commands:/home/dvij/ee206-project/ping-pong-robot/vision_tracking/install/scene_interpreter/lib/python3.8/site-packages:${PYTHONPATH} /usr/bin/python3 -W ignore:setup.py install is deprecated setup.py egg_info --egg-base ../../../build/scene_interpreter build --build-base /home/dvij/ee206-project/ping-pong-robot/vision_tracking/build/scene_interpreter/build install --record /home/dvij/ee206-project/ping-pong-robot/vision_tracking/build/scene_interpreter/install.log --single-version-externally-managed install_data
[0.701s] running egg_info
[0.702s] writing ../../../build/scene_interpreter/scene_interpreter.egg-info/PKG-INFO
[0.702s] writing dependency_links to ../../../build/scene_interpreter/scene_interpreter.egg-info/dependency_links.txt
[0.702s] writing entry points to ../../../build/scene_interpreter/scene_interpreter.egg-info/entry_points.txt
[0.702s] writing requirements to ../../../build/scene_interpreter/scene_interpreter.egg-info/requires.txt
[0.702s] writing top-level names to ../../../build/scene_interpreter/scene_interpreter.egg-info/top_level.txt
[0.704s] reading manifest file '../../../build/scene_interpreter/scene_interpreter.egg-info/SOURCES.txt'
[0.704s] writing manifest file '../../../build/scene_interpreter/scene_interpreter.egg-info/SOURCES.txt'
[0.704s] running build
[0.704s] running build_py
[0.704s] copying scene_interpreter/mujoco_env_only_kuka.py -> /home/dvij/ee206-project/ping-pong-robot/vision_tracking/build/scene_interpreter/build/lib/scene_interpreter
[0.705s] running install
[0.705s] running install_lib
[0.706s] copying /home/dvij/ee206-project/ping-pong-robot/vision_tracking/build/scene_interpreter/build/lib/scene_interpreter/mujoco_env_only_kuka.py -> /home/dvij/ee206-project/ping-pong-robot/vision_tracking/install/scene_interpreter/lib/python3.8/site-packages/scene_interpreter
[0.706s] byte-compiling /home/dvij/ee206-project/ping-pong-robot/vision_tracking/install/scene_interpreter/lib/python3.8/site-packages/scene_interpreter/mujoco_env_only_kuka.py to mujoco_env_only_kuka.cpython-38.pyc
[0.707s] running install_data
[0.708s] running install_egg_info
[0.708s] removing '/home/dvij/ee206-project/ping-pong-robot/vision_tracking/install/scene_interpreter/lib/python3.8/site-packages/scene_interpreter-0.0.0-py3.8.egg-info' (and everything under it)
[0.708s] Copying ../../../build/scene_interpreter/scene_interpreter.egg-info to /home/dvij/ee206-project/ping-pong-robot/vision_tracking/install/scene_interpreter/lib/python3.8/site-packages/scene_interpreter-0.0.0-py3.8.egg-info
[0.709s] running install_scripts
[0.720s] Installing ball_pub_ros2 script to /home/dvij/ee206-project/ping-pong-robot/vision_tracking/install/scene_interpreter/lib/scene_interpreter
[0.720s] Installing mujoco_sim_mod script to /home/dvij/ee206-project/ping-pong-robot/vision_tracking/install/scene_interpreter/lib/scene_interpreter
[0.720s] Installing scene_interpreter script to /home/dvij/ee206-project/ping-pong-robot/vision_tracking/install/scene_interpreter/lib/scene_interpreter
[0.720s] writing list of installed files to '/home/dvij/ee206-project/ping-pong-robot/vision_tracking/build/scene_interpreter/install.log'
[0.732s] Invoked command in '/home/dvij/ee206-project/ping-pong-robot/vision_tracking/ros2_ws/src/scene_interpreter' returned '0': PYTHONPATH=/home/dvij/ee206-project/ping-pong-robot/vision_tracking/build/scene_interpreter/prefix_override:/usr/lib/python3/dist-packages/colcon_core/task/python/colcon_distutils_commands:/home/dvij/ee206-project/ping-pong-robot/vision_tracking/install/scene_interpreter/lib/python3.8/site-packages:${PYTHONPATH} /usr/bin/python3 -W ignore:setup.py install is deprecated setup.py egg_info --egg-base ../../../build/scene_interpreter build --build-base /home/dvij/ee206-project/ping-pong-robot/vision_tracking/build/scene_interpreter/build install --record /home/dvij/ee206-project/ping-pong-robot/vision_tracking/build/scene_interpreter/install.log --single-version-externally-managed install_data
