/home/dvij/.local/lib/python3.8/site-packages/setuptools/dist.py:717: UserWarning: Usage of dash-separated 'script-dir' will not be supported in future versions. Please use the underscore name 'script_dir' instead
  warnings.warn(
running egg_info
writing ../../build/robot_control/robot_control.egg-info/PKG-INFO
writing dependency_links to ../../build/robot_control/robot_control.egg-info/dependency_links.txt
writing entry points to ../../build/robot_control/robot_control.egg-info/entry_points.txt
writing requirements to ../../build/robot_control/robot_control.egg-info/requires.txt
writing top-level names to ../../build/robot_control/robot_control.egg-info/top_level.txt
reading manifest file '../../build/robot_control/robot_control.egg-info/SOURCES.txt'
writing manifest file '../../build/robot_control/robot_control.egg-info/SOURCES.txt'
running build
running build_py
running install
running install_lib
running install_data
running install_egg_info
removing '/home/dvij/ee206-project/ping-pong-robot/robot_ros2/install/robot_control/lib/python3.8/site-packages/robot_control-0.0.0-py3.8.egg-info' (and everything under it)
Copying ../../build/robot_control/robot_control.egg-info to /home/dvij/ee206-project/ping-pong-robot/robot_ros2/install/robot_control/lib/python3.8/site-packages/robot_control-0.0.0-py3.8.egg-info
running install_scripts
Installing robot_control script to /home/dvij/ee206-project/ping-pong-robot/robot_ros2/install/robot_control/lib/robot_control
writing list of installed files to '/home/dvij/ee206-project/ping-pong-robot/robot_ros2/build/robot_control/install.log'
