[0.641s] Invoking command in '/home/dvij/ee206-project/ping-pong-robot/robot_ros2/src/robot_control': PYTHONPATH=/home/dvij/ee206-project/ping-pong-robot/robot_ros2/build/robot_control/prefix_override:/usr/lib/python3/dist-packages/colcon_core/task/python/colcon_distutils_commands:/home/dvij/ee206-project/ping-pong-robot/robot_ros2/install/robot_control/lib/python3.8/site-packages:${PYTHONPATH} /usr/bin/python3 -W ignore:setup.py install is deprecated setup.py egg_info --egg-base ../../build/robot_control build --build-base /home/dvij/ee206-project/ping-pong-robot/robot_ros2/build/robot_control/build install --record /home/dvij/ee206-project/ping-pong-robot/robot_ros2/build/robot_control/install.log --install-scripts $base/lib/robot_control --single-version-externally-managed install_data
[0.766s] /home/dvij/.local/lib/python3.8/site-packages/setuptools/dist.py:717: UserWarning: Usage of dash-separated 'script-dir' will not be supported in future versions. Please use the underscore name 'script_dir' instead
[0.766s]   warnings.warn(
[0.780s] running egg_info
[0.780s] writing ../../build/robot_control/robot_control.egg-info/PKG-INFO
[0.780s] writing dependency_links to ../../build/robot_control/robot_control.egg-info/dependency_links.txt
[0.780s] writing entry points to ../../build/robot_control/robot_control.egg-info/entry_points.txt
[0.780s] writing requirements to ../../build/robot_control/robot_control.egg-info/requires.txt
[0.780s] writing top-level names to ../../build/robot_control/robot_control.egg-info/top_level.txt
[0.782s] reading manifest file '../../build/robot_control/robot_control.egg-info/SOURCES.txt'
[0.782s] writing manifest file '../../build/robot_control/robot_control.egg-info/SOURCES.txt'
[0.782s] running build
[0.783s] running build_py
[0.783s] running install
[0.783s] running install_lib
[0.784s] running install_data
[0.784s] running install_egg_info
[0.785s] removing '/home/dvij/ee206-project/ping-pong-robot/robot_ros2/install/robot_control/lib/python3.8/site-packages/robot_control-0.0.0-py3.8.egg-info' (and everything under it)
[0.785s] Copying ../../build/robot_control/robot_control.egg-info to /home/dvij/ee206-project/ping-pong-robot/robot_ros2/install/robot_control/lib/python3.8/site-packages/robot_control-0.0.0-py3.8.egg-info
[0.786s] running install_scripts
[0.795s] Installing robot_control script to /home/dvij/ee206-project/ping-pong-robot/robot_ros2/install/robot_control/lib/robot_control
[0.795s] writing list of installed files to '/home/dvij/ee206-project/ping-pong-robot/robot_ros2/build/robot_control/install.log'
[0.806s] Invoked command in '/home/dvij/ee206-project/ping-pong-robot/robot_ros2/src/robot_control' returned '0': PYTHONPATH=/home/dvij/ee206-project/ping-pong-robot/robot_ros2/build/robot_control/prefix_override:/usr/lib/python3/dist-packages/colcon_core/task/python/colcon_distutils_commands:/home/dvij/ee206-project/ping-pong-robot/robot_ros2/install/robot_control/lib/python3.8/site-packages:${PYTHONPATH} /usr/bin/python3 -W ignore:setup.py install is deprecated setup.py egg_info --egg-base ../../build/robot_control build --build-base /home/dvij/ee206-project/ping-pong-robot/robot_ros2/build/robot_control/build install --record /home/dvij/ee206-project/ping-pong-robot/robot_ros2/build/robot_control/install.log --install-scripts $base/lib/robot_control --single-version-externally-managed install_data
