[0.882s] Invoking command in '/home/pingpongproject/code/ping-pong-robot/lbr_fri_ros2_stack_ws_foxy2/src/lbr_fri_ros2_stack/control/workspace_controller': PYTHONPATH=/home/pingpongproject/code/ping-pong-robot/lbr_fri_ros2_stack_ws_foxy2/build/workspace_controller/prefix_override:/home/pingpongproject/code/ping-pong-robot/lbr_fri_ros2_stack_ws_foxy2/install/workspace_controller/lib/python3.8/site-packages:${PYTHONPATH} /usr/bin/python3 setup.py egg_info --egg-base ../../../../build/workspace_controller build --build-base /home/pingpongproject/code/ping-pong-robot/lbr_fri_ros2_stack_ws_foxy2/build/workspace_controller/build install --record /home/pingpongproject/code/ping-pong-robot/lbr_fri_ros2_stack_ws_foxy2/build/workspace_controller/install.log --install-scripts $base/lib/workspace_controller --single-version-externally-managed
[1.093s] running egg_info
[1.093s] writing ../../../../build/workspace_controller/workspace_controller.egg-info/PKG-INFO
[1.093s] writing dependency_links to ../../../../build/workspace_controller/workspace_controller.egg-info/dependency_links.txt
[1.093s] writing entry points to ../../../../build/workspace_controller/workspace_controller.egg-info/entry_points.txt
[1.093s] writing requirements to ../../../../build/workspace_controller/workspace_controller.egg-info/requires.txt
[1.093s] writing top-level names to ../../../../build/workspace_controller/workspace_controller.egg-info/top_level.txt
[1.454s] reading manifest file '../../../../build/workspace_controller/workspace_controller.egg-info/SOURCES.txt'
[1.455s] writing manifest file '../../../../build/workspace_controller/workspace_controller.egg-info/SOURCES.txt'
[1.455s] running build
[1.455s] running build_py
[1.455s] copying workspace_controller/ik_controller.py -> /home/pingpongproject/code/ping-pong-robot/lbr_fri_ros2_stack_ws_foxy2/build/workspace_controller/build/lib/workspace_controller
[1.455s] copying workspace_controller/control_node.py -> /home/pingpongproject/code/ping-pong-robot/lbr_fri_ros2_stack_ws_foxy2/build/workspace_controller/build/lib/workspace_controller
[1.456s] running install
[1.457s] running install_lib
[1.458s] copying /home/pingpongproject/code/ping-pong-robot/lbr_fri_ros2_stack_ws_foxy2/build/workspace_controller/build/lib/workspace_controller/ik_controller.py -> /home/pingpongproject/code/ping-pong-robot/lbr_fri_ros2_stack_ws_foxy2/install/workspace_controller/lib/python3.8/site-packages/workspace_controller
[1.458s] copying /home/pingpongproject/code/ping-pong-robot/lbr_fri_ros2_stack_ws_foxy2/build/workspace_controller/build/lib/workspace_controller/control_node.py -> /home/pingpongproject/code/ping-pong-robot/lbr_fri_ros2_stack_ws_foxy2/install/workspace_controller/lib/python3.8/site-packages/workspace_controller
[1.459s] byte-compiling /home/pingpongproject/code/ping-pong-robot/lbr_fri_ros2_stack_ws_foxy2/install/workspace_controller/lib/python3.8/site-packages/workspace_controller/ik_controller.py to ik_controller.cpython-38.pyc
[1.460s] byte-compiling /home/pingpongproject/code/ping-pong-robot/lbr_fri_ros2_stack_ws_foxy2/install/workspace_controller/lib/python3.8/site-packages/workspace_controller/control_node.py to control_node.cpython-38.pyc
[1.460s] running install_data
[1.461s] running install_egg_info
[1.462s] removing '/home/pingpongproject/code/ping-pong-robot/lbr_fri_ros2_stack_ws_foxy2/install/workspace_controller/lib/python3.8/site-packages/workspace_controller-0.0.0-py3.8.egg-info' (and everything under it)
[1.462s] Copying ../../../../build/workspace_controller/workspace_controller.egg-info to /home/pingpongproject/code/ping-pong-robot/lbr_fri_ros2_stack_ws_foxy2/install/workspace_controller/lib/python3.8/site-packages/workspace_controller-0.0.0-py3.8.egg-info
[1.462s] running install_scripts
[1.479s] Installing control_node script to /home/pingpongproject/code/ping-pong-robot/lbr_fri_ros2_stack_ws_foxy2/install/workspace_controller/lib/workspace_controller
[1.479s] writing list of installed files to '/home/pingpongproject/code/ping-pong-robot/lbr_fri_ros2_stack_ws_foxy2/build/workspace_controller/install.log'
[1.506s] Invoked command in '/home/pingpongproject/code/ping-pong-robot/lbr_fri_ros2_stack_ws_foxy2/src/lbr_fri_ros2_stack/control/workspace_controller' returned '0': PYTHONPATH=/home/pingpongproject/code/ping-pong-robot/lbr_fri_ros2_stack_ws_foxy2/build/workspace_controller/prefix_override:/home/pingpongproject/code/ping-pong-robot/lbr_fri_ros2_stack_ws_foxy2/install/workspace_controller/lib/python3.8/site-packages:${PYTHONPATH} /usr/bin/python3 setup.py egg_info --egg-base ../../../../build/workspace_controller build --build-base /home/pingpongproject/code/ping-pong-robot/lbr_fri_ros2_stack_ws_foxy2/build/workspace_controller/build install --record /home/pingpongproject/code/ping-pong-robot/lbr_fri_ros2_stack_ws_foxy2/build/workspace_controller/install.log --install-scripts $base/lib/workspace_controller --single-version-externally-managed
