[1.347s] Invoking command in '/home/pingpongproject/code/ping-pong-robot/lbr_fri_ros2_stack_ws_foxy2/build/fri_vendor': CMAKE_PREFIX_PATH=${CMAKE_PREFIX_PATH}:/home/pingpongproject/code/ping-pong-robot/lbr_fri_ros2_stack_ws_foxy2/install/workspace_controller:/home/pingpongproject/code/ping-pong-robot/lbr_fri_ros2_stack_ws_foxy2/install/lbr_demos_ros2_control_python:/home/pingpongproject/code/ping-pong-robot/lbr_fri_ros2_stack_ws_foxy2/install/lbr_demos_fri_ros2_python:/home/pingpongproject/code/ping-pong-robot/lbr_fri_ros2_stack_ws_foxy2/install/lbr_demos_fri_ros2_advanced_python:/opt/ros/foxy /home/pingpongproject/.local/bin/cmake --build /home/pingpongproject/code/ping-pong-robot/lbr_fri_ros2_stack_ws_foxy2/build/fri_vendor -- -j20 -l20
[1.897s] [ 12%] [34m[1mPerforming update step for 'FRIClient'[0m
[1.899s] [ 25%] [34m[1mNo patch step for 'FRIClient'[0m
[1.900s] [ 37%] [34m[1mPerforming configure step for 'FRIClient'[0m
[1.901s] -- Configuring FRIClient version 
[1.901s] -- Configuring done (0.0s)
[1.901s] [0mFound nanopb of version: 0.2.8[0m
[1.901s] [0mFound FRIClient of version: 1.15[0m
[1.901s] -- Generating done (0.0s)
[1.901s] -- Build files have been written to: /home/pingpongproject/code/ping-pong-robot/lbr_fri_ros2_stack_ws_foxy2/build/fri_vendor/FRIClient-prefix/src/FRIClient-build
[1.917s] [ 50%] [34m[1mPerforming build step for 'FRIClient'[0m
[1.950s] [100%] Built target FRIClient
[1.966s] [ 62%] [34m[1mPerforming install step for 'FRIClient'[0m
[1.996s] [100%] Built target FRIClient
[2.014s] [36mInstall the project...[0m
[2.020s] -- Install configuration: ""
[2.021s] -- Up-to-date: /home/pingpongproject/code/ping-pong-robot/lbr_fri_ros2_stack_ws_foxy2/build/fri_vendor/fri_vendor_install/lib/libFRIClient.so
[2.021s] -- Up-to-date: /home/pingpongproject/code/ping-pong-robot/lbr_fri_ros2_stack_ws_foxy2/build/fri_vendor/fri_vendor_install/include
[2.021s] -- Up-to-date: /home/pingpongproject/code/ping-pong-robot/lbr_fri_ros2_stack_ws_foxy2/build/fri_vendor/fri_vendor_install/include/friTransformationClient.h
[2.021s] -- Up-to-date: /home/pingpongproject/code/ping-pong-robot/lbr_fri_ros2_stack_ws_foxy2/build/fri_vendor/fri_vendor_install/include/friClientApplication.h
[2.021s] -- Up-to-date: /home/pingpongproject/code/ping-pong-robot/lbr_fri_ros2_stack_ws_foxy2/build/fri_vendor/fri_vendor_install/include/friLBRState.h
[2.022s] -- Up-to-date: /home/pingpongproject/code/ping-pong-robot/lbr_fri_ros2_stack_ws_foxy2/build/fri_vendor/fri_vendor_install/include/friLBRClient.h
[2.022s] -- Up-to-date: /home/pingpongproject/code/ping-pong-robot/lbr_fri_ros2_stack_ws_foxy2/build/fri_vendor/fri_vendor_install/include/friConnectionIf.h
[2.022s] -- Up-to-date: /home/pingpongproject/code/ping-pong-robot/lbr_fri_ros2_stack_ws_foxy2/build/fri_vendor/fri_vendor_install/include/friClientIf.h
[2.022s] -- Up-to-date: /home/pingpongproject/code/ping-pong-robot/lbr_fri_ros2_stack_ws_foxy2/build/fri_vendor/fri_vendor_install/include/friUdpConnection.h
[2.022s] -- Up-to-date: /home/pingpongproject/code/ping-pong-robot/lbr_fri_ros2_stack_ws_foxy2/build/fri_vendor/fri_vendor_install/include/friException.h
[2.022s] -- Up-to-date: /home/pingpongproject/code/ping-pong-robot/lbr_fri_ros2_stack_ws_foxy2/build/fri_vendor/fri_vendor_install/include/friLBRCommand.h
[2.022s] -- Up-to-date: /home/pingpongproject/code/ping-pong-robot/lbr_fri_ros2_stack_ws_foxy2/build/fri_vendor/fri_vendor_install/lib/cmake/FRIClient/FRIClientConfig.cmake
[2.022s] -- Up-to-date: /home/pingpongproject/code/ping-pong-robot/lbr_fri_ros2_stack_ws_foxy2/build/fri_vendor/fri_vendor_install/lib/cmake/FRIClient/FRIClientConfig-noconfig.cmake
[2.022s] -- Up-to-date: /home/pingpongproject/code/ping-pong-robot/lbr_fri_ros2_stack_ws_foxy2/build/fri_vendor/fri_vendor_install/lib/cmake/FRIClient/FRIClientConfigVersion.cmake
[2.032s] [ 75%] [34m[1mCompleted 'FRIClient'[0m
[2.055s] [100%] Built target FRIClient
[2.097s] Invoked command in '/home/pingpongproject/code/ping-pong-robot/lbr_fri_ros2_stack_ws_foxy2/build/fri_vendor' returned '0': CMAKE_PREFIX_PATH=${CMAKE_PREFIX_PATH}:/home/pingpongproject/code/ping-pong-robot/lbr_fri_ros2_stack_ws_foxy2/install/workspace_controller:/home/pingpongproject/code/ping-pong-robot/lbr_fri_ros2_stack_ws_foxy2/install/lbr_demos_ros2_control_python:/home/pingpongproject/code/ping-pong-robot/lbr_fri_ros2_stack_ws_foxy2/install/lbr_demos_fri_ros2_python:/home/pingpongproject/code/ping-pong-robot/lbr_fri_ros2_stack_ws_foxy2/install/lbr_demos_fri_ros2_advanced_python:/opt/ros/foxy /home/pingpongproject/.local/bin/cmake --build /home/pingpongproject/code/ping-pong-robot/lbr_fri_ros2_stack_ws_foxy2/build/fri_vendor -- -j20 -l20
[3.115s] Invoking command in '/home/pingpongproject/code/ping-pong-robot/lbr_fri_ros2_stack_ws_foxy2/build/fri_vendor': CMAKE_PREFIX_PATH=${CMAKE_PREFIX_PATH}:/home/pingpongproject/code/ping-pong-robot/lbr_fri_ros2_stack_ws_foxy2/install/workspace_controller:/home/pingpongproject/code/ping-pong-robot/lbr_fri_ros2_stack_ws_foxy2/install/lbr_demos_ros2_control_python:/home/pingpongproject/code/ping-pong-robot/lbr_fri_ros2_stack_ws_foxy2/install/lbr_demos_fri_ros2_python:/home/pingpongproject/code/ping-pong-robot/lbr_fri_ros2_stack_ws_foxy2/install/lbr_demos_fri_ros2_advanced_python:/opt/ros/foxy /home/pingpongproject/.local/bin/cmake --install /home/pingpongproject/code/ping-pong-robot/lbr_fri_ros2_stack_ws_foxy2/build/fri_vendor
[3.187s] -- Install configuration: "Release"
[3.187s] -- Execute custom install script
[3.188s] -- Up-to-date symlink: /home/pingpongproject/code/ping-pong-robot/lbr_fri_ros2_stack_ws_foxy2/install/fri_vendor/include/friClientApplication.h
[3.188s] -- Up-to-date symlink: /home/pingpongproject/code/ping-pong-robot/lbr_fri_ros2_stack_ws_foxy2/install/fri_vendor/include/friClientIf.h
[3.189s] -- Up-to-date symlink: /home/pingpongproject/code/ping-pong-robot/lbr_fri_ros2_stack_ws_foxy2/install/fri_vendor/include/friConnectionIf.h
[3.190s] -- Up-to-date symlink: /home/pingpongproject/code/ping-pong-robot/lbr_fri_ros2_stack_ws_foxy2/install/fri_vendor/include/friException.h
[3.190s] -- Up-to-date symlink: /home/pingpongproject/code/ping-pong-robot/lbr_fri_ros2_stack_ws_foxy2/install/fri_vendor/include/friLBRClient.h
[3.190s] -- Up-to-date symlink: /home/pingpongproject/code/ping-pong-robot/lbr_fri_ros2_stack_ws_foxy2/install/fri_vendor/include/friLBRCommand.h
[3.190s] -- Up-to-date symlink: /home/pingpongproject/code/ping-pong-robot/lbr_fri_ros2_stack_ws_foxy2/install/fri_vendor/include/friLBRState.h
[3.191s] -- Up-to-date symlink: /home/pingpongproject/code/ping-pong-robot/lbr_fri_ros2_stack_ws_foxy2/install/fri_vendor/include/friTransformationClient.h
[3.191s] -- Up-to-date symlink: /home/pingpongproject/code/ping-pong-robot/lbr_fri_ros2_stack_ws_foxy2/install/fri_vendor/include/friUdpConnection.h
[3.191s] -- Up-to-date symlink: /home/pingpongproject/code/ping-pong-robot/lbr_fri_ros2_stack_ws_foxy2/install/fri_vendor/lib/cmake/FRIClient/FRIClientConfig-noconfig.cmake
[3.191s] -- Up-to-date symlink: /home/pingpongproject/code/ping-pong-robot/lbr_fri_ros2_stack_ws_foxy2/install/fri_vendor/lib/cmake/FRIClient/FRIClientConfig.cmake
[3.192s] -- Up-to-date symlink: /home/pingpongproject/code/ping-pong-robot/lbr_fri_ros2_stack_ws_foxy2/install/fri_vendor/lib/cmake/FRIClient/FRIClientConfigVersion.cmake
[3.192s] -- Up-to-date symlink: /home/pingpongproject/code/ping-pong-robot/lbr_fri_ros2_stack_ws_foxy2/install/fri_vendor/lib/libFRIClient.so
[3.192s] -- Up-to-date symlink: /home/pingpongproject/code/ping-pong-robot/lbr_fri_ros2_stack_ws_foxy2/install/fri_vendor/share/ament_index/resource_index/package_run_dependencies/fri_vendor
[3.192s] -- Up-to-date symlink: /home/pingpongproject/code/ping-pong-robot/lbr_fri_ros2_stack_ws_foxy2/install/fri_vendor/share/ament_index/resource_index/parent_prefix_path/fri_vendor
[3.192s] -- Up-to-date symlink: /home/pingpongproject/code/ping-pong-robot/lbr_fri_ros2_stack_ws_foxy2/install/fri_vendor/share/fri_vendor/environment/ament_prefix_path.sh
[3.192s] -- Up-to-date symlink: /home/pingpongproject/code/ping-pong-robot/lbr_fri_ros2_stack_ws_foxy2/install/fri_vendor/share/fri_vendor/environment/ament_prefix_path.dsv
[3.192s] -- Up-to-date symlink: /home/pingpongproject/code/ping-pong-robot/lbr_fri_ros2_stack_ws_foxy2/install/fri_vendor/share/fri_vendor/environment/path.sh
[3.192s] -- Up-to-date symlink: /home/pingpongproject/code/ping-pong-robot/lbr_fri_ros2_stack_ws_foxy2/install/fri_vendor/share/fri_vendor/environment/path.dsv
[3.192s] -- Up-to-date symlink: /home/pingpongproject/code/ping-pong-robot/lbr_fri_ros2_stack_ws_foxy2/install/fri_vendor/share/fri_vendor/local_setup.bash
[3.192s] -- Up-to-date symlink: /home/pingpongproject/code/ping-pong-robot/lbr_fri_ros2_stack_ws_foxy2/install/fri_vendor/share/fri_vendor/local_setup.sh
[3.192s] -- Up-to-date symlink: /home/pingpongproject/code/ping-pong-robot/lbr_fri_ros2_stack_ws_foxy2/install/fri_vendor/share/fri_vendor/local_setup.zsh
[3.193s] -- Up-to-date symlink: /home/pingpongproject/code/ping-pong-robot/lbr_fri_ros2_stack_ws_foxy2/install/fri_vendor/share/fri_vendor/local_setup.dsv
[3.193s] -- Symlinking: /home/pingpongproject/code/ping-pong-robot/lbr_fri_ros2_stack_ws_foxy2/install/fri_vendor/share/fri_vendor/package.dsv
[3.196s] -- Up-to-date symlink: /home/pingpongproject/code/ping-pong-robot/lbr_fri_ros2_stack_ws_foxy2/install/fri_vendor/share/ament_index/resource_index/packages/fri_vendor
[3.196s] -- Up-to-date symlink: /home/pingpongproject/code/ping-pong-robot/lbr_fri_ros2_stack_ws_foxy2/install/fri_vendor/share/fri_vendor/cmake/fri_vendorConfig.cmake
[3.197s] -- Up-to-date symlink: /home/pingpongproject/code/ping-pong-robot/lbr_fri_ros2_stack_ws_foxy2/install/fri_vendor/share/fri_vendor/cmake/fri_vendorConfig-version.cmake
[3.198s] -- Up-to-date symlink: /home/pingpongproject/code/ping-pong-robot/lbr_fri_ros2_stack_ws_foxy2/install/fri_vendor/share/fri_vendor/package.xml
[3.905s] Invoked command in '/home/pingpongproject/code/ping-pong-robot/lbr_fri_ros2_stack_ws_foxy2/build/fri_vendor' returned '0': CMAKE_PREFIX_PATH=${CMAKE_PREFIX_PATH}:/home/pingpongproject/code/ping-pong-robot/lbr_fri_ros2_stack_ws_foxy2/install/workspace_controller:/home/pingpongproject/code/ping-pong-robot/lbr_fri_ros2_stack_ws_foxy2/install/lbr_demos_ros2_control_python:/home/pingpongproject/code/ping-pong-robot/lbr_fri_ros2_stack_ws_foxy2/install/lbr_demos_fri_ros2_python:/home/pingpongproject/code/ping-pong-robot/lbr_fri_ros2_stack_ws_foxy2/install/lbr_demos_fri_ros2_advanced_python:/opt/ros/foxy /home/pingpongproject/.local/bin/cmake --install /home/pingpongproject/code/ping-pong-robot/lbr_fri_ros2_stack_ws_foxy2/build/fri_vendor
