-- Found ament_cmake: 0.9.12 (/opt/ros/foxy/share/ament_cmake/cmake)
-- Using PYTHON_EXECUTABLE: /usr/bin/python3
-- Found rclcpp: 2.4.3 (/opt/ros/foxy/share/rclcpp/cmake)
-- Using all available rosidl_typesupport_c: rosidl_typesupport_fastrtps_c;rosidl_typesupport_introspection_c
-- Found rosidl_adapter: 1.3.1 (/opt/ros/foxy/share/rosidl_adapter/cmake)
-- Using all available rosidl_typesupport_cpp: rosidl_typesupport_fastrtps_cpp;rosidl_typesupport_introspection_cpp
-- Found rmw_implementation_cmake: 1.0.4 (/opt/ros/foxy/share/rmw_implementation_cmake/cmake)
-- Using RMW implementation 'rmw_fastrtps_cpp' as default
-- Found sensor_msgs: 2.0.5 (/opt/ros/foxy/share/sensor_msgs/cmake)
-- Found cv_bridge: 3.0.7 (/opt/ros/foxy/share/cv_bridge/cmake)
-- Found my_sync_package: 0.0.0 (/home/dvij/ee206-project/ping-pong-robot/ros2_ws/install/my_sync_package/share/my_sync_package/cmake)
-- Found interface: 0.0.0 (/home/dvij/ee206-project/ping-pong-robot/ros2_ws/install/interface/share/interface/cmake)
-- Configuring done (0.6s)
-- Generating done (0.0s)
-- Build files have been written to: /home/dvij/ee206-project/ping-pong-robot/ros2_ws/build/camera_feed
[ 40%] Built target synchronized_image_subscriber
[100%] Built target image_publisher
-- Install configuration: ""
-- Up-to-date: /home/dvij/ee206-project/ping-pong-robot/ros2_ws/install/camera_feed/lib/camera_feed/image_publisher
-- Up-to-date: /home/dvij/ee206-project/ping-pong-robot/ros2_ws/install/camera_feed/lib/camera_feed/synchronized_image_subscriber
-- Up-to-date: /home/dvij/ee206-project/ping-pong-robot/ros2_ws/install/camera_feed/share/camera_feed/launch
-- Up-to-date: /home/dvij/ee206-project/ping-pong-robot/ros2_ws/install/camera_feed/share/camera_feed/launch/camera_feed.py
-- Installing: /home/dvij/ee206-project/ping-pong-robot/ros2_ws/install/camera_feed/share/ament_index/resource_index/package_run_dependencies/camera_feed
-- Up-to-date: /home/dvij/ee206-project/ping-pong-robot/ros2_ws/install/camera_feed/share/ament_index/resource_index/parent_prefix_path/camera_feed
-- Up-to-date: /home/dvij/ee206-project/ping-pong-robot/ros2_ws/install/camera_feed/share/camera_feed/environment/ament_prefix_path.sh
-- Installing: /home/dvij/ee206-project/ping-pong-robot/ros2_ws/install/camera_feed/share/camera_feed/environment/ament_prefix_path.dsv
-- Up-to-date: /home/dvij/ee206-project/ping-pong-robot/ros2_ws/install/camera_feed/share/camera_feed/environment/path.sh
-- Installing: /home/dvij/ee206-project/ping-pong-robot/ros2_ws/install/camera_feed/share/camera_feed/environment/path.dsv
-- Up-to-date: /home/dvij/ee206-project/ping-pong-robot/ros2_ws/install/camera_feed/share/camera_feed/local_setup.bash
-- Up-to-date: /home/dvij/ee206-project/ping-pong-robot/ros2_ws/install/camera_feed/share/camera_feed/local_setup.sh
-- Up-to-date: /home/dvij/ee206-project/ping-pong-robot/ros2_ws/install/camera_feed/share/camera_feed/local_setup.zsh
-- Installing: /home/dvij/ee206-project/ping-pong-robot/ros2_ws/install/camera_feed/share/camera_feed/local_setup.dsv
-- Installing: /home/dvij/ee206-project/ping-pong-robot/ros2_ws/install/camera_feed/share/camera_feed/package.dsv
-- Installing: /home/dvij/ee206-project/ping-pong-robot/ros2_ws/install/camera_feed/share/ament_index/resource_index/packages/camera_feed
-- Up-to-date: /home/dvij/ee206-project/ping-pong-robot/ros2_ws/install/camera_feed/share/camera_feed/cmake/camera_feedConfig.cmake
-- Up-to-date: /home/dvij/ee206-project/ping-pong-robot/ros2_ws/install/camera_feed/share/camera_feed/cmake/camera_feedConfig-version.cmake
-- Installing: /home/dvij/ee206-project/ping-pong-robot/ros2_ws/install/camera_feed/share/camera_feed/package.xml
