[0.013s] Invoking command in '/home/dvij/ee206-project/ping-pong-robot/ros2_ws/build/camera_feed': CMAKE_PREFIX_PATH=/home/dvij/ee206-project/ping-pong-robot/ros2_ws/install/my_sync_package:/home/dvij/ee206-project/ping-pong-robot/ros2_ws/install/interface:/home/dvij/ee206-project/ping-pong-robot/ros2_ws/install/camera_feed:/home/dvij/ee206-project/ping-pong-robot/ppr_ws/install/impedance_controller:/home/dvij/ee206-project/ping-pong-robot/ppr_ws/install/iiwa_moveit2:/home/dvij/ee206-project/ping-pong-robot/ppr_ws/install/iiwa_bringup:/home/dvij/ee206-project/ping-pong-robot/ppr_ws/install/iiwa_description:/home/dvij/ee206-project/ping-pong-robot/ppr_ws/install/external_torque_sensor_broadcaster:/home/dvij/ee206-project/ping-pong-robot/ppr_ws/install/scene_interpreter:/home/dvij/ee206-project/ping-pong-robot/ppr_ws/install/camera_feed:/opt/ros/foxy:/opt/ros/galactic:/opt/ros/noetic LD_LIBRARY_PATH=/home/dvij/ee206-project/ping-pong-robot/ros2_ws/install/interface/lib:/home/dvij/ee206-project/ping-pong-robot/ppr_ws/install/impedance_controller/lib:/home/dvij/ee206-project/ping-pong-robot/ppr_ws/install/iiwa_moveit2/lib:/home/dvij/ee206-project/ping-pong-robot/ppr_ws/install/external_torque_sensor_broadcaster/lib:/opt/ros/foxy/opt/yaml_cpp_vendor/lib:/opt/ros/foxy/opt/rviz_ogre_vendor/lib:/opt/ros/foxy/lib/x86_64-linux-gnu:/opt/ros/foxy/lib:/opt/ros/galactic/opt/yaml_cpp_vendor/lib:/opt/ros/galactic/opt/rviz_ogre_vendor/lib:/opt/ros/galactic/lib/x86_64-linux-gnu:/opt/ros/galactic/lib:/opt/ros/noetic/lib:/opt/ros/noetic/lib/x86_64-linux-gnu:/home/dvij/.mpi-is/pam/install/lib:/home/dvij/.mujoco/mujoco210/bin:/usr/lib/nvidia /usr/local/bin/cmake --build /home/dvij/ee206-project/ping-pong-robot/ros2_ws/build/camera_feed -- -j20 -l20
[0.026s] -- Found ament_cmake: 0.9.12 (/opt/ros/foxy/share/ament_cmake/cmake)
[0.027s] [33mCMake Warning (dev) at /opt/ros/foxy/share/ament_cmake_core/cmake/core/python.cmake:22 (find_package):
[0.027s]   Policy CMP0148 is not set: The FindPythonInterp and FindPythonLibs modules
[0.027s]   are removed.  Run "cmake --help-policy CMP0148" for policy details.  Use
[0.027s]   the cmake_policy command to set the policy and suppress this warning.
[0.028s] 
[0.028s] Call Stack (most recent call first):
[0.028s]   /opt/ros/foxy/share/ament_cmake_core/cmake/core/all.cmake:53 (include)
[0.028s]   /opt/ros/foxy/share/ament_cmake_core/cmake/ament_cmake_core-extras.cmake:17 (include)
[0.028s]   /opt/ros/foxy/share/ament_cmake_core/cmake/ament_cmake_coreConfig.cmake:41 (include)
[0.028s]   /opt/ros/foxy/share/ament_cmake/cmake/ament_cmake_export_dependencies-extras.cmake:15 (find_package)
[0.028s]   /opt/ros/foxy/share/ament_cmake/cmake/ament_cmakeConfig.cmake:41 (include)
[0.028s]   CMakeLists.txt:8 (find_package)
[0.028s] This warning is for project developers.  Use -Wno-dev to suppress it.
[0.028s] [0m
[0.043s] -- Using PYTHON_EXECUTABLE: /usr/bin/python3
[0.182s] -- Found rclcpp: 2.4.3 (/opt/ros/foxy/share/rclcpp/cmake)
[0.201s] -- Using all available rosidl_typesupport_c: rosidl_typesupport_fastrtps_c;rosidl_typesupport_introspection_c
[0.202s] -- Found rosidl_adapter: 1.3.1 (/opt/ros/foxy/share/rosidl_adapter/cmake)
[0.279s] -- Using all available rosidl_typesupport_cpp: rosidl_typesupport_fastrtps_cpp;rosidl_typesupport_introspection_cpp
[0.302s] -- Found rmw_implementation_cmake: 1.0.4 (/opt/ros/foxy/share/rmw_implementation_cmake/cmake)
[0.303s] -- Using RMW implementation 'rmw_fastrtps_cpp' as default
[0.368s] -- Found sensor_msgs: 2.0.5 (/opt/ros/foxy/share/sensor_msgs/cmake)
[0.422s] -- Found cv_bridge: 3.0.7 (/opt/ros/foxy/share/cv_bridge/cmake)
[0.447s] -- Found my_sync_package: 0.0.0 (/home/dvij/ee206-project/ping-pong-robot/ros2_ws/install/my_sync_package/share/my_sync_package/cmake)
[0.454s] -- Found interface: 0.0.0 (/home/dvij/ee206-project/ping-pong-robot/ros2_ws/install/interface/share/interface/cmake)
[0.571s] -- Configuring done (0.6s)
[0.584s] -- Generating done (0.0s)
[0.585s] -- Build files have been written to: /home/dvij/ee206-project/ping-pong-robot/ros2_ws/build/camera_feed
[0.609s] [ 40%] Built target synchronized_image_subscriber
[0.615s] [100%] Built target image_publisher
[0.621s] Invoked command in '/home/dvij/ee206-project/ping-pong-robot/ros2_ws/build/camera_feed' returned '0': CMAKE_PREFIX_PATH=/home/dvij/ee206-project/ping-pong-robot/ros2_ws/install/my_sync_package:/home/dvij/ee206-project/ping-pong-robot/ros2_ws/install/interface:/home/dvij/ee206-project/ping-pong-robot/ros2_ws/install/camera_feed:/home/dvij/ee206-project/ping-pong-robot/ppr_ws/install/impedance_controller:/home/dvij/ee206-project/ping-pong-robot/ppr_ws/install/iiwa_moveit2:/home/dvij/ee206-project/ping-pong-robot/ppr_ws/install/iiwa_bringup:/home/dvij/ee206-project/ping-pong-robot/ppr_ws/install/iiwa_description:/home/dvij/ee206-project/ping-pong-robot/ppr_ws/install/external_torque_sensor_broadcaster:/home/dvij/ee206-project/ping-pong-robot/ppr_ws/install/scene_interpreter:/home/dvij/ee206-project/ping-pong-robot/ppr_ws/install/camera_feed:/opt/ros/foxy:/opt/ros/galactic:/opt/ros/noetic LD_LIBRARY_PATH=/home/dvij/ee206-project/ping-pong-robot/ros2_ws/install/interface/lib:/home/dvij/ee206-project/ping-pong-robot/ppr_ws/install/impedance_controller/lib:/home/dvij/ee206-project/ping-pong-robot/ppr_ws/install/iiwa_moveit2/lib:/home/dvij/ee206-project/ping-pong-robot/ppr_ws/install/external_torque_sensor_broadcaster/lib:/opt/ros/foxy/opt/yaml_cpp_vendor/lib:/opt/ros/foxy/opt/rviz_ogre_vendor/lib:/opt/ros/foxy/lib/x86_64-linux-gnu:/opt/ros/foxy/lib:/opt/ros/galactic/opt/yaml_cpp_vendor/lib:/opt/ros/galactic/opt/rviz_ogre_vendor/lib:/opt/ros/galactic/lib/x86_64-linux-gnu:/opt/ros/galactic/lib:/opt/ros/noetic/lib:/opt/ros/noetic/lib/x86_64-linux-gnu:/home/dvij/.mpi-is/pam/install/lib:/home/dvij/.mujoco/mujoco210/bin:/usr/lib/nvidia /usr/local/bin/cmake --build /home/dvij/ee206-project/ping-pong-robot/ros2_ws/build/camera_feed -- -j20 -l20
[0.724s] Invoking command in '/home/dvij/ee206-project/ping-pong-robot/ros2_ws/build/camera_feed': CMAKE_PREFIX_PATH=/home/dvij/ee206-project/ping-pong-robot/ros2_ws/install/my_sync_package:/home/dvij/ee206-project/ping-pong-robot/ros2_ws/install/interface:/home/dvij/ee206-project/ping-pong-robot/ros2_ws/install/camera_feed:/home/dvij/ee206-project/ping-pong-robot/ppr_ws/install/impedance_controller:/home/dvij/ee206-project/ping-pong-robot/ppr_ws/install/iiwa_moveit2:/home/dvij/ee206-project/ping-pong-robot/ppr_ws/install/iiwa_bringup:/home/dvij/ee206-project/ping-pong-robot/ppr_ws/install/iiwa_description:/home/dvij/ee206-project/ping-pong-robot/ppr_ws/install/external_torque_sensor_broadcaster:/home/dvij/ee206-project/ping-pong-robot/ppr_ws/install/scene_interpreter:/home/dvij/ee206-project/ping-pong-robot/ppr_ws/install/camera_feed:/opt/ros/foxy:/opt/ros/galactic:/opt/ros/noetic LD_LIBRARY_PATH=/home/dvij/ee206-project/ping-pong-robot/ros2_ws/install/interface/lib:/home/dvij/ee206-project/ping-pong-robot/ppr_ws/install/impedance_controller/lib:/home/dvij/ee206-project/ping-pong-robot/ppr_ws/install/iiwa_moveit2/lib:/home/dvij/ee206-project/ping-pong-robot/ppr_ws/install/external_torque_sensor_broadcaster/lib:/opt/ros/foxy/opt/yaml_cpp_vendor/lib:/opt/ros/foxy/opt/rviz_ogre_vendor/lib:/opt/ros/foxy/lib/x86_64-linux-gnu:/opt/ros/foxy/lib:/opt/ros/galactic/opt/yaml_cpp_vendor/lib:/opt/ros/galactic/opt/rviz_ogre_vendor/lib:/opt/ros/galactic/lib/x86_64-linux-gnu:/opt/ros/galactic/lib:/opt/ros/noetic/lib:/opt/ros/noetic/lib/x86_64-linux-gnu:/home/dvij/.mpi-is/pam/install/lib:/home/dvij/.mujoco/mujoco210/bin:/usr/lib/nvidia /usr/local/bin/cmake --install /home/dvij/ee206-project/ping-pong-robot/ros2_ws/build/camera_feed
[0.732s] -- Install configuration: ""
[0.732s] -- Up-to-date: /home/dvij/ee206-project/ping-pong-robot/ros2_ws/install/camera_feed/lib/camera_feed/image_publisher
[0.732s] -- Up-to-date: /home/dvij/ee206-project/ping-pong-robot/ros2_ws/install/camera_feed/lib/camera_feed/synchronized_image_subscriber
[0.732s] -- Up-to-date: /home/dvij/ee206-project/ping-pong-robot/ros2_ws/install/camera_feed/share/camera_feed/launch
[0.733s] -- Up-to-date: /home/dvij/ee206-project/ping-pong-robot/ros2_ws/install/camera_feed/share/camera_feed/launch/camera_feed.py
[0.733s] -- Installing: /home/dvij/ee206-project/ping-pong-robot/ros2_ws/install/camera_feed/share/ament_index/resource_index/package_run_dependencies/camera_feed
[0.733s] -- Up-to-date: /home/dvij/ee206-project/ping-pong-robot/ros2_ws/install/camera_feed/share/ament_index/resource_index/parent_prefix_path/camera_feed
[0.733s] -- Up-to-date: /home/dvij/ee206-project/ping-pong-robot/ros2_ws/install/camera_feed/share/camera_feed/environment/ament_prefix_path.sh
[0.733s] -- Installing: /home/dvij/ee206-project/ping-pong-robot/ros2_ws/install/camera_feed/share/camera_feed/environment/ament_prefix_path.dsv
[0.733s] -- Up-to-date: /home/dvij/ee206-project/ping-pong-robot/ros2_ws/install/camera_feed/share/camera_feed/environment/path.sh
[0.733s] -- Installing: /home/dvij/ee206-project/ping-pong-robot/ros2_ws/install/camera_feed/share/camera_feed/environment/path.dsv
[0.733s] -- Up-to-date: /home/dvij/ee206-project/ping-pong-robot/ros2_ws/install/camera_feed/share/camera_feed/local_setup.bash
[0.733s] -- Up-to-date: /home/dvij/ee206-project/ping-pong-robot/ros2_ws/install/camera_feed/share/camera_feed/local_setup.sh
[0.733s] -- Up-to-date: /home/dvij/ee206-project/ping-pong-robot/ros2_ws/install/camera_feed/share/camera_feed/local_setup.zsh
[0.733s] -- Installing: /home/dvij/ee206-project/ping-pong-robot/ros2_ws/install/camera_feed/share/camera_feed/local_setup.dsv
[0.733s] -- Installing: /home/dvij/ee206-project/ping-pong-robot/ros2_ws/install/camera_feed/share/camera_feed/package.dsv
[0.733s] -- Installing: /home/dvij/ee206-project/ping-pong-robot/ros2_ws/install/camera_feed/share/ament_index/resource_index/packages/camera_feed
[0.734s] -- Up-to-date: /home/dvij/ee206-project/ping-pong-robot/ros2_ws/install/camera_feed/share/camera_feed/cmake/camera_feedConfig.cmake
[0.734s] -- Up-to-date: /home/dvij/ee206-project/ping-pong-robot/ros2_ws/install/camera_feed/share/camera_feed/cmake/camera_feedConfig-version.cmake
[0.734s] -- Installing: /home/dvij/ee206-project/ping-pong-robot/ros2_ws/install/camera_feed/share/camera_feed/package.xml
[0.735s] Invoked command in '/home/dvij/ee206-project/ping-pong-robot/ros2_ws/build/camera_feed' returned '0': CMAKE_PREFIX_PATH=/home/dvij/ee206-project/ping-pong-robot/ros2_ws/install/my_sync_package:/home/dvij/ee206-project/ping-pong-robot/ros2_ws/install/interface:/home/dvij/ee206-project/ping-pong-robot/ros2_ws/install/camera_feed:/home/dvij/ee206-project/ping-pong-robot/ppr_ws/install/impedance_controller:/home/dvij/ee206-project/ping-pong-robot/ppr_ws/install/iiwa_moveit2:/home/dvij/ee206-project/ping-pong-robot/ppr_ws/install/iiwa_bringup:/home/dvij/ee206-project/ping-pong-robot/ppr_ws/install/iiwa_description:/home/dvij/ee206-project/ping-pong-robot/ppr_ws/install/external_torque_sensor_broadcaster:/home/dvij/ee206-project/ping-pong-robot/ppr_ws/install/scene_interpreter:/home/dvij/ee206-project/ping-pong-robot/ppr_ws/install/camera_feed:/opt/ros/foxy:/opt/ros/galactic:/opt/ros/noetic LD_LIBRARY_PATH=/home/dvij/ee206-project/ping-pong-robot/ros2_ws/install/interface/lib:/home/dvij/ee206-project/ping-pong-robot/ppr_ws/install/impedance_controller/lib:/home/dvij/ee206-project/ping-pong-robot/ppr_ws/install/iiwa_moveit2/lib:/home/dvij/ee206-project/ping-pong-robot/ppr_ws/install/external_torque_sensor_broadcaster/lib:/opt/ros/foxy/opt/yaml_cpp_vendor/lib:/opt/ros/foxy/opt/rviz_ogre_vendor/lib:/opt/ros/foxy/lib/x86_64-linux-gnu:/opt/ros/foxy/lib:/opt/ros/galactic/opt/yaml_cpp_vendor/lib:/opt/ros/galactic/opt/rviz_ogre_vendor/lib:/opt/ros/galactic/lib/x86_64-linux-gnu:/opt/ros/galactic/lib:/opt/ros/noetic/lib:/opt/ros/noetic/lib/x86_64-linux-gnu:/home/dvij/.mpi-is/pam/install/lib:/home/dvij/.mujoco/mujoco210/bin:/usr/lib/nvidia /usr/local/bin/cmake --install /home/dvij/ee206-project/ping-pong-robot/ros2_ws/build/camera_feed
