[ 33%] Built target multi_publisher
[ 83%] Built target multi_subscriber
[100%] Built target example_custom_synchronizer
-- Install configuration: ""
-- Up-to-date: /home/dvij/ee206-project/ping-pong-robot/vision_tracking/install/my_sync_package/lib/my_sync_package/multi_publisher
-- Up-to-date: /home/dvij/ee206-project/ping-pong-robot/vision_tracking/install/my_sync_package/lib/my_sync_package/multi_subscriber
-- Up-to-date: /home/dvij/ee206-project/ping-pong-robot/vision_tracking/install/my_sync_package/lib/my_sync_package/example_custom_synchronizer
-- Up-to-date: /home/dvij/ee206-project/ping-pong-robot/vision_tracking/install/my_sync_package/share/my_sync_package/launch
-- Up-to-date: /home/dvij/ee206-project/ping-pong-robot/vision_tracking/install/my_sync_package/share/my_sync_package/launch/multi_publisher_synchronizer_launch.py
-- Up-to-date: /home/dvij/ee206-project/ping-pong-robot/vision_tracking/install/my_sync_package/share/ament_index/resource_index/package_run_dependencies/my_sync_package
-- Up-to-date: /home/dvij/ee206-project/ping-pong-robot/vision_tracking/install/my_sync_package/share/ament_index/resource_index/parent_prefix_path/my_sync_package
-- Up-to-date: /home/dvij/ee206-project/ping-pong-robot/vision_tracking/install/my_sync_package/share/my_sync_package/environment/ament_prefix_path.sh
-- Up-to-date: /home/dvij/ee206-project/ping-pong-robot/vision_tracking/install/my_sync_package/share/my_sync_package/environment/ament_prefix_path.dsv
-- Up-to-date: /home/dvij/ee206-project/ping-pong-robot/vision_tracking/install/my_sync_package/share/my_sync_package/environment/path.sh
-- Up-to-date: /home/dvij/ee206-project/ping-pong-robot/vision_tracking/install/my_sync_package/share/my_sync_package/environment/path.dsv
-- Up-to-date: /home/dvij/ee206-project/ping-pong-robot/vision_tracking/install/my_sync_package/share/my_sync_package/local_setup.bash
-- Up-to-date: /home/dvij/ee206-project/ping-pong-robot/vision_tracking/install/my_sync_package/share/my_sync_package/local_setup.sh
-- Up-to-date: /home/dvij/ee206-project/ping-pong-robot/vision_tracking/install/my_sync_package/share/my_sync_package/local_setup.zsh
-- Up-to-date: /home/dvij/ee206-project/ping-pong-robot/vision_tracking/install/my_sync_package/share/my_sync_package/local_setup.dsv
-- Installing: /home/dvij/ee206-project/ping-pong-robot/vision_tracking/install/my_sync_package/share/my_sync_package/package.dsv
-- Up-to-date: /home/dvij/ee206-project/ping-pong-robot/vision_tracking/install/my_sync_package/share/ament_index/resource_index/packages/my_sync_package
-- Up-to-date: /home/dvij/ee206-project/ping-pong-robot/vision_tracking/install/my_sync_package/share/my_sync_package/cmake/ament_cmake_export_dependencies-extras.cmake
-- Up-to-date: /home/dvij/ee206-project/ping-pong-robot/vision_tracking/install/my_sync_package/share/my_sync_package/cmake/my_sync_packageConfig.cmake
-- Up-to-date: /home/dvij/ee206-project/ping-pong-robot/vision_tracking/install/my_sync_package/share/my_sync_package/cmake/my_sync_packageConfig-version.cmake
-- Up-to-date: /home/dvij/ee206-project/ping-pong-robot/vision_tracking/install/my_sync_package/share/my_sync_package/package.xml
