[0.022s] Invoking command in '/home/dvij/ee206-project/ping-pong-robot/ppr_ws/build/aruco_msgs': CMAKE_PREFIX_PATH=/home/dvij/ee206-project/ping-pong-robot/ppr_ws/install/ppr_interfaces:/home/dvij/ee206-project/ping-pong-robot/ppr_ws/install/iiwa_bringup:/home/dvij/ee206-project/ping-pong-robot/ppr_ws/install/iiwa_description:/home/dvij/ee206-project/ping-pong-robot/ppr_ws/install/cv_bridge:/home/dvij/ee206-project/ping-pong-robot/ppr_ws/install/scene_visualizer:/home/dvij/ee206-project/ping-pong-robot/ppr_ws/install/scene_interpreter:/home/dvij/ee206-project/ping-pong-robot/ppr_ws/install/camera_feed:/opt/ros/noetic CONDA_PROMPT_MODIFIER=(base) /usr/local/bin/cmake /home/dvij/ee206-project/ping-pong-robot/ppr_ws/src/aruco_ros2/aruco_msgs -DCMAKE_INSTALL_PREFIX=/home/dvij/ee206-project/ping-pong-robot/ppr_ws/install/aruco_msgs
[0.168s] -- The C compiler identification is GNU 9.4.0
[0.168s] -- The CXX compiler identification is GNU 9.4.0
[0.168s] -- Detecting C compiler ABI info
[0.169s] -- Detecting C compiler ABI info - done
[0.174s] -- Check for working C compiler: /usr/bin/cc - skipped
[0.174s] -- Detecting C compile features
[0.174s] -- Detecting C compile features - done
[0.175s] -- Detecting CXX compiler ABI info
[0.222s] -- Detecting CXX compiler ABI info - done
[0.237s] -- Check for working CXX compiler: /usr/bin/c++ - skipped
[0.237s] -- Detecting CXX compile features
[0.237s] -- Detecting CXX compile features - done
[0.245s] [31mCMake Error at CMakeLists.txt:14 (find_package):
[0.245s]   By not providing "Findament_cmake.cmake" in CMAKE_MODULE_PATH this project
[0.246s]   has asked CMake to find a package configuration file provided by
[0.246s]   "ament_cmake", but CMake did not find one.
[0.246s] 
[0.246s]   Could not find a package configuration file provided by "ament_cmake" with
[0.246s]   any of the following names:
[0.246s] 
[0.246s]     ament_cmakeConfig.cmake
[0.246s]     ament_cmake-config.cmake
[0.246s] 
[0.246s]   Add the installation prefix of "ament_cmake" to CMAKE_PREFIX_PATH or set
[0.246s]   "ament_cmake_DIR" to a directory containing one of the above files.  If
[0.246s]   "ament_cmake" provides a separate development package or SDK, be sure it
[0.246s]   has been installed.
[0.246s] 
[0.246s] -- Configuring incomplete, errors occurred!
[0.246s] [0m
[0.250s] Invoked command in '/home/dvij/ee206-project/ping-pong-robot/ppr_ws/build/aruco_msgs' returned '1': CMAKE_PREFIX_PATH=/home/dvij/ee206-project/ping-pong-robot/ppr_ws/install/ppr_interfaces:/home/dvij/ee206-project/ping-pong-robot/ppr_ws/install/iiwa_bringup:/home/dvij/ee206-project/ping-pong-robot/ppr_ws/install/iiwa_description:/home/dvij/ee206-project/ping-pong-robot/ppr_ws/install/cv_bridge:/home/dvij/ee206-project/ping-pong-robot/ppr_ws/install/scene_visualizer:/home/dvij/ee206-project/ping-pong-robot/ppr_ws/install/scene_interpreter:/home/dvij/ee206-project/ping-pong-robot/ppr_ws/install/camera_feed:/opt/ros/noetic CONDA_PROMPT_MODIFIER=(base) /usr/local/bin/cmake /home/dvij/ee206-project/ping-pong-robot/ppr_ws/src/aruco_ros2/aruco_msgs -DCMAKE_INSTALL_PREFIX=/home/dvij/ee206-project/ping-pong-robot/ppr_ws/install/aruco_msgs
