[0.015s] Invoking command in '/home/dvij/learning_table_tennis_from_scratch/lbr_fri_ros2_stack_ws/build/lbr_description': CMAKE_PREFIX_PATH=/opt/ros/galactic /usr/local/bin/cmake --build /home/dvij/learning_table_tennis_from_scratch/lbr_fri_ros2_stack_ws/build/lbr_description -- -j20 -l20
[0.028s] Invoked command in '/home/dvij/learning_table_tennis_from_scratch/lbr_fri_ros2_stack_ws/build/lbr_description' returned '0': CMAKE_PREFIX_PATH=/opt/ros/galactic /usr/local/bin/cmake --build /home/dvij/learning_table_tennis_from_scratch/lbr_fri_ros2_stack_ws/build/lbr_description -- -j20 -l20
[0.061s] Invoking command in '/home/dvij/learning_table_tennis_from_scratch/lbr_fri_ros2_stack_ws/build/lbr_description': CMAKE_PREFIX_PATH=/opt/ros/galactic /usr/local/bin/cmake --install /home/dvij/learning_table_tennis_from_scratch/lbr_fri_ros2_stack_ws/build/lbr_description
[0.064s] -- Install configuration: ""
[0.064s] -- Up-to-date: /home/dvij/learning_table_tennis_from_scratch/lbr_fri_ros2_stack_ws/install/lbr_description/share/lbr_description/config
[0.064s] -- Up-to-date: /home/dvij/learning_table_tennis_from_scratch/lbr_fri_ros2_stack_ws/install/lbr_description/share/lbr_description/config/config.rviz
[0.064s] -- Up-to-date: /home/dvij/learning_table_tennis_from_scratch/lbr_fri_ros2_stack_ws/install/lbr_description/share/lbr_description/gazebo
[0.064s] -- Up-to-date: /home/dvij/learning_table_tennis_from_scratch/lbr_fri_ros2_stack_ws/install/lbr_description/share/lbr_description/gazebo/iiwa.gazebo.xacro
[0.064s] -- Up-to-date: /home/dvij/learning_table_tennis_from_scratch/lbr_fri_ros2_stack_ws/install/lbr_description/share/lbr_description/gazebo/med.gazebo.xacro
[0.064s] -- Up-to-date: /home/dvij/learning_table_tennis_from_scratch/lbr_fri_ros2_stack_ws/install/lbr_description/share/lbr_description/launch
[0.065s] -- Up-to-date: /home/dvij/learning_table_tennis_from_scratch/lbr_fri_ros2_stack_ws/install/lbr_description/share/lbr_description/launch/view_robot.launch.py
[0.065s] -- Up-to-date: /home/dvij/learning_table_tennis_from_scratch/lbr_fri_ros2_stack_ws/install/lbr_description/share/lbr_description/meshes
[0.065s] -- Up-to-date: /home/dvij/learning_table_tennis_from_scratch/lbr_fri_ros2_stack_ws/install/lbr_description/share/lbr_description/meshes/iiwa14
[0.065s] -- Up-to-date: /home/dvij/learning_table_tennis_from_scratch/lbr_fri_ros2_stack_ws/install/lbr_description/share/lbr_description/meshes/iiwa14/visual
[0.065s] -- Up-to-date: /home/dvij/learning_table_tennis_from_scratch/lbr_fri_ros2_stack_ws/install/lbr_description/share/lbr_description/meshes/iiwa14/visual/link_1.stl
[0.065s] -- Up-to-date: /home/dvij/learning_table_tennis_from_scratch/lbr_fri_ros2_stack_ws/install/lbr_description/share/lbr_description/meshes/iiwa14/visual/link_0.stl
[0.065s] -- Up-to-date: /home/dvij/learning_table_tennis_from_scratch/lbr_fri_ros2_stack_ws/install/lbr_description/share/lbr_description/meshes/iiwa14/visual/link_6.stl
[0.065s] -- Up-to-date: /home/dvij/learning_table_tennis_from_scratch/lbr_fri_ros2_stack_ws/install/lbr_description/share/lbr_description/meshes/iiwa14/visual/link_2.stl
[0.065s] -- Up-to-date: /home/dvij/learning_table_tennis_from_scratch/lbr_fri_ros2_stack_ws/install/lbr_description/share/lbr_description/meshes/iiwa14/visual/link_3.stl
[0.065s] -- Up-to-date: /home/dvij/learning_table_tennis_from_scratch/lbr_fri_ros2_stack_ws/install/lbr_description/share/lbr_description/meshes/iiwa14/visual/link_4.stl
[0.065s] -- Up-to-date: /home/dvij/learning_table_tennis_from_scratch/lbr_fri_ros2_stack_ws/install/lbr_description/share/lbr_description/meshes/iiwa14/visual/link_5.stl
[0.065s] -- Up-to-date: /home/dvij/learning_table_tennis_from_scratch/lbr_fri_ros2_stack_ws/install/lbr_description/share/lbr_description/meshes/iiwa14/visual/link_7.stl
[0.065s] -- Up-to-date: /home/dvij/learning_table_tennis_from_scratch/lbr_fri_ros2_stack_ws/install/lbr_description/share/lbr_description/meshes/iiwa14/collision
[0.065s] -- Up-to-date: /home/dvij/learning_table_tennis_from_scratch/lbr_fri_ros2_stack_ws/install/lbr_description/share/lbr_description/meshes/iiwa14/collision/link_1.stl
[0.065s] -- Up-to-date: /home/dvij/learning_table_tennis_from_scratch/lbr_fri_ros2_stack_ws/install/lbr_description/share/lbr_description/meshes/iiwa14/collision/link_0.stl
[0.065s] -- Up-to-date: /home/dvij/learning_table_tennis_from_scratch/lbr_fri_ros2_stack_ws/install/lbr_description/share/lbr_description/meshes/iiwa14/collision/link_6.stl
[0.065s] -- Up-to-date: /home/dvij/learning_table_tennis_from_scratch/lbr_fri_ros2_stack_ws/install/lbr_description/share/lbr_description/meshes/iiwa14/collision/link_2.stl
[0.065s] -- Up-to-date: /home/dvij/learning_table_tennis_from_scratch/lbr_fri_ros2_stack_ws/install/lbr_description/share/lbr_description/meshes/iiwa14/collision/link_3.stl
[0.065s] -- Up-to-date: /home/dvij/learning_table_tennis_from_scratch/lbr_fri_ros2_stack_ws/install/lbr_description/share/lbr_description/meshes/iiwa14/collision/link_4.stl
[0.065s] -- Up-to-date: /home/dvij/learning_table_tennis_from_scratch/lbr_fri_ros2_stack_ws/install/lbr_description/share/lbr_description/meshes/iiwa14/collision/link_5.stl
[0.065s] -- Up-to-date: /home/dvij/learning_table_tennis_from_scratch/lbr_fri_ros2_stack_ws/install/lbr_description/share/lbr_description/meshes/iiwa14/collision/link_7.stl
[0.065s] -- Up-to-date: /home/dvij/learning_table_tennis_from_scratch/lbr_fri_ros2_stack_ws/install/lbr_description/share/lbr_description/meshes/med7
[0.065s] -- Up-to-date: /home/dvij/learning_table_tennis_from_scratch/lbr_fri_ros2_stack_ws/install/lbr_description/share/lbr_description/meshes/med7/visual
[0.065s] -- Up-to-date: /home/dvij/learning_table_tennis_from_scratch/lbr_fri_ros2_stack_ws/install/lbr_description/share/lbr_description/meshes/med7/visual/link_1.stl
[0.065s] -- Up-to-date: /home/dvij/learning_table_tennis_from_scratch/lbr_fri_ros2_stack_ws/install/lbr_description/share/lbr_description/meshes/med7/visual/link_0.stl
[0.066s] -- Up-to-date: /home/dvij/learning_table_tennis_from_scratch/lbr_fri_ros2_stack_ws/install/lbr_description/share/lbr_description/meshes/med7/visual/link_6.stl
[0.066s] -- Up-to-date: /home/dvij/learning_table_tennis_from_scratch/lbr_fri_ros2_stack_ws/install/lbr_description/share/lbr_description/meshes/med7/visual/link_2.stl
[0.066s] -- Up-to-date: /home/dvij/learning_table_tennis_from_scratch/lbr_fri_ros2_stack_ws/install/lbr_description/share/lbr_description/meshes/med7/visual/link_3.stl
[0.066s] -- Up-to-date: /home/dvij/learning_table_tennis_from_scratch/lbr_fri_ros2_stack_ws/install/lbr_description/share/lbr_description/meshes/med7/visual/link_4.stl
[0.066s] -- Up-to-date: /home/dvij/learning_table_tennis_from_scratch/lbr_fri_ros2_stack_ws/install/lbr_description/share/lbr_description/meshes/med7/visual/link_5.stl
[0.066s] -- Up-to-date: /home/dvij/learning_table_tennis_from_scratch/lbr_fri_ros2_stack_ws/install/lbr_description/share/lbr_description/meshes/med7/visual/link_7.stl
[0.066s] -- Up-to-date: /home/dvij/learning_table_tennis_from_scratch/lbr_fri_ros2_stack_ws/install/lbr_description/share/lbr_description/meshes/med7/collision
[0.066s] -- Up-to-date: /home/dvij/learning_table_tennis_from_scratch/lbr_fri_ros2_stack_ws/install/lbr_description/share/lbr_description/meshes/med7/collision/link_1.stl
[0.066s] -- Up-to-date: /home/dvij/learning_table_tennis_from_scratch/lbr_fri_ros2_stack_ws/install/lbr_description/share/lbr_description/meshes/med7/collision/link_0.stl
[0.066s] -- Up-to-date: /home/dvij/learning_table_tennis_from_scratch/lbr_fri_ros2_stack_ws/install/lbr_description/share/lbr_description/meshes/med7/collision/link_6.stl
[0.066s] -- Up-to-date: /home/dvij/learning_table_tennis_from_scratch/lbr_fri_ros2_stack_ws/install/lbr_description/share/lbr_description/meshes/med7/collision/link_2.stl
[0.066s] -- Up-to-date: /home/dvij/learning_table_tennis_from_scratch/lbr_fri_ros2_stack_ws/install/lbr_description/share/lbr_description/meshes/med7/collision/link_3.stl
[0.066s] -- Up-to-date: /home/dvij/learning_table_tennis_from_scratch/lbr_fri_ros2_stack_ws/install/lbr_description/share/lbr_description/meshes/med7/collision/link_4.stl
[0.066s] -- Up-to-date: /home/dvij/learning_table_tennis_from_scratch/lbr_fri_ros2_stack_ws/install/lbr_description/share/lbr_description/meshes/med7/collision/link_5.stl
[0.066s] -- Up-to-date: /home/dvij/learning_table_tennis_from_scratch/lbr_fri_ros2_stack_ws/install/lbr_description/share/lbr_description/meshes/med7/collision/link_7.stl
[0.066s] -- Up-to-date: /home/dvij/learning_table_tennis_from_scratch/lbr_fri_ros2_stack_ws/install/lbr_description/share/lbr_description/meshes/iiwa7
[0.066s] -- Up-to-date: /home/dvij/learning_table_tennis_from_scratch/lbr_fri_ros2_stack_ws/install/lbr_description/share/lbr_description/meshes/iiwa7/visual
[0.066s] -- Up-to-date: /home/dvij/learning_table_tennis_from_scratch/lbr_fri_ros2_stack_ws/install/lbr_description/share/lbr_description/meshes/iiwa7/visual/link_1.stl
[0.066s] -- Up-to-date: /home/dvij/learning_table_tennis_from_scratch/lbr_fri_ros2_stack_ws/install/lbr_description/share/lbr_description/meshes/iiwa7/visual/link_0.stl
[0.066s] -- Up-to-date: /home/dvij/learning_table_tennis_from_scratch/lbr_fri_ros2_stack_ws/install/lbr_description/share/lbr_description/meshes/iiwa7/visual/link_6.stl
[0.066s] -- Up-to-date: /home/dvij/learning_table_tennis_from_scratch/lbr_fri_ros2_stack_ws/install/lbr_description/share/lbr_description/meshes/iiwa7/visual/link_2.stl
[0.066s] -- Up-to-date: /home/dvij/learning_table_tennis_from_scratch/lbr_fri_ros2_stack_ws/install/lbr_description/share/lbr_description/meshes/iiwa7/visual/link_3.stl
[0.066s] -- Up-to-date: /home/dvij/learning_table_tennis_from_scratch/lbr_fri_ros2_stack_ws/install/lbr_description/share/lbr_description/meshes/iiwa7/visual/link_4.stl
[0.066s] -- Up-to-date: /home/dvij/learning_table_tennis_from_scratch/lbr_fri_ros2_stack_ws/install/lbr_description/share/lbr_description/meshes/iiwa7/visual/link_5.stl
[0.066s] -- Up-to-date: /home/dvij/learning_table_tennis_from_scratch/lbr_fri_ros2_stack_ws/install/lbr_description/share/lbr_description/meshes/iiwa7/visual/link_7.stl
[0.066s] -- Up-to-date: /home/dvij/learning_table_tennis_from_scratch/lbr_fri_ros2_stack_ws/install/lbr_description/share/lbr_description/meshes/iiwa7/collision
[0.066s] -- Up-to-date: /home/dvij/learning_table_tennis_from_scratch/lbr_fri_ros2_stack_ws/install/lbr_description/share/lbr_description/meshes/iiwa7/collision/link_1.stl
[0.066s] -- Up-to-date: /home/dvij/learning_table_tennis_from_scratch/lbr_fri_ros2_stack_ws/install/lbr_description/share/lbr_description/meshes/iiwa7/collision/link_0.stl
[0.066s] -- Up-to-date: /home/dvij/learning_table_tennis_from_scratch/lbr_fri_ros2_stack_ws/install/lbr_description/share/lbr_description/meshes/iiwa7/collision/link_6.stl
[0.067s] -- Up-to-date: /home/dvij/learning_table_tennis_from_scratch/lbr_fri_ros2_stack_ws/install/lbr_description/share/lbr_description/meshes/iiwa7/collision/link_2.stl
[0.067s] -- Up-to-date: /home/dvij/learning_table_tennis_from_scratch/lbr_fri_ros2_stack_ws/install/lbr_description/share/lbr_description/meshes/iiwa7/collision/link_3.stl
[0.067s] -- Up-to-date: /home/dvij/learning_table_tennis_from_scratch/lbr_fri_ros2_stack_ws/install/lbr_description/share/lbr_description/meshes/iiwa7/collision/link_4.stl
[0.067s] -- Up-to-date: /home/dvij/learning_table_tennis_from_scratch/lbr_fri_ros2_stack_ws/install/lbr_description/share/lbr_description/meshes/iiwa7/collision/link_5.stl
[0.067s] -- Up-to-date: /home/dvij/learning_table_tennis_from_scratch/lbr_fri_ros2_stack_ws/install/lbr_description/share/lbr_description/meshes/iiwa7/collision/link_7.stl
[0.067s] -- Up-to-date: /home/dvij/learning_table_tennis_from_scratch/lbr_fri_ros2_stack_ws/install/lbr_description/share/lbr_description/meshes/med14
[0.067s] -- Up-to-date: /home/dvij/learning_table_tennis_from_scratch/lbr_fri_ros2_stack_ws/install/lbr_description/share/lbr_description/meshes/med14/visual
[0.067s] -- Up-to-date: /home/dvij/learning_table_tennis_from_scratch/lbr_fri_ros2_stack_ws/install/lbr_description/share/lbr_description/meshes/med14/visual/link_1.stl
[0.067s] -- Up-to-date: /home/dvij/learning_table_tennis_from_scratch/lbr_fri_ros2_stack_ws/install/lbr_description/share/lbr_description/meshes/med14/visual/link_0.stl
[0.067s] -- Up-to-date: /home/dvij/learning_table_tennis_from_scratch/lbr_fri_ros2_stack_ws/install/lbr_description/share/lbr_description/meshes/med14/visual/link_6.stl
[0.067s] -- Up-to-date: /home/dvij/learning_table_tennis_from_scratch/lbr_fri_ros2_stack_ws/install/lbr_description/share/lbr_description/meshes/med14/visual/link_2.stl
[0.067s] -- Up-to-date: /home/dvij/learning_table_tennis_from_scratch/lbr_fri_ros2_stack_ws/install/lbr_description/share/lbr_description/meshes/med14/visual/link_3.stl
[0.067s] -- Up-to-date: /home/dvij/learning_table_tennis_from_scratch/lbr_fri_ros2_stack_ws/install/lbr_description/share/lbr_description/meshes/med14/visual/link_4.stl
[0.067s] -- Up-to-date: /home/dvij/learning_table_tennis_from_scratch/lbr_fri_ros2_stack_ws/install/lbr_description/share/lbr_description/meshes/med14/visual/link_5.stl
[0.067s] -- Up-to-date: /home/dvij/learning_table_tennis_from_scratch/lbr_fri_ros2_stack_ws/install/lbr_description/share/lbr_description/meshes/med14/visual/link_7.stl
[0.067s] -- Up-to-date: /home/dvij/learning_table_tennis_from_scratch/lbr_fri_ros2_stack_ws/install/lbr_description/share/lbr_description/meshes/med14/collision
[0.067s] -- Up-to-date: /home/dvij/learning_table_tennis_from_scratch/lbr_fri_ros2_stack_ws/install/lbr_description/share/lbr_description/meshes/med14/collision/link_1.stl
[0.068s] -- Up-to-date: /home/dvij/learning_table_tennis_from_scratch/lbr_fri_ros2_stack_ws/install/lbr_description/share/lbr_description/meshes/med14/collision/link_0.stl
[0.068s] -- Up-to-date: /home/dvij/learning_table_tennis_from_scratch/lbr_fri_ros2_stack_ws/install/lbr_description/share/lbr_description/meshes/med14/collision/link_6.stl
[0.068s] -- Up-to-date: /home/dvij/learning_table_tennis_from_scratch/lbr_fri_ros2_stack_ws/install/lbr_description/share/lbr_description/meshes/med14/collision/link_2.stl
[0.068s] -- Up-to-date: /home/dvij/learning_table_tennis_from_scratch/lbr_fri_ros2_stack_ws/install/lbr_description/share/lbr_description/meshes/med14/collision/link_3.stl
[0.068s] -- Up-to-date: /home/dvij/learning_table_tennis_from_scratch/lbr_fri_ros2_stack_ws/install/lbr_description/share/lbr_description/meshes/med14/collision/link_4.stl
[0.068s] -- Up-to-date: /home/dvij/learning_table_tennis_from_scratch/lbr_fri_ros2_stack_ws/install/lbr_description/share/lbr_description/meshes/med14/collision/link_5.stl
[0.068s] -- Up-to-date: /home/dvij/learning_table_tennis_from_scratch/lbr_fri_ros2_stack_ws/install/lbr_description/share/lbr_description/meshes/med14/collision/link_7.stl
[0.068s] -- Up-to-date: /home/dvij/learning_table_tennis_from_scratch/lbr_fri_ros2_stack_ws/install/lbr_description/share/lbr_description/ros2_control
[0.068s] -- Up-to-date: /home/dvij/learning_table_tennis_from_scratch/lbr_fri_ros2_stack_ws/install/lbr_description/share/lbr_description/ros2_control/lbr.ros2_control.xacro
[0.068s] -- Up-to-date: /home/dvij/learning_table_tennis_from_scratch/lbr_fri_ros2_stack_ws/install/lbr_description/share/lbr_description/urdf
[0.068s] -- Up-to-date: /home/dvij/learning_table_tennis_from_scratch/lbr_fri_ros2_stack_ws/install/lbr_description/share/lbr_description/urdf/iiwa14
[0.068s] -- Up-to-date: /home/dvij/learning_table_tennis_from_scratch/lbr_fri_ros2_stack_ws/install/lbr_description/share/lbr_description/urdf/iiwa14/iiwa14_description.urdf.xacro
[0.068s] -- Up-to-date: /home/dvij/learning_table_tennis_from_scratch/lbr_fri_ros2_stack_ws/install/lbr_description/share/lbr_description/urdf/iiwa14/iiwa14.urdf.xacro
[0.068s] -- Up-to-date: /home/dvij/learning_table_tennis_from_scratch/lbr_fri_ros2_stack_ws/install/lbr_description/share/lbr_description/urdf/med7
[0.068s] -- Up-to-date: /home/dvij/learning_table_tennis_from_scratch/lbr_fri_ros2_stack_ws/install/lbr_description/share/lbr_description/urdf/med7/med7_description.urdf.xacro
[0.068s] -- Up-to-date: /home/dvij/learning_table_tennis_from_scratch/lbr_fri_ros2_stack_ws/install/lbr_description/share/lbr_description/urdf/med7/med7.urdf.xacro
[0.068s] -- Up-to-date: /home/dvij/learning_table_tennis_from_scratch/lbr_fri_ros2_stack_ws/install/lbr_description/share/lbr_description/urdf/materials.urdf.xacro
[0.068s] -- Up-to-date: /home/dvij/learning_table_tennis_from_scratch/lbr_fri_ros2_stack_ws/install/lbr_description/share/lbr_description/urdf/iiwa7
[0.068s] -- Up-to-date: /home/dvij/learning_table_tennis_from_scratch/lbr_fri_ros2_stack_ws/install/lbr_description/share/lbr_description/urdf/iiwa7/iiwa7.urdf.xacro
[0.068s] -- Up-to-date: /home/dvij/learning_table_tennis_from_scratch/lbr_fri_ros2_stack_ws/install/lbr_description/share/lbr_description/urdf/iiwa7/iiwa7_description.urdf.xacro
[0.068s] -- Up-to-date: /home/dvij/learning_table_tennis_from_scratch/lbr_fri_ros2_stack_ws/install/lbr_description/share/lbr_description/urdf/med14
[0.068s] -- Up-to-date: /home/dvij/learning_table_tennis_from_scratch/lbr_fri_ros2_stack_ws/install/lbr_description/share/lbr_description/urdf/med14/med14_description.urdf.xacro
[0.068s] -- Up-to-date: /home/dvij/learning_table_tennis_from_scratch/lbr_fri_ros2_stack_ws/install/lbr_description/share/lbr_description/urdf/med14/med14.urdf.xacro
[0.068s] -- Up-to-date: /home/dvij/learning_table_tennis_from_scratch/lbr_fri_ros2_stack_ws/install/lbr_description/share/lbr_description/environment/lbr_description.dsv
[0.068s] -- Up-to-date: /home/dvij/learning_table_tennis_from_scratch/lbr_fri_ros2_stack_ws/install/lbr_description/share/ament_index/resource_index/package_run_dependencies/lbr_description
[0.068s] -- Up-to-date: /home/dvij/learning_table_tennis_from_scratch/lbr_fri_ros2_stack_ws/install/lbr_description/share/ament_index/resource_index/parent_prefix_path/lbr_description
[0.068s] -- Up-to-date: /home/dvij/learning_table_tennis_from_scratch/lbr_fri_ros2_stack_ws/install/lbr_description/share/lbr_description/environment/ament_prefix_path.sh
[0.068s] -- Up-to-date: /home/dvij/learning_table_tennis_from_scratch/lbr_fri_ros2_stack_ws/install/lbr_description/share/lbr_description/environment/ament_prefix_path.dsv
[0.068s] -- Up-to-date: /home/dvij/learning_table_tennis_from_scratch/lbr_fri_ros2_stack_ws/install/lbr_description/share/lbr_description/environment/path.sh
[0.069s] -- Up-to-date: /home/dvij/learning_table_tennis_from_scratch/lbr_fri_ros2_stack_ws/install/lbr_description/share/lbr_description/environment/path.dsv
[0.069s] -- Up-to-date: /home/dvij/learning_table_tennis_from_scratch/lbr_fri_ros2_stack_ws/install/lbr_description/share/lbr_description/local_setup.bash
[0.069s] -- Up-to-date: /home/dvij/learning_table_tennis_from_scratch/lbr_fri_ros2_stack_ws/install/lbr_description/share/lbr_description/local_setup.sh
[0.069s] -- Up-to-date: /home/dvij/learning_table_tennis_from_scratch/lbr_fri_ros2_stack_ws/install/lbr_description/share/lbr_description/local_setup.zsh
[0.069s] -- Up-to-date: /home/dvij/learning_table_tennis_from_scratch/lbr_fri_ros2_stack_ws/install/lbr_description/share/lbr_description/local_setup.dsv
[0.069s] -- Up-to-date: /home/dvij/learning_table_tennis_from_scratch/lbr_fri_ros2_stack_ws/install/lbr_description/share/lbr_description/package.dsv
[0.069s] -- Up-to-date: /home/dvij/learning_table_tennis_from_scratch/lbr_fri_ros2_stack_ws/install/lbr_description/share/ament_index/resource_index/packages/lbr_description
[0.069s] -- Up-to-date: /home/dvij/learning_table_tennis_from_scratch/lbr_fri_ros2_stack_ws/install/lbr_description/share/lbr_description/cmake/lbr_descriptionConfig.cmake
[0.069s] -- Up-to-date: /home/dvij/learning_table_tennis_from_scratch/lbr_fri_ros2_stack_ws/install/lbr_description/share/lbr_description/cmake/lbr_descriptionConfig-version.cmake
[0.069s] -- Up-to-date: /home/dvij/learning_table_tennis_from_scratch/lbr_fri_ros2_stack_ws/install/lbr_description/share/lbr_description/package.xml
[0.070s] Invoked command in '/home/dvij/learning_table_tennis_from_scratch/lbr_fri_ros2_stack_ws/build/lbr_description' returned '0': CMAKE_PREFIX_PATH=/opt/ros/galactic /usr/local/bin/cmake --install /home/dvij/learning_table_tennis_from_scratch/lbr_fri_ros2_stack_ws/build/lbr_description
