[0.057s] Invoking command in '/home/pingpongproject/code/ping-pong-robot/lbr_fri_ros2_stack_ws_foxy2/build/visual_servo': /home/pingpongproject/.local/bin/cmake /home/pingpongproject/code/ping-pong-robot/lbr_fri_ros2_stack_ws_foxy2/src/lbr_fri_ros2_stack/vision/visual_servo -DCMAKE_INSTALL_PREFIX=/home/pingpongproject/code/ping-pong-robot/lbr_fri_ros2_stack_ws_foxy2/install/visual_servo
[0.096s] -- The C compiler identification is GNU 9.4.0
[0.126s] -- The CXX compiler identification is GNU 9.4.0
[0.131s] -- Detecting C compiler ABI info
[0.160s] -- Detecting C compiler ABI info - done
[0.166s] -- Check for working C compiler: /usr/bin/cc - skipped
[0.166s] -- Detecting C compile features
[0.166s] -- Detecting C compile features - done
[0.168s] -- Detecting CXX compiler ABI info
[0.203s] -- Detecting CXX compiler ABI info - done
[0.209s] -- Check for working CXX compiler: /usr/bin/c++ - skipped
[0.210s] -- Detecting CXX compile features
[0.210s] -- Detecting CXX compile features - done
[0.216s] [31mCMake Error at CMakeLists.txt:19 (find_package):
[0.216s]   By not providing "Findament_cmake.cmake" in CMAKE_MODULE_PATH this project
[0.216s]   has asked CMake to find a package configuration file provided by
[0.216s]   "ament_cmake", but CMake did not find one.
[0.216s] 
[0.216s]   Could not find a package configuration file provided by "ament_cmake" with
[0.216s]   any of the following names:
[0.216s] 
[0.216s]     ament_cmakeConfig.cmake
[0.217s]     ament_cmake-config.cmake
[0.217s] 
[0.217s]   Add the installation prefix of "ament_cmake" to CMAKE_PREFIX_PATH or set
[0.217s]   "ament_cmake_DIR" to a directory containing one of the above files.  If
[0.217s]   "ament_cmake" provides a separate development package or SDK, be sure it
[0.217s]   has been installed.
[0.217s] 
[0.217s] [0m
[0.217s] -- Configuring incomplete, errors occurred!
[0.220s] Invoked command in '/home/pingpongproject/code/ping-pong-robot/lbr_fri_ros2_stack_ws_foxy2/build/visual_servo' returned '1': /home/pingpongproject/.local/bin/cmake /home/pingpongproject/code/ping-pong-robot/lbr_fri_ros2_stack_ws_foxy2/src/lbr_fri_ros2_stack/vision/visual_servo -DCMAKE_INSTALL_PREFIX=/home/pingpongproject/code/ping-pong-robot/lbr_fri_ros2_stack_ws_foxy2/install/visual_servo
