[0.022s] Invoking command in '/home/dvij/ee206-project/ping-pong-robot/ppr_ws/build/cv_bridge': CMAKE_PREFIX_PATH=/home/dvij/ee206-project/ping-pong-robot/ppr_ws/install/ppr_interfaces:/home/dvij/ee206-project/ping-pong-robot/ppr_ws/install/iiwa_bringup:/home/dvij/ee206-project/ping-pong-robot/ppr_ws/install/iiwa_description:/home/dvij/ee206-project/ping-pong-robot/ppr_ws/install/cv_bridge:/home/dvij/ee206-project/ping-pong-robot/ppr_ws/install/scene_visualizer:/home/dvij/ee206-project/ping-pong-robot/ppr_ws/install/scene_interpreter:/home/dvij/ee206-project/ping-pong-robot/ppr_ws/install/camera_feed:/opt/ros/noetic CONDA_PROMPT_MODIFIER=(base) /usr/local/bin/cmake /home/dvij/ee206-project/ping-pong-robot/ppr_ws/src/cv_bridge -DCMAKE_INSTALL_PREFIX=/home/dvij/ee206-project/ping-pong-robot/ppr_ws/install/cv_bridge
[0.169s] -- The C compiler identification is GNU 9.4.0
[0.169s] -- The CXX compiler identification is GNU 9.4.0
[0.170s] -- Detecting C compiler ABI info
[0.170s] -- Detecting C compiler ABI info - done
[0.171s] -- Check for working C compiler: /usr/bin/cc - skipped
[0.171s] -- Detecting C compile features
[0.172s] -- Detecting C compile features - done
[0.179s] -- Detecting CXX compiler ABI info
[0.224s] -- Detecting CXX compiler ABI info - done
[0.240s] -- Check for working CXX compiler: /usr/bin/c++ - skipped
[0.241s] -- Detecting CXX compile features
[0.241s] -- Detecting CXX compile features - done
[0.254s] [31mCMake Error at CMakeLists.txt:4 (find_package):
[0.254s]   By not providing "Findament_cmake_ros.cmake" in CMAKE_MODULE_PATH this
[0.254s]   project has asked CMake to find a package configuration file provided by
[0.255s]   "ament_cmake_ros", but CMake did not find one.
[0.255s] 
[0.255s]   Could not find a package configuration file provided by "ament_cmake_ros"
[0.255s]   with any of the following names:
[0.255s] 
[0.255s]     ament_cmake_rosConfig.cmake
[0.255s]     ament_cmake_ros-config.cmake
[0.255s] 
[0.255s]   Add the installation prefix of "ament_cmake_ros" to CMAKE_PREFIX_PATH or
[0.255s]   set "ament_cmake_ros_DIR" to a directory containing one of the above files.
[0.255s]   If "ament_cmake_ros" provides a separate development package or SDK, be
[0.255s]   sure it has been installed.
[0.255s] 
[0.255s] [0m
[0.255s] -- Configuring incomplete, errors occurred!
[0.263s] Invoked command in '/home/dvij/ee206-project/ping-pong-robot/ppr_ws/build/cv_bridge' returned '1': CMAKE_PREFIX_PATH=/home/dvij/ee206-project/ping-pong-robot/ppr_ws/install/ppr_interfaces:/home/dvij/ee206-project/ping-pong-robot/ppr_ws/install/iiwa_bringup:/home/dvij/ee206-project/ping-pong-robot/ppr_ws/install/iiwa_description:/home/dvij/ee206-project/ping-pong-robot/ppr_ws/install/cv_bridge:/home/dvij/ee206-project/ping-pong-robot/ppr_ws/install/scene_visualizer:/home/dvij/ee206-project/ping-pong-robot/ppr_ws/install/scene_interpreter:/home/dvij/ee206-project/ping-pong-robot/ppr_ws/install/camera_feed:/opt/ros/noetic CONDA_PROMPT_MODIFIER=(base) /usr/local/bin/cmake /home/dvij/ee206-project/ping-pong-robot/ppr_ws/src/cv_bridge -DCMAKE_INSTALL_PREFIX=/home/dvij/ee206-project/ping-pong-robot/ppr_ws/install/cv_bridge
