[0.618s] Invoking command in '/home/dvij/ee206-project/ping-pong-robot/ppr_ws/src/camera_feed': PYTHONPATH=/home/dvij/ee206-project/ping-pong-robot/ppr_ws/build/camera_feed/prefix_override:/usr/lib/python3/dist-packages/colcon_core/task/python/colcon_distutils_commands:/home/dvij/ee206-project/ping-pong-robot/ppr_ws/install/camera_feed/lib/python3.8/site-packages:${PYTHONPATH} /usr/bin/python3 -W ignore:setup.py install is deprecated setup.py egg_info --egg-base ../../build/camera_feed build --build-base /home/dvij/ee206-project/ping-pong-robot/ppr_ws/build/camera_feed/build install --record /home/dvij/ee206-project/ping-pong-robot/ppr_ws/build/camera_feed/install.log --single-version-externally-managed install_data
[0.766s] running egg_info
[0.776s] writing ../../build/camera_feed/camera_feed.egg-info/PKG-INFO
[0.776s] writing dependency_links to ../../build/camera_feed/camera_feed.egg-info/dependency_links.txt
[0.776s] writing entry points to ../../build/camera_feed/camera_feed.egg-info/entry_points.txt
[0.776s] writing requirements to ../../build/camera_feed/camera_feed.egg-info/requires.txt
[0.776s] writing top-level names to ../../build/camera_feed/camera_feed.egg-info/top_level.txt
[0.872s] reading manifest file '../../build/camera_feed/camera_feed.egg-info/SOURCES.txt'
[0.872s] writing manifest file '../../build/camera_feed/camera_feed.egg-info/SOURCES.txt'
[0.872s] running build
[0.872s] running build_py
[0.872s] copying camera_feed/train_test.py -> /home/dvij/ee206-project/ping-pong-robot/ppr_ws/build/camera_feed/build/lib/camera_feed
[0.873s] copying camera_feed/ball_state_estimator_yolo.py -> /home/dvij/ee206-project/ping-pong-robot/ppr_ws/build/camera_feed/build/lib/camera_feed
[0.873s] copying camera_feed/test.py -> /home/dvij/ee206-project/ping-pong-robot/ppr_ws/build/camera_feed/build/lib/camera_feed
[0.873s] copying camera_feed/cam_pub_copy.py -> /home/dvij/ee206-project/ping-pong-robot/ppr_ws/build/camera_feed/build/lib/camera_feed
[0.873s] copying camera_feed/calibratetest.py -> /home/dvij/ee206-project/ping-pong-robot/ppr_ws/build/camera_feed/build/lib/camera_feed
[0.873s] copying camera_feed/ball_detection_utils.py -> /home/dvij/ee206-project/ping-pong-robot/ppr_ws/build/camera_feed/build/lib/camera_feed
[0.873s] copying camera_feed/NaiveBallDetector.py -> /home/dvij/ee206-project/ping-pong-robot/ppr_ws/build/camera_feed/build/lib/camera_feed
[0.873s] copying camera_feed/HistoryBallDetector.py -> /home/dvij/ee206-project/ping-pong-robot/ppr_ws/build/camera_feed/build/lib/camera_feed
[0.873s] copying camera_feed/match_maker.py -> /home/dvij/ee206-project/ping-pong-robot/ppr_ws/build/camera_feed/build/lib/camera_feed
[0.873s] copying camera_feed/photoselction.py -> /home/dvij/ee206-project/ping-pong-robot/ppr_ws/build/camera_feed/build/lib/camera_feed
[0.873s] copying camera_feed/__init__.py -> /home/dvij/ee206-project/ping-pong-robot/ppr_ws/build/camera_feed/build/lib/camera_feed
[0.873s] copying camera_feed/DynamicHistoryBallDetector.py -> /home/dvij/ee206-project/ping-pong-robot/ppr_ws/build/camera_feed/build/lib/camera_feed
[0.873s] copying camera_feed/new_cal.py -> /home/dvij/ee206-project/ping-pong-robot/ppr_ws/build/camera_feed/build/lib/camera_feed
[0.873s] copying camera_feed/photoselection.py -> /home/dvij/ee206-project/ping-pong-robot/ppr_ws/build/camera_feed/build/lib/camera_feed
[0.873s] copying camera_feed/cam_pub.py -> /home/dvij/ee206-project/ping-pong-robot/ppr_ws/build/camera_feed/build/lib/camera_feed
[0.873s] copying camera_feed/BallDetector.py -> /home/dvij/ee206-project/ping-pong-robot/ppr_ws/build/camera_feed/build/lib/camera_feed
[0.873s] copying camera_feed/ball_state_estimator.py -> /home/dvij/ee206-project/ping-pong-robot/ppr_ws/build/camera_feed/build/lib/camera_feed
[0.874s] copying camera_feed/utils.py -> /home/dvij/ee206-project/ping-pong-robot/ppr_ws/build/camera_feed/build/lib/camera_feed
[0.874s] copying camera_feed/cam_sync_sub.py -> /home/dvij/ee206-project/ping-pong-robot/ppr_ws/build/camera_feed/build/lib/camera_feed
[0.874s] copying camera_feed/triangulation_utils.py -> /home/dvij/ee206-project/ping-pong-robot/ppr_ws/build/camera_feed/build/lib/camera_feed
[0.874s] copying camera_feed/phototaking.py -> /home/dvij/ee206-project/ping-pong-robot/ppr_ws/build/camera_feed/build/lib/camera_feed
[0.874s] copying camera_feed/cv2test.py -> /home/dvij/ee206-project/ping-pong-robot/ppr_ws/build/camera_feed/build/lib/camera_feed
[0.874s] copying camera_feed/test2.py -> /home/dvij/ee206-project/ping-pong-robot/ppr_ws/build/camera_feed/build/lib/camera_feed
[0.874s] copying camera_feed/QueueBallDetector.py -> /home/dvij/ee206-project/ping-pong-robot/ppr_ws/build/camera_feed/build/lib/camera_feed
[0.874s] copying camera_feed/scene_interpreter.py -> /home/dvij/ee206-project/ping-pong-robot/ppr_ws/build/camera_feed/build/lib/camera_feed
[0.874s] copying camera_feed/utilscopy.py -> /home/dvij/ee206-project/ping-pong-robot/ppr_ws/build/camera_feed/build/lib/camera_feed
[0.874s] running install
[0.877s] running install_lib
[0.887s] copying /home/dvij/ee206-project/ping-pong-robot/ppr_ws/build/camera_feed/build/lib/camera_feed/ball_state_estimator_yolo.py -> /home/dvij/ee206-project/ping-pong-robot/ppr_ws/install/camera_feed/lib/python3.8/site-packages/camera_feed
[0.887s] copying /home/dvij/ee206-project/ping-pong-robot/ppr_ws/build/camera_feed/build/lib/camera_feed/ball_detection_utils.py -> /home/dvij/ee206-project/ping-pong-robot/ppr_ws/install/camera_feed/lib/python3.8/site-packages/camera_feed
[0.887s] copying /home/dvij/ee206-project/ping-pong-robot/ppr_ws/build/camera_feed/build/lib/camera_feed/NaiveBallDetector.py -> /home/dvij/ee206-project/ping-pong-robot/ppr_ws/install/camera_feed/lib/python3.8/site-packages/camera_feed
[0.887s] copying /home/dvij/ee206-project/ping-pong-robot/ppr_ws/build/camera_feed/build/lib/camera_feed/HistoryBallDetector.py -> /home/dvij/ee206-project/ping-pong-robot/ppr_ws/install/camera_feed/lib/python3.8/site-packages/camera_feed
[0.887s] copying /home/dvij/ee206-project/ping-pong-robot/ppr_ws/build/camera_feed/build/lib/camera_feed/DynamicHistoryBallDetector.py -> /home/dvij/ee206-project/ping-pong-robot/ppr_ws/install/camera_feed/lib/python3.8/site-packages/camera_feed
[0.887s] copying /home/dvij/ee206-project/ping-pong-robot/ppr_ws/build/camera_feed/build/lib/camera_feed/BallDetector.py -> /home/dvij/ee206-project/ping-pong-robot/ppr_ws/install/camera_feed/lib/python3.8/site-packages/camera_feed
[0.887s] copying /home/dvij/ee206-project/ping-pong-robot/ppr_ws/build/camera_feed/build/lib/camera_feed/ball_state_estimator.py -> /home/dvij/ee206-project/ping-pong-robot/ppr_ws/install/camera_feed/lib/python3.8/site-packages/camera_feed
[0.887s] copying /home/dvij/ee206-project/ping-pong-robot/ppr_ws/build/camera_feed/build/lib/camera_feed/triangulation_utils.py -> /home/dvij/ee206-project/ping-pong-robot/ppr_ws/install/camera_feed/lib/python3.8/site-packages/camera_feed
[0.888s] copying /home/dvij/ee206-project/ping-pong-robot/ppr_ws/build/camera_feed/build/lib/camera_feed/QueueBallDetector.py -> /home/dvij/ee206-project/ping-pong-robot/ppr_ws/install/camera_feed/lib/python3.8/site-packages/camera_feed
[0.888s] copying /home/dvij/ee206-project/ping-pong-robot/ppr_ws/build/camera_feed/build/lib/camera_feed/scene_interpreter.py -> /home/dvij/ee206-project/ping-pong-robot/ppr_ws/install/camera_feed/lib/python3.8/site-packages/camera_feed
[0.888s] byte-compiling /home/dvij/ee206-project/ping-pong-robot/ppr_ws/install/camera_feed/lib/python3.8/site-packages/camera_feed/ball_state_estimator_yolo.py to ball_state_estimator_yolo.cpython-38.pyc
[0.888s] byte-compiling /home/dvij/ee206-project/ping-pong-robot/ppr_ws/install/camera_feed/lib/python3.8/site-packages/camera_feed/ball_detection_utils.py to ball_detection_utils.cpython-38.pyc
[0.889s] byte-compiling /home/dvij/ee206-project/ping-pong-robot/ppr_ws/install/camera_feed/lib/python3.8/site-packages/camera_feed/NaiveBallDetector.py to NaiveBallDetector.cpython-38.pyc
[0.890s] byte-compiling /home/dvij/ee206-project/ping-pong-robot/ppr_ws/install/camera_feed/lib/python3.8/site-packages/camera_feed/HistoryBallDetector.py to HistoryBallDetector.cpython-38.pyc
[0.890s] byte-compiling /home/dvij/ee206-project/ping-pong-robot/ppr_ws/install/camera_feed/lib/python3.8/site-packages/camera_feed/DynamicHistoryBallDetector.py to DynamicHistoryBallDetector.cpython-38.pyc
[0.890s] byte-compiling /home/dvij/ee206-project/ping-pong-robot/ppr_ws/install/camera_feed/lib/python3.8/site-packages/camera_feed/BallDetector.py to BallDetector.cpython-38.pyc
[0.890s] byte-compiling /home/dvij/ee206-project/ping-pong-robot/ppr_ws/install/camera_feed/lib/python3.8/site-packages/camera_feed/ball_state_estimator.py to ball_state_estimator.cpython-38.pyc
[0.890s] byte-compiling /home/dvij/ee206-project/ping-pong-robot/ppr_ws/install/camera_feed/lib/python3.8/site-packages/camera_feed/triangulation_utils.py to triangulation_utils.cpython-38.pyc
[0.891s] byte-compiling /home/dvij/ee206-project/ping-pong-robot/ppr_ws/install/camera_feed/lib/python3.8/site-packages/camera_feed/test2.py to test2.cpython-38.pyc
[0.891s] Sorry: IndentationError: expected an indented block (test2.py, line 29)
[0.891s] byte-compiling /home/dvij/ee206-project/ping-pong-robot/ppr_ws/install/camera_feed/lib/python3.8/site-packages/camera_feed/QueueBallDetector.py to QueueBallDetector.cpython-38.pyc
[0.891s] byte-compiling /home/dvij/ee206-project/ping-pong-robot/ppr_ws/install/camera_feed/lib/python3.8/site-packages/camera_feed/scene_interpreter.py to scene_interpreter.cpython-38.pyc
[0.891s] running install_data
[0.891s] copying resource/camera_feed -> /home/dvij/ee206-project/ping-pong-robot/ppr_ws/install/camera_feed/share/ament_index/resource_index/packages
[0.891s] copying package.xml -> /home/dvij/ee206-project/ping-pong-robot/ppr_ws/install/camera_feed/share/camera_feed
[0.892s] copying launch/camera_feed_launch.py -> /home/dvij/ee206-project/ping-pong-robot/ppr_ws/install/camera_feed/share/camera_feed
[0.892s] running install_egg_info
[0.902s] removing '/home/dvij/ee206-project/ping-pong-robot/ppr_ws/install/camera_feed/lib/python3.8/site-packages/camera_feed-0.0.0-py3.8.egg-info' (and everything under it)
[0.902s] Copying ../../build/camera_feed/camera_feed.egg-info to /home/dvij/ee206-project/ping-pong-robot/ppr_ws/install/camera_feed/lib/python3.8/site-packages/camera_feed-0.0.0-py3.8.egg-info
[0.903s] running install_scripts
[0.929s] Installing cam_pub script to /home/dvij/ee206-project/ping-pong-robot/ppr_ws/install/camera_feed/lib/camera_feed
[0.929s] Installing cam_sync_sub script to /home/dvij/ee206-project/ping-pong-robot/ppr_ws/install/camera_feed/lib/camera_feed
[0.929s] writing list of installed files to '/home/dvij/ee206-project/ping-pong-robot/ppr_ws/build/camera_feed/install.log'
[0.943s] Invoked command in '/home/dvij/ee206-project/ping-pong-robot/ppr_ws/src/camera_feed' returned '0': PYTHONPATH=/home/dvij/ee206-project/ping-pong-robot/ppr_ws/build/camera_feed/prefix_override:/usr/lib/python3/dist-packages/colcon_core/task/python/colcon_distutils_commands:/home/dvij/ee206-project/ping-pong-robot/ppr_ws/install/camera_feed/lib/python3.8/site-packages:${PYTHONPATH} /usr/bin/python3 -W ignore:setup.py install is deprecated setup.py egg_info --egg-base ../../build/camera_feed build --build-base /home/dvij/ee206-project/ping-pong-robot/ppr_ws/build/camera_feed/build install --record /home/dvij/ee206-project/ping-pong-robot/ppr_ws/build/camera_feed/install.log --single-version-externally-managed install_data
