-- Found ament_cmake: 0.9.12 (/opt/ros/foxy/share/ament_cmake/cmake)
-- Using PYTHON_EXECUTABLE: /usr/bin/python3
-- Override CMake install command with custom implementation using symlinks instead of copying resources
-- Found fri_vendor: 1.0.0 (/home/pingpongproject/code/ping-pong-robot/lbr_fri_ros2_stack_ws_foxy2/install/fri_vendor/share/fri_vendor/cmake)
-- Found lbr_fri_msgs: 1.1.5 (/home/pingpongproject/code/ping-pong-robot/lbr_fri_ros2_stack_ws_foxy2/install/lbr_fri_msgs/share/lbr_fri_msgs/cmake)
-- Using all available rosidl_typesupport_c: rosidl_typesupport_fastrtps_c;rosidl_typesupport_introspection_c
-- Found rosidl_adapter: 1.3.1 (/opt/ros/foxy/share/rosidl_adapter/cmake)
-- Using all available rosidl_typesupport_cpp: rosidl_typesupport_fastrtps_cpp;rosidl_typesupport_introspection_cpp
-- Found rclcpp: 2.4.3 (/opt/ros/foxy/share/rclcpp/cmake)
-- Found rmw_implementation_cmake: 1.0.4 (/opt/ros/foxy/share/rmw_implementation_cmake/cmake)
-- Using RMW implementation 'rmw_fastrtps_cpp' as default
-- Configuring done (0.4s)
-- Generating done (0.0s)
-- Build files have been written to: /home/pingpongproject/code/ping-pong-robot/lbr_fri_ros2_stack_ws_foxy2/build/lbr_demos_fri_ros2_cpp
[ 50%] [32mBuilding CXX object CMakeFiles/torque_sine_overlay_node.dir/src/torque_sine_overlay_node.cpp.o[0m
[ 50%] [32mBuilding CXX object CMakeFiles/joint_sine_overlay_node.dir/src/joint_sine_overlay_node.cpp.o[0m
[ 50%] [32mBuilding CXX object CMakeFiles/wrench_sine_overlay_node.dir/src/wrench_sine_overlay_node.cpp.o[0m
[ 66%] [32m[1mLinking CXX executable wrench_sine_overlay_node[0m
[ 83%] [32m[1mLinking CXX executable torque_sine_overlay_node[0m
[100%] [32m[1mLinking CXX executable joint_sine_overlay_node[0m
[100%] Built target wrench_sine_overlay_node
[100%] Built target torque_sine_overlay_node
[100%] Built target joint_sine_overlay_node
-- Install configuration: "Release"
-- Execute custom install script
-- Up-to-date symlink: /home/pingpongproject/code/ping-pong-robot/lbr_fri_ros2_stack_ws_foxy2/install/lbr_demos_fri_ros2_cpp/lib/lbr_demos_fri_ros2_cpp/joint_sine_overlay_node
-- Up-to-date symlink: /home/pingpongproject/code/ping-pong-robot/lbr_fri_ros2_stack_ws_foxy2/install/lbr_demos_fri_ros2_cpp/lib/lbr_demos_fri_ros2_cpp/torque_sine_overlay_node
-- Up-to-date symlink: /home/pingpongproject/code/ping-pong-robot/lbr_fri_ros2_stack_ws_foxy2/install/lbr_demos_fri_ros2_cpp/lib/lbr_demos_fri_ros2_cpp/wrench_sine_overlay_node
-- Up-to-date symlink: /home/pingpongproject/code/ping-pong-robot/lbr_fri_ros2_stack_ws_foxy2/install/lbr_demos_fri_ros2_cpp/share/lbr_demos_fri_ros2_cpp/launch/joint_sine_overlay.launch.py
-- Up-to-date symlink: /home/pingpongproject/code/ping-pong-robot/lbr_fri_ros2_stack_ws_foxy2/install/lbr_demos_fri_ros2_cpp/share/lbr_demos_fri_ros2_cpp/launch/torque_sine_overlay.launch.py
-- Up-to-date symlink: /home/pingpongproject/code/ping-pong-robot/lbr_fri_ros2_stack_ws_foxy2/install/lbr_demos_fri_ros2_cpp/share/lbr_demos_fri_ros2_cpp/launch/wrench_sine_overlay.launch.py
-- Up-to-date symlink: /home/pingpongproject/code/ping-pong-robot/lbr_fri_ros2_stack_ws_foxy2/install/lbr_demos_fri_ros2_cpp/share/ament_index/resource_index/package_run_dependencies/lbr_demos_fri_ros2_cpp
-- Up-to-date symlink: /home/pingpongproject/code/ping-pong-robot/lbr_fri_ros2_stack_ws_foxy2/install/lbr_demos_fri_ros2_cpp/share/ament_index/resource_index/parent_prefix_path/lbr_demos_fri_ros2_cpp
-- Up-to-date symlink: /home/pingpongproject/code/ping-pong-robot/lbr_fri_ros2_stack_ws_foxy2/install/lbr_demos_fri_ros2_cpp/share/lbr_demos_fri_ros2_cpp/environment/ament_prefix_path.sh
-- Up-to-date symlink: /home/pingpongproject/code/ping-pong-robot/lbr_fri_ros2_stack_ws_foxy2/install/lbr_demos_fri_ros2_cpp/share/lbr_demos_fri_ros2_cpp/environment/ament_prefix_path.dsv
-- Up-to-date symlink: /home/pingpongproject/code/ping-pong-robot/lbr_fri_ros2_stack_ws_foxy2/install/lbr_demos_fri_ros2_cpp/share/lbr_demos_fri_ros2_cpp/environment/path.sh
-- Up-to-date symlink: /home/pingpongproject/code/ping-pong-robot/lbr_fri_ros2_stack_ws_foxy2/install/lbr_demos_fri_ros2_cpp/share/lbr_demos_fri_ros2_cpp/environment/path.dsv
-- Up-to-date symlink: /home/pingpongproject/code/ping-pong-robot/lbr_fri_ros2_stack_ws_foxy2/install/lbr_demos_fri_ros2_cpp/share/lbr_demos_fri_ros2_cpp/local_setup.bash
-- Up-to-date symlink: /home/pingpongproject/code/ping-pong-robot/lbr_fri_ros2_stack_ws_foxy2/install/lbr_demos_fri_ros2_cpp/share/lbr_demos_fri_ros2_cpp/local_setup.sh
-- Up-to-date symlink: /home/pingpongproject/code/ping-pong-robot/lbr_fri_ros2_stack_ws_foxy2/install/lbr_demos_fri_ros2_cpp/share/lbr_demos_fri_ros2_cpp/local_setup.zsh
-- Up-to-date symlink: /home/pingpongproject/code/ping-pong-robot/lbr_fri_ros2_stack_ws_foxy2/install/lbr_demos_fri_ros2_cpp/share/lbr_demos_fri_ros2_cpp/local_setup.dsv
-- Symlinking: /home/pingpongproject/code/ping-pong-robot/lbr_fri_ros2_stack_ws_foxy2/install/lbr_demos_fri_ros2_cpp/share/lbr_demos_fri_ros2_cpp/package.dsv
-- Up-to-date symlink: /home/pingpongproject/code/ping-pong-robot/lbr_fri_ros2_stack_ws_foxy2/install/lbr_demos_fri_ros2_cpp/share/ament_index/resource_index/packages/lbr_demos_fri_ros2_cpp
-- Up-to-date symlink: /home/pingpongproject/code/ping-pong-robot/lbr_fri_ros2_stack_ws_foxy2/install/lbr_demos_fri_ros2_cpp/share/lbr_demos_fri_ros2_cpp/cmake/lbr_demos_fri_ros2_cppConfig.cmake
-- Up-to-date symlink: /home/pingpongproject/code/ping-pong-robot/lbr_fri_ros2_stack_ws_foxy2/install/lbr_demos_fri_ros2_cpp/share/lbr_demos_fri_ros2_cpp/cmake/lbr_demos_fri_ros2_cppConfig-version.cmake
-- Up-to-date symlink: /home/pingpongproject/code/ping-pong-robot/lbr_fri_ros2_stack_ws_foxy2/install/lbr_demos_fri_ros2_cpp/share/lbr_demos_fri_ros2_cpp/package.xml
