[0.131s] Invoking command in '/home/pingpongproject/code/ping-pong-robot/lbr_fri_ros2_stack_ws_foxy2/build/cv_bridge': CMAKE_PREFIX_PATH=${CMAKE_PREFIX_PATH}:/home/pingpongproject/code/ping-pong-robot/ppr_ws/install/scene_visualizer:/home/pingpongproject/code/ping-pong-robot/ppr_ws/install/scene_interpreter:/home/pingpongproject/code/ping-pong-robot/ppr_ws/install/camera_feed:/opt/ros/foxy /home/pingpongproject/.local/bin/cmake /home/pingpongproject/code/ping-pong-robot/lbr_fri_ros2_stack_ws_foxy2/src/lbr_fri_ros2_stack/vision/cv_bridge -DCMAKE_INSTALL_PREFIX=/home/pingpongproject/code/ping-pong-robot/lbr_fri_ros2_stack_ws_foxy2/install/cv_bridge
[0.245s] -- The C compiler identification is GNU 9.4.0
[0.316s] -- The CXX compiler identification is GNU 9.4.0
[0.325s] -- Detecting C compiler ABI info
[0.361s] -- Detecting C compiler ABI info - done
[0.367s] -- Check for working C compiler: /usr/bin/cc - skipped
[0.367s] -- Detecting C compile features
[0.367s] -- Detecting C compile features - done
[0.370s] -- Detecting CXX compiler ABI info
[0.406s] -- Detecting CXX compiler ABI info - done
[0.412s] -- Check for working CXX compiler: /usr/bin/c++ - skipped
[0.413s] -- Detecting CXX compile features
[0.413s] -- Detecting CXX compile features - done
[0.417s] -- Found ament_cmake_ros: 0.9.2 (/opt/ros/foxy/share/ament_cmake_ros/cmake)
[0.447s] -- Found PythonInterp: /usr/bin/python3 (found suitable version "3.8.10", minimum required is "3") 
[0.447s] -- Using PYTHON_EXECUTABLE: /usr/bin/python3
[1.329s] -- Found Python3: /usr/include/python3.8 (found version "3.8.10") found components: Development NumPy Interpreter Development.Module Development.Embed 
[1.348s] -- Found Boost: /usr/lib/x86_64-linux-gnu/cmake/Boost-1.71.0/BoostConfig.cmake (found version "1.71.0") found components: python38 
[1.351s] -- Found rcpputils: 1.3.2 (/opt/ros/foxy/share/rcpputils/cmake)
[1.362s] -- Found sensor_msgs: 2.0.5 (/opt/ros/foxy/share/sensor_msgs/cmake)
[1.378s] -- Using all available rosidl_typesupport_c: rosidl_typesupport_fastrtps_c;rosidl_typesupport_introspection_c
[1.384s] -- Found rosidl_adapter: 1.3.1 (/opt/ros/foxy/share/rosidl_adapter/cmake)
[1.443s] -- Found OpenSSL: /usr/lib/x86_64-linux-gnu/libcrypto.so (found version "1.1.1f")  
[1.464s] -- Found FastRTPS: /opt/ros/foxy/include  
[1.516s] -- Using all available rosidl_typesupport_cpp: rosidl_typesupport_fastrtps_cpp;rosidl_typesupport_introspection_cpp
[1.641s] -- Performing Test COMPILER_HAS_HIDDEN_VISIBILITY
[1.678s] -- Performing Test COMPILER_HAS_HIDDEN_VISIBILITY - Success
[1.678s] -- Performing Test COMPILER_HAS_HIDDEN_INLINE_VISIBILITY
[1.718s] -- Performing Test COMPILER_HAS_HIDDEN_INLINE_VISIBILITY - Success
[1.718s] -- Performing Test COMPILER_HAS_DEPRECATED_ATTR
[1.755s] -- Performing Test COMPILER_HAS_DEPRECATED_ATTR - Success
[1.758s] -- Found ament_lint_auto: 0.9.8 (/opt/ros/foxy/share/ament_lint_auto/cmake)
[1.822s] -- Found gtest sources under '/opt/ros/foxy/src/gtest_vendor': C++ tests using 'Google Test' will be built
[1.825s] -- Performing Test CMAKE_HAVE_LIBC_PTHREAD
[1.864s] -- Performing Test CMAKE_HAVE_LIBC_PTHREAD - Failed
[1.864s] -- Check if compiler accepts -pthread
[1.897s] -- Check if compiler accepts -pthread - yes
[1.898s] -- Found Threads: TRUE  
[3.080s] -- Configuring done (2.9s)
[3.091s] -- Generating done (0.0s)
[3.092s] -- Build files have been written to: /home/pingpongproject/code/ping-pong-robot/lbr_fri_ros2_stack_ws_foxy2/build/cv_bridge
[3.100s] Invoked command in '/home/pingpongproject/code/ping-pong-robot/lbr_fri_ros2_stack_ws_foxy2/build/cv_bridge' returned '0': CMAKE_PREFIX_PATH=${CMAKE_PREFIX_PATH}:/home/pingpongproject/code/ping-pong-robot/ppr_ws/install/scene_visualizer:/home/pingpongproject/code/ping-pong-robot/ppr_ws/install/scene_interpreter:/home/pingpongproject/code/ping-pong-robot/ppr_ws/install/camera_feed:/opt/ros/foxy /home/pingpongproject/.local/bin/cmake /home/pingpongproject/code/ping-pong-robot/lbr_fri_ros2_stack_ws_foxy2/src/lbr_fri_ros2_stack/vision/cv_bridge -DCMAKE_INSTALL_PREFIX=/home/pingpongproject/code/ping-pong-robot/lbr_fri_ros2_stack_ws_foxy2/install/cv_bridge
[3.102s] Invoking command in '/home/pingpongproject/code/ping-pong-robot/lbr_fri_ros2_stack_ws_foxy2/build/cv_bridge': CMAKE_PREFIX_PATH=${CMAKE_PREFIX_PATH}:/home/pingpongproject/code/ping-pong-robot/ppr_ws/install/scene_visualizer:/home/pingpongproject/code/ping-pong-robot/ppr_ws/install/scene_interpreter:/home/pingpongproject/code/ping-pong-robot/ppr_ws/install/camera_feed:/opt/ros/foxy /home/pingpongproject/.local/bin/cmake --build /home/pingpongproject/code/ping-pong-robot/lbr_fri_ros2_stack_ws_foxy2/build/cv_bridge -- -j20 -l20
[3.131s] [ 12%] [32mBuilding CXX object src/CMakeFiles/cv_bridge.dir/rgb_colors.cpp.o[0m
[3.131s] [ 18%] [32mBuilding CXX object src/CMakeFiles/cv_bridge.dir/cv_bridge.cpp.o[0m
[3.131s] [ 18%] [32mBuilding CXX object gtest/CMakeFiles/gtest_main.dir/src/gtest_main.cc.o[0m
[3.131s] [ 25%] [32mBuilding CXX object gtest/CMakeFiles/gtest.dir/src/gtest-all.cc.o[0m
[3.501s] [ 31%] [32m[1mLinking CXX static library libgtest_main.a[0m
[3.509s] [ 31%] Built target gtest_main
[4.858s] [ 37%] [32m[1mLinking CXX static library libgtest.a[0m
[4.877s] [ 37%] Built target gtest
[5.508s] [ 43%] [32m[1mLinking CXX shared library libcv_bridge.so[0m
[5.593s] [ 43%] Built target cv_bridge
[5.598s] [ 56%] [32mBuilding CXX object src/CMakeFiles/cv_bridge_boost.dir/module.cpp.o[0m
[5.598s] [ 56%] [32mBuilding CXX object test/CMakeFiles/cv_bridge-utest.dir/test_endian.cpp.o[0m
[5.598s] [ 68%] [32mBuilding CXX object test/CMakeFiles/cv_bridge-utest.dir/test_compression.cpp.o[0m
[5.598s] [ 68%] [32mBuilding CXX object src/CMakeFiles/cv_bridge_boost.dir/module_opencv3.cpp.o[0m
[5.598s] [ 75%] [32mBuilding CXX object test/CMakeFiles/cv_bridge-utest.dir/utest.cpp.o[0m
[5.598s] [ 81%] [32mBuilding CXX object test/CMakeFiles/cv_bridge-utest.dir/utest2.cpp.o[0m
[5.599s] [ 87%] [32mBuilding CXX object test/CMakeFiles/cv_bridge-utest.dir/test_rgb_colors.cpp.o[0m
[6.847s] [ 93%] [32m[1mLinking CXX executable cv_bridge-utest[0m
[7.177s] [ 93%] Built target cv_bridge-utest
[7.542s] [100%] [32m[1mLinking CXX shared module boost/cv_bridge_boost.so[0m
[7.595s] [100%] Built target cv_bridge_boost
[7.600s] Invoked command in '/home/pingpongproject/code/ping-pong-robot/lbr_fri_ros2_stack_ws_foxy2/build/cv_bridge' returned '0': CMAKE_PREFIX_PATH=${CMAKE_PREFIX_PATH}:/home/pingpongproject/code/ping-pong-robot/ppr_ws/install/scene_visualizer:/home/pingpongproject/code/ping-pong-robot/ppr_ws/install/scene_interpreter:/home/pingpongproject/code/ping-pong-robot/ppr_ws/install/camera_feed:/opt/ros/foxy /home/pingpongproject/.local/bin/cmake --build /home/pingpongproject/code/ping-pong-robot/lbr_fri_ros2_stack_ws_foxy2/build/cv_bridge -- -j20 -l20
[7.653s] Invoking command in '/home/pingpongproject/code/ping-pong-robot/lbr_fri_ros2_stack_ws_foxy2/build/cv_bridge': CMAKE_PREFIX_PATH=${CMAKE_PREFIX_PATH}:/home/pingpongproject/code/ping-pong-robot/ppr_ws/install/scene_visualizer:/home/pingpongproject/code/ping-pong-robot/ppr_ws/install/scene_interpreter:/home/pingpongproject/code/ping-pong-robot/ppr_ws/install/camera_feed:/opt/ros/foxy /home/pingpongproject/.local/bin/cmake --install /home/pingpongproject/code/ping-pong-robot/lbr_fri_ros2_stack_ws_foxy2/build/cv_bridge
[7.672s] -- Install configuration: ""
[7.672s] -- Installing: /home/pingpongproject/code/ping-pong-robot/lbr_fri_ros2_stack_ws_foxy2/install/cv_bridge/share/cv_bridge/environment/pythonpath.sh
[7.672s] -- Installing: /home/pingpongproject/code/ping-pong-robot/lbr_fri_ros2_stack_ws_foxy2/install/cv_bridge/share/cv_bridge/environment/pythonpath.dsv
[7.672s] -- Installing: /home/pingpongproject/code/ping-pong-robot/lbr_fri_ros2_stack_ws_foxy2/install/cv_bridge/lib/python3.8/site-packages/cv_bridge
[7.672s] -- Installing: /home/pingpongproject/code/ping-pong-robot/lbr_fri_ros2_stack_ws_foxy2/install/cv_bridge/lib/python3.8/site-packages/cv_bridge/__init__.py
[7.672s] -- Installing: /home/pingpongproject/code/ping-pong-robot/lbr_fri_ros2_stack_ws_foxy2/install/cv_bridge/lib/python3.8/site-packages/cv_bridge/core.py
[7.694s] Listing '/home/pingpongproject/code/ping-pong-robot/lbr_fri_ros2_stack_ws_foxy2/install/cv_bridge/lib/python3.8/site-packages/cv_bridge'...
[7.694s] Compiling '/home/pingpongproject/code/ping-pong-robot/lbr_fri_ros2_stack_ws_foxy2/install/cv_bridge/lib/python3.8/site-packages/cv_bridge/__init__.py'...
[7.694s] Compiling '/home/pingpongproject/code/ping-pong-robot/lbr_fri_ros2_stack_ws_foxy2/install/cv_bridge/lib/python3.8/site-packages/cv_bridge/core.py'...
[7.696s] -- Installing: /home/pingpongproject/code/ping-pong-robot/lbr_fri_ros2_stack_ws_foxy2/install/cv_bridge/lib/libcv_bridge.so
[7.697s] -- Set runtime path of "/home/pingpongproject/code/ping-pong-robot/lbr_fri_ros2_stack_ws_foxy2/install/cv_bridge/lib/libcv_bridge.so" to ""
[7.697s] -- Installing: /home/pingpongproject/code/ping-pong-robot/lbr_fri_ros2_stack_ws_foxy2/install/cv_bridge/include/cv_bridge/cv_bridge/cv_bridge_export.h
[7.697s] -- Installing: /home/pingpongproject/code/ping-pong-robot/lbr_fri_ros2_stack_ws_foxy2/install/cv_bridge/lib/python3.8/site-packages/cv_bridge/boost/cv_bridge_boost.so
[7.697s] -- Set runtime path of "/home/pingpongproject/code/ping-pong-robot/lbr_fri_ros2_stack_ws_foxy2/install/cv_bridge/lib/python3.8/site-packages/cv_bridge/boost/cv_bridge_boost.so" to ""
[7.698s] -- Up-to-date: /home/pingpongproject/code/ping-pong-robot/lbr_fri_ros2_stack_ws_foxy2/install/cv_bridge/include/cv_bridge
[7.698s] -- Up-to-date: /home/pingpongproject/code/ping-pong-robot/lbr_fri_ros2_stack_ws_foxy2/install/cv_bridge/include/cv_bridge/cv_bridge
[7.698s] -- Installing: /home/pingpongproject/code/ping-pong-robot/lbr_fri_ros2_stack_ws_foxy2/install/cv_bridge/include/cv_bridge/cv_bridge/rgb_colors.h
[7.698s] -- Installing: /home/pingpongproject/code/ping-pong-robot/lbr_fri_ros2_stack_ws_foxy2/install/cv_bridge/include/cv_bridge/cv_bridge/cv_bridge.h
[7.698s] -- Up-to-date: /home/pingpongproject/code/ping-pong-robot/lbr_fri_ros2_stack_ws_foxy2/install/cv_bridge/lib/libcv_bridge.so
[7.698s] -- Installing: /home/pingpongproject/code/ping-pong-robot/lbr_fri_ros2_stack_ws_foxy2/install/cv_bridge/share/ament_index/resource_index/package_run_dependencies/cv_bridge
[7.698s] -- Installing: /home/pingpongproject/code/ping-pong-robot/lbr_fri_ros2_stack_ws_foxy2/install/cv_bridge/share/ament_index/resource_index/parent_prefix_path/cv_bridge
[7.698s] -- Installing: /home/pingpongproject/code/ping-pong-robot/lbr_fri_ros2_stack_ws_foxy2/install/cv_bridge/share/cv_bridge/environment/ament_prefix_path.sh
[7.698s] -- Installing: /home/pingpongproject/code/ping-pong-robot/lbr_fri_ros2_stack_ws_foxy2/install/cv_bridge/share/cv_bridge/environment/ament_prefix_path.dsv
[7.698s] -- Installing: /home/pingpongproject/code/ping-pong-robot/lbr_fri_ros2_stack_ws_foxy2/install/cv_bridge/share/cv_bridge/environment/path.sh
[7.698s] -- Installing: /home/pingpongproject/code/ping-pong-robot/lbr_fri_ros2_stack_ws_foxy2/install/cv_bridge/share/cv_bridge/environment/path.dsv
[7.698s] -- Installing: /home/pingpongproject/code/ping-pong-robot/lbr_fri_ros2_stack_ws_foxy2/install/cv_bridge/share/cv_bridge/local_setup.bash
[7.698s] -- Installing: /home/pingpongproject/code/ping-pong-robot/lbr_fri_ros2_stack_ws_foxy2/install/cv_bridge/share/cv_bridge/local_setup.sh
[7.698s] -- Installing: /home/pingpongproject/code/ping-pong-robot/lbr_fri_ros2_stack_ws_foxy2/install/cv_bridge/share/cv_bridge/local_setup.zsh
[7.698s] -- Installing: /home/pingpongproject/code/ping-pong-robot/lbr_fri_ros2_stack_ws_foxy2/install/cv_bridge/share/cv_bridge/local_setup.dsv
[7.698s] -- Installing: /home/pingpongproject/code/ping-pong-robot/lbr_fri_ros2_stack_ws_foxy2/install/cv_bridge/share/cv_bridge/package.dsv
[7.698s] -- Installing: /home/pingpongproject/code/ping-pong-robot/lbr_fri_ros2_stack_ws_foxy2/install/cv_bridge/share/ament_index/resource_index/packages/cv_bridge
[7.698s] -- Installing: /home/pingpongproject/code/ping-pong-robot/lbr_fri_ros2_stack_ws_foxy2/install/cv_bridge/share/cv_bridge/cmake/export_cv_bridgeExport.cmake
[7.698s] -- Installing: /home/pingpongproject/code/ping-pong-robot/lbr_fri_ros2_stack_ws_foxy2/install/cv_bridge/share/cv_bridge/cmake/export_cv_bridgeExport-noconfig.cmake
[7.698s] -- Installing: /home/pingpongproject/code/ping-pong-robot/lbr_fri_ros2_stack_ws_foxy2/install/cv_bridge/share/cv_bridge/cmake/cv_bridge-extras.cmake
[7.699s] -- Installing: /home/pingpongproject/code/ping-pong-robot/lbr_fri_ros2_stack_ws_foxy2/install/cv_bridge/share/cv_bridge/cmake/ament_cmake_export_dependencies-extras.cmake
[7.699s] -- Installing: /home/pingpongproject/code/ping-pong-robot/lbr_fri_ros2_stack_ws_foxy2/install/cv_bridge/share/cv_bridge/cmake/ament_cmake_export_targets-extras.cmake
[7.699s] -- Installing: /home/pingpongproject/code/ping-pong-robot/lbr_fri_ros2_stack_ws_foxy2/install/cv_bridge/share/cv_bridge/cmake/cv_bridgeConfig.cmake
[7.699s] -- Installing: /home/pingpongproject/code/ping-pong-robot/lbr_fri_ros2_stack_ws_foxy2/install/cv_bridge/share/cv_bridge/cmake/cv_bridgeConfig-version.cmake
[7.699s] -- Installing: /home/pingpongproject/code/ping-pong-robot/lbr_fri_ros2_stack_ws_foxy2/install/cv_bridge/share/cv_bridge/package.xml
[7.702s] Invoked command in '/home/pingpongproject/code/ping-pong-robot/lbr_fri_ros2_stack_ws_foxy2/build/cv_bridge' returned '0': CMAKE_PREFIX_PATH=${CMAKE_PREFIX_PATH}:/home/pingpongproject/code/ping-pong-robot/ppr_ws/install/scene_visualizer:/home/pingpongproject/code/ping-pong-robot/ppr_ws/install/scene_interpreter:/home/pingpongproject/code/ping-pong-robot/ppr_ws/install/camera_feed:/opt/ros/foxy /home/pingpongproject/.local/bin/cmake --install /home/pingpongproject/code/ping-pong-robot/lbr_fri_ros2_stack_ws_foxy2/build/cv_bridge
