[1.526s] DEBUG:colcon:Command line arguments: ['/usr/bin/colcon', 'build', '--packages-select', 'visual_servo']
[1.526s] DEBUG:colcon:Parsed command line arguments: Namespace(allow_overriding=[], ament_cmake_args=None, base_paths=['.'], build_base='build', catkin_cmake_args=None, catkin_skip_building_tests=False, cmake_args=None, cmake_clean_cache=False, cmake_clean_first=False, cmake_force_configure=False, cmake_target=None, cmake_target_skip_unavailable=False, continue_on_error=False, event_handlers=None, executor='parallel', ignore_user_meta=False, install_base='install', log_base=None, log_level=None, main=<bound method BuildVerb.main of <colcon_core.verb.build.BuildVerb object at 0x7fb4215110a0>>, merge_install=False, metas=['./colcon.meta'], packages_above=None, packages_above_and_dependencies=None, packages_above_depth=None, packages_end=None, packages_ignore=None, packages_ignore_regex=None, packages_select=['visual_servo'], packages_select_build_failed=False, packages_select_by_dep=None, packages_select_regex=None, packages_select_test_failures=False, packages_skip=None, packages_skip_build_finished=False, packages_skip_by_dep=None, packages_skip_regex=None, packages_skip_test_passed=False, packages_skip_up_to=None, packages_start=None, packages_up_to=None, packages_up_to_regex=None, parallel_workers=20, paths=None, symlink_install=False, test_result_base=None, verb_extension=<colcon_core.verb.build.BuildVerb object at 0x7fb4215110a0>, verb_name='build', verb_parser=<colcon_defaults.argument_parser.defaults.DefaultArgumentsDecorator object at 0x7fb421151040>)
[1.594s] Level 1:colcon.colcon_core.package_discovery:discover_packages(colcon_meta) check parameters
[1.595s] Level 1:colcon.colcon_core.package_discovery:discover_packages(recursive) check parameters
[1.595s] Level 1:colcon.colcon_core.package_discovery:discover_packages(ignore) check parameters
[1.595s] Level 1:colcon.colcon_core.package_discovery:discover_packages(path) check parameters
[1.595s] Level 1:colcon.colcon_core.package_discovery:discover_packages(colcon_meta) discover
[1.595s] Level 1:colcon.colcon_core.package_discovery:discover_packages(recursive) discover
[1.595s] INFO:colcon.colcon_core.package_discovery:Crawling recursively for packages in '/home/pingpongproject/code/ping-pong-robot/lbr_fri_ros2_stack_ws_foxy2'
[1.595s] Level 1:colcon.colcon_core.package_identification:_identify(.) by extensions ['ignore', 'ignore_ament_install']
[1.595s] Level 1:colcon.colcon_core.package_identification:_identify(.) by extension 'ignore'
[1.595s] Level 1:colcon.colcon_core.package_identification:_identify(.) by extension 'ignore_ament_install'
[1.595s] Level 1:colcon.colcon_core.package_identification:_identify(.) by extensions ['colcon_pkg']
[1.595s] Level 1:colcon.colcon_core.package_identification:_identify(.) by extension 'colcon_pkg'
[1.595s] Level 1:colcon.colcon_core.package_identification:_identify(.) by extensions ['colcon_meta']
[1.595s] Level 1:colcon.colcon_core.package_identification:_identify(.) by extension 'colcon_meta'
[1.595s] Level 1:colcon.colcon_core.package_identification:_identify(.) by extensions ['ros']
[1.595s] Level 1:colcon.colcon_core.package_identification:_identify(.) by extension 'ros'
[1.606s] Level 1:colcon.colcon_core.package_identification:_identify(.) by extensions ['cmake', 'python']
[1.606s] Level 1:colcon.colcon_core.package_identification:_identify(.) by extension 'cmake'
[1.606s] Level 1:colcon.colcon_core.package_identification:_identify(.) by extension 'python'
[1.606s] Level 1:colcon.colcon_core.package_identification:_identify(.) by extensions ['python_setup_py']
[1.606s] Level 1:colcon.colcon_core.package_identification:_identify(.) by extension 'python_setup_py'
[1.606s] Level 1:colcon.colcon_core.package_identification:_identify(build) by extensions ['ignore', 'ignore_ament_install']
[1.606s] Level 1:colcon.colcon_core.package_identification:_identify(build) by extension 'ignore'
[1.606s] Level 1:colcon.colcon_core.package_identification:_identify(build) ignored
[1.606s] Level 1:colcon.colcon_core.package_identification:_identify(install) by extensions ['ignore', 'ignore_ament_install']
[1.606s] Level 1:colcon.colcon_core.package_identification:_identify(install) by extension 'ignore'
[1.606s] Level 1:colcon.colcon_core.package_identification:_identify(install) ignored
[1.607s] Level 1:colcon.colcon_core.package_identification:_identify(log) by extensions ['ignore', 'ignore_ament_install']
[1.607s] Level 1:colcon.colcon_core.package_identification:_identify(log) by extension 'ignore'
[1.607s] Level 1:colcon.colcon_core.package_identification:_identify(log) ignored
[1.607s] Level 1:colcon.colcon_core.package_identification:_identify(src) by extensions ['ignore', 'ignore_ament_install']
[1.607s] Level 1:colcon.colcon_core.package_identification:_identify(src) by extension 'ignore'
[1.607s] Level 1:colcon.colcon_core.package_identification:_identify(src) by extension 'ignore_ament_install'
[1.607s] Level 1:colcon.colcon_core.package_identification:_identify(src) by extensions ['colcon_pkg']
[1.607s] Level 1:colcon.colcon_core.package_identification:_identify(src) by extension 'colcon_pkg'
[1.607s] Level 1:colcon.colcon_core.package_identification:_identify(src) by extensions ['colcon_meta']
[1.607s] Level 1:colcon.colcon_core.package_identification:_identify(src) by extension 'colcon_meta'
[1.607s] Level 1:colcon.colcon_core.package_identification:_identify(src) by extensions ['ros']
[1.607s] Level 1:colcon.colcon_core.package_identification:_identify(src) by extension 'ros'
[1.607s] Level 1:colcon.colcon_core.package_identification:_identify(src) by extensions ['cmake', 'python']
[1.607s] Level 1:colcon.colcon_core.package_identification:_identify(src) by extension 'cmake'
[1.607s] Level 1:colcon.colcon_core.package_identification:_identify(src) by extension 'python'
[1.607s] Level 1:colcon.colcon_core.package_identification:_identify(src) by extensions ['python_setup_py']
[1.607s] Level 1:colcon.colcon_core.package_identification:_identify(src) by extension 'python_setup_py'
[1.607s] Level 1:colcon.colcon_core.package_identification:_identify(src/fri_vendor) by extensions ['ignore', 'ignore_ament_install']
[1.607s] Level 1:colcon.colcon_core.package_identification:_identify(src/fri_vendor) by extension 'ignore'
[1.607s] Level 1:colcon.colcon_core.package_identification:_identify(src/fri_vendor) by extension 'ignore_ament_install'
[1.607s] Level 1:colcon.colcon_core.package_identification:_identify(src/fri_vendor) by extensions ['colcon_pkg']
[1.607s] Level 1:colcon.colcon_core.package_identification:_identify(src/fri_vendor) by extension 'colcon_pkg'
[1.607s] Level 1:colcon.colcon_core.package_identification:_identify(src/fri_vendor) by extensions ['colcon_meta']
[1.607s] Level 1:colcon.colcon_core.package_identification:_identify(src/fri_vendor) by extension 'colcon_meta'
[1.607s] Level 1:colcon.colcon_core.package_identification:_identify(src/fri_vendor) by extensions ['ros']
[1.607s] Level 1:colcon.colcon_core.package_identification:_identify(src/fri_vendor) by extension 'ros'
[1.608s] DEBUG:colcon.colcon_core.package_identification:Package 'src/fri_vendor' with type 'ros.ament_cmake' and name 'fri_vendor'
[1.608s] Level 1:colcon.colcon_core.package_identification:_identify(src/lbr_fri_ros2_stack) by extensions ['ignore', 'ignore_ament_install']
[1.608s] Level 1:colcon.colcon_core.package_identification:_identify(src/lbr_fri_ros2_stack) by extension 'ignore'
[1.608s] Level 1:colcon.colcon_core.package_identification:_identify(src/lbr_fri_ros2_stack) by extension 'ignore_ament_install'
[1.609s] Level 1:colcon.colcon_core.package_identification:_identify(src/lbr_fri_ros2_stack) by extensions ['colcon_pkg']
[1.609s] Level 1:colcon.colcon_core.package_identification:_identify(src/lbr_fri_ros2_stack) by extension 'colcon_pkg'
[1.609s] Level 1:colcon.colcon_core.package_identification:_identify(src/lbr_fri_ros2_stack) by extensions ['colcon_meta']
[1.609s] Level 1:colcon.colcon_core.package_identification:_identify(src/lbr_fri_ros2_stack) by extension 'colcon_meta'
[1.609s] Level 1:colcon.colcon_core.package_identification:_identify(src/lbr_fri_ros2_stack) by extensions ['ros']
[1.609s] Level 1:colcon.colcon_core.package_identification:_identify(src/lbr_fri_ros2_stack) by extension 'ros'
[1.609s] Level 1:colcon.colcon_core.package_identification:_identify(src/lbr_fri_ros2_stack) by extensions ['cmake', 'python']
[1.609s] Level 1:colcon.colcon_core.package_identification:_identify(src/lbr_fri_ros2_stack) by extension 'cmake'
[1.609s] Level 1:colcon.colcon_core.package_identification:_identify(src/lbr_fri_ros2_stack) by extension 'python'
[1.609s] Level 1:colcon.colcon_core.package_identification:_identify(src/lbr_fri_ros2_stack) by extensions ['python_setup_py']
[1.609s] Level 1:colcon.colcon_core.package_identification:_identify(src/lbr_fri_ros2_stack) by extension 'python_setup_py'
[1.609s] Level 1:colcon.colcon_core.package_identification:_identify(src/lbr_fri_ros2_stack/control) by extensions ['ignore', 'ignore_ament_install']
[1.609s] Level 1:colcon.colcon_core.package_identification:_identify(src/lbr_fri_ros2_stack/control) by extension 'ignore'
[1.609s] Level 1:colcon.colcon_core.package_identification:_identify(src/lbr_fri_ros2_stack/control) by extension 'ignore_ament_install'
[1.609s] Level 1:colcon.colcon_core.package_identification:_identify(src/lbr_fri_ros2_stack/control) by extensions ['colcon_pkg']
[1.609s] Level 1:colcon.colcon_core.package_identification:_identify(src/lbr_fri_ros2_stack/control) by extension 'colcon_pkg'
[1.609s] Level 1:colcon.colcon_core.package_identification:_identify(src/lbr_fri_ros2_stack/control) by extensions ['colcon_meta']
[1.609s] Level 1:colcon.colcon_core.package_identification:_identify(src/lbr_fri_ros2_stack/control) by extension 'colcon_meta'
[1.609s] Level 1:colcon.colcon_core.package_identification:_identify(src/lbr_fri_ros2_stack/control) by extensions ['ros']
[1.609s] Level 1:colcon.colcon_core.package_identification:_identify(src/lbr_fri_ros2_stack/control) by extension 'ros'
[1.609s] Level 1:colcon.colcon_core.package_identification:_identify(src/lbr_fri_ros2_stack/control) by extensions ['cmake', 'python']
[1.609s] Level 1:colcon.colcon_core.package_identification:_identify(src/lbr_fri_ros2_stack/control) by extension 'cmake'
[1.609s] Level 1:colcon.colcon_core.package_identification:_identify(src/lbr_fri_ros2_stack/control) by extension 'python'
[1.609s] Level 1:colcon.colcon_core.package_identification:_identify(src/lbr_fri_ros2_stack/control) by extensions ['python_setup_py']
[1.609s] Level 1:colcon.colcon_core.package_identification:_identify(src/lbr_fri_ros2_stack/control) by extension 'python_setup_py'
[1.609s] Level 1:colcon.colcon_core.package_identification:_identify(src/lbr_fri_ros2_stack/control/workspace_controller) by extensions ['ignore', 'ignore_ament_install']
[1.609s] Level 1:colcon.colcon_core.package_identification:_identify(src/lbr_fri_ros2_stack/control/workspace_controller) by extension 'ignore'
[1.609s] Level 1:colcon.colcon_core.package_identification:_identify(src/lbr_fri_ros2_stack/control/workspace_controller) by extension 'ignore_ament_install'
[1.609s] Level 1:colcon.colcon_core.package_identification:_identify(src/lbr_fri_ros2_stack/control/workspace_controller) by extensions ['colcon_pkg']
[1.609s] Level 1:colcon.colcon_core.package_identification:_identify(src/lbr_fri_ros2_stack/control/workspace_controller) by extension 'colcon_pkg'
[1.609s] Level 1:colcon.colcon_core.package_identification:_identify(src/lbr_fri_ros2_stack/control/workspace_controller) by extensions ['colcon_meta']
[1.609s] Level 1:colcon.colcon_core.package_identification:_identify(src/lbr_fri_ros2_stack/control/workspace_controller) by extension 'colcon_meta'
[1.609s] Level 1:colcon.colcon_core.package_identification:_identify(src/lbr_fri_ros2_stack/control/workspace_controller) by extensions ['ros']
[1.609s] Level 1:colcon.colcon_core.package_identification:_identify(src/lbr_fri_ros2_stack/control/workspace_controller) by extension 'ros'
[1.609s] DEBUG:colcon.colcon_core.package_identification:Failed to parse potential ROS package manifest in'src/lbr_fri_ros2_stack/control/workspace_controller': Error(s) in package 'src/lbr_fri_ros2_stack/control/workspace_controller/package.xml':
The manifest contains invalid XML:
mismatched tag: line 11, column 29
[1.609s] Level 1:colcon.colcon_core.package_identification:_identify(src/lbr_fri_ros2_stack/control/workspace_controller) by extensions ['cmake', 'python']
[1.610s] Level 1:colcon.colcon_core.package_identification:_identify(src/lbr_fri_ros2_stack/control/workspace_controller) by extension 'cmake'
[1.610s] Level 1:colcon.colcon_core.package_identification:_identify(src/lbr_fri_ros2_stack/control/workspace_controller) by extension 'python'
[1.610s] DEBUG:colcon.colcon_core.package_identification:Python package in 'src/lbr_fri_ros2_stack/control/workspace_controller' passes arguments to the setup() function which requires a different identification extension than 'python'
[1.610s] Level 1:colcon.colcon_core.package_identification:_identify(src/lbr_fri_ros2_stack/control/workspace_controller) by extensions ['python_setup_py']
[1.610s] Level 1:colcon.colcon_core.package_identification:_identify(src/lbr_fri_ros2_stack/control/workspace_controller) by extension 'python_setup_py'
[1.763s] DEBUG:colcon.colcon_core.package_identification:Package 'src/lbr_fri_ros2_stack/control/workspace_controller' with type 'python' and name 'workspace_controller'
[1.763s] Level 1:colcon.colcon_core.package_identification:_identify(src/lbr_fri_ros2_stack/lbr_bringup) by extensions ['ignore', 'ignore_ament_install']
[1.763s] Level 1:colcon.colcon_core.package_identification:_identify(src/lbr_fri_ros2_stack/lbr_bringup) by extension 'ignore'
[1.763s] Level 1:colcon.colcon_core.package_identification:_identify(src/lbr_fri_ros2_stack/lbr_bringup) by extension 'ignore_ament_install'
[1.763s] Level 1:colcon.colcon_core.package_identification:_identify(src/lbr_fri_ros2_stack/lbr_bringup) by extensions ['colcon_pkg']
[1.763s] Level 1:colcon.colcon_core.package_identification:_identify(src/lbr_fri_ros2_stack/lbr_bringup) by extension 'colcon_pkg'
[1.763s] Level 1:colcon.colcon_core.package_identification:_identify(src/lbr_fri_ros2_stack/lbr_bringup) by extensions ['colcon_meta']
[1.763s] Level 1:colcon.colcon_core.package_identification:_identify(src/lbr_fri_ros2_stack/lbr_bringup) by extension 'colcon_meta'
[1.763s] Level 1:colcon.colcon_core.package_identification:_identify(src/lbr_fri_ros2_stack/lbr_bringup) by extensions ['ros']
[1.763s] Level 1:colcon.colcon_core.package_identification:_identify(src/lbr_fri_ros2_stack/lbr_bringup) by extension 'ros'
[1.764s] DEBUG:colcon.colcon_core.package_identification:Package 'src/lbr_fri_ros2_stack/lbr_bringup' with type 'ros.ament_cmake' and name 'lbr_bringup'
[1.764s] Level 1:colcon.colcon_core.package_identification:_identify(src/lbr_fri_ros2_stack/lbr_demos) by extensions ['ignore', 'ignore_ament_install']
[1.764s] Level 1:colcon.colcon_core.package_identification:_identify(src/lbr_fri_ros2_stack/lbr_demos) by extension 'ignore'
[1.764s] Level 1:colcon.colcon_core.package_identification:_identify(src/lbr_fri_ros2_stack/lbr_demos) by extension 'ignore_ament_install'
[1.764s] Level 1:colcon.colcon_core.package_identification:_identify(src/lbr_fri_ros2_stack/lbr_demos) by extensions ['colcon_pkg']
[1.764s] Level 1:colcon.colcon_core.package_identification:_identify(src/lbr_fri_ros2_stack/lbr_demos) by extension 'colcon_pkg'
[1.764s] Level 1:colcon.colcon_core.package_identification:_identify(src/lbr_fri_ros2_stack/lbr_demos) by extensions ['colcon_meta']
[1.764s] Level 1:colcon.colcon_core.package_identification:_identify(src/lbr_fri_ros2_stack/lbr_demos) by extension 'colcon_meta'
[1.764s] Level 1:colcon.colcon_core.package_identification:_identify(src/lbr_fri_ros2_stack/lbr_demos) by extensions ['ros']
[1.764s] Level 1:colcon.colcon_core.package_identification:_identify(src/lbr_fri_ros2_stack/lbr_demos) by extension 'ros'
[1.764s] Level 1:colcon.colcon_core.package_identification:_identify(src/lbr_fri_ros2_stack/lbr_demos) by extensions ['cmake', 'python']
[1.764s] Level 1:colcon.colcon_core.package_identification:_identify(src/lbr_fri_ros2_stack/lbr_demos) by extension 'cmake'
[1.764s] Level 1:colcon.colcon_core.package_identification:_identify(src/lbr_fri_ros2_stack/lbr_demos) by extension 'python'
[1.764s] Level 1:colcon.colcon_core.package_identification:_identify(src/lbr_fri_ros2_stack/lbr_demos) by extensions ['python_setup_py']
[1.764s] Level 1:colcon.colcon_core.package_identification:_identify(src/lbr_fri_ros2_stack/lbr_demos) by extension 'python_setup_py'
[1.764s] Level 1:colcon.colcon_core.package_identification:_identify(src/lbr_fri_ros2_stack/lbr_demos/doc) by extensions ['ignore', 'ignore_ament_install']
[1.764s] Level 1:colcon.colcon_core.package_identification:_identify(src/lbr_fri_ros2_stack/lbr_demos/doc) by extension 'ignore'
[1.764s] Level 1:colcon.colcon_core.package_identification:_identify(src/lbr_fri_ros2_stack/lbr_demos/doc) by extension 'ignore_ament_install'
[1.764s] Level 1:colcon.colcon_core.package_identification:_identify(src/lbr_fri_ros2_stack/lbr_demos/doc) by extensions ['colcon_pkg']
[1.764s] Level 1:colcon.colcon_core.package_identification:_identify(src/lbr_fri_ros2_stack/lbr_demos/doc) by extension 'colcon_pkg'
[1.764s] Level 1:colcon.colcon_core.package_identification:_identify(src/lbr_fri_ros2_stack/lbr_demos/doc) by extensions ['colcon_meta']
[1.764s] Level 1:colcon.colcon_core.package_identification:_identify(src/lbr_fri_ros2_stack/lbr_demos/doc) by extension 'colcon_meta'
[1.764s] Level 1:colcon.colcon_core.package_identification:_identify(src/lbr_fri_ros2_stack/lbr_demos/doc) by extensions ['ros']
[1.764s] Level 1:colcon.colcon_core.package_identification:_identify(src/lbr_fri_ros2_stack/lbr_demos/doc) by extension 'ros'
[1.764s] Level 1:colcon.colcon_core.package_identification:_identify(src/lbr_fri_ros2_stack/lbr_demos/doc) by extensions ['cmake', 'python']
[1.764s] Level 1:colcon.colcon_core.package_identification:_identify(src/lbr_fri_ros2_stack/lbr_demos/doc) by extension 'cmake'
[1.764s] Level 1:colcon.colcon_core.package_identification:_identify(src/lbr_fri_ros2_stack/lbr_demos/doc) by extension 'python'
[1.764s] Level 1:colcon.colcon_core.package_identification:_identify(src/lbr_fri_ros2_stack/lbr_demos/doc) by extensions ['python_setup_py']
[1.765s] Level 1:colcon.colcon_core.package_identification:_identify(src/lbr_fri_ros2_stack/lbr_demos/doc) by extension 'python_setup_py'
[1.765s] Level 1:colcon.colcon_core.package_identification:_identify(src/lbr_fri_ros2_stack/lbr_demos/doc/img) by extensions ['ignore', 'ignore_ament_install']
[1.765s] Level 1:colcon.colcon_core.package_identification:_identify(src/lbr_fri_ros2_stack/lbr_demos/doc/img) by extension 'ignore'
[1.765s] Level 1:colcon.colcon_core.package_identification:_identify(src/lbr_fri_ros2_stack/lbr_demos/doc/img) by extension 'ignore_ament_install'
[1.765s] Level 1:colcon.colcon_core.package_identification:_identify(src/lbr_fri_ros2_stack/lbr_demos/doc/img) by extensions ['colcon_pkg']
[1.765s] Level 1:colcon.colcon_core.package_identification:_identify(src/lbr_fri_ros2_stack/lbr_demos/doc/img) by extension 'colcon_pkg'
[1.765s] Level 1:colcon.colcon_core.package_identification:_identify(src/lbr_fri_ros2_stack/lbr_demos/doc/img) by extensions ['colcon_meta']
[1.765s] Level 1:colcon.colcon_core.package_identification:_identify(src/lbr_fri_ros2_stack/lbr_demos/doc/img) by extension 'colcon_meta'
[1.765s] Level 1:colcon.colcon_core.package_identification:_identify(src/lbr_fri_ros2_stack/lbr_demos/doc/img) by extensions ['ros']
[1.765s] Level 1:colcon.colcon_core.package_identification:_identify(src/lbr_fri_ros2_stack/lbr_demos/doc/img) by extension 'ros'
[1.765s] Level 1:colcon.colcon_core.package_identification:_identify(src/lbr_fri_ros2_stack/lbr_demos/doc/img) by extensions ['cmake', 'python']
[1.765s] Level 1:colcon.colcon_core.package_identification:_identify(src/lbr_fri_ros2_stack/lbr_demos/doc/img) by extension 'cmake'
[1.765s] Level 1:colcon.colcon_core.package_identification:_identify(src/lbr_fri_ros2_stack/lbr_demos/doc/img) by extension 'python'
[1.765s] Level 1:colcon.colcon_core.package_identification:_identify(src/lbr_fri_ros2_stack/lbr_demos/doc/img) by extensions ['python_setup_py']
[1.765s] Level 1:colcon.colcon_core.package_identification:_identify(src/lbr_fri_ros2_stack/lbr_demos/doc/img) by extension 'python_setup_py'
[1.765s] Level 1:colcon.colcon_core.package_identification:_identify(src/lbr_fri_ros2_stack/lbr_demos/lbr_demos_fri_ros2_advanced_python) by extensions ['ignore', 'ignore_ament_install']
[1.765s] Level 1:colcon.colcon_core.package_identification:_identify(src/lbr_fri_ros2_stack/lbr_demos/lbr_demos_fri_ros2_advanced_python) by extension 'ignore'
[1.765s] Level 1:colcon.colcon_core.package_identification:_identify(src/lbr_fri_ros2_stack/lbr_demos/lbr_demos_fri_ros2_advanced_python) by extension 'ignore_ament_install'
[1.765s] Level 1:colcon.colcon_core.package_identification:_identify(src/lbr_fri_ros2_stack/lbr_demos/lbr_demos_fri_ros2_advanced_python) by extensions ['colcon_pkg']
[1.765s] Level 1:colcon.colcon_core.package_identification:_identify(src/lbr_fri_ros2_stack/lbr_demos/lbr_demos_fri_ros2_advanced_python) by extension 'colcon_pkg'
[1.765s] Level 1:colcon.colcon_core.package_identification:_identify(src/lbr_fri_ros2_stack/lbr_demos/lbr_demos_fri_ros2_advanced_python) by extensions ['colcon_meta']
[1.765s] Level 1:colcon.colcon_core.package_identification:_identify(src/lbr_fri_ros2_stack/lbr_demos/lbr_demos_fri_ros2_advanced_python) by extension 'colcon_meta'
[1.765s] Level 1:colcon.colcon_core.package_identification:_identify(src/lbr_fri_ros2_stack/lbr_demos/lbr_demos_fri_ros2_advanced_python) by extensions ['ros']
[1.765s] Level 1:colcon.colcon_core.package_identification:_identify(src/lbr_fri_ros2_stack/lbr_demos/lbr_demos_fri_ros2_advanced_python) by extension 'ros'
[1.765s] DEBUG:colcon.colcon_core.package_identification:Package 'src/lbr_fri_ros2_stack/lbr_demos/lbr_demos_fri_ros2_advanced_python' with type 'ros.ament_python' and name 'lbr_demos_fri_ros2_advanced_python'
[1.765s] Level 1:colcon.colcon_core.package_identification:_identify(src/lbr_fri_ros2_stack/lbr_demos/lbr_demos_fri_ros2_cpp) by extensions ['ignore', 'ignore_ament_install']
[1.765s] Level 1:colcon.colcon_core.package_identification:_identify(src/lbr_fri_ros2_stack/lbr_demos/lbr_demos_fri_ros2_cpp) by extension 'ignore'
[1.765s] Level 1:colcon.colcon_core.package_identification:_identify(src/lbr_fri_ros2_stack/lbr_demos/lbr_demos_fri_ros2_cpp) by extension 'ignore_ament_install'
[1.765s] Level 1:colcon.colcon_core.package_identification:_identify(src/lbr_fri_ros2_stack/lbr_demos/lbr_demos_fri_ros2_cpp) by extensions ['colcon_pkg']
[1.765s] Level 1:colcon.colcon_core.package_identification:_identify(src/lbr_fri_ros2_stack/lbr_demos/lbr_demos_fri_ros2_cpp) by extension 'colcon_pkg'
[1.765s] Level 1:colcon.colcon_core.package_identification:_identify(src/lbr_fri_ros2_stack/lbr_demos/lbr_demos_fri_ros2_cpp) by extensions ['colcon_meta']
[1.765s] Level 1:colcon.colcon_core.package_identification:_identify(src/lbr_fri_ros2_stack/lbr_demos/lbr_demos_fri_ros2_cpp) by extension 'colcon_meta'
[1.766s] Level 1:colcon.colcon_core.package_identification:_identify(src/lbr_fri_ros2_stack/lbr_demos/lbr_demos_fri_ros2_cpp) by extensions ['ros']
[1.766s] Level 1:colcon.colcon_core.package_identification:_identify(src/lbr_fri_ros2_stack/lbr_demos/lbr_demos_fri_ros2_cpp) by extension 'ros'
[1.766s] DEBUG:colcon.colcon_core.package_identification:Package 'src/lbr_fri_ros2_stack/lbr_demos/lbr_demos_fri_ros2_cpp' with type 'ros.ament_cmake' and name 'lbr_demos_fri_ros2_cpp'
[1.766s] Level 1:colcon.colcon_core.package_identification:_identify(src/lbr_fri_ros2_stack/lbr_demos/lbr_demos_fri_ros2_python) by extensions ['ignore', 'ignore_ament_install']
[1.766s] Level 1:colcon.colcon_core.package_identification:_identify(src/lbr_fri_ros2_stack/lbr_demos/lbr_demos_fri_ros2_python) by extension 'ignore'
[1.766s] Level 1:colcon.colcon_core.package_identification:_identify(src/lbr_fri_ros2_stack/lbr_demos/lbr_demos_fri_ros2_python) by extension 'ignore_ament_install'
[1.766s] Level 1:colcon.colcon_core.package_identification:_identify(src/lbr_fri_ros2_stack/lbr_demos/lbr_demos_fri_ros2_python) by extensions ['colcon_pkg']
[1.766s] Level 1:colcon.colcon_core.package_identification:_identify(src/lbr_fri_ros2_stack/lbr_demos/lbr_demos_fri_ros2_python) by extension 'colcon_pkg'
[1.766s] Level 1:colcon.colcon_core.package_identification:_identify(src/lbr_fri_ros2_stack/lbr_demos/lbr_demos_fri_ros2_python) by extensions ['colcon_meta']
[1.766s] Level 1:colcon.colcon_core.package_identification:_identify(src/lbr_fri_ros2_stack/lbr_demos/lbr_demos_fri_ros2_python) by extension 'colcon_meta'
[1.766s] Level 1:colcon.colcon_core.package_identification:_identify(src/lbr_fri_ros2_stack/lbr_demos/lbr_demos_fri_ros2_python) by extensions ['ros']
[1.766s] Level 1:colcon.colcon_core.package_identification:_identify(src/lbr_fri_ros2_stack/lbr_demos/lbr_demos_fri_ros2_python) by extension 'ros'
[1.766s] DEBUG:colcon.colcon_core.package_identification:Package 'src/lbr_fri_ros2_stack/lbr_demos/lbr_demos_fri_ros2_python' with type 'ros.ament_python' and name 'lbr_demos_fri_ros2_python'
[1.766s] Level 1:colcon.colcon_core.package_identification:_identify(src/lbr_fri_ros2_stack/lbr_demos/lbr_demos_ros2_control_cpp) by extensions ['ignore', 'ignore_ament_install']
[1.766s] Level 1:colcon.colcon_core.package_identification:_identify(src/lbr_fri_ros2_stack/lbr_demos/lbr_demos_ros2_control_cpp) by extension 'ignore'
[1.766s] Level 1:colcon.colcon_core.package_identification:_identify(src/lbr_fri_ros2_stack/lbr_demos/lbr_demos_ros2_control_cpp) by extension 'ignore_ament_install'
[1.766s] Level 1:colcon.colcon_core.package_identification:_identify(src/lbr_fri_ros2_stack/lbr_demos/lbr_demos_ros2_control_cpp) by extensions ['colcon_pkg']
[1.766s] Level 1:colcon.colcon_core.package_identification:_identify(src/lbr_fri_ros2_stack/lbr_demos/lbr_demos_ros2_control_cpp) by extension 'colcon_pkg'
[1.767s] Level 1:colcon.colcon_core.package_identification:_identify(src/lbr_fri_ros2_stack/lbr_demos/lbr_demos_ros2_control_cpp) by extensions ['colcon_meta']
[1.767s] Level 1:colcon.colcon_core.package_identification:_identify(src/lbr_fri_ros2_stack/lbr_demos/lbr_demos_ros2_control_cpp) by extension 'colcon_meta'
[1.767s] Level 1:colcon.colcon_core.package_identification:_identify(src/lbr_fri_ros2_stack/lbr_demos/lbr_demos_ros2_control_cpp) by extensions ['ros']
[1.767s] Level 1:colcon.colcon_core.package_identification:_identify(src/lbr_fri_ros2_stack/lbr_demos/lbr_demos_ros2_control_cpp) by extension 'ros'
[1.767s] DEBUG:colcon.colcon_core.package_identification:Package 'src/lbr_fri_ros2_stack/lbr_demos/lbr_demos_ros2_control_cpp' with type 'ros.ament_cmake' and name 'lbr_demos_ros2_control_cpp'
[1.767s] Level 1:colcon.colcon_core.package_identification:_identify(src/lbr_fri_ros2_stack/lbr_demos/lbr_demos_ros2_control_python) by extensions ['ignore', 'ignore_ament_install']
[1.767s] Level 1:colcon.colcon_core.package_identification:_identify(src/lbr_fri_ros2_stack/lbr_demos/lbr_demos_ros2_control_python) by extension 'ignore'
[1.767s] Level 1:colcon.colcon_core.package_identification:_identify(src/lbr_fri_ros2_stack/lbr_demos/lbr_demos_ros2_control_python) by extension 'ignore_ament_install'
[1.767s] Level 1:colcon.colcon_core.package_identification:_identify(src/lbr_fri_ros2_stack/lbr_demos/lbr_demos_ros2_control_python) by extensions ['colcon_pkg']
[1.767s] Level 1:colcon.colcon_core.package_identification:_identify(src/lbr_fri_ros2_stack/lbr_demos/lbr_demos_ros2_control_python) by extension 'colcon_pkg'
[1.767s] Level 1:colcon.colcon_core.package_identification:_identify(src/lbr_fri_ros2_stack/lbr_demos/lbr_demos_ros2_control_python) by extensions ['colcon_meta']
[1.767s] Level 1:colcon.colcon_core.package_identification:_identify(src/lbr_fri_ros2_stack/lbr_demos/lbr_demos_ros2_control_python) by extension 'colcon_meta'
[1.767s] Level 1:colcon.colcon_core.package_identification:_identify(src/lbr_fri_ros2_stack/lbr_demos/lbr_demos_ros2_control_python) by extensions ['ros']
[1.767s] Level 1:colcon.colcon_core.package_identification:_identify(src/lbr_fri_ros2_stack/lbr_demos/lbr_demos_ros2_control_python) by extension 'ros'
[1.768s] DEBUG:colcon.colcon_core.package_identification:Package 'src/lbr_fri_ros2_stack/lbr_demos/lbr_demos_ros2_control_python' with type 'ros.ament_python' and name 'lbr_demos_ros2_control_python'
[1.768s] Level 1:colcon.colcon_core.package_identification:_identify(src/lbr_fri_ros2_stack/lbr_description) by extensions ['ignore', 'ignore_ament_install']
[1.768s] Level 1:colcon.colcon_core.package_identification:_identify(src/lbr_fri_ros2_stack/lbr_description) by extension 'ignore'
[1.768s] Level 1:colcon.colcon_core.package_identification:_identify(src/lbr_fri_ros2_stack/lbr_description) by extension 'ignore_ament_install'
[1.768s] Level 1:colcon.colcon_core.package_identification:_identify(src/lbr_fri_ros2_stack/lbr_description) by extensions ['colcon_pkg']
[1.768s] Level 1:colcon.colcon_core.package_identification:_identify(src/lbr_fri_ros2_stack/lbr_description) by extension 'colcon_pkg'
[1.768s] Level 1:colcon.colcon_core.package_identification:_identify(src/lbr_fri_ros2_stack/lbr_description) by extensions ['colcon_meta']
[1.768s] Level 1:colcon.colcon_core.package_identification:_identify(src/lbr_fri_ros2_stack/lbr_description) by extension 'colcon_meta'
[1.768s] Level 1:colcon.colcon_core.package_identification:_identify(src/lbr_fri_ros2_stack/lbr_description) by extensions ['ros']
[1.768s] Level 1:colcon.colcon_core.package_identification:_identify(src/lbr_fri_ros2_stack/lbr_description) by extension 'ros'
[1.768s] DEBUG:colcon.colcon_core.package_identification:Package 'src/lbr_fri_ros2_stack/lbr_description' with type 'ros.ament_cmake' and name 'lbr_description'
[1.768s] Level 1:colcon.colcon_core.package_identification:_identify(src/lbr_fri_ros2_stack/lbr_fri_msgs) by extensions ['ignore', 'ignore_ament_install']
[1.768s] Level 1:colcon.colcon_core.package_identification:_identify(src/lbr_fri_ros2_stack/lbr_fri_msgs) by extension 'ignore'
[1.768s] Level 1:colcon.colcon_core.package_identification:_identify(src/lbr_fri_ros2_stack/lbr_fri_msgs) by extension 'ignore_ament_install'
[1.768s] Level 1:colcon.colcon_core.package_identification:_identify(src/lbr_fri_ros2_stack/lbr_fri_msgs) by extensions ['colcon_pkg']
[1.768s] Level 1:colcon.colcon_core.package_identification:_identify(src/lbr_fri_ros2_stack/lbr_fri_msgs) by extension 'colcon_pkg'
[1.768s] Level 1:colcon.colcon_core.package_identification:_identify(src/lbr_fri_ros2_stack/lbr_fri_msgs) by extensions ['colcon_meta']
[1.768s] Level 1:colcon.colcon_core.package_identification:_identify(src/lbr_fri_ros2_stack/lbr_fri_msgs) by extension 'colcon_meta'
[1.768s] Level 1:colcon.colcon_core.package_identification:_identify(src/lbr_fri_ros2_stack/lbr_fri_msgs) by extensions ['ros']
[1.768s] Level 1:colcon.colcon_core.package_identification:_identify(src/lbr_fri_ros2_stack/lbr_fri_msgs) by extension 'ros'
[1.769s] DEBUG:colcon.colcon_core.package_identification:Package 'src/lbr_fri_ros2_stack/lbr_fri_msgs' with type 'ros.ament_cmake' and name 'lbr_fri_msgs'
[1.769s] Level 1:colcon.colcon_core.package_identification:_identify(src/lbr_fri_ros2_stack/lbr_fri_ros2) by extensions ['ignore', 'ignore_ament_install']
[1.769s] Level 1:colcon.colcon_core.package_identification:_identify(src/lbr_fri_ros2_stack/lbr_fri_ros2) by extension 'ignore'
[1.769s] Level 1:colcon.colcon_core.package_identification:_identify(src/lbr_fri_ros2_stack/lbr_fri_ros2) by extension 'ignore_ament_install'
[1.769s] Level 1:colcon.colcon_core.package_identification:_identify(src/lbr_fri_ros2_stack/lbr_fri_ros2) by extensions ['colcon_pkg']
[1.769s] Level 1:colcon.colcon_core.package_identification:_identify(src/lbr_fri_ros2_stack/lbr_fri_ros2) by extension 'colcon_pkg'
[1.769s] Level 1:colcon.colcon_core.package_identification:_identify(src/lbr_fri_ros2_stack/lbr_fri_ros2) by extensions ['colcon_meta']
[1.769s] Level 1:colcon.colcon_core.package_identification:_identify(src/lbr_fri_ros2_stack/lbr_fri_ros2) by extension 'colcon_meta'
[1.769s] Level 1:colcon.colcon_core.package_identification:_identify(src/lbr_fri_ros2_stack/lbr_fri_ros2) by extensions ['ros']
[1.769s] Level 1:colcon.colcon_core.package_identification:_identify(src/lbr_fri_ros2_stack/lbr_fri_ros2) by extension 'ros'
[1.769s] DEBUG:colcon.colcon_core.package_identification:Package 'src/lbr_fri_ros2_stack/lbr_fri_ros2' with type 'ros.ament_cmake' and name 'lbr_fri_ros2'
[1.769s] Level 1:colcon.colcon_core.package_identification:_identify(src/lbr_fri_ros2_stack/lbr_fri_ros2_stack) by extensions ['ignore', 'ignore_ament_install']
[1.769s] Level 1:colcon.colcon_core.package_identification:_identify(src/lbr_fri_ros2_stack/lbr_fri_ros2_stack) by extension 'ignore'
[1.769s] Level 1:colcon.colcon_core.package_identification:_identify(src/lbr_fri_ros2_stack/lbr_fri_ros2_stack) by extension 'ignore_ament_install'
[1.769s] Level 1:colcon.colcon_core.package_identification:_identify(src/lbr_fri_ros2_stack/lbr_fri_ros2_stack) by extensions ['colcon_pkg']
[1.769s] Level 1:colcon.colcon_core.package_identification:_identify(src/lbr_fri_ros2_stack/lbr_fri_ros2_stack) by extension 'colcon_pkg'
[1.769s] Level 1:colcon.colcon_core.package_identification:_identify(src/lbr_fri_ros2_stack/lbr_fri_ros2_stack) by extensions ['colcon_meta']
[1.769s] Level 1:colcon.colcon_core.package_identification:_identify(src/lbr_fri_ros2_stack/lbr_fri_ros2_stack) by extension 'colcon_meta'
[1.770s] Level 1:colcon.colcon_core.package_identification:_identify(src/lbr_fri_ros2_stack/lbr_fri_ros2_stack) by extensions ['ros']
[1.770s] Level 1:colcon.colcon_core.package_identification:_identify(src/lbr_fri_ros2_stack/lbr_fri_ros2_stack) by extension 'ros'
[1.770s] DEBUG:colcon.colcon_core.package_identification:Package 'src/lbr_fri_ros2_stack/lbr_fri_ros2_stack' with type 'ros.ament_cmake' and name 'lbr_fri_ros2_stack'
[1.770s] Level 1:colcon.colcon_core.package_identification:_identify(src/lbr_fri_ros2_stack/lbr_hardware_interface) by extensions ['ignore', 'ignore_ament_install']
[1.770s] Level 1:colcon.colcon_core.package_identification:_identify(src/lbr_fri_ros2_stack/lbr_hardware_interface) by extension 'ignore'
[1.770s] Level 1:colcon.colcon_core.package_identification:_identify(src/lbr_fri_ros2_stack/lbr_hardware_interface) by extension 'ignore_ament_install'
[1.770s] Level 1:colcon.colcon_core.package_identification:_identify(src/lbr_fri_ros2_stack/lbr_hardware_interface) by extensions ['colcon_pkg']
[1.770s] Level 1:colcon.colcon_core.package_identification:_identify(src/lbr_fri_ros2_stack/lbr_hardware_interface) by extension 'colcon_pkg'
[1.770s] Level 1:colcon.colcon_core.package_identification:_identify(src/lbr_fri_ros2_stack/lbr_hardware_interface) by extensions ['colcon_meta']
[1.770s] Level 1:colcon.colcon_core.package_identification:_identify(src/lbr_fri_ros2_stack/lbr_hardware_interface) by extension 'colcon_meta'
[1.770s] Level 1:colcon.colcon_core.package_identification:_identify(src/lbr_fri_ros2_stack/lbr_hardware_interface) by extensions ['ros']
[1.770s] Level 1:colcon.colcon_core.package_identification:_identify(src/lbr_fri_ros2_stack/lbr_hardware_interface) by extension 'ros'
[1.770s] DEBUG:colcon.colcon_core.package_identification:Package 'src/lbr_fri_ros2_stack/lbr_hardware_interface' with type 'ros.ament_cmake' and name 'lbr_hardware_interface'
[1.771s] Level 1:colcon.colcon_core.package_identification:_identify(src/lbr_fri_ros2_stack/lbr_moveit) by extensions ['ignore', 'ignore_ament_install']
[1.771s] Level 1:colcon.colcon_core.package_identification:_identify(src/lbr_fri_ros2_stack/lbr_moveit) by extension 'ignore'
[1.771s] Level 1:colcon.colcon_core.package_identification:_identify(src/lbr_fri_ros2_stack/lbr_moveit) by extension 'ignore_ament_install'
[1.771s] Level 1:colcon.colcon_core.package_identification:_identify(src/lbr_fri_ros2_stack/lbr_moveit) by extensions ['colcon_pkg']
[1.771s] Level 1:colcon.colcon_core.package_identification:_identify(src/lbr_fri_ros2_stack/lbr_moveit) by extension 'colcon_pkg'
[1.771s] Level 1:colcon.colcon_core.package_identification:_identify(src/lbr_fri_ros2_stack/lbr_moveit) by extensions ['colcon_meta']
[1.771s] Level 1:colcon.colcon_core.package_identification:_identify(src/lbr_fri_ros2_stack/lbr_moveit) by extension 'colcon_meta'
[1.771s] Level 1:colcon.colcon_core.package_identification:_identify(src/lbr_fri_ros2_stack/lbr_moveit) by extensions ['ros']
[1.771s] Level 1:colcon.colcon_core.package_identification:_identify(src/lbr_fri_ros2_stack/lbr_moveit) by extension 'ros'
[1.771s] DEBUG:colcon.colcon_core.package_identification:Package 'src/lbr_fri_ros2_stack/lbr_moveit' with type 'ros.ament_cmake' and name 'lbr_moveit'
[1.771s] Level 1:colcon.colcon_core.package_identification:_identify(src/lbr_fri_ros2_stack/vision) by extensions ['ignore', 'ignore_ament_install']
[1.771s] Level 1:colcon.colcon_core.package_identification:_identify(src/lbr_fri_ros2_stack/vision) by extension 'ignore'
[1.771s] Level 1:colcon.colcon_core.package_identification:_identify(src/lbr_fri_ros2_stack/vision) by extension 'ignore_ament_install'
[1.771s] Level 1:colcon.colcon_core.package_identification:_identify(src/lbr_fri_ros2_stack/vision) by extensions ['colcon_pkg']
[1.771s] Level 1:colcon.colcon_core.package_identification:_identify(src/lbr_fri_ros2_stack/vision) by extension 'colcon_pkg'
[1.771s] Level 1:colcon.colcon_core.package_identification:_identify(src/lbr_fri_ros2_stack/vision) by extensions ['colcon_meta']
[1.771s] Level 1:colcon.colcon_core.package_identification:_identify(src/lbr_fri_ros2_stack/vision) by extension 'colcon_meta'
[1.771s] Level 1:colcon.colcon_core.package_identification:_identify(src/lbr_fri_ros2_stack/vision) by extensions ['ros']
[1.771s] Level 1:colcon.colcon_core.package_identification:_identify(src/lbr_fri_ros2_stack/vision) by extension 'ros'
[1.771s] Level 1:colcon.colcon_core.package_identification:_identify(src/lbr_fri_ros2_stack/vision) by extensions ['cmake', 'python']
[1.771s] Level 1:colcon.colcon_core.package_identification:_identify(src/lbr_fri_ros2_stack/vision) by extension 'cmake'
[1.771s] Level 1:colcon.colcon_core.package_identification:_identify(src/lbr_fri_ros2_stack/vision) by extension 'python'
[1.771s] Level 1:colcon.colcon_core.package_identification:_identify(src/lbr_fri_ros2_stack/vision) by extensions ['python_setup_py']
[1.771s] Level 1:colcon.colcon_core.package_identification:_identify(src/lbr_fri_ros2_stack/vision) by extension 'python_setup_py'
[1.771s] Level 1:colcon.colcon_core.package_identification:_identify(src/lbr_fri_ros2_stack/vision/visual_servo) by extensions ['ignore', 'ignore_ament_install']
[1.771s] Level 1:colcon.colcon_core.package_identification:_identify(src/lbr_fri_ros2_stack/vision/visual_servo) by extension 'ignore'
[1.771s] Level 1:colcon.colcon_core.package_identification:_identify(src/lbr_fri_ros2_stack/vision/visual_servo) by extension 'ignore_ament_install'
[1.771s] Level 1:colcon.colcon_core.package_identification:_identify(src/lbr_fri_ros2_stack/vision/visual_servo) by extensions ['colcon_pkg']
[1.771s] Level 1:colcon.colcon_core.package_identification:_identify(src/lbr_fri_ros2_stack/vision/visual_servo) by extension 'colcon_pkg'
[1.771s] Level 1:colcon.colcon_core.package_identification:_identify(src/lbr_fri_ros2_stack/vision/visual_servo) by extensions ['colcon_meta']
[1.771s] Level 1:colcon.colcon_core.package_identification:_identify(src/lbr_fri_ros2_stack/vision/visual_servo) by extension 'colcon_meta'
[1.771s] Level 1:colcon.colcon_core.package_identification:_identify(src/lbr_fri_ros2_stack/vision/visual_servo) by extensions ['ros']
[1.771s] Level 1:colcon.colcon_core.package_identification:_identify(src/lbr_fri_ros2_stack/vision/visual_servo) by extension 'ros'
[1.772s] DEBUG:colcon.colcon_core.package_identification:Package 'src/lbr_fri_ros2_stack/vision/visual_servo' with type 'ros.ament_python' and name 'visual_servo'
[1.772s] Level 1:colcon.colcon_core.package_discovery:discover_packages(recursive) using defaults
[1.772s] Level 1:colcon.colcon_core.package_discovery:discover_packages(ignore) discover
[1.772s] Level 1:colcon.colcon_core.package_discovery:discover_packages(ignore) using defaults
[1.772s] Level 1:colcon.colcon_core.package_discovery:discover_packages(path) discover
[1.772s] Level 1:colcon.colcon_core.package_discovery:discover_packages(path) using defaults
[1.861s] INFO:colcon.colcon_core.package_selection:Skipping not selected package 'fri_vendor' in 'src/fri_vendor'
[1.861s] INFO:colcon.colcon_core.package_selection:Skipping not selected package 'lbr_description' in 'src/lbr_fri_ros2_stack/lbr_description'
[1.861s] INFO:colcon.colcon_core.package_selection:Skipping not selected package 'lbr_fri_msgs' in 'src/lbr_fri_ros2_stack/lbr_fri_msgs'
[1.861s] INFO:colcon.colcon_core.package_selection:Skipping not selected package 'lbr_moveit' in 'src/lbr_fri_ros2_stack/lbr_moveit'
[1.861s] INFO:colcon.colcon_core.package_selection:Skipping not selected package 'workspace_controller' in 'src/lbr_fri_ros2_stack/control/workspace_controller'
[1.861s] INFO:colcon.colcon_core.package_selection:Skipping not selected package 'lbr_fri_ros2' in 'src/lbr_fri_ros2_stack/lbr_fri_ros2'
[1.861s] INFO:colcon.colcon_core.package_selection:Skipping not selected package 'lbr_demos_fri_ros2_advanced_python' in 'src/lbr_fri_ros2_stack/lbr_demos/lbr_demos_fri_ros2_advanced_python'
[1.861s] INFO:colcon.colcon_core.package_selection:Skipping not selected package 'lbr_demos_fri_ros2_cpp' in 'src/lbr_fri_ros2_stack/lbr_demos/lbr_demos_fri_ros2_cpp'
[1.861s] INFO:colcon.colcon_core.package_selection:Skipping not selected package 'lbr_demos_fri_ros2_python' in 'src/lbr_fri_ros2_stack/lbr_demos/lbr_demos_fri_ros2_python'
[1.861s] INFO:colcon.colcon_core.package_selection:Skipping not selected package 'lbr_hardware_interface' in 'src/lbr_fri_ros2_stack/lbr_hardware_interface'
[1.861s] INFO:colcon.colcon_core.package_selection:Skipping not selected package 'lbr_bringup' in 'src/lbr_fri_ros2_stack/lbr_bringup'
[1.861s] INFO:colcon.colcon_core.package_selection:Skipping not selected package 'lbr_demos_ros2_control_cpp' in 'src/lbr_fri_ros2_stack/lbr_demos/lbr_demos_ros2_control_cpp'
[1.861s] INFO:colcon.colcon_core.package_selection:Skipping not selected package 'lbr_demos_ros2_control_python' in 'src/lbr_fri_ros2_stack/lbr_demos/lbr_demos_ros2_control_python'
[1.861s] INFO:colcon.colcon_core.package_selection:Skipping not selected package 'lbr_fri_ros2_stack' in 'src/lbr_fri_ros2_stack/lbr_fri_ros2_stack'
[1.913s] Level 1:colcon.colcon_core.package_discovery:discover_packages(prefix_path) check parameters
[1.913s] Level 1:colcon.colcon_core.package_discovery:discover_packages(prefix_path) discover
[1.972s] DEBUG:colcon.colcon_installed_package_information.package_discovery:Found 18 installed packages in /home/pingpongproject/code/ping-pong-robot/lbr_fri_ros2_stack_ws_foxy2/install
[1.972s] Level 1:colcon.colcon_core.package_discovery:discover_packages(prefix_path) using defaults
[2.025s] Level 5:colcon.colcon_core.verb:set package 'visual_servo' build argument 'cmake_args' from command line to 'None'
[2.025s] Level 5:colcon.colcon_core.verb:set package 'visual_servo' build argument 'cmake_target' from command line to 'None'
[2.025s] Level 5:colcon.colcon_core.verb:set package 'visual_servo' build argument 'cmake_target_skip_unavailable' from command line to 'False'
[2.025s] Level 5:colcon.colcon_core.verb:set package 'visual_servo' build argument 'cmake_clean_cache' from command line to 'False'
[2.025s] Level 5:colcon.colcon_core.verb:set package 'visual_servo' build argument 'cmake_clean_first' from command line to 'False'
[2.025s] Level 5:colcon.colcon_core.verb:set package 'visual_servo' build argument 'cmake_force_configure' from command line to 'False'
[2.025s] Level 5:colcon.colcon_core.verb:set package 'visual_servo' build argument 'ament_cmake_args' from command line to 'None'
[2.025s] Level 5:colcon.colcon_core.verb:set package 'visual_servo' build argument 'catkin_cmake_args' from command line to 'None'
[2.025s] Level 5:colcon.colcon_core.verb:set package 'visual_servo' build argument 'catkin_skip_building_tests' from command line to 'False'
[2.025s] DEBUG:colcon.colcon_core.verb:Building package 'visual_servo' with the following arguments: {'ament_cmake_args': None, 'build_base': '/home/pingpongproject/code/ping-pong-robot/lbr_fri_ros2_stack_ws_foxy2/build/visual_servo', 'catkin_cmake_args': None, 'catkin_skip_building_tests': False, 'cmake_args': None, 'cmake_clean_cache': False, 'cmake_clean_first': False, 'cmake_force_configure': False, 'cmake_target': None, 'cmake_target_skip_unavailable': False, 'install_base': '/home/pingpongproject/code/ping-pong-robot/lbr_fri_ros2_stack_ws_foxy2/install/visual_servo', 'merge_install': False, 'path': '/home/pingpongproject/code/ping-pong-robot/lbr_fri_ros2_stack_ws_foxy2/src/lbr_fri_ros2_stack/vision/visual_servo', 'symlink_install': False, 'test_result_base': None}
[2.051s] INFO:colcon.colcon_core.executor:Executing jobs using 'parallel' executor
[2.078s] DEBUG:colcon.colcon_parallel_executor.executor.parallel:run_until_complete
[2.078s] INFO:colcon.colcon_ros.task.ament_python.build:Building ROS package in '/home/pingpongproject/code/ping-pong-robot/lbr_fri_ros2_stack_ws_foxy2/src/lbr_fri_ros2_stack/vision/visual_servo' with build type 'ament_python'
[2.078s] Level 1:colcon.colcon_core.shell:create_environment_hook('visual_servo', 'ament_prefix_path')
[2.106s] INFO:colcon.colcon_core.plugin_system:Skipping extension 'colcon_core.shell.bat': Not used on non-Windows systems
[2.106s] INFO:colcon.colcon_core.shell:Creating environment hook '/home/pingpongproject/code/ping-pong-robot/lbr_fri_ros2_stack_ws_foxy2/install/visual_servo/share/visual_servo/hook/ament_prefix_path.ps1'
[2.106s] INFO:colcon.colcon_core.shell:Creating environment descriptor '/home/pingpongproject/code/ping-pong-robot/lbr_fri_ros2_stack_ws_foxy2/install/visual_servo/share/visual_servo/hook/ament_prefix_path.dsv'
[2.106s] INFO:colcon.colcon_core.shell:Creating environment hook '/home/pingpongproject/code/ping-pong-robot/lbr_fri_ros2_stack_ws_foxy2/install/visual_servo/share/visual_servo/hook/ament_prefix_path.sh'
[2.133s] INFO:colcon.colcon_core.shell:Skip shell extension 'powershell' for command environment: Not usable outside of PowerShell
[2.133s] DEBUG:colcon.colcon_core.shell:Skip shell extension 'dsv' for command environment
[2.347s] INFO:colcon.colcon_core.task.python.build:Building Python package in '/home/pingpongproject/code/ping-pong-robot/lbr_fri_ros2_stack_ws_foxy2/src/lbr_fri_ros2_stack/vision/visual_servo'
[2.375s] INFO:colcon.colcon_core.shell:Skip shell extension 'powershell' for command environment: Not usable outside of PowerShell
[2.375s] DEBUG:colcon.colcon_core.shell:Skip shell extension 'dsv' for command environment
[2.732s] DEBUG:colcon.colcon_core.event_handler.log_command:Invoking command in '/home/pingpongproject/code/ping-pong-robot/lbr_fri_ros2_stack_ws_foxy2/src/lbr_fri_ros2_stack/vision/visual_servo': CMAKE_PREFIX_PATH=/home/pingpongproject/code/ping-pong-robot/lbr_fri_ros2_stack_ws_foxy2/install/lbr_bringup:/home/pingpongproject/code/ping-pong-robot/lbr_fri_ros2_stack_ws_foxy2/install/lbr_hardware_interface:/home/pingpongproject/code/ping-pong-robot/lbr_fri_ros2_stack_ws_foxy2/install/lbr_fri_ros2:/home/pingpongproject/code/ping-pong-robot/lbr_fri_ros2_stack_ws_foxy2/install/lbr_fri_msgs:/home/pingpongproject/code/ping-pong-robot/lbr_fri_ros2_stack_ws_foxy2/install/lbr_description:/home/pingpongproject/code/ping-pong-robot/lbr_fri_ros2_stack_ws_foxy2/install/fri_vendor:/home/pingpongproject/code/ping-pong-robot/lbr_fri_ros2_stack_ws_foxy2/install/ppr_interfaces:/home/pingpongproject/code/ping-pong-robot/lbr_fri_ros2_stack_ws_foxy2/install/lbr_fri_ros2_stack:/home/pingpongproject/code/ping-pong-robot/lbr_fri_ros2_stack_ws_foxy2/install/lbr_moveit:/home/pingpongproject/code/ping-pong-robot/lbr_fri_ros2_stack_ws_foxy2/install/lbr_demos_ros2_control_cpp:/home/pingpongproject/code/ping-pong-robot/lbr_fri_ros2_stack_ws_foxy2/install/lbr_demos_fri_ros2_cpp:/home/pingpongproject/code/ping-pong-robot/lbr_fri_ros2_stack_ws_foxy2/install/cv_bridge LD_LIBRARY_PATH=/home/pingpongproject/code/ping-pong-robot/lbr_fri_ros2_stack_ws_foxy2/install/lbr_fri_ros2/lib:/home/pingpongproject/code/ping-pong-robot/lbr_fri_ros2_stack_ws_foxy2/install/lbr_fri_msgs/lib:/home/pingpongproject/code/ping-pong-robot/lbr_fri_ros2_stack_ws_foxy2/install/fri_vendor/lib:/home/pingpongproject/code/ping-pong-robot/lbr_fri_ros2_stack_ws_foxy2/install/ppr_interfaces/lib:/home/pingpongproject/code/ping-pong-robot/lbr_fri_ros2_stack_ws_foxy2/install/lbr_hardware_interface/lib:/home/pingpongproject/code/ping-pong-robot/lbr_fri_ros2_stack_ws_foxy2/install/cv_bridge/lib:/usr/local/cuda/lib64 PYTHONPATH=/home/pingpongproject/code/ping-pong-robot/lbr_fri_ros2_stack_ws_foxy2/build/visual_servo/prefix_override:/home/pingpongproject/code/ping-pong-robot/lbr_fri_ros2_stack_ws_foxy2/install/visual_servo/lib/python3.8/site-packages:/home/pingpongproject/code/ping-pong-robot/lbr_fri_ros2_stack_ws_foxy2/install/lbr_hardware_interface/lib/python3.8/site-packages:/home/pingpongproject/code/ping-pong-robot/lbr_fri_ros2_stack_ws_foxy2/install/lbr_fri_ros2/lib/python3.8/site-packages:/home/pingpongproject/code/ping-pong-robot/lbr_fri_ros2_stack_ws_foxy2/install/lbr_fri_msgs/lib/python3.8/site-packages:/home/pingpongproject/code/ping-pong-robot/lbr_fri_ros2_stack_ws_foxy2/install/lbr_description/lib/python3.8/site-packages:/home/pingpongproject/code/ping-pong-robot/lbr_fri_ros2_stack_ws_foxy2/install/workspace_controller/lib/python3.8/site-packages:/home/pingpongproject/code/ping-pong-robot/lbr_fri_ros2_stack_ws_foxy2/install/camera_feed/lib/python3.8/site-packages:/home/pingpongproject/code/ping-pong-robot/lbr_fri_ros2_stack_ws_foxy2/install/ppr_interfaces/lib/python3.8/site-packages:/home/pingpongproject/code/ping-pong-robot/lbr_fri_ros2_stack_ws_foxy2/install/lbr_demos_ros2_control_python/lib/python3.8/site-packages:/home/pingpongproject/code/ping-pong-robot/lbr_fri_ros2_stack_ws_foxy2/install/lbr_demos_fri_ros2_python/lib/python3.8/site-packages:/home/pingpongproject/code/ping-pong-robot/lbr_fri_ros2_stack_ws_foxy2/install/lbr_demos_fri_ros2_advanced_python/lib/python3.8/site-packages:/home/pingpongproject/code/ping-pong-robot/lbr_fri_ros2_stack_ws_foxy2/install/cv_bridge/lib/python3.8/site-packages:/home/pingpongproject/code/ping-pong-robot/vision /usr/bin/python3 setup.py egg_info --egg-base ../../../../build/visual_servo build --build-base /home/pingpongproject/code/ping-pong-robot/lbr_fri_ros2_stack_ws_foxy2/build/visual_servo/build install --record /home/pingpongproject/code/ping-pong-robot/lbr_fri_ros2_stack_ws_foxy2/build/visual_servo/install.log --install-scripts $base/lib/visual_servo --single-version-externally-managed
[2.900s] DEBUG:colcon.colcon_core.event_handler.log_command:Invoked command in '/home/pingpongproject/code/ping-pong-robot/lbr_fri_ros2_stack_ws_foxy2/src/lbr_fri_ros2_stack/vision/visual_servo' returned '1': CMAKE_PREFIX_PATH=/home/pingpongproject/code/ping-pong-robot/lbr_fri_ros2_stack_ws_foxy2/install/lbr_bringup:/home/pingpongproject/code/ping-pong-robot/lbr_fri_ros2_stack_ws_foxy2/install/lbr_hardware_interface:/home/pingpongproject/code/ping-pong-robot/lbr_fri_ros2_stack_ws_foxy2/install/lbr_fri_ros2:/home/pingpongproject/code/ping-pong-robot/lbr_fri_ros2_stack_ws_foxy2/install/lbr_fri_msgs:/home/pingpongproject/code/ping-pong-robot/lbr_fri_ros2_stack_ws_foxy2/install/lbr_description:/home/pingpongproject/code/ping-pong-robot/lbr_fri_ros2_stack_ws_foxy2/install/fri_vendor:/home/pingpongproject/code/ping-pong-robot/lbr_fri_ros2_stack_ws_foxy2/install/ppr_interfaces:/home/pingpongproject/code/ping-pong-robot/lbr_fri_ros2_stack_ws_foxy2/install/lbr_fri_ros2_stack:/home/pingpongproject/code/ping-pong-robot/lbr_fri_ros2_stack_ws_foxy2/install/lbr_moveit:/home/pingpongproject/code/ping-pong-robot/lbr_fri_ros2_stack_ws_foxy2/install/lbr_demos_ros2_control_cpp:/home/pingpongproject/code/ping-pong-robot/lbr_fri_ros2_stack_ws_foxy2/install/lbr_demos_fri_ros2_cpp:/home/pingpongproject/code/ping-pong-robot/lbr_fri_ros2_stack_ws_foxy2/install/cv_bridge LD_LIBRARY_PATH=/home/pingpongproject/code/ping-pong-robot/lbr_fri_ros2_stack_ws_foxy2/install/lbr_fri_ros2/lib:/home/pingpongproject/code/ping-pong-robot/lbr_fri_ros2_stack_ws_foxy2/install/lbr_fri_msgs/lib:/home/pingpongproject/code/ping-pong-robot/lbr_fri_ros2_stack_ws_foxy2/install/fri_vendor/lib:/home/pingpongproject/code/ping-pong-robot/lbr_fri_ros2_stack_ws_foxy2/install/ppr_interfaces/lib:/home/pingpongproject/code/ping-pong-robot/lbr_fri_ros2_stack_ws_foxy2/install/lbr_hardware_interface/lib:/home/pingpongproject/code/ping-pong-robot/lbr_fri_ros2_stack_ws_foxy2/install/cv_bridge/lib:/usr/local/cuda/lib64 PYTHONPATH=/home/pingpongproject/code/ping-pong-robot/lbr_fri_ros2_stack_ws_foxy2/build/visual_servo/prefix_override:/home/pingpongproject/code/ping-pong-robot/lbr_fri_ros2_stack_ws_foxy2/install/visual_servo/lib/python3.8/site-packages:/home/pingpongproject/code/ping-pong-robot/lbr_fri_ros2_stack_ws_foxy2/install/lbr_hardware_interface/lib/python3.8/site-packages:/home/pingpongproject/code/ping-pong-robot/lbr_fri_ros2_stack_ws_foxy2/install/lbr_fri_ros2/lib/python3.8/site-packages:/home/pingpongproject/code/ping-pong-robot/lbr_fri_ros2_stack_ws_foxy2/install/lbr_fri_msgs/lib/python3.8/site-packages:/home/pingpongproject/code/ping-pong-robot/lbr_fri_ros2_stack_ws_foxy2/install/lbr_description/lib/python3.8/site-packages:/home/pingpongproject/code/ping-pong-robot/lbr_fri_ros2_stack_ws_foxy2/install/workspace_controller/lib/python3.8/site-packages:/home/pingpongproject/code/ping-pong-robot/lbr_fri_ros2_stack_ws_foxy2/install/camera_feed/lib/python3.8/site-packages:/home/pingpongproject/code/ping-pong-robot/lbr_fri_ros2_stack_ws_foxy2/install/ppr_interfaces/lib/python3.8/site-packages:/home/pingpongproject/code/ping-pong-robot/lbr_fri_ros2_stack_ws_foxy2/install/lbr_demos_ros2_control_python/lib/python3.8/site-packages:/home/pingpongproject/code/ping-pong-robot/lbr_fri_ros2_stack_ws_foxy2/install/lbr_demos_fri_ros2_python/lib/python3.8/site-packages:/home/pingpongproject/code/ping-pong-robot/lbr_fri_ros2_stack_ws_foxy2/install/lbr_demos_fri_ros2_advanced_python/lib/python3.8/site-packages:/home/pingpongproject/code/ping-pong-robot/lbr_fri_ros2_stack_ws_foxy2/install/cv_bridge/lib/python3.8/site-packages:/home/pingpongproject/code/ping-pong-robot/vision /usr/bin/python3 setup.py egg_info --egg-base ../../../../build/visual_servo build --build-base /home/pingpongproject/code/ping-pong-robot/lbr_fri_ros2_stack_ws_foxy2/build/visual_servo/build install --record /home/pingpongproject/code/ping-pong-robot/lbr_fri_ros2_stack_ws_foxy2/build/visual_servo/install.log --install-scripts $base/lib/visual_servo --single-version-externally-managed
[2.910s] DEBUG:colcon.colcon_parallel_executor.executor.parallel:closing loop
[2.910s] DEBUG:colcon.colcon_parallel_executor.executor.parallel:loop closed
[2.910s] DEBUG:colcon.colcon_parallel_executor.executor.parallel:run_until_complete finished with '1'
[2.910s] DEBUG:colcon.colcon_core.event_reactor:joining thread
[2.940s] INFO:colcon.colcon_core.plugin_system:Skipping extension 'colcon_notification.desktop_notification.terminal_notifier': Not used on non-Darwin systems
[2.941s] INFO:colcon.colcon_core.plugin_system:Skipping extension 'colcon_notification.desktop_notification.win32': Not used on non-Windows systems
[2.941s] INFO:colcon.colcon_notification.desktop_notification:Sending desktop notification using 'notify2'
[2.956s] DEBUG:colcon.colcon_core.event_reactor:joined thread
[2.982s] INFO:colcon.colcon_core.shell:Creating prefix script '/home/pingpongproject/code/ping-pong-robot/lbr_fri_ros2_stack_ws_foxy2/install/local_setup.ps1'
[2.983s] INFO:colcon.colcon_core.shell:Creating prefix util module '/home/pingpongproject/code/ping-pong-robot/lbr_fri_ros2_stack_ws_foxy2/install/_local_setup_util_ps1.py'
[2.984s] INFO:colcon.colcon_core.shell:Creating prefix chain script '/home/pingpongproject/code/ping-pong-robot/lbr_fri_ros2_stack_ws_foxy2/install/setup.ps1'
[3.011s] INFO:colcon.colcon_core.shell:Creating prefix script '/home/pingpongproject/code/ping-pong-robot/lbr_fri_ros2_stack_ws_foxy2/install/local_setup.sh'
[3.011s] INFO:colcon.colcon_core.shell:Creating prefix util module '/home/pingpongproject/code/ping-pong-robot/lbr_fri_ros2_stack_ws_foxy2/install/_local_setup_util_sh.py'
[3.011s] INFO:colcon.colcon_core.shell:Creating prefix chain script '/home/pingpongproject/code/ping-pong-robot/lbr_fri_ros2_stack_ws_foxy2/install/setup.sh'
[3.038s] INFO:colcon.colcon_core.shell:Creating prefix script '/home/pingpongproject/code/ping-pong-robot/lbr_fri_ros2_stack_ws_foxy2/install/local_setup.bash'
[3.038s] INFO:colcon.colcon_core.shell:Creating prefix chain script '/home/pingpongproject/code/ping-pong-robot/lbr_fri_ros2_stack_ws_foxy2/install/setup.bash'
[3.066s] INFO:colcon.colcon_core.shell:Creating prefix script '/home/pingpongproject/code/ping-pong-robot/lbr_fri_ros2_stack_ws_foxy2/install/local_setup.zsh'
[3.066s] INFO:colcon.colcon_core.shell:Creating prefix chain script '/home/pingpongproject/code/ping-pong-robot/lbr_fri_ros2_stack_ws_foxy2/install/setup.zsh'
