[0.033s] Invoking command in '/home/dvij/ee206-project/ping-pong-robot/ppr_ws/build/external_torque_sensor_broadcaster': CMAKE_PREFIX_PATH=/opt/ros/galactic:${CMAKE_PREFIX_PATH} CONDA_PROMPT_MODIFIER=(base) /usr/local/bin/cmake /home/dvij/ee206-project/ping-pong-robot/ppr_ws/src/iiwa_ros2/iiwa_controllers/external_torque_sensor_broadcaster -DCMAKE_INSTALL_PREFIX=/home/dvij/ee206-project/ping-pong-robot/ppr_ws/install/external_torque_sensor_broadcaster
[0.239s] -- Found ament_cmake: 1.1.6 (/opt/ros/galactic/share/ament_cmake/cmake)
[0.239s] -- Found PythonInterp: /home/dvij/anaconda3/bin/python3 (found suitable version "3.9.7", minimum required is "3")
[0.239s] -- Using PYTHON_EXECUTABLE: /home/dvij/anaconda3/bin/python3
[0.239s] -- Found controller_interface: 1.6.0 (/opt/ros/galactic/share/controller_interface/cmake)
[0.239s] -- Using all available rosidl_typesupport_c: rosidl_typesupport_fastrtps_c;rosidl_typesupport_introspection_c
[0.239s] -- Found rosidl_adapter: 2.2.3 (/opt/ros/galactic/share/rosidl_adapter/cmake)
[0.239s] [33mCMake Warning (dev) at /opt/ros/galactic/share/ament_cmake_core/cmake/core/python.cmake:22 (find_package):
[0.239s]   Policy CMP0148 is not set: The FindPythonInterp and FindPythonLibs modules
[0.239s]   are removed.  Run "cmake --help-policy CMP0148" for policy details.  Use
[0.239s]   the cmake_policy command to set the policy and suppress this warning.
[0.240s] 
[0.240s] Call Stack (most recent call first):
[0.240s]   /opt/ros/galactic/share/ament_cmake_core/cmake/core/all.cmake:53 (include)
[0.240s]   /opt/ros/galactic/share/ament_cmake_core/cmake/ament_cmake_core-extras.cmake:17 (include)
[0.240s]   /opt/ros/galactic/share/ament_cmake_core/cmake/ament_cmake_coreConfig.cmake:41 (include)
[0.240s]   /opt/ros/galactic/share/ament_cmake/cmake/ament_cmake_export_dependencies-extras.cmake:15 (find_package)
[0.240s]   /opt/ros/galactic/share/ament_cmake/cmake/ament_cmakeConfig.cmake:41 (include)
[0.240s]   CMakeLists.txt:14 (find_package)
[0.240s] This warning is for project developers.  Use -Wno-dev to suppress it.
[0.240s] [0m
[0.289s] -- Found OpenSSL: /usr/lib/x86_64-linux-gnu/libcrypto.so (found version "1.1.1f")
[0.328s] -- Found FastRTPS: /opt/ros/galactic/include
[0.405s] -- Using all available rosidl_typesupport_cpp: rosidl_typesupport_fastrtps_cpp;rosidl_typesupport_introspection_cpp
[0.779s] -- Found rmw_implementation_cmake: 3.3.1 (/opt/ros/galactic/share/rmw_implementation_cmake/cmake)
[0.782s] -- Found rmw_cyclonedds_cpp: 0.22.6 (/opt/ros/galactic/share/rmw_cyclonedds_cpp/cmake)
[0.801s] -- Using RMW implementation 'rmw_cyclonedds_cpp' as default
[0.801s] -- Performing Test CMAKE_HAVE_LIBC_PTHREAD
[0.860s] -- Performing Test CMAKE_HAVE_LIBC_PTHREAD - Failed
[0.860s] -- Looking for pthread_create in pthreads
[0.909s] -- Looking for pthread_create in pthreads - not found
[0.909s] -- Looking for pthread_create in pthread
[0.965s] -- Looking for pthread_create in pthread - found
[0.966s] -- Found Threads: TRUE
[1.153s] -- Found realtime_tools: 2.2.0 (/opt/ros/galactic/share/realtime_tools/cmake)
[1.237s] -- Found ament_cmake_gtest: 1.1.6 (/opt/ros/galactic/share/ament_cmake_gtest/cmake)
[1.237s] -- Found ament_lint_auto: 0.10.7 (/opt/ros/galactic/share/ament_lint_auto/cmake)
[1.383s] -- Configuring done (1.3s)
[1.417s] -- Generating done (0.0s)
[1.419s] -- Build files have been written to: /home/dvij/ee206-project/ping-pong-robot/ppr_ws/build/external_torque_sensor_broadcaster
