[0.653s] Invoking command in '/home/dvij/ee206-project/ping-pong-robot/robot_ros2/src/ball_nodes': PYTHONPATH=/home/dvij/ee206-project/ping-pong-robot/robot_ros2/build/ball_nodes/prefix_override:/usr/lib/python3/dist-packages/colcon_core/task/python/colcon_distutils_commands:/home/dvij/ee206-project/ping-pong-robot/robot_ros2/install/ball_nodes/lib/python3.8/site-packages:${PYTHONPATH} /usr/bin/python3 -W ignore:setup.py install is deprecated setup.py egg_info --egg-base ../../build/ball_nodes build --build-base /home/dvij/ee206-project/ping-pong-robot/robot_ros2/build/ball_nodes/build install --record /home/dvij/ee206-project/ping-pong-robot/robot_ros2/build/ball_nodes/install.log --install-scripts $base/lib/ball_nodes --single-version-externally-managed install_data
[0.787s] /home/dvij/.local/lib/python3.8/site-packages/setuptools/dist.py:717: UserWarning: Usage of dash-separated 'script-dir' will not be supported in future versions. Please use the underscore name 'script_dir' instead
[0.787s]   warnings.warn(
[0.801s] running egg_info
[0.801s] creating ../../build/ball_nodes/ball_nodes.egg-info
[0.801s] writing ../../build/ball_nodes/ball_nodes.egg-info/PKG-INFO
[0.801s] writing dependency_links to ../../build/ball_nodes/ball_nodes.egg-info/dependency_links.txt
[0.801s] writing entry points to ../../build/ball_nodes/ball_nodes.egg-info/entry_points.txt
[0.801s] writing requirements to ../../build/ball_nodes/ball_nodes.egg-info/requires.txt
[0.801s] writing top-level names to ../../build/ball_nodes/ball_nodes.egg-info/top_level.txt
[0.802s] writing manifest file '../../build/ball_nodes/ball_nodes.egg-info/SOURCES.txt'
[0.802s] reading manifest file '../../build/ball_nodes/ball_nodes.egg-info/SOURCES.txt'
[0.803s] writing manifest file '../../build/ball_nodes/ball_nodes.egg-info/SOURCES.txt'
[0.803s] running build
[0.803s] running build_py
[0.803s] creating /home/dvij/ee206-project/ping-pong-robot/robot_ros2/build/ball_nodes/build
[0.803s] creating /home/dvij/ee206-project/ping-pong-robot/robot_ros2/build/ball_nodes/build/lib
[0.803s] creating /home/dvij/ee206-project/ping-pong-robot/robot_ros2/build/ball_nodes/build/lib/ball_nodes
[0.803s] copying ball_nodes/ball_trajectory_ros2.py -> /home/dvij/ee206-project/ping-pong-robot/robot_ros2/build/ball_nodes/build/lib/ball_nodes
[0.803s] copying ball_nodes/__init__.py -> /home/dvij/ee206-project/ping-pong-robot/robot_ros2/build/ball_nodes/build/lib/ball_nodes
[0.803s] copying ball_nodes/ball_pub_ros2.py -> /home/dvij/ee206-project/ping-pong-robot/robot_ros2/build/ball_nodes/build/lib/ball_nodes
[0.803s] running install
[0.804s] running install_lib
[0.804s] creating /home/dvij/ee206-project/ping-pong-robot/robot_ros2/install/ball_nodes/lib/python3.8/site-packages/ball_nodes
[0.804s] copying /home/dvij/ee206-project/ping-pong-robot/robot_ros2/build/ball_nodes/build/lib/ball_nodes/ball_trajectory_ros2.py -> /home/dvij/ee206-project/ping-pong-robot/robot_ros2/install/ball_nodes/lib/python3.8/site-packages/ball_nodes
[0.804s] copying /home/dvij/ee206-project/ping-pong-robot/robot_ros2/build/ball_nodes/build/lib/ball_nodes/__init__.py -> /home/dvij/ee206-project/ping-pong-robot/robot_ros2/install/ball_nodes/lib/python3.8/site-packages/ball_nodes
[0.804s] copying /home/dvij/ee206-project/ping-pong-robot/robot_ros2/build/ball_nodes/build/lib/ball_nodes/ball_pub_ros2.py -> /home/dvij/ee206-project/ping-pong-robot/robot_ros2/install/ball_nodes/lib/python3.8/site-packages/ball_nodes
[0.804s] byte-compiling /home/dvij/ee206-project/ping-pong-robot/robot_ros2/install/ball_nodes/lib/python3.8/site-packages/ball_nodes/ball_trajectory_ros2.py to ball_trajectory_ros2.cpython-38.pyc
[0.805s] byte-compiling /home/dvij/ee206-project/ping-pong-robot/robot_ros2/install/ball_nodes/lib/python3.8/site-packages/ball_nodes/__init__.py to __init__.cpython-38.pyc
[0.805s] byte-compiling /home/dvij/ee206-project/ping-pong-robot/robot_ros2/install/ball_nodes/lib/python3.8/site-packages/ball_nodes/ball_pub_ros2.py to ball_pub_ros2.cpython-38.pyc
[0.805s] running install_data
[0.805s] creating /home/dvij/ee206-project/ping-pong-robot/robot_ros2/install/ball_nodes/share/ament_index
[0.806s] creating /home/dvij/ee206-project/ping-pong-robot/robot_ros2/install/ball_nodes/share/ament_index/resource_index
[0.806s] creating /home/dvij/ee206-project/ping-pong-robot/robot_ros2/install/ball_nodes/share/ament_index/resource_index/packages
[0.806s] copying resource/ball_nodes -> /home/dvij/ee206-project/ping-pong-robot/robot_ros2/install/ball_nodes/share/ament_index/resource_index/packages
[0.806s] copying package.xml -> /home/dvij/ee206-project/ping-pong-robot/robot_ros2/install/ball_nodes/share/ball_nodes
[0.806s] running install_egg_info
[0.807s] Copying ../../build/ball_nodes/ball_nodes.egg-info to /home/dvij/ee206-project/ping-pong-robot/robot_ros2/install/ball_nodes/lib/python3.8/site-packages/ball_nodes-0.0.0-py3.8.egg-info
[0.807s] running install_scripts
[0.816s] Installing ball_pub script to /home/dvij/ee206-project/ping-pong-robot/robot_ros2/install/ball_nodes/lib/ball_nodes
[0.816s] Installing ball_trajectory script to /home/dvij/ee206-project/ping-pong-robot/robot_ros2/install/ball_nodes/lib/ball_nodes
[0.817s] writing list of installed files to '/home/dvij/ee206-project/ping-pong-robot/robot_ros2/build/ball_nodes/install.log'
[0.828s] Invoked command in '/home/dvij/ee206-project/ping-pong-robot/robot_ros2/src/ball_nodes' returned '0': PYTHONPATH=/home/dvij/ee206-project/ping-pong-robot/robot_ros2/build/ball_nodes/prefix_override:/usr/lib/python3/dist-packages/colcon_core/task/python/colcon_distutils_commands:/home/dvij/ee206-project/ping-pong-robot/robot_ros2/install/ball_nodes/lib/python3.8/site-packages:${PYTHONPATH} /usr/bin/python3 -W ignore:setup.py install is deprecated setup.py egg_info --egg-base ../../build/ball_nodes build --build-base /home/dvij/ee206-project/ping-pong-robot/robot_ros2/build/ball_nodes/build install --record /home/dvij/ee206-project/ping-pong-robot/robot_ros2/build/ball_nodes/install.log --install-scripts $base/lib/ball_nodes --single-version-externally-managed install_data
