[100%] Built target lbr_hardware_interface
-- Install configuration: "Release"
-- Execute custom install script
-- Up-to-date symlink: /home/pingpongproject/code/ping-pong-robot/lbr_fri_ros2_stack_ws_foxy2/install/lbr_hardware_interface/share/lbr_hardware_interface//lbr_hardware_interface.xml
-- Up-to-date symlink: /home/pingpongproject/code/ping-pong-robot/lbr_fri_ros2_stack_ws_foxy2/install/lbr_hardware_interface/share/lbr_hardware_interface/environment/library_path.sh
-- Up-to-date symlink: /home/pingpongproject/code/ping-pong-robot/lbr_fri_ros2_stack_ws_foxy2/install/lbr_hardware_interface/share/lbr_hardware_interface/environment/library_path.dsv
-- Up-to-date symlink: /home/pingpongproject/code/ping-pong-robot/lbr_fri_ros2_stack_ws_foxy2/install/lbr_hardware_interface/include/lbr_hardware_interface/lbr_hardware_interface.hpp
-- Up-to-date symlink: /home/pingpongproject/code/ping-pong-robot/lbr_fri_ros2_stack_ws_foxy2/install/lbr_hardware_interface/include/lbr_hardware_interface/lbr_hardware_interface_type_values.hpp
-- Up-to-date symlink: /home/pingpongproject/code/ping-pong-robot/lbr_fri_ros2_stack_ws_foxy2/install/lbr_hardware_interface/share/lbr_hardware_interface/config/lbr_controllers.yml
-- Up-to-date symlink: /home/pingpongproject/code/ping-pong-robot/lbr_fri_ros2_stack_ws_foxy2/install/lbr_hardware_interface/share/lbr_hardware_interface/launch/hardware_interface.launch.py
-- Up-to-date symlink: /home/pingpongproject/code/ping-pong-robot/lbr_fri_ros2_stack_ws_foxy2/install/lbr_hardware_interface/share/lbr_hardware_interface/environment/pythonpath.sh
-- Up-to-date symlink: /home/pingpongproject/code/ping-pong-robot/lbr_fri_ros2_stack_ws_foxy2/install/lbr_hardware_interface/share/lbr_hardware_interface/environment/pythonpath.dsv
-- Up-to-date symlink: /home/pingpongproject/code/ping-pong-robot/lbr_fri_ros2_stack_ws_foxy2/install/lbr_hardware_interface/lib/python3.8/site-packages/lbr_hardware_interface/__init__.py
-- Up-to-date symlink: /home/pingpongproject/code/ping-pong-robot/lbr_fri_ros2_stack_ws_foxy2/install/lbr_hardware_interface/lib/python3.8/site-packages/lbr_hardware_interface/launch_mixin.py
-- Up-to-date symlink: /home/pingpongproject/code/ping-pong-robot/lbr_fri_ros2_stack_ws_foxy2/install/lbr_hardware_interface/share/ament_index/resource_index/package_run_dependencies/lbr_hardware_interface
-- Up-to-date symlink: /home/pingpongproject/code/ping-pong-robot/lbr_fri_ros2_stack_ws_foxy2/install/lbr_hardware_interface/share/ament_index/resource_index/parent_prefix_path/lbr_hardware_interface
-- Up-to-date symlink: /home/pingpongproject/code/ping-pong-robot/lbr_fri_ros2_stack_ws_foxy2/install/lbr_hardware_interface/share/lbr_hardware_interface/environment/ament_prefix_path.sh
-- Up-to-date symlink: /home/pingpongproject/code/ping-pong-robot/lbr_fri_ros2_stack_ws_foxy2/install/lbr_hardware_interface/share/lbr_hardware_interface/environment/ament_prefix_path.dsv
-- Up-to-date symlink: /home/pingpongproject/code/ping-pong-robot/lbr_fri_ros2_stack_ws_foxy2/install/lbr_hardware_interface/share/lbr_hardware_interface/environment/path.sh
-- Up-to-date symlink: /home/pingpongproject/code/ping-pong-robot/lbr_fri_ros2_stack_ws_foxy2/install/lbr_hardware_interface/share/lbr_hardware_interface/environment/path.dsv
-- Up-to-date symlink: /home/pingpongproject/code/ping-pong-robot/lbr_fri_ros2_stack_ws_foxy2/install/lbr_hardware_interface/share/lbr_hardware_interface/local_setup.bash
-- Up-to-date symlink: /home/pingpongproject/code/ping-pong-robot/lbr_fri_ros2_stack_ws_foxy2/install/lbr_hardware_interface/share/lbr_hardware_interface/local_setup.sh
-- Up-to-date symlink: /home/pingpongproject/code/ping-pong-robot/lbr_fri_ros2_stack_ws_foxy2/install/lbr_hardware_interface/share/lbr_hardware_interface/local_setup.zsh
-- Up-to-date symlink: /home/pingpongproject/code/ping-pong-robot/lbr_fri_ros2_stack_ws_foxy2/install/lbr_hardware_interface/share/lbr_hardware_interface/local_setup.dsv
-- Symlinking: /home/pingpongproject/code/ping-pong-robot/lbr_fri_ros2_stack_ws_foxy2/install/lbr_hardware_interface/share/lbr_hardware_interface/package.dsv
-- Up-to-date symlink: /home/pingpongproject/code/ping-pong-robot/lbr_fri_ros2_stack_ws_foxy2/install/lbr_hardware_interface/share/ament_index/resource_index/packages/lbr_hardware_interface
-- Up-to-date symlink: /home/pingpongproject/code/ping-pong-robot/lbr_fri_ros2_stack_ws_foxy2/install/lbr_hardware_interface/share/ament_index/resource_index/hardware_interface__pluginlib__plugin/lbr_hardware_interface
-- Up-to-date symlink: /home/pingpongproject/code/ping-pong-robot/lbr_fri_ros2_stack_ws_foxy2/install/lbr_hardware_interface/share/lbr_hardware_interface/cmake/ament_cmake_export_targets-extras.cmake
-- Up-to-date symlink: /home/pingpongproject/code/ping-pong-robot/lbr_fri_ros2_stack_ws_foxy2/install/lbr_hardware_interface/share/lbr_hardware_interface/cmake/ament_cmake_export_dependencies-extras.cmake
-- Up-to-date symlink: /home/pingpongproject/code/ping-pong-robot/lbr_fri_ros2_stack_ws_foxy2/install/lbr_hardware_interface/share/lbr_hardware_interface/cmake/lbr_hardware_interfaceConfig.cmake
-- Up-to-date symlink: /home/pingpongproject/code/ping-pong-robot/lbr_fri_ros2_stack_ws_foxy2/install/lbr_hardware_interface/share/lbr_hardware_interface/cmake/lbr_hardware_interfaceConfig-version.cmake
-- Up-to-date symlink: /home/pingpongproject/code/ping-pong-robot/lbr_fri_ros2_stack_ws_foxy2/install/lbr_hardware_interface/share/lbr_hardware_interface/package.xml
-- Up-to-date: /home/pingpongproject/code/ping-pong-robot/lbr_fri_ros2_stack_ws_foxy2/install/lbr_hardware_interface/lib/lbr_hardware_interface/liblbr_hardware_interface.so
Listing '/home/pingpongproject/code/ping-pong-robot/lbr_fri_ros2_stack_ws_foxy2/install/lbr_hardware_interface/lib/python3.8/site-packages/lbr_hardware_interface'...
-- Up-to-date: /home/pingpongproject/code/ping-pong-robot/lbr_fri_ros2_stack_ws_foxy2/install/lbr_hardware_interface/share/lbr_hardware_interface/cmake/lbr_hardware_interface_exportExport.cmake
-- Up-to-date: /home/pingpongproject/code/ping-pong-robot/lbr_fri_ros2_stack_ws_foxy2/install/lbr_hardware_interface/share/lbr_hardware_interface/cmake/lbr_hardware_interface_exportExport-release.cmake
