-- The C compiler identification is GNU 9.4.0
-- The CXX compiler identification is GNU 9.4.0
-- Detecting C compiler ABI info
-- Detecting C compiler ABI info - done
-- Check for working C compiler: /usr/bin/cc - skipped
-- Detecting C compile features
-- Detecting C compile features - done
-- Detecting CXX compiler ABI info
-- Detecting CXX compiler ABI info - done
-- Check for working CXX compiler: /usr/bin/c++ - skipped
-- Detecting CXX compile features
-- Detecting CXX compile features - done
-- Found ament_cmake: 0.9.12 (/opt/ros/foxy/share/ament_cmake/cmake)
-- Found PythonInterp: /usr/bin/python3 (found suitable version "3.8.10", minimum required is "3") 
-- Using PYTHON_EXECUTABLE: /usr/bin/python3
-- Override CMake install command with custom implementation using symlinks instead of copying resources
-- Found hardware_interface: 0.11.0 (/opt/ros/foxy/share/hardware_interface/cmake)
-- Using all available rosidl_typesupport_c: rosidl_typesupport_fastrtps_c;rosidl_typesupport_introspection_c
-- Found rosidl_adapter: 1.3.1 (/opt/ros/foxy/share/rosidl_adapter/cmake)
-- Found OpenSSL: /usr/lib/x86_64-linux-gnu/libcrypto.so (found version "1.1.1f")  
-- Found FastRTPS: /opt/ros/foxy/include  
-- Using all available rosidl_typesupport_cpp: rosidl_typesupport_fastrtps_cpp;rosidl_typesupport_introspection_cpp
-- Found controller_interface: 0.11.0 (/opt/ros/foxy/share/controller_interface/cmake)
-- Found rmw_implementation_cmake: 1.0.4 (/opt/ros/foxy/share/rmw_implementation_cmake/cmake)
-- Using RMW implementation 'rmw_fastrtps_cpp' as default
-- Performing Test CMAKE_HAVE_LIBC_PTHREAD
-- Performing Test CMAKE_HAVE_LIBC_PTHREAD - Failed
-- Looking for pthread_create in pthreads
-- Looking for pthread_create in pthreads - not found
-- Looking for pthread_create in pthread
-- Looking for pthread_create in pthread - found
-- Found Threads: TRUE  
-- Found lbr_fri_msgs: 1.1.5 (/home/pingpongproject/code/ping-pong-robot/lbr_fri_ros2_stack_ws_foxy2/install/lbr_fri_msgs/share/lbr_fri_msgs/cmake)
-- Found lbr_fri_ros2: 1.1.5 (/home/pingpongproject/code/ping-pong-robot/lbr_fri_ros2_stack_ws_foxy2/install/lbr_fri_ros2/share/lbr_fri_ros2/cmake)
-- Configuring done (1.2s)
-- Generating done (0.0s)
-- Build files have been written to: /home/pingpongproject/code/ping-pong-robot/lbr_fri_ros2_stack_ws_foxy2/build/lbr_hardware_interface
[ 50%] [32mBuilding CXX object CMakeFiles/lbr_hardware_interface.dir/src/lbr_hardware_interface.cpp.o[0m
[100%] [32m[1mLinking CXX shared library liblbr_hardware_interface.so[0m
[100%] Built target lbr_hardware_interface
-- Install configuration: "Release"
-- Execute custom install script
-- Symlinking: /home/pingpongproject/code/ping-pong-robot/lbr_fri_ros2_stack_ws_foxy2/install/lbr_hardware_interface/share/lbr_hardware_interface//lbr_hardware_interface.xml
-- Symlinking: /home/pingpongproject/code/ping-pong-robot/lbr_fri_ros2_stack_ws_foxy2/install/lbr_hardware_interface/share/lbr_hardware_interface/environment/library_path.sh
-- Symlinking: /home/pingpongproject/code/ping-pong-robot/lbr_fri_ros2_stack_ws_foxy2/install/lbr_hardware_interface/share/lbr_hardware_interface/environment/library_path.dsv
-- Symlinking: /home/pingpongproject/code/ping-pong-robot/lbr_fri_ros2_stack_ws_foxy2/install/lbr_hardware_interface/include/lbr_hardware_interface/lbr_hardware_interface.hpp
-- Symlinking: /home/pingpongproject/code/ping-pong-robot/lbr_fri_ros2_stack_ws_foxy2/install/lbr_hardware_interface/include/lbr_hardware_interface/lbr_hardware_interface_type_values.hpp
-- Symlinking: /home/pingpongproject/code/ping-pong-robot/lbr_fri_ros2_stack_ws_foxy2/install/lbr_hardware_interface/share/lbr_hardware_interface/config/lbr_controllers.yml
-- Symlinking: /home/pingpongproject/code/ping-pong-robot/lbr_fri_ros2_stack_ws_foxy2/install/lbr_hardware_interface/share/lbr_hardware_interface/launch/hardware_interface.launch.py
-- Symlinking: /home/pingpongproject/code/ping-pong-robot/lbr_fri_ros2_stack_ws_foxy2/install/lbr_hardware_interface/share/lbr_hardware_interface/environment/pythonpath.sh
-- Symlinking: /home/pingpongproject/code/ping-pong-robot/lbr_fri_ros2_stack_ws_foxy2/install/lbr_hardware_interface/share/lbr_hardware_interface/environment/pythonpath.dsv
-- Symlinking: /home/pingpongproject/code/ping-pong-robot/lbr_fri_ros2_stack_ws_foxy2/install/lbr_hardware_interface/lib/python3.8/site-packages/lbr_hardware_interface/__init__.py
-- Symlinking: /home/pingpongproject/code/ping-pong-robot/lbr_fri_ros2_stack_ws_foxy2/install/lbr_hardware_interface/lib/python3.8/site-packages/lbr_hardware_interface/launch_mixin.py
-- Symlinking: /home/pingpongproject/code/ping-pong-robot/lbr_fri_ros2_stack_ws_foxy2/install/lbr_hardware_interface/share/ament_index/resource_index/package_run_dependencies/lbr_hardware_interface
-- Symlinking: /home/pingpongproject/code/ping-pong-robot/lbr_fri_ros2_stack_ws_foxy2/install/lbr_hardware_interface/share/ament_index/resource_index/parent_prefix_path/lbr_hardware_interface
-- Symlinking: /home/pingpongproject/code/ping-pong-robot/lbr_fri_ros2_stack_ws_foxy2/install/lbr_hardware_interface/share/lbr_hardware_interface/environment/ament_prefix_path.sh
-- Symlinking: /home/pingpongproject/code/ping-pong-robot/lbr_fri_ros2_stack_ws_foxy2/install/lbr_hardware_interface/share/lbr_hardware_interface/environment/ament_prefix_path.dsv
-- Symlinking: /home/pingpongproject/code/ping-pong-robot/lbr_fri_ros2_stack_ws_foxy2/install/lbr_hardware_interface/share/lbr_hardware_interface/environment/path.sh
-- Symlinking: /home/pingpongproject/code/ping-pong-robot/lbr_fri_ros2_stack_ws_foxy2/install/lbr_hardware_interface/share/lbr_hardware_interface/environment/path.dsv
-- Symlinking: /home/pingpongproject/code/ping-pong-robot/lbr_fri_ros2_stack_ws_foxy2/install/lbr_hardware_interface/share/lbr_hardware_interface/local_setup.bash
-- Symlinking: /home/pingpongproject/code/ping-pong-robot/lbr_fri_ros2_stack_ws_foxy2/install/lbr_hardware_interface/share/lbr_hardware_interface/local_setup.sh
-- Symlinking: /home/pingpongproject/code/ping-pong-robot/lbr_fri_ros2_stack_ws_foxy2/install/lbr_hardware_interface/share/lbr_hardware_interface/local_setup.zsh
-- Symlinking: /home/pingpongproject/code/ping-pong-robot/lbr_fri_ros2_stack_ws_foxy2/install/lbr_hardware_interface/share/lbr_hardware_interface/local_setup.dsv
-- Symlinking: /home/pingpongproject/code/ping-pong-robot/lbr_fri_ros2_stack_ws_foxy2/install/lbr_hardware_interface/share/lbr_hardware_interface/package.dsv
-- Symlinking: /home/pingpongproject/code/ping-pong-robot/lbr_fri_ros2_stack_ws_foxy2/install/lbr_hardware_interface/share/ament_index/resource_index/packages/lbr_hardware_interface
-- Symlinking: /home/pingpongproject/code/ping-pong-robot/lbr_fri_ros2_stack_ws_foxy2/install/lbr_hardware_interface/share/ament_index/resource_index/hardware_interface__pluginlib__plugin/lbr_hardware_interface
-- Symlinking: /home/pingpongproject/code/ping-pong-robot/lbr_fri_ros2_stack_ws_foxy2/install/lbr_hardware_interface/share/lbr_hardware_interface/cmake/ament_cmake_export_targets-extras.cmake
-- Symlinking: /home/pingpongproject/code/ping-pong-robot/lbr_fri_ros2_stack_ws_foxy2/install/lbr_hardware_interface/share/lbr_hardware_interface/cmake/ament_cmake_export_dependencies-extras.cmake
-- Symlinking: /home/pingpongproject/code/ping-pong-robot/lbr_fri_ros2_stack_ws_foxy2/install/lbr_hardware_interface/share/lbr_hardware_interface/cmake/lbr_hardware_interfaceConfig.cmake
-- Symlinking: /home/pingpongproject/code/ping-pong-robot/lbr_fri_ros2_stack_ws_foxy2/install/lbr_hardware_interface/share/lbr_hardware_interface/cmake/lbr_hardware_interfaceConfig-version.cmake
-- Symlinking: /home/pingpongproject/code/ping-pong-robot/lbr_fri_ros2_stack_ws_foxy2/install/lbr_hardware_interface/share/lbr_hardware_interface/package.xml
-- Installing: /home/pingpongproject/code/ping-pong-robot/lbr_fri_ros2_stack_ws_foxy2/install/lbr_hardware_interface/lib/lbr_hardware_interface/liblbr_hardware_interface.so
-- Set runtime path of "/home/pingpongproject/code/ping-pong-robot/lbr_fri_ros2_stack_ws_foxy2/install/lbr_hardware_interface/lib/lbr_hardware_interface/liblbr_hardware_interface.so" to ""
Listing '/home/pingpongproject/code/ping-pong-robot/lbr_fri_ros2_stack_ws_foxy2/install/lbr_hardware_interface/lib/python3.8/site-packages/lbr_hardware_interface'...
Compiling '/home/pingpongproject/code/ping-pong-robot/lbr_fri_ros2_stack_ws_foxy2/install/lbr_hardware_interface/lib/python3.8/site-packages/lbr_hardware_interface/__init__.py'...
Compiling '/home/pingpongproject/code/ping-pong-robot/lbr_fri_ros2_stack_ws_foxy2/install/lbr_hardware_interface/lib/python3.8/site-packages/lbr_hardware_interface/launch_mixin.py'...
-- Installing: /home/pingpongproject/code/ping-pong-robot/lbr_fri_ros2_stack_ws_foxy2/install/lbr_hardware_interface/share/lbr_hardware_interface/cmake/lbr_hardware_interface_exportExport.cmake
-- Installing: /home/pingpongproject/code/ping-pong-robot/lbr_fri_ros2_stack_ws_foxy2/install/lbr_hardware_interface/share/lbr_hardware_interface/cmake/lbr_hardware_interface_exportExport-release.cmake
