[0.373s] Invoking command in '/home/pingpongproject/code/ping-pong-robot/lbr_fri_ros2_stack_ws_foxy2/build/lbr_hardware_interface': AMENT_PREFIX_PATH=/home/pingpongproject/code/ping-pong-robot/lbr_fri_ros2_stack_ws_foxy2/install/lbr_fri_ros2:/home/pingpongproject/code/ping-pong-robot/lbr_fri_ros2_stack_ws_foxy2/install/lbr_fri_msgs:/home/pingpongproject/code/ping-pong-robot/lbr_fri_ros2_stack_ws_foxy2/install/lbr_description:/home/pingpongproject/code/ping-pong-robot/lbr_fri_ros2_stack_ws_foxy2/install/fri_vendor:${AMENT_PREFIX_PATH} CMAKE_PREFIX_PATH=/home/pingpongproject/code/ping-pong-robot/lbr_fri_ros2_stack_ws_foxy2/install/lbr_fri_ros2:/home/pingpongproject/code/ping-pong-robot/lbr_fri_ros2_stack_ws_foxy2/install/lbr_fri_msgs:/home/pingpongproject/code/ping-pong-robot/lbr_fri_ros2_stack_ws_foxy2/install/lbr_description:/home/pingpongproject/code/ping-pong-robot/lbr_fri_ros2_stack_ws_foxy2/install/fri_vendor:/opt/ros/foxy LD_LIBRARY_PATH=/home/pingpongproject/code/ping-pong-robot/lbr_fri_ros2_stack_ws_foxy2/install/lbr_fri_ros2/lib:/home/pingpongproject/code/ping-pong-robot/lbr_fri_ros2_stack_ws_foxy2/install/lbr_fri_msgs/lib:/home/pingpongproject/code/ping-pong-robot/lbr_fri_ros2_stack_ws_foxy2/install/fri_vendor/lib:/opt/ros/foxy/opt/yaml_cpp_vendor/lib:/opt/ros/foxy/opt/rviz_ogre_vendor/lib:/opt/ros/foxy/lib/x86_64-linux-gnu:/opt/ros/foxy/lib:/usr/local/cuda/lib64 PYTHONPATH=/home/pingpongproject/code/ping-pong-robot/lbr_fri_ros2_stack_ws_foxy2/install/lbr_fri_ros2/lib/python3.8/site-packages:/home/pingpongproject/code/ping-pong-robot/lbr_fri_ros2_stack_ws_foxy2/install/lbr_fri_msgs/lib/python3.8/site-packages:/home/pingpongproject/code/ping-pong-robot/lbr_fri_ros2_stack_ws_foxy2/install/lbr_description/lib/python3.8/site-packages:${PYTHONPATH} /home/pingpongproject/.local/bin/cmake /home/pingpongproject/code/ping-pong-robot/lbr_fri_ros2_stack_ws_foxy2/src/lbr_fri_ros2_stack/lbr_hardware_interface -DCMAKE_BUILD_TYPE=Release -DAMENT_CMAKE_SYMLINK_INSTALL=1 -DCMAKE_INSTALL_PREFIX=/home/pingpongproject/code/ping-pong-robot/lbr_fri_ros2_stack_ws_foxy2/install/lbr_hardware_interface
[0.617s] -- The C compiler identification is GNU 9.4.0
[0.618s] -- The CXX compiler identification is GNU 9.4.0
[0.619s] -- Detecting C compiler ABI info
[0.619s] -- Detecting C compiler ABI info - done
[0.620s] -- Check for working C compiler: /usr/bin/cc - skipped
[0.620s] -- Detecting C compile features
[0.620s] -- Detecting C compile features - done
[0.620s] -- Detecting CXX compiler ABI info
[0.620s] -- Detecting CXX compiler ABI info - done
[0.620s] -- Check for working CXX compiler: /usr/bin/c++ - skipped
[0.620s] -- Detecting CXX compile features
[0.620s] -- Detecting CXX compile features - done
[0.620s] -- Found ament_cmake: 0.9.12 (/opt/ros/foxy/share/ament_cmake/cmake)
[0.620s] -- Found PythonInterp: /usr/bin/python3 (found suitable version "3.8.10", minimum required is "3") 
[0.620s] -- Using PYTHON_EXECUTABLE: /usr/bin/python3
[0.652s] -- Override CMake install command with custom implementation using symlinks instead of copying resources
[0.668s] -- Found hardware_interface: 0.11.0 (/opt/ros/foxy/share/hardware_interface/cmake)
[0.700s] -- Using all available rosidl_typesupport_c: rosidl_typesupport_fastrtps_c;rosidl_typesupport_introspection_c
[0.704s] -- Found rosidl_adapter: 1.3.1 (/opt/ros/foxy/share/rosidl_adapter/cmake)
[0.750s] -- Found OpenSSL: /usr/lib/x86_64-linux-gnu/libcrypto.so (found version "1.1.1f")  
[0.778s] -- Found FastRTPS: /opt/ros/foxy/include  
[0.825s] -- Using all available rosidl_typesupport_cpp: rosidl_typesupport_fastrtps_cpp;rosidl_typesupport_introspection_cpp
[1.106s] -- Found controller_interface: 0.11.0 (/opt/ros/foxy/share/controller_interface/cmake)
[1.141s] -- Found rmw_implementation_cmake: 1.0.4 (/opt/ros/foxy/share/rmw_implementation_cmake/cmake)
[1.142s] -- Using RMW implementation 'rmw_fastrtps_cpp' as default
[1.143s] -- Performing Test CMAKE_HAVE_LIBC_PTHREAD
[1.178s] -- Performing Test CMAKE_HAVE_LIBC_PTHREAD - Failed
[1.179s] -- Looking for pthread_create in pthreads
[1.212s] -- Looking for pthread_create in pthreads - not found
[1.212s] -- Looking for pthread_create in pthread
[1.246s] -- Looking for pthread_create in pthread - found
[1.246s] -- Found Threads: TRUE  
[1.401s] -- Found lbr_fri_msgs: 1.1.5 (/home/pingpongproject/code/ping-pong-robot/lbr_fri_ros2_stack_ws_foxy2/install/lbr_fri_msgs/share/lbr_fri_msgs/cmake)
[1.419s] -- Found lbr_fri_ros2: 1.1.5 (/home/pingpongproject/code/ping-pong-robot/lbr_fri_ros2_stack_ws_foxy2/install/lbr_fri_ros2/share/lbr_fri_ros2/cmake)
[1.605s] -- Configuring done (1.2s)
[1.635s] -- Generating done (0.0s)
[1.637s] -- Build files have been written to: /home/pingpongproject/code/ping-pong-robot/lbr_fri_ros2_stack_ws_foxy2/build/lbr_hardware_interface
[1.647s] Invoked command in '/home/pingpongproject/code/ping-pong-robot/lbr_fri_ros2_stack_ws_foxy2/build/lbr_hardware_interface' returned '0': AMENT_PREFIX_PATH=/home/pingpongproject/code/ping-pong-robot/lbr_fri_ros2_stack_ws_foxy2/install/lbr_fri_ros2:/home/pingpongproject/code/ping-pong-robot/lbr_fri_ros2_stack_ws_foxy2/install/lbr_fri_msgs:/home/pingpongproject/code/ping-pong-robot/lbr_fri_ros2_stack_ws_foxy2/install/lbr_description:/home/pingpongproject/code/ping-pong-robot/lbr_fri_ros2_stack_ws_foxy2/install/fri_vendor:${AMENT_PREFIX_PATH} CMAKE_PREFIX_PATH=/home/pingpongproject/code/ping-pong-robot/lbr_fri_ros2_stack_ws_foxy2/install/lbr_fri_ros2:/home/pingpongproject/code/ping-pong-robot/lbr_fri_ros2_stack_ws_foxy2/install/lbr_fri_msgs:/home/pingpongproject/code/ping-pong-robot/lbr_fri_ros2_stack_ws_foxy2/install/lbr_description:/home/pingpongproject/code/ping-pong-robot/lbr_fri_ros2_stack_ws_foxy2/install/fri_vendor:/opt/ros/foxy LD_LIBRARY_PATH=/home/pingpongproject/code/ping-pong-robot/lbr_fri_ros2_stack_ws_foxy2/install/lbr_fri_ros2/lib:/home/pingpongproject/code/ping-pong-robot/lbr_fri_ros2_stack_ws_foxy2/install/lbr_fri_msgs/lib:/home/pingpongproject/code/ping-pong-robot/lbr_fri_ros2_stack_ws_foxy2/install/fri_vendor/lib:/opt/ros/foxy/opt/yaml_cpp_vendor/lib:/opt/ros/foxy/opt/rviz_ogre_vendor/lib:/opt/ros/foxy/lib/x86_64-linux-gnu:/opt/ros/foxy/lib:/usr/local/cuda/lib64 PYTHONPATH=/home/pingpongproject/code/ping-pong-robot/lbr_fri_ros2_stack_ws_foxy2/install/lbr_fri_ros2/lib/python3.8/site-packages:/home/pingpongproject/code/ping-pong-robot/lbr_fri_ros2_stack_ws_foxy2/install/lbr_fri_msgs/lib/python3.8/site-packages:/home/pingpongproject/code/ping-pong-robot/lbr_fri_ros2_stack_ws_foxy2/install/lbr_description/lib/python3.8/site-packages:${PYTHONPATH} /home/pingpongproject/.local/bin/cmake /home/pingpongproject/code/ping-pong-robot/lbr_fri_ros2_stack_ws_foxy2/src/lbr_fri_ros2_stack/lbr_hardware_interface -DCMAKE_BUILD_TYPE=Release -DAMENT_CMAKE_SYMLINK_INSTALL=1 -DCMAKE_INSTALL_PREFIX=/home/pingpongproject/code/ping-pong-robot/lbr_fri_ros2_stack_ws_foxy2/install/lbr_hardware_interface
[1.648s] Invoking command in '/home/pingpongproject/code/ping-pong-robot/lbr_fri_ros2_stack_ws_foxy2/build/lbr_hardware_interface': AMENT_PREFIX_PATH=/home/pingpongproject/code/ping-pong-robot/lbr_fri_ros2_stack_ws_foxy2/install/lbr_fri_ros2:/home/pingpongproject/code/ping-pong-robot/lbr_fri_ros2_stack_ws_foxy2/install/lbr_fri_msgs:/home/pingpongproject/code/ping-pong-robot/lbr_fri_ros2_stack_ws_foxy2/install/lbr_description:/home/pingpongproject/code/ping-pong-robot/lbr_fri_ros2_stack_ws_foxy2/install/fri_vendor:${AMENT_PREFIX_PATH} CMAKE_PREFIX_PATH=/home/pingpongproject/code/ping-pong-robot/lbr_fri_ros2_stack_ws_foxy2/install/lbr_fri_ros2:/home/pingpongproject/code/ping-pong-robot/lbr_fri_ros2_stack_ws_foxy2/install/lbr_fri_msgs:/home/pingpongproject/code/ping-pong-robot/lbr_fri_ros2_stack_ws_foxy2/install/lbr_description:/home/pingpongproject/code/ping-pong-robot/lbr_fri_ros2_stack_ws_foxy2/install/fri_vendor:/opt/ros/foxy LD_LIBRARY_PATH=/home/pingpongproject/code/ping-pong-robot/lbr_fri_ros2_stack_ws_foxy2/install/lbr_fri_ros2/lib:/home/pingpongproject/code/ping-pong-robot/lbr_fri_ros2_stack_ws_foxy2/install/lbr_fri_msgs/lib:/home/pingpongproject/code/ping-pong-robot/lbr_fri_ros2_stack_ws_foxy2/install/fri_vendor/lib:/opt/ros/foxy/opt/yaml_cpp_vendor/lib:/opt/ros/foxy/opt/rviz_ogre_vendor/lib:/opt/ros/foxy/lib/x86_64-linux-gnu:/opt/ros/foxy/lib:/usr/local/cuda/lib64 PYTHONPATH=/home/pingpongproject/code/ping-pong-robot/lbr_fri_ros2_stack_ws_foxy2/install/lbr_fri_ros2/lib/python3.8/site-packages:/home/pingpongproject/code/ping-pong-robot/lbr_fri_ros2_stack_ws_foxy2/install/lbr_fri_msgs/lib/python3.8/site-packages:/home/pingpongproject/code/ping-pong-robot/lbr_fri_ros2_stack_ws_foxy2/install/lbr_description/lib/python3.8/site-packages:${PYTHONPATH} /home/pingpongproject/.local/bin/cmake --build /home/pingpongproject/code/ping-pong-robot/lbr_fri_ros2_stack_ws_foxy2/build/lbr_hardware_interface -- -j20 -l20
[1.686s] [ 50%] [32mBuilding CXX object CMakeFiles/lbr_hardware_interface.dir/src/lbr_hardware_interface.cpp.o[0m
[8.389s] [100%] [32m[1mLinking CXX shared library liblbr_hardware_interface.so[0m
[8.478s] [100%] Built target lbr_hardware_interface
[8.483s] Invoked command in '/home/pingpongproject/code/ping-pong-robot/lbr_fri_ros2_stack_ws_foxy2/build/lbr_hardware_interface' returned '0': AMENT_PREFIX_PATH=/home/pingpongproject/code/ping-pong-robot/lbr_fri_ros2_stack_ws_foxy2/install/lbr_fri_ros2:/home/pingpongproject/code/ping-pong-robot/lbr_fri_ros2_stack_ws_foxy2/install/lbr_fri_msgs:/home/pingpongproject/code/ping-pong-robot/lbr_fri_ros2_stack_ws_foxy2/install/lbr_description:/home/pingpongproject/code/ping-pong-robot/lbr_fri_ros2_stack_ws_foxy2/install/fri_vendor:${AMENT_PREFIX_PATH} CMAKE_PREFIX_PATH=/home/pingpongproject/code/ping-pong-robot/lbr_fri_ros2_stack_ws_foxy2/install/lbr_fri_ros2:/home/pingpongproject/code/ping-pong-robot/lbr_fri_ros2_stack_ws_foxy2/install/lbr_fri_msgs:/home/pingpongproject/code/ping-pong-robot/lbr_fri_ros2_stack_ws_foxy2/install/lbr_description:/home/pingpongproject/code/ping-pong-robot/lbr_fri_ros2_stack_ws_foxy2/install/fri_vendor:/opt/ros/foxy LD_LIBRARY_PATH=/home/pingpongproject/code/ping-pong-robot/lbr_fri_ros2_stack_ws_foxy2/install/lbr_fri_ros2/lib:/home/pingpongproject/code/ping-pong-robot/lbr_fri_ros2_stack_ws_foxy2/install/lbr_fri_msgs/lib:/home/pingpongproject/code/ping-pong-robot/lbr_fri_ros2_stack_ws_foxy2/install/fri_vendor/lib:/opt/ros/foxy/opt/yaml_cpp_vendor/lib:/opt/ros/foxy/opt/rviz_ogre_vendor/lib:/opt/ros/foxy/lib/x86_64-linux-gnu:/opt/ros/foxy/lib:/usr/local/cuda/lib64 PYTHONPATH=/home/pingpongproject/code/ping-pong-robot/lbr_fri_ros2_stack_ws_foxy2/install/lbr_fri_ros2/lib/python3.8/site-packages:/home/pingpongproject/code/ping-pong-robot/lbr_fri_ros2_stack_ws_foxy2/install/lbr_fri_msgs/lib/python3.8/site-packages:/home/pingpongproject/code/ping-pong-robot/lbr_fri_ros2_stack_ws_foxy2/install/lbr_description/lib/python3.8/site-packages:${PYTHONPATH} /home/pingpongproject/.local/bin/cmake --build /home/pingpongproject/code/ping-pong-robot/lbr_fri_ros2_stack_ws_foxy2/build/lbr_hardware_interface -- -j20 -l20
[8.510s] Invoking command in '/home/pingpongproject/code/ping-pong-robot/lbr_fri_ros2_stack_ws_foxy2/build/lbr_hardware_interface': AMENT_PREFIX_PATH=/home/pingpongproject/code/ping-pong-robot/lbr_fri_ros2_stack_ws_foxy2/install/lbr_fri_ros2:/home/pingpongproject/code/ping-pong-robot/lbr_fri_ros2_stack_ws_foxy2/install/lbr_fri_msgs:/home/pingpongproject/code/ping-pong-robot/lbr_fri_ros2_stack_ws_foxy2/install/lbr_description:/home/pingpongproject/code/ping-pong-robot/lbr_fri_ros2_stack_ws_foxy2/install/fri_vendor:${AMENT_PREFIX_PATH} CMAKE_PREFIX_PATH=/home/pingpongproject/code/ping-pong-robot/lbr_fri_ros2_stack_ws_foxy2/install/lbr_fri_ros2:/home/pingpongproject/code/ping-pong-robot/lbr_fri_ros2_stack_ws_foxy2/install/lbr_fri_msgs:/home/pingpongproject/code/ping-pong-robot/lbr_fri_ros2_stack_ws_foxy2/install/lbr_description:/home/pingpongproject/code/ping-pong-robot/lbr_fri_ros2_stack_ws_foxy2/install/fri_vendor:/opt/ros/foxy LD_LIBRARY_PATH=/home/pingpongproject/code/ping-pong-robot/lbr_fri_ros2_stack_ws_foxy2/install/lbr_fri_ros2/lib:/home/pingpongproject/code/ping-pong-robot/lbr_fri_ros2_stack_ws_foxy2/install/lbr_fri_msgs/lib:/home/pingpongproject/code/ping-pong-robot/lbr_fri_ros2_stack_ws_foxy2/install/fri_vendor/lib:/opt/ros/foxy/opt/yaml_cpp_vendor/lib:/opt/ros/foxy/opt/rviz_ogre_vendor/lib:/opt/ros/foxy/lib/x86_64-linux-gnu:/opt/ros/foxy/lib:/usr/local/cuda/lib64 PYTHONPATH=/home/pingpongproject/code/ping-pong-robot/lbr_fri_ros2_stack_ws_foxy2/install/lbr_fri_ros2/lib/python3.8/site-packages:/home/pingpongproject/code/ping-pong-robot/lbr_fri_ros2_stack_ws_foxy2/install/lbr_fri_msgs/lib/python3.8/site-packages:/home/pingpongproject/code/ping-pong-robot/lbr_fri_ros2_stack_ws_foxy2/install/lbr_description/lib/python3.8/site-packages:${PYTHONPATH} /home/pingpongproject/.local/bin/cmake --install /home/pingpongproject/code/ping-pong-robot/lbr_fri_ros2_stack_ws_foxy2/build/lbr_hardware_interface
[8.526s] -- Install configuration: "Release"
[8.526s] -- Execute custom install script
[8.527s] -- Symlinking: /home/pingpongproject/code/ping-pong-robot/lbr_fri_ros2_stack_ws_foxy2/install/lbr_hardware_interface/share/lbr_hardware_interface//lbr_hardware_interface.xml
[8.528s] -- Symlinking: /home/pingpongproject/code/ping-pong-robot/lbr_fri_ros2_stack_ws_foxy2/install/lbr_hardware_interface/share/lbr_hardware_interface/environment/library_path.sh
[8.530s] -- Symlinking: /home/pingpongproject/code/ping-pong-robot/lbr_fri_ros2_stack_ws_foxy2/install/lbr_hardware_interface/share/lbr_hardware_interface/environment/library_path.dsv
[8.531s] -- Symlinking: /home/pingpongproject/code/ping-pong-robot/lbr_fri_ros2_stack_ws_foxy2/install/lbr_hardware_interface/include/lbr_hardware_interface/lbr_hardware_interface.hpp
[8.533s] -- Symlinking: /home/pingpongproject/code/ping-pong-robot/lbr_fri_ros2_stack_ws_foxy2/install/lbr_hardware_interface/include/lbr_hardware_interface/lbr_hardware_interface_type_values.hpp
[8.534s] -- Symlinking: /home/pingpongproject/code/ping-pong-robot/lbr_fri_ros2_stack_ws_foxy2/install/lbr_hardware_interface/share/lbr_hardware_interface/config/lbr_controllers.yml
[8.536s] -- Symlinking: /home/pingpongproject/code/ping-pong-robot/lbr_fri_ros2_stack_ws_foxy2/install/lbr_hardware_interface/share/lbr_hardware_interface/launch/hardware_interface.launch.py
[8.537s] -- Symlinking: /home/pingpongproject/code/ping-pong-robot/lbr_fri_ros2_stack_ws_foxy2/install/lbr_hardware_interface/share/lbr_hardware_interface/environment/pythonpath.sh
[8.539s] -- Symlinking: /home/pingpongproject/code/ping-pong-robot/lbr_fri_ros2_stack_ws_foxy2/install/lbr_hardware_interface/share/lbr_hardware_interface/environment/pythonpath.dsv
[8.540s] -- Symlinking: /home/pingpongproject/code/ping-pong-robot/lbr_fri_ros2_stack_ws_foxy2/install/lbr_hardware_interface/lib/python3.8/site-packages/lbr_hardware_interface/__init__.py
[8.541s] -- Symlinking: /home/pingpongproject/code/ping-pong-robot/lbr_fri_ros2_stack_ws_foxy2/install/lbr_hardware_interface/lib/python3.8/site-packages/lbr_hardware_interface/launch_mixin.py
[8.542s] -- Symlinking: /home/pingpongproject/code/ping-pong-robot/lbr_fri_ros2_stack_ws_foxy2/install/lbr_hardware_interface/share/ament_index/resource_index/package_run_dependencies/lbr_hardware_interface
[8.544s] -- Symlinking: /home/pingpongproject/code/ping-pong-robot/lbr_fri_ros2_stack_ws_foxy2/install/lbr_hardware_interface/share/ament_index/resource_index/parent_prefix_path/lbr_hardware_interface
[8.545s] -- Symlinking: /home/pingpongproject/code/ping-pong-robot/lbr_fri_ros2_stack_ws_foxy2/install/lbr_hardware_interface/share/lbr_hardware_interface/environment/ament_prefix_path.sh
[8.546s] -- Symlinking: /home/pingpongproject/code/ping-pong-robot/lbr_fri_ros2_stack_ws_foxy2/install/lbr_hardware_interface/share/lbr_hardware_interface/environment/ament_prefix_path.dsv
[8.547s] -- Symlinking: /home/pingpongproject/code/ping-pong-robot/lbr_fri_ros2_stack_ws_foxy2/install/lbr_hardware_interface/share/lbr_hardware_interface/environment/path.sh
[8.549s] -- Symlinking: /home/pingpongproject/code/ping-pong-robot/lbr_fri_ros2_stack_ws_foxy2/install/lbr_hardware_interface/share/lbr_hardware_interface/environment/path.dsv
[8.550s] -- Symlinking: /home/pingpongproject/code/ping-pong-robot/lbr_fri_ros2_stack_ws_foxy2/install/lbr_hardware_interface/share/lbr_hardware_interface/local_setup.bash
[8.551s] -- Symlinking: /home/pingpongproject/code/ping-pong-robot/lbr_fri_ros2_stack_ws_foxy2/install/lbr_hardware_interface/share/lbr_hardware_interface/local_setup.sh
[8.552s] -- Symlinking: /home/pingpongproject/code/ping-pong-robot/lbr_fri_ros2_stack_ws_foxy2/install/lbr_hardware_interface/share/lbr_hardware_interface/local_setup.zsh
[8.553s] -- Symlinking: /home/pingpongproject/code/ping-pong-robot/lbr_fri_ros2_stack_ws_foxy2/install/lbr_hardware_interface/share/lbr_hardware_interface/local_setup.dsv
[8.555s] -- Symlinking: /home/pingpongproject/code/ping-pong-robot/lbr_fri_ros2_stack_ws_foxy2/install/lbr_hardware_interface/share/lbr_hardware_interface/package.dsv
[8.556s] -- Symlinking: /home/pingpongproject/code/ping-pong-robot/lbr_fri_ros2_stack_ws_foxy2/install/lbr_hardware_interface/share/ament_index/resource_index/packages/lbr_hardware_interface
[8.557s] -- Symlinking: /home/pingpongproject/code/ping-pong-robot/lbr_fri_ros2_stack_ws_foxy2/install/lbr_hardware_interface/share/ament_index/resource_index/hardware_interface__pluginlib__plugin/lbr_hardware_interface
[8.558s] -- Symlinking: /home/pingpongproject/code/ping-pong-robot/lbr_fri_ros2_stack_ws_foxy2/install/lbr_hardware_interface/share/lbr_hardware_interface/cmake/ament_cmake_export_targets-extras.cmake
[8.559s] -- Symlinking: /home/pingpongproject/code/ping-pong-robot/lbr_fri_ros2_stack_ws_foxy2/install/lbr_hardware_interface/share/lbr_hardware_interface/cmake/ament_cmake_export_dependencies-extras.cmake
[8.561s] -- Symlinking: /home/pingpongproject/code/ping-pong-robot/lbr_fri_ros2_stack_ws_foxy2/install/lbr_hardware_interface/share/lbr_hardware_interface/cmake/lbr_hardware_interfaceConfig.cmake
[8.562s] -- Symlinking: /home/pingpongproject/code/ping-pong-robot/lbr_fri_ros2_stack_ws_foxy2/install/lbr_hardware_interface/share/lbr_hardware_interface/cmake/lbr_hardware_interfaceConfig-version.cmake
[8.563s] -- Symlinking: /home/pingpongproject/code/ping-pong-robot/lbr_fri_ros2_stack_ws_foxy2/install/lbr_hardware_interface/share/lbr_hardware_interface/package.xml
[8.564s] -- Installing: /home/pingpongproject/code/ping-pong-robot/lbr_fri_ros2_stack_ws_foxy2/install/lbr_hardware_interface/lib/lbr_hardware_interface/liblbr_hardware_interface.so
[8.565s] -- Set runtime path of "/home/pingpongproject/code/ping-pong-robot/lbr_fri_ros2_stack_ws_foxy2/install/lbr_hardware_interface/lib/lbr_hardware_interface/liblbr_hardware_interface.so" to ""
[8.583s] Listing '/home/pingpongproject/code/ping-pong-robot/lbr_fri_ros2_stack_ws_foxy2/install/lbr_hardware_interface/lib/python3.8/site-packages/lbr_hardware_interface'...
[8.583s] Compiling '/home/pingpongproject/code/ping-pong-robot/lbr_fri_ros2_stack_ws_foxy2/install/lbr_hardware_interface/lib/python3.8/site-packages/lbr_hardware_interface/__init__.py'...
[8.583s] Compiling '/home/pingpongproject/code/ping-pong-robot/lbr_fri_ros2_stack_ws_foxy2/install/lbr_hardware_interface/lib/python3.8/site-packages/lbr_hardware_interface/launch_mixin.py'...
[8.585s] -- Installing: /home/pingpongproject/code/ping-pong-robot/lbr_fri_ros2_stack_ws_foxy2/install/lbr_hardware_interface/share/lbr_hardware_interface/cmake/lbr_hardware_interface_exportExport.cmake
[8.585s] -- Installing: /home/pingpongproject/code/ping-pong-robot/lbr_fri_ros2_stack_ws_foxy2/install/lbr_hardware_interface/share/lbr_hardware_interface/cmake/lbr_hardware_interface_exportExport-release.cmake
[8.589s] Invoked command in '/home/pingpongproject/code/ping-pong-robot/lbr_fri_ros2_stack_ws_foxy2/build/lbr_hardware_interface' returned '0': AMENT_PREFIX_PATH=/home/pingpongproject/code/ping-pong-robot/lbr_fri_ros2_stack_ws_foxy2/install/lbr_fri_ros2:/home/pingpongproject/code/ping-pong-robot/lbr_fri_ros2_stack_ws_foxy2/install/lbr_fri_msgs:/home/pingpongproject/code/ping-pong-robot/lbr_fri_ros2_stack_ws_foxy2/install/lbr_description:/home/pingpongproject/code/ping-pong-robot/lbr_fri_ros2_stack_ws_foxy2/install/fri_vendor:${AMENT_PREFIX_PATH} CMAKE_PREFIX_PATH=/home/pingpongproject/code/ping-pong-robot/lbr_fri_ros2_stack_ws_foxy2/install/lbr_fri_ros2:/home/pingpongproject/code/ping-pong-robot/lbr_fri_ros2_stack_ws_foxy2/install/lbr_fri_msgs:/home/pingpongproject/code/ping-pong-robot/lbr_fri_ros2_stack_ws_foxy2/install/lbr_description:/home/pingpongproject/code/ping-pong-robot/lbr_fri_ros2_stack_ws_foxy2/install/fri_vendor:/opt/ros/foxy LD_LIBRARY_PATH=/home/pingpongproject/code/ping-pong-robot/lbr_fri_ros2_stack_ws_foxy2/install/lbr_fri_ros2/lib:/home/pingpongproject/code/ping-pong-robot/lbr_fri_ros2_stack_ws_foxy2/install/lbr_fri_msgs/lib:/home/pingpongproject/code/ping-pong-robot/lbr_fri_ros2_stack_ws_foxy2/install/fri_vendor/lib:/opt/ros/foxy/opt/yaml_cpp_vendor/lib:/opt/ros/foxy/opt/rviz_ogre_vendor/lib:/opt/ros/foxy/lib/x86_64-linux-gnu:/opt/ros/foxy/lib:/usr/local/cuda/lib64 PYTHONPATH=/home/pingpongproject/code/ping-pong-robot/lbr_fri_ros2_stack_ws_foxy2/install/lbr_fri_ros2/lib/python3.8/site-packages:/home/pingpongproject/code/ping-pong-robot/lbr_fri_ros2_stack_ws_foxy2/install/lbr_fri_msgs/lib/python3.8/site-packages:/home/pingpongproject/code/ping-pong-robot/lbr_fri_ros2_stack_ws_foxy2/install/lbr_description/lib/python3.8/site-packages:${PYTHONPATH} /home/pingpongproject/.local/bin/cmake --install /home/pingpongproject/code/ping-pong-robot/lbr_fri_ros2_stack_ws_foxy2/build/lbr_hardware_interface
