[0.009s] Invoking command in '/home/dvij/ee206-project/ros2_ws/build/ros1_bridge': CMAKE_PREFIX_PATH=/opt/ros/foxy:${CMAKE_PREFIX_PATH} /usr/local/bin/cmake /home/dvij/ee206-project/ros2_ws/src/ros1_bridge -DAMENT_CMAKE_SYMLINK_INSTALL=1 -DCMAKE_INSTALL_PREFIX=/home/dvij/ee206-project/ros2_ws/install/ros1_bridge
[0.016s] -- Found rmw: 1.0.4 (/opt/ros/foxy/share/rmw/cmake)
[0.017s] [33mCMake Warning (dev) at /opt/ros/foxy/share/ament_cmake_core/cmake/core/python.cmake:22 (find_package):
[0.017s]   Policy CMP0148 is not set: The FindPythonInterp and FindPythonLibs modules
[0.017s]   are removed.  Run "cmake --help-policy CMP0148" for policy details.  Use
[0.017s]   the cmake_policy command to set the policy and suppress this warning.
[0.017s] 
[0.017s] Call Stack (most recent call first):
[0.017s]   /opt/ros/foxy/share/ament_cmake_core/cmake/core/all.cmake:53 (include)
[0.018s]   /opt/ros/foxy/share/ament_cmake_core/cmake/ament_cmake_core-extras.cmake:17 (include)
[0.018s]   /opt/ros/foxy/share/ament_cmake_core/cmake/ament_cmake_coreConfig.cmake:41 (include)
[0.018s]   /opt/ros/foxy/share/rmw/cmake/ament_cmake_export_dependencies-extras.cmake:15 (find_package)
[0.018s]   /opt/ros/foxy/share/rmw/cmake/rmwConfig.cmake:41 (include)
[0.018s]   CMakeLists.txt:13 (find_package)
[0.018s] This warning is for project developers.  Use -Wno-dev to suppress it.
[0.018s] [0m
[0.033s] -- Using PYTHON_EXECUTABLE: /home/dvij/anaconda3/bin/python3
[0.150s] -- Override CMake install command with custom implementation using symlinks instead of copying resources
[0.165s] -- Found rclcpp: 2.4.3 (/opt/ros/foxy/share/rclcpp/cmake)
[0.173s] -- Using all available rosidl_typesupport_c: rosidl_typesupport_fastrtps_c;rosidl_typesupport_introspection_c
[0.175s] -- Found rosidl_adapter: 1.3.1 (/opt/ros/foxy/share/rosidl_adapter/cmake)
[0.245s] -- Using all available rosidl_typesupport_cpp: rosidl_typesupport_fastrtps_cpp;rosidl_typesupport_introspection_cpp
[0.268s] -- Found rmw_implementation_cmake: 1.0.4 (/opt/ros/foxy/share/rmw_implementation_cmake/cmake)
[0.269s] -- Using RMW implementation 'rmw_fastrtps_cpp' as default
[0.755s] -- Found ament_lint_auto: 0.9.8 (/opt/ros/foxy/share/ament_lint_auto/cmake)
[0.755s] -- Found diagnostic_msgs: 2.0.5 (/opt/ros/foxy/share/diagnostic_msgs/cmake)
[0.791s] Traceback (most recent call last):
[0.792s]   File "/opt/ros/foxy/share/ament_cmake_core/cmake/core/package_xml_2_cmake.py", line 21, in <module>
[0.792s]     from catkin_pkg.package import parse_package_string
[0.792s] ModuleNotFoundError: No module named 'catkin_pkg'
[0.793s] [31mCMake Error at /opt/ros/foxy/share/ament_cmake_core/cmake/core/ament_package_xml.cmake:94 (message):
[0.793s]   execute_process(/home/dvij/anaconda3/bin/python3
[0.793s]   /opt/ros/foxy/share/ament_cmake_core/cmake/core/package_xml_2_cmake.py
[0.793s]   /home/dvij/ee206-project/ros2_ws/src/ros1_bridge/package.xml
[0.793s]   /home/dvij/ee206-project/ros2_ws/build/ros1_bridge/ament_cmake_core/package.cmake)
[0.793s]   returned error code 1
[0.793s] Call Stack (most recent call first):
[0.793s]   /opt/ros/foxy/share/ament_cmake_core/cmake/core/ament_package_xml.cmake:49 (_ament_package_xml)
[0.794s]   /opt/ros/foxy/share/ament_lint_auto/cmake/ament_lint_auto_find_test_dependencies.cmake:31 (ament_package_xml)
[0.794s]   CMakeLists.txt:71 (ament_lint_auto_find_test_dependencies)
[0.794s] 
[0.794s] [0m
[0.794s] -- Configuring incomplete, errors occurred!
[0.799s] Invoked command in '/home/dvij/ee206-project/ros2_ws/build/ros1_bridge' returned '1': CMAKE_PREFIX_PATH=/opt/ros/foxy:${CMAKE_PREFIX_PATH} /usr/local/bin/cmake /home/dvij/ee206-project/ros2_ws/src/ros1_bridge -DAMENT_CMAKE_SYMLINK_INSTALL=1 -DCMAKE_INSTALL_PREFIX=/home/dvij/ee206-project/ros2_ws/install/ros1_bridge
