[0.013s] Invoking command in '/home/dvij/learning_table_tennis_from_scratch/lbr_fri_ros2_stack_ws/build/lbr_fri_msgs': CMAKE_PREFIX_PATH=/opt/ros/galactic /usr/local/bin/cmake /home/dvij/learning_table_tennis_from_scratch/lbr_fri_ros2_stack_ws/src/lbr_fri_ros2_stack/lbr_fri_msgs -DCMAKE_INSTALL_PREFIX=/home/dvij/learning_table_tennis_from_scratch/lbr_fri_ros2_stack_ws/install/lbr_fri_msgs
[0.046s] -- The C compiler identification is GNU 9.4.0
[0.080s] -- The CXX compiler identification is GNU 9.4.0
[0.087s] -- Detecting C compiler ABI info
[0.129s] -- Detecting C compiler ABI info - done
[0.138s] -- Check for working C compiler: /usr/bin/cc - skipped
[0.138s] -- Detecting C compile features
[0.138s] -- Detecting C compile features - done
[0.140s] -- Detecting CXX compiler ABI info
[0.187s] -- Detecting CXX compiler ABI info - done
[0.196s] -- Check for working CXX compiler: /usr/bin/c++ - skipped
[0.196s] -- Detecting CXX compile features
[0.196s] -- Detecting CXX compile features - done
[0.198s] -- Found ament_cmake: 1.1.6 (/opt/ros/galactic/share/ament_cmake/cmake)
[0.200s] [33mCMake Warning (dev) at /opt/ros/galactic/share/ament_cmake_core/cmake/core/python.cmake:22 (find_package):
[0.200s]   Policy CMP0148 is not set: The FindPythonInterp and FindPythonLibs modules
[0.200s]   are removed.  Run "cmake --help-policy CMP0148" for policy details.  Use
[0.200s]   the cmake_policy command to set the policy and suppress this warning.
[0.200s] 
[0.200s] Call Stack (most recent call first):
[0.200s]   /opt/ros/galactic/share/ament_cmake_core/cmake/core/all.cmake:53 (include)
[0.200s]   /opt/ros/galactic/share/ament_cmake_core/cmake/ament_cmake_core-extras.cmake:17 (include)
[0.200s]   /opt/ros/galactic/share/ament_cmake_core/cmake/ament_cmake_coreConfig.cmake:41 (include)
[0.200s]   /opt/ros/galactic/share/ament_cmake/cmake/ament_cmake_export_dependencies-extras.cmake:15 (find_package)
[0.200s]   /opt/ros/galactic/share/ament_cmake/cmake/ament_cmakeConfig.cmake:41 (include)
[0.200s]   CMakeLists.txt:14 (find_package)
[0.200s] This warning is for project developers.  Use -Wno-dev to suppress it.
[0.200s] [0m
[0.213s] -- Found PythonInterp: /usr/bin/python3 (found suitable version "3.8.10", minimum required is "3")
[0.213s] -- Using PYTHON_EXECUTABLE: /usr/bin/python3
[0.259s] -- Found builtin_interfaces: 1.0.3 (/opt/ros/galactic/share/builtin_interfaces/cmake)
[0.274s] -- Using all available rosidl_typesupport_c: rosidl_typesupport_fastrtps_c;rosidl_typesupport_introspection_c
[0.277s] -- Found rosidl_adapter: 2.2.3 (/opt/ros/galactic/share/rosidl_adapter/cmake)
[0.339s] -- Found OpenSSL: /usr/lib/x86_64-linux-gnu/libcrypto.so (found version "1.1.1f")
[0.359s] -- Found FastRTPS: /opt/ros/galactic/include
[0.404s] -- Using all available rosidl_typesupport_cpp: rosidl_typesupport_fastrtps_cpp;rosidl_typesupport_introspection_cpp
[0.418s] -- Found rosidl_default_generators: 1.1.1 (/opt/ros/galactic/share/rosidl_default_generators/cmake)
[0.439s] -- Found std_msgs: 2.2.4 (/opt/ros/galactic/share/std_msgs/cmake)
[0.447s] [33mCMake Warning (dev) at /opt/ros/galactic/share/rosidl_adapter/cmake/rosidl_adapt_interfaces.cmake:40 (find_package):
[0.448s]   Policy CMP0148 is not set: The FindPythonInterp and FindPythonLibs modules
[0.448s]   are removed.  Run "cmake --help-policy CMP0148" for policy details.  Use
[0.448s]   the cmake_policy command to set the policy and suppress this warning.
[0.448s] 
[0.448s] Call Stack (most recent call first):
[0.448s]   /opt/ros/galactic/share/rosidl_cmake/cmake/rosidl_generate_interfaces.cmake:130 (rosidl_adapt_interfaces)
[0.448s]   CMakeLists.txt:19 (rosidl_generate_interfaces)
[0.448s] This warning is for project developers.  Use -Wno-dev to suppress it.
[0.448s] [0m
[0.461s] -- Found PythonInterp: /usr/bin/python3 (found version "3.8.10")
[0.559s] -- Found ament_cmake_cppcheck: 0.10.7 (/opt/ros/galactic/share/ament_cmake_cppcheck/cmake)
[0.560s] -- Found ament_cmake_cpplint: 0.10.7 (/opt/ros/galactic/share/ament_cmake_cpplint/cmake)
[0.561s] -- Found ament_cmake_uncrustify: 0.10.7 (/opt/ros/galactic/share/ament_cmake_uncrustify/cmake)
[0.563s] -- Found ament_cmake_ros: 0.9.2 (/opt/ros/galactic/share/ament_cmake_ros/cmake)
[0.665s] -- Using all available rosidl_typesupport_c: rosidl_typesupport_fastrtps_c;rosidl_typesupport_introspection_c
[0.697s] -- Using all available rosidl_typesupport_cpp: rosidl_typesupport_fastrtps_cpp;rosidl_typesupport_introspection_cpp
[0.700s] [33mCMake Warning (dev) at /opt/ros/galactic/share/rosidl_generator_py/cmake/rosidl_generator_py_generate_interfaces.cmake:20 (find_package):
[0.700s]   Policy CMP0148 is not set: The FindPythonInterp and FindPythonLibs modules
[0.700s]   are removed.  Run "cmake --help-policy CMP0148" for policy details.  Use
[0.700s]   the cmake_policy command to set the policy and suppress this warning.
[0.700s] 
[0.700s] Call Stack (most recent call first):
[0.700s]   /opt/ros/galactic/share/ament_cmake_core/cmake/core/ament_execute_extensions.cmake:48 (include)
[0.700s]   /opt/ros/galactic/share/rosidl_cmake/cmake/rosidl_generate_interfaces.cmake:286 (ament_execute_extensions)
[0.700s]   CMakeLists.txt:19 (rosidl_generate_interfaces)
[0.700s] This warning is for project developers.  Use -Wno-dev to suppress it.
[0.700s] [0m
[0.713s] -- Found PythonInterp: /usr/bin/python3 (found suitable version "3.8.10", minimum required is "3.5")
[0.715s] -- Found python_cmake_module: 0.8.1 (/opt/ros/galactic/share/python_cmake_module/cmake)
[0.716s] [33mCMake Warning (dev) at /opt/ros/galactic/share/python_cmake_module/cmake/Modules/FindPythonExtra.cmake:45 (find_package):
[0.716s]   Policy CMP0148 is not set: The FindPythonInterp and FindPythonLibs modules
[0.716s]   are removed.  Run "cmake --help-policy CMP0148" for policy details.  Use
[0.716s]   the cmake_policy command to set the policy and suppress this warning.
[0.717s] 
[0.717s] Call Stack (most recent call first):
[0.717s]   /opt/ros/galactic/share/rosidl_generator_py/cmake/rosidl_generator_py_generate_interfaces.cmake:23 (find_package)
[0.717s]   /opt/ros/galactic/share/ament_cmake_core/cmake/core/ament_execute_extensions.cmake:48 (include)
[0.717s]   /opt/ros/galactic/share/rosidl_cmake/cmake/rosidl_generate_interfaces.cmake:286 (ament_execute_extensions)
[0.717s]   CMakeLists.txt:19 (rosidl_generate_interfaces)
[0.717s] This warning is for project developers.  Use -Wno-dev to suppress it.
[0.717s] [0m
[0.739s] [33mCMake Warning (dev) at /opt/ros/galactic/share/python_cmake_module/cmake/Modules/FindPythonExtra.cmake:133 (find_package):
[0.739s]   Policy CMP0148 is not set: The FindPythonInterp and FindPythonLibs modules
[0.739s]   are removed.  Run "cmake --help-policy CMP0148" for policy details.  Use
[0.739s]   the cmake_policy command to set the policy and suppress this warning.
[0.739s] 
[0.739s] Call Stack (most recent call first):
[0.739s]   /opt/ros/galactic/share/rosidl_generator_py/cmake/rosidl_generator_py_generate_interfaces.cmake:23 (find_package)
[0.739s]   /opt/ros/galactic/share/ament_cmake_core/cmake/core/ament_execute_extensions.cmake:48 (include)
[0.739s]   /opt/ros/galactic/share/rosidl_cmake/cmake/rosidl_generate_interfaces.cmake:286 (ament_execute_extensions)
[0.739s]   CMakeLists.txt:19 (rosidl_generate_interfaces)
[0.739s] This warning is for project developers.  Use -Wno-dev to suppress it.
[0.739s] [0m
[0.750s] -- Found PythonLibs: /usr/lib/x86_64-linux-gnu/libpython3.8.so (found suitable version "3.8.10", minimum required is "3.5")
[0.750s] -- Using PYTHON_EXECUTABLE: /usr/bin/python3
[0.750s] -- Using PYTHON_INCLUDE_DIRS: /usr/include/python3.8
[0.750s] -- Using PYTHON_LIBRARIES: /usr/lib/x86_64-linux-gnu/libpython3.8.so
[0.774s] -- Found PythonExtra: .so
[0.875s] -- Found ament_cmake_flake8: 0.10.7 (/opt/ros/galactic/share/ament_cmake_flake8/cmake)
[0.876s] -- Found ament_cmake_pep257: 0.10.7 (/opt/ros/galactic/share/ament_cmake_pep257/cmake)
[0.880s] -- Configuring done (0.9s)
[0.906s] -- Generating done (0.0s)
[0.908s] -- Build files have been written to: /home/dvij/learning_table_tennis_from_scratch/lbr_fri_ros2_stack_ws/build/lbr_fri_msgs
[0.914s] Invoked command in '/home/dvij/learning_table_tennis_from_scratch/lbr_fri_ros2_stack_ws/build/lbr_fri_msgs' returned '0': CMAKE_PREFIX_PATH=/opt/ros/galactic /usr/local/bin/cmake /home/dvij/learning_table_tennis_from_scratch/lbr_fri_ros2_stack_ws/src/lbr_fri_ros2_stack/lbr_fri_msgs -DCMAKE_INSTALL_PREFIX=/home/dvij/learning_table_tennis_from_scratch/lbr_fri_ros2_stack_ws/install/lbr_fri_msgs
[0.915s] Invoking command in '/home/dvij/learning_table_tennis_from_scratch/lbr_fri_ros2_stack_ws/build/lbr_fri_msgs': CMAKE_PREFIX_PATH=/opt/ros/galactic /usr/local/bin/cmake --build /home/dvij/learning_table_tennis_from_scratch/lbr_fri_ros2_stack_ws/build/lbr_fri_msgs -- -j20 -l20
[0.933s] [  1%] [34m[1mGenerating C code for ROS interfaces[0m
[0.937s] [  3%] [34m[1mGenerating C++ code for ROS interfaces[0m
[1.162s] [  3%] Built target lbr_fri_msgs__cpp
[1.167s] [  5%] [34m[1mGenerating C++ type support dispatch for ROS interfaces[0m
[1.167s] [  7%] [34m[1mGenerating C++ type support for eProsima Fast-RTPS[0m
[1.167s] [  9%] [34m[1mGenerating C++ introspection for ROS interfaces[0m
[1.173s] [ 10%] [32mBuilding C object CMakeFiles/lbr_fri_msgs__rosidl_generator_c.dir/rosidl_generator_c/lbr_fri_msgs/msg/detail/lbr_command__functions.c.o[0m
[1.174s] [ 12%] [32mBuilding C object CMakeFiles/lbr_fri_msgs__rosidl_generator_c.dir/rosidl_generator_c/lbr_fri_msgs/msg/detail/lbr_state__functions.c.o[0m
[1.174s] [ 14%] [32mBuilding C object CMakeFiles/lbr_fri_msgs__rosidl_generator_c.dir/rosidl_generator_c/lbr_fri_msgs/srv/detail/app_connect__functions.c.o[0m
[1.174s] [ 16%] [32mBuilding C object CMakeFiles/lbr_fri_msgs__rosidl_generator_c.dir/rosidl_generator_c/lbr_fri_msgs/srv/detail/app_disconnect__functions.c.o[0m
[1.205s] [ 18%] [32m[1mLinking C shared library liblbr_fri_msgs__rosidl_generator_c.so[0m
[1.224s] [ 18%] Built target lbr_fri_msgs__rosidl_generator_c
[1.228s] [ 20%] [34m[1mGenerating C introspection for ROS interfaces[0m
[1.228s] [ 21%] [34m[1mGenerating C type support dispatch for ROS interfaces[0m
[1.351s] [ 25%] [32mBuilding CXX object CMakeFiles/lbr_fri_msgs__rosidl_typesupport_cpp.dir/rosidl_typesupport_cpp/lbr_fri_msgs/msg/lbr_state__type_support.cpp.o[0m
[1.351s] [ 25%] [32mBuilding CXX object CMakeFiles/lbr_fri_msgs__rosidl_typesupport_cpp.dir/rosidl_typesupport_cpp/lbr_fri_msgs/msg/lbr_command__type_support.cpp.o[0m
[1.351s] [ 27%] [32mBuilding CXX object CMakeFiles/lbr_fri_msgs__rosidl_typesupport_cpp.dir/rosidl_typesupport_cpp/lbr_fri_msgs/srv/app_connect__type_support.cpp.o[0m
[1.351s] [ 29%] [32mBuilding CXX object CMakeFiles/lbr_fri_msgs__rosidl_typesupport_cpp.dir/rosidl_typesupport_cpp/lbr_fri_msgs/srv/app_disconnect__type_support.cpp.o[0m
[1.373s] [ 30%] [32mBuilding CXX object CMakeFiles/lbr_fri_msgs__rosidl_typesupport_introspection_cpp.dir/rosidl_typesupport_introspection_cpp/lbr_fri_msgs/msg/detail/lbr_command__type_support.cpp.o[0m
[1.374s] [ 32%] [32mBuilding CXX object CMakeFiles/lbr_fri_msgs__rosidl_typesupport_introspection_cpp.dir/rosidl_typesupport_introspection_cpp/lbr_fri_msgs/srv/detail/app_disconnect__type_support.cpp.o[0m
[1.375s] [ 34%] [32mBuilding CXX object CMakeFiles/lbr_fri_msgs__rosidl_typesupport_introspection_cpp.dir/rosidl_typesupport_introspection_cpp/lbr_fri_msgs/msg/detail/lbr_state__type_support.cpp.o[0m
[1.375s] [ 36%] [32mBuilding CXX object CMakeFiles/lbr_fri_msgs__rosidl_typesupport_introspection_cpp.dir/rosidl_typesupport_introspection_cpp/lbr_fri_msgs/srv/detail/app_connect__type_support.cpp.o[0m
[1.399s] [ 41%] [32mBuilding CXX object CMakeFiles/lbr_fri_msgs__rosidl_typesupport_fastrtps_cpp.dir/rosidl_typesupport_fastrtps_cpp/lbr_fri_msgs/srv/detail/dds_fastrtps/app_disconnect__type_support.cpp.o[0m
[1.399s] [ 41%] [32mBuilding CXX object CMakeFiles/lbr_fri_msgs__rosidl_typesupport_fastrtps_cpp.dir/rosidl_typesupport_fastrtps_cpp/lbr_fri_msgs/msg/detail/dds_fastrtps/lbr_command__type_support.cpp.o[0m
[1.400s] [ 41%] [32mBuilding CXX object CMakeFiles/lbr_fri_msgs__rosidl_typesupport_fastrtps_cpp.dir/rosidl_typesupport_fastrtps_cpp/lbr_fri_msgs/srv/detail/dds_fastrtps/app_connect__type_support.cpp.o[0m
[1.400s] [ 43%] [32mBuilding CXX object CMakeFiles/lbr_fri_msgs__rosidl_typesupport_fastrtps_cpp.dir/rosidl_typesupport_fastrtps_cpp/lbr_fri_msgs/msg/detail/dds_fastrtps/lbr_state__type_support.cpp.o[0m
[1.436s] [ 47%] [32mBuilding CXX object CMakeFiles/lbr_fri_msgs__rosidl_typesupport_c.dir/rosidl_typesupport_c/lbr_fri_msgs/srv/app_disconnect__type_support.cpp.o[0m
[1.436s] [ 47%] [32mBuilding CXX object CMakeFiles/lbr_fri_msgs__rosidl_typesupport_c.dir/rosidl_typesupport_c/lbr_fri_msgs/msg/lbr_command__type_support.cpp.o[0m
[1.436s] [ 49%] [32mBuilding CXX object CMakeFiles/lbr_fri_msgs__rosidl_typesupport_c.dir/rosidl_typesupport_c/lbr_fri_msgs/srv/app_connect__type_support.cpp.o[0m
[1.436s] [ 50%] [32mBuilding CXX object CMakeFiles/lbr_fri_msgs__rosidl_typesupport_c.dir/rosidl_typesupport_c/lbr_fri_msgs/msg/lbr_state__type_support.cpp.o[0m
[1.466s] [ 56%] [32mBuilding C object CMakeFiles/lbr_fri_msgs__rosidl_typesupport_introspection_c.dir/rosidl_typesupport_introspection_c/lbr_fri_msgs/srv/detail/app_disconnect__type_support.c.o[0m
[1.466s] [ 56%] [32mBuilding C object CMakeFiles/lbr_fri_msgs__rosidl_typesupport_introspection_c.dir/rosidl_typesupport_introspection_c/lbr_fri_msgs/msg/detail/lbr_state__type_support.c.o[0m
[1.466s] [ 56%] [32mBuilding C object CMakeFiles/lbr_fri_msgs__rosidl_typesupport_introspection_c.dir/rosidl_typesupport_introspection_c/lbr_fri_msgs/msg/detail/lbr_command__type_support.c.o[0m
[1.466s] [ 58%] [32mBuilding C object CMakeFiles/lbr_fri_msgs__rosidl_typesupport_introspection_c.dir/rosidl_typesupport_introspection_c/lbr_fri_msgs/srv/detail/app_connect__type_support.c.o[0m
[1.470s] [ 60%] [32m[1mLinking CXX shared library liblbr_fri_msgs__rosidl_typesupport_c.so[0m
[1.496s] [ 61%] [32m[1mLinking C shared library liblbr_fri_msgs__rosidl_typesupport_introspection_c.so[0m
[1.510s] [ 61%] Built target lbr_fri_msgs__rosidl_typesupport_c
[1.514s] [ 61%] Built target lbr_fri_msgs__rosidl_typesupport_introspection_c
[1.548s] [ 63%] [32m[1mLinking CXX shared library liblbr_fri_msgs__rosidl_typesupport_cpp.so[0m
[1.571s] [ 63%] Built target lbr_fri_msgs__rosidl_typesupport_cpp
[1.610s] [ 65%] [32m[1mLinking CXX shared library liblbr_fri_msgs__rosidl_typesupport_introspection_cpp.so[0m
[1.648s] [ 65%] Built target lbr_fri_msgs__rosidl_typesupport_introspection_cpp
[1.672s] [ 67%] [32m[1mLinking CXX shared library liblbr_fri_msgs__rosidl_typesupport_fastrtps_cpp.so[0m
[1.721s] [ 67%] Built target lbr_fri_msgs__rosidl_typesupport_fastrtps_cpp
[1.730s] [ 69%] [34m[1mGenerating C type support for eProsima Fast-RTPS[0m
[1.956s] [ 70%] [32mBuilding CXX object CMakeFiles/lbr_fri_msgs__rosidl_typesupport_fastrtps_c.dir/rosidl_typesupport_fastrtps_c/lbr_fri_msgs/msg/detail/lbr_command__type_support_c.cpp.o[0m
[1.957s] [ 76%] [32mBuilding CXX object CMakeFiles/lbr_fri_msgs__rosidl_typesupport_fastrtps_c.dir/rosidl_typesupport_fastrtps_c/lbr_fri_msgs/msg/detail/lbr_state__type_support_c.cpp.o[0m
[1.957s] [ 76%] [32mBuilding CXX object CMakeFiles/lbr_fri_msgs__rosidl_typesupport_fastrtps_c.dir/rosidl_typesupport_fastrtps_c/lbr_fri_msgs/srv/detail/app_connect__type_support_c.cpp.o[0m
[1.957s] [ 76%] [32mBuilding CXX object CMakeFiles/lbr_fri_msgs__rosidl_typesupport_fastrtps_c.dir/rosidl_typesupport_fastrtps_c/lbr_fri_msgs/srv/detail/app_disconnect__type_support_c.cpp.o[0m
[2.130s] [ 78%] [32m[1mLinking CXX shared library liblbr_fri_msgs__rosidl_typesupport_fastrtps_c.so[0m
[2.174s] [ 78%] Built target lbr_fri_msgs__rosidl_typesupport_fastrtps_c
[2.183s] [ 78%] Built target lbr_fri_msgs
[2.193s] [ 80%] [34m[1mGenerating Python code for ROS interfaces[0m
[2.648s] [ 80%] Built target lbr_fri_msgs__py
[2.657s] [ 81%] [32mBuilding C object CMakeFiles/lbr_fri_msgs__python.dir/rosidl_generator_py/lbr_fri_msgs/msg/_lbr_command_s.c.o[0m
[2.657s] [ 83%] [32mBuilding C object CMakeFiles/lbr_fri_msgs__python.dir/rosidl_generator_py/lbr_fri_msgs/msg/_lbr_state_s.c.o[0m
[2.657s] [ 85%] [32mBuilding C object CMakeFiles/lbr_fri_msgs__python.dir/rosidl_generator_py/lbr_fri_msgs/srv/_app_connect_s.c.o[0m
[2.657s] [ 87%] [32mBuilding C object CMakeFiles/lbr_fri_msgs__python.dir/rosidl_generator_py/lbr_fri_msgs/srv/_app_disconnect_s.c.o[0m
[2.729s] [ 89%] [32m[1mLinking C shared library rosidl_generator_py/lbr_fri_msgs/liblbr_fri_msgs__python.so[0m
[2.751s] [ 89%] Built target lbr_fri_msgs__python
[2.764s] [ 90%] [32mBuilding C object CMakeFiles/lbr_fri_msgs__rosidl_typesupport_fastrtps_c__pyext.dir/rosidl_generator_py/lbr_fri_msgs/_lbr_fri_msgs_s.ep.rosidl_typesupport_fastrtps_c.c.o[0m
[2.764s] [ 92%] [32mBuilding C object CMakeFiles/lbr_fri_msgs__rosidl_typesupport_introspection_c__pyext.dir/rosidl_generator_py/lbr_fri_msgs/_lbr_fri_msgs_s.ep.rosidl_typesupport_introspection_c.c.o[0m
[2.764s] [ 94%] [32mBuilding C object CMakeFiles/lbr_fri_msgs__rosidl_typesupport_c__pyext.dir/rosidl_generator_py/lbr_fri_msgs/_lbr_fri_msgs_s.ep.rosidl_typesupport_c.c.o[0m
[2.816s] [100%] [32m[1mLinking CXX shared library rosidl_generator_py/lbr_fri_msgs/lbr_fri_msgs_s__rosidl_typesupport_fastrtps_c.cpython-38-x86_64-linux-gnu.so[0m
[2.816s] [100%] [32m[1mLinking C shared library rosidl_generator_py/lbr_fri_msgs/lbr_fri_msgs_s__rosidl_typesupport_c.cpython-38-x86_64-linux-gnu.so[0m
[2.816s] [100%] [32m[1mLinking C shared library rosidl_generator_py/lbr_fri_msgs/lbr_fri_msgs_s__rosidl_typesupport_introspection_c.cpython-38-x86_64-linux-gnu.so[0m
[2.834s] [100%] Built target lbr_fri_msgs__rosidl_typesupport_c__pyext
[2.834s] [100%] Built target lbr_fri_msgs__rosidl_typesupport_introspection_c__pyext
[2.849s] [100%] Built target lbr_fri_msgs__rosidl_typesupport_fastrtps_c__pyext
[2.855s] Invoked command in '/home/dvij/learning_table_tennis_from_scratch/lbr_fri_ros2_stack_ws/build/lbr_fri_msgs' returned '0': CMAKE_PREFIX_PATH=/opt/ros/galactic /usr/local/bin/cmake --build /home/dvij/learning_table_tennis_from_scratch/lbr_fri_ros2_stack_ws/build/lbr_fri_msgs -- -j20 -l20
[3.285s] Invoking command in '/home/dvij/learning_table_tennis_from_scratch/lbr_fri_ros2_stack_ws/build/lbr_fri_msgs': CMAKE_PREFIX_PATH=/opt/ros/galactic /usr/local/bin/cmake --install /home/dvij/learning_table_tennis_from_scratch/lbr_fri_ros2_stack_ws/build/lbr_fri_msgs
[3.294s] -- Install configuration: ""
[3.294s] -- Installing: /home/dvij/learning_table_tennis_from_scratch/lbr_fri_ros2_stack_ws/install/lbr_fri_msgs/share/ament_index/resource_index/rosidl_interfaces/lbr_fri_msgs
[3.294s] -- Installing: /home/dvij/learning_table_tennis_from_scratch/lbr_fri_ros2_stack_ws/install/lbr_fri_msgs/include/lbr_fri_msgs
[3.294s] -- Installing: /home/dvij/learning_table_tennis_from_scratch/lbr_fri_ros2_stack_ws/install/lbr_fri_msgs/include/lbr_fri_msgs/msg
[3.294s] -- Installing: /home/dvij/learning_table_tennis_from_scratch/lbr_fri_ros2_stack_ws/install/lbr_fri_msgs/include/lbr_fri_msgs/msg/rosidl_generator_c__visibility_control.h
[3.294s] -- Installing: /home/dvij/learning_table_tennis_from_scratch/lbr_fri_ros2_stack_ws/install/lbr_fri_msgs/include/lbr_fri_msgs/msg/lbr_command.h
[3.294s] -- Installing: /home/dvij/learning_table_tennis_from_scratch/lbr_fri_ros2_stack_ws/install/lbr_fri_msgs/include/lbr_fri_msgs/msg/detail
[3.295s] -- Installing: /home/dvij/learning_table_tennis_from_scratch/lbr_fri_ros2_stack_ws/install/lbr_fri_msgs/include/lbr_fri_msgs/msg/detail/lbr_state__struct.h
[3.295s] -- Installing: /home/dvij/learning_table_tennis_from_scratch/lbr_fri_ros2_stack_ws/install/lbr_fri_msgs/include/lbr_fri_msgs/msg/detail/lbr_state__functions.c
[3.295s] -- Installing: /home/dvij/learning_table_tennis_from_scratch/lbr_fri_ros2_stack_ws/install/lbr_fri_msgs/include/lbr_fri_msgs/msg/detail/lbr_command__type_support.h
[3.295s] -- Installing: /home/dvij/learning_table_tennis_from_scratch/lbr_fri_ros2_stack_ws/install/lbr_fri_msgs/include/lbr_fri_msgs/msg/detail/lbr_command__struct.h
[3.295s] -- Installing: /home/dvij/learning_table_tennis_from_scratch/lbr_fri_ros2_stack_ws/install/lbr_fri_msgs/include/lbr_fri_msgs/msg/detail/lbr_state__type_support.h
[3.295s] -- Installing: /home/dvij/learning_table_tennis_from_scratch/lbr_fri_ros2_stack_ws/install/lbr_fri_msgs/include/lbr_fri_msgs/msg/detail/lbr_state__functions.h
[3.295s] -- Installing: /home/dvij/learning_table_tennis_from_scratch/lbr_fri_ros2_stack_ws/install/lbr_fri_msgs/include/lbr_fri_msgs/msg/detail/lbr_command__functions.c
[3.295s] -- Installing: /home/dvij/learning_table_tennis_from_scratch/lbr_fri_ros2_stack_ws/install/lbr_fri_msgs/include/lbr_fri_msgs/msg/detail/lbr_command__functions.h
[3.295s] -- Installing: /home/dvij/learning_table_tennis_from_scratch/lbr_fri_ros2_stack_ws/install/lbr_fri_msgs/include/lbr_fri_msgs/msg/lbr_state.h
[3.295s] -- Installing: /home/dvij/learning_table_tennis_from_scratch/lbr_fri_ros2_stack_ws/install/lbr_fri_msgs/include/lbr_fri_msgs/srv
[3.295s] -- Installing: /home/dvij/learning_table_tennis_from_scratch/lbr_fri_ros2_stack_ws/install/lbr_fri_msgs/include/lbr_fri_msgs/srv/app_connect.h
[3.295s] -- Installing: /home/dvij/learning_table_tennis_from_scratch/lbr_fri_ros2_stack_ws/install/lbr_fri_msgs/include/lbr_fri_msgs/srv/detail
[3.295s] -- Installing: /home/dvij/learning_table_tennis_from_scratch/lbr_fri_ros2_stack_ws/install/lbr_fri_msgs/include/lbr_fri_msgs/srv/detail/app_connect__type_support.h
[3.295s] -- Installing: /home/dvij/learning_table_tennis_from_scratch/lbr_fri_ros2_stack_ws/install/lbr_fri_msgs/include/lbr_fri_msgs/srv/detail/app_connect__struct.h
[3.295s] -- Installing: /home/dvij/learning_table_tennis_from_scratch/lbr_fri_ros2_stack_ws/install/lbr_fri_msgs/include/lbr_fri_msgs/srv/detail/app_disconnect__functions.h
[3.296s] -- Installing: /home/dvij/learning_table_tennis_from_scratch/lbr_fri_ros2_stack_ws/install/lbr_fri_msgs/include/lbr_fri_msgs/srv/detail/app_disconnect__functions.c
[3.296s] -- Installing: /home/dvij/learning_table_tennis_from_scratch/lbr_fri_ros2_stack_ws/install/lbr_fri_msgs/include/lbr_fri_msgs/srv/detail/app_connect__functions.h
[3.296s] -- Installing: /home/dvij/learning_table_tennis_from_scratch/lbr_fri_ros2_stack_ws/install/lbr_fri_msgs/include/lbr_fri_msgs/srv/detail/app_disconnect__type_support.h
[3.296s] -- Installing: /home/dvij/learning_table_tennis_from_scratch/lbr_fri_ros2_stack_ws/install/lbr_fri_msgs/include/lbr_fri_msgs/srv/detail/app_disconnect__struct.h
[3.296s] -- Installing: /home/dvij/learning_table_tennis_from_scratch/lbr_fri_ros2_stack_ws/install/lbr_fri_msgs/include/lbr_fri_msgs/srv/detail/app_connect__functions.c
[3.296s] -- Installing: /home/dvij/learning_table_tennis_from_scratch/lbr_fri_ros2_stack_ws/install/lbr_fri_msgs/include/lbr_fri_msgs/srv/app_disconnect.h
[3.296s] -- Installing: /home/dvij/learning_table_tennis_from_scratch/lbr_fri_ros2_stack_ws/install/lbr_fri_msgs/share/lbr_fri_msgs/environment/library_path.sh
[3.296s] -- Installing: /home/dvij/learning_table_tennis_from_scratch/lbr_fri_ros2_stack_ws/install/lbr_fri_msgs/share/lbr_fri_msgs/environment/library_path.dsv
[3.296s] -- Installing: /home/dvij/learning_table_tennis_from_scratch/lbr_fri_ros2_stack_ws/install/lbr_fri_msgs/lib/liblbr_fri_msgs__rosidl_generator_c.so
[3.296s] -- Set non-toolchain portion of runtime path of "/home/dvij/learning_table_tennis_from_scratch/lbr_fri_ros2_stack_ws/install/lbr_fri_msgs/lib/liblbr_fri_msgs__rosidl_generator_c.so" to ""
[3.296s] -- Up-to-date: /home/dvij/learning_table_tennis_from_scratch/lbr_fri_ros2_stack_ws/install/lbr_fri_msgs/include/lbr_fri_msgs
[3.296s] -- Up-to-date: /home/dvij/learning_table_tennis_from_scratch/lbr_fri_ros2_stack_ws/install/lbr_fri_msgs/include/lbr_fri_msgs/msg
[3.296s] -- Installing: /home/dvij/learning_table_tennis_from_scratch/lbr_fri_ros2_stack_ws/install/lbr_fri_msgs/include/lbr_fri_msgs/msg/rosidl_typesupport_fastrtps_c__visibility_control.h
[3.297s] -- Up-to-date: /home/dvij/learning_table_tennis_from_scratch/lbr_fri_ros2_stack_ws/install/lbr_fri_msgs/include/lbr_fri_msgs/msg/detail
[3.297s] -- Installing: /home/dvij/learning_table_tennis_from_scratch/lbr_fri_ros2_stack_ws/install/lbr_fri_msgs/include/lbr_fri_msgs/msg/detail/lbr_command__rosidl_typesupport_fastrtps_c.h
[3.297s] -- Installing: /home/dvij/learning_table_tennis_from_scratch/lbr_fri_ros2_stack_ws/install/lbr_fri_msgs/include/lbr_fri_msgs/msg/detail/lbr_state__rosidl_typesupport_fastrtps_c.h
[3.297s] -- Up-to-date: /home/dvij/learning_table_tennis_from_scratch/lbr_fri_ros2_stack_ws/install/lbr_fri_msgs/include/lbr_fri_msgs/srv
[3.297s] -- Up-to-date: /home/dvij/learning_table_tennis_from_scratch/lbr_fri_ros2_stack_ws/install/lbr_fri_msgs/include/lbr_fri_msgs/srv/detail
[3.297s] -- Installing: /home/dvij/learning_table_tennis_from_scratch/lbr_fri_ros2_stack_ws/install/lbr_fri_msgs/include/lbr_fri_msgs/srv/detail/app_disconnect__rosidl_typesupport_fastrtps_c.h
[3.297s] -- Installing: /home/dvij/learning_table_tennis_from_scratch/lbr_fri_ros2_stack_ws/install/lbr_fri_msgs/include/lbr_fri_msgs/srv/detail/app_connect__rosidl_typesupport_fastrtps_c.h
[3.297s] -- Installing: /home/dvij/learning_table_tennis_from_scratch/lbr_fri_ros2_stack_ws/install/lbr_fri_msgs/lib/liblbr_fri_msgs__rosidl_typesupport_fastrtps_c.so
[3.297s] -- Set non-toolchain portion of runtime path of "/home/dvij/learning_table_tennis_from_scratch/lbr_fri_ros2_stack_ws/install/lbr_fri_msgs/lib/liblbr_fri_msgs__rosidl_typesupport_fastrtps_c.so" to ""
[3.297s] -- Up-to-date: /home/dvij/learning_table_tennis_from_scratch/lbr_fri_ros2_stack_ws/install/lbr_fri_msgs/include/lbr_fri_msgs
[3.297s] -- Up-to-date: /home/dvij/learning_table_tennis_from_scratch/lbr_fri_ros2_stack_ws/install/lbr_fri_msgs/include/lbr_fri_msgs/msg
[3.297s] -- Installing: /home/dvij/learning_table_tennis_from_scratch/lbr_fri_ros2_stack_ws/install/lbr_fri_msgs/include/lbr_fri_msgs/msg/rosidl_typesupport_fastrtps_cpp__visibility_control.h
[3.297s] -- Up-to-date: /home/dvij/learning_table_tennis_from_scratch/lbr_fri_ros2_stack_ws/install/lbr_fri_msgs/include/lbr_fri_msgs/msg/detail
[3.297s] -- Installing: /home/dvij/learning_table_tennis_from_scratch/lbr_fri_ros2_stack_ws/install/lbr_fri_msgs/include/lbr_fri_msgs/msg/detail/lbr_command__rosidl_typesupport_fastrtps_cpp.hpp
[3.297s] -- Installing: /home/dvij/learning_table_tennis_from_scratch/lbr_fri_ros2_stack_ws/install/lbr_fri_msgs/include/lbr_fri_msgs/msg/detail/lbr_state__rosidl_typesupport_fastrtps_cpp.hpp
[3.297s] -- Installing: /home/dvij/learning_table_tennis_from_scratch/lbr_fri_ros2_stack_ws/install/lbr_fri_msgs/include/lbr_fri_msgs/msg/detail/dds_fastrtps
[3.297s] -- Up-to-date: /home/dvij/learning_table_tennis_from_scratch/lbr_fri_ros2_stack_ws/install/lbr_fri_msgs/include/lbr_fri_msgs/srv
[3.297s] -- Up-to-date: /home/dvij/learning_table_tennis_from_scratch/lbr_fri_ros2_stack_ws/install/lbr_fri_msgs/include/lbr_fri_msgs/srv/detail
[3.298s] -- Installing: /home/dvij/learning_table_tennis_from_scratch/lbr_fri_ros2_stack_ws/install/lbr_fri_msgs/include/lbr_fri_msgs/srv/detail/app_connect__rosidl_typesupport_fastrtps_cpp.hpp
[3.298s] -- Installing: /home/dvij/learning_table_tennis_from_scratch/lbr_fri_ros2_stack_ws/install/lbr_fri_msgs/include/lbr_fri_msgs/srv/detail/app_disconnect__rosidl_typesupport_fastrtps_cpp.hpp
[3.298s] -- Installing: /home/dvij/learning_table_tennis_from_scratch/lbr_fri_ros2_stack_ws/install/lbr_fri_msgs/include/lbr_fri_msgs/srv/detail/dds_fastrtps
[3.298s] -- Installing: /home/dvij/learning_table_tennis_from_scratch/lbr_fri_ros2_stack_ws/install/lbr_fri_msgs/lib/liblbr_fri_msgs__rosidl_typesupport_fastrtps_cpp.so
[3.298s] -- Set non-toolchain portion of runtime path of "/home/dvij/learning_table_tennis_from_scratch/lbr_fri_ros2_stack_ws/install/lbr_fri_msgs/lib/liblbr_fri_msgs__rosidl_typesupport_fastrtps_cpp.so" to ""
[3.298s] -- Up-to-date: /home/dvij/learning_table_tennis_from_scratch/lbr_fri_ros2_stack_ws/install/lbr_fri_msgs/include/lbr_fri_msgs
[3.298s] -- Up-to-date: /home/dvij/learning_table_tennis_from_scratch/lbr_fri_ros2_stack_ws/install/lbr_fri_msgs/include/lbr_fri_msgs/msg
[3.298s] -- Installing: /home/dvij/learning_table_tennis_from_scratch/lbr_fri_ros2_stack_ws/install/lbr_fri_msgs/include/lbr_fri_msgs/msg/rosidl_typesupport_introspection_c__visibility_control.h
[3.298s] -- Up-to-date: /home/dvij/learning_table_tennis_from_scratch/lbr_fri_ros2_stack_ws/install/lbr_fri_msgs/include/lbr_fri_msgs/msg/detail
[3.298s] -- Installing: /home/dvij/learning_table_tennis_from_scratch/lbr_fri_ros2_stack_ws/install/lbr_fri_msgs/include/lbr_fri_msgs/msg/detail/lbr_command__type_support.c
[3.298s] -- Installing: /home/dvij/learning_table_tennis_from_scratch/lbr_fri_ros2_stack_ws/install/lbr_fri_msgs/include/lbr_fri_msgs/msg/detail/lbr_state__type_support.c
[3.298s] -- Installing: /home/dvij/learning_table_tennis_from_scratch/lbr_fri_ros2_stack_ws/install/lbr_fri_msgs/include/lbr_fri_msgs/msg/detail/lbr_state__rosidl_typesupport_introspection_c.h
[3.298s] -- Installing: /home/dvij/learning_table_tennis_from_scratch/lbr_fri_ros2_stack_ws/install/lbr_fri_msgs/include/lbr_fri_msgs/msg/detail/lbr_command__rosidl_typesupport_introspection_c.h
[3.298s] -- Up-to-date: /home/dvij/learning_table_tennis_from_scratch/lbr_fri_ros2_stack_ws/install/lbr_fri_msgs/include/lbr_fri_msgs/srv
[3.298s] -- Up-to-date: /home/dvij/learning_table_tennis_from_scratch/lbr_fri_ros2_stack_ws/install/lbr_fri_msgs/include/lbr_fri_msgs/srv/detail
[3.298s] -- Installing: /home/dvij/learning_table_tennis_from_scratch/lbr_fri_ros2_stack_ws/install/lbr_fri_msgs/include/lbr_fri_msgs/srv/detail/app_disconnect__type_support.c
[3.298s] -- Installing: /home/dvij/learning_table_tennis_from_scratch/lbr_fri_ros2_stack_ws/install/lbr_fri_msgs/include/lbr_fri_msgs/srv/detail/app_disconnect__rosidl_typesupport_introspection_c.h
[3.298s] -- Installing: /home/dvij/learning_table_tennis_from_scratch/lbr_fri_ros2_stack_ws/install/lbr_fri_msgs/include/lbr_fri_msgs/srv/detail/app_connect__rosidl_typesupport_introspection_c.h
[3.298s] -- Installing: /home/dvij/learning_table_tennis_from_scratch/lbr_fri_ros2_stack_ws/install/lbr_fri_msgs/include/lbr_fri_msgs/srv/detail/app_connect__type_support.c
[3.298s] -- Installing: /home/dvij/learning_table_tennis_from_scratch/lbr_fri_ros2_stack_ws/install/lbr_fri_msgs/lib/liblbr_fri_msgs__rosidl_typesupport_introspection_c.so
[3.298s] -- Set non-toolchain portion of runtime path of "/home/dvij/learning_table_tennis_from_scratch/lbr_fri_ros2_stack_ws/install/lbr_fri_msgs/lib/liblbr_fri_msgs__rosidl_typesupport_introspection_c.so" to ""
[3.298s] -- Installing: /home/dvij/learning_table_tennis_from_scratch/lbr_fri_ros2_stack_ws/install/lbr_fri_msgs/lib/liblbr_fri_msgs__rosidl_typesupport_c.so
[3.299s] -- Set non-toolchain portion of runtime path of "/home/dvij/learning_table_tennis_from_scratch/lbr_fri_ros2_stack_ws/install/lbr_fri_msgs/lib/liblbr_fri_msgs__rosidl_typesupport_c.so" to ""
[3.299s] -- Up-to-date: /home/dvij/learning_table_tennis_from_scratch/lbr_fri_ros2_stack_ws/install/lbr_fri_msgs/include/lbr_fri_msgs
[3.299s] -- Up-to-date: /home/dvij/learning_table_tennis_from_scratch/lbr_fri_ros2_stack_ws/install/lbr_fri_msgs/include/lbr_fri_msgs/msg
[3.299s] -- Installing: /home/dvij/learning_table_tennis_from_scratch/lbr_fri_ros2_stack_ws/install/lbr_fri_msgs/include/lbr_fri_msgs/msg/lbr_state.hpp
[3.299s] -- Up-to-date: /home/dvij/learning_table_tennis_from_scratch/lbr_fri_ros2_stack_ws/install/lbr_fri_msgs/include/lbr_fri_msgs/msg/detail
[3.299s] -- Installing: /home/dvij/learning_table_tennis_from_scratch/lbr_fri_ros2_stack_ws/install/lbr_fri_msgs/include/lbr_fri_msgs/msg/detail/lbr_state__builder.hpp
[3.299s] -- Installing: /home/dvij/learning_table_tennis_from_scratch/lbr_fri_ros2_stack_ws/install/lbr_fri_msgs/include/lbr_fri_msgs/msg/detail/lbr_command__traits.hpp
[3.299s] -- Installing: /home/dvij/learning_table_tennis_from_scratch/lbr_fri_ros2_stack_ws/install/lbr_fri_msgs/include/lbr_fri_msgs/msg/detail/lbr_command__struct.hpp
[3.299s] -- Installing: /home/dvij/learning_table_tennis_from_scratch/lbr_fri_ros2_stack_ws/install/lbr_fri_msgs/include/lbr_fri_msgs/msg/detail/lbr_state__struct.hpp
[3.299s] -- Installing: /home/dvij/learning_table_tennis_from_scratch/lbr_fri_ros2_stack_ws/install/lbr_fri_msgs/include/lbr_fri_msgs/msg/detail/lbr_state__traits.hpp
[3.299s] -- Installing: /home/dvij/learning_table_tennis_from_scratch/lbr_fri_ros2_stack_ws/install/lbr_fri_msgs/include/lbr_fri_msgs/msg/detail/lbr_command__builder.hpp
[3.299s] -- Installing: /home/dvij/learning_table_tennis_from_scratch/lbr_fri_ros2_stack_ws/install/lbr_fri_msgs/include/lbr_fri_msgs/msg/lbr_command.hpp
[3.299s] -- Up-to-date: /home/dvij/learning_table_tennis_from_scratch/lbr_fri_ros2_stack_ws/install/lbr_fri_msgs/include/lbr_fri_msgs/srv
[3.299s] -- Installing: /home/dvij/learning_table_tennis_from_scratch/lbr_fri_ros2_stack_ws/install/lbr_fri_msgs/include/lbr_fri_msgs/srv/app_disconnect.hpp
[3.299s] -- Up-to-date: /home/dvij/learning_table_tennis_from_scratch/lbr_fri_ros2_stack_ws/install/lbr_fri_msgs/include/lbr_fri_msgs/srv/detail
[3.299s] -- Installing: /home/dvij/learning_table_tennis_from_scratch/lbr_fri_ros2_stack_ws/install/lbr_fri_msgs/include/lbr_fri_msgs/srv/detail/app_disconnect__struct.hpp
[3.299s] -- Installing: /home/dvij/learning_table_tennis_from_scratch/lbr_fri_ros2_stack_ws/install/lbr_fri_msgs/include/lbr_fri_msgs/srv/detail/app_disconnect__traits.hpp
[3.299s] -- Installing: /home/dvij/learning_table_tennis_from_scratch/lbr_fri_ros2_stack_ws/install/lbr_fri_msgs/include/lbr_fri_msgs/srv/detail/app_connect__struct.hpp
[3.299s] -- Installing: /home/dvij/learning_table_tennis_from_scratch/lbr_fri_ros2_stack_ws/install/lbr_fri_msgs/include/lbr_fri_msgs/srv/detail/app_disconnect__builder.hpp
[3.299s] -- Installing: /home/dvij/learning_table_tennis_from_scratch/lbr_fri_ros2_stack_ws/install/lbr_fri_msgs/include/lbr_fri_msgs/srv/detail/app_connect__builder.hpp
[3.299s] -- Installing: /home/dvij/learning_table_tennis_from_scratch/lbr_fri_ros2_stack_ws/install/lbr_fri_msgs/include/lbr_fri_msgs/srv/detail/app_connect__traits.hpp
[3.299s] -- Installing: /home/dvij/learning_table_tennis_from_scratch/lbr_fri_ros2_stack_ws/install/lbr_fri_msgs/include/lbr_fri_msgs/srv/app_connect.hpp
[3.299s] -- Up-to-date: /home/dvij/learning_table_tennis_from_scratch/lbr_fri_ros2_stack_ws/install/lbr_fri_msgs/include/lbr_fri_msgs
[3.299s] -- Up-to-date: /home/dvij/learning_table_tennis_from_scratch/lbr_fri_ros2_stack_ws/install/lbr_fri_msgs/include/lbr_fri_msgs/msg
[3.299s] -- Up-to-date: /home/dvij/learning_table_tennis_from_scratch/lbr_fri_ros2_stack_ws/install/lbr_fri_msgs/include/lbr_fri_msgs/msg/detail
[3.300s] -- Installing: /home/dvij/learning_table_tennis_from_scratch/lbr_fri_ros2_stack_ws/install/lbr_fri_msgs/include/lbr_fri_msgs/msg/detail/lbr_state__rosidl_typesupport_introspection_cpp.hpp
[3.300s] -- Installing: /home/dvij/learning_table_tennis_from_scratch/lbr_fri_ros2_stack_ws/install/lbr_fri_msgs/include/lbr_fri_msgs/msg/detail/lbr_command__rosidl_typesupport_introspection_cpp.hpp
[3.300s] -- Installing: /home/dvij/learning_table_tennis_from_scratch/lbr_fri_ros2_stack_ws/install/lbr_fri_msgs/include/lbr_fri_msgs/msg/detail/lbr_command__type_support.cpp
[3.300s] -- Installing: /home/dvij/learning_table_tennis_from_scratch/lbr_fri_ros2_stack_ws/install/lbr_fri_msgs/include/lbr_fri_msgs/msg/detail/lbr_state__type_support.cpp
[3.300s] -- Up-to-date: /home/dvij/learning_table_tennis_from_scratch/lbr_fri_ros2_stack_ws/install/lbr_fri_msgs/include/lbr_fri_msgs/srv
[3.300s] -- Up-to-date: /home/dvij/learning_table_tennis_from_scratch/lbr_fri_ros2_stack_ws/install/lbr_fri_msgs/include/lbr_fri_msgs/srv/detail
[3.300s] -- Installing: /home/dvij/learning_table_tennis_from_scratch/lbr_fri_ros2_stack_ws/install/lbr_fri_msgs/include/lbr_fri_msgs/srv/detail/app_connect__type_support.cpp
[3.300s] -- Installing: /home/dvij/learning_table_tennis_from_scratch/lbr_fri_ros2_stack_ws/install/lbr_fri_msgs/include/lbr_fri_msgs/srv/detail/app_disconnect__type_support.cpp
[3.300s] -- Installing: /home/dvij/learning_table_tennis_from_scratch/lbr_fri_ros2_stack_ws/install/lbr_fri_msgs/include/lbr_fri_msgs/srv/detail/app_connect__rosidl_typesupport_introspection_cpp.hpp
[3.300s] -- Installing: /home/dvij/learning_table_tennis_from_scratch/lbr_fri_ros2_stack_ws/install/lbr_fri_msgs/include/lbr_fri_msgs/srv/detail/app_disconnect__rosidl_typesupport_introspection_cpp.hpp
[3.300s] -- Installing: /home/dvij/learning_table_tennis_from_scratch/lbr_fri_ros2_stack_ws/install/lbr_fri_msgs/lib/liblbr_fri_msgs__rosidl_typesupport_introspection_cpp.so
[3.300s] -- Set non-toolchain portion of runtime path of "/home/dvij/learning_table_tennis_from_scratch/lbr_fri_ros2_stack_ws/install/lbr_fri_msgs/lib/liblbr_fri_msgs__rosidl_typesupport_introspection_cpp.so" to ""
[3.300s] -- Installing: /home/dvij/learning_table_tennis_from_scratch/lbr_fri_ros2_stack_ws/install/lbr_fri_msgs/lib/liblbr_fri_msgs__rosidl_typesupport_cpp.so
[3.300s] -- Set non-toolchain portion of runtime path of "/home/dvij/learning_table_tennis_from_scratch/lbr_fri_ros2_stack_ws/install/lbr_fri_msgs/lib/liblbr_fri_msgs__rosidl_typesupport_cpp.so" to ""
[3.300s] -- Installing: /home/dvij/learning_table_tennis_from_scratch/lbr_fri_ros2_stack_ws/install/lbr_fri_msgs/share/lbr_fri_msgs/environment/pythonpath.sh
[3.300s] -- Installing: /home/dvij/learning_table_tennis_from_scratch/lbr_fri_ros2_stack_ws/install/lbr_fri_msgs/share/lbr_fri_msgs/environment/pythonpath.dsv
[3.300s] -- Installing: /home/dvij/learning_table_tennis_from_scratch/lbr_fri_ros2_stack_ws/install/lbr_fri_msgs/lib/python3.8/site-packages/lbr_fri_msgs/__init__.py
[3.331s] Compiling '/home/dvij/learning_table_tennis_from_scratch/lbr_fri_ros2_stack_ws/install/lbr_fri_msgs/lib/python3.8/site-packages/lbr_fri_msgs/__init__.py'...
[3.334s] -- Installing: /home/dvij/learning_table_tennis_from_scratch/lbr_fri_ros2_stack_ws/install/lbr_fri_msgs/lib/python3.8/site-packages/lbr_fri_msgs/msg
[3.334s] -- Installing: /home/dvij/learning_table_tennis_from_scratch/lbr_fri_ros2_stack_ws/install/lbr_fri_msgs/lib/python3.8/site-packages/lbr_fri_msgs/msg/_lbr_command.py
[3.334s] -- Installing: /home/dvij/learning_table_tennis_from_scratch/lbr_fri_ros2_stack_ws/install/lbr_fri_msgs/lib/python3.8/site-packages/lbr_fri_msgs/msg/__init__.py
[3.334s] -- Installing: /home/dvij/learning_table_tennis_from_scratch/lbr_fri_ros2_stack_ws/install/lbr_fri_msgs/lib/python3.8/site-packages/lbr_fri_msgs/msg/_lbr_state_s.c
[3.334s] -- Installing: /home/dvij/learning_table_tennis_from_scratch/lbr_fri_ros2_stack_ws/install/lbr_fri_msgs/lib/python3.8/site-packages/lbr_fri_msgs/msg/_lbr_state.py
[3.334s] -- Installing: /home/dvij/learning_table_tennis_from_scratch/lbr_fri_ros2_stack_ws/install/lbr_fri_msgs/lib/python3.8/site-packages/lbr_fri_msgs/msg/_lbr_command_s.c
[3.334s] -- Installing: /home/dvij/learning_table_tennis_from_scratch/lbr_fri_ros2_stack_ws/install/lbr_fri_msgs/lib/python3.8/site-packages/lbr_fri_msgs/srv
[3.334s] -- Installing: /home/dvij/learning_table_tennis_from_scratch/lbr_fri_ros2_stack_ws/install/lbr_fri_msgs/lib/python3.8/site-packages/lbr_fri_msgs/srv/_app_connect.py
[3.334s] -- Installing: /home/dvij/learning_table_tennis_from_scratch/lbr_fri_ros2_stack_ws/install/lbr_fri_msgs/lib/python3.8/site-packages/lbr_fri_msgs/srv/__init__.py
[3.335s] -- Installing: /home/dvij/learning_table_tennis_from_scratch/lbr_fri_ros2_stack_ws/install/lbr_fri_msgs/lib/python3.8/site-packages/lbr_fri_msgs/srv/_app_disconnect.py
[3.335s] -- Installing: /home/dvij/learning_table_tennis_from_scratch/lbr_fri_ros2_stack_ws/install/lbr_fri_msgs/lib/python3.8/site-packages/lbr_fri_msgs/srv/_app_connect_s.c
[3.335s] -- Installing: /home/dvij/learning_table_tennis_from_scratch/lbr_fri_ros2_stack_ws/install/lbr_fri_msgs/lib/python3.8/site-packages/lbr_fri_msgs/srv/_app_disconnect_s.c
[3.335s] -- Installing: /home/dvij/learning_table_tennis_from_scratch/lbr_fri_ros2_stack_ws/install/lbr_fri_msgs/lib/python3.8/site-packages/lbr_fri_msgs/lbr_fri_msgs_s__rosidl_typesupport_fastrtps_c.cpython-38-x86_64-linux-gnu.so
[3.335s] -- Set non-toolchain portion of runtime path of "/home/dvij/learning_table_tennis_from_scratch/lbr_fri_ros2_stack_ws/install/lbr_fri_msgs/lib/python3.8/site-packages/lbr_fri_msgs/lbr_fri_msgs_s__rosidl_typesupport_fastrtps_c.cpython-38-x86_64-linux-gnu.so" to ""
[3.335s] -- Installing: /home/dvij/learning_table_tennis_from_scratch/lbr_fri_ros2_stack_ws/install/lbr_fri_msgs/lib/python3.8/site-packages/lbr_fri_msgs/lbr_fri_msgs_s__rosidl_typesupport_introspection_c.cpython-38-x86_64-linux-gnu.so
[3.335s] -- Set non-toolchain portion of runtime path of "/home/dvij/learning_table_tennis_from_scratch/lbr_fri_ros2_stack_ws/install/lbr_fri_msgs/lib/python3.8/site-packages/lbr_fri_msgs/lbr_fri_msgs_s__rosidl_typesupport_introspection_c.cpython-38-x86_64-linux-gnu.so" to ""
[3.335s] -- Installing: /home/dvij/learning_table_tennis_from_scratch/lbr_fri_ros2_stack_ws/install/lbr_fri_msgs/lib/python3.8/site-packages/lbr_fri_msgs/lbr_fri_msgs_s__rosidl_typesupport_c.cpython-38-x86_64-linux-gnu.so
[3.335s] -- Set non-toolchain portion of runtime path of "/home/dvij/learning_table_tennis_from_scratch/lbr_fri_ros2_stack_ws/install/lbr_fri_msgs/lib/python3.8/site-packages/lbr_fri_msgs/lbr_fri_msgs_s__rosidl_typesupport_c.cpython-38-x86_64-linux-gnu.so" to ""
[3.335s] -- Installing: /home/dvij/learning_table_tennis_from_scratch/lbr_fri_ros2_stack_ws/install/lbr_fri_msgs/lib/liblbr_fri_msgs__python.so
[3.335s] -- Set non-toolchain portion of runtime path of "/home/dvij/learning_table_tennis_from_scratch/lbr_fri_ros2_stack_ws/install/lbr_fri_msgs/lib/liblbr_fri_msgs__python.so" to ""
[3.335s] -- Installing: /home/dvij/learning_table_tennis_from_scratch/lbr_fri_ros2_stack_ws/install/lbr_fri_msgs/share/lbr_fri_msgs/msg/LBRCommand.idl
[3.335s] -- Installing: /home/dvij/learning_table_tennis_from_scratch/lbr_fri_ros2_stack_ws/install/lbr_fri_msgs/share/lbr_fri_msgs/msg/LBRState.idl
[3.335s] -- Installing: /home/dvij/learning_table_tennis_from_scratch/lbr_fri_ros2_stack_ws/install/lbr_fri_msgs/share/lbr_fri_msgs/srv/AppConnect.idl
[3.335s] -- Installing: /home/dvij/learning_table_tennis_from_scratch/lbr_fri_ros2_stack_ws/install/lbr_fri_msgs/share/lbr_fri_msgs/srv/AppDisconnect.idl
[3.335s] -- Installing: /home/dvij/learning_table_tennis_from_scratch/lbr_fri_ros2_stack_ws/install/lbr_fri_msgs/share/lbr_fri_msgs/msg/LBRCommand.msg
[3.335s] -- Installing: /home/dvij/learning_table_tennis_from_scratch/lbr_fri_ros2_stack_ws/install/lbr_fri_msgs/share/lbr_fri_msgs/msg/LBRState.msg
[3.335s] -- Installing: /home/dvij/learning_table_tennis_from_scratch/lbr_fri_ros2_stack_ws/install/lbr_fri_msgs/share/lbr_fri_msgs/srv/AppConnect.srv
[3.335s] -- Installing: /home/dvij/learning_table_tennis_from_scratch/lbr_fri_ros2_stack_ws/install/lbr_fri_msgs/share/lbr_fri_msgs/srv/AppConnect_Request.msg
[3.335s] -- Installing: /home/dvij/learning_table_tennis_from_scratch/lbr_fri_ros2_stack_ws/install/lbr_fri_msgs/share/lbr_fri_msgs/srv/AppConnect_Response.msg
[3.335s] -- Installing: /home/dvij/learning_table_tennis_from_scratch/lbr_fri_ros2_stack_ws/install/lbr_fri_msgs/share/lbr_fri_msgs/srv/AppDisconnect.srv
[3.335s] -- Installing: /home/dvij/learning_table_tennis_from_scratch/lbr_fri_ros2_stack_ws/install/lbr_fri_msgs/share/lbr_fri_msgs/srv/AppDisconnect_Request.msg
[3.336s] -- Installing: /home/dvij/learning_table_tennis_from_scratch/lbr_fri_ros2_stack_ws/install/lbr_fri_msgs/share/lbr_fri_msgs/srv/AppDisconnect_Response.msg
[3.336s] -- Installing: /home/dvij/learning_table_tennis_from_scratch/lbr_fri_ros2_stack_ws/install/lbr_fri_msgs/share/ament_index/resource_index/package_run_dependencies/lbr_fri_msgs
[3.336s] -- Installing: /home/dvij/learning_table_tennis_from_scratch/lbr_fri_ros2_stack_ws/install/lbr_fri_msgs/share/ament_index/resource_index/parent_prefix_path/lbr_fri_msgs
[3.336s] -- Installing: /home/dvij/learning_table_tennis_from_scratch/lbr_fri_ros2_stack_ws/install/lbr_fri_msgs/share/lbr_fri_msgs/environment/ament_prefix_path.sh
[3.336s] -- Installing: /home/dvij/learning_table_tennis_from_scratch/lbr_fri_ros2_stack_ws/install/lbr_fri_msgs/share/lbr_fri_msgs/environment/ament_prefix_path.dsv
[3.336s] -- Installing: /home/dvij/learning_table_tennis_from_scratch/lbr_fri_ros2_stack_ws/install/lbr_fri_msgs/share/lbr_fri_msgs/environment/path.sh
[3.336s] -- Installing: /home/dvij/learning_table_tennis_from_scratch/lbr_fri_ros2_stack_ws/install/lbr_fri_msgs/share/lbr_fri_msgs/environment/path.dsv
[3.336s] -- Installing: /home/dvij/learning_table_tennis_from_scratch/lbr_fri_ros2_stack_ws/install/lbr_fri_msgs/share/lbr_fri_msgs/local_setup.bash
[3.336s] -- Installing: /home/dvij/learning_table_tennis_from_scratch/lbr_fri_ros2_stack_ws/install/lbr_fri_msgs/share/lbr_fri_msgs/local_setup.sh
[3.336s] -- Installing: /home/dvij/learning_table_tennis_from_scratch/lbr_fri_ros2_stack_ws/install/lbr_fri_msgs/share/lbr_fri_msgs/local_setup.zsh
[3.336s] -- Installing: /home/dvij/learning_table_tennis_from_scratch/lbr_fri_ros2_stack_ws/install/lbr_fri_msgs/share/lbr_fri_msgs/local_setup.dsv
[3.336s] -- Installing: /home/dvij/learning_table_tennis_from_scratch/lbr_fri_ros2_stack_ws/install/lbr_fri_msgs/share/lbr_fri_msgs/package.dsv
[3.336s] -- Installing: /home/dvij/learning_table_tennis_from_scratch/lbr_fri_ros2_stack_ws/install/lbr_fri_msgs/share/ament_index/resource_index/packages/lbr_fri_msgs
[3.336s] -- Installing: /home/dvij/learning_table_tennis_from_scratch/lbr_fri_ros2_stack_ws/install/lbr_fri_msgs/share/lbr_fri_msgs/cmake/lbr_fri_msgs__rosidl_generator_cExport.cmake
[3.336s] -- Installing: /home/dvij/learning_table_tennis_from_scratch/lbr_fri_ros2_stack_ws/install/lbr_fri_msgs/share/lbr_fri_msgs/cmake/lbr_fri_msgs__rosidl_generator_cExport-noconfig.cmake
[3.336s] -- Installing: /home/dvij/learning_table_tennis_from_scratch/lbr_fri_ros2_stack_ws/install/lbr_fri_msgs/share/lbr_fri_msgs/cmake/lbr_fri_msgs__rosidl_typesupport_introspection_cExport.cmake
[3.336s] -- Installing: /home/dvij/learning_table_tennis_from_scratch/lbr_fri_ros2_stack_ws/install/lbr_fri_msgs/share/lbr_fri_msgs/cmake/lbr_fri_msgs__rosidl_typesupport_introspection_cExport-noconfig.cmake
[3.337s] -- Installing: /home/dvij/learning_table_tennis_from_scratch/lbr_fri_ros2_stack_ws/install/lbr_fri_msgs/share/lbr_fri_msgs/cmake/lbr_fri_msgs__rosidl_typesupport_cExport.cmake
[3.337s] -- Installing: /home/dvij/learning_table_tennis_from_scratch/lbr_fri_ros2_stack_ws/install/lbr_fri_msgs/share/lbr_fri_msgs/cmake/lbr_fri_msgs__rosidl_typesupport_cExport-noconfig.cmake
[3.337s] -- Installing: /home/dvij/learning_table_tennis_from_scratch/lbr_fri_ros2_stack_ws/install/lbr_fri_msgs/share/lbr_fri_msgs/cmake/lbr_fri_msgs__rosidl_generator_cppExport.cmake
[3.337s] -- Installing: /home/dvij/learning_table_tennis_from_scratch/lbr_fri_ros2_stack_ws/install/lbr_fri_msgs/share/lbr_fri_msgs/cmake/lbr_fri_msgs__rosidl_typesupport_introspection_cppExport.cmake
[3.337s] -- Installing: /home/dvij/learning_table_tennis_from_scratch/lbr_fri_ros2_stack_ws/install/lbr_fri_msgs/share/lbr_fri_msgs/cmake/lbr_fri_msgs__rosidl_typesupport_introspection_cppExport-noconfig.cmake
[3.337s] -- Installing: /home/dvij/learning_table_tennis_from_scratch/lbr_fri_ros2_stack_ws/install/lbr_fri_msgs/share/lbr_fri_msgs/cmake/lbr_fri_msgs__rosidl_typesupport_cppExport.cmake
[3.337s] -- Installing: /home/dvij/learning_table_tennis_from_scratch/lbr_fri_ros2_stack_ws/install/lbr_fri_msgs/share/lbr_fri_msgs/cmake/lbr_fri_msgs__rosidl_typesupport_cppExport-noconfig.cmake
[3.337s] -- Installing: /home/dvij/learning_table_tennis_from_scratch/lbr_fri_ros2_stack_ws/install/lbr_fri_msgs/share/lbr_fri_msgs/cmake/rosidl_cmake-extras.cmake
[3.337s] -- Installing: /home/dvij/learning_table_tennis_from_scratch/lbr_fri_ros2_stack_ws/install/lbr_fri_msgs/share/lbr_fri_msgs/cmake/ament_cmake_export_dependencies-extras.cmake
[3.337s] -- Installing: /home/dvij/learning_table_tennis_from_scratch/lbr_fri_ros2_stack_ws/install/lbr_fri_msgs/share/lbr_fri_msgs/cmake/ament_cmake_export_libraries-extras.cmake
[3.337s] -- Installing: /home/dvij/learning_table_tennis_from_scratch/lbr_fri_ros2_stack_ws/install/lbr_fri_msgs/share/lbr_fri_msgs/cmake/ament_cmake_export_targets-extras.cmake
[3.337s] -- Installing: /home/dvij/learning_table_tennis_from_scratch/lbr_fri_ros2_stack_ws/install/lbr_fri_msgs/share/lbr_fri_msgs/cmake/ament_cmake_export_include_directories-extras.cmake
[3.337s] -- Installing: /home/dvij/learning_table_tennis_from_scratch/lbr_fri_ros2_stack_ws/install/lbr_fri_msgs/share/lbr_fri_msgs/cmake/rosidl_cmake_export_typesupport_libraries-extras.cmake
[3.337s] -- Installing: /home/dvij/learning_table_tennis_from_scratch/lbr_fri_ros2_stack_ws/install/lbr_fri_msgs/share/lbr_fri_msgs/cmake/rosidl_cmake_export_typesupport_targets-extras.cmake
[3.337s] -- Installing: /home/dvij/learning_table_tennis_from_scratch/lbr_fri_ros2_stack_ws/install/lbr_fri_msgs/share/lbr_fri_msgs/cmake/lbr_fri_msgsConfig.cmake
[3.337s] -- Installing: /home/dvij/learning_table_tennis_from_scratch/lbr_fri_ros2_stack_ws/install/lbr_fri_msgs/share/lbr_fri_msgs/cmake/lbr_fri_msgsConfig-version.cmake
[3.337s] -- Installing: /home/dvij/learning_table_tennis_from_scratch/lbr_fri_ros2_stack_ws/install/lbr_fri_msgs/share/lbr_fri_msgs/package.xml
[3.339s] Invoked command in '/home/dvij/learning_table_tennis_from_scratch/lbr_fri_ros2_stack_ws/build/lbr_fri_msgs' returned '0': CMAKE_PREFIX_PATH=/opt/ros/galactic /usr/local/bin/cmake --install /home/dvij/learning_table_tennis_from_scratch/lbr_fri_ros2_stack_ws/build/lbr_fri_msgs
