[0.022s] Invoking command in '/home/dvij/ee206-project/ping-pong-robot/ppr_ws/build/external_torque_sensor_broadcaster': CONDA_PROMPT_MODIFIER=(base) /usr/local/bin/cmake /home/dvij/ee206-project/ping-pong-robot/ppr_ws/src/iiwa_ros2/iiwa_controllers/external_torque_sensor_broadcaster -DCMAKE_INSTALL_PREFIX=/home/dvij/ee206-project/ping-pong-robot/ppr_ws/install/external_torque_sensor_broadcaster
[0.142s] -- Configuring incomplete, errors occurred!
[0.142s] [31mCMake Error at CMakeLists.txt:14 (find_package):
[0.142s]   By not providing "Findament_cmake.cmake" in CMAKE_MODULE_PATH this project
[0.142s]   has asked CMake to find a package configuration file provided by
[0.142s]   "ament_cmake", but CMake did not find one.
[0.142s] 
[0.142s]   Could not find a package configuration file provided by "ament_cmake" with
[0.142s]   any of the following names:
[0.142s] 
[0.142s]     ament_cmakeConfig.cmake
[0.142s]     ament_cmake-config.cmake
[0.142s] 
[0.142s]   Add the installation prefix of "ament_cmake" to CMAKE_PREFIX_PATH or set
[0.142s]   "ament_cmake_DIR" to a directory containing one of the above files.  If
[0.142s]   "ament_cmake" provides a separate development package or SDK, be sure it
[0.142s]   has been installed.
[0.142s] 
[0.142s] [0m
[0.153s] Invoked command in '/home/dvij/ee206-project/ping-pong-robot/ppr_ws/build/external_torque_sensor_broadcaster' returned '1': CONDA_PROMPT_MODIFIER=(base) /usr/local/bin/cmake /home/dvij/ee206-project/ping-pong-robot/ppr_ws/src/iiwa_ros2/iiwa_controllers/external_torque_sensor_broadcaster -DCMAKE_INSTALL_PREFIX=/home/dvij/ee206-project/ping-pong-robot/ppr_ws/install/external_torque_sensor_broadcaster
