[0.014s] Invoking command in '/home/dvij/ee206-project/ping-pong-robot/ppr_ws/build/ppr_interfaces': CMAKE_PREFIX_PATH=/home/dvij/ee206-project/ping-pong-robot/ppr_ws/install/impedance_controller:/home/dvij/ee206-project/ping-pong-robot/ppr_ws/install/iiwa_moveit2:/home/dvij/ee206-project/ping-pong-robot/ppr_ws/install/iiwa_bringup:/home/dvij/ee206-project/ping-pong-robot/ppr_ws/install/iiwa_description:/home/dvij/ee206-project/ping-pong-robot/ppr_ws/install/external_torque_sensor_broadcaster:/home/dvij/ee206-project/ping-pong-robot/ros2_ws/install/camera_feed:/home/dvij/ee206-project/ping-pong-robot/ros2_ws/install/my_sync_package:/home/dvij/ee206-project/ping-pong-robot/ros2_ws/install/interface:/home/dvij/ee206-project/ping-pong-robot/ppr_ws/install/scene_interpreter:/home/dvij/ee206-project/ping-pong-robot/ppr_ws/install/camera_feed:/opt/ros/foxy:/opt/ros/galactic:/opt/ros/noetic /usr/local/bin/cmake /home/dvij/ee206-project/ping-pong-robot/ppr_ws/src/ppr_interfaces -DCMAKE_INSTALL_PREFIX=/home/dvij/ee206-project/ping-pong-robot/ppr_ws/install/ppr_interfaces
[0.039s] -- Found ament_cmake: 1.1.6 (/opt/ros/galactic/share/ament_cmake/cmake)
[0.042s] [33mCMake Warning (dev) at /opt/ros/galactic/share/ament_cmake_core/cmake/core/python.cmake:22 (find_package):
[0.042s]   Policy CMP0148 is not set: The FindPythonInterp and FindPythonLibs modules
[0.042s]   are removed.  Run "cmake --help-policy CMP0148" for policy details.  Use
[0.042s]   the cmake_policy command to set the policy and suppress this warning.
[0.042s] 
[0.042s] Call Stack (most recent call first):
[0.042s]   /opt/ros/galactic/share/ament_cmake_core/cmake/core/all.cmake:53 (include)
[0.042s]   /opt/ros/galactic/share/ament_cmake_core/cmake/ament_cmake_core-extras.cmake:17 (include)
[0.042s]   /opt/ros/galactic/share/ament_cmake_core/cmake/ament_cmake_coreConfig.cmake:41 (include)
[0.042s]   /opt/ros/galactic/share/ament_cmake/cmake/ament_cmake_export_dependencies-extras.cmake:15 (find_package)
[0.042s]   /opt/ros/galactic/share/ament_cmake/cmake/ament_cmakeConfig.cmake:41 (include)
[0.042s]   CMakeLists.txt:9 (find_package)
[0.042s] This warning is for project developers.  Use -Wno-dev to suppress it.
[0.042s] [0m
[0.059s] -- Found PythonInterp: /home/dvij/anaconda3/bin/python3 (found suitable version "3.9.7", minimum required is "3")
[0.059s] -- Using PYTHON_EXECUTABLE: /home/dvij/anaconda3/bin/python3
[0.220s] -- Found std_msgs: 2.2.4 (/opt/ros/galactic/share/std_msgs/cmake)
[0.243s] -- Using all available rosidl_typesupport_c: rosidl_typesupport_fastrtps_c;rosidl_typesupport_introspection_c
[0.245s] -- Found rosidl_adapter: 2.2.3 (/opt/ros/galactic/share/rosidl_adapter/cmake)
[0.347s] -- Using all available rosidl_typesupport_cpp: rosidl_typesupport_fastrtps_cpp;rosidl_typesupport_introspection_cpp
[0.371s] -- Found sensor_msgs: 2.2.4 (/opt/ros/galactic/share/sensor_msgs/cmake)
[0.428s] -- Found rosidl_default_generators: 1.1.1 (/opt/ros/galactic/share/rosidl_default_generators/cmake)
[0.434s] [33mCMake Warning (dev) at /opt/ros/galactic/share/rosidl_adapter/cmake/rosidl_adapt_interfaces.cmake:40 (find_package):
[0.434s]   Policy CMP0148 is not set: The FindPythonInterp and FindPythonLibs modules
[0.434s]   are removed.  Run "cmake --help-policy CMP0148" for policy details.  Use
[0.434s]   the cmake_policy command to set the policy and suppress this warning.
[0.434s] 
[0.434s] Call Stack (most recent call first):
[0.434s]   /opt/ros/galactic/share/rosidl_cmake/cmake/rosidl_generate_interfaces.cmake:130 (rosidl_adapt_interfaces)
[0.434s]   CMakeLists.txt:15 (rosidl_generate_interfaces)
[0.434s] This warning is for project developers.  Use -Wno-dev to suppress it.
[0.434s] [0m
[0.451s] -- Found PythonInterp: /home/dvij/anaconda3/bin/python3 (found version "3.9.7")
[0.486s] [31mCMake Error at /opt/ros/galactic/share/rosidl_adapter/cmake/rosidl_adapt_interfaces.cmake:60 (message):
[0.486s]   execute_process(/home/dvij/anaconda3/bin/python3 -m rosidl_adapter
[0.486s]   --package-name ppr_interfaces --arguments-file
[0.486s]   /home/dvij/ee206-project/ping-pong-robot/ppr_ws/build/ppr_interfaces/rosidl_adapter__arguments__ppr_interfaces.json
[0.486s]   --output-dir
[0.486s]   /home/dvij/ee206-project/ping-pong-robot/ppr_ws/build/ppr_interfaces/rosidl_adapter/ppr_interfaces
[0.486s]   --output-file
[0.486s]   /home/dvij/ee206-project/ping-pong-robot/ppr_ws/build/ppr_interfaces/rosidl_adapter/ppr_interfaces.idls)
[0.486s]   returned error code 1:
[0.486s] 
[0.486s]   AttributeError processing template 'msg.idl.em'
[0.486s] 
[0.486s]   Traceback (most recent call last):
[0.486s] 
[0.486s]     File "/opt/ros/foxy/lib/python3.8/site-packages/rosidl_adapter/resource/__init__.py", line 51, in evaluate_template
[0.486s]       em.BUFFERED_OPT: True,
[0.486s] 
[0.486s]   AttributeError: module 'em' has no attribute 'BUFFERED_OPT'
[0.487s] 
[0.487s] 
[0.487s] 
[0.487s]   During handling of the above exception, another exception occurred:
[0.487s] 
[0.487s] 
[0.487s] 
[0.487s]   Traceback (most recent call last):
[0.487s] 
[0.487s]     File "/home/dvij/anaconda3/lib/python3.9/runpy.py", line 197, in _run_module_as_main
[0.487s]       return _run_code(code, main_globals, None,
[0.487s]     File "/home/dvij/anaconda3/lib/python3.9/runpy.py", line 87, in _run_code
[0.487s]       exec(code, run_globals)
[0.487s]     File "/opt/ros/foxy/lib/python3.8/site-packages/rosidl_adapter/__main__.py", line 19, in <module>
[0.487s]       sys.exit(main())
[0.487s]     File "/opt/ros/foxy/lib/python3.8/site-packages/rosidl_adapter/main.py", line 53, in main
[0.487s]       abs_idl_file = convert_to_idl(
[0.487s]     File "/opt/ros/foxy/lib/python3.8/site-packages/rosidl_adapter/__init__.py", line 19, in convert_to_idl
[0.487s]       return convert_msg_to_idl(
[0.487s]     File "/opt/ros/foxy/lib/python3.8/site-packages/rosidl_adapter/msg/__init__.py", line 39, in convert_msg_to_idl
[0.487s]       expand_template('msg.idl.em', data, output_file, encoding='iso-8859-1')
[0.487s]     File "/opt/ros/foxy/lib/python3.8/site-packages/rosidl_adapter/resource/__init__.py", line 23, in expand_template
[0.487s]       content = evaluate_template(template_name, data)
[0.487s]     File "/opt/ros/foxy/lib/python3.8/site-packages/rosidl_adapter/resource/__init__.py", line 69, in evaluate_template
[0.487s]       _interpreter.shutdown()
[0.487s] 
[0.487s]   AttributeError: 'NoneType' object has no attribute 'shutdown'
[0.487s] 
[0.487s] Call Stack (most recent call first):
[0.487s]   /opt/ros/galactic/share/rosidl_cmake/cmake/rosidl_generate_interfaces.cmake:130 (rosidl_adapt_interfaces)
[0.487s]   CMakeLists.txt:15 (rosidl_generate_interfaces)
[0.487s] 
[0.487s] [0m
[0.487s] -- Configuring incomplete, errors occurred!
[0.490s] Invoked command in '/home/dvij/ee206-project/ping-pong-robot/ppr_ws/build/ppr_interfaces' returned '1': CMAKE_PREFIX_PATH=/home/dvij/ee206-project/ping-pong-robot/ppr_ws/install/impedance_controller:/home/dvij/ee206-project/ping-pong-robot/ppr_ws/install/iiwa_moveit2:/home/dvij/ee206-project/ping-pong-robot/ppr_ws/install/iiwa_bringup:/home/dvij/ee206-project/ping-pong-robot/ppr_ws/install/iiwa_description:/home/dvij/ee206-project/ping-pong-robot/ppr_ws/install/external_torque_sensor_broadcaster:/home/dvij/ee206-project/ping-pong-robot/ros2_ws/install/camera_feed:/home/dvij/ee206-project/ping-pong-robot/ros2_ws/install/my_sync_package:/home/dvij/ee206-project/ping-pong-robot/ros2_ws/install/interface:/home/dvij/ee206-project/ping-pong-robot/ppr_ws/install/scene_interpreter:/home/dvij/ee206-project/ping-pong-robot/ppr_ws/install/camera_feed:/opt/ros/foxy:/opt/ros/galactic:/opt/ros/noetic /usr/local/bin/cmake /home/dvij/ee206-project/ping-pong-robot/ppr_ws/src/ppr_interfaces -DCMAKE_INSTALL_PREFIX=/home/dvij/ee206-project/ping-pong-robot/ppr_ws/install/ppr_interfaces
