[0.628s] Invoking command in '/home/dvij/learning_table_tennis_from_scratch/lbr_fri_ros2_stack_ws/src/lbr_fri_ros2_stack/lbr_demos/lbr_fri_ros2_python_demos': AMENT_PREFIX_PATH=/home/dvij/learning_table_tennis_from_scratch/lbr_fri_ros2_stack_ws/install/lbr_fri_ros2:/home/dvij/learning_table_tennis_from_scratch/lbr_fri_ros2_stack_ws/install/fri:/home/dvij/learning_table_tennis_from_scratch/lbr_fri_ros2_stack_ws/install/nanopb:/home/dvij/learning_table_tennis_from_scratch/lbr_fri_ros2_stack_ws/install/lbr_fri_msgs:${AMENT_PREFIX_PATH} CMAKE_PREFIX_PATH=/home/dvij/learning_table_tennis_from_scratch/lbr_fri_ros2_stack_ws/install/lbr_fri_ros2:/home/dvij/learning_table_tennis_from_scratch/lbr_fri_ros2_stack_ws/install/fri:/home/dvij/learning_table_tennis_from_scratch/lbr_fri_ros2_stack_ws/install/nanopb:/home/dvij/learning_table_tennis_from_scratch/lbr_fri_ros2_stack_ws/install/lbr_fri_msgs LD_LIBRARY_PATH=/home/dvij/learning_table_tennis_from_scratch/lbr_fri_ros2_stack_ws/install/lbr_fri_ros2/lib:/home/dvij/learning_table_tennis_from_scratch/lbr_fri_ros2_stack_ws/install/fri/lib:/home/dvij/learning_table_tennis_from_scratch/lbr_fri_ros2_stack_ws/install/nanopb/lib:/home/dvij/learning_table_tennis_from_scratch/lbr_fri_ros2_stack_ws/install/lbr_fri_msgs/lib:/opt/ros/galactic/opt/yaml_cpp_vendor/lib:/opt/ros/galactic/opt/rviz_ogre_vendor/lib:/opt/ros/galactic/lib/x86_64-linux-gnu:/opt/ros/galactic/lib:/home/dvij/.mpi-is/pam/install/lib:/home/dvij/.mujoco/mujoco210/bin:/usr/lib/nvidia:/home/dvij/.mpi-is/pam/install/lib:/home/dvij/.mujoco/mujoco210/bin:/usr/lib/nvidia PYTHONPATH=/home/dvij/learning_table_tennis_from_scratch/lbr_fri_ros2_stack_ws/build/lbr_fri_ros2_python_demos/prefix_override:/usr/lib/python3/dist-packages/colcon_core/task/python/colcon_distutils_commands:/home/dvij/learning_table_tennis_from_scratch/lbr_fri_ros2_stack_ws/install/lbr_fri_ros2_python_demos/lib/python3.8/site-packages:/home/dvij/learning_table_tennis_from_scratch/lbr_fri_ros2_stack_ws/install/lbr_fri_msgs/lib/python3.8/site-packages:${PYTHONPATH} /usr/bin/python3 -W ignore:setup.py install is deprecated setup.py egg_info --egg-base ../../../../build/lbr_fri_ros2_python_demos build --build-base /home/dvij/learning_table_tennis_from_scratch/lbr_fri_ros2_stack_ws/build/lbr_fri_ros2_python_demos/build install --record /home/dvij/learning_table_tennis_from_scratch/lbr_fri_ros2_stack_ws/build/lbr_fri_ros2_python_demos/install.log --single-version-externally-managed install_data
[0.771s] running egg_info
[0.771s] creating ../../../../build/lbr_fri_ros2_python_demos/lbr_fri_ros2_python_demos.egg-info
[0.781s] writing ../../../../build/lbr_fri_ros2_python_demos/lbr_fri_ros2_python_demos.egg-info/PKG-INFO
[0.781s] writing dependency_links to ../../../../build/lbr_fri_ros2_python_demos/lbr_fri_ros2_python_demos.egg-info/dependency_links.txt
[0.781s] writing entry points to ../../../../build/lbr_fri_ros2_python_demos/lbr_fri_ros2_python_demos.egg-info/entry_points.txt
[0.781s] writing requirements to ../../../../build/lbr_fri_ros2_python_demos/lbr_fri_ros2_python_demos.egg-info/requires.txt
[0.781s] writing top-level names to ../../../../build/lbr_fri_ros2_python_demos/lbr_fri_ros2_python_demos.egg-info/top_level.txt
[0.846s] writing manifest file '../../../../build/lbr_fri_ros2_python_demos/lbr_fri_ros2_python_demos.egg-info/SOURCES.txt'
[0.867s] reading manifest file '../../../../build/lbr_fri_ros2_python_demos/lbr_fri_ros2_python_demos.egg-info/SOURCES.txt'
[0.867s] adding license file 'LICENSE'
[0.867s] writing manifest file '../../../../build/lbr_fri_ros2_python_demos/lbr_fri_ros2_python_demos.egg-info/SOURCES.txt'
[0.867s] running build
[0.867s] running build_py
[0.867s] creating /home/dvij/learning_table_tennis_from_scratch/lbr_fri_ros2_stack_ws/build/lbr_fri_ros2_python_demos/build
[0.867s] creating /home/dvij/learning_table_tennis_from_scratch/lbr_fri_ros2_stack_ws/build/lbr_fri_ros2_python_demos/build/lib
[0.867s] creating /home/dvij/learning_table_tennis_from_scratch/lbr_fri_ros2_stack_ws/build/lbr_fri_ros2_python_demos/build/lib/lbr_fri_ros2_python_demos
[0.867s] copying lbr_fri_ros2_python_demos/__init__.py -> /home/dvij/learning_table_tennis_from_scratch/lbr_fri_ros2_stack_ws/build/lbr_fri_ros2_python_demos/build/lib/lbr_fri_ros2_python_demos
[0.867s] copying lbr_fri_ros2_python_demos/joint_sine_overlay_node.py -> /home/dvij/learning_table_tennis_from_scratch/lbr_fri_ros2_stack_ws/build/lbr_fri_ros2_python_demos/build/lib/lbr_fri_ros2_python_demos
[0.867s] copying lbr_fri_ros2_python_demos/torque_sine_overlay_node.py -> /home/dvij/learning_table_tennis_from_scratch/lbr_fri_ros2_stack_ws/build/lbr_fri_ros2_python_demos/build/lib/lbr_fri_ros2_python_demos
[0.867s] copying lbr_fri_ros2_python_demos/wrench_sine_overlay_node.py -> /home/dvij/learning_table_tennis_from_scratch/lbr_fri_ros2_stack_ws/build/lbr_fri_ros2_python_demos/build/lib/lbr_fri_ros2_python_demos
[0.868s] running install
[0.870s] running install_lib
[0.880s] creating /home/dvij/learning_table_tennis_from_scratch/lbr_fri_ros2_stack_ws/install/lbr_fri_ros2_python_demos/lib/python3.8/site-packages/lbr_fri_ros2_python_demos
[0.880s] copying /home/dvij/learning_table_tennis_from_scratch/lbr_fri_ros2_stack_ws/build/lbr_fri_ros2_python_demos/build/lib/lbr_fri_ros2_python_demos/__init__.py -> /home/dvij/learning_table_tennis_from_scratch/lbr_fri_ros2_stack_ws/install/lbr_fri_ros2_python_demos/lib/python3.8/site-packages/lbr_fri_ros2_python_demos
[0.880s] copying /home/dvij/learning_table_tennis_from_scratch/lbr_fri_ros2_stack_ws/build/lbr_fri_ros2_python_demos/build/lib/lbr_fri_ros2_python_demos/joint_sine_overlay_node.py -> /home/dvij/learning_table_tennis_from_scratch/lbr_fri_ros2_stack_ws/install/lbr_fri_ros2_python_demos/lib/python3.8/site-packages/lbr_fri_ros2_python_demos
[0.880s] copying /home/dvij/learning_table_tennis_from_scratch/lbr_fri_ros2_stack_ws/build/lbr_fri_ros2_python_demos/build/lib/lbr_fri_ros2_python_demos/torque_sine_overlay_node.py -> /home/dvij/learning_table_tennis_from_scratch/lbr_fri_ros2_stack_ws/install/lbr_fri_ros2_python_demos/lib/python3.8/site-packages/lbr_fri_ros2_python_demos
[0.880s] copying /home/dvij/learning_table_tennis_from_scratch/lbr_fri_ros2_stack_ws/build/lbr_fri_ros2_python_demos/build/lib/lbr_fri_ros2_python_demos/wrench_sine_overlay_node.py -> /home/dvij/learning_table_tennis_from_scratch/lbr_fri_ros2_stack_ws/install/lbr_fri_ros2_python_demos/lib/python3.8/site-packages/lbr_fri_ros2_python_demos
[0.881s] byte-compiling /home/dvij/learning_table_tennis_from_scratch/lbr_fri_ros2_stack_ws/install/lbr_fri_ros2_python_demos/lib/python3.8/site-packages/lbr_fri_ros2_python_demos/__init__.py to __init__.cpython-38.pyc
[0.881s] byte-compiling /home/dvij/learning_table_tennis_from_scratch/lbr_fri_ros2_stack_ws/install/lbr_fri_ros2_python_demos/lib/python3.8/site-packages/lbr_fri_ros2_python_demos/joint_sine_overlay_node.py to joint_sine_overlay_node.cpython-38.pyc
[0.881s] byte-compiling /home/dvij/learning_table_tennis_from_scratch/lbr_fri_ros2_stack_ws/install/lbr_fri_ros2_python_demos/lib/python3.8/site-packages/lbr_fri_ros2_python_demos/torque_sine_overlay_node.py to torque_sine_overlay_node.cpython-38.pyc
[0.881s] byte-compiling /home/dvij/learning_table_tennis_from_scratch/lbr_fri_ros2_stack_ws/install/lbr_fri_ros2_python_demos/lib/python3.8/site-packages/lbr_fri_ros2_python_demos/wrench_sine_overlay_node.py to wrench_sine_overlay_node.cpython-38.pyc
[0.881s] running install_data
[0.882s] creating /home/dvij/learning_table_tennis_from_scratch/lbr_fri_ros2_stack_ws/install/lbr_fri_ros2_python_demos/share/ament_index
[0.882s] creating /home/dvij/learning_table_tennis_from_scratch/lbr_fri_ros2_stack_ws/install/lbr_fri_ros2_python_demos/share/ament_index/resource_index
[0.882s] creating /home/dvij/learning_table_tennis_from_scratch/lbr_fri_ros2_stack_ws/install/lbr_fri_ros2_python_demos/share/ament_index/resource_index/packages
[0.882s] copying resource/lbr_fri_ros2_python_demos -> /home/dvij/learning_table_tennis_from_scratch/lbr_fri_ros2_stack_ws/install/lbr_fri_ros2_python_demos/share/ament_index/resource_index/packages
[0.882s] copying package.xml -> /home/dvij/learning_table_tennis_from_scratch/lbr_fri_ros2_stack_ws/install/lbr_fri_ros2_python_demos/share/lbr_fri_ros2_python_demos
[0.882s] creating /home/dvij/learning_table_tennis_from_scratch/lbr_fri_ros2_stack_ws/install/lbr_fri_ros2_python_demos/share/lbr_fri_ros2_python_demos/launch
[0.882s] copying launch/wrench_sine_overlay.launch.py -> /home/dvij/learning_table_tennis_from_scratch/lbr_fri_ros2_stack_ws/install/lbr_fri_ros2_python_demos/share/lbr_fri_ros2_python_demos/launch
[0.882s] copying launch/torque_sine_overlay.launch.py -> /home/dvij/learning_table_tennis_from_scratch/lbr_fri_ros2_stack_ws/install/lbr_fri_ros2_python_demos/share/lbr_fri_ros2_python_demos/launch
[0.882s] copying launch/joint_sine_overlay.launch.py -> /home/dvij/learning_table_tennis_from_scratch/lbr_fri_ros2_stack_ws/install/lbr_fri_ros2_python_demos/share/lbr_fri_ros2_python_demos/launch
[0.882s] running install_egg_info
[0.892s] Copying ../../../../build/lbr_fri_ros2_python_demos/lbr_fri_ros2_python_demos.egg-info to /home/dvij/learning_table_tennis_from_scratch/lbr_fri_ros2_stack_ws/install/lbr_fri_ros2_python_demos/lib/python3.8/site-packages/lbr_fri_ros2_python_demos-1.0.0-py3.8.egg-info
[0.892s] running install_scripts
[0.916s] Installing joint_sine_overlay_node script to /home/dvij/learning_table_tennis_from_scratch/lbr_fri_ros2_stack_ws/install/lbr_fri_ros2_python_demos/lib/lbr_fri_ros2_python_demos
[0.916s] Installing torque_sine_overlay_node script to /home/dvij/learning_table_tennis_from_scratch/lbr_fri_ros2_stack_ws/install/lbr_fri_ros2_python_demos/lib/lbr_fri_ros2_python_demos
[0.916s] Installing wrench_sine_overlay_node script to /home/dvij/learning_table_tennis_from_scratch/lbr_fri_ros2_stack_ws/install/lbr_fri_ros2_python_demos/lib/lbr_fri_ros2_python_demos
[0.916s] writing list of installed files to '/home/dvij/learning_table_tennis_from_scratch/lbr_fri_ros2_stack_ws/build/lbr_fri_ros2_python_demos/install.log'
[0.932s] Invoked command in '/home/dvij/learning_table_tennis_from_scratch/lbr_fri_ros2_stack_ws/src/lbr_fri_ros2_stack/lbr_demos/lbr_fri_ros2_python_demos' returned '0': AMENT_PREFIX_PATH=/home/dvij/learning_table_tennis_from_scratch/lbr_fri_ros2_stack_ws/install/lbr_fri_ros2:/home/dvij/learning_table_tennis_from_scratch/lbr_fri_ros2_stack_ws/install/fri:/home/dvij/learning_table_tennis_from_scratch/lbr_fri_ros2_stack_ws/install/nanopb:/home/dvij/learning_table_tennis_from_scratch/lbr_fri_ros2_stack_ws/install/lbr_fri_msgs:${AMENT_PREFIX_PATH} CMAKE_PREFIX_PATH=/home/dvij/learning_table_tennis_from_scratch/lbr_fri_ros2_stack_ws/install/lbr_fri_ros2:/home/dvij/learning_table_tennis_from_scratch/lbr_fri_ros2_stack_ws/install/fri:/home/dvij/learning_table_tennis_from_scratch/lbr_fri_ros2_stack_ws/install/nanopb:/home/dvij/learning_table_tennis_from_scratch/lbr_fri_ros2_stack_ws/install/lbr_fri_msgs LD_LIBRARY_PATH=/home/dvij/learning_table_tennis_from_scratch/lbr_fri_ros2_stack_ws/install/lbr_fri_ros2/lib:/home/dvij/learning_table_tennis_from_scratch/lbr_fri_ros2_stack_ws/install/fri/lib:/home/dvij/learning_table_tennis_from_scratch/lbr_fri_ros2_stack_ws/install/nanopb/lib:/home/dvij/learning_table_tennis_from_scratch/lbr_fri_ros2_stack_ws/install/lbr_fri_msgs/lib:/opt/ros/galactic/opt/yaml_cpp_vendor/lib:/opt/ros/galactic/opt/rviz_ogre_vendor/lib:/opt/ros/galactic/lib/x86_64-linux-gnu:/opt/ros/galactic/lib:/home/dvij/.mpi-is/pam/install/lib:/home/dvij/.mujoco/mujoco210/bin:/usr/lib/nvidia:/home/dvij/.mpi-is/pam/install/lib:/home/dvij/.mujoco/mujoco210/bin:/usr/lib/nvidia PYTHONPATH=/home/dvij/learning_table_tennis_from_scratch/lbr_fri_ros2_stack_ws/build/lbr_fri_ros2_python_demos/prefix_override:/usr/lib/python3/dist-packages/colcon_core/task/python/colcon_distutils_commands:/home/dvij/learning_table_tennis_from_scratch/lbr_fri_ros2_stack_ws/install/lbr_fri_ros2_python_demos/lib/python3.8/site-packages:/home/dvij/learning_table_tennis_from_scratch/lbr_fri_ros2_stack_ws/install/lbr_fri_msgs/lib/python3.8/site-packages:${PYTHONPATH} /usr/bin/python3 -W ignore:setup.py install is deprecated setup.py egg_info --egg-base ../../../../build/lbr_fri_ros2_python_demos build --build-base /home/dvij/learning_table_tennis_from_scratch/lbr_fri_ros2_stack_ws/build/lbr_fri_ros2_python_demos/build install --record /home/dvij/learning_table_tennis_from_scratch/lbr_fri_ros2_stack_ws/build/lbr_fri_ros2_python_demos/install.log --single-version-externally-managed install_data
