[0.012s] Invoking command in '/home/dvij/learning_table_tennis_from_scratch/lbr_fri_ros2_stack_ws/build/lbr_description': CMAKE_PREFIX_PATH=/opt/ros/galactic /usr/local/bin/cmake /home/dvij/learning_table_tennis_from_scratch/lbr_fri_ros2_stack_ws/src/lbr_fri_ros2_stack/lbr_description -DCMAKE_INSTALL_PREFIX=/home/dvij/learning_table_tennis_from_scratch/lbr_fri_ros2_stack_ws/install/lbr_description
[0.042s] -- The C compiler identification is GNU 9.4.0
[0.075s] -- The CXX compiler identification is GNU 9.4.0
[0.082s] -- Detecting C compiler ABI info
[0.123s] -- Detecting C compiler ABI info - done
[0.132s] -- Check for working C compiler: /usr/bin/cc - skipped
[0.132s] -- Detecting C compile features
[0.132s] -- Detecting C compile features - done
[0.134s] -- Detecting CXX compiler ABI info
[0.181s] -- Detecting CXX compiler ABI info - done
[0.190s] -- Check for working CXX compiler: /usr/bin/c++ - skipped
[0.190s] -- Detecting CXX compile features
[0.190s] -- Detecting CXX compile features - done
[0.192s] -- Found ament_cmake: 1.1.6 (/opt/ros/galactic/share/ament_cmake/cmake)
[0.195s] [33mCMake Warning (dev) at /opt/ros/galactic/share/ament_cmake_core/cmake/core/python.cmake:22 (find_package):
[0.195s]   Policy CMP0148 is not set: The FindPythonInterp and FindPythonLibs modules
[0.195s]   are removed.  Run "cmake --help-policy CMP0148" for policy details.  Use
[0.195s]   the cmake_policy command to set the policy and suppress this warning.
[0.195s] 
[0.195s] Call Stack (most recent call first):
[0.195s]   /opt/ros/galactic/share/ament_cmake_core/cmake/core/all.cmake:53 (include)
[0.195s]   /opt/ros/galactic/share/ament_cmake_core/cmake/ament_cmake_core-extras.cmake:17 (include)
[0.195s]   /opt/ros/galactic/share/ament_cmake_core/cmake/ament_cmake_coreConfig.cmake:41 (include)
[0.195s]   /opt/ros/galactic/share/ament_cmake/cmake/ament_cmake_export_dependencies-extras.cmake:15 (find_package)
[0.195s]   /opt/ros/galactic/share/ament_cmake/cmake/ament_cmakeConfig.cmake:41 (include)
[0.195s]   CMakeLists.txt:9 (find_package)
[0.195s] This warning is for project developers.  Use -Wno-dev to suppress it.
[0.195s] [0m
[0.207s] -- Found PythonInterp: /usr/bin/python3 (found suitable version "3.8.10", minimum required is "3")
[0.207s] -- Using PYTHON_EXECUTABLE: /usr/bin/python3
[0.253s] -- Found ament_cmake_pytest: 1.1.6 (/opt/ros/galactic/share/ament_cmake_pytest/cmake)
[0.628s] [33mCMake Warning at /opt/ros/galactic/share/ament_cmake_pytest/cmake/ament_add_pytest_test.cmake:77 (message):
[0.628s]   The Python module 'pytest' was not found, pytests can not be run (e.g.  on
[0.628s]   Ubuntu/Debian install the package 'python3-pytest')
[0.628s] Call Stack (most recent call first):
[0.628s]   CMakeLists.txt:21 (ament_add_pytest_test)
[0.628s] 
[0.628s] [0m
[0.660s] -- Configuring done (0.6s)
[0.661s] -- Generating done (0.0s)
[0.662s] -- Build files have been written to: /home/dvij/learning_table_tennis_from_scratch/lbr_fri_ros2_stack_ws/build/lbr_description
[0.664s] Invoked command in '/home/dvij/learning_table_tennis_from_scratch/lbr_fri_ros2_stack_ws/build/lbr_description' returned '0': CMAKE_PREFIX_PATH=/opt/ros/galactic /usr/local/bin/cmake /home/dvij/learning_table_tennis_from_scratch/lbr_fri_ros2_stack_ws/src/lbr_fri_ros2_stack/lbr_description -DCMAKE_INSTALL_PREFIX=/home/dvij/learning_table_tennis_from_scratch/lbr_fri_ros2_stack_ws/install/lbr_description
[0.666s] Invoking command in '/home/dvij/learning_table_tennis_from_scratch/lbr_fri_ros2_stack_ws/build/lbr_description': CMAKE_PREFIX_PATH=/opt/ros/galactic /usr/local/bin/cmake --build /home/dvij/learning_table_tennis_from_scratch/lbr_fri_ros2_stack_ws/build/lbr_description -- -j20 -l20
[0.679s] Invoked command in '/home/dvij/learning_table_tennis_from_scratch/lbr_fri_ros2_stack_ws/build/lbr_description' returned '0': CMAKE_PREFIX_PATH=/opt/ros/galactic /usr/local/bin/cmake --build /home/dvij/learning_table_tennis_from_scratch/lbr_fri_ros2_stack_ws/build/lbr_description -- -j20 -l20
[0.697s] Invoking command in '/home/dvij/learning_table_tennis_from_scratch/lbr_fri_ros2_stack_ws/build/lbr_description': CMAKE_PREFIX_PATH=/opt/ros/galactic /usr/local/bin/cmake --install /home/dvij/learning_table_tennis_from_scratch/lbr_fri_ros2_stack_ws/build/lbr_description
[0.700s] -- Install configuration: ""
[0.700s] -- Installing: /home/dvij/learning_table_tennis_from_scratch/lbr_fri_ros2_stack_ws/install/lbr_description/share/lbr_description/config
[0.700s] -- Installing: /home/dvij/learning_table_tennis_from_scratch/lbr_fri_ros2_stack_ws/install/lbr_description/share/lbr_description/config/config.rviz
[0.700s] -- Installing: /home/dvij/learning_table_tennis_from_scratch/lbr_fri_ros2_stack_ws/install/lbr_description/share/lbr_description/gazebo
[0.700s] -- Installing: /home/dvij/learning_table_tennis_from_scratch/lbr_fri_ros2_stack_ws/install/lbr_description/share/lbr_description/gazebo/iiwa.gazebo.xacro
[0.700s] -- Installing: /home/dvij/learning_table_tennis_from_scratch/lbr_fri_ros2_stack_ws/install/lbr_description/share/lbr_description/gazebo/med.gazebo.xacro
[0.700s] -- Installing: /home/dvij/learning_table_tennis_from_scratch/lbr_fri_ros2_stack_ws/install/lbr_description/share/lbr_description/launch
[0.701s] -- Installing: /home/dvij/learning_table_tennis_from_scratch/lbr_fri_ros2_stack_ws/install/lbr_description/share/lbr_description/launch/view_robot.launch.py
[0.701s] -- Installing: /home/dvij/learning_table_tennis_from_scratch/lbr_fri_ros2_stack_ws/install/lbr_description/share/lbr_description/meshes
[0.701s] -- Installing: /home/dvij/learning_table_tennis_from_scratch/lbr_fri_ros2_stack_ws/install/lbr_description/share/lbr_description/meshes/iiwa14
[0.701s] -- Installing: /home/dvij/learning_table_tennis_from_scratch/lbr_fri_ros2_stack_ws/install/lbr_description/share/lbr_description/meshes/iiwa14/visual
[0.701s] -- Installing: /home/dvij/learning_table_tennis_from_scratch/lbr_fri_ros2_stack_ws/install/lbr_description/share/lbr_description/meshes/iiwa14/visual/link_1.stl
[0.701s] -- Installing: /home/dvij/learning_table_tennis_from_scratch/lbr_fri_ros2_stack_ws/install/lbr_description/share/lbr_description/meshes/iiwa14/visual/link_0.stl
[0.701s] -- Installing: /home/dvij/learning_table_tennis_from_scratch/lbr_fri_ros2_stack_ws/install/lbr_description/share/lbr_description/meshes/iiwa14/visual/link_6.stl
[0.702s] -- Installing: /home/dvij/learning_table_tennis_from_scratch/lbr_fri_ros2_stack_ws/install/lbr_description/share/lbr_description/meshes/iiwa14/visual/link_2.stl
[0.702s] -- Installing: /home/dvij/learning_table_tennis_from_scratch/lbr_fri_ros2_stack_ws/install/lbr_description/share/lbr_description/meshes/iiwa14/visual/link_3.stl
[0.703s] -- Installing: /home/dvij/learning_table_tennis_from_scratch/lbr_fri_ros2_stack_ws/install/lbr_description/share/lbr_description/meshes/iiwa14/visual/link_4.stl
[0.703s] -- Installing: /home/dvij/learning_table_tennis_from_scratch/lbr_fri_ros2_stack_ws/install/lbr_description/share/lbr_description/meshes/iiwa14/visual/link_5.stl
[0.704s] -- Installing: /home/dvij/learning_table_tennis_from_scratch/lbr_fri_ros2_stack_ws/install/lbr_description/share/lbr_description/meshes/iiwa14/visual/link_7.stl
[0.704s] -- Installing: /home/dvij/learning_table_tennis_from_scratch/lbr_fri_ros2_stack_ws/install/lbr_description/share/lbr_description/meshes/iiwa14/collision
[0.704s] -- Installing: /home/dvij/learning_table_tennis_from_scratch/lbr_fri_ros2_stack_ws/install/lbr_description/share/lbr_description/meshes/iiwa14/collision/link_1.stl
[0.705s] -- Installing: /home/dvij/learning_table_tennis_from_scratch/lbr_fri_ros2_stack_ws/install/lbr_description/share/lbr_description/meshes/iiwa14/collision/link_0.stl
[0.705s] -- Installing: /home/dvij/learning_table_tennis_from_scratch/lbr_fri_ros2_stack_ws/install/lbr_description/share/lbr_description/meshes/iiwa14/collision/link_6.stl
[0.705s] -- Installing: /home/dvij/learning_table_tennis_from_scratch/lbr_fri_ros2_stack_ws/install/lbr_description/share/lbr_description/meshes/iiwa14/collision/link_2.stl
[0.705s] -- Installing: /home/dvij/learning_table_tennis_from_scratch/lbr_fri_ros2_stack_ws/install/lbr_description/share/lbr_description/meshes/iiwa14/collision/link_3.stl
[0.706s] -- Installing: /home/dvij/learning_table_tennis_from_scratch/lbr_fri_ros2_stack_ws/install/lbr_description/share/lbr_description/meshes/iiwa14/collision/link_4.stl
[0.706s] -- Installing: /home/dvij/learning_table_tennis_from_scratch/lbr_fri_ros2_stack_ws/install/lbr_description/share/lbr_description/meshes/iiwa14/collision/link_5.stl
[0.706s] -- Installing: /home/dvij/learning_table_tennis_from_scratch/lbr_fri_ros2_stack_ws/install/lbr_description/share/lbr_description/meshes/iiwa14/collision/link_7.stl
[0.707s] -- Installing: /home/dvij/learning_table_tennis_from_scratch/lbr_fri_ros2_stack_ws/install/lbr_description/share/lbr_description/meshes/med7
[0.707s] -- Installing: /home/dvij/learning_table_tennis_from_scratch/lbr_fri_ros2_stack_ws/install/lbr_description/share/lbr_description/meshes/med7/visual
[0.707s] -- Installing: /home/dvij/learning_table_tennis_from_scratch/lbr_fri_ros2_stack_ws/install/lbr_description/share/lbr_description/meshes/med7/visual/link_1.stl
[0.707s] -- Installing: /home/dvij/learning_table_tennis_from_scratch/lbr_fri_ros2_stack_ws/install/lbr_description/share/lbr_description/meshes/med7/visual/link_0.stl
[0.707s] -- Installing: /home/dvij/learning_table_tennis_from_scratch/lbr_fri_ros2_stack_ws/install/lbr_description/share/lbr_description/meshes/med7/visual/link_6.stl
[0.708s] -- Installing: /home/dvij/learning_table_tennis_from_scratch/lbr_fri_ros2_stack_ws/install/lbr_description/share/lbr_description/meshes/med7/visual/link_2.stl
[0.709s] -- Installing: /home/dvij/learning_table_tennis_from_scratch/lbr_fri_ros2_stack_ws/install/lbr_description/share/lbr_description/meshes/med7/visual/link_3.stl
[0.709s] -- Installing: /home/dvij/learning_table_tennis_from_scratch/lbr_fri_ros2_stack_ws/install/lbr_description/share/lbr_description/meshes/med7/visual/link_4.stl
[0.710s] -- Installing: /home/dvij/learning_table_tennis_from_scratch/lbr_fri_ros2_stack_ws/install/lbr_description/share/lbr_description/meshes/med7/visual/link_5.stl
[0.711s] -- Installing: /home/dvij/learning_table_tennis_from_scratch/lbr_fri_ros2_stack_ws/install/lbr_description/share/lbr_description/meshes/med7/visual/link_7.stl
[0.711s] -- Installing: /home/dvij/learning_table_tennis_from_scratch/lbr_fri_ros2_stack_ws/install/lbr_description/share/lbr_description/meshes/med7/collision
[0.711s] -- Installing: /home/dvij/learning_table_tennis_from_scratch/lbr_fri_ros2_stack_ws/install/lbr_description/share/lbr_description/meshes/med7/collision/link_1.stl
[0.711s] -- Installing: /home/dvij/learning_table_tennis_from_scratch/lbr_fri_ros2_stack_ws/install/lbr_description/share/lbr_description/meshes/med7/collision/link_0.stl
[0.711s] -- Installing: /home/dvij/learning_table_tennis_from_scratch/lbr_fri_ros2_stack_ws/install/lbr_description/share/lbr_description/meshes/med7/collision/link_6.stl
[0.712s] -- Installing: /home/dvij/learning_table_tennis_from_scratch/lbr_fri_ros2_stack_ws/install/lbr_description/share/lbr_description/meshes/med7/collision/link_2.stl
[0.712s] -- Installing: /home/dvij/learning_table_tennis_from_scratch/lbr_fri_ros2_stack_ws/install/lbr_description/share/lbr_description/meshes/med7/collision/link_3.stl
[0.712s] -- Installing: /home/dvij/learning_table_tennis_from_scratch/lbr_fri_ros2_stack_ws/install/lbr_description/share/lbr_description/meshes/med7/collision/link_4.stl
[0.713s] -- Installing: /home/dvij/learning_table_tennis_from_scratch/lbr_fri_ros2_stack_ws/install/lbr_description/share/lbr_description/meshes/med7/collision/link_5.stl
[0.713s] -- Installing: /home/dvij/learning_table_tennis_from_scratch/lbr_fri_ros2_stack_ws/install/lbr_description/share/lbr_description/meshes/med7/collision/link_7.stl
[0.713s] -- Installing: /home/dvij/learning_table_tennis_from_scratch/lbr_fri_ros2_stack_ws/install/lbr_description/share/lbr_description/meshes/iiwa7
[0.713s] -- Installing: /home/dvij/learning_table_tennis_from_scratch/lbr_fri_ros2_stack_ws/install/lbr_description/share/lbr_description/meshes/iiwa7/visual
[0.713s] -- Installing: /home/dvij/learning_table_tennis_from_scratch/lbr_fri_ros2_stack_ws/install/lbr_description/share/lbr_description/meshes/iiwa7/visual/link_1.stl
[0.714s] -- Installing: /home/dvij/learning_table_tennis_from_scratch/lbr_fri_ros2_stack_ws/install/lbr_description/share/lbr_description/meshes/iiwa7/visual/link_0.stl
[0.714s] -- Installing: /home/dvij/learning_table_tennis_from_scratch/lbr_fri_ros2_stack_ws/install/lbr_description/share/lbr_description/meshes/iiwa7/visual/link_6.stl
[0.715s] -- Installing: /home/dvij/learning_table_tennis_from_scratch/lbr_fri_ros2_stack_ws/install/lbr_description/share/lbr_description/meshes/iiwa7/visual/link_2.stl
[0.716s] -- Installing: /home/dvij/learning_table_tennis_from_scratch/lbr_fri_ros2_stack_ws/install/lbr_description/share/lbr_description/meshes/iiwa7/visual/link_3.stl
[0.717s] -- Installing: /home/dvij/learning_table_tennis_from_scratch/lbr_fri_ros2_stack_ws/install/lbr_description/share/lbr_description/meshes/iiwa7/visual/link_4.stl
[0.718s] -- Installing: /home/dvij/learning_table_tennis_from_scratch/lbr_fri_ros2_stack_ws/install/lbr_description/share/lbr_description/meshes/iiwa7/visual/link_5.stl
[0.718s] -- Installing: /home/dvij/learning_table_tennis_from_scratch/lbr_fri_ros2_stack_ws/install/lbr_description/share/lbr_description/meshes/iiwa7/visual/link_7.stl
[0.720s] -- Installing: /home/dvij/learning_table_tennis_from_scratch/lbr_fri_ros2_stack_ws/install/lbr_description/share/lbr_description/meshes/iiwa7/collision
[0.720s] -- Installing: /home/dvij/learning_table_tennis_from_scratch/lbr_fri_ros2_stack_ws/install/lbr_description/share/lbr_description/meshes/iiwa7/collision/link_1.stl
[0.720s] -- Installing: /home/dvij/learning_table_tennis_from_scratch/lbr_fri_ros2_stack_ws/install/lbr_description/share/lbr_description/meshes/iiwa7/collision/link_0.stl
[0.720s] -- Installing: /home/dvij/learning_table_tennis_from_scratch/lbr_fri_ros2_stack_ws/install/lbr_description/share/lbr_description/meshes/iiwa7/collision/link_6.stl
[0.721s] -- Installing: /home/dvij/learning_table_tennis_from_scratch/lbr_fri_ros2_stack_ws/install/lbr_description/share/lbr_description/meshes/iiwa7/collision/link_2.stl
[0.721s] -- Installing: /home/dvij/learning_table_tennis_from_scratch/lbr_fri_ros2_stack_ws/install/lbr_description/share/lbr_description/meshes/iiwa7/collision/link_3.stl
[0.721s] -- Installing: /home/dvij/learning_table_tennis_from_scratch/lbr_fri_ros2_stack_ws/install/lbr_description/share/lbr_description/meshes/iiwa7/collision/link_4.stl
[0.722s] -- Installing: /home/dvij/learning_table_tennis_from_scratch/lbr_fri_ros2_stack_ws/install/lbr_description/share/lbr_description/meshes/iiwa7/collision/link_5.stl
[0.722s] -- Installing: /home/dvij/learning_table_tennis_from_scratch/lbr_fri_ros2_stack_ws/install/lbr_description/share/lbr_description/meshes/iiwa7/collision/link_7.stl
[0.722s] -- Installing: /home/dvij/learning_table_tennis_from_scratch/lbr_fri_ros2_stack_ws/install/lbr_description/share/lbr_description/meshes/med14
[0.722s] -- Installing: /home/dvij/learning_table_tennis_from_scratch/lbr_fri_ros2_stack_ws/install/lbr_description/share/lbr_description/meshes/med14/visual
[0.722s] -- Installing: /home/dvij/learning_table_tennis_from_scratch/lbr_fri_ros2_stack_ws/install/lbr_description/share/lbr_description/meshes/med14/visual/link_1.stl
[0.723s] -- Installing: /home/dvij/learning_table_tennis_from_scratch/lbr_fri_ros2_stack_ws/install/lbr_description/share/lbr_description/meshes/med14/visual/link_0.stl
[0.723s] -- Installing: /home/dvij/learning_table_tennis_from_scratch/lbr_fri_ros2_stack_ws/install/lbr_description/share/lbr_description/meshes/med14/visual/link_6.stl
[0.724s] -- Installing: /home/dvij/learning_table_tennis_from_scratch/lbr_fri_ros2_stack_ws/install/lbr_description/share/lbr_description/meshes/med14/visual/link_2.stl
[0.724s] -- Installing: /home/dvij/learning_table_tennis_from_scratch/lbr_fri_ros2_stack_ws/install/lbr_description/share/lbr_description/meshes/med14/visual/link_3.stl
[0.725s] -- Installing: /home/dvij/learning_table_tennis_from_scratch/lbr_fri_ros2_stack_ws/install/lbr_description/share/lbr_description/meshes/med14/visual/link_4.stl
[0.726s] -- Installing: /home/dvij/learning_table_tennis_from_scratch/lbr_fri_ros2_stack_ws/install/lbr_description/share/lbr_description/meshes/med14/visual/link_5.stl
[0.727s] -- Installing: /home/dvij/learning_table_tennis_from_scratch/lbr_fri_ros2_stack_ws/install/lbr_description/share/lbr_description/meshes/med14/visual/link_7.stl
[0.727s] -- Installing: /home/dvij/learning_table_tennis_from_scratch/lbr_fri_ros2_stack_ws/install/lbr_description/share/lbr_description/meshes/med14/collision
[0.727s] -- Installing: /home/dvij/learning_table_tennis_from_scratch/lbr_fri_ros2_stack_ws/install/lbr_description/share/lbr_description/meshes/med14/collision/link_1.stl
[0.727s] -- Installing: /home/dvij/learning_table_tennis_from_scratch/lbr_fri_ros2_stack_ws/install/lbr_description/share/lbr_description/meshes/med14/collision/link_0.stl
[0.728s] -- Installing: /home/dvij/learning_table_tennis_from_scratch/lbr_fri_ros2_stack_ws/install/lbr_description/share/lbr_description/meshes/med14/collision/link_6.stl
[0.728s] -- Installing: /home/dvij/learning_table_tennis_from_scratch/lbr_fri_ros2_stack_ws/install/lbr_description/share/lbr_description/meshes/med14/collision/link_2.stl
[0.729s] -- Installing: /home/dvij/learning_table_tennis_from_scratch/lbr_fri_ros2_stack_ws/install/lbr_description/share/lbr_description/meshes/med14/collision/link_3.stl
[0.729s] -- Installing: /home/dvij/learning_table_tennis_from_scratch/lbr_fri_ros2_stack_ws/install/lbr_description/share/lbr_description/meshes/med14/collision/link_4.stl
[0.730s] -- Installing: /home/dvij/learning_table_tennis_from_scratch/lbr_fri_ros2_stack_ws/install/lbr_description/share/lbr_description/meshes/med14/collision/link_5.stl
[0.730s] -- Installing: /home/dvij/learning_table_tennis_from_scratch/lbr_fri_ros2_stack_ws/install/lbr_description/share/lbr_description/meshes/med14/collision/link_7.stl
[0.730s] -- Installing: /home/dvij/learning_table_tennis_from_scratch/lbr_fri_ros2_stack_ws/install/lbr_description/share/lbr_description/ros2_control
[0.730s] -- Installing: /home/dvij/learning_table_tennis_from_scratch/lbr_fri_ros2_stack_ws/install/lbr_description/share/lbr_description/ros2_control/lbr.ros2_control.xacro
[0.730s] -- Installing: /home/dvij/learning_table_tennis_from_scratch/lbr_fri_ros2_stack_ws/install/lbr_description/share/lbr_description/urdf
[0.730s] -- Installing: /home/dvij/learning_table_tennis_from_scratch/lbr_fri_ros2_stack_ws/install/lbr_description/share/lbr_description/urdf/iiwa14
[0.731s] -- Installing: /home/dvij/learning_table_tennis_from_scratch/lbr_fri_ros2_stack_ws/install/lbr_description/share/lbr_description/urdf/iiwa14/iiwa14_description.urdf.xacro
[0.731s] -- Installing: /home/dvij/learning_table_tennis_from_scratch/lbr_fri_ros2_stack_ws/install/lbr_description/share/lbr_description/urdf/iiwa14/iiwa14.urdf.xacro
[0.731s] -- Installing: /home/dvij/learning_table_tennis_from_scratch/lbr_fri_ros2_stack_ws/install/lbr_description/share/lbr_description/urdf/med7
[0.731s] -- Installing: /home/dvij/learning_table_tennis_from_scratch/lbr_fri_ros2_stack_ws/install/lbr_description/share/lbr_description/urdf/med7/med7_description.urdf.xacro
[0.731s] -- Installing: /home/dvij/learning_table_tennis_from_scratch/lbr_fri_ros2_stack_ws/install/lbr_description/share/lbr_description/urdf/med7/med7.urdf.xacro
[0.731s] -- Installing: /home/dvij/learning_table_tennis_from_scratch/lbr_fri_ros2_stack_ws/install/lbr_description/share/lbr_description/urdf/materials.urdf.xacro
[0.731s] -- Installing: /home/dvij/learning_table_tennis_from_scratch/lbr_fri_ros2_stack_ws/install/lbr_description/share/lbr_description/urdf/iiwa7
[0.731s] -- Installing: /home/dvij/learning_table_tennis_from_scratch/lbr_fri_ros2_stack_ws/install/lbr_description/share/lbr_description/urdf/iiwa7/iiwa7.urdf.xacro
[0.731s] -- Installing: /home/dvij/learning_table_tennis_from_scratch/lbr_fri_ros2_stack_ws/install/lbr_description/share/lbr_description/urdf/iiwa7/iiwa7_description.urdf.xacro
[0.731s] -- Installing: /home/dvij/learning_table_tennis_from_scratch/lbr_fri_ros2_stack_ws/install/lbr_description/share/lbr_description/urdf/med14
[0.731s] -- Installing: /home/dvij/learning_table_tennis_from_scratch/lbr_fri_ros2_stack_ws/install/lbr_description/share/lbr_description/urdf/med14/med14_description.urdf.xacro
[0.731s] -- Installing: /home/dvij/learning_table_tennis_from_scratch/lbr_fri_ros2_stack_ws/install/lbr_description/share/lbr_description/urdf/med14/med14.urdf.xacro
[0.732s] -- Installing: /home/dvij/learning_table_tennis_from_scratch/lbr_fri_ros2_stack_ws/install/lbr_description/share/lbr_description/environment/lbr_description.dsv
[0.732s] -- Installing: /home/dvij/learning_table_tennis_from_scratch/lbr_fri_ros2_stack_ws/install/lbr_description/share/ament_index/resource_index/package_run_dependencies/lbr_description
[0.732s] -- Installing: /home/dvij/learning_table_tennis_from_scratch/lbr_fri_ros2_stack_ws/install/lbr_description/share/ament_index/resource_index/parent_prefix_path/lbr_description
[0.732s] -- Installing: /home/dvij/learning_table_tennis_from_scratch/lbr_fri_ros2_stack_ws/install/lbr_description/share/lbr_description/environment/ament_prefix_path.sh
[0.732s] -- Installing: /home/dvij/learning_table_tennis_from_scratch/lbr_fri_ros2_stack_ws/install/lbr_description/share/lbr_description/environment/ament_prefix_path.dsv
[0.732s] -- Installing: /home/dvij/learning_table_tennis_from_scratch/lbr_fri_ros2_stack_ws/install/lbr_description/share/lbr_description/environment/path.sh
[0.732s] -- Installing: /home/dvij/learning_table_tennis_from_scratch/lbr_fri_ros2_stack_ws/install/lbr_description/share/lbr_description/environment/path.dsv
[0.732s] -- Installing: /home/dvij/learning_table_tennis_from_scratch/lbr_fri_ros2_stack_ws/install/lbr_description/share/lbr_description/local_setup.bash
[0.733s] -- Installing: /home/dvij/learning_table_tennis_from_scratch/lbr_fri_ros2_stack_ws/install/lbr_description/share/lbr_description/local_setup.sh
[0.733s] -- Installing: /home/dvij/learning_table_tennis_from_scratch/lbr_fri_ros2_stack_ws/install/lbr_description/share/lbr_description/local_setup.zsh
[0.733s] -- Installing: /home/dvij/learning_table_tennis_from_scratch/lbr_fri_ros2_stack_ws/install/lbr_description/share/lbr_description/local_setup.dsv
[0.733s] -- Installing: /home/dvij/learning_table_tennis_from_scratch/lbr_fri_ros2_stack_ws/install/lbr_description/share/lbr_description/package.dsv
[0.733s] -- Installing: /home/dvij/learning_table_tennis_from_scratch/lbr_fri_ros2_stack_ws/install/lbr_description/share/ament_index/resource_index/packages/lbr_description
[0.734s] -- Installing: /home/dvij/learning_table_tennis_from_scratch/lbr_fri_ros2_stack_ws/install/lbr_description/share/lbr_description/cmake/lbr_descriptionConfig.cmake
[0.734s] -- Installing: /home/dvij/learning_table_tennis_from_scratch/lbr_fri_ros2_stack_ws/install/lbr_description/share/lbr_description/cmake/lbr_descriptionConfig-version.cmake
[0.734s] -- Installing: /home/dvij/learning_table_tennis_from_scratch/lbr_fri_ros2_stack_ws/install/lbr_description/share/lbr_description/package.xml
[0.735s] Invoked command in '/home/dvij/learning_table_tennis_from_scratch/lbr_fri_ros2_stack_ws/build/lbr_description' returned '0': CMAKE_PREFIX_PATH=/opt/ros/galactic /usr/local/bin/cmake --install /home/dvij/learning_table_tennis_from_scratch/lbr_fri_ros2_stack_ws/build/lbr_description
