[0.000000] (-) TimerEvent: {}
[0.000091] (-) JobUnselected: {'identifier': 'aruco'}
[0.000106] (-) JobUnselected: {'identifier': 'aruco_msgs'}
[0.000115] (-) JobUnselected: {'identifier': 'aruco_ros2'}
[0.000198] (-) JobUnselected: {'identifier': 'cv_bridge'}
[0.000206] (-) JobUnselected: {'identifier': 'external_torque_sensor_broadcaster'}
[0.000214] (-) JobUnselected: {'identifier': 'iiwa_bringup'}
[0.000221] (-) JobUnselected: {'identifier': 'iiwa_description'}
[0.000228] (-) JobUnselected: {'identifier': 'iiwa_hardware'}
[0.000234] (-) JobUnselected: {'identifier': 'iiwa_moveit2'}
[0.000241] (-) JobUnselected: {'identifier': 'impedance_controller'}
[0.000247] (-) JobUnselected: {'identifier': 'ppr_interfaces'}
[0.000255] (-) JobUnselected: {'identifier': 'ros2_aruco'}
[0.000261] (-) JobUnselected: {'identifier': 'ros2_aruco_interfaces'}
[0.000268] (-) JobUnselected: {'identifier': 'scene_interpreter'}
[0.000275] (-) JobUnselected: {'identifier': 'scene_visualizer'}
[0.000283] (camera_feed) JobQueued: {'identifier': 'camera_feed', 'dependencies': OrderedDict([('cv_bridge', '/home/dvij/ee206-project/ping-pong-robot/ppr_ws/install/cv_bridge'), ('ppr_interfaces', '/home/dvij/ee206-project/ping-pong-robot/ppr_ws/install/ppr_interfaces')])}
[0.000415] (camera_feed) JobStarted: {'identifier': 'camera_feed'}
[0.099925] (-) TimerEvent: {}
[0.167555] (camera_feed) StderrLine: {'line': b'Traceback (most recent call last):\n  File "/usr/lib/python3/dist-packages/colcon_core/executor/__init__.py", line 91, in __call__\n    rc = await self.task(*args, **kwargs)\n  File "/usr/lib/python3/dist-packages/colcon_core/task/__init__.py", line 93, in __call__\n    return await task_method(*args, **kwargs)\n  File "/usr/lib/python3/dist-packages/colcon_ros/task/ament_python/build.py", line 51, in build\n    setup_py_data = get_setup_data(self.context.pkg, env)\n  File "/usr/lib/python3/dist-packages/colcon_core/task/python/__init__.py", line 20, in get_setup_data\n    return dict(pkg.metadata[key](env))\n  File "/usr/lib/python3/dist-packages/colcon_ros/package_augmentation/ros_ament_python.py", line 57, in getter\n    return get_setup_information(\n  File "/usr/lib/python3/dist-packages/colcon_python_setup_py/package_identification/python_setup_py.py", line 249, in get_setup_information\n    _setup_information_cache[hashable_env] = _get_setup_information(\n  File "/usr/lib/python3/dist-packages/colcon_python_setup_py/package_identification/python_setup_py.py", line 296, in _get_setup_information\n    result = subprocess.run(\n  File "/usr/lib/python3.8/subprocess.py", line 516, in run\n    raise CalledProcessError(retcode, process.args,\nsubprocess.CalledProcessError: Command \'[\'/usr/bin/python3\', \'-c\', \'import sys;from contextlib import suppress;exec("with suppress(ImportError):    from setuptools.extern.packaging.specifiers    import SpecifierSet");exec("with suppress(ImportError):    from packaging.specifiers import SpecifierSet");from distutils.core import run_setup;dist = run_setup(    \\\'setup.py\\\', script_args=(\\\'--dry-run\\\',), stop_after=\\\'config\\\');skip_keys = (\\\'cmdclass\\\', \\\'distclass\\\', \\\'ext_modules\\\', \\\'metadata\\\');data = {    key: value for key, value in dist.__dict__.items()     if (        not key.startswith(\\\'_\\\') and         not callable(value) and         key not in skip_keys and         key not in dist.display_option_names    )};data[\\\'metadata\\\'] = {    k: v for k, v in dist.metadata.__dict__.items()     if k not in (\\\'license_files\\\', \\\'provides_extras\\\')};sys.stdout.buffer.write(repr(data).encode(\\\'utf-8\\\'))\']\' returned non-zero exit status 1.\n'}
[0.176196] (camera_feed) JobEnded: {'identifier': 'camera_feed', 'rc': 1}
[0.177898] (-) EventReactorShutdown: {}
