running egg_info
writing ../../build/scene_interpreter/scene_interpreter.egg-info/PKG-INFO
writing dependency_links to ../../build/scene_interpreter/scene_interpreter.egg-info/dependency_links.txt
writing entry points to ../../build/scene_interpreter/scene_interpreter.egg-info/entry_points.txt
writing requirements to ../../build/scene_interpreter/scene_interpreter.egg-info/requires.txt
writing top-level names to ../../build/scene_interpreter/scene_interpreter.egg-info/top_level.txt
reading manifest file '../../build/scene_interpreter/scene_interpreter.egg-info/SOURCES.txt'
writing manifest file '../../build/scene_interpreter/scene_interpreter.egg-info/SOURCES.txt'
running build
running build_py
copying scene_interpreter/ball_detection_utils.py -> /home/dvij/ee206-project/ping-pong-robot/ppr_ws/build/scene_interpreter/build/lib/scene_interpreter
copying scene_interpreter/NaiveBallDetector.py -> /home/dvij/ee206-project/ping-pong-robot/ppr_ws/build/scene_interpreter/build/lib/scene_interpreter
copying scene_interpreter/HistoryBallDetector.py -> /home/dvij/ee206-project/ping-pong-robot/ppr_ws/build/scene_interpreter/build/lib/scene_interpreter
copying scene_interpreter/__init__.py -> /home/dvij/ee206-project/ping-pong-robot/ppr_ws/build/scene_interpreter/build/lib/scene_interpreter
copying scene_interpreter/DynamicHistoryBallDetector.py -> /home/dvij/ee206-project/ping-pong-robot/ppr_ws/build/scene_interpreter/build/lib/scene_interpreter
copying scene_interpreter/BallDetector.py -> /home/dvij/ee206-project/ping-pong-robot/ppr_ws/build/scene_interpreter/build/lib/scene_interpreter
copying scene_interpreter/ball_state_estimator.py -> /home/dvij/ee206-project/ping-pong-robot/ppr_ws/build/scene_interpreter/build/lib/scene_interpreter
copying scene_interpreter/triangulation_utils.py -> /home/dvij/ee206-project/ping-pong-robot/ppr_ws/build/scene_interpreter/build/lib/scene_interpreter
copying scene_interpreter/QueueBallDetector.py -> /home/dvij/ee206-project/ping-pong-robot/ppr_ws/build/scene_interpreter/build/lib/scene_interpreter
copying scene_interpreter/scene_interpreter.py -> /home/dvij/ee206-project/ping-pong-robot/ppr_ws/build/scene_interpreter/build/lib/scene_interpreter
running install
running install_lib
running install_data
copying resource/scene_interpreter -> /home/dvij/ee206-project/ping-pong-robot/ppr_ws/install/scene_interpreter/share/ament_index/resource_index/packages
copying package.xml -> /home/dvij/ee206-project/ping-pong-robot/ppr_ws/install/scene_interpreter/share/scene_interpreter
running install_egg_info
removing '/home/dvij/ee206-project/ping-pong-robot/ppr_ws/install/scene_interpreter/lib/python3.8/site-packages/scene_interpreter-0.0.0-py3.8.egg-info' (and everything under it)
Copying ../../build/scene_interpreter/scene_interpreter.egg-info to /home/dvij/ee206-project/ping-pong-robot/ppr_ws/install/scene_interpreter/lib/python3.8/site-packages/scene_interpreter-0.0.0-py3.8.egg-info
running install_scripts
Installing scene_interpreter script to /home/dvij/ee206-project/ping-pong-robot/ppr_ws/install/scene_interpreter/lib/scene_interpreter
writing list of installed files to '/home/dvij/ee206-project/ping-pong-robot/ppr_ws/build/scene_interpreter/install.log'
