[0.038s] Invoking command in '/home/dvij/ee206-project/ping-pong-robot/ppr_ws/build/impedance_controller': CMAKE_PREFIX_PATH=/opt/ros/foxy:/opt/ros/galactic:${CMAKE_PREFIX_PATH} CONDA_PROMPT_MODIFIER=(base) /usr/local/bin/cmake --build /home/dvij/ee206-project/ping-pong-robot/ppr_ws/build/impedance_controller -- -j20 -l20
[0.215s] [100%] Built target impedance_controller
[0.220s] Invoked command in '/home/dvij/ee206-project/ping-pong-robot/ppr_ws/build/impedance_controller' returned '0': CMAKE_PREFIX_PATH=/opt/ros/foxy:/opt/ros/galactic:${CMAKE_PREFIX_PATH} CONDA_PROMPT_MODIFIER=(base) /usr/local/bin/cmake --build /home/dvij/ee206-project/ping-pong-robot/ppr_ws/build/impedance_controller -- -j20 -l20
[0.263s] Invoking command in '/home/dvij/ee206-project/ping-pong-robot/ppr_ws/build/impedance_controller': CMAKE_PREFIX_PATH=/opt/ros/foxy:/opt/ros/galactic:${CMAKE_PREFIX_PATH} CONDA_PROMPT_MODIFIER=(base) /usr/local/bin/cmake --install /home/dvij/ee206-project/ping-pong-robot/ppr_ws/build/impedance_controller
[0.271s] -- Install configuration: ""
[0.271s] -- Installing: /home/dvij/ee206-project/ping-pong-robot/ppr_ws/install/impedance_controller/share/impedance_controller/impedance_plugin.xml
[0.271s] -- Installing: /home/dvij/ee206-project/ping-pong-robot/ppr_ws/install/impedance_controller/include
[0.271s] -- Installing: /home/dvij/ee206-project/ping-pong-robot/ppr_ws/install/impedance_controller/include/impedance_controller
[0.271s] -- Installing: /home/dvij/ee206-project/ping-pong-robot/ppr_ws/install/impedance_controller/include/impedance_controller/impedance_controller.hpp
[0.271s] -- Installing: /home/dvij/ee206-project/ping-pong-robot/ppr_ws/install/impedance_controller/include/impedance_controller/visibility_control.h
[0.271s] -- Installing: /home/dvij/ee206-project/ping-pong-robot/ppr_ws/install/impedance_controller/lib/libimpedance_controller.so
[0.273s] -- Set non-toolchain portion of runtime path of "/home/dvij/ee206-project/ping-pong-robot/ppr_ws/install/impedance_controller/lib/libimpedance_controller.so" to ""
[0.273s] -- Installing: /home/dvij/ee206-project/ping-pong-robot/ppr_ws/install/impedance_controller/share/impedance_controller/environment/library_path.sh
[0.273s] -- Installing: /home/dvij/ee206-project/ping-pong-robot/ppr_ws/install/impedance_controller/share/impedance_controller/environment/library_path.dsv
[0.273s] -- Installing: /home/dvij/ee206-project/ping-pong-robot/ppr_ws/install/impedance_controller/share/ament_index/resource_index/package_run_dependencies/impedance_controller
[0.273s] -- Installing: /home/dvij/ee206-project/ping-pong-robot/ppr_ws/install/impedance_controller/share/ament_index/resource_index/parent_prefix_path/impedance_controller
[0.273s] -- Installing: /home/dvij/ee206-project/ping-pong-robot/ppr_ws/install/impedance_controller/share/impedance_controller/environment/ament_prefix_path.sh
[0.273s] -- Installing: /home/dvij/ee206-project/ping-pong-robot/ppr_ws/install/impedance_controller/share/impedance_controller/environment/ament_prefix_path.dsv
[0.274s] -- Installing: /home/dvij/ee206-project/ping-pong-robot/ppr_ws/install/impedance_controller/share/impedance_controller/environment/path.sh
[0.274s] -- Installing: /home/dvij/ee206-project/ping-pong-robot/ppr_ws/install/impedance_controller/share/impedance_controller/environment/path.dsv
[0.274s] -- Installing: /home/dvij/ee206-project/ping-pong-robot/ppr_ws/install/impedance_controller/share/impedance_controller/local_setup.bash
[0.274s] -- Installing: /home/dvij/ee206-project/ping-pong-robot/ppr_ws/install/impedance_controller/share/impedance_controller/local_setup.sh
[0.274s] -- Installing: /home/dvij/ee206-project/ping-pong-robot/ppr_ws/install/impedance_controller/share/impedance_controller/local_setup.zsh
[0.274s] -- Installing: /home/dvij/ee206-project/ping-pong-robot/ppr_ws/install/impedance_controller/share/impedance_controller/local_setup.dsv
[0.274s] -- Installing: /home/dvij/ee206-project/ping-pong-robot/ppr_ws/install/impedance_controller/share/impedance_controller/package.dsv
[0.275s] -- Installing: /home/dvij/ee206-project/ping-pong-robot/ppr_ws/install/impedance_controller/share/ament_index/resource_index/packages/impedance_controller
[0.275s] -- Installing: /home/dvij/ee206-project/ping-pong-robot/ppr_ws/install/impedance_controller/share/ament_index/resource_index/controller_interface__pluginlib__plugin/impedance_controller
[0.275s] -- Installing: /home/dvij/ee206-project/ping-pong-robot/ppr_ws/install/impedance_controller/share/impedance_controller/cmake/ament_cmake_export_dependencies-extras.cmake
[0.275s] -- Installing: /home/dvij/ee206-project/ping-pong-robot/ppr_ws/install/impedance_controller/share/impedance_controller/cmake/ament_cmake_export_include_directories-extras.cmake
[0.275s] -- Installing: /home/dvij/ee206-project/ping-pong-robot/ppr_ws/install/impedance_controller/share/impedance_controller/cmake/ament_cmake_export_libraries-extras.cmake
[0.275s] -- Installing: /home/dvij/ee206-project/ping-pong-robot/ppr_ws/install/impedance_controller/share/impedance_controller/cmake/impedance_controllerConfig.cmake
[0.275s] -- Installing: /home/dvij/ee206-project/ping-pong-robot/ppr_ws/install/impedance_controller/share/impedance_controller/cmake/impedance_controllerConfig-version.cmake
[0.275s] -- Installing: /home/dvij/ee206-project/ping-pong-robot/ppr_ws/install/impedance_controller/share/impedance_controller/package.xml
[0.302s] Invoked command in '/home/dvij/ee206-project/ping-pong-robot/ppr_ws/build/impedance_controller' returned '0': CMAKE_PREFIX_PATH=/opt/ros/foxy:/opt/ros/galactic:${CMAKE_PREFIX_PATH} CONDA_PROMPT_MODIFIER=(base) /usr/local/bin/cmake --install /home/dvij/ee206-project/ping-pong-robot/ppr_ws/build/impedance_controller
