[0.121s] DEBUG:colcon:Command line arguments: ['/usr/bin/colcon', 'build']
[0.121s] DEBUG:colcon:Parsed command line arguments: Namespace(allow_overriding=[], ament_cmake_args=None, base_paths=['.'], build_base='build', catkin_cmake_args=None, catkin_skip_building_tests=False, cmake_args=None, cmake_clean_cache=False, cmake_clean_first=False, cmake_force_configure=False, cmake_target=None, cmake_target_skip_unavailable=False, continue_on_error=False, event_handlers=None, executor='parallel', ignore_user_meta=False, install_base='install', log_base=None, log_level=None, main=<bound method BuildVerb.main of <colcon_core.verb.build.BuildVerb object at 0x7f4843d8eb20>>, merge_install=False, metas=['./colcon.meta'], mixin=None, mixin_files=None, mixin_verb=('build',), packages_above=None, packages_above_and_dependencies=None, packages_above_depth=None, packages_end=None, packages_ignore=None, packages_ignore_regex=None, packages_select=None, packages_select_build_failed=False, packages_select_by_dep=None, packages_select_regex=None, packages_select_test_failures=False, packages_skip=None, packages_skip_build_finished=False, packages_skip_by_dep=None, packages_skip_regex=None, packages_skip_test_passed=False, packages_skip_up_to=None, packages_start=None, packages_up_to=None, packages_up_to_regex=None, parallel_workers=20, paths=None, symlink_install=False, test_result_base=None, verb_extension=<colcon_core.verb.build.BuildVerb object at 0x7f4843d8eb20>, verb_name='build', verb_parser=<colcon_mixin.mixin.mixin_argument.MixinArgumentDecorator object at 0x7f4843d9f280>)
[0.232s] Level 1:colcon.colcon_core.package_discovery:discover_packages(colcon_meta) check parameters
[0.232s] Level 1:colcon.colcon_core.package_discovery:discover_packages(recursive) check parameters
[0.232s] Level 1:colcon.colcon_core.package_discovery:discover_packages(ignore) check parameters
[0.232s] Level 1:colcon.colcon_core.package_discovery:discover_packages(path) check parameters
[0.232s] Level 1:colcon.colcon_core.package_discovery:discover_packages(colcon_meta) discover
[0.232s] Level 1:colcon.colcon_core.package_discovery:discover_packages(recursive) discover
[0.232s] INFO:colcon.colcon_core.package_discovery:Crawling recursively for packages in '/home/dvij/ee206-project/ping-pong-robot/vision_tracking/ros2_ws/src/scene_interpreter'
[0.232s] Level 1:colcon.colcon_core.package_identification:_identify(.) by extensions ['ignore', 'ignore_ament_install']
[0.232s] Level 1:colcon.colcon_core.package_identification:_identify(.) by extension 'ignore'
[0.232s] Level 1:colcon.colcon_core.package_identification:_identify(.) by extension 'ignore_ament_install'
[0.232s] Level 1:colcon.colcon_core.package_identification:_identify(.) by extensions ['colcon_pkg']
[0.232s] Level 1:colcon.colcon_core.package_identification:_identify(.) by extension 'colcon_pkg'
[0.232s] Level 1:colcon.colcon_core.package_identification:_identify(.) by extensions ['colcon_meta']
[0.232s] Level 1:colcon.colcon_core.package_identification:_identify(.) by extension 'colcon_meta'
[0.232s] Level 1:colcon.colcon_core.package_identification:_identify(.) by extensions ['ros']
[0.232s] Level 1:colcon.colcon_core.package_identification:_identify(.) by extension 'ros'
[0.239s] DEBUG:colcon.colcon_core.package_identification:Package '.' with type 'ros.ament_python' and name 'scene_interpreter'
[0.239s] Level 1:colcon.colcon_core.package_discovery:discover_packages(recursive) using defaults
[0.239s] Level 1:colcon.colcon_core.package_discovery:discover_packages(ignore) discover
[0.239s] Level 1:colcon.colcon_core.package_discovery:discover_packages(ignore) using defaults
[0.239s] Level 1:colcon.colcon_core.package_discovery:discover_packages(path) discover
[0.239s] Level 1:colcon.colcon_core.package_discovery:discover_packages(path) using defaults
[0.249s] Level 1:colcon.colcon_core.package_discovery:discover_packages(prefix_path) check parameters
[0.249s] Level 1:colcon.colcon_core.package_discovery:discover_packages(prefix_path) discover
[0.250s] DEBUG:colcon.colcon_installed_package_information.package_discovery:Found 2 installed packages in /home/dvij/ee206-project/ping-pong-robot/robot_ros2/install
[0.250s] DEBUG:colcon.colcon_installed_package_information.package_discovery:Found 296 installed packages in /opt/ros/foxy
[0.252s] Level 1:colcon.colcon_core.package_discovery:discover_packages(prefix_path) using defaults
[0.278s] Level 5:colcon.colcon_core.verb:set package 'scene_interpreter' build argument 'cmake_args' from command line to 'None'
[0.278s] Level 5:colcon.colcon_core.verb:set package 'scene_interpreter' build argument 'cmake_target' from command line to 'None'
[0.278s] Level 5:colcon.colcon_core.verb:set package 'scene_interpreter' build argument 'cmake_target_skip_unavailable' from command line to 'False'
[0.278s] Level 5:colcon.colcon_core.verb:set package 'scene_interpreter' build argument 'cmake_clean_cache' from command line to 'False'
[0.278s] Level 5:colcon.colcon_core.verb:set package 'scene_interpreter' build argument 'cmake_clean_first' from command line to 'False'
[0.278s] Level 5:colcon.colcon_core.verb:set package 'scene_interpreter' build argument 'cmake_force_configure' from command line to 'False'
[0.278s] Level 5:colcon.colcon_core.verb:set package 'scene_interpreter' build argument 'ament_cmake_args' from command line to 'None'
[0.278s] Level 5:colcon.colcon_core.verb:set package 'scene_interpreter' build argument 'catkin_cmake_args' from command line to 'None'
[0.278s] Level 5:colcon.colcon_core.verb:set package 'scene_interpreter' build argument 'catkin_skip_building_tests' from command line to 'False'
[0.278s] DEBUG:colcon.colcon_core.verb:Building package 'scene_interpreter' with the following arguments: {'ament_cmake_args': None, 'build_base': '/home/dvij/ee206-project/ping-pong-robot/vision_tracking/ros2_ws/src/scene_interpreter/build/scene_interpreter', 'catkin_cmake_args': None, 'catkin_skip_building_tests': False, 'cmake_args': None, 'cmake_clean_cache': False, 'cmake_clean_first': False, 'cmake_force_configure': False, 'cmake_target': None, 'cmake_target_skip_unavailable': False, 'install_base': '/home/dvij/ee206-project/ping-pong-robot/vision_tracking/ros2_ws/src/scene_interpreter/install/scene_interpreter', 'merge_install': False, 'path': '/home/dvij/ee206-project/ping-pong-robot/vision_tracking/ros2_ws/src/scene_interpreter', 'symlink_install': False, 'test_result_base': None}
[0.278s] INFO:colcon.colcon_core.executor:Executing jobs using 'parallel' executor
[0.279s] DEBUG:colcon.colcon_parallel_executor.executor.parallel:run_until_complete
[0.279s] INFO:colcon.colcon_ros.task.ament_python.build:Building ROS package in '/home/dvij/ee206-project/ping-pong-robot/vision_tracking/ros2_ws/src/scene_interpreter' with build type 'ament_python'
[0.279s] Level 1:colcon.colcon_core.shell:create_environment_hook('scene_interpreter', 'ament_prefix_path')
[0.280s] INFO:colcon.colcon_core.plugin_system:Skipping extension 'colcon_core.shell.bat': Not used on non-Windows systems
[0.280s] INFO:colcon.colcon_core.shell:Creating environment hook '/home/dvij/ee206-project/ping-pong-robot/vision_tracking/ros2_ws/src/scene_interpreter/install/scene_interpreter/share/scene_interpreter/hook/ament_prefix_path.ps1'
[0.280s] INFO:colcon.colcon_core.shell:Creating environment descriptor '/home/dvij/ee206-project/ping-pong-robot/vision_tracking/ros2_ws/src/scene_interpreter/install/scene_interpreter/share/scene_interpreter/hook/ament_prefix_path.dsv'
[0.280s] INFO:colcon.colcon_core.shell:Creating environment hook '/home/dvij/ee206-project/ping-pong-robot/vision_tracking/ros2_ws/src/scene_interpreter/install/scene_interpreter/share/scene_interpreter/hook/ament_prefix_path.sh'
[0.281s] INFO:colcon.colcon_core.shell:Skip shell extension 'powershell' for command environment: Not usable outside of PowerShell
[0.281s] DEBUG:colcon.colcon_core.shell:Skip shell extension 'dsv' for command environment
[0.427s] INFO:colcon.colcon_core.task.python.build:Building Python package in '/home/dvij/ee206-project/ping-pong-robot/vision_tracking/ros2_ws/src/scene_interpreter'
[0.428s] INFO:colcon.colcon_core.shell:Skip shell extension 'powershell' for command environment: Not usable outside of PowerShell
[0.428s] DEBUG:colcon.colcon_core.shell:Skip shell extension 'dsv' for command environment
[0.742s] DEBUG:colcon.colcon_core.event_handler.log_command:Invoking command in '/home/dvij/ee206-project/ping-pong-robot/vision_tracking/ros2_ws/src/scene_interpreter': PYTHONPATH=/home/dvij/ee206-project/ping-pong-robot/vision_tracking/ros2_ws/src/scene_interpreter/build/scene_interpreter/prefix_override:/usr/lib/python3/dist-packages/colcon_core/task/python/colcon_distutils_commands:/home/dvij/ee206-project/ping-pong-robot/vision_tracking/ros2_ws/src/scene_interpreter/install/scene_interpreter/lib/python3.8/site-packages:${PYTHONPATH} /usr/bin/python3 -W ignore:setup.py install is deprecated setup.py egg_info --egg-base build/scene_interpreter build --build-base /home/dvij/ee206-project/ping-pong-robot/vision_tracking/ros2_ws/src/scene_interpreter/build/scene_interpreter/build install --record /home/dvij/ee206-project/ping-pong-robot/vision_tracking/ros2_ws/src/scene_interpreter/build/scene_interpreter/install.log --single-version-externally-managed install_data
[0.911s] DEBUG:colcon.colcon_core.event_handler.log_command:Invoked command in '/home/dvij/ee206-project/ping-pong-robot/vision_tracking/ros2_ws/src/scene_interpreter' returned '0': PYTHONPATH=/home/dvij/ee206-project/ping-pong-robot/vision_tracking/ros2_ws/src/scene_interpreter/build/scene_interpreter/prefix_override:/usr/lib/python3/dist-packages/colcon_core/task/python/colcon_distutils_commands:/home/dvij/ee206-project/ping-pong-robot/vision_tracking/ros2_ws/src/scene_interpreter/install/scene_interpreter/lib/python3.8/site-packages:${PYTHONPATH} /usr/bin/python3 -W ignore:setup.py install is deprecated setup.py egg_info --egg-base build/scene_interpreter build --build-base /home/dvij/ee206-project/ping-pong-robot/vision_tracking/ros2_ws/src/scene_interpreter/build/scene_interpreter/build install --record /home/dvij/ee206-project/ping-pong-robot/vision_tracking/ros2_ws/src/scene_interpreter/build/scene_interpreter/install.log --single-version-externally-managed install_data
[0.912s] Level 1:colcon.colcon_core.environment:checking '/home/dvij/ee206-project/ping-pong-robot/vision_tracking/ros2_ws/src/scene_interpreter/install/scene_interpreter' for CMake module files
[0.913s] Level 1:colcon.colcon_core.environment:checking '/home/dvij/ee206-project/ping-pong-robot/vision_tracking/ros2_ws/src/scene_interpreter/install/scene_interpreter' for CMake config files
[0.913s] Level 1:colcon.colcon_core.environment:checking '/home/dvij/ee206-project/ping-pong-robot/vision_tracking/ros2_ws/src/scene_interpreter/install/scene_interpreter/lib'
[0.913s] Level 1:colcon.colcon_core.environment:checking '/home/dvij/ee206-project/ping-pong-robot/vision_tracking/ros2_ws/src/scene_interpreter/install/scene_interpreter/bin'
[0.913s] Level 1:colcon.colcon_core.environment:checking '/home/dvij/ee206-project/ping-pong-robot/vision_tracking/ros2_ws/src/scene_interpreter/install/scene_interpreter/lib/pkgconfig/scene_interpreter.pc'
[0.913s] Level 1:colcon.colcon_core.environment:checking '/home/dvij/ee206-project/ping-pong-robot/vision_tracking/ros2_ws/src/scene_interpreter/install/scene_interpreter/lib/python3.8/site-packages'
[0.913s] Level 1:colcon.colcon_core.shell:create_environment_hook('scene_interpreter', 'pythonpath')
[0.913s] INFO:colcon.colcon_core.shell:Creating environment hook '/home/dvij/ee206-project/ping-pong-robot/vision_tracking/ros2_ws/src/scene_interpreter/install/scene_interpreter/share/scene_interpreter/hook/pythonpath.ps1'
[0.914s] INFO:colcon.colcon_core.shell:Creating environment descriptor '/home/dvij/ee206-project/ping-pong-robot/vision_tracking/ros2_ws/src/scene_interpreter/install/scene_interpreter/share/scene_interpreter/hook/pythonpath.dsv'
[0.914s] INFO:colcon.colcon_core.shell:Creating environment hook '/home/dvij/ee206-project/ping-pong-robot/vision_tracking/ros2_ws/src/scene_interpreter/install/scene_interpreter/share/scene_interpreter/hook/pythonpath.sh'
[0.914s] Level 1:colcon.colcon_core.environment:checking '/home/dvij/ee206-project/ping-pong-robot/vision_tracking/ros2_ws/src/scene_interpreter/install/scene_interpreter/bin'
[0.914s] Level 1:colcon.colcon_core.environment:create_environment_scripts_only(scene_interpreter)
[0.914s] INFO:colcon.colcon_core.shell:Creating package script '/home/dvij/ee206-project/ping-pong-robot/vision_tracking/ros2_ws/src/scene_interpreter/install/scene_interpreter/share/scene_interpreter/package.ps1'
[0.915s] INFO:colcon.colcon_core.shell:Creating package descriptor '/home/dvij/ee206-project/ping-pong-robot/vision_tracking/ros2_ws/src/scene_interpreter/install/scene_interpreter/share/scene_interpreter/package.dsv'
[0.915s] INFO:colcon.colcon_core.shell:Creating package script '/home/dvij/ee206-project/ping-pong-robot/vision_tracking/ros2_ws/src/scene_interpreter/install/scene_interpreter/share/scene_interpreter/package.sh'
[0.915s] INFO:colcon.colcon_core.shell:Creating package script '/home/dvij/ee206-project/ping-pong-robot/vision_tracking/ros2_ws/src/scene_interpreter/install/scene_interpreter/share/scene_interpreter/package.bash'
[0.915s] INFO:colcon.colcon_core.shell:Creating package script '/home/dvij/ee206-project/ping-pong-robot/vision_tracking/ros2_ws/src/scene_interpreter/install/scene_interpreter/share/scene_interpreter/package.zsh'
[0.916s] Level 1:colcon.colcon_core.environment:create_file_with_runtime_dependencies(/home/dvij/ee206-project/ping-pong-robot/vision_tracking/ros2_ws/src/scene_interpreter/install/scene_interpreter/share/colcon-core/packages/scene_interpreter)
[0.916s] DEBUG:colcon.colcon_parallel_executor.executor.parallel:closing loop
[0.916s] DEBUG:colcon.colcon_parallel_executor.executor.parallel:loop closed
[0.916s] DEBUG:colcon.colcon_parallel_executor.executor.parallel:run_until_complete finished with '0'
[0.916s] DEBUG:colcon.colcon_core.event_reactor:joining thread
[0.919s] INFO:colcon.colcon_core.plugin_system:Skipping extension 'colcon_notification.desktop_notification.terminal_notifier': Not used on non-Darwin systems
[0.919s] INFO:colcon.colcon_core.plugin_system:Skipping extension 'colcon_notification.desktop_notification.win32': Not used on non-Windows systems
[0.919s] INFO:colcon.colcon_notification.desktop_notification:Sending desktop notification using 'notify2'
[0.928s] DEBUG:colcon.colcon_core.event_reactor:joined thread
[0.928s] INFO:colcon.colcon_core.shell:Creating prefix script '/home/dvij/ee206-project/ping-pong-robot/vision_tracking/ros2_ws/src/scene_interpreter/install/local_setup.ps1'
[0.928s] INFO:colcon.colcon_core.shell:Creating prefix util module '/home/dvij/ee206-project/ping-pong-robot/vision_tracking/ros2_ws/src/scene_interpreter/install/_local_setup_util_ps1.py'
[0.929s] INFO:colcon.colcon_core.shell:Creating prefix chain script '/home/dvij/ee206-project/ping-pong-robot/vision_tracking/ros2_ws/src/scene_interpreter/install/setup.ps1'
[0.929s] INFO:colcon.colcon_core.shell:Creating prefix script '/home/dvij/ee206-project/ping-pong-robot/vision_tracking/ros2_ws/src/scene_interpreter/install/local_setup.sh'
[0.930s] INFO:colcon.colcon_core.shell:Creating prefix util module '/home/dvij/ee206-project/ping-pong-robot/vision_tracking/ros2_ws/src/scene_interpreter/install/_local_setup_util_sh.py'
[0.930s] INFO:colcon.colcon_core.shell:Creating prefix chain script '/home/dvij/ee206-project/ping-pong-robot/vision_tracking/ros2_ws/src/scene_interpreter/install/setup.sh'
[0.930s] INFO:colcon.colcon_core.shell:Creating prefix script '/home/dvij/ee206-project/ping-pong-robot/vision_tracking/ros2_ws/src/scene_interpreter/install/local_setup.bash'
[0.931s] INFO:colcon.colcon_core.shell:Creating prefix chain script '/home/dvij/ee206-project/ping-pong-robot/vision_tracking/ros2_ws/src/scene_interpreter/install/setup.bash'
[0.931s] INFO:colcon.colcon_core.shell:Creating prefix script '/home/dvij/ee206-project/ping-pong-robot/vision_tracking/ros2_ws/src/scene_interpreter/install/local_setup.zsh'
[0.931s] INFO:colcon.colcon_core.shell:Creating prefix chain script '/home/dvij/ee206-project/ping-pong-robot/vision_tracking/ros2_ws/src/scene_interpreter/install/setup.zsh'
