[0.901s] Invoking command in '/home/pingpongproject/code/ping-pong-robot/lbr_fri_ros2_stack_ws_foxy2/src/lbr_fri_ros2_stack/control/workspace_controller': PYTHONPATH=/home/pingpongproject/code/ping-pong-robot/lbr_fri_ros2_stack_ws_foxy2/build/workspace_controller/prefix_override:/home/pingpongproject/code/ping-pong-robot/lbr_fri_ros2_stack_ws_foxy2/install/workspace_controller/lib/python3.8/site-packages:${PYTHONPATH} /usr/bin/python3 setup.py egg_info --egg-base ../../../../build/workspace_controller build --build-base /home/pingpongproject/code/ping-pong-robot/lbr_fri_ros2_stack_ws_foxy2/build/workspace_controller/build install --record /home/pingpongproject/code/ping-pong-robot/lbr_fri_ros2_stack_ws_foxy2/build/workspace_controller/install.log --install-scripts $base/lib/workspace_controller --single-version-externally-managed
[1.135s] running egg_info
[1.135s] writing ../../../../build/workspace_controller/workspace_controller.egg-info/PKG-INFO
[1.135s] writing dependency_links to ../../../../build/workspace_controller/workspace_controller.egg-info/dependency_links.txt
[1.135s] writing entry points to ../../../../build/workspace_controller/workspace_controller.egg-info/entry_points.txt
[1.135s] writing requirements to ../../../../build/workspace_controller/workspace_controller.egg-info/requires.txt
[1.135s] writing top-level names to ../../../../build/workspace_controller/workspace_controller.egg-info/top_level.txt
[1.510s] reading manifest file '../../../../build/workspace_controller/workspace_controller.egg-info/SOURCES.txt'
[1.511s] writing manifest file '../../../../build/workspace_controller/workspace_controller.egg-info/SOURCES.txt'
[1.511s] running build
[1.511s] running build_py
[1.511s] copying workspace_controller/ik_controller.py -> /home/pingpongproject/code/ping-pong-robot/lbr_fri_ros2_stack_ws_foxy2/build/workspace_controller/build/lib/workspace_controller
[1.511s] running install
[1.512s] running install_lib
[1.513s] copying /home/pingpongproject/code/ping-pong-robot/lbr_fri_ros2_stack_ws_foxy2/build/workspace_controller/build/lib/workspace_controller/ik_controller.py -> /home/pingpongproject/code/ping-pong-robot/lbr_fri_ros2_stack_ws_foxy2/install/workspace_controller/lib/python3.8/site-packages/workspace_controller
[1.513s] byte-compiling /home/pingpongproject/code/ping-pong-robot/lbr_fri_ros2_stack_ws_foxy2/install/workspace_controller/lib/python3.8/site-packages/workspace_controller/ik_controller.py to ik_controller.cpython-38.pyc
[1.514s]   File "/home/pingpongproject/code/ping-pong-robot/lbr_fri_ros2_stack_ws_foxy2/install/workspace_controller/lib/python3.8/site-packages/workspace_controller/ik_controller.py", line 52
[1.514s]     required_time = np.max(np.abs(theta - target_theta)) / self.velocity_limits)   # Required time is determined by the max delta theta / velocity
[1.514s]                                                                                ^
[1.514s] SyntaxError: unmatched ')'
[1.514s] 
[1.514s] running install_data
[1.516s] running install_egg_info
[1.516s] removing '/home/pingpongproject/code/ping-pong-robot/lbr_fri_ros2_stack_ws_foxy2/install/workspace_controller/lib/python3.8/site-packages/workspace_controller-0.0.0-py3.8.egg-info' (and everything under it)
[1.516s] Copying ../../../../build/workspace_controller/workspace_controller.egg-info to /home/pingpongproject/code/ping-pong-robot/lbr_fri_ros2_stack_ws_foxy2/install/workspace_controller/lib/python3.8/site-packages/workspace_controller-0.0.0-py3.8.egg-info
[1.516s] running install_scripts
[1.535s] Installing control_node script to /home/pingpongproject/code/ping-pong-robot/lbr_fri_ros2_stack_ws_foxy2/install/workspace_controller/lib/workspace_controller
[1.535s] writing list of installed files to '/home/pingpongproject/code/ping-pong-robot/lbr_fri_ros2_stack_ws_foxy2/build/workspace_controller/install.log'
[1.566s] Invoked command in '/home/pingpongproject/code/ping-pong-robot/lbr_fri_ros2_stack_ws_foxy2/src/lbr_fri_ros2_stack/control/workspace_controller' returned '0': PYTHONPATH=/home/pingpongproject/code/ping-pong-robot/lbr_fri_ros2_stack_ws_foxy2/build/workspace_controller/prefix_override:/home/pingpongproject/code/ping-pong-robot/lbr_fri_ros2_stack_ws_foxy2/install/workspace_controller/lib/python3.8/site-packages:${PYTHONPATH} /usr/bin/python3 setup.py egg_info --egg-base ../../../../build/workspace_controller build --build-base /home/pingpongproject/code/ping-pong-robot/lbr_fri_ros2_stack_ws_foxy2/build/workspace_controller/build install --record /home/pingpongproject/code/ping-pong-robot/lbr_fri_ros2_stack_ws_foxy2/build/workspace_controller/install.log --install-scripts $base/lib/workspace_controller --single-version-externally-managed
