[0.020s] Invoking command in '/home/dvij/ee206-project/ping-pong-robot/ros2_ws/build/interface': CMAKE_PREFIX_PATH=/home/dvij/ee206-project/ping-pong-robot/ros2_ws/install/camera_feed:/home/dvij/ee206-project/ping-pong-robot/ros2_ws/install/my_sync_package:/home/dvij/ee206-project/ping-pong-robot/ros2_ws/install/interface:/home/dvij/ee206-project/ping-pong-robot/ppr_ws/install/impedance_controller:/home/dvij/ee206-project/ping-pong-robot/ppr_ws/install/iiwa_moveit2:/home/dvij/ee206-project/ping-pong-robot/ppr_ws/install/iiwa_bringup:/home/dvij/ee206-project/ping-pong-robot/ppr_ws/install/iiwa_description:/home/dvij/ee206-project/ping-pong-robot/ppr_ws/install/external_torque_sensor_broadcaster:/home/dvij/ee206-project/ping-pong-robot/ppr_ws/install/scene_interpreter:/home/dvij/ee206-project/ping-pong-robot/ppr_ws/install/camera_feed:/opt/ros/foxy:/opt/ros/galactic:/opt/ros/noetic /usr/local/bin/cmake /home/dvij/ee206-project/ping-pong-robot/ros2_ws/src/interface -DCMAKE_INSTALL_PREFIX=/home/dvij/ee206-project/ping-pong-robot/ros2_ws/install/interface
[0.115s] -- The C compiler identification is GNU 9.4.0
[0.180s] -- The CXX compiler identification is GNU 9.4.0
[0.201s] -- Detecting C compiler ABI info
[0.249s] -- Detecting C compiler ABI info - done
[0.264s] -- Check for working C compiler: /usr/bin/cc - skipped
[0.264s] -- Detecting C compile features
[0.265s] -- Detecting C compile features - done
[0.267s] -- Detecting CXX compiler ABI info
[0.316s] -- Detecting CXX compiler ABI info - done
[0.325s] -- Check for working CXX compiler: /usr/bin/c++ - skipped
[0.326s] -- Detecting CXX compile features
[0.326s] -- Detecting CXX compile features - done
[0.327s] -- Found ament_cmake: 0.9.12 (/opt/ros/foxy/share/ament_cmake/cmake)
[0.331s] [33mCMake Warning (dev) at /opt/ros/foxy/share/ament_cmake_core/cmake/core/python.cmake:22 (find_package):
[0.331s]   Policy CMP0148 is not set: The FindPythonInterp and FindPythonLibs modules
[0.332s]   are removed.  Run "cmake --help-policy CMP0148" for policy details.  Use
[0.332s]   the cmake_policy command to set the policy and suppress this warning.
[0.332s] 
[0.332s] Call Stack (most recent call first):
[0.332s]   /opt/ros/foxy/share/ament_cmake_core/cmake/core/all.cmake:53 (include)
[0.332s]   /opt/ros/foxy/share/ament_cmake_core/cmake/ament_cmake_core-extras.cmake:17 (include)
[0.332s]   /opt/ros/foxy/share/ament_cmake_core/cmake/ament_cmake_coreConfig.cmake:41 (include)
[0.332s]   /opt/ros/foxy/share/ament_cmake/cmake/ament_cmake_export_dependencies-extras.cmake:15 (find_package)
[0.332s]   /opt/ros/foxy/share/ament_cmake/cmake/ament_cmakeConfig.cmake:41 (include)
[0.332s]   CMakeLists.txt:9 (find_package)
[0.332s] This warning is for project developers.  Use -Wno-dev to suppress it.
[0.333s] [0m
[0.347s] -- Found PythonInterp: /usr/bin/python3 (found suitable version "3.8.10", minimum required is "3")
[0.347s] -- Using PYTHON_EXECUTABLE: /usr/bin/python3
[0.515s] -- Found std_msgs: 2.0.5 (/opt/ros/foxy/share/std_msgs/cmake)
[0.542s] -- Using all available rosidl_typesupport_c: rosidl_typesupport_fastrtps_c;rosidl_typesupport_introspection_c
[0.549s] -- Found rosidl_adapter: 1.3.1 (/opt/ros/foxy/share/rosidl_adapter/cmake)
[0.630s] -- Found OpenSSL: /usr/lib/x86_64-linux-gnu/libcrypto.so (found version "1.1.1f")
[0.655s] -- Found FastRTPS: /opt/ros/foxy/include
[0.711s] -- Using all available rosidl_typesupport_cpp: rosidl_typesupport_fastrtps_cpp;rosidl_typesupport_introspection_cpp
[0.739s] -- Found sensor_msgs: 2.0.5 (/opt/ros/foxy/share/sensor_msgs/cmake)
[0.800s] -- Found rosidl_default_generators: 1.0.1 (/opt/ros/foxy/share/rosidl_default_generators/cmake)
[0.808s] [33mCMake Warning (dev) at /opt/ros/foxy/share/rosidl_adapter/cmake/rosidl_adapt_interfaces.cmake:40 (find_package):
[0.808s]   Policy CMP0148 is not set: The FindPythonInterp and FindPythonLibs modules
[0.808s]   are removed.  Run "cmake --help-policy CMP0148" for policy details.  Use
[0.809s]   the cmake_policy command to set the policy and suppress this warning.
[0.809s] 
[0.809s] Call Stack (most recent call first):
[0.809s]   /opt/ros/foxy/share/rosidl_cmake/cmake/rosidl_generate_interfaces.cmake:130 (rosidl_adapt_interfaces)
[0.809s]   CMakeLists.txt:17 (rosidl_generate_interfaces)
[0.809s] This warning is for project developers.  Use -Wno-dev to suppress it.
[0.809s] [0m
[0.823s] -- Found PythonInterp: /usr/bin/python3 (found version "3.8.10")
[0.939s] -- Found ament_cmake_ros: 0.9.2 (/opt/ros/foxy/share/ament_cmake_ros/cmake)
[1.110s] -- Using all available rosidl_typesupport_c: rosidl_typesupport_fastrtps_c;rosidl_typesupport_introspection_c
[1.177s] -- Using all available rosidl_typesupport_cpp: rosidl_typesupport_fastrtps_cpp;rosidl_typesupport_introspection_cpp
[1.181s] [33mCMake Warning (dev) at /opt/ros/foxy/share/rosidl_generator_py/cmake/rosidl_generator_py_generate_interfaces.cmake:20 (find_package):
[1.181s]   Policy CMP0148 is not set: The FindPythonInterp and FindPythonLibs modules
[1.181s]   are removed.  Run "cmake --help-policy CMP0148" for policy details.  Use
[1.181s]   the cmake_policy command to set the policy and suppress this warning.
[1.181s] 
[1.181s] Call Stack (most recent call first):
[1.181s]   /opt/ros/foxy/share/ament_cmake_core/cmake/core/ament_execute_extensions.cmake:48 (include)
[1.181s]   /opt/ros/foxy/share/rosidl_cmake/cmake/rosidl_generate_interfaces.cmake:286 (ament_execute_extensions)
[1.181s]   CMakeLists.txt:17 (rosidl_generate_interfaces)
[1.181s] This warning is for project developers.  Use -Wno-dev to suppress it.
[1.181s] [0m
[1.196s] -- Found PythonInterp: /usr/bin/python3 (found suitable version "3.8.10", minimum required is "3.5")
[1.197s] -- Found python_cmake_module: 0.8.1 (/opt/ros/foxy/share/python_cmake_module/cmake)
[1.198s] [33mCMake Warning (dev) at /opt/ros/foxy/share/python_cmake_module/cmake/Modules/FindPythonExtra.cmake:45 (find_package):
[1.198s]   Policy CMP0148 is not set: The FindPythonInterp and FindPythonLibs modules
[1.198s]   are removed.  Run "cmake --help-policy CMP0148" for policy details.  Use
[1.198s]   the cmake_policy command to set the policy and suppress this warning.
[1.198s] 
[1.198s] Call Stack (most recent call first):
[1.198s]   /opt/ros/foxy/share/rosidl_generator_py/cmake/rosidl_generator_py_generate_interfaces.cmake:23 (find_package)
[1.198s]   /opt/ros/foxy/share/ament_cmake_core/cmake/core/ament_execute_extensions.cmake:48 (include)
[1.198s]   /opt/ros/foxy/share/rosidl_cmake/cmake/rosidl_generate_interfaces.cmake:286 (ament_execute_extensions)
[1.198s]   CMakeLists.txt:17 (rosidl_generate_interfaces)
[1.198s] This warning is for project developers.  Use -Wno-dev to suppress it.
[1.199s] [0m
[1.214s] [33mCMake Warning (dev) at /opt/ros/foxy/share/python_cmake_module/cmake/Modules/FindPythonExtra.cmake:133 (find_package):
[1.214s]   Policy CMP0148 is not set: The FindPythonInterp and FindPythonLibs modules
[1.214s]   are removed.  Run "cmake --help-policy CMP0148" for policy details.  Use
[1.214s]   the cmake_policy command to set the policy and suppress this warning.
[1.214s] 
[1.215s] Call Stack (most recent call first):
[1.215s]   /opt/ros/foxy/share/rosidl_generator_py/cmake/rosidl_generator_py_generate_interfaces.cmake:23 (find_package)
[1.215s]   /opt/ros/foxy/share/ament_cmake_core/cmake/core/ament_execute_extensions.cmake:48 (include)
[1.215s]   /opt/ros/foxy/share/rosidl_cmake/cmake/rosidl_generate_interfaces.cmake:286 (ament_execute_extensions)
[1.215s]   CMakeLists.txt:17 (rosidl_generate_interfaces)
[1.215s] This warning is for project developers.  Use -Wno-dev to suppress it.
[1.215s] [0m
[1.221s] -- Found PythonLibs: /usr/lib/x86_64-linux-gnu/libpython3.8.so (found suitable version "3.8.10", minimum required is "3.5")
[1.221s] -- Using PYTHON_EXECUTABLE: /usr/bin/python3
[1.221s] -- Using PYTHON_INCLUDE_DIRS: /usr/include/python3.8
[1.221s] -- Using PYTHON_LIBRARIES: /usr/lib/x86_64-linux-gnu/libpython3.8.so
[1.237s] -- Found PythonExtra: .so
[1.356s] -- Found ament_lint_auto: 0.9.8 (/opt/ros/foxy/share/ament_lint_auto/cmake)
[1.373s] -- Added test 'lint_cmake' to check CMake code style
[1.374s] -- Added test 'xmllint' to check XML markup files
[1.376s] -- Configuring done (1.3s)
[1.410s] -- Generating done (0.0s)
[1.412s] -- Build files have been written to: /home/dvij/ee206-project/ping-pong-robot/ros2_ws/build/interface
[1.420s] Invoked command in '/home/dvij/ee206-project/ping-pong-robot/ros2_ws/build/interface' returned '0': CMAKE_PREFIX_PATH=/home/dvij/ee206-project/ping-pong-robot/ros2_ws/install/camera_feed:/home/dvij/ee206-project/ping-pong-robot/ros2_ws/install/my_sync_package:/home/dvij/ee206-project/ping-pong-robot/ros2_ws/install/interface:/home/dvij/ee206-project/ping-pong-robot/ppr_ws/install/impedance_controller:/home/dvij/ee206-project/ping-pong-robot/ppr_ws/install/iiwa_moveit2:/home/dvij/ee206-project/ping-pong-robot/ppr_ws/install/iiwa_bringup:/home/dvij/ee206-project/ping-pong-robot/ppr_ws/install/iiwa_description:/home/dvij/ee206-project/ping-pong-robot/ppr_ws/install/external_torque_sensor_broadcaster:/home/dvij/ee206-project/ping-pong-robot/ppr_ws/install/scene_interpreter:/home/dvij/ee206-project/ping-pong-robot/ppr_ws/install/camera_feed:/opt/ros/foxy:/opt/ros/galactic:/opt/ros/noetic /usr/local/bin/cmake /home/dvij/ee206-project/ping-pong-robot/ros2_ws/src/interface -DCMAKE_INSTALL_PREFIX=/home/dvij/ee206-project/ping-pong-robot/ros2_ws/install/interface
[1.422s] Invoking command in '/home/dvij/ee206-project/ping-pong-robot/ros2_ws/build/interface': CMAKE_PREFIX_PATH=/home/dvij/ee206-project/ping-pong-robot/ros2_ws/install/camera_feed:/home/dvij/ee206-project/ping-pong-robot/ros2_ws/install/my_sync_package:/home/dvij/ee206-project/ping-pong-robot/ros2_ws/install/interface:/home/dvij/ee206-project/ping-pong-robot/ppr_ws/install/impedance_controller:/home/dvij/ee206-project/ping-pong-robot/ppr_ws/install/iiwa_moveit2:/home/dvij/ee206-project/ping-pong-robot/ppr_ws/install/iiwa_bringup:/home/dvij/ee206-project/ping-pong-robot/ppr_ws/install/iiwa_description:/home/dvij/ee206-project/ping-pong-robot/ppr_ws/install/external_torque_sensor_broadcaster:/home/dvij/ee206-project/ping-pong-robot/ppr_ws/install/scene_interpreter:/home/dvij/ee206-project/ping-pong-robot/ppr_ws/install/camera_feed:/opt/ros/foxy:/opt/ros/galactic:/opt/ros/noetic /usr/local/bin/cmake --build /home/dvij/ee206-project/ping-pong-robot/ros2_ws/build/interface -- -j20 -l20
[1.444s] [  3%] [34m[1mGenerating C code for ROS interfaces[0m
[1.450s] [  6%] [34m[1mGenerating C++ code for ROS interfaces[0m
[1.583s] [  6%] Built target interface__cpp
[1.590s] [ 12%] [34m[1mGenerating C++ type support for eProsima Fast-RTPS[0m
[1.590s] [ 12%] [34m[1mGenerating C++ type support dispatch for ROS interfaces[0m
[1.593s] [ 16%] [34m[1mGenerating C++ introspection for ROS interfaces[0m
[1.614s] [ 19%] [32mBuilding C object CMakeFiles/interface__rosidl_generator_c.dir/rosidl_generator_c/interface/msg/detail/scene__functions.c.o[0m
[1.668s] [ 22%] [32m[1mLinking C shared library libinterface__rosidl_generator_c.so[0m
[1.711s] [ 25%] [32mBuilding CXX object CMakeFiles/interface__rosidl_typesupport_cpp.dir/rosidl_typesupport_cpp/interface/msg/scene__type_support.cpp.o[0m
[1.716s] [ 25%] Built target interface__rosidl_generator_c
[1.721s] [ 29%] [32mBuilding CXX object CMakeFiles/interface__rosidl_typesupport_fastrtps_cpp.dir/rosidl_typesupport_fastrtps_cpp/interface/msg/detail/dds_fastrtps/scene__type_support.cpp.o[0m
[1.726s] [ 35%] [34m[1mGenerating C type support dispatch for ROS interfaces[0m
[1.726s] [ 35%] [34m[1mGenerating C introspection for ROS interfaces[0m
[1.821s] [ 38%] [32mBuilding CXX object CMakeFiles/interface__rosidl_typesupport_introspection_cpp.dir/rosidl_typesupport_introspection_cpp/interface/msg/detail/scene__type_support.cpp.o[0m
[1.866s] [ 41%] [32m[1mLinking CXX shared library libinterface__rosidl_typesupport_cpp.so[0m
[1.894s] [ 41%] Built target interface__rosidl_typesupport_cpp
[1.941s] [ 45%] [32mBuilding CXX object CMakeFiles/interface__rosidl_typesupport_c.dir/rosidl_typesupport_c/interface/msg/scene__type_support.cpp.o[0m
[1.958s] [ 48%] [32mBuilding C object CMakeFiles/interface__rosidl_typesupport_introspection_c.dir/rosidl_typesupport_introspection_c/interface/msg/detail/scene__type_support.c.o[0m
[1.974s] [ 51%] [32m[1mLinking CXX shared library libinterface__rosidl_typesupport_c.so[0m
[1.987s] [ 54%] [32m[1mLinking CXX shared library libinterface__rosidl_typesupport_fastrtps_cpp.so[0m
[1.998s] [ 58%] [32m[1mLinking C shared library libinterface__rosidl_typesupport_introspection_c.so[0m
[2.007s] [ 58%] Built target interface__rosidl_typesupport_c
[2.021s] [ 58%] Built target interface__rosidl_typesupport_introspection_c
[2.062s] [ 61%] [32m[1mLinking CXX shared library libinterface__rosidl_typesupport_introspection_cpp.so[0m
[2.082s] [ 61%] Built target interface__rosidl_typesupport_fastrtps_cpp
[2.088s] [ 64%] [34m[1mGenerating C type support for eProsima Fast-RTPS[0m
[2.109s] [ 64%] Built target interface__rosidl_typesupport_introspection_cpp
[2.215s] [ 67%] [32mBuilding CXX object CMakeFiles/interface__rosidl_typesupport_fastrtps_c.dir/rosidl_typesupport_fastrtps_c/interface/msg/detail/scene__type_support_c.cpp.o[0m
[2.393s] [ 70%] [32m[1mLinking CXX shared library libinterface__rosidl_typesupport_fastrtps_c.so[0m
[2.447s] [ 70%] Built target interface__rosidl_typesupport_fastrtps_c
[2.459s] [ 70%] Built target interface
[2.471s] [ 74%] [34m[1mGenerating Python code for ROS interfaces[0m
[2.721s] [ 74%] Built target interface__py
[2.732s] [ 77%] [32mBuilding C object CMakeFiles/interface__python.dir/rosidl_generator_py/interface/msg/_scene_s.c.o[0m
[2.801s] [ 80%] [32m[1mLinking C shared library rosidl_generator_py/interface/libinterface__python.so[0m
[2.829s] [ 80%] Built target interface__python
[2.840s] [ 87%] [32mBuilding C object CMakeFiles/interface__rosidl_typesupport_fastrtps_c__pyext.dir/rosidl_generator_py/interface/_interface_s.ep.rosidl_typesupport_fastrtps_c.c.o[0m
[2.840s] [ 87%] [32mBuilding C object CMakeFiles/interface__rosidl_typesupport_introspection_c__pyext.dir/rosidl_generator_py/interface/_interface_s.ep.rosidl_typesupport_introspection_c.c.o[0m
[2.846s] [ 90%] [32mBuilding C object CMakeFiles/interface__rosidl_typesupport_c__pyext.dir/rosidl_generator_py/interface/_interface_s.ep.rosidl_typesupport_c.c.o[0m
[2.887s] [ 96%] [32m[1mLinking C shared library rosidl_generator_py/interface/interface_s__rosidl_typesupport_introspection_c.cpython-38-x86_64-linux-gnu.so[0m
[2.887s] [ 96%] [32m[1mLinking CXX shared library rosidl_generator_py/interface/interface_s__rosidl_typesupport_fastrtps_c.cpython-38-x86_64-linux-gnu.so[0m
[2.911s] [ 96%] Built target interface__rosidl_typesupport_introspection_c__pyext
[2.922s] [100%] [32m[1mLinking C shared library rosidl_generator_py/interface/interface_s__rosidl_typesupport_c.cpython-38-x86_64-linux-gnu.so[0m
[2.929s] [100%] Built target interface__rosidl_typesupport_fastrtps_c__pyext
[2.946s] [100%] Built target interface__rosidl_typesupport_c__pyext
[2.951s] Invoked command in '/home/dvij/ee206-project/ping-pong-robot/ros2_ws/build/interface' returned '0': CMAKE_PREFIX_PATH=/home/dvij/ee206-project/ping-pong-robot/ros2_ws/install/camera_feed:/home/dvij/ee206-project/ping-pong-robot/ros2_ws/install/my_sync_package:/home/dvij/ee206-project/ping-pong-robot/ros2_ws/install/interface:/home/dvij/ee206-project/ping-pong-robot/ppr_ws/install/impedance_controller:/home/dvij/ee206-project/ping-pong-robot/ppr_ws/install/iiwa_moveit2:/home/dvij/ee206-project/ping-pong-robot/ppr_ws/install/iiwa_bringup:/home/dvij/ee206-project/ping-pong-robot/ppr_ws/install/iiwa_description:/home/dvij/ee206-project/ping-pong-robot/ppr_ws/install/external_torque_sensor_broadcaster:/home/dvij/ee206-project/ping-pong-robot/ppr_ws/install/scene_interpreter:/home/dvij/ee206-project/ping-pong-robot/ppr_ws/install/camera_feed:/opt/ros/foxy:/opt/ros/galactic:/opt/ros/noetic /usr/local/bin/cmake --build /home/dvij/ee206-project/ping-pong-robot/ros2_ws/build/interface -- -j20 -l20
[3.027s] Invoking command in '/home/dvij/ee206-project/ping-pong-robot/ros2_ws/build/interface': CMAKE_PREFIX_PATH=/home/dvij/ee206-project/ping-pong-robot/ros2_ws/install/camera_feed:/home/dvij/ee206-project/ping-pong-robot/ros2_ws/install/my_sync_package:/home/dvij/ee206-project/ping-pong-robot/ros2_ws/install/interface:/home/dvij/ee206-project/ping-pong-robot/ppr_ws/install/impedance_controller:/home/dvij/ee206-project/ping-pong-robot/ppr_ws/install/iiwa_moveit2:/home/dvij/ee206-project/ping-pong-robot/ppr_ws/install/iiwa_bringup:/home/dvij/ee206-project/ping-pong-robot/ppr_ws/install/iiwa_description:/home/dvij/ee206-project/ping-pong-robot/ppr_ws/install/external_torque_sensor_broadcaster:/home/dvij/ee206-project/ping-pong-robot/ppr_ws/install/scene_interpreter:/home/dvij/ee206-project/ping-pong-robot/ppr_ws/install/camera_feed:/opt/ros/foxy:/opt/ros/galactic:/opt/ros/noetic /usr/local/bin/cmake --install /home/dvij/ee206-project/ping-pong-robot/ros2_ws/build/interface
[3.030s] -- Install configuration: ""
[3.030s] -- Installing: /home/dvij/ee206-project/ping-pong-robot/ros2_ws/install/interface/share/ament_index/resource_index/rosidl_interfaces/interface
[3.031s] -- Installing: /home/dvij/ee206-project/ping-pong-robot/ros2_ws/install/interface/include/interface
[3.031s] -- Installing: /home/dvij/ee206-project/ping-pong-robot/ros2_ws/install/interface/include/interface/msg
[3.031s] -- Installing: /home/dvij/ee206-project/ping-pong-robot/ros2_ws/install/interface/include/interface/msg/rosidl_generator_c__visibility_control.h
[3.031s] -- Installing: /home/dvij/ee206-project/ping-pong-robot/ros2_ws/install/interface/include/interface/msg/detail
[3.031s] -- Installing: /home/dvij/ee206-project/ping-pong-robot/ros2_ws/install/interface/include/interface/msg/detail/scene__functions.c
[3.031s] -- Installing: /home/dvij/ee206-project/ping-pong-robot/ros2_ws/install/interface/include/interface/msg/detail/scene__type_support.h
[3.031s] -- Installing: /home/dvij/ee206-project/ping-pong-robot/ros2_ws/install/interface/include/interface/msg/detail/scene__struct.h
[3.031s] -- Installing: /home/dvij/ee206-project/ping-pong-robot/ros2_ws/install/interface/include/interface/msg/detail/scene__functions.h
[3.031s] -- Installing: /home/dvij/ee206-project/ping-pong-robot/ros2_ws/install/interface/include/interface/msg/scene.h
[3.031s] -- Installing: /home/dvij/ee206-project/ping-pong-robot/ros2_ws/install/interface/share/interface/environment/library_path.sh
[3.031s] -- Installing: /home/dvij/ee206-project/ping-pong-robot/ros2_ws/install/interface/share/interface/environment/library_path.dsv
[3.031s] -- Installing: /home/dvij/ee206-project/ping-pong-robot/ros2_ws/install/interface/lib/libinterface__rosidl_generator_c.so
[3.031s] -- Set non-toolchain portion of runtime path of "/home/dvij/ee206-project/ping-pong-robot/ros2_ws/install/interface/lib/libinterface__rosidl_generator_c.so" to ""
[3.031s] -- Up-to-date: /home/dvij/ee206-project/ping-pong-robot/ros2_ws/install/interface/include/interface
[3.031s] -- Up-to-date: /home/dvij/ee206-project/ping-pong-robot/ros2_ws/install/interface/include/interface/msg
[3.031s] -- Installing: /home/dvij/ee206-project/ping-pong-robot/ros2_ws/install/interface/include/interface/msg/rosidl_typesupport_fastrtps_c__visibility_control.h
[3.031s] -- Up-to-date: /home/dvij/ee206-project/ping-pong-robot/ros2_ws/install/interface/include/interface/msg/detail
[3.031s] -- Installing: /home/dvij/ee206-project/ping-pong-robot/ros2_ws/install/interface/include/interface/msg/detail/scene__rosidl_typesupport_fastrtps_c.h
[3.031s] -- Installing: /home/dvij/ee206-project/ping-pong-robot/ros2_ws/install/interface/lib/libinterface__rosidl_typesupport_fastrtps_c.so
[3.031s] -- Set non-toolchain portion of runtime path of "/home/dvij/ee206-project/ping-pong-robot/ros2_ws/install/interface/lib/libinterface__rosidl_typesupport_fastrtps_c.so" to ""
[3.031s] -- Up-to-date: /home/dvij/ee206-project/ping-pong-robot/ros2_ws/install/interface/include/interface
[3.031s] -- Up-to-date: /home/dvij/ee206-project/ping-pong-robot/ros2_ws/install/interface/include/interface/msg
[3.032s] -- Installing: /home/dvij/ee206-project/ping-pong-robot/ros2_ws/install/interface/include/interface/msg/rosidl_typesupport_fastrtps_cpp__visibility_control.h
[3.032s] -- Up-to-date: /home/dvij/ee206-project/ping-pong-robot/ros2_ws/install/interface/include/interface/msg/detail
[3.032s] -- Installing: /home/dvij/ee206-project/ping-pong-robot/ros2_ws/install/interface/include/interface/msg/detail/scene__rosidl_typesupport_fastrtps_cpp.hpp
[3.032s] -- Installing: /home/dvij/ee206-project/ping-pong-robot/ros2_ws/install/interface/include/interface/msg/detail/dds_fastrtps
[3.032s] -- Installing: /home/dvij/ee206-project/ping-pong-robot/ros2_ws/install/interface/lib/libinterface__rosidl_typesupport_fastrtps_cpp.so
[3.032s] -- Set non-toolchain portion of runtime path of "/home/dvij/ee206-project/ping-pong-robot/ros2_ws/install/interface/lib/libinterface__rosidl_typesupport_fastrtps_cpp.so" to ""
[3.032s] -- Up-to-date: /home/dvij/ee206-project/ping-pong-robot/ros2_ws/install/interface/include/interface
[3.032s] -- Up-to-date: /home/dvij/ee206-project/ping-pong-robot/ros2_ws/install/interface/include/interface/msg
[3.032s] -- Installing: /home/dvij/ee206-project/ping-pong-robot/ros2_ws/install/interface/include/interface/msg/rosidl_typesupport_introspection_c__visibility_control.h
[3.032s] -- Up-to-date: /home/dvij/ee206-project/ping-pong-robot/ros2_ws/install/interface/include/interface/msg/detail
[3.032s] -- Installing: /home/dvij/ee206-project/ping-pong-robot/ros2_ws/install/interface/include/interface/msg/detail/scene__type_support.c
[3.032s] -- Installing: /home/dvij/ee206-project/ping-pong-robot/ros2_ws/install/interface/include/interface/msg/detail/scene__rosidl_typesupport_introspection_c.h
[3.032s] -- Installing: /home/dvij/ee206-project/ping-pong-robot/ros2_ws/install/interface/lib/libinterface__rosidl_typesupport_introspection_c.so
[3.032s] -- Set non-toolchain portion of runtime path of "/home/dvij/ee206-project/ping-pong-robot/ros2_ws/install/interface/lib/libinterface__rosidl_typesupport_introspection_c.so" to ""
[3.032s] -- Installing: /home/dvij/ee206-project/ping-pong-robot/ros2_ws/install/interface/lib/libinterface__rosidl_typesupport_c.so
[3.032s] -- Set non-toolchain portion of runtime path of "/home/dvij/ee206-project/ping-pong-robot/ros2_ws/install/interface/lib/libinterface__rosidl_typesupport_c.so" to ""
[3.032s] -- Up-to-date: /home/dvij/ee206-project/ping-pong-robot/ros2_ws/install/interface/include/interface
[3.032s] -- Up-to-date: /home/dvij/ee206-project/ping-pong-robot/ros2_ws/install/interface/include/interface/msg
[3.032s] -- Installing: /home/dvij/ee206-project/ping-pong-robot/ros2_ws/install/interface/include/interface/msg/rosidl_generator_cpp__visibility_control.hpp
[3.032s] -- Installing: /home/dvij/ee206-project/ping-pong-robot/ros2_ws/install/interface/include/interface/msg/scene.hpp
[3.032s] -- Up-to-date: /home/dvij/ee206-project/ping-pong-robot/ros2_ws/install/interface/include/interface/msg/detail
[3.032s] -- Installing: /home/dvij/ee206-project/ping-pong-robot/ros2_ws/install/interface/include/interface/msg/detail/scene__builder.hpp
[3.032s] -- Installing: /home/dvij/ee206-project/ping-pong-robot/ros2_ws/install/interface/include/interface/msg/detail/scene__type_support.hpp
[3.032s] -- Installing: /home/dvij/ee206-project/ping-pong-robot/ros2_ws/install/interface/include/interface/msg/detail/scene__struct.hpp
[3.032s] -- Installing: /home/dvij/ee206-project/ping-pong-robot/ros2_ws/install/interface/include/interface/msg/detail/scene__traits.hpp
[3.032s] -- Up-to-date: /home/dvij/ee206-project/ping-pong-robot/ros2_ws/install/interface/include/interface
[3.033s] -- Up-to-date: /home/dvij/ee206-project/ping-pong-robot/ros2_ws/install/interface/include/interface/msg
[3.033s] -- Up-to-date: /home/dvij/ee206-project/ping-pong-robot/ros2_ws/install/interface/include/interface/msg/detail
[3.033s] -- Installing: /home/dvij/ee206-project/ping-pong-robot/ros2_ws/install/interface/include/interface/msg/detail/scene__type_support.cpp
[3.033s] -- Installing: /home/dvij/ee206-project/ping-pong-robot/ros2_ws/install/interface/include/interface/msg/detail/scene__rosidl_typesupport_introspection_cpp.hpp
[3.033s] -- Installing: /home/dvij/ee206-project/ping-pong-robot/ros2_ws/install/interface/lib/libinterface__rosidl_typesupport_introspection_cpp.so
[3.033s] -- Set non-toolchain portion of runtime path of "/home/dvij/ee206-project/ping-pong-robot/ros2_ws/install/interface/lib/libinterface__rosidl_typesupport_introspection_cpp.so" to ""
[3.033s] -- Installing: /home/dvij/ee206-project/ping-pong-robot/ros2_ws/install/interface/lib/libinterface__rosidl_typesupport_cpp.so
[3.033s] -- Set non-toolchain portion of runtime path of "/home/dvij/ee206-project/ping-pong-robot/ros2_ws/install/interface/lib/libinterface__rosidl_typesupport_cpp.so" to ""
[3.033s] -- Installing: /home/dvij/ee206-project/ping-pong-robot/ros2_ws/install/interface/share/interface/environment/pythonpath.sh
[3.033s] -- Installing: /home/dvij/ee206-project/ping-pong-robot/ros2_ws/install/interface/share/interface/environment/pythonpath.dsv
[3.033s] -- Installing: /home/dvij/ee206-project/ping-pong-robot/ros2_ws/install/interface/lib/python3.8/site-packages/interface/__init__.py
[3.055s] Compiling '/home/dvij/ee206-project/ping-pong-robot/ros2_ws/install/interface/lib/python3.8/site-packages/interface/__init__.py'...
[3.058s] -- Installing: /home/dvij/ee206-project/ping-pong-robot/ros2_ws/install/interface/lib/python3.8/site-packages/interface/msg
[3.058s] -- Installing: /home/dvij/ee206-project/ping-pong-robot/ros2_ws/install/interface/lib/python3.8/site-packages/interface/msg/_scene.py
[3.058s] -- Installing: /home/dvij/ee206-project/ping-pong-robot/ros2_ws/install/interface/lib/python3.8/site-packages/interface/msg/_scene_s.c
[3.058s] -- Installing: /home/dvij/ee206-project/ping-pong-robot/ros2_ws/install/interface/lib/python3.8/site-packages/interface/msg/__init__.py
[3.058s] -- Installing: /home/dvij/ee206-project/ping-pong-robot/ros2_ws/install/interface/lib/python3.8/site-packages/interface/interface_s__rosidl_typesupport_fastrtps_c.cpython-38-x86_64-linux-gnu.so
[3.058s] -- Set non-toolchain portion of runtime path of "/home/dvij/ee206-project/ping-pong-robot/ros2_ws/install/interface/lib/python3.8/site-packages/interface/interface_s__rosidl_typesupport_fastrtps_c.cpython-38-x86_64-linux-gnu.so" to ""
[3.058s] -- Installing: /home/dvij/ee206-project/ping-pong-robot/ros2_ws/install/interface/lib/python3.8/site-packages/interface/interface_s__rosidl_typesupport_introspection_c.cpython-38-x86_64-linux-gnu.so
[3.059s] -- Set non-toolchain portion of runtime path of "/home/dvij/ee206-project/ping-pong-robot/ros2_ws/install/interface/lib/python3.8/site-packages/interface/interface_s__rosidl_typesupport_introspection_c.cpython-38-x86_64-linux-gnu.so" to ""
[3.059s] -- Installing: /home/dvij/ee206-project/ping-pong-robot/ros2_ws/install/interface/lib/python3.8/site-packages/interface/interface_s__rosidl_typesupport_c.cpython-38-x86_64-linux-gnu.so
[3.059s] -- Set non-toolchain portion of runtime path of "/home/dvij/ee206-project/ping-pong-robot/ros2_ws/install/interface/lib/python3.8/site-packages/interface/interface_s__rosidl_typesupport_c.cpython-38-x86_64-linux-gnu.so" to ""
[3.059s] -- Installing: /home/dvij/ee206-project/ping-pong-robot/ros2_ws/install/interface/lib/libinterface__python.so
[3.059s] -- Set non-toolchain portion of runtime path of "/home/dvij/ee206-project/ping-pong-robot/ros2_ws/install/interface/lib/libinterface__python.so" to ""
[3.060s] -- Installing: /home/dvij/ee206-project/ping-pong-robot/ros2_ws/install/interface/share/interface/msg/Scene.idl
[3.060s] -- Installing: /home/dvij/ee206-project/ping-pong-robot/ros2_ws/install/interface/share/interface/msg/Scene.msg
[3.060s] -- Installing: /home/dvij/ee206-project/ping-pong-robot/ros2_ws/install/interface/share/ament_index/resource_index/package_run_dependencies/interface
[3.060s] -- Installing: /home/dvij/ee206-project/ping-pong-robot/ros2_ws/install/interface/share/ament_index/resource_index/parent_prefix_path/interface
[3.060s] -- Installing: /home/dvij/ee206-project/ping-pong-robot/ros2_ws/install/interface/share/interface/environment/ament_prefix_path.sh
[3.060s] -- Installing: /home/dvij/ee206-project/ping-pong-robot/ros2_ws/install/interface/share/interface/environment/ament_prefix_path.dsv
[3.060s] -- Installing: /home/dvij/ee206-project/ping-pong-robot/ros2_ws/install/interface/share/interface/environment/path.sh
[3.060s] -- Installing: /home/dvij/ee206-project/ping-pong-robot/ros2_ws/install/interface/share/interface/environment/path.dsv
[3.060s] -- Installing: /home/dvij/ee206-project/ping-pong-robot/ros2_ws/install/interface/share/interface/local_setup.bash
[3.061s] -- Installing: /home/dvij/ee206-project/ping-pong-robot/ros2_ws/install/interface/share/interface/local_setup.sh
[3.061s] -- Installing: /home/dvij/ee206-project/ping-pong-robot/ros2_ws/install/interface/share/interface/local_setup.zsh
[3.061s] -- Installing: /home/dvij/ee206-project/ping-pong-robot/ros2_ws/install/interface/share/interface/local_setup.dsv
[3.061s] -- Installing: /home/dvij/ee206-project/ping-pong-robot/ros2_ws/install/interface/share/interface/package.dsv
[3.061s] -- Installing: /home/dvij/ee206-project/ping-pong-robot/ros2_ws/install/interface/share/ament_index/resource_index/packages/interface
[3.061s] -- Installing: /home/dvij/ee206-project/ping-pong-robot/ros2_ws/install/interface/share/interface/cmake/interface__rosidl_generator_cExport.cmake
[3.061s] -- Installing: /home/dvij/ee206-project/ping-pong-robot/ros2_ws/install/interface/share/interface/cmake/interface__rosidl_generator_cExport-noconfig.cmake
[3.061s] -- Installing: /home/dvij/ee206-project/ping-pong-robot/ros2_ws/install/interface/share/interface/cmake/interface__rosidl_typesupport_introspection_cExport.cmake
[3.062s] -- Installing: /home/dvij/ee206-project/ping-pong-robot/ros2_ws/install/interface/share/interface/cmake/interface__rosidl_typesupport_introspection_cExport-noconfig.cmake
[3.062s] -- Installing: /home/dvij/ee206-project/ping-pong-robot/ros2_ws/install/interface/share/interface/cmake/interface__rosidl_typesupport_cExport.cmake
[3.062s] -- Installing: /home/dvij/ee206-project/ping-pong-robot/ros2_ws/install/interface/share/interface/cmake/interface__rosidl_typesupport_cExport-noconfig.cmake
[3.062s] -- Installing: /home/dvij/ee206-project/ping-pong-robot/ros2_ws/install/interface/share/interface/cmake/interface__rosidl_generator_cppExport.cmake
[3.062s] -- Installing: /home/dvij/ee206-project/ping-pong-robot/ros2_ws/install/interface/share/interface/cmake/interface__rosidl_typesupport_introspection_cppExport.cmake
[3.062s] -- Installing: /home/dvij/ee206-project/ping-pong-robot/ros2_ws/install/interface/share/interface/cmake/interface__rosidl_typesupport_introspection_cppExport-noconfig.cmake
[3.062s] -- Installing: /home/dvij/ee206-project/ping-pong-robot/ros2_ws/install/interface/share/interface/cmake/interface__rosidl_typesupport_cppExport.cmake
[3.062s] -- Installing: /home/dvij/ee206-project/ping-pong-robot/ros2_ws/install/interface/share/interface/cmake/interface__rosidl_typesupport_cppExport-noconfig.cmake
[3.062s] -- Installing: /home/dvij/ee206-project/ping-pong-robot/ros2_ws/install/interface/share/interface/cmake/rosidl_cmake-extras.cmake
[3.063s] -- Installing: /home/dvij/ee206-project/ping-pong-robot/ros2_ws/install/interface/share/interface/cmake/ament_cmake_export_dependencies-extras.cmake
[3.063s] -- Installing: /home/dvij/ee206-project/ping-pong-robot/ros2_ws/install/interface/share/interface/cmake/ament_cmake_export_libraries-extras.cmake
[3.063s] -- Installing: /home/dvij/ee206-project/ping-pong-robot/ros2_ws/install/interface/share/interface/cmake/ament_cmake_export_targets-extras.cmake
[3.063s] -- Installing: /home/dvij/ee206-project/ping-pong-robot/ros2_ws/install/interface/share/interface/cmake/ament_cmake_export_include_directories-extras.cmake
[3.063s] -- Installing: /home/dvij/ee206-project/ping-pong-robot/ros2_ws/install/interface/share/interface/cmake/rosidl_cmake_export_typesupport_libraries-extras.cmake
[3.063s] -- Installing: /home/dvij/ee206-project/ping-pong-robot/ros2_ws/install/interface/share/interface/cmake/rosidl_cmake_export_typesupport_targets-extras.cmake
[3.063s] -- Installing: /home/dvij/ee206-project/ping-pong-robot/ros2_ws/install/interface/share/interface/cmake/interfaceConfig.cmake
[3.063s] -- Installing: /home/dvij/ee206-project/ping-pong-robot/ros2_ws/install/interface/share/interface/cmake/interfaceConfig-version.cmake
[3.063s] -- Installing: /home/dvij/ee206-project/ping-pong-robot/ros2_ws/install/interface/share/interface/package.xml
[3.066s] Invoked command in '/home/dvij/ee206-project/ping-pong-robot/ros2_ws/build/interface' returned '0': CMAKE_PREFIX_PATH=/home/dvij/ee206-project/ping-pong-robot/ros2_ws/install/camera_feed:/home/dvij/ee206-project/ping-pong-robot/ros2_ws/install/my_sync_package:/home/dvij/ee206-project/ping-pong-robot/ros2_ws/install/interface:/home/dvij/ee206-project/ping-pong-robot/ppr_ws/install/impedance_controller:/home/dvij/ee206-project/ping-pong-robot/ppr_ws/install/iiwa_moveit2:/home/dvij/ee206-project/ping-pong-robot/ppr_ws/install/iiwa_bringup:/home/dvij/ee206-project/ping-pong-robot/ppr_ws/install/iiwa_description:/home/dvij/ee206-project/ping-pong-robot/ppr_ws/install/external_torque_sensor_broadcaster:/home/dvij/ee206-project/ping-pong-robot/ppr_ws/install/scene_interpreter:/home/dvij/ee206-project/ping-pong-robot/ppr_ws/install/camera_feed:/opt/ros/foxy:/opt/ros/galactic:/opt/ros/noetic /usr/local/bin/cmake --install /home/dvij/ee206-project/ping-pong-robot/ros2_ws/build/interface
