[0.470s] Invoking command in '/home/dvij/ee206-project/ping-pong-robot/vision_tracking/ros2_ws/src/scene_interpreter': CONDA_PROMPT_MODIFIER=(base) PYTHONPATH=/home/dvij/ee206-project/ping-pong-robot/vision_tracking/ros2_ws/src/build/scene_interpreter/prefix_override:/usr/lib/python3/dist-packages/colcon_core/task/python/colcon_distutils_commands:/home/dvij/ee206-project/ping-pong-robot/vision_tracking/ros2_ws/src/install/scene_interpreter/lib/python3.8/site-packages:${PYTHONPATH} /usr/bin/python3 -W ignore:setup.py install is deprecated setup.py egg_info --egg-base ../build/scene_interpreter build --build-base /home/dvij/ee206-project/ping-pong-robot/vision_tracking/ros2_ws/src/build/scene_interpreter/build install --record /home/dvij/ee206-project/ping-pong-robot/vision_tracking/ros2_ws/src/build/scene_interpreter/install.log --single-version-externally-managed install_data
[0.610s] running egg_info
[0.610s] creating ../build/scene_interpreter/scene_interpreter.egg-info
[0.610s] writing ../build/scene_interpreter/scene_interpreter.egg-info/PKG-INFO
[0.610s] writing dependency_links to ../build/scene_interpreter/scene_interpreter.egg-info/dependency_links.txt
[0.610s] writing entry points to ../build/scene_interpreter/scene_interpreter.egg-info/entry_points.txt
[0.610s] writing requirements to ../build/scene_interpreter/scene_interpreter.egg-info/requires.txt
[0.610s] writing top-level names to ../build/scene_interpreter/scene_interpreter.egg-info/top_level.txt
[0.611s] writing manifest file '../build/scene_interpreter/scene_interpreter.egg-info/SOURCES.txt'
[0.612s] reading manifest file '../build/scene_interpreter/scene_interpreter.egg-info/SOURCES.txt'
[0.612s] writing manifest file '../build/scene_interpreter/scene_interpreter.egg-info/SOURCES.txt'
[0.612s] running build
[0.612s] running build_py
[0.612s] creating /home/dvij/ee206-project/ping-pong-robot/vision_tracking/ros2_ws/src/build/scene_interpreter/build
[0.612s] creating /home/dvij/ee206-project/ping-pong-robot/vision_tracking/ros2_ws/src/build/scene_interpreter/build/lib
[0.612s] creating /home/dvij/ee206-project/ping-pong-robot/vision_tracking/ros2_ws/src/build/scene_interpreter/build/lib/scene_interpreter
[0.612s] copying scene_interpreter/ball_state_estimator_yolo.py -> /home/dvij/ee206-project/ping-pong-robot/vision_tracking/ros2_ws/src/build/scene_interpreter/build/lib/scene_interpreter
[0.612s] copying scene_interpreter/ball_detection_utils.py -> /home/dvij/ee206-project/ping-pong-robot/vision_tracking/ros2_ws/src/build/scene_interpreter/build/lib/scene_interpreter
[0.612s] copying scene_interpreter/NaiveBallDetector.py -> /home/dvij/ee206-project/ping-pong-robot/vision_tracking/ros2_ws/src/build/scene_interpreter/build/lib/scene_interpreter
[0.612s] copying scene_interpreter/__init__.py -> /home/dvij/ee206-project/ping-pong-robot/vision_tracking/ros2_ws/src/build/scene_interpreter/build/lib/scene_interpreter
[0.612s] copying scene_interpreter/BallDetector.py -> /home/dvij/ee206-project/ping-pong-robot/vision_tracking/ros2_ws/src/build/scene_interpreter/build/lib/scene_interpreter
[0.612s] copying scene_interpreter/ball_state_estimator.py -> /home/dvij/ee206-project/ping-pong-robot/vision_tracking/ros2_ws/src/build/scene_interpreter/build/lib/scene_interpreter
[0.612s] copying scene_interpreter/triangulation_utils.py -> /home/dvij/ee206-project/ping-pong-robot/vision_tracking/ros2_ws/src/build/scene_interpreter/build/lib/scene_interpreter
[0.612s] copying scene_interpreter/scene_interpreter.py -> /home/dvij/ee206-project/ping-pong-robot/vision_tracking/ros2_ws/src/build/scene_interpreter/build/lib/scene_interpreter
[0.612s] running install
[0.613s] running install_lib
[0.613s] creating /home/dvij/ee206-project/ping-pong-robot/vision_tracking/ros2_ws/src/install/scene_interpreter/lib/python3.8/site-packages/scene_interpreter
[0.613s] copying /home/dvij/ee206-project/ping-pong-robot/vision_tracking/ros2_ws/src/build/scene_interpreter/build/lib/scene_interpreter/ball_state_estimator_yolo.py -> /home/dvij/ee206-project/ping-pong-robot/vision_tracking/ros2_ws/src/install/scene_interpreter/lib/python3.8/site-packages/scene_interpreter
[0.613s] copying /home/dvij/ee206-project/ping-pong-robot/vision_tracking/ros2_ws/src/build/scene_interpreter/build/lib/scene_interpreter/ball_detection_utils.py -> /home/dvij/ee206-project/ping-pong-robot/vision_tracking/ros2_ws/src/install/scene_interpreter/lib/python3.8/site-packages/scene_interpreter
[0.613s] copying /home/dvij/ee206-project/ping-pong-robot/vision_tracking/ros2_ws/src/build/scene_interpreter/build/lib/scene_interpreter/NaiveBallDetector.py -> /home/dvij/ee206-project/ping-pong-robot/vision_tracking/ros2_ws/src/install/scene_interpreter/lib/python3.8/site-packages/scene_interpreter
[0.613s] copying /home/dvij/ee206-project/ping-pong-robot/vision_tracking/ros2_ws/src/build/scene_interpreter/build/lib/scene_interpreter/__init__.py -> /home/dvij/ee206-project/ping-pong-robot/vision_tracking/ros2_ws/src/install/scene_interpreter/lib/python3.8/site-packages/scene_interpreter
[0.613s] copying /home/dvij/ee206-project/ping-pong-robot/vision_tracking/ros2_ws/src/build/scene_interpreter/build/lib/scene_interpreter/BallDetector.py -> /home/dvij/ee206-project/ping-pong-robot/vision_tracking/ros2_ws/src/install/scene_interpreter/lib/python3.8/site-packages/scene_interpreter
[0.613s] copying /home/dvij/ee206-project/ping-pong-robot/vision_tracking/ros2_ws/src/build/scene_interpreter/build/lib/scene_interpreter/ball_state_estimator.py -> /home/dvij/ee206-project/ping-pong-robot/vision_tracking/ros2_ws/src/install/scene_interpreter/lib/python3.8/site-packages/scene_interpreter
[0.613s] copying /home/dvij/ee206-project/ping-pong-robot/vision_tracking/ros2_ws/src/build/scene_interpreter/build/lib/scene_interpreter/triangulation_utils.py -> /home/dvij/ee206-project/ping-pong-robot/vision_tracking/ros2_ws/src/install/scene_interpreter/lib/python3.8/site-packages/scene_interpreter
[0.613s] copying /home/dvij/ee206-project/ping-pong-robot/vision_tracking/ros2_ws/src/build/scene_interpreter/build/lib/scene_interpreter/scene_interpreter.py -> /home/dvij/ee206-project/ping-pong-robot/vision_tracking/ros2_ws/src/install/scene_interpreter/lib/python3.8/site-packages/scene_interpreter
[0.614s] byte-compiling /home/dvij/ee206-project/ping-pong-robot/vision_tracking/ros2_ws/src/install/scene_interpreter/lib/python3.8/site-packages/scene_interpreter/ball_state_estimator_yolo.py to ball_state_estimator_yolo.cpython-38.pyc
[0.614s] byte-compiling /home/dvij/ee206-project/ping-pong-robot/vision_tracking/ros2_ws/src/install/scene_interpreter/lib/python3.8/site-packages/scene_interpreter/ball_detection_utils.py to ball_detection_utils.cpython-38.pyc
[0.614s] byte-compiling /home/dvij/ee206-project/ping-pong-robot/vision_tracking/ros2_ws/src/install/scene_interpreter/lib/python3.8/site-packages/scene_interpreter/NaiveBallDetector.py to NaiveBallDetector.cpython-38.pyc
[0.614s] byte-compiling /home/dvij/ee206-project/ping-pong-robot/vision_tracking/ros2_ws/src/install/scene_interpreter/lib/python3.8/site-packages/scene_interpreter/__init__.py to __init__.cpython-38.pyc
[0.614s] byte-compiling /home/dvij/ee206-project/ping-pong-robot/vision_tracking/ros2_ws/src/install/scene_interpreter/lib/python3.8/site-packages/scene_interpreter/BallDetector.py to BallDetector.cpython-38.pyc
[0.614s] byte-compiling /home/dvij/ee206-project/ping-pong-robot/vision_tracking/ros2_ws/src/install/scene_interpreter/lib/python3.8/site-packages/scene_interpreter/ball_state_estimator.py to ball_state_estimator.cpython-38.pyc
[0.615s] byte-compiling /home/dvij/ee206-project/ping-pong-robot/vision_tracking/ros2_ws/src/install/scene_interpreter/lib/python3.8/site-packages/scene_interpreter/triangulation_utils.py to triangulation_utils.cpython-38.pyc
[0.615s] byte-compiling /home/dvij/ee206-project/ping-pong-robot/vision_tracking/ros2_ws/src/install/scene_interpreter/lib/python3.8/site-packages/scene_interpreter/scene_interpreter.py to scene_interpreter.cpython-38.pyc
[0.615s] running install_data
[0.615s] creating /home/dvij/ee206-project/ping-pong-robot/vision_tracking/ros2_ws/src/install/scene_interpreter/share/ament_index
[0.615s] creating /home/dvij/ee206-project/ping-pong-robot/vision_tracking/ros2_ws/src/install/scene_interpreter/share/ament_index/resource_index
[0.615s] creating /home/dvij/ee206-project/ping-pong-robot/vision_tracking/ros2_ws/src/install/scene_interpreter/share/ament_index/resource_index/packages
[0.615s] copying resource/scene_interpreter -> /home/dvij/ee206-project/ping-pong-robot/vision_tracking/ros2_ws/src/install/scene_interpreter/share/ament_index/resource_index/packages
[0.616s] copying package.xml -> /home/dvij/ee206-project/ping-pong-robot/vision_tracking/ros2_ws/src/install/scene_interpreter/share/scene_interpreter
[0.616s] running install_egg_info
[0.616s] Copying ../build/scene_interpreter/scene_interpreter.egg-info to /home/dvij/ee206-project/ping-pong-robot/vision_tracking/ros2_ws/src/install/scene_interpreter/lib/python3.8/site-packages/scene_interpreter-0.0.0-py3.8.egg-info
[0.617s] running install_scripts
[0.626s] Installing scene_interpreter script to /home/dvij/ee206-project/ping-pong-robot/vision_tracking/ros2_ws/src/install/scene_interpreter/lib/scene_interpreter
[0.626s] writing list of installed files to '/home/dvij/ee206-project/ping-pong-robot/vision_tracking/ros2_ws/src/build/scene_interpreter/install.log'
[0.637s] Invoked command in '/home/dvij/ee206-project/ping-pong-robot/vision_tracking/ros2_ws/src/scene_interpreter' returned '0': CONDA_PROMPT_MODIFIER=(base) PYTHONPATH=/home/dvij/ee206-project/ping-pong-robot/vision_tracking/ros2_ws/src/build/scene_interpreter/prefix_override:/usr/lib/python3/dist-packages/colcon_core/task/python/colcon_distutils_commands:/home/dvij/ee206-project/ping-pong-robot/vision_tracking/ros2_ws/src/install/scene_interpreter/lib/python3.8/site-packages:${PYTHONPATH} /usr/bin/python3 -W ignore:setup.py install is deprecated setup.py egg_info --egg-base ../build/scene_interpreter build --build-base /home/dvij/ee206-project/ping-pong-robot/vision_tracking/ros2_ws/src/build/scene_interpreter/build install --record /home/dvij/ee206-project/ping-pong-robot/vision_tracking/ros2_ws/src/build/scene_interpreter/install.log --single-version-externally-managed install_data
