[33mCMake Warning (dev) at /opt/ros/galactic/share/ament_cmake_core/cmake/core/python.cmake:22 (find_package):
  Policy CMP0148 is not set: The FindPythonInterp and FindPythonLibs modules
  are removed.  Run "cmake --help-policy CMP0148" for policy details.  Use
  the cmake_policy command to set the policy and suppress this warning.

Call Stack (most recent call first):
  /opt/ros/galactic/share/ament_cmake_core/cmake/core/all.cmake:53 (include)
  /opt/ros/galactic/share/ament_cmake_core/cmake/ament_cmake_core-extras.cmake:17 (include)
  /opt/ros/galactic/share/ament_cmake_core/cmake/ament_cmake_coreConfig.cmake:41 (include)
  /opt/ros/galactic/share/ament_cmake/cmake/ament_cmake_export_dependencies-extras.cmake:15 (find_package)
  /opt/ros/galactic/share/ament_cmake/cmake/ament_cmakeConfig.cmake:41 (include)
  CMakeLists.txt:19 (find_package)
This warning is for project developers.  Use -Wno-dev to suppress it.
[0m
[33mCMake Warning (dev) at /opt/ros/galactic/share/rosidl_adapter/cmake/rosidl_adapt_interfaces.cmake:40 (find_package):
  Policy CMP0148 is not set: The FindPythonInterp and FindPythonLibs modules
  are removed.  Run "cmake --help-policy CMP0148" for policy details.  Use
  the cmake_policy command to set the policy and suppress this warning.

Call Stack (most recent call first):
  /opt/ros/galactic/share/rosidl_cmake/cmake/rosidl_generate_interfaces.cmake:130 (rosidl_adapt_interfaces)
  CMakeLists.txt:28 (rosidl_generate_interfaces)
This warning is for project developers.  Use -Wno-dev to suppress it.
[0m
[31mCMake Error at /opt/ros/galactic/share/rosidl_adapter/cmake/rosidl_adapt_interfaces.cmake:60 (message):
  execute_process(/home/dvij/anaconda3/bin/python3 -m rosidl_adapter
  --package-name ros2_aruco_interfaces --arguments-file
  /home/dvij/ee206-project/ping-pong-robot/ppr_ws/build/ros2_aruco_interfaces/rosidl_adapter__arguments__ros2_aruco_interfaces.json
  --output-dir
  /home/dvij/ee206-project/ping-pong-robot/ppr_ws/build/ros2_aruco_interfaces/rosidl_adapter/ros2_aruco_interfaces
  --output-file
  /home/dvij/ee206-project/ping-pong-robot/ppr_ws/build/ros2_aruco_interfaces/rosidl_adapter/ros2_aruco_interfaces.idls)
  returned error code 1:

  AttributeError processing template 'msg.idl.em'

  Traceback (most recent call last):

    File "/opt/ros/galactic/lib/python3.8/site-packages/rosidl_adapter/resource/__init__.py", line 51, in evaluate_template
      em.BUFFERED_OPT: True,

  AttributeError: module 'em' has no attribute 'BUFFERED_OPT'



  During handling of the above exception, another exception occurred:



  Traceback (most recent call last):

    File "/home/dvij/anaconda3/lib/python3.9/runpy.py", line 197, in _run_module_as_main
      return _run_code(code, main_globals, None,
    File "/home/dvij/anaconda3/lib/python3.9/runpy.py", line 87, in _run_code
      exec(code, run_globals)
    File "/opt/ros/galactic/lib/python3.8/site-packages/rosidl_adapter/__main__.py", line 19, in <module>
      sys.exit(main())
    File "/opt/ros/galactic/lib/python3.8/site-packages/rosidl_adapter/main.py", line 53, in main
      abs_idl_file = convert_to_idl(
    File "/opt/ros/galactic/lib/python3.8/site-packages/rosidl_adapter/__init__.py", line 19, in convert_to_idl
      return convert_msg_to_idl(
    File "/opt/ros/galactic/lib/python3.8/site-packages/rosidl_adapter/msg/__init__.py", line 39, in convert_msg_to_idl
      expand_template('msg.idl.em', data, output_file, encoding='iso-8859-1')
    File "/opt/ros/galactic/lib/python3.8/site-packages/rosidl_adapter/resource/__init__.py", line 23, in expand_template
      content = evaluate_template(template_name, data)
    File "/opt/ros/galactic/lib/python3.8/site-packages/rosidl_adapter/resource/__init__.py", line 69, in evaluate_template
      _interpreter.shutdown()

  AttributeError: 'NoneType' object has no attribute 'shutdown'

Call Stack (most recent call first):
  /opt/ros/galactic/share/rosidl_cmake/cmake/rosidl_generate_interfaces.cmake:130 (rosidl_adapt_interfaces)
  CMakeLists.txt:28 (rosidl_generate_interfaces)

[0m
