[0.141s] DEBUG:colcon:Command line arguments: ['/usr/bin/colcon', 'build']
[0.141s] DEBUG:colcon:Parsed command line arguments: Namespace(allow_overriding=[], ament_cmake_args=None, base_paths=['.'], build_base='build', catkin_cmake_args=None, catkin_skip_building_tests=False, cmake_args=None, cmake_clean_cache=False, cmake_clean_first=False, cmake_force_configure=False, cmake_target=None, cmake_target_skip_unavailable=False, continue_on_error=False, event_handlers=None, executor='parallel', ignore_user_meta=False, install_base='install', log_base=None, log_level=None, main=<bound method BuildVerb.main of <colcon_core.verb.build.BuildVerb object at 0x7ff56f4951c0>>, merge_install=False, metas=['./colcon.meta'], mixin=None, mixin_files=None, mixin_verb=('build',), packages_above=None, packages_above_and_dependencies=None, packages_above_depth=None, packages_end=None, packages_ignore=None, packages_ignore_regex=None, packages_select=None, packages_select_build_failed=False, packages_select_by_dep=None, packages_select_regex=None, packages_select_test_failures=False, packages_skip=None, packages_skip_build_finished=False, packages_skip_by_dep=None, packages_skip_regex=None, packages_skip_test_passed=False, packages_skip_up_to=None, packages_start=None, packages_up_to=None, packages_up_to_regex=None, parallel_workers=20, paths=None, symlink_install=False, test_result_base=None, verb_extension=<colcon_core.verb.build.BuildVerb object at 0x7ff56f4951c0>, verb_name='build', verb_parser=<colcon_mixin.mixin.mixin_argument.MixinArgumentDecorator object at 0x7ff56f4958e0>)
[0.269s] Level 1:colcon.colcon_core.package_discovery:discover_packages(colcon_meta) check parameters
[0.269s] Level 1:colcon.colcon_core.package_discovery:discover_packages(recursive) check parameters
[0.269s] Level 1:colcon.colcon_core.package_discovery:discover_packages(ignore) check parameters
[0.269s] Level 1:colcon.colcon_core.package_discovery:discover_packages(path) check parameters
[0.269s] Level 1:colcon.colcon_core.package_discovery:discover_packages(colcon_meta) discover
[0.269s] Level 1:colcon.colcon_core.package_discovery:discover_packages(recursive) discover
[0.269s] INFO:colcon.colcon_core.package_discovery:Crawling recursively for packages in '/home/dvij/ee206-project/ping-pong-robot/vision_tracking'
[0.270s] Level 1:colcon.colcon_core.package_identification:_identify(.) by extensions ['ignore', 'ignore_ament_install']
[0.270s] Level 1:colcon.colcon_core.package_identification:_identify(.) by extension 'ignore'
[0.270s] Level 1:colcon.colcon_core.package_identification:_identify(.) by extension 'ignore_ament_install'
[0.270s] Level 1:colcon.colcon_core.package_identification:_identify(.) by extensions ['colcon_pkg']
[0.270s] Level 1:colcon.colcon_core.package_identification:_identify(.) by extension 'colcon_pkg'
[0.270s] Level 1:colcon.colcon_core.package_identification:_identify(.) by extensions ['colcon_meta']
[0.270s] Level 1:colcon.colcon_core.package_identification:_identify(.) by extension 'colcon_meta'
[0.270s] Level 1:colcon.colcon_core.package_identification:_identify(.) by extensions ['ros']
[0.270s] Level 1:colcon.colcon_core.package_identification:_identify(.) by extension 'ros'
[0.275s] Level 1:colcon.colcon_core.package_identification:_identify(.) by extensions ['cmake', 'python']
[0.275s] Level 1:colcon.colcon_core.package_identification:_identify(.) by extension 'cmake'
[0.275s] Level 1:colcon.colcon_core.package_identification:_identify(.) by extension 'python'
[0.275s] Level 1:colcon.colcon_core.package_identification:_identify(.) by extensions ['python_setup_py']
[0.275s] Level 1:colcon.colcon_core.package_identification:_identify(.) by extension 'python_setup_py'
[0.276s] Level 1:colcon.colcon_core.package_identification:_identify(__MACOSX) by extensions ['ignore', 'ignore_ament_install']
[0.276s] Level 1:colcon.colcon_core.package_identification:_identify(__MACOSX) by extension 'ignore'
[0.276s] Level 1:colcon.colcon_core.package_identification:_identify(__MACOSX) by extension 'ignore_ament_install'
[0.276s] Level 1:colcon.colcon_core.package_identification:_identify(__MACOSX) by extensions ['colcon_pkg']
[0.276s] Level 1:colcon.colcon_core.package_identification:_identify(__MACOSX) by extension 'colcon_pkg'
[0.276s] Level 1:colcon.colcon_core.package_identification:_identify(__MACOSX) by extensions ['colcon_meta']
[0.276s] Level 1:colcon.colcon_core.package_identification:_identify(__MACOSX) by extension 'colcon_meta'
[0.276s] Level 1:colcon.colcon_core.package_identification:_identify(__MACOSX) by extensions ['ros']
[0.276s] Level 1:colcon.colcon_core.package_identification:_identify(__MACOSX) by extension 'ros'
[0.276s] Level 1:colcon.colcon_core.package_identification:_identify(__MACOSX) by extensions ['cmake', 'python']
[0.276s] Level 1:colcon.colcon_core.package_identification:_identify(__MACOSX) by extension 'cmake'
[0.276s] Level 1:colcon.colcon_core.package_identification:_identify(__MACOSX) by extension 'python'
[0.276s] Level 1:colcon.colcon_core.package_identification:_identify(__MACOSX) by extensions ['python_setup_py']
[0.276s] Level 1:colcon.colcon_core.package_identification:_identify(__MACOSX) by extension 'python_setup_py'
[0.276s] Level 1:colcon.colcon_core.package_identification:_identify(__MACOSX/ros2_ws) by extensions ['ignore', 'ignore_ament_install']
[0.276s] Level 1:colcon.colcon_core.package_identification:_identify(__MACOSX/ros2_ws) by extension 'ignore'
[0.276s] Level 1:colcon.colcon_core.package_identification:_identify(__MACOSX/ros2_ws) by extension 'ignore_ament_install'
[0.276s] Level 1:colcon.colcon_core.package_identification:_identify(__MACOSX/ros2_ws) by extensions ['colcon_pkg']
[0.276s] Level 1:colcon.colcon_core.package_identification:_identify(__MACOSX/ros2_ws) by extension 'colcon_pkg'
[0.276s] Level 1:colcon.colcon_core.package_identification:_identify(__MACOSX/ros2_ws) by extensions ['colcon_meta']
[0.276s] Level 1:colcon.colcon_core.package_identification:_identify(__MACOSX/ros2_ws) by extension 'colcon_meta'
[0.276s] Level 1:colcon.colcon_core.package_identification:_identify(__MACOSX/ros2_ws) by extensions ['ros']
[0.276s] Level 1:colcon.colcon_core.package_identification:_identify(__MACOSX/ros2_ws) by extension 'ros'
[0.276s] Level 1:colcon.colcon_core.package_identification:_identify(__MACOSX/ros2_ws) by extensions ['cmake', 'python']
[0.276s] Level 1:colcon.colcon_core.package_identification:_identify(__MACOSX/ros2_ws) by extension 'cmake'
[0.276s] Level 1:colcon.colcon_core.package_identification:_identify(__MACOSX/ros2_ws) by extension 'python'
[0.276s] Level 1:colcon.colcon_core.package_identification:_identify(__MACOSX/ros2_ws) by extensions ['python_setup_py']
[0.276s] Level 1:colcon.colcon_core.package_identification:_identify(__MACOSX/ros2_ws) by extension 'python_setup_py'
[0.276s] Level 1:colcon.colcon_core.package_identification:_identify(__MACOSX/ros2_ws/src) by extensions ['ignore', 'ignore_ament_install']
[0.276s] Level 1:colcon.colcon_core.package_identification:_identify(__MACOSX/ros2_ws/src) by extension 'ignore'
[0.276s] Level 1:colcon.colcon_core.package_identification:_identify(__MACOSX/ros2_ws/src) by extension 'ignore_ament_install'
[0.276s] Level 1:colcon.colcon_core.package_identification:_identify(__MACOSX/ros2_ws/src) by extensions ['colcon_pkg']
[0.276s] Level 1:colcon.colcon_core.package_identification:_identify(__MACOSX/ros2_ws/src) by extension 'colcon_pkg'
[0.276s] Level 1:colcon.colcon_core.package_identification:_identify(__MACOSX/ros2_ws/src) by extensions ['colcon_meta']
[0.276s] Level 1:colcon.colcon_core.package_identification:_identify(__MACOSX/ros2_ws/src) by extension 'colcon_meta'
[0.276s] Level 1:colcon.colcon_core.package_identification:_identify(__MACOSX/ros2_ws/src) by extensions ['ros']
[0.276s] Level 1:colcon.colcon_core.package_identification:_identify(__MACOSX/ros2_ws/src) by extension 'ros'
[0.276s] Level 1:colcon.colcon_core.package_identification:_identify(__MACOSX/ros2_ws/src) by extensions ['cmake', 'python']
[0.276s] Level 1:colcon.colcon_core.package_identification:_identify(__MACOSX/ros2_ws/src) by extension 'cmake'
[0.276s] Level 1:colcon.colcon_core.package_identification:_identify(__MACOSX/ros2_ws/src) by extension 'python'
[0.276s] Level 1:colcon.colcon_core.package_identification:_identify(__MACOSX/ros2_ws/src) by extensions ['python_setup_py']
[0.276s] Level 1:colcon.colcon_core.package_identification:_identify(__MACOSX/ros2_ws/src) by extension 'python_setup_py'
[0.277s] Level 1:colcon.colcon_core.package_identification:_identify(__MACOSX/ros2_ws/src/camera_feed) by extensions ['ignore', 'ignore_ament_install']
[0.277s] Level 1:colcon.colcon_core.package_identification:_identify(__MACOSX/ros2_ws/src/camera_feed) by extension 'ignore'
[0.277s] Level 1:colcon.colcon_core.package_identification:_identify(__MACOSX/ros2_ws/src/camera_feed) by extension 'ignore_ament_install'
[0.277s] Level 1:colcon.colcon_core.package_identification:_identify(__MACOSX/ros2_ws/src/camera_feed) by extensions ['colcon_pkg']
[0.277s] Level 1:colcon.colcon_core.package_identification:_identify(__MACOSX/ros2_ws/src/camera_feed) by extension 'colcon_pkg'
[0.277s] Level 1:colcon.colcon_core.package_identification:_identify(__MACOSX/ros2_ws/src/camera_feed) by extensions ['colcon_meta']
[0.277s] Level 1:colcon.colcon_core.package_identification:_identify(__MACOSX/ros2_ws/src/camera_feed) by extension 'colcon_meta'
[0.277s] Level 1:colcon.colcon_core.package_identification:_identify(__MACOSX/ros2_ws/src/camera_feed) by extensions ['ros']
[0.277s] Level 1:colcon.colcon_core.package_identification:_identify(__MACOSX/ros2_ws/src/camera_feed) by extension 'ros'
[0.277s] Level 1:colcon.colcon_core.package_identification:_identify(__MACOSX/ros2_ws/src/camera_feed) by extensions ['cmake', 'python']
[0.277s] Level 1:colcon.colcon_core.package_identification:_identify(__MACOSX/ros2_ws/src/camera_feed) by extension 'cmake'
[0.277s] Level 1:colcon.colcon_core.package_identification:_identify(__MACOSX/ros2_ws/src/camera_feed) by extension 'python'
[0.277s] Level 1:colcon.colcon_core.package_identification:_identify(__MACOSX/ros2_ws/src/camera_feed) by extensions ['python_setup_py']
[0.277s] Level 1:colcon.colcon_core.package_identification:_identify(__MACOSX/ros2_ws/src/camera_feed) by extension 'python_setup_py'
[0.277s] Level 1:colcon.colcon_core.package_identification:_identify(__MACOSX/ros2_ws/src/camera_feed/launch) by extensions ['ignore', 'ignore_ament_install']
[0.277s] Level 1:colcon.colcon_core.package_identification:_identify(__MACOSX/ros2_ws/src/camera_feed/launch) by extension 'ignore'
[0.277s] Level 1:colcon.colcon_core.package_identification:_identify(__MACOSX/ros2_ws/src/camera_feed/launch) by extension 'ignore_ament_install'
[0.277s] Level 1:colcon.colcon_core.package_identification:_identify(__MACOSX/ros2_ws/src/camera_feed/launch) by extensions ['colcon_pkg']
[0.277s] Level 1:colcon.colcon_core.package_identification:_identify(__MACOSX/ros2_ws/src/camera_feed/launch) by extension 'colcon_pkg'
[0.277s] Level 1:colcon.colcon_core.package_identification:_identify(__MACOSX/ros2_ws/src/camera_feed/launch) by extensions ['colcon_meta']
[0.277s] Level 1:colcon.colcon_core.package_identification:_identify(__MACOSX/ros2_ws/src/camera_feed/launch) by extension 'colcon_meta'
[0.277s] Level 1:colcon.colcon_core.package_identification:_identify(__MACOSX/ros2_ws/src/camera_feed/launch) by extensions ['ros']
[0.277s] Level 1:colcon.colcon_core.package_identification:_identify(__MACOSX/ros2_ws/src/camera_feed/launch) by extension 'ros'
[0.277s] Level 1:colcon.colcon_core.package_identification:_identify(__MACOSX/ros2_ws/src/camera_feed/launch) by extensions ['cmake', 'python']
[0.277s] Level 1:colcon.colcon_core.package_identification:_identify(__MACOSX/ros2_ws/src/camera_feed/launch) by extension 'cmake'
[0.277s] Level 1:colcon.colcon_core.package_identification:_identify(__MACOSX/ros2_ws/src/camera_feed/launch) by extension 'python'
[0.277s] Level 1:colcon.colcon_core.package_identification:_identify(__MACOSX/ros2_ws/src/camera_feed/launch) by extensions ['python_setup_py']
[0.277s] Level 1:colcon.colcon_core.package_identification:_identify(__MACOSX/ros2_ws/src/camera_feed/launch) by extension 'python_setup_py'
[0.277s] Level 1:colcon.colcon_core.package_identification:_identify(__MACOSX/ros2_ws/src/camera_feed/src) by extensions ['ignore', 'ignore_ament_install']
[0.277s] Level 1:colcon.colcon_core.package_identification:_identify(__MACOSX/ros2_ws/src/camera_feed/src) by extension 'ignore'
[0.277s] Level 1:colcon.colcon_core.package_identification:_identify(__MACOSX/ros2_ws/src/camera_feed/src) by extension 'ignore_ament_install'
[0.277s] Level 1:colcon.colcon_core.package_identification:_identify(__MACOSX/ros2_ws/src/camera_feed/src) by extensions ['colcon_pkg']
[0.277s] Level 1:colcon.colcon_core.package_identification:_identify(__MACOSX/ros2_ws/src/camera_feed/src) by extension 'colcon_pkg'
[0.277s] Level 1:colcon.colcon_core.package_identification:_identify(__MACOSX/ros2_ws/src/camera_feed/src) by extensions ['colcon_meta']
[0.277s] Level 1:colcon.colcon_core.package_identification:_identify(__MACOSX/ros2_ws/src/camera_feed/src) by extension 'colcon_meta'
[0.277s] Level 1:colcon.colcon_core.package_identification:_identify(__MACOSX/ros2_ws/src/camera_feed/src) by extensions ['ros']
[0.277s] Level 1:colcon.colcon_core.package_identification:_identify(__MACOSX/ros2_ws/src/camera_feed/src) by extension 'ros'
[0.277s] Level 1:colcon.colcon_core.package_identification:_identify(__MACOSX/ros2_ws/src/camera_feed/src) by extensions ['cmake', 'python']
[0.277s] Level 1:colcon.colcon_core.package_identification:_identify(__MACOSX/ros2_ws/src/camera_feed/src) by extension 'cmake'
[0.277s] Level 1:colcon.colcon_core.package_identification:_identify(__MACOSX/ros2_ws/src/camera_feed/src) by extension 'python'
[0.278s] Level 1:colcon.colcon_core.package_identification:_identify(__MACOSX/ros2_ws/src/camera_feed/src) by extensions ['python_setup_py']
[0.278s] Level 1:colcon.colcon_core.package_identification:_identify(__MACOSX/ros2_ws/src/camera_feed/src) by extension 'python_setup_py'
[0.278s] Level 1:colcon.colcon_core.package_identification:_identify(__MACOSX/ros2_ws/src/install) by extensions ['ignore', 'ignore_ament_install']
[0.278s] Level 1:colcon.colcon_core.package_identification:_identify(__MACOSX/ros2_ws/src/install) by extension 'ignore'
[0.278s] Level 1:colcon.colcon_core.package_identification:_identify(__MACOSX/ros2_ws/src/install) by extension 'ignore_ament_install'
[0.278s] Level 1:colcon.colcon_core.package_identification:_identify(__MACOSX/ros2_ws/src/install) by extensions ['colcon_pkg']
[0.278s] Level 1:colcon.colcon_core.package_identification:_identify(__MACOSX/ros2_ws/src/install) by extension 'colcon_pkg'
[0.278s] Level 1:colcon.colcon_core.package_identification:_identify(__MACOSX/ros2_ws/src/install) by extensions ['colcon_meta']
[0.278s] Level 1:colcon.colcon_core.package_identification:_identify(__MACOSX/ros2_ws/src/install) by extension 'colcon_meta'
[0.278s] Level 1:colcon.colcon_core.package_identification:_identify(__MACOSX/ros2_ws/src/install) by extensions ['ros']
[0.278s] Level 1:colcon.colcon_core.package_identification:_identify(__MACOSX/ros2_ws/src/install) by extension 'ros'
[0.278s] Level 1:colcon.colcon_core.package_identification:_identify(__MACOSX/ros2_ws/src/install) by extensions ['cmake', 'python']
[0.278s] Level 1:colcon.colcon_core.package_identification:_identify(__MACOSX/ros2_ws/src/install) by extension 'cmake'
[0.278s] Level 1:colcon.colcon_core.package_identification:_identify(__MACOSX/ros2_ws/src/install) by extension 'python'
[0.278s] Level 1:colcon.colcon_core.package_identification:_identify(__MACOSX/ros2_ws/src/install) by extensions ['python_setup_py']
[0.278s] Level 1:colcon.colcon_core.package_identification:_identify(__MACOSX/ros2_ws/src/install) by extension 'python_setup_py'
[0.278s] Level 1:colcon.colcon_core.package_identification:_identify(__MACOSX/ros2_ws/src/interface) by extensions ['ignore', 'ignore_ament_install']
[0.278s] Level 1:colcon.colcon_core.package_identification:_identify(__MACOSX/ros2_ws/src/interface) by extension 'ignore'
[0.278s] Level 1:colcon.colcon_core.package_identification:_identify(__MACOSX/ros2_ws/src/interface) by extension 'ignore_ament_install'
[0.278s] Level 1:colcon.colcon_core.package_identification:_identify(__MACOSX/ros2_ws/src/interface) by extensions ['colcon_pkg']
[0.278s] Level 1:colcon.colcon_core.package_identification:_identify(__MACOSX/ros2_ws/src/interface) by extension 'colcon_pkg'
[0.278s] Level 1:colcon.colcon_core.package_identification:_identify(__MACOSX/ros2_ws/src/interface) by extensions ['colcon_meta']
[0.278s] Level 1:colcon.colcon_core.package_identification:_identify(__MACOSX/ros2_ws/src/interface) by extension 'colcon_meta'
[0.278s] Level 1:colcon.colcon_core.package_identification:_identify(__MACOSX/ros2_ws/src/interface) by extensions ['ros']
[0.278s] Level 1:colcon.colcon_core.package_identification:_identify(__MACOSX/ros2_ws/src/interface) by extension 'ros'
[0.278s] Level 1:colcon.colcon_core.package_identification:_identify(__MACOSX/ros2_ws/src/interface) by extensions ['cmake', 'python']
[0.278s] Level 1:colcon.colcon_core.package_identification:_identify(__MACOSX/ros2_ws/src/interface) by extension 'cmake'
[0.278s] Level 1:colcon.colcon_core.package_identification:_identify(__MACOSX/ros2_ws/src/interface) by extension 'python'
[0.278s] Level 1:colcon.colcon_core.package_identification:_identify(__MACOSX/ros2_ws/src/interface) by extensions ['python_setup_py']
[0.278s] Level 1:colcon.colcon_core.package_identification:_identify(__MACOSX/ros2_ws/src/interface) by extension 'python_setup_py'
[0.278s] Level 1:colcon.colcon_core.package_identification:_identify(__MACOSX/ros2_ws/src/interface/msg) by extensions ['ignore', 'ignore_ament_install']
[0.278s] Level 1:colcon.colcon_core.package_identification:_identify(__MACOSX/ros2_ws/src/interface/msg) by extension 'ignore'
[0.278s] Level 1:colcon.colcon_core.package_identification:_identify(__MACOSX/ros2_ws/src/interface/msg) by extension 'ignore_ament_install'
[0.278s] Level 1:colcon.colcon_core.package_identification:_identify(__MACOSX/ros2_ws/src/interface/msg) by extensions ['colcon_pkg']
[0.278s] Level 1:colcon.colcon_core.package_identification:_identify(__MACOSX/ros2_ws/src/interface/msg) by extension 'colcon_pkg'
[0.278s] Level 1:colcon.colcon_core.package_identification:_identify(__MACOSX/ros2_ws/src/interface/msg) by extensions ['colcon_meta']
[0.278s] Level 1:colcon.colcon_core.package_identification:_identify(__MACOSX/ros2_ws/src/interface/msg) by extension 'colcon_meta'
[0.278s] Level 1:colcon.colcon_core.package_identification:_identify(__MACOSX/ros2_ws/src/interface/msg) by extensions ['ros']
[0.278s] Level 1:colcon.colcon_core.package_identification:_identify(__MACOSX/ros2_ws/src/interface/msg) by extension 'ros'
[0.278s] Level 1:colcon.colcon_core.package_identification:_identify(__MACOSX/ros2_ws/src/interface/msg) by extensions ['cmake', 'python']
[0.278s] Level 1:colcon.colcon_core.package_identification:_identify(__MACOSX/ros2_ws/src/interface/msg) by extension 'cmake'
[0.278s] Level 1:colcon.colcon_core.package_identification:_identify(__MACOSX/ros2_ws/src/interface/msg) by extension 'python'
[0.278s] Level 1:colcon.colcon_core.package_identification:_identify(__MACOSX/ros2_ws/src/interface/msg) by extensions ['python_setup_py']
[0.278s] Level 1:colcon.colcon_core.package_identification:_identify(__MACOSX/ros2_ws/src/interface/msg) by extension 'python_setup_py'
[0.279s] Level 1:colcon.colcon_core.package_identification:_identify(__MACOSX/ros2_ws/src/log) by extensions ['ignore', 'ignore_ament_install']
[0.279s] Level 1:colcon.colcon_core.package_identification:_identify(__MACOSX/ros2_ws/src/log) by extension 'ignore'
[0.279s] Level 1:colcon.colcon_core.package_identification:_identify(__MACOSX/ros2_ws/src/log) by extension 'ignore_ament_install'
[0.279s] Level 1:colcon.colcon_core.package_identification:_identify(__MACOSX/ros2_ws/src/log) by extensions ['colcon_pkg']
[0.279s] Level 1:colcon.colcon_core.package_identification:_identify(__MACOSX/ros2_ws/src/log) by extension 'colcon_pkg'
[0.279s] Level 1:colcon.colcon_core.package_identification:_identify(__MACOSX/ros2_ws/src/log) by extensions ['colcon_meta']
[0.279s] Level 1:colcon.colcon_core.package_identification:_identify(__MACOSX/ros2_ws/src/log) by extension 'colcon_meta'
[0.279s] Level 1:colcon.colcon_core.package_identification:_identify(__MACOSX/ros2_ws/src/log) by extensions ['ros']
[0.279s] Level 1:colcon.colcon_core.package_identification:_identify(__MACOSX/ros2_ws/src/log) by extension 'ros'
[0.279s] Level 1:colcon.colcon_core.package_identification:_identify(__MACOSX/ros2_ws/src/log) by extensions ['cmake', 'python']
[0.279s] Level 1:colcon.colcon_core.package_identification:_identify(__MACOSX/ros2_ws/src/log) by extension 'cmake'
[0.279s] Level 1:colcon.colcon_core.package_identification:_identify(__MACOSX/ros2_ws/src/log) by extension 'python'
[0.279s] Level 1:colcon.colcon_core.package_identification:_identify(__MACOSX/ros2_ws/src/log) by extensions ['python_setup_py']
[0.279s] Level 1:colcon.colcon_core.package_identification:_identify(__MACOSX/ros2_ws/src/log) by extension 'python_setup_py'
[0.279s] Level 1:colcon.colcon_core.package_identification:_identify(__MACOSX/ros2_ws/src/my_sync_package) by extensions ['ignore', 'ignore_ament_install']
[0.279s] Level 1:colcon.colcon_core.package_identification:_identify(__MACOSX/ros2_ws/src/my_sync_package) by extension 'ignore'
[0.279s] Level 1:colcon.colcon_core.package_identification:_identify(__MACOSX/ros2_ws/src/my_sync_package) by extension 'ignore_ament_install'
[0.279s] Level 1:colcon.colcon_core.package_identification:_identify(__MACOSX/ros2_ws/src/my_sync_package) by extensions ['colcon_pkg']
[0.279s] Level 1:colcon.colcon_core.package_identification:_identify(__MACOSX/ros2_ws/src/my_sync_package) by extension 'colcon_pkg'
[0.279s] Level 1:colcon.colcon_core.package_identification:_identify(__MACOSX/ros2_ws/src/my_sync_package) by extensions ['colcon_meta']
[0.279s] Level 1:colcon.colcon_core.package_identification:_identify(__MACOSX/ros2_ws/src/my_sync_package) by extension 'colcon_meta'
[0.279s] Level 1:colcon.colcon_core.package_identification:_identify(__MACOSX/ros2_ws/src/my_sync_package) by extensions ['ros']
[0.279s] Level 1:colcon.colcon_core.package_identification:_identify(__MACOSX/ros2_ws/src/my_sync_package) by extension 'ros'
[0.279s] Level 1:colcon.colcon_core.package_identification:_identify(__MACOSX/ros2_ws/src/my_sync_package) by extensions ['cmake', 'python']
[0.279s] Level 1:colcon.colcon_core.package_identification:_identify(__MACOSX/ros2_ws/src/my_sync_package) by extension 'cmake'
[0.279s] Level 1:colcon.colcon_core.package_identification:_identify(__MACOSX/ros2_ws/src/my_sync_package) by extension 'python'
[0.279s] Level 1:colcon.colcon_core.package_identification:_identify(__MACOSX/ros2_ws/src/my_sync_package) by extensions ['python_setup_py']
[0.279s] Level 1:colcon.colcon_core.package_identification:_identify(__MACOSX/ros2_ws/src/my_sync_package) by extension 'python_setup_py'
[0.279s] Level 1:colcon.colcon_core.package_identification:_identify(__MACOSX/ros2_ws/src/my_sync_package/include) by extensions ['ignore', 'ignore_ament_install']
[0.279s] Level 1:colcon.colcon_core.package_identification:_identify(__MACOSX/ros2_ws/src/my_sync_package/include) by extension 'ignore'
[0.279s] Level 1:colcon.colcon_core.package_identification:_identify(__MACOSX/ros2_ws/src/my_sync_package/include) by extension 'ignore_ament_install'
[0.279s] Level 1:colcon.colcon_core.package_identification:_identify(__MACOSX/ros2_ws/src/my_sync_package/include) by extensions ['colcon_pkg']
[0.279s] Level 1:colcon.colcon_core.package_identification:_identify(__MACOSX/ros2_ws/src/my_sync_package/include) by extension 'colcon_pkg'
[0.279s] Level 1:colcon.colcon_core.package_identification:_identify(__MACOSX/ros2_ws/src/my_sync_package/include) by extensions ['colcon_meta']
[0.279s] Level 1:colcon.colcon_core.package_identification:_identify(__MACOSX/ros2_ws/src/my_sync_package/include) by extension 'colcon_meta'
[0.279s] Level 1:colcon.colcon_core.package_identification:_identify(__MACOSX/ros2_ws/src/my_sync_package/include) by extensions ['ros']
[0.279s] Level 1:colcon.colcon_core.package_identification:_identify(__MACOSX/ros2_ws/src/my_sync_package/include) by extension 'ros'
[0.279s] Level 1:colcon.colcon_core.package_identification:_identify(__MACOSX/ros2_ws/src/my_sync_package/include) by extensions ['cmake', 'python']
[0.279s] Level 1:colcon.colcon_core.package_identification:_identify(__MACOSX/ros2_ws/src/my_sync_package/include) by extension 'cmake'
[0.279s] Level 1:colcon.colcon_core.package_identification:_identify(__MACOSX/ros2_ws/src/my_sync_package/include) by extension 'python'
[0.279s] Level 1:colcon.colcon_core.package_identification:_identify(__MACOSX/ros2_ws/src/my_sync_package/include) by extensions ['python_setup_py']
[0.279s] Level 1:colcon.colcon_core.package_identification:_identify(__MACOSX/ros2_ws/src/my_sync_package/include) by extension 'python_setup_py'
[0.279s] Level 1:colcon.colcon_core.package_identification:_identify(__MACOSX/ros2_ws/src/my_sync_package/include/my_sync_package) by extensions ['ignore', 'ignore_ament_install']
[0.280s] Level 1:colcon.colcon_core.package_identification:_identify(__MACOSX/ros2_ws/src/my_sync_package/include/my_sync_package) by extension 'ignore'
[0.280s] Level 1:colcon.colcon_core.package_identification:_identify(__MACOSX/ros2_ws/src/my_sync_package/include/my_sync_package) by extension 'ignore_ament_install'
[0.280s] Level 1:colcon.colcon_core.package_identification:_identify(__MACOSX/ros2_ws/src/my_sync_package/include/my_sync_package) by extensions ['colcon_pkg']
[0.280s] Level 1:colcon.colcon_core.package_identification:_identify(__MACOSX/ros2_ws/src/my_sync_package/include/my_sync_package) by extension 'colcon_pkg'
[0.280s] Level 1:colcon.colcon_core.package_identification:_identify(__MACOSX/ros2_ws/src/my_sync_package/include/my_sync_package) by extensions ['colcon_meta']
[0.280s] Level 1:colcon.colcon_core.package_identification:_identify(__MACOSX/ros2_ws/src/my_sync_package/include/my_sync_package) by extension 'colcon_meta'
[0.280s] Level 1:colcon.colcon_core.package_identification:_identify(__MACOSX/ros2_ws/src/my_sync_package/include/my_sync_package) by extensions ['ros']
[0.280s] Level 1:colcon.colcon_core.package_identification:_identify(__MACOSX/ros2_ws/src/my_sync_package/include/my_sync_package) by extension 'ros'
[0.280s] Level 1:colcon.colcon_core.package_identification:_identify(__MACOSX/ros2_ws/src/my_sync_package/include/my_sync_package) by extensions ['cmake', 'python']
[0.280s] Level 1:colcon.colcon_core.package_identification:_identify(__MACOSX/ros2_ws/src/my_sync_package/include/my_sync_package) by extension 'cmake'
[0.280s] Level 1:colcon.colcon_core.package_identification:_identify(__MACOSX/ros2_ws/src/my_sync_package/include/my_sync_package) by extension 'python'
[0.280s] Level 1:colcon.colcon_core.package_identification:_identify(__MACOSX/ros2_ws/src/my_sync_package/include/my_sync_package) by extensions ['python_setup_py']
[0.280s] Level 1:colcon.colcon_core.package_identification:_identify(__MACOSX/ros2_ws/src/my_sync_package/include/my_sync_package) by extension 'python_setup_py'
[0.280s] Level 1:colcon.colcon_core.package_identification:_identify(__MACOSX/ros2_ws/src/my_sync_package/launch) by extensions ['ignore', 'ignore_ament_install']
[0.280s] Level 1:colcon.colcon_core.package_identification:_identify(__MACOSX/ros2_ws/src/my_sync_package/launch) by extension 'ignore'
[0.280s] Level 1:colcon.colcon_core.package_identification:_identify(__MACOSX/ros2_ws/src/my_sync_package/launch) by extension 'ignore_ament_install'
[0.280s] Level 1:colcon.colcon_core.package_identification:_identify(__MACOSX/ros2_ws/src/my_sync_package/launch) by extensions ['colcon_pkg']
[0.280s] Level 1:colcon.colcon_core.package_identification:_identify(__MACOSX/ros2_ws/src/my_sync_package/launch) by extension 'colcon_pkg'
[0.280s] Level 1:colcon.colcon_core.package_identification:_identify(__MACOSX/ros2_ws/src/my_sync_package/launch) by extensions ['colcon_meta']
[0.280s] Level 1:colcon.colcon_core.package_identification:_identify(__MACOSX/ros2_ws/src/my_sync_package/launch) by extension 'colcon_meta'
[0.280s] Level 1:colcon.colcon_core.package_identification:_identify(__MACOSX/ros2_ws/src/my_sync_package/launch) by extensions ['ros']
[0.280s] Level 1:colcon.colcon_core.package_identification:_identify(__MACOSX/ros2_ws/src/my_sync_package/launch) by extension 'ros'
[0.280s] Level 1:colcon.colcon_core.package_identification:_identify(__MACOSX/ros2_ws/src/my_sync_package/launch) by extensions ['cmake', 'python']
[0.280s] Level 1:colcon.colcon_core.package_identification:_identify(__MACOSX/ros2_ws/src/my_sync_package/launch) by extension 'cmake'
[0.280s] Level 1:colcon.colcon_core.package_identification:_identify(__MACOSX/ros2_ws/src/my_sync_package/launch) by extension 'python'
[0.280s] Level 1:colcon.colcon_core.package_identification:_identify(__MACOSX/ros2_ws/src/my_sync_package/launch) by extensions ['python_setup_py']
[0.280s] Level 1:colcon.colcon_core.package_identification:_identify(__MACOSX/ros2_ws/src/my_sync_package/launch) by extension 'python_setup_py'
[0.280s] Level 1:colcon.colcon_core.package_identification:_identify(__MACOSX/ros2_ws/src/my_sync_package/src) by extensions ['ignore', 'ignore_ament_install']
[0.280s] Level 1:colcon.colcon_core.package_identification:_identify(__MACOSX/ros2_ws/src/my_sync_package/src) by extension 'ignore'
[0.280s] Level 1:colcon.colcon_core.package_identification:_identify(__MACOSX/ros2_ws/src/my_sync_package/src) by extension 'ignore_ament_install'
[0.280s] Level 1:colcon.colcon_core.package_identification:_identify(__MACOSX/ros2_ws/src/my_sync_package/src) by extensions ['colcon_pkg']
[0.280s] Level 1:colcon.colcon_core.package_identification:_identify(__MACOSX/ros2_ws/src/my_sync_package/src) by extension 'colcon_pkg'
[0.280s] Level 1:colcon.colcon_core.package_identification:_identify(__MACOSX/ros2_ws/src/my_sync_package/src) by extensions ['colcon_meta']
[0.280s] Level 1:colcon.colcon_core.package_identification:_identify(__MACOSX/ros2_ws/src/my_sync_package/src) by extension 'colcon_meta'
[0.280s] Level 1:colcon.colcon_core.package_identification:_identify(__MACOSX/ros2_ws/src/my_sync_package/src) by extensions ['ros']
[0.280s] Level 1:colcon.colcon_core.package_identification:_identify(__MACOSX/ros2_ws/src/my_sync_package/src) by extension 'ros'
[0.280s] Level 1:colcon.colcon_core.package_identification:_identify(__MACOSX/ros2_ws/src/my_sync_package/src) by extensions ['cmake', 'python']
[0.280s] Level 1:colcon.colcon_core.package_identification:_identify(__MACOSX/ros2_ws/src/my_sync_package/src) by extension 'cmake'
[0.280s] Level 1:colcon.colcon_core.package_identification:_identify(__MACOSX/ros2_ws/src/my_sync_package/src) by extension 'python'
[0.280s] Level 1:colcon.colcon_core.package_identification:_identify(__MACOSX/ros2_ws/src/my_sync_package/src) by extensions ['python_setup_py']
[0.280s] Level 1:colcon.colcon_core.package_identification:_identify(__MACOSX/ros2_ws/src/my_sync_package/src) by extension 'python_setup_py'
[0.280s] Level 1:colcon.colcon_core.package_identification:_identify(__MACOSX/ros2_ws/src/scene_interpreter) by extensions ['ignore', 'ignore_ament_install']
[0.281s] Level 1:colcon.colcon_core.package_identification:_identify(__MACOSX/ros2_ws/src/scene_interpreter) by extension 'ignore'
[0.281s] Level 1:colcon.colcon_core.package_identification:_identify(__MACOSX/ros2_ws/src/scene_interpreter) by extension 'ignore_ament_install'
[0.281s] Level 1:colcon.colcon_core.package_identification:_identify(__MACOSX/ros2_ws/src/scene_interpreter) by extensions ['colcon_pkg']
[0.281s] Level 1:colcon.colcon_core.package_identification:_identify(__MACOSX/ros2_ws/src/scene_interpreter) by extension 'colcon_pkg'
[0.281s] Level 1:colcon.colcon_core.package_identification:_identify(__MACOSX/ros2_ws/src/scene_interpreter) by extensions ['colcon_meta']
[0.281s] Level 1:colcon.colcon_core.package_identification:_identify(__MACOSX/ros2_ws/src/scene_interpreter) by extension 'colcon_meta'
[0.281s] Level 1:colcon.colcon_core.package_identification:_identify(__MACOSX/ros2_ws/src/scene_interpreter) by extensions ['ros']
[0.281s] Level 1:colcon.colcon_core.package_identification:_identify(__MACOSX/ros2_ws/src/scene_interpreter) by extension 'ros'
[0.281s] Level 1:colcon.colcon_core.package_identification:_identify(__MACOSX/ros2_ws/src/scene_interpreter) by extensions ['cmake', 'python']
[0.281s] Level 1:colcon.colcon_core.package_identification:_identify(__MACOSX/ros2_ws/src/scene_interpreter) by extension 'cmake'
[0.281s] Level 1:colcon.colcon_core.package_identification:_identify(__MACOSX/ros2_ws/src/scene_interpreter) by extension 'python'
[0.281s] Level 1:colcon.colcon_core.package_identification:_identify(__MACOSX/ros2_ws/src/scene_interpreter) by extensions ['python_setup_py']
[0.281s] Level 1:colcon.colcon_core.package_identification:_identify(__MACOSX/ros2_ws/src/scene_interpreter) by extension 'python_setup_py'
[0.281s] Level 1:colcon.colcon_core.package_identification:_identify(__MACOSX/ros2_ws/src/scene_interpreter/resource) by extensions ['ignore', 'ignore_ament_install']
[0.281s] Level 1:colcon.colcon_core.package_identification:_identify(__MACOSX/ros2_ws/src/scene_interpreter/resource) by extension 'ignore'
[0.281s] Level 1:colcon.colcon_core.package_identification:_identify(__MACOSX/ros2_ws/src/scene_interpreter/resource) by extension 'ignore_ament_install'
[0.281s] Level 1:colcon.colcon_core.package_identification:_identify(__MACOSX/ros2_ws/src/scene_interpreter/resource) by extensions ['colcon_pkg']
[0.281s] Level 1:colcon.colcon_core.package_identification:_identify(__MACOSX/ros2_ws/src/scene_interpreter/resource) by extension 'colcon_pkg'
[0.281s] Level 1:colcon.colcon_core.package_identification:_identify(__MACOSX/ros2_ws/src/scene_interpreter/resource) by extensions ['colcon_meta']
[0.281s] Level 1:colcon.colcon_core.package_identification:_identify(__MACOSX/ros2_ws/src/scene_interpreter/resource) by extension 'colcon_meta'
[0.281s] Level 1:colcon.colcon_core.package_identification:_identify(__MACOSX/ros2_ws/src/scene_interpreter/resource) by extensions ['ros']
[0.281s] Level 1:colcon.colcon_core.package_identification:_identify(__MACOSX/ros2_ws/src/scene_interpreter/resource) by extension 'ros'
[0.281s] Level 1:colcon.colcon_core.package_identification:_identify(__MACOSX/ros2_ws/src/scene_interpreter/resource) by extensions ['cmake', 'python']
[0.281s] Level 1:colcon.colcon_core.package_identification:_identify(__MACOSX/ros2_ws/src/scene_interpreter/resource) by extension 'cmake'
[0.281s] Level 1:colcon.colcon_core.package_identification:_identify(__MACOSX/ros2_ws/src/scene_interpreter/resource) by extension 'python'
[0.281s] Level 1:colcon.colcon_core.package_identification:_identify(__MACOSX/ros2_ws/src/scene_interpreter/resource) by extensions ['python_setup_py']
[0.281s] Level 1:colcon.colcon_core.package_identification:_identify(__MACOSX/ros2_ws/src/scene_interpreter/resource) by extension 'python_setup_py'
[0.281s] Level 1:colcon.colcon_core.package_identification:_identify(__MACOSX/ros2_ws/src/scene_interpreter/scene_interpreter) by extensions ['ignore', 'ignore_ament_install']
[0.281s] Level 1:colcon.colcon_core.package_identification:_identify(__MACOSX/ros2_ws/src/scene_interpreter/scene_interpreter) by extension 'ignore'
[0.281s] Level 1:colcon.colcon_core.package_identification:_identify(__MACOSX/ros2_ws/src/scene_interpreter/scene_interpreter) by extension 'ignore_ament_install'
[0.281s] Level 1:colcon.colcon_core.package_identification:_identify(__MACOSX/ros2_ws/src/scene_interpreter/scene_interpreter) by extensions ['colcon_pkg']
[0.281s] Level 1:colcon.colcon_core.package_identification:_identify(__MACOSX/ros2_ws/src/scene_interpreter/scene_interpreter) by extension 'colcon_pkg'
[0.281s] Level 1:colcon.colcon_core.package_identification:_identify(__MACOSX/ros2_ws/src/scene_interpreter/scene_interpreter) by extensions ['colcon_meta']
[0.281s] Level 1:colcon.colcon_core.package_identification:_identify(__MACOSX/ros2_ws/src/scene_interpreter/scene_interpreter) by extension 'colcon_meta'
[0.281s] Level 1:colcon.colcon_core.package_identification:_identify(__MACOSX/ros2_ws/src/scene_interpreter/scene_interpreter) by extensions ['ros']
[0.281s] Level 1:colcon.colcon_core.package_identification:_identify(__MACOSX/ros2_ws/src/scene_interpreter/scene_interpreter) by extension 'ros'
[0.281s] Level 1:colcon.colcon_core.package_identification:_identify(__MACOSX/ros2_ws/src/scene_interpreter/scene_interpreter) by extensions ['cmake', 'python']
[0.281s] Level 1:colcon.colcon_core.package_identification:_identify(__MACOSX/ros2_ws/src/scene_interpreter/scene_interpreter) by extension 'cmake'
[0.281s] Level 1:colcon.colcon_core.package_identification:_identify(__MACOSX/ros2_ws/src/scene_interpreter/scene_interpreter) by extension 'python'
[0.281s] Level 1:colcon.colcon_core.package_identification:_identify(__MACOSX/ros2_ws/src/scene_interpreter/scene_interpreter) by extensions ['python_setup_py']
[0.281s] Level 1:colcon.colcon_core.package_identification:_identify(__MACOSX/ros2_ws/src/scene_interpreter/scene_interpreter) by extension 'python_setup_py'
[0.281s] Level 1:colcon.colcon_core.package_identification:_identify(__MACOSX/ros2_ws/src/scene_interpreter/test) by extensions ['ignore', 'ignore_ament_install']
[0.281s] Level 1:colcon.colcon_core.package_identification:_identify(__MACOSX/ros2_ws/src/scene_interpreter/test) by extension 'ignore'
[0.281s] Level 1:colcon.colcon_core.package_identification:_identify(__MACOSX/ros2_ws/src/scene_interpreter/test) by extension 'ignore_ament_install'
[0.282s] Level 1:colcon.colcon_core.package_identification:_identify(__MACOSX/ros2_ws/src/scene_interpreter/test) by extensions ['colcon_pkg']
[0.282s] Level 1:colcon.colcon_core.package_identification:_identify(__MACOSX/ros2_ws/src/scene_interpreter/test) by extension 'colcon_pkg'
[0.282s] Level 1:colcon.colcon_core.package_identification:_identify(__MACOSX/ros2_ws/src/scene_interpreter/test) by extensions ['colcon_meta']
[0.282s] Level 1:colcon.colcon_core.package_identification:_identify(__MACOSX/ros2_ws/src/scene_interpreter/test) by extension 'colcon_meta'
[0.282s] Level 1:colcon.colcon_core.package_identification:_identify(__MACOSX/ros2_ws/src/scene_interpreter/test) by extensions ['ros']
[0.282s] Level 1:colcon.colcon_core.package_identification:_identify(__MACOSX/ros2_ws/src/scene_interpreter/test) by extension 'ros'
[0.282s] Level 1:colcon.colcon_core.package_identification:_identify(__MACOSX/ros2_ws/src/scene_interpreter/test) by extensions ['cmake', 'python']
[0.282s] Level 1:colcon.colcon_core.package_identification:_identify(__MACOSX/ros2_ws/src/scene_interpreter/test) by extension 'cmake'
[0.282s] Level 1:colcon.colcon_core.package_identification:_identify(__MACOSX/ros2_ws/src/scene_interpreter/test) by extension 'python'
[0.282s] Level 1:colcon.colcon_core.package_identification:_identify(__MACOSX/ros2_ws/src/scene_interpreter/test) by extensions ['python_setup_py']
[0.282s] Level 1:colcon.colcon_core.package_identification:_identify(__MACOSX/ros2_ws/src/scene_interpreter/test) by extension 'python_setup_py'
[0.282s] Level 1:colcon.colcon_core.package_identification:_identify(build) by extensions ['ignore', 'ignore_ament_install']
[0.282s] Level 1:colcon.colcon_core.package_identification:_identify(build) by extension 'ignore'
[0.282s] Level 1:colcon.colcon_core.package_identification:_identify(build) ignored
[0.282s] Level 1:colcon.colcon_core.package_identification:_identify(install) by extensions ['ignore', 'ignore_ament_install']
[0.282s] Level 1:colcon.colcon_core.package_identification:_identify(install) by extension 'ignore'
[0.282s] Level 1:colcon.colcon_core.package_identification:_identify(install) ignored
[0.282s] Level 1:colcon.colcon_core.package_identification:_identify(log) by extensions ['ignore', 'ignore_ament_install']
[0.282s] Level 1:colcon.colcon_core.package_identification:_identify(log) by extension 'ignore'
[0.282s] Level 1:colcon.colcon_core.package_identification:_identify(log) ignored
[0.282s] Level 1:colcon.colcon_core.package_identification:_identify(ros2_ws) by extensions ['ignore', 'ignore_ament_install']
[0.282s] Level 1:colcon.colcon_core.package_identification:_identify(ros2_ws) by extension 'ignore'
[0.282s] Level 1:colcon.colcon_core.package_identification:_identify(ros2_ws) by extension 'ignore_ament_install'
[0.282s] Level 1:colcon.colcon_core.package_identification:_identify(ros2_ws) by extensions ['colcon_pkg']
[0.282s] Level 1:colcon.colcon_core.package_identification:_identify(ros2_ws) by extension 'colcon_pkg'
[0.282s] Level 1:colcon.colcon_core.package_identification:_identify(ros2_ws) by extensions ['colcon_meta']
[0.282s] Level 1:colcon.colcon_core.package_identification:_identify(ros2_ws) by extension 'colcon_meta'
[0.282s] Level 1:colcon.colcon_core.package_identification:_identify(ros2_ws) by extensions ['ros']
[0.282s] Level 1:colcon.colcon_core.package_identification:_identify(ros2_ws) by extension 'ros'
[0.282s] Level 1:colcon.colcon_core.package_identification:_identify(ros2_ws) by extensions ['cmake', 'python']
[0.282s] Level 1:colcon.colcon_core.package_identification:_identify(ros2_ws) by extension 'cmake'
[0.282s] Level 1:colcon.colcon_core.package_identification:_identify(ros2_ws) by extension 'python'
[0.282s] Level 1:colcon.colcon_core.package_identification:_identify(ros2_ws) by extensions ['python_setup_py']
[0.282s] Level 1:colcon.colcon_core.package_identification:_identify(ros2_ws) by extension 'python_setup_py'
[0.282s] Level 1:colcon.colcon_core.package_identification:_identify(ros2_ws/build) by extensions ['ignore', 'ignore_ament_install']
[0.282s] Level 1:colcon.colcon_core.package_identification:_identify(ros2_ws/build) by extension 'ignore'
[0.282s] Level 1:colcon.colcon_core.package_identification:_identify(ros2_ws/build) ignored
[0.282s] Level 1:colcon.colcon_core.package_identification:_identify(ros2_ws/install) by extensions ['ignore', 'ignore_ament_install']
[0.282s] Level 1:colcon.colcon_core.package_identification:_identify(ros2_ws/install) by extension 'ignore'
[0.283s] Level 1:colcon.colcon_core.package_identification:_identify(ros2_ws/install) ignored
[0.283s] Level 1:colcon.colcon_core.package_identification:_identify(ros2_ws/log) by extensions ['ignore', 'ignore_ament_install']
[0.283s] Level 1:colcon.colcon_core.package_identification:_identify(ros2_ws/log) by extension 'ignore'
[0.283s] Level 1:colcon.colcon_core.package_identification:_identify(ros2_ws/log) ignored
[0.283s] Level 1:colcon.colcon_core.package_identification:_identify(ros2_ws/src) by extensions ['ignore', 'ignore_ament_install']
[0.283s] Level 1:colcon.colcon_core.package_identification:_identify(ros2_ws/src) by extension 'ignore'
[0.283s] Level 1:colcon.colcon_core.package_identification:_identify(ros2_ws/src) by extension 'ignore_ament_install'
[0.283s] Level 1:colcon.colcon_core.package_identification:_identify(ros2_ws/src) by extensions ['colcon_pkg']
[0.283s] Level 1:colcon.colcon_core.package_identification:_identify(ros2_ws/src) by extension 'colcon_pkg'
[0.283s] Level 1:colcon.colcon_core.package_identification:_identify(ros2_ws/src) by extensions ['colcon_meta']
[0.283s] Level 1:colcon.colcon_core.package_identification:_identify(ros2_ws/src) by extension 'colcon_meta'
[0.283s] Level 1:colcon.colcon_core.package_identification:_identify(ros2_ws/src) by extensions ['ros']
[0.283s] Level 1:colcon.colcon_core.package_identification:_identify(ros2_ws/src) by extension 'ros'
[0.283s] Level 1:colcon.colcon_core.package_identification:_identify(ros2_ws/src) by extensions ['cmake', 'python']
[0.283s] Level 1:colcon.colcon_core.package_identification:_identify(ros2_ws/src) by extension 'cmake'
[0.283s] Level 1:colcon.colcon_core.package_identification:_identify(ros2_ws/src) by extension 'python'
[0.283s] Level 1:colcon.colcon_core.package_identification:_identify(ros2_ws/src) by extensions ['python_setup_py']
[0.283s] Level 1:colcon.colcon_core.package_identification:_identify(ros2_ws/src) by extension 'python_setup_py'
[0.283s] Level 1:colcon.colcon_core.package_identification:_identify(ros2_ws/src/build) by extensions ['ignore', 'ignore_ament_install']
[0.283s] Level 1:colcon.colcon_core.package_identification:_identify(ros2_ws/src/build) by extension 'ignore'
[0.283s] Level 1:colcon.colcon_core.package_identification:_identify(ros2_ws/src/build) ignored
[0.283s] Level 1:colcon.colcon_core.package_identification:_identify(ros2_ws/src/camera_feed) by extensions ['ignore', 'ignore_ament_install']
[0.283s] Level 1:colcon.colcon_core.package_identification:_identify(ros2_ws/src/camera_feed) by extension 'ignore'
[0.283s] Level 1:colcon.colcon_core.package_identification:_identify(ros2_ws/src/camera_feed) by extension 'ignore_ament_install'
[0.283s] Level 1:colcon.colcon_core.package_identification:_identify(ros2_ws/src/camera_feed) by extensions ['colcon_pkg']
[0.283s] Level 1:colcon.colcon_core.package_identification:_identify(ros2_ws/src/camera_feed) by extension 'colcon_pkg'
[0.283s] Level 1:colcon.colcon_core.package_identification:_identify(ros2_ws/src/camera_feed) by extensions ['colcon_meta']
[0.283s] Level 1:colcon.colcon_core.package_identification:_identify(ros2_ws/src/camera_feed) by extension 'colcon_meta'
[0.283s] Level 1:colcon.colcon_core.package_identification:_identify(ros2_ws/src/camera_feed) by extensions ['ros']
[0.283s] Level 1:colcon.colcon_core.package_identification:_identify(ros2_ws/src/camera_feed) by extension 'ros'
[0.285s] DEBUG:colcon.colcon_core.package_identification:Package 'ros2_ws/src/camera_feed' with type 'ros.ament_cmake' and name 'camera_feed'
[0.285s] Level 1:colcon.colcon_core.package_identification:_identify(ros2_ws/src/install) by extensions ['ignore', 'ignore_ament_install']
[0.285s] Level 1:colcon.colcon_core.package_identification:_identify(ros2_ws/src/install) by extension 'ignore'
[0.285s] Level 1:colcon.colcon_core.package_identification:_identify(ros2_ws/src/install) ignored
[0.285s] Level 1:colcon.colcon_core.package_identification:_identify(ros2_ws/src/interface) by extensions ['ignore', 'ignore_ament_install']
[0.285s] Level 1:colcon.colcon_core.package_identification:_identify(ros2_ws/src/interface) by extension 'ignore'
[0.285s] Level 1:colcon.colcon_core.package_identification:_identify(ros2_ws/src/interface) by extension 'ignore_ament_install'
[0.285s] Level 1:colcon.colcon_core.package_identification:_identify(ros2_ws/src/interface) by extensions ['colcon_pkg']
[0.285s] Level 1:colcon.colcon_core.package_identification:_identify(ros2_ws/src/interface) by extension 'colcon_pkg'
[0.285s] Level 1:colcon.colcon_core.package_identification:_identify(ros2_ws/src/interface) by extensions ['colcon_meta']
[0.285s] Level 1:colcon.colcon_core.package_identification:_identify(ros2_ws/src/interface) by extension 'colcon_meta'
[0.285s] Level 1:colcon.colcon_core.package_identification:_identify(ros2_ws/src/interface) by extensions ['ros']
[0.285s] Level 1:colcon.colcon_core.package_identification:_identify(ros2_ws/src/interface) by extension 'ros'
[0.286s] DEBUG:colcon.colcon_core.package_identification:Package 'ros2_ws/src/interface' with type 'ros.ament_cmake' and name 'interface'
[0.286s] Level 1:colcon.colcon_core.package_identification:_identify(ros2_ws/src/log) by extensions ['ignore', 'ignore_ament_install']
[0.286s] Level 1:colcon.colcon_core.package_identification:_identify(ros2_ws/src/log) by extension 'ignore'
[0.286s] Level 1:colcon.colcon_core.package_identification:_identify(ros2_ws/src/log) ignored
[0.286s] Level 1:colcon.colcon_core.package_identification:_identify(ros2_ws/src/my_sync_package) by extensions ['ignore', 'ignore_ament_install']
[0.286s] Level 1:colcon.colcon_core.package_identification:_identify(ros2_ws/src/my_sync_package) by extension 'ignore'
[0.286s] Level 1:colcon.colcon_core.package_identification:_identify(ros2_ws/src/my_sync_package) by extension 'ignore_ament_install'
[0.286s] Level 1:colcon.colcon_core.package_identification:_identify(ros2_ws/src/my_sync_package) by extensions ['colcon_pkg']
[0.286s] Level 1:colcon.colcon_core.package_identification:_identify(ros2_ws/src/my_sync_package) by extension 'colcon_pkg'
[0.286s] Level 1:colcon.colcon_core.package_identification:_identify(ros2_ws/src/my_sync_package) by extensions ['colcon_meta']
[0.286s] Level 1:colcon.colcon_core.package_identification:_identify(ros2_ws/src/my_sync_package) by extension 'colcon_meta'
[0.286s] Level 1:colcon.colcon_core.package_identification:_identify(ros2_ws/src/my_sync_package) by extensions ['ros']
[0.286s] Level 1:colcon.colcon_core.package_identification:_identify(ros2_ws/src/my_sync_package) by extension 'ros'
[0.286s] DEBUG:colcon.colcon_core.package_identification:Package 'ros2_ws/src/my_sync_package' with type 'ros.ament_cmake' and name 'my_sync_package'
[0.286s] Level 1:colcon.colcon_core.package_identification:_identify(ros2_ws/src/scene_interpreter) by extensions ['ignore', 'ignore_ament_install']
[0.286s] Level 1:colcon.colcon_core.package_identification:_identify(ros2_ws/src/scene_interpreter) by extension 'ignore'
[0.286s] Level 1:colcon.colcon_core.package_identification:_identify(ros2_ws/src/scene_interpreter) by extension 'ignore_ament_install'
[0.287s] Level 1:colcon.colcon_core.package_identification:_identify(ros2_ws/src/scene_interpreter) by extensions ['colcon_pkg']
[0.287s] Level 1:colcon.colcon_core.package_identification:_identify(ros2_ws/src/scene_interpreter) by extension 'colcon_pkg'
[0.287s] Level 1:colcon.colcon_core.package_identification:_identify(ros2_ws/src/scene_interpreter) by extensions ['colcon_meta']
[0.287s] Level 1:colcon.colcon_core.package_identification:_identify(ros2_ws/src/scene_interpreter) by extension 'colcon_meta'
[0.287s] Level 1:colcon.colcon_core.package_identification:_identify(ros2_ws/src/scene_interpreter) by extensions ['ros']
[0.287s] Level 1:colcon.colcon_core.package_identification:_identify(ros2_ws/src/scene_interpreter) by extension 'ros'
[0.287s] DEBUG:colcon.colcon_core.package_identification:Package 'ros2_ws/src/scene_interpreter' with type 'ros.ament_python' and name 'scene_interpreter'
[0.287s] Level 1:colcon.colcon_core.package_discovery:discover_packages(recursive) using defaults
[0.287s] Level 1:colcon.colcon_core.package_discovery:discover_packages(ignore) discover
[0.287s] Level 1:colcon.colcon_core.package_discovery:discover_packages(ignore) using defaults
[0.287s] Level 1:colcon.colcon_core.package_discovery:discover_packages(path) discover
[0.287s] Level 1:colcon.colcon_core.package_discovery:discover_packages(path) using defaults
[0.298s] Level 1:colcon.colcon_core.package_discovery:discover_packages(prefix_path) check parameters
[0.298s] Level 1:colcon.colcon_core.package_discovery:discover_packages(prefix_path) discover
[0.299s] DEBUG:colcon.colcon_installed_package_information.package_discovery:Found 4 installed packages in /home/dvij/ee206-project/ping-pong-robot/vision_tracking/install
[0.300s] DEBUG:colcon.colcon_installed_package_information.package_discovery:Found 296 installed packages in /opt/ros/foxy
[0.301s] DEBUG:colcon.colcon_installed_package_information.package_discovery:Found 3 installed packages in /opt/ros/noetic
[0.301s] Level 1:colcon.colcon_core.package_discovery:discover_packages(prefix_path) using defaults
[0.329s] Level 5:colcon.colcon_core.verb:set package 'interface' build argument 'cmake_args' from command line to 'None'
[0.329s] Level 5:colcon.colcon_core.verb:set package 'interface' build argument 'cmake_target' from command line to 'None'
[0.329s] Level 5:colcon.colcon_core.verb:set package 'interface' build argument 'cmake_target_skip_unavailable' from command line to 'False'
[0.329s] Level 5:colcon.colcon_core.verb:set package 'interface' build argument 'cmake_clean_cache' from command line to 'False'
[0.329s] Level 5:colcon.colcon_core.verb:set package 'interface' build argument 'cmake_clean_first' from command line to 'False'
[0.329s] Level 5:colcon.colcon_core.verb:set package 'interface' build argument 'cmake_force_configure' from command line to 'False'
[0.329s] Level 5:colcon.colcon_core.verb:set package 'interface' build argument 'ament_cmake_args' from command line to 'None'
[0.329s] Level 5:colcon.colcon_core.verb:set package 'interface' build argument 'catkin_cmake_args' from command line to 'None'
[0.329s] Level 5:colcon.colcon_core.verb:set package 'interface' build argument 'catkin_skip_building_tests' from command line to 'False'
[0.329s] DEBUG:colcon.colcon_core.verb:Building package 'interface' with the following arguments: {'ament_cmake_args': None, 'build_base': '/home/dvij/ee206-project/ping-pong-robot/vision_tracking/build/interface', 'catkin_cmake_args': None, 'catkin_skip_building_tests': False, 'cmake_args': None, 'cmake_clean_cache': False, 'cmake_clean_first': False, 'cmake_force_configure': False, 'cmake_target': None, 'cmake_target_skip_unavailable': False, 'install_base': '/home/dvij/ee206-project/ping-pong-robot/vision_tracking/install/interface', 'merge_install': False, 'path': '/home/dvij/ee206-project/ping-pong-robot/vision_tracking/ros2_ws/src/interface', 'symlink_install': False, 'test_result_base': None}
[0.329s] Level 5:colcon.colcon_core.verb:set package 'my_sync_package' build argument 'cmake_args' from command line to 'None'
[0.329s] Level 5:colcon.colcon_core.verb:set package 'my_sync_package' build argument 'cmake_target' from command line to 'None'
[0.329s] Level 5:colcon.colcon_core.verb:set package 'my_sync_package' build argument 'cmake_target_skip_unavailable' from command line to 'False'
[0.329s] Level 5:colcon.colcon_core.verb:set package 'my_sync_package' build argument 'cmake_clean_cache' from command line to 'False'
[0.329s] Level 5:colcon.colcon_core.verb:set package 'my_sync_package' build argument 'cmake_clean_first' from command line to 'False'
[0.329s] Level 5:colcon.colcon_core.verb:set package 'my_sync_package' build argument 'cmake_force_configure' from command line to 'False'
[0.329s] Level 5:colcon.colcon_core.verb:set package 'my_sync_package' build argument 'ament_cmake_args' from command line to 'None'
[0.329s] Level 5:colcon.colcon_core.verb:set package 'my_sync_package' build argument 'catkin_cmake_args' from command line to 'None'
[0.329s] Level 5:colcon.colcon_core.verb:set package 'my_sync_package' build argument 'catkin_skip_building_tests' from command line to 'False'
[0.329s] DEBUG:colcon.colcon_core.verb:Building package 'my_sync_package' with the following arguments: {'ament_cmake_args': None, 'build_base': '/home/dvij/ee206-project/ping-pong-robot/vision_tracking/build/my_sync_package', 'catkin_cmake_args': None, 'catkin_skip_building_tests': False, 'cmake_args': None, 'cmake_clean_cache': False, 'cmake_clean_first': False, 'cmake_force_configure': False, 'cmake_target': None, 'cmake_target_skip_unavailable': False, 'install_base': '/home/dvij/ee206-project/ping-pong-robot/vision_tracking/install/my_sync_package', 'merge_install': False, 'path': '/home/dvij/ee206-project/ping-pong-robot/vision_tracking/ros2_ws/src/my_sync_package', 'symlink_install': False, 'test_result_base': None}
[0.329s] Level 5:colcon.colcon_core.verb:set package 'scene_interpreter' build argument 'cmake_args' from command line to 'None'
[0.330s] Level 5:colcon.colcon_core.verb:set package 'scene_interpreter' build argument 'cmake_target' from command line to 'None'
[0.330s] Level 5:colcon.colcon_core.verb:set package 'scene_interpreter' build argument 'cmake_target_skip_unavailable' from command line to 'False'
[0.330s] Level 5:colcon.colcon_core.verb:set package 'scene_interpreter' build argument 'cmake_clean_cache' from command line to 'False'
[0.330s] Level 5:colcon.colcon_core.verb:set package 'scene_interpreter' build argument 'cmake_clean_first' from command line to 'False'
[0.330s] Level 5:colcon.colcon_core.verb:set package 'scene_interpreter' build argument 'cmake_force_configure' from command line to 'False'
[0.330s] Level 5:colcon.colcon_core.verb:set package 'scene_interpreter' build argument 'ament_cmake_args' from command line to 'None'
[0.330s] Level 5:colcon.colcon_core.verb:set package 'scene_interpreter' build argument 'catkin_cmake_args' from command line to 'None'
[0.330s] Level 5:colcon.colcon_core.verb:set package 'scene_interpreter' build argument 'catkin_skip_building_tests' from command line to 'False'
[0.330s] DEBUG:colcon.colcon_core.verb:Building package 'scene_interpreter' with the following arguments: {'ament_cmake_args': None, 'build_base': '/home/dvij/ee206-project/ping-pong-robot/vision_tracking/build/scene_interpreter', 'catkin_cmake_args': None, 'catkin_skip_building_tests': False, 'cmake_args': None, 'cmake_clean_cache': False, 'cmake_clean_first': False, 'cmake_force_configure': False, 'cmake_target': None, 'cmake_target_skip_unavailable': False, 'install_base': '/home/dvij/ee206-project/ping-pong-robot/vision_tracking/install/scene_interpreter', 'merge_install': False, 'path': '/home/dvij/ee206-project/ping-pong-robot/vision_tracking/ros2_ws/src/scene_interpreter', 'symlink_install': False, 'test_result_base': None}
[0.330s] Level 5:colcon.colcon_core.verb:set package 'camera_feed' build argument 'cmake_args' from command line to 'None'
[0.330s] Level 5:colcon.colcon_core.verb:set package 'camera_feed' build argument 'cmake_target' from command line to 'None'
[0.330s] Level 5:colcon.colcon_core.verb:set package 'camera_feed' build argument 'cmake_target_skip_unavailable' from command line to 'False'
[0.330s] Level 5:colcon.colcon_core.verb:set package 'camera_feed' build argument 'cmake_clean_cache' from command line to 'False'
[0.330s] Level 5:colcon.colcon_core.verb:set package 'camera_feed' build argument 'cmake_clean_first' from command line to 'False'
[0.330s] Level 5:colcon.colcon_core.verb:set package 'camera_feed' build argument 'cmake_force_configure' from command line to 'False'
[0.330s] Level 5:colcon.colcon_core.verb:set package 'camera_feed' build argument 'ament_cmake_args' from command line to 'None'
[0.330s] Level 5:colcon.colcon_core.verb:set package 'camera_feed' build argument 'catkin_cmake_args' from command line to 'None'
[0.330s] Level 5:colcon.colcon_core.verb:set package 'camera_feed' build argument 'catkin_skip_building_tests' from command line to 'False'
[0.330s] DEBUG:colcon.colcon_core.verb:Building package 'camera_feed' with the following arguments: {'ament_cmake_args': None, 'build_base': '/home/dvij/ee206-project/ping-pong-robot/vision_tracking/build/camera_feed', 'catkin_cmake_args': None, 'catkin_skip_building_tests': False, 'cmake_args': None, 'cmake_clean_cache': False, 'cmake_clean_first': False, 'cmake_force_configure': False, 'cmake_target': None, 'cmake_target_skip_unavailable': False, 'install_base': '/home/dvij/ee206-project/ping-pong-robot/vision_tracking/install/camera_feed', 'merge_install': False, 'path': '/home/dvij/ee206-project/ping-pong-robot/vision_tracking/ros2_ws/src/camera_feed', 'symlink_install': False, 'test_result_base': None}
[0.330s] INFO:colcon.colcon_core.executor:Executing jobs using 'parallel' executor
[0.330s] DEBUG:colcon.colcon_parallel_executor.executor.parallel:run_until_complete
[0.331s] INFO:colcon.colcon_ros.task.ament_cmake.build:Building ROS package in '/home/dvij/ee206-project/ping-pong-robot/vision_tracking/ros2_ws/src/interface' with build type 'ament_cmake'
[0.331s] INFO:colcon.colcon_cmake.task.cmake.build:Building CMake package in '/home/dvij/ee206-project/ping-pong-robot/vision_tracking/ros2_ws/src/interface'
[0.332s] INFO:colcon.colcon_core.plugin_system:Skipping extension 'colcon_core.shell.bat': Not used on non-Windows systems
[0.332s] INFO:colcon.colcon_core.shell:Skip shell extension 'powershell' for command environment: Not usable outside of PowerShell
[0.332s] DEBUG:colcon.colcon_core.shell:Skip shell extension 'dsv' for command environment
[0.335s] INFO:colcon.colcon_ros.task.ament_cmake.build:Building ROS package in '/home/dvij/ee206-project/ping-pong-robot/vision_tracking/ros2_ws/src/my_sync_package' with build type 'ament_cmake'
[0.335s] INFO:colcon.colcon_cmake.task.cmake.build:Building CMake package in '/home/dvij/ee206-project/ping-pong-robot/vision_tracking/ros2_ws/src/my_sync_package'
[0.335s] INFO:colcon.colcon_core.shell:Skip shell extension 'powershell' for command environment: Not usable outside of PowerShell
[0.335s] DEBUG:colcon.colcon_core.shell:Skip shell extension 'dsv' for command environment
[0.338s] INFO:colcon.colcon_ros.task.ament_python.build:Building ROS package in '/home/dvij/ee206-project/ping-pong-robot/vision_tracking/ros2_ws/src/scene_interpreter' with build type 'ament_python'
[0.338s] Level 1:colcon.colcon_core.shell:create_environment_hook('scene_interpreter', 'ament_prefix_path')
[0.338s] INFO:colcon.colcon_core.shell:Creating environment hook '/home/dvij/ee206-project/ping-pong-robot/vision_tracking/install/scene_interpreter/share/scene_interpreter/hook/ament_prefix_path.ps1'
[0.339s] INFO:colcon.colcon_core.shell:Creating environment descriptor '/home/dvij/ee206-project/ping-pong-robot/vision_tracking/install/scene_interpreter/share/scene_interpreter/hook/ament_prefix_path.dsv'
[0.339s] INFO:colcon.colcon_core.shell:Creating environment hook '/home/dvij/ee206-project/ping-pong-robot/vision_tracking/install/scene_interpreter/share/scene_interpreter/hook/ament_prefix_path.sh'
[0.339s] INFO:colcon.colcon_core.shell:Skip shell extension 'powershell' for command environment: Not usable outside of PowerShell
[0.339s] DEBUG:colcon.colcon_core.shell:Skip shell extension 'dsv' for command environment
[0.344s] DEBUG:colcon.colcon_core.event_handler.log_command:Invoking command in '/home/dvij/ee206-project/ping-pong-robot/vision_tracking/build/interface': CMAKE_PREFIX_PATH=/home/dvij/ee206-project/ping-pong-robot/vision_tracking/install/camera_feed:/home/dvij/ee206-project/ping-pong-robot/vision_tracking/install/my_sync_package:/home/dvij/ee206-project/ping-pong-robot/vision_tracking/install/interface:/home/dvij/ee206-project/ping-pong-robot/vision_tracking/install/scene_interpreter:/opt/ros/foxy:/opt/ros/noetic /usr/local/bin/cmake --build /home/dvij/ee206-project/ping-pong-robot/vision_tracking/build/interface -- -j20 -l20
[0.349s] DEBUG:colcon.colcon_core.event_handler.log_command:Invoking command in '/home/dvij/ee206-project/ping-pong-robot/vision_tracking/build/my_sync_package': CMAKE_PREFIX_PATH=/home/dvij/ee206-project/ping-pong-robot/vision_tracking/install/camera_feed:/home/dvij/ee206-project/ping-pong-robot/vision_tracking/install/my_sync_package:/home/dvij/ee206-project/ping-pong-robot/vision_tracking/install/interface:/home/dvij/ee206-project/ping-pong-robot/vision_tracking/install/scene_interpreter:/opt/ros/foxy:/opt/ros/noetic /usr/local/bin/cmake --build /home/dvij/ee206-project/ping-pong-robot/vision_tracking/build/my_sync_package -- -j20 -l20
[0.527s] INFO:colcon.colcon_core.task.python.build:Building Python package in '/home/dvij/ee206-project/ping-pong-robot/vision_tracking/ros2_ws/src/scene_interpreter'
[0.528s] INFO:colcon.colcon_core.shell:Skip shell extension 'powershell' for command environment: Not usable outside of PowerShell
[0.528s] DEBUG:colcon.colcon_core.shell:Skip shell extension 'dsv' for command environment
[0.533s] DEBUG:colcon.colcon_core.event_handler.log_command:Invoked command in '/home/dvij/ee206-project/ping-pong-robot/vision_tracking/build/interface' returned '0': CMAKE_PREFIX_PATH=/home/dvij/ee206-project/ping-pong-robot/vision_tracking/install/camera_feed:/home/dvij/ee206-project/ping-pong-robot/vision_tracking/install/my_sync_package:/home/dvij/ee206-project/ping-pong-robot/vision_tracking/install/interface:/home/dvij/ee206-project/ping-pong-robot/vision_tracking/install/scene_interpreter:/opt/ros/foxy:/opt/ros/noetic /usr/local/bin/cmake --build /home/dvij/ee206-project/ping-pong-robot/vision_tracking/build/interface -- -j20 -l20
[0.535s] DEBUG:colcon.colcon_core.event_handler.log_command:Invoked command in '/home/dvij/ee206-project/ping-pong-robot/vision_tracking/build/my_sync_package' returned '0': CMAKE_PREFIX_PATH=/home/dvij/ee206-project/ping-pong-robot/vision_tracking/install/camera_feed:/home/dvij/ee206-project/ping-pong-robot/vision_tracking/install/my_sync_package:/home/dvij/ee206-project/ping-pong-robot/vision_tracking/install/interface:/home/dvij/ee206-project/ping-pong-robot/vision_tracking/install/scene_interpreter:/opt/ros/foxy:/opt/ros/noetic /usr/local/bin/cmake --build /home/dvij/ee206-project/ping-pong-robot/vision_tracking/build/my_sync_package -- -j20 -l20
[0.551s] DEBUG:colcon.colcon_core.event_handler.log_command:Invoking command in '/home/dvij/ee206-project/ping-pong-robot/vision_tracking/build/my_sync_package': CMAKE_PREFIX_PATH=/home/dvij/ee206-project/ping-pong-robot/vision_tracking/install/camera_feed:/home/dvij/ee206-project/ping-pong-robot/vision_tracking/install/my_sync_package:/home/dvij/ee206-project/ping-pong-robot/vision_tracking/install/interface:/home/dvij/ee206-project/ping-pong-robot/vision_tracking/install/scene_interpreter:/opt/ros/foxy:/opt/ros/noetic /usr/local/bin/cmake --install /home/dvij/ee206-project/ping-pong-robot/vision_tracking/build/my_sync_package
[0.558s] Level 1:colcon.colcon_core.environment:create_environment_scripts_only(my_sync_package)
[0.561s] DEBUG:colcon.colcon_core.event_handler.log_command:Invoking command in '/home/dvij/ee206-project/ping-pong-robot/vision_tracking/build/interface': CMAKE_PREFIX_PATH=/home/dvij/ee206-project/ping-pong-robot/vision_tracking/install/camera_feed:/home/dvij/ee206-project/ping-pong-robot/vision_tracking/install/my_sync_package:/home/dvij/ee206-project/ping-pong-robot/vision_tracking/install/interface:/home/dvij/ee206-project/ping-pong-robot/vision_tracking/install/scene_interpreter:/opt/ros/foxy:/opt/ros/noetic /usr/local/bin/cmake --install /home/dvij/ee206-project/ping-pong-robot/vision_tracking/build/interface
[0.561s] DEBUG:colcon.colcon_core.event_handler.log_command:Invoked command in '/home/dvij/ee206-project/ping-pong-robot/vision_tracking/build/my_sync_package' returned '0': CMAKE_PREFIX_PATH=/home/dvij/ee206-project/ping-pong-robot/vision_tracking/install/camera_feed:/home/dvij/ee206-project/ping-pong-robot/vision_tracking/install/my_sync_package:/home/dvij/ee206-project/ping-pong-robot/vision_tracking/install/interface:/home/dvij/ee206-project/ping-pong-robot/vision_tracking/install/scene_interpreter:/opt/ros/foxy:/opt/ros/noetic /usr/local/bin/cmake --install /home/dvij/ee206-project/ping-pong-robot/vision_tracking/build/my_sync_package
[0.563s] Level 1:colcon.colcon_core.environment:checking '/home/dvij/ee206-project/ping-pong-robot/vision_tracking/install/my_sync_package' for CMake module files
[0.563s] Level 1:colcon.colcon_core.environment:checking '/home/dvij/ee206-project/ping-pong-robot/vision_tracking/install/my_sync_package' for CMake config files
[0.564s] Level 1:colcon.colcon_core.shell:create_environment_hook('my_sync_package', 'cmake_prefix_path')
[0.564s] INFO:colcon.colcon_core.shell:Creating environment hook '/home/dvij/ee206-project/ping-pong-robot/vision_tracking/install/my_sync_package/share/my_sync_package/hook/cmake_prefix_path.ps1'
[0.564s] INFO:colcon.colcon_core.shell:Creating environment descriptor '/home/dvij/ee206-project/ping-pong-robot/vision_tracking/install/my_sync_package/share/my_sync_package/hook/cmake_prefix_path.dsv'
[0.564s] INFO:colcon.colcon_core.shell:Creating environment hook '/home/dvij/ee206-project/ping-pong-robot/vision_tracking/install/my_sync_package/share/my_sync_package/hook/cmake_prefix_path.sh'
[0.565s] Level 1:colcon.colcon_core.environment:checking '/home/dvij/ee206-project/ping-pong-robot/vision_tracking/install/my_sync_package/lib'
[0.565s] Level 1:colcon.colcon_core.environment:checking '/home/dvij/ee206-project/ping-pong-robot/vision_tracking/install/my_sync_package/bin'
[0.565s] Level 1:colcon.colcon_core.environment:checking '/home/dvij/ee206-project/ping-pong-robot/vision_tracking/install/my_sync_package/lib/pkgconfig/my_sync_package.pc'
[0.565s] Level 1:colcon.colcon_core.environment:checking '/home/dvij/ee206-project/ping-pong-robot/vision_tracking/install/my_sync_package/lib/python3.8/site-packages'
[0.566s] Level 1:colcon.colcon_core.environment:checking '/home/dvij/ee206-project/ping-pong-robot/vision_tracking/install/my_sync_package/bin'
[0.566s] INFO:colcon.colcon_core.shell:Creating package script '/home/dvij/ee206-project/ping-pong-robot/vision_tracking/install/my_sync_package/share/my_sync_package/package.ps1'
[0.566s] INFO:colcon.colcon_core.shell:Creating package descriptor '/home/dvij/ee206-project/ping-pong-robot/vision_tracking/install/my_sync_package/share/my_sync_package/package.dsv'
[0.567s] INFO:colcon.colcon_core.shell:Creating package script '/home/dvij/ee206-project/ping-pong-robot/vision_tracking/install/my_sync_package/share/my_sync_package/package.sh'
[0.567s] INFO:colcon.colcon_core.shell:Creating package script '/home/dvij/ee206-project/ping-pong-robot/vision_tracking/install/my_sync_package/share/my_sync_package/package.bash'
[0.567s] INFO:colcon.colcon_core.shell:Creating package script '/home/dvij/ee206-project/ping-pong-robot/vision_tracking/install/my_sync_package/share/my_sync_package/package.zsh'
[0.568s] Level 1:colcon.colcon_core.environment:create_file_with_runtime_dependencies(/home/dvij/ee206-project/ping-pong-robot/vision_tracking/install/my_sync_package/share/colcon-core/packages/my_sync_package)
[0.580s] Level 1:colcon.colcon_core.environment:create_environment_scripts_only(my_sync_package)
[0.580s] Level 1:colcon.colcon_core.environment:checking '/home/dvij/ee206-project/ping-pong-robot/vision_tracking/install/my_sync_package' for CMake module files
[0.581s] Level 1:colcon.colcon_core.environment:checking '/home/dvij/ee206-project/ping-pong-robot/vision_tracking/install/my_sync_package' for CMake config files
[0.581s] Level 1:colcon.colcon_core.shell:create_environment_hook('my_sync_package', 'cmake_prefix_path')
[0.581s] INFO:colcon.colcon_core.shell:Creating environment hook '/home/dvij/ee206-project/ping-pong-robot/vision_tracking/install/my_sync_package/share/my_sync_package/hook/cmake_prefix_path.ps1'
[0.582s] INFO:colcon.colcon_core.shell:Creating environment descriptor '/home/dvij/ee206-project/ping-pong-robot/vision_tracking/install/my_sync_package/share/my_sync_package/hook/cmake_prefix_path.dsv'
[0.582s] INFO:colcon.colcon_core.shell:Creating environment hook '/home/dvij/ee206-project/ping-pong-robot/vision_tracking/install/my_sync_package/share/my_sync_package/hook/cmake_prefix_path.sh'
[0.583s] Level 1:colcon.colcon_core.environment:checking '/home/dvij/ee206-project/ping-pong-robot/vision_tracking/install/my_sync_package/lib'
[0.583s] Level 1:colcon.colcon_core.environment:checking '/home/dvij/ee206-project/ping-pong-robot/vision_tracking/install/my_sync_package/bin'
[0.583s] Level 1:colcon.colcon_core.environment:checking '/home/dvij/ee206-project/ping-pong-robot/vision_tracking/install/my_sync_package/lib/pkgconfig/my_sync_package.pc'
[0.583s] Level 1:colcon.colcon_core.environment:checking '/home/dvij/ee206-project/ping-pong-robot/vision_tracking/install/my_sync_package/lib/python3.8/site-packages'
[0.583s] Level 1:colcon.colcon_core.environment:checking '/home/dvij/ee206-project/ping-pong-robot/vision_tracking/install/my_sync_package/bin'
[0.583s] INFO:colcon.colcon_core.shell:Creating package script '/home/dvij/ee206-project/ping-pong-robot/vision_tracking/install/my_sync_package/share/my_sync_package/package.ps1'
[0.584s] INFO:colcon.colcon_core.shell:Creating package descriptor '/home/dvij/ee206-project/ping-pong-robot/vision_tracking/install/my_sync_package/share/my_sync_package/package.dsv'
[0.584s] INFO:colcon.colcon_core.shell:Creating package script '/home/dvij/ee206-project/ping-pong-robot/vision_tracking/install/my_sync_package/share/my_sync_package/package.sh'
[0.584s] INFO:colcon.colcon_core.shell:Creating package script '/home/dvij/ee206-project/ping-pong-robot/vision_tracking/install/my_sync_package/share/my_sync_package/package.bash'
[0.585s] INFO:colcon.colcon_core.shell:Creating package script '/home/dvij/ee206-project/ping-pong-robot/vision_tracking/install/my_sync_package/share/my_sync_package/package.zsh'
[0.585s] Level 1:colcon.colcon_core.environment:create_file_with_runtime_dependencies(/home/dvij/ee206-project/ping-pong-robot/vision_tracking/install/my_sync_package/share/colcon-core/packages/my_sync_package)
[0.586s] Level 1:colcon.colcon_core.environment:create_environment_scripts_only(interface)
[0.586s] Level 1:colcon.colcon_core.environment:checking '/home/dvij/ee206-project/ping-pong-robot/vision_tracking/install/interface' for CMake module files
[0.587s] DEBUG:colcon.colcon_core.event_handler.log_command:Invoked command in '/home/dvij/ee206-project/ping-pong-robot/vision_tracking/build/interface' returned '0': CMAKE_PREFIX_PATH=/home/dvij/ee206-project/ping-pong-robot/vision_tracking/install/camera_feed:/home/dvij/ee206-project/ping-pong-robot/vision_tracking/install/my_sync_package:/home/dvij/ee206-project/ping-pong-robot/vision_tracking/install/interface:/home/dvij/ee206-project/ping-pong-robot/vision_tracking/install/scene_interpreter:/opt/ros/foxy:/opt/ros/noetic /usr/local/bin/cmake --install /home/dvij/ee206-project/ping-pong-robot/vision_tracking/build/interface
[0.587s] Level 1:colcon.colcon_core.environment:checking '/home/dvij/ee206-project/ping-pong-robot/vision_tracking/install/interface' for CMake config files
[0.587s] Level 1:colcon.colcon_core.shell:create_environment_hook('interface', 'cmake_prefix_path')
[0.587s] INFO:colcon.colcon_core.shell:Creating environment hook '/home/dvij/ee206-project/ping-pong-robot/vision_tracking/install/interface/share/interface/hook/cmake_prefix_path.ps1'
[0.587s] INFO:colcon.colcon_core.shell:Creating environment descriptor '/home/dvij/ee206-project/ping-pong-robot/vision_tracking/install/interface/share/interface/hook/cmake_prefix_path.dsv'
[0.588s] INFO:colcon.colcon_core.shell:Creating environment hook '/home/dvij/ee206-project/ping-pong-robot/vision_tracking/install/interface/share/interface/hook/cmake_prefix_path.sh'
[0.588s] Level 1:colcon.colcon_core.environment:checking '/home/dvij/ee206-project/ping-pong-robot/vision_tracking/install/interface/lib'
[0.588s] Level 1:colcon.colcon_core.shell:create_environment_hook('interface', 'ld_library_path_lib')
[0.588s] INFO:colcon.colcon_core.shell:Creating environment hook '/home/dvij/ee206-project/ping-pong-robot/vision_tracking/install/interface/share/interface/hook/ld_library_path_lib.ps1'
[0.588s] INFO:colcon.colcon_core.shell:Creating environment descriptor '/home/dvij/ee206-project/ping-pong-robot/vision_tracking/install/interface/share/interface/hook/ld_library_path_lib.dsv'
[0.588s] INFO:colcon.colcon_core.shell:Creating environment hook '/home/dvij/ee206-project/ping-pong-robot/vision_tracking/install/interface/share/interface/hook/ld_library_path_lib.sh'
[0.589s] Level 1:colcon.colcon_core.environment:checking '/home/dvij/ee206-project/ping-pong-robot/vision_tracking/install/interface/bin'
[0.589s] Level 1:colcon.colcon_core.environment:checking '/home/dvij/ee206-project/ping-pong-robot/vision_tracking/install/interface/lib/pkgconfig/interface.pc'
[0.589s] Level 1:colcon.colcon_core.environment:checking '/home/dvij/ee206-project/ping-pong-robot/vision_tracking/install/interface/lib/python3.8/site-packages'
[0.589s] Level 1:colcon.colcon_core.shell:create_environment_hook('interface', 'pythonpath')
[0.589s] INFO:colcon.colcon_core.shell:Creating environment hook '/home/dvij/ee206-project/ping-pong-robot/vision_tracking/install/interface/share/interface/hook/pythonpath.ps1'
[0.589s] INFO:colcon.colcon_core.shell:Creating environment descriptor '/home/dvij/ee206-project/ping-pong-robot/vision_tracking/install/interface/share/interface/hook/pythonpath.dsv'
[0.589s] INFO:colcon.colcon_core.shell:Creating environment hook '/home/dvij/ee206-project/ping-pong-robot/vision_tracking/install/interface/share/interface/hook/pythonpath.sh'
[0.590s] Level 1:colcon.colcon_core.environment:checking '/home/dvij/ee206-project/ping-pong-robot/vision_tracking/install/interface/bin'
[0.590s] INFO:colcon.colcon_core.shell:Creating package script '/home/dvij/ee206-project/ping-pong-robot/vision_tracking/install/interface/share/interface/package.ps1'
[0.590s] INFO:colcon.colcon_core.shell:Creating package descriptor '/home/dvij/ee206-project/ping-pong-robot/vision_tracking/install/interface/share/interface/package.dsv'
[0.590s] INFO:colcon.colcon_core.shell:Creating package script '/home/dvij/ee206-project/ping-pong-robot/vision_tracking/install/interface/share/interface/package.sh'
[0.590s] INFO:colcon.colcon_core.shell:Creating package script '/home/dvij/ee206-project/ping-pong-robot/vision_tracking/install/interface/share/interface/package.bash'
[0.591s] INFO:colcon.colcon_core.shell:Creating package script '/home/dvij/ee206-project/ping-pong-robot/vision_tracking/install/interface/share/interface/package.zsh'
[0.591s] Level 1:colcon.colcon_core.environment:create_file_with_runtime_dependencies(/home/dvij/ee206-project/ping-pong-robot/vision_tracking/install/interface/share/colcon-core/packages/interface)
[0.612s] Level 1:colcon.colcon_core.environment:create_environment_scripts_only(interface)
[0.612s] Level 1:colcon.colcon_core.environment:checking '/home/dvij/ee206-project/ping-pong-robot/vision_tracking/install/interface' for CMake module files
[0.613s] Level 1:colcon.colcon_core.environment:checking '/home/dvij/ee206-project/ping-pong-robot/vision_tracking/install/interface' for CMake config files
[0.613s] Level 1:colcon.colcon_core.shell:create_environment_hook('interface', 'cmake_prefix_path')
[0.613s] INFO:colcon.colcon_core.shell:Creating environment hook '/home/dvij/ee206-project/ping-pong-robot/vision_tracking/install/interface/share/interface/hook/cmake_prefix_path.ps1'
[0.613s] INFO:colcon.colcon_core.shell:Creating environment descriptor '/home/dvij/ee206-project/ping-pong-robot/vision_tracking/install/interface/share/interface/hook/cmake_prefix_path.dsv'
[0.613s] INFO:colcon.colcon_core.shell:Creating environment hook '/home/dvij/ee206-project/ping-pong-robot/vision_tracking/install/interface/share/interface/hook/cmake_prefix_path.sh'
[0.614s] Level 1:colcon.colcon_core.environment:checking '/home/dvij/ee206-project/ping-pong-robot/vision_tracking/install/interface/lib'
[0.614s] Level 1:colcon.colcon_core.shell:create_environment_hook('interface', 'ld_library_path_lib')
[0.614s] INFO:colcon.colcon_core.shell:Creating environment hook '/home/dvij/ee206-project/ping-pong-robot/vision_tracking/install/interface/share/interface/hook/ld_library_path_lib.ps1'
[0.614s] INFO:colcon.colcon_core.shell:Creating environment descriptor '/home/dvij/ee206-project/ping-pong-robot/vision_tracking/install/interface/share/interface/hook/ld_library_path_lib.dsv'
[0.614s] INFO:colcon.colcon_core.shell:Creating environment hook '/home/dvij/ee206-project/ping-pong-robot/vision_tracking/install/interface/share/interface/hook/ld_library_path_lib.sh'
[0.614s] Level 1:colcon.colcon_core.environment:checking '/home/dvij/ee206-project/ping-pong-robot/vision_tracking/install/interface/bin'
[0.614s] Level 1:colcon.colcon_core.environment:checking '/home/dvij/ee206-project/ping-pong-robot/vision_tracking/install/interface/lib/pkgconfig/interface.pc'
[0.615s] Level 1:colcon.colcon_core.environment:checking '/home/dvij/ee206-project/ping-pong-robot/vision_tracking/install/interface/lib/python3.8/site-packages'
[0.615s] Level 1:colcon.colcon_core.shell:create_environment_hook('interface', 'pythonpath')
[0.615s] INFO:colcon.colcon_core.shell:Creating environment hook '/home/dvij/ee206-project/ping-pong-robot/vision_tracking/install/interface/share/interface/hook/pythonpath.ps1'
[0.615s] INFO:colcon.colcon_core.shell:Creating environment descriptor '/home/dvij/ee206-project/ping-pong-robot/vision_tracking/install/interface/share/interface/hook/pythonpath.dsv'
[0.615s] INFO:colcon.colcon_core.shell:Creating environment hook '/home/dvij/ee206-project/ping-pong-robot/vision_tracking/install/interface/share/interface/hook/pythonpath.sh'
[0.615s] Level 1:colcon.colcon_core.environment:checking '/home/dvij/ee206-project/ping-pong-robot/vision_tracking/install/interface/bin'
[0.615s] INFO:colcon.colcon_core.shell:Creating package script '/home/dvij/ee206-project/ping-pong-robot/vision_tracking/install/interface/share/interface/package.ps1'
[0.616s] INFO:colcon.colcon_core.shell:Creating package descriptor '/home/dvij/ee206-project/ping-pong-robot/vision_tracking/install/interface/share/interface/package.dsv'
[0.616s] INFO:colcon.colcon_core.shell:Creating package script '/home/dvij/ee206-project/ping-pong-robot/vision_tracking/install/interface/share/interface/package.sh'
[0.616s] INFO:colcon.colcon_core.shell:Creating package script '/home/dvij/ee206-project/ping-pong-robot/vision_tracking/install/interface/share/interface/package.bash'
[0.616s] INFO:colcon.colcon_core.shell:Creating package script '/home/dvij/ee206-project/ping-pong-robot/vision_tracking/install/interface/share/interface/package.zsh'
[0.617s] Level 1:colcon.colcon_core.environment:create_file_with_runtime_dependencies(/home/dvij/ee206-project/ping-pong-robot/vision_tracking/install/interface/share/colcon-core/packages/interface)
[0.617s] INFO:colcon.colcon_ros.task.ament_cmake.build:Building ROS package in '/home/dvij/ee206-project/ping-pong-robot/vision_tracking/ros2_ws/src/camera_feed' with build type 'ament_cmake'
[0.617s] INFO:colcon.colcon_cmake.task.cmake.build:Building CMake package in '/home/dvij/ee206-project/ping-pong-robot/vision_tracking/ros2_ws/src/camera_feed'
[0.617s] INFO:colcon.colcon_core.shell:Skip shell extension 'powershell' for command environment: Not usable outside of PowerShell
[0.617s] DEBUG:colcon.colcon_core.shell:Skip shell extension 'dsv' for command environment
[0.626s] DEBUG:colcon.colcon_core.event_handler.log_command:Invoking command in '/home/dvij/ee206-project/ping-pong-robot/vision_tracking/build/camera_feed': CMAKE_PREFIX_PATH=/home/dvij/ee206-project/ping-pong-robot/vision_tracking/install/my_sync_package:/home/dvij/ee206-project/ping-pong-robot/vision_tracking/install/interface:/home/dvij/ee206-project/ping-pong-robot/vision_tracking/install/camera_feed:/home/dvij/ee206-project/ping-pong-robot/vision_tracking/install/scene_interpreter:/opt/ros/foxy:/opt/ros/noetic PYTHONPATH=/home/dvij/ee206-project/ping-pong-robot/vision_tracking/install/interface/lib/python3.8/site-packages:/home/dvij/ee206-project/ping-pong-robot/vision_tracking/install/scene_interpreter/lib/python3.8/site-packages:/opt/ros/noetic/lib/python3/dist-packages:/opt/ros/foxy/lib/python3.8/site-packages /usr/local/bin/cmake --build /home/dvij/ee206-project/ping-pong-robot/vision_tracking/build/camera_feed -- -j20 -l20
[0.648s] DEBUG:colcon.colcon_core.event_handler.log_command:Invoked command in '/home/dvij/ee206-project/ping-pong-robot/vision_tracking/build/camera_feed' returned '0': CMAKE_PREFIX_PATH=/home/dvij/ee206-project/ping-pong-robot/vision_tracking/install/my_sync_package:/home/dvij/ee206-project/ping-pong-robot/vision_tracking/install/interface:/home/dvij/ee206-project/ping-pong-robot/vision_tracking/install/camera_feed:/home/dvij/ee206-project/ping-pong-robot/vision_tracking/install/scene_interpreter:/opt/ros/foxy:/opt/ros/noetic PYTHONPATH=/home/dvij/ee206-project/ping-pong-robot/vision_tracking/install/interface/lib/python3.8/site-packages:/home/dvij/ee206-project/ping-pong-robot/vision_tracking/install/scene_interpreter/lib/python3.8/site-packages:/opt/ros/noetic/lib/python3/dist-packages:/opt/ros/foxy/lib/python3.8/site-packages /usr/local/bin/cmake --build /home/dvij/ee206-project/ping-pong-robot/vision_tracking/build/camera_feed -- -j20 -l20
[0.661s] DEBUG:colcon.colcon_core.event_handler.log_command:Invoking command in '/home/dvij/ee206-project/ping-pong-robot/vision_tracking/build/camera_feed': CMAKE_PREFIX_PATH=/home/dvij/ee206-project/ping-pong-robot/vision_tracking/install/my_sync_package:/home/dvij/ee206-project/ping-pong-robot/vision_tracking/install/interface:/home/dvij/ee206-project/ping-pong-robot/vision_tracking/install/camera_feed:/home/dvij/ee206-project/ping-pong-robot/vision_tracking/install/scene_interpreter:/opt/ros/foxy:/opt/ros/noetic PYTHONPATH=/home/dvij/ee206-project/ping-pong-robot/vision_tracking/install/interface/lib/python3.8/site-packages:/home/dvij/ee206-project/ping-pong-robot/vision_tracking/install/scene_interpreter/lib/python3.8/site-packages:/opt/ros/noetic/lib/python3/dist-packages:/opt/ros/foxy/lib/python3.8/site-packages /usr/local/bin/cmake --install /home/dvij/ee206-project/ping-pong-robot/vision_tracking/build/camera_feed
[0.664s] Level 1:colcon.colcon_core.environment:create_environment_scripts_only(camera_feed)
[0.664s] Level 1:colcon.colcon_core.environment:checking '/home/dvij/ee206-project/ping-pong-robot/vision_tracking/install/camera_feed' for CMake module files
[0.665s] DEBUG:colcon.colcon_core.event_handler.log_command:Invoked command in '/home/dvij/ee206-project/ping-pong-robot/vision_tracking/build/camera_feed' returned '0': CMAKE_PREFIX_PATH=/home/dvij/ee206-project/ping-pong-robot/vision_tracking/install/my_sync_package:/home/dvij/ee206-project/ping-pong-robot/vision_tracking/install/interface:/home/dvij/ee206-project/ping-pong-robot/vision_tracking/install/camera_feed:/home/dvij/ee206-project/ping-pong-robot/vision_tracking/install/scene_interpreter:/opt/ros/foxy:/opt/ros/noetic PYTHONPATH=/home/dvij/ee206-project/ping-pong-robot/vision_tracking/install/interface/lib/python3.8/site-packages:/home/dvij/ee206-project/ping-pong-robot/vision_tracking/install/scene_interpreter/lib/python3.8/site-packages:/opt/ros/noetic/lib/python3/dist-packages:/opt/ros/foxy/lib/python3.8/site-packages /usr/local/bin/cmake --install /home/dvij/ee206-project/ping-pong-robot/vision_tracking/build/camera_feed
[0.665s] Level 1:colcon.colcon_core.environment:checking '/home/dvij/ee206-project/ping-pong-robot/vision_tracking/install/camera_feed' for CMake config files
[0.665s] Level 1:colcon.colcon_core.shell:create_environment_hook('camera_feed', 'cmake_prefix_path')
[0.666s] INFO:colcon.colcon_core.shell:Creating environment hook '/home/dvij/ee206-project/ping-pong-robot/vision_tracking/install/camera_feed/share/camera_feed/hook/cmake_prefix_path.ps1'
[0.666s] INFO:colcon.colcon_core.shell:Creating environment descriptor '/home/dvij/ee206-project/ping-pong-robot/vision_tracking/install/camera_feed/share/camera_feed/hook/cmake_prefix_path.dsv'
[0.666s] INFO:colcon.colcon_core.shell:Creating environment hook '/home/dvij/ee206-project/ping-pong-robot/vision_tracking/install/camera_feed/share/camera_feed/hook/cmake_prefix_path.sh'
[0.666s] Level 1:colcon.colcon_core.environment:checking '/home/dvij/ee206-project/ping-pong-robot/vision_tracking/install/camera_feed/lib'
[0.666s] Level 1:colcon.colcon_core.environment:checking '/home/dvij/ee206-project/ping-pong-robot/vision_tracking/install/camera_feed/bin'
[0.666s] Level 1:colcon.colcon_core.environment:checking '/home/dvij/ee206-project/ping-pong-robot/vision_tracking/install/camera_feed/lib/pkgconfig/camera_feed.pc'
[0.667s] Level 1:colcon.colcon_core.environment:checking '/home/dvij/ee206-project/ping-pong-robot/vision_tracking/install/camera_feed/lib/python3.8/site-packages'
[0.667s] Level 1:colcon.colcon_core.environment:checking '/home/dvij/ee206-project/ping-pong-robot/vision_tracking/install/camera_feed/bin'
[0.667s] INFO:colcon.colcon_core.shell:Creating package script '/home/dvij/ee206-project/ping-pong-robot/vision_tracking/install/camera_feed/share/camera_feed/package.ps1'
[0.667s] INFO:colcon.colcon_core.shell:Creating package descriptor '/home/dvij/ee206-project/ping-pong-robot/vision_tracking/install/camera_feed/share/camera_feed/package.dsv'
[0.667s] INFO:colcon.colcon_core.shell:Creating package script '/home/dvij/ee206-project/ping-pong-robot/vision_tracking/install/camera_feed/share/camera_feed/package.sh'
[0.667s] INFO:colcon.colcon_core.shell:Creating package script '/home/dvij/ee206-project/ping-pong-robot/vision_tracking/install/camera_feed/share/camera_feed/package.bash'
[0.668s] INFO:colcon.colcon_core.shell:Creating package script '/home/dvij/ee206-project/ping-pong-robot/vision_tracking/install/camera_feed/share/camera_feed/package.zsh'
[0.668s] Level 1:colcon.colcon_core.environment:create_file_with_runtime_dependencies(/home/dvij/ee206-project/ping-pong-robot/vision_tracking/install/camera_feed/share/colcon-core/packages/camera_feed)
[0.679s] Level 1:colcon.colcon_core.environment:create_environment_scripts_only(camera_feed)
[0.679s] Level 1:colcon.colcon_core.environment:checking '/home/dvij/ee206-project/ping-pong-robot/vision_tracking/install/camera_feed' for CMake module files
[0.679s] Level 1:colcon.colcon_core.environment:checking '/home/dvij/ee206-project/ping-pong-robot/vision_tracking/install/camera_feed' for CMake config files
[0.680s] Level 1:colcon.colcon_core.shell:create_environment_hook('camera_feed', 'cmake_prefix_path')
[0.680s] INFO:colcon.colcon_core.shell:Creating environment hook '/home/dvij/ee206-project/ping-pong-robot/vision_tracking/install/camera_feed/share/camera_feed/hook/cmake_prefix_path.ps1'
[0.680s] INFO:colcon.colcon_core.shell:Creating environment descriptor '/home/dvij/ee206-project/ping-pong-robot/vision_tracking/install/camera_feed/share/camera_feed/hook/cmake_prefix_path.dsv'
[0.680s] INFO:colcon.colcon_core.shell:Creating environment hook '/home/dvij/ee206-project/ping-pong-robot/vision_tracking/install/camera_feed/share/camera_feed/hook/cmake_prefix_path.sh'
[0.681s] Level 1:colcon.colcon_core.environment:checking '/home/dvij/ee206-project/ping-pong-robot/vision_tracking/install/camera_feed/lib'
[0.681s] Level 1:colcon.colcon_core.environment:checking '/home/dvij/ee206-project/ping-pong-robot/vision_tracking/install/camera_feed/bin'
[0.681s] Level 1:colcon.colcon_core.environment:checking '/home/dvij/ee206-project/ping-pong-robot/vision_tracking/install/camera_feed/lib/pkgconfig/camera_feed.pc'
[0.681s] Level 1:colcon.colcon_core.environment:checking '/home/dvij/ee206-project/ping-pong-robot/vision_tracking/install/camera_feed/lib/python3.8/site-packages'
[0.681s] Level 1:colcon.colcon_core.environment:checking '/home/dvij/ee206-project/ping-pong-robot/vision_tracking/install/camera_feed/bin'
[0.681s] INFO:colcon.colcon_core.shell:Creating package script '/home/dvij/ee206-project/ping-pong-robot/vision_tracking/install/camera_feed/share/camera_feed/package.ps1'
[0.681s] INFO:colcon.colcon_core.shell:Creating package descriptor '/home/dvij/ee206-project/ping-pong-robot/vision_tracking/install/camera_feed/share/camera_feed/package.dsv'
[0.682s] INFO:colcon.colcon_core.shell:Creating package script '/home/dvij/ee206-project/ping-pong-robot/vision_tracking/install/camera_feed/share/camera_feed/package.sh'
[0.682s] INFO:colcon.colcon_core.shell:Creating package script '/home/dvij/ee206-project/ping-pong-robot/vision_tracking/install/camera_feed/share/camera_feed/package.bash'
[0.682s] INFO:colcon.colcon_core.shell:Creating package script '/home/dvij/ee206-project/ping-pong-robot/vision_tracking/install/camera_feed/share/camera_feed/package.zsh'
[0.682s] Level 1:colcon.colcon_core.environment:create_file_with_runtime_dependencies(/home/dvij/ee206-project/ping-pong-robot/vision_tracking/install/camera_feed/share/colcon-core/packages/camera_feed)
[0.894s] DEBUG:colcon.colcon_core.event_handler.log_command:Invoking command in '/home/dvij/ee206-project/ping-pong-robot/vision_tracking/ros2_ws/src/scene_interpreter': PYTHONPATH=/home/dvij/ee206-project/ping-pong-robot/vision_tracking/build/scene_interpreter/prefix_override:/usr/lib/python3/dist-packages/colcon_core/task/python/colcon_distutils_commands:/home/dvij/ee206-project/ping-pong-robot/vision_tracking/install/scene_interpreter/lib/python3.8/site-packages:${PYTHONPATH} /usr/bin/python3 -W ignore:setup.py install is deprecated setup.py egg_info --egg-base ../../../build/scene_interpreter build --build-base /home/dvij/ee206-project/ping-pong-robot/vision_tracking/build/scene_interpreter/build install --record /home/dvij/ee206-project/ping-pong-robot/vision_tracking/build/scene_interpreter/install.log --single-version-externally-managed install_data
[1.080s] Level 1:colcon.colcon_core.environment:checking '/home/dvij/ee206-project/ping-pong-robot/vision_tracking/install/scene_interpreter' for CMake module files
[1.080s] DEBUG:colcon.colcon_core.event_handler.log_command:Invoked command in '/home/dvij/ee206-project/ping-pong-robot/vision_tracking/ros2_ws/src/scene_interpreter' returned '0': PYTHONPATH=/home/dvij/ee206-project/ping-pong-robot/vision_tracking/build/scene_interpreter/prefix_override:/usr/lib/python3/dist-packages/colcon_core/task/python/colcon_distutils_commands:/home/dvij/ee206-project/ping-pong-robot/vision_tracking/install/scene_interpreter/lib/python3.8/site-packages:${PYTHONPATH} /usr/bin/python3 -W ignore:setup.py install is deprecated setup.py egg_info --egg-base ../../../build/scene_interpreter build --build-base /home/dvij/ee206-project/ping-pong-robot/vision_tracking/build/scene_interpreter/build install --record /home/dvij/ee206-project/ping-pong-robot/vision_tracking/build/scene_interpreter/install.log --single-version-externally-managed install_data
[1.081s] Level 1:colcon.colcon_core.environment:checking '/home/dvij/ee206-project/ping-pong-robot/vision_tracking/install/scene_interpreter' for CMake config files
[1.081s] Level 1:colcon.colcon_core.environment:checking '/home/dvij/ee206-project/ping-pong-robot/vision_tracking/install/scene_interpreter/lib'
[1.081s] Level 1:colcon.colcon_core.environment:checking '/home/dvij/ee206-project/ping-pong-robot/vision_tracking/install/scene_interpreter/bin'
[1.081s] Level 1:colcon.colcon_core.environment:checking '/home/dvij/ee206-project/ping-pong-robot/vision_tracking/install/scene_interpreter/lib/pkgconfig/scene_interpreter.pc'
[1.081s] Level 1:colcon.colcon_core.environment:checking '/home/dvij/ee206-project/ping-pong-robot/vision_tracking/install/scene_interpreter/lib/python3.8/site-packages'
[1.081s] Level 1:colcon.colcon_core.shell:create_environment_hook('scene_interpreter', 'pythonpath')
[1.081s] INFO:colcon.colcon_core.shell:Creating environment hook '/home/dvij/ee206-project/ping-pong-robot/vision_tracking/install/scene_interpreter/share/scene_interpreter/hook/pythonpath.ps1'
[1.082s] INFO:colcon.colcon_core.shell:Creating environment descriptor '/home/dvij/ee206-project/ping-pong-robot/vision_tracking/install/scene_interpreter/share/scene_interpreter/hook/pythonpath.dsv'
[1.082s] INFO:colcon.colcon_core.shell:Creating environment hook '/home/dvij/ee206-project/ping-pong-robot/vision_tracking/install/scene_interpreter/share/scene_interpreter/hook/pythonpath.sh'
[1.082s] Level 1:colcon.colcon_core.environment:checking '/home/dvij/ee206-project/ping-pong-robot/vision_tracking/install/scene_interpreter/bin'
[1.082s] Level 1:colcon.colcon_core.environment:create_environment_scripts_only(scene_interpreter)
[1.082s] INFO:colcon.colcon_core.shell:Creating package script '/home/dvij/ee206-project/ping-pong-robot/vision_tracking/install/scene_interpreter/share/scene_interpreter/package.ps1'
[1.083s] INFO:colcon.colcon_core.shell:Creating package descriptor '/home/dvij/ee206-project/ping-pong-robot/vision_tracking/install/scene_interpreter/share/scene_interpreter/package.dsv'
[1.083s] INFO:colcon.colcon_core.shell:Creating package script '/home/dvij/ee206-project/ping-pong-robot/vision_tracking/install/scene_interpreter/share/scene_interpreter/package.sh'
[1.083s] INFO:colcon.colcon_core.shell:Creating package script '/home/dvij/ee206-project/ping-pong-robot/vision_tracking/install/scene_interpreter/share/scene_interpreter/package.bash'
[1.083s] INFO:colcon.colcon_core.shell:Creating package script '/home/dvij/ee206-project/ping-pong-robot/vision_tracking/install/scene_interpreter/share/scene_interpreter/package.zsh'
[1.083s] Level 1:colcon.colcon_core.environment:create_file_with_runtime_dependencies(/home/dvij/ee206-project/ping-pong-robot/vision_tracking/install/scene_interpreter/share/colcon-core/packages/scene_interpreter)
[1.083s] DEBUG:colcon.colcon_parallel_executor.executor.parallel:closing loop
[1.084s] DEBUG:colcon.colcon_parallel_executor.executor.parallel:loop closed
[1.084s] DEBUG:colcon.colcon_parallel_executor.executor.parallel:run_until_complete finished with '0'
[1.084s] DEBUG:colcon.colcon_core.event_reactor:joining thread
[1.088s] INFO:colcon.colcon_core.plugin_system:Skipping extension 'colcon_notification.desktop_notification.terminal_notifier': Not used on non-Darwin systems
[1.088s] INFO:colcon.colcon_core.plugin_system:Skipping extension 'colcon_notification.desktop_notification.win32': Not used on non-Windows systems
[1.088s] INFO:colcon.colcon_notification.desktop_notification:Sending desktop notification using 'notify2'
[1.096s] DEBUG:colcon.colcon_core.event_reactor:joined thread
[1.096s] INFO:colcon.colcon_core.shell:Creating prefix script '/home/dvij/ee206-project/ping-pong-robot/vision_tracking/install/local_setup.ps1'
[1.096s] INFO:colcon.colcon_core.shell:Creating prefix util module '/home/dvij/ee206-project/ping-pong-robot/vision_tracking/install/_local_setup_util_ps1.py'
[1.097s] INFO:colcon.colcon_core.shell:Creating prefix chain script '/home/dvij/ee206-project/ping-pong-robot/vision_tracking/install/setup.ps1'
[1.098s] INFO:colcon.colcon_core.shell:Creating prefix script '/home/dvij/ee206-project/ping-pong-robot/vision_tracking/install/local_setup.sh'
[1.098s] INFO:colcon.colcon_core.shell:Creating prefix util module '/home/dvij/ee206-project/ping-pong-robot/vision_tracking/install/_local_setup_util_sh.py'
[1.098s] INFO:colcon.colcon_core.shell:Creating prefix chain script '/home/dvij/ee206-project/ping-pong-robot/vision_tracking/install/setup.sh'
[1.099s] INFO:colcon.colcon_core.shell:Creating prefix script '/home/dvij/ee206-project/ping-pong-robot/vision_tracking/install/local_setup.bash'
[1.099s] INFO:colcon.colcon_core.shell:Creating prefix chain script '/home/dvij/ee206-project/ping-pong-robot/vision_tracking/install/setup.bash'
[1.100s] INFO:colcon.colcon_core.shell:Creating prefix script '/home/dvij/ee206-project/ping-pong-robot/vision_tracking/install/local_setup.zsh'
[1.100s] INFO:colcon.colcon_core.shell:Creating prefix chain script '/home/dvij/ee206-project/ping-pong-robot/vision_tracking/install/setup.zsh'
