[2.065s] DEBUG:colcon:Command line arguments: ['/usr/bin/colcon', 'build', '--packages-select', 'camera_feed']
[2.065s] DEBUG:colcon:Parsed command line arguments: Namespace(allow_overriding=[], ament_cmake_args=None, base_paths=['.'], build_base='build', catkin_cmake_args=None, catkin_skip_building_tests=False, cmake_args=None, cmake_clean_cache=False, cmake_clean_first=False, cmake_force_configure=False, cmake_target=None, cmake_target_skip_unavailable=False, continue_on_error=False, event_handlers=None, executor='parallel', ignore_user_meta=False, install_base='install', log_base=None, log_level=None, main=<bound method BuildVerb.main of <colcon_core.verb.build.BuildVerb object at 0x7fc9e3541a30>>, merge_install=False, metas=['./colcon.meta'], packages_above=None, packages_above_and_dependencies=None, packages_above_depth=None, packages_end=None, packages_ignore=None, packages_ignore_regex=None, packages_select=['camera_feed'], packages_select_build_failed=False, packages_select_by_dep=None, packages_select_regex=None, packages_select_test_failures=False, packages_skip=None, packages_skip_build_finished=False, packages_skip_by_dep=None, packages_skip_regex=None, packages_skip_test_passed=False, packages_skip_up_to=None, packages_start=None, packages_up_to=None, packages_up_to_regex=None, parallel_workers=20, paths=None, symlink_install=False, test_result_base=None, verb_extension=<colcon_core.verb.build.BuildVerb object at 0x7fc9e3541a30>, verb_name='build', verb_parser=<colcon_defaults.argument_parser.defaults.DefaultArgumentsDecorator object at 0x7fc9e30dff70>)
[2.154s] Level 1:colcon.colcon_core.package_discovery:discover_packages(colcon_meta) check parameters
[2.154s] Level 1:colcon.colcon_core.package_discovery:discover_packages(recursive) check parameters
[2.154s] Level 1:colcon.colcon_core.package_discovery:discover_packages(ignore) check parameters
[2.154s] Level 1:colcon.colcon_core.package_discovery:discover_packages(path) check parameters
[2.154s] Level 1:colcon.colcon_core.package_discovery:discover_packages(colcon_meta) discover
[2.154s] Level 1:colcon.colcon_core.package_discovery:discover_packages(recursive) discover
[2.154s] INFO:colcon.colcon_core.package_discovery:Crawling recursively for packages in '/home/pingpongproject/code/ping-pong-robot/lbr_fri_ros2_stack_ws_foxy2'
[2.154s] Level 1:colcon.colcon_core.package_identification:_identify(.) by extensions ['ignore', 'ignore_ament_install']
[2.154s] Level 1:colcon.colcon_core.package_identification:_identify(.) by extension 'ignore'
[2.154s] Level 1:colcon.colcon_core.package_identification:_identify(.) by extension 'ignore_ament_install'
[2.154s] Level 1:colcon.colcon_core.package_identification:_identify(.) by extensions ['colcon_pkg']
[2.154s] Level 1:colcon.colcon_core.package_identification:_identify(.) by extension 'colcon_pkg'
[2.154s] Level 1:colcon.colcon_core.package_identification:_identify(.) by extensions ['colcon_meta']
[2.154s] Level 1:colcon.colcon_core.package_identification:_identify(.) by extension 'colcon_meta'
[2.154s] Level 1:colcon.colcon_core.package_identification:_identify(.) by extensions ['ros']
[2.154s] Level 1:colcon.colcon_core.package_identification:_identify(.) by extension 'ros'
[2.170s] Level 1:colcon.colcon_core.package_identification:_identify(.) by extensions ['cmake', 'python']
[2.170s] Level 1:colcon.colcon_core.package_identification:_identify(.) by extension 'cmake'
[2.170s] Level 1:colcon.colcon_core.package_identification:_identify(.) by extension 'python'
[2.170s] Level 1:colcon.colcon_core.package_identification:_identify(.) by extensions ['python_setup_py']
[2.170s] Level 1:colcon.colcon_core.package_identification:_identify(.) by extension 'python_setup_py'
[2.170s] Level 1:colcon.colcon_core.package_identification:_identify(build) by extensions ['ignore', 'ignore_ament_install']
[2.170s] Level 1:colcon.colcon_core.package_identification:_identify(build) by extension 'ignore'
[2.170s] Level 1:colcon.colcon_core.package_identification:_identify(build) ignored
[2.170s] Level 1:colcon.colcon_core.package_identification:_identify(install) by extensions ['ignore', 'ignore_ament_install']
[2.170s] Level 1:colcon.colcon_core.package_identification:_identify(install) by extension 'ignore'
[2.170s] Level 1:colcon.colcon_core.package_identification:_identify(install) ignored
[2.170s] Level 1:colcon.colcon_core.package_identification:_identify(log) by extensions ['ignore', 'ignore_ament_install']
[2.170s] Level 1:colcon.colcon_core.package_identification:_identify(log) by extension 'ignore'
[2.171s] Level 1:colcon.colcon_core.package_identification:_identify(log) ignored
[2.171s] Level 1:colcon.colcon_core.package_identification:_identify(src) by extensions ['ignore', 'ignore_ament_install']
[2.171s] Level 1:colcon.colcon_core.package_identification:_identify(src) by extension 'ignore'
[2.171s] Level 1:colcon.colcon_core.package_identification:_identify(src) by extension 'ignore_ament_install'
[2.171s] Level 1:colcon.colcon_core.package_identification:_identify(src) by extensions ['colcon_pkg']
[2.171s] Level 1:colcon.colcon_core.package_identification:_identify(src) by extension 'colcon_pkg'
[2.171s] Level 1:colcon.colcon_core.package_identification:_identify(src) by extensions ['colcon_meta']
[2.171s] Level 1:colcon.colcon_core.package_identification:_identify(src) by extension 'colcon_meta'
[2.171s] Level 1:colcon.colcon_core.package_identification:_identify(src) by extensions ['ros']
[2.171s] Level 1:colcon.colcon_core.package_identification:_identify(src) by extension 'ros'
[2.171s] Level 1:colcon.colcon_core.package_identification:_identify(src) by extensions ['cmake', 'python']
[2.171s] Level 1:colcon.colcon_core.package_identification:_identify(src) by extension 'cmake'
[2.171s] Level 1:colcon.colcon_core.package_identification:_identify(src) by extension 'python'
[2.171s] Level 1:colcon.colcon_core.package_identification:_identify(src) by extensions ['python_setup_py']
[2.171s] Level 1:colcon.colcon_core.package_identification:_identify(src) by extension 'python_setup_py'
[2.171s] Level 1:colcon.colcon_core.package_identification:_identify(src/fri_vendor) by extensions ['ignore', 'ignore_ament_install']
[2.171s] Level 1:colcon.colcon_core.package_identification:_identify(src/fri_vendor) by extension 'ignore'
[2.171s] Level 1:colcon.colcon_core.package_identification:_identify(src/fri_vendor) by extension 'ignore_ament_install'
[2.171s] Level 1:colcon.colcon_core.package_identification:_identify(src/fri_vendor) by extensions ['colcon_pkg']
[2.171s] Level 1:colcon.colcon_core.package_identification:_identify(src/fri_vendor) by extension 'colcon_pkg'
[2.171s] Level 1:colcon.colcon_core.package_identification:_identify(src/fri_vendor) by extensions ['colcon_meta']
[2.171s] Level 1:colcon.colcon_core.package_identification:_identify(src/fri_vendor) by extension 'colcon_meta'
[2.171s] Level 1:colcon.colcon_core.package_identification:_identify(src/fri_vendor) by extensions ['ros']
[2.171s] Level 1:colcon.colcon_core.package_identification:_identify(src/fri_vendor) by extension 'ros'
[2.173s] DEBUG:colcon.colcon_core.package_identification:Package 'src/fri_vendor' with type 'ros.ament_cmake' and name 'fri_vendor'
[2.173s] Level 1:colcon.colcon_core.package_identification:_identify(src/lbr_fri_ros2_stack) by extensions ['ignore', 'ignore_ament_install']
[2.173s] Level 1:colcon.colcon_core.package_identification:_identify(src/lbr_fri_ros2_stack) by extension 'ignore'
[2.173s] Level 1:colcon.colcon_core.package_identification:_identify(src/lbr_fri_ros2_stack) by extension 'ignore_ament_install'
[2.173s] Level 1:colcon.colcon_core.package_identification:_identify(src/lbr_fri_ros2_stack) by extensions ['colcon_pkg']
[2.173s] Level 1:colcon.colcon_core.package_identification:_identify(src/lbr_fri_ros2_stack) by extension 'colcon_pkg'
[2.173s] Level 1:colcon.colcon_core.package_identification:_identify(src/lbr_fri_ros2_stack) by extensions ['colcon_meta']
[2.173s] Level 1:colcon.colcon_core.package_identification:_identify(src/lbr_fri_ros2_stack) by extension 'colcon_meta'
[2.173s] Level 1:colcon.colcon_core.package_identification:_identify(src/lbr_fri_ros2_stack) by extensions ['ros']
[2.173s] Level 1:colcon.colcon_core.package_identification:_identify(src/lbr_fri_ros2_stack) by extension 'ros'
[2.173s] Level 1:colcon.colcon_core.package_identification:_identify(src/lbr_fri_ros2_stack) by extensions ['cmake', 'python']
[2.173s] Level 1:colcon.colcon_core.package_identification:_identify(src/lbr_fri_ros2_stack) by extension 'cmake'
[2.173s] Level 1:colcon.colcon_core.package_identification:_identify(src/lbr_fri_ros2_stack) by extension 'python'
[2.173s] Level 1:colcon.colcon_core.package_identification:_identify(src/lbr_fri_ros2_stack) by extensions ['python_setup_py']
[2.173s] Level 1:colcon.colcon_core.package_identification:_identify(src/lbr_fri_ros2_stack) by extension 'python_setup_py'
[2.173s] Level 1:colcon.colcon_core.package_identification:_identify(src/lbr_fri_ros2_stack/control) by extensions ['ignore', 'ignore_ament_install']
[2.173s] Level 1:colcon.colcon_core.package_identification:_identify(src/lbr_fri_ros2_stack/control) by extension 'ignore'
[2.173s] Level 1:colcon.colcon_core.package_identification:_identify(src/lbr_fri_ros2_stack/control) by extension 'ignore_ament_install'
[2.174s] Level 1:colcon.colcon_core.package_identification:_identify(src/lbr_fri_ros2_stack/control) by extensions ['colcon_pkg']
[2.174s] Level 1:colcon.colcon_core.package_identification:_identify(src/lbr_fri_ros2_stack/control) by extension 'colcon_pkg'
[2.174s] Level 1:colcon.colcon_core.package_identification:_identify(src/lbr_fri_ros2_stack/control) by extensions ['colcon_meta']
[2.174s] Level 1:colcon.colcon_core.package_identification:_identify(src/lbr_fri_ros2_stack/control) by extension 'colcon_meta'
[2.174s] Level 1:colcon.colcon_core.package_identification:_identify(src/lbr_fri_ros2_stack/control) by extensions ['ros']
[2.174s] Level 1:colcon.colcon_core.package_identification:_identify(src/lbr_fri_ros2_stack/control) by extension 'ros'
[2.174s] Level 1:colcon.colcon_core.package_identification:_identify(src/lbr_fri_ros2_stack/control) by extensions ['cmake', 'python']
[2.174s] Level 1:colcon.colcon_core.package_identification:_identify(src/lbr_fri_ros2_stack/control) by extension 'cmake'
[2.174s] Level 1:colcon.colcon_core.package_identification:_identify(src/lbr_fri_ros2_stack/control) by extension 'python'
[2.174s] Level 1:colcon.colcon_core.package_identification:_identify(src/lbr_fri_ros2_stack/control) by extensions ['python_setup_py']
[2.174s] Level 1:colcon.colcon_core.package_identification:_identify(src/lbr_fri_ros2_stack/control) by extension 'python_setup_py'
[2.174s] Level 1:colcon.colcon_core.package_identification:_identify(src/lbr_fri_ros2_stack/control/workspace_controller) by extensions ['ignore', 'ignore_ament_install']
[2.174s] Level 1:colcon.colcon_core.package_identification:_identify(src/lbr_fri_ros2_stack/control/workspace_controller) by extension 'ignore'
[2.174s] Level 1:colcon.colcon_core.package_identification:_identify(src/lbr_fri_ros2_stack/control/workspace_controller) by extension 'ignore_ament_install'
[2.174s] Level 1:colcon.colcon_core.package_identification:_identify(src/lbr_fri_ros2_stack/control/workspace_controller) by extensions ['colcon_pkg']
[2.174s] Level 1:colcon.colcon_core.package_identification:_identify(src/lbr_fri_ros2_stack/control/workspace_controller) by extension 'colcon_pkg'
[2.174s] Level 1:colcon.colcon_core.package_identification:_identify(src/lbr_fri_ros2_stack/control/workspace_controller) by extensions ['colcon_meta']
[2.174s] Level 1:colcon.colcon_core.package_identification:_identify(src/lbr_fri_ros2_stack/control/workspace_controller) by extension 'colcon_meta'
[2.174s] Level 1:colcon.colcon_core.package_identification:_identify(src/lbr_fri_ros2_stack/control/workspace_controller) by extensions ['ros']
[2.174s] Level 1:colcon.colcon_core.package_identification:_identify(src/lbr_fri_ros2_stack/control/workspace_controller) by extension 'ros'
[2.174s] DEBUG:colcon.colcon_core.package_identification:Failed to parse potential ROS package manifest in'src/lbr_fri_ros2_stack/control/workspace_controller': Error(s) in package 'src/lbr_fri_ros2_stack/control/workspace_controller/package.xml':
The manifest contains invalid XML:
mismatched tag: line 11, column 29
[2.174s] Level 1:colcon.colcon_core.package_identification:_identify(src/lbr_fri_ros2_stack/control/workspace_controller) by extensions ['cmake', 'python']
[2.174s] Level 1:colcon.colcon_core.package_identification:_identify(src/lbr_fri_ros2_stack/control/workspace_controller) by extension 'cmake'
[2.174s] Level 1:colcon.colcon_core.package_identification:_identify(src/lbr_fri_ros2_stack/control/workspace_controller) by extension 'python'
[2.174s] DEBUG:colcon.colcon_core.package_identification:Python package in 'src/lbr_fri_ros2_stack/control/workspace_controller' passes arguments to the setup() function which requires a different identification extension than 'python'
[2.174s] Level 1:colcon.colcon_core.package_identification:_identify(src/lbr_fri_ros2_stack/control/workspace_controller) by extensions ['python_setup_py']
[2.174s] Level 1:colcon.colcon_core.package_identification:_identify(src/lbr_fri_ros2_stack/control/workspace_controller) by extension 'python_setup_py'
[2.342s] DEBUG:colcon.colcon_core.package_identification:Package 'src/lbr_fri_ros2_stack/control/workspace_controller' with type 'python' and name 'workspace_controller'
[2.343s] Level 1:colcon.colcon_core.package_identification:_identify(src/lbr_fri_ros2_stack/lbr_bringup) by extensions ['ignore', 'ignore_ament_install']
[2.343s] Level 1:colcon.colcon_core.package_identification:_identify(src/lbr_fri_ros2_stack/lbr_bringup) by extension 'ignore'
[2.343s] Level 1:colcon.colcon_core.package_identification:_identify(src/lbr_fri_ros2_stack/lbr_bringup) by extension 'ignore_ament_install'
[2.343s] Level 1:colcon.colcon_core.package_identification:_identify(src/lbr_fri_ros2_stack/lbr_bringup) by extensions ['colcon_pkg']
[2.343s] Level 1:colcon.colcon_core.package_identification:_identify(src/lbr_fri_ros2_stack/lbr_bringup) by extension 'colcon_pkg'
[2.343s] Level 1:colcon.colcon_core.package_identification:_identify(src/lbr_fri_ros2_stack/lbr_bringup) by extensions ['colcon_meta']
[2.343s] Level 1:colcon.colcon_core.package_identification:_identify(src/lbr_fri_ros2_stack/lbr_bringup) by extension 'colcon_meta'
[2.343s] Level 1:colcon.colcon_core.package_identification:_identify(src/lbr_fri_ros2_stack/lbr_bringup) by extensions ['ros']
[2.343s] Level 1:colcon.colcon_core.package_identification:_identify(src/lbr_fri_ros2_stack/lbr_bringup) by extension 'ros'
[2.343s] DEBUG:colcon.colcon_core.package_identification:Package 'src/lbr_fri_ros2_stack/lbr_bringup' with type 'ros.ament_cmake' and name 'lbr_bringup'
[2.344s] Level 1:colcon.colcon_core.package_identification:_identify(src/lbr_fri_ros2_stack/lbr_demos) by extensions ['ignore', 'ignore_ament_install']
[2.344s] Level 1:colcon.colcon_core.package_identification:_identify(src/lbr_fri_ros2_stack/lbr_demos) by extension 'ignore'
[2.344s] Level 1:colcon.colcon_core.package_identification:_identify(src/lbr_fri_ros2_stack/lbr_demos) by extension 'ignore_ament_install'
[2.344s] Level 1:colcon.colcon_core.package_identification:_identify(src/lbr_fri_ros2_stack/lbr_demos) by extensions ['colcon_pkg']
[2.344s] Level 1:colcon.colcon_core.package_identification:_identify(src/lbr_fri_ros2_stack/lbr_demos) by extension 'colcon_pkg'
[2.344s] Level 1:colcon.colcon_core.package_identification:_identify(src/lbr_fri_ros2_stack/lbr_demos) by extensions ['colcon_meta']
[2.344s] Level 1:colcon.colcon_core.package_identification:_identify(src/lbr_fri_ros2_stack/lbr_demos) by extension 'colcon_meta'
[2.344s] Level 1:colcon.colcon_core.package_identification:_identify(src/lbr_fri_ros2_stack/lbr_demos) by extensions ['ros']
[2.344s] Level 1:colcon.colcon_core.package_identification:_identify(src/lbr_fri_ros2_stack/lbr_demos) by extension 'ros'
[2.344s] Level 1:colcon.colcon_core.package_identification:_identify(src/lbr_fri_ros2_stack/lbr_demos) by extensions ['cmake', 'python']
[2.344s] Level 1:colcon.colcon_core.package_identification:_identify(src/lbr_fri_ros2_stack/lbr_demos) by extension 'cmake'
[2.344s] Level 1:colcon.colcon_core.package_identification:_identify(src/lbr_fri_ros2_stack/lbr_demos) by extension 'python'
[2.344s] Level 1:colcon.colcon_core.package_identification:_identify(src/lbr_fri_ros2_stack/lbr_demos) by extensions ['python_setup_py']
[2.344s] Level 1:colcon.colcon_core.package_identification:_identify(src/lbr_fri_ros2_stack/lbr_demos) by extension 'python_setup_py'
[2.344s] Level 1:colcon.colcon_core.package_identification:_identify(src/lbr_fri_ros2_stack/lbr_demos/doc) by extensions ['ignore', 'ignore_ament_install']
[2.344s] Level 1:colcon.colcon_core.package_identification:_identify(src/lbr_fri_ros2_stack/lbr_demos/doc) by extension 'ignore'
[2.344s] Level 1:colcon.colcon_core.package_identification:_identify(src/lbr_fri_ros2_stack/lbr_demos/doc) by extension 'ignore_ament_install'
[2.344s] Level 1:colcon.colcon_core.package_identification:_identify(src/lbr_fri_ros2_stack/lbr_demos/doc) by extensions ['colcon_pkg']
[2.344s] Level 1:colcon.colcon_core.package_identification:_identify(src/lbr_fri_ros2_stack/lbr_demos/doc) by extension 'colcon_pkg'
[2.344s] Level 1:colcon.colcon_core.package_identification:_identify(src/lbr_fri_ros2_stack/lbr_demos/doc) by extensions ['colcon_meta']
[2.344s] Level 1:colcon.colcon_core.package_identification:_identify(src/lbr_fri_ros2_stack/lbr_demos/doc) by extension 'colcon_meta'
[2.344s] Level 1:colcon.colcon_core.package_identification:_identify(src/lbr_fri_ros2_stack/lbr_demos/doc) by extensions ['ros']
[2.344s] Level 1:colcon.colcon_core.package_identification:_identify(src/lbr_fri_ros2_stack/lbr_demos/doc) by extension 'ros'
[2.344s] Level 1:colcon.colcon_core.package_identification:_identify(src/lbr_fri_ros2_stack/lbr_demos/doc) by extensions ['cmake', 'python']
[2.344s] Level 1:colcon.colcon_core.package_identification:_identify(src/lbr_fri_ros2_stack/lbr_demos/doc) by extension 'cmake'
[2.344s] Level 1:colcon.colcon_core.package_identification:_identify(src/lbr_fri_ros2_stack/lbr_demos/doc) by extension 'python'
[2.344s] Level 1:colcon.colcon_core.package_identification:_identify(src/lbr_fri_ros2_stack/lbr_demos/doc) by extensions ['python_setup_py']
[2.344s] Level 1:colcon.colcon_core.package_identification:_identify(src/lbr_fri_ros2_stack/lbr_demos/doc) by extension 'python_setup_py'
[2.344s] Level 1:colcon.colcon_core.package_identification:_identify(src/lbr_fri_ros2_stack/lbr_demos/doc/img) by extensions ['ignore', 'ignore_ament_install']
[2.344s] Level 1:colcon.colcon_core.package_identification:_identify(src/lbr_fri_ros2_stack/lbr_demos/doc/img) by extension 'ignore'
[2.344s] Level 1:colcon.colcon_core.package_identification:_identify(src/lbr_fri_ros2_stack/lbr_demos/doc/img) by extension 'ignore_ament_install'
[2.344s] Level 1:colcon.colcon_core.package_identification:_identify(src/lbr_fri_ros2_stack/lbr_demos/doc/img) by extensions ['colcon_pkg']
[2.344s] Level 1:colcon.colcon_core.package_identification:_identify(src/lbr_fri_ros2_stack/lbr_demos/doc/img) by extension 'colcon_pkg'
[2.344s] Level 1:colcon.colcon_core.package_identification:_identify(src/lbr_fri_ros2_stack/lbr_demos/doc/img) by extensions ['colcon_meta']
[2.344s] Level 1:colcon.colcon_core.package_identification:_identify(src/lbr_fri_ros2_stack/lbr_demos/doc/img) by extension 'colcon_meta'
[2.344s] Level 1:colcon.colcon_core.package_identification:_identify(src/lbr_fri_ros2_stack/lbr_demos/doc/img) by extensions ['ros']
[2.344s] Level 1:colcon.colcon_core.package_identification:_identify(src/lbr_fri_ros2_stack/lbr_demos/doc/img) by extension 'ros'
[2.344s] Level 1:colcon.colcon_core.package_identification:_identify(src/lbr_fri_ros2_stack/lbr_demos/doc/img) by extensions ['cmake', 'python']
[2.344s] Level 1:colcon.colcon_core.package_identification:_identify(src/lbr_fri_ros2_stack/lbr_demos/doc/img) by extension 'cmake'
[2.344s] Level 1:colcon.colcon_core.package_identification:_identify(src/lbr_fri_ros2_stack/lbr_demos/doc/img) by extension 'python'
[2.344s] Level 1:colcon.colcon_core.package_identification:_identify(src/lbr_fri_ros2_stack/lbr_demos/doc/img) by extensions ['python_setup_py']
[2.344s] Level 1:colcon.colcon_core.package_identification:_identify(src/lbr_fri_ros2_stack/lbr_demos/doc/img) by extension 'python_setup_py'
[2.345s] Level 1:colcon.colcon_core.package_identification:_identify(src/lbr_fri_ros2_stack/lbr_demos/lbr_demos_fri_ros2_advanced_python) by extensions ['ignore', 'ignore_ament_install']
[2.345s] Level 1:colcon.colcon_core.package_identification:_identify(src/lbr_fri_ros2_stack/lbr_demos/lbr_demos_fri_ros2_advanced_python) by extension 'ignore'
[2.345s] Level 1:colcon.colcon_core.package_identification:_identify(src/lbr_fri_ros2_stack/lbr_demos/lbr_demos_fri_ros2_advanced_python) by extension 'ignore_ament_install'
[2.345s] Level 1:colcon.colcon_core.package_identification:_identify(src/lbr_fri_ros2_stack/lbr_demos/lbr_demos_fri_ros2_advanced_python) by extensions ['colcon_pkg']
[2.345s] Level 1:colcon.colcon_core.package_identification:_identify(src/lbr_fri_ros2_stack/lbr_demos/lbr_demos_fri_ros2_advanced_python) by extension 'colcon_pkg'
[2.345s] Level 1:colcon.colcon_core.package_identification:_identify(src/lbr_fri_ros2_stack/lbr_demos/lbr_demos_fri_ros2_advanced_python) by extensions ['colcon_meta']
[2.345s] Level 1:colcon.colcon_core.package_identification:_identify(src/lbr_fri_ros2_stack/lbr_demos/lbr_demos_fri_ros2_advanced_python) by extension 'colcon_meta'
[2.345s] Level 1:colcon.colcon_core.package_identification:_identify(src/lbr_fri_ros2_stack/lbr_demos/lbr_demos_fri_ros2_advanced_python) by extensions ['ros']
[2.345s] Level 1:colcon.colcon_core.package_identification:_identify(src/lbr_fri_ros2_stack/lbr_demos/lbr_demos_fri_ros2_advanced_python) by extension 'ros'
[2.345s] DEBUG:colcon.colcon_core.package_identification:Package 'src/lbr_fri_ros2_stack/lbr_demos/lbr_demos_fri_ros2_advanced_python' with type 'ros.ament_python' and name 'lbr_demos_fri_ros2_advanced_python'
[2.345s] Level 1:colcon.colcon_core.package_identification:_identify(src/lbr_fri_ros2_stack/lbr_demos/lbr_demos_fri_ros2_cpp) by extensions ['ignore', 'ignore_ament_install']
[2.345s] Level 1:colcon.colcon_core.package_identification:_identify(src/lbr_fri_ros2_stack/lbr_demos/lbr_demos_fri_ros2_cpp) by extension 'ignore'
[2.345s] Level 1:colcon.colcon_core.package_identification:_identify(src/lbr_fri_ros2_stack/lbr_demos/lbr_demos_fri_ros2_cpp) by extension 'ignore_ament_install'
[2.345s] Level 1:colcon.colcon_core.package_identification:_identify(src/lbr_fri_ros2_stack/lbr_demos/lbr_demos_fri_ros2_cpp) by extensions ['colcon_pkg']
[2.345s] Level 1:colcon.colcon_core.package_identification:_identify(src/lbr_fri_ros2_stack/lbr_demos/lbr_demos_fri_ros2_cpp) by extension 'colcon_pkg'
[2.345s] Level 1:colcon.colcon_core.package_identification:_identify(src/lbr_fri_ros2_stack/lbr_demos/lbr_demos_fri_ros2_cpp) by extensions ['colcon_meta']
[2.345s] Level 1:colcon.colcon_core.package_identification:_identify(src/lbr_fri_ros2_stack/lbr_demos/lbr_demos_fri_ros2_cpp) by extension 'colcon_meta'
[2.345s] Level 1:colcon.colcon_core.package_identification:_identify(src/lbr_fri_ros2_stack/lbr_demos/lbr_demos_fri_ros2_cpp) by extensions ['ros']
[2.345s] Level 1:colcon.colcon_core.package_identification:_identify(src/lbr_fri_ros2_stack/lbr_demos/lbr_demos_fri_ros2_cpp) by extension 'ros'
[2.346s] DEBUG:colcon.colcon_core.package_identification:Package 'src/lbr_fri_ros2_stack/lbr_demos/lbr_demos_fri_ros2_cpp' with type 'ros.ament_cmake' and name 'lbr_demos_fri_ros2_cpp'
[2.346s] Level 1:colcon.colcon_core.package_identification:_identify(src/lbr_fri_ros2_stack/lbr_demos/lbr_demos_fri_ros2_python) by extensions ['ignore', 'ignore_ament_install']
[2.346s] Level 1:colcon.colcon_core.package_identification:_identify(src/lbr_fri_ros2_stack/lbr_demos/lbr_demos_fri_ros2_python) by extension 'ignore'
[2.346s] Level 1:colcon.colcon_core.package_identification:_identify(src/lbr_fri_ros2_stack/lbr_demos/lbr_demos_fri_ros2_python) by extension 'ignore_ament_install'
[2.346s] Level 1:colcon.colcon_core.package_identification:_identify(src/lbr_fri_ros2_stack/lbr_demos/lbr_demos_fri_ros2_python) by extensions ['colcon_pkg']
[2.346s] Level 1:colcon.colcon_core.package_identification:_identify(src/lbr_fri_ros2_stack/lbr_demos/lbr_demos_fri_ros2_python) by extension 'colcon_pkg'
[2.346s] Level 1:colcon.colcon_core.package_identification:_identify(src/lbr_fri_ros2_stack/lbr_demos/lbr_demos_fri_ros2_python) by extensions ['colcon_meta']
[2.346s] Level 1:colcon.colcon_core.package_identification:_identify(src/lbr_fri_ros2_stack/lbr_demos/lbr_demos_fri_ros2_python) by extension 'colcon_meta'
[2.346s] Level 1:colcon.colcon_core.package_identification:_identify(src/lbr_fri_ros2_stack/lbr_demos/lbr_demos_fri_ros2_python) by extensions ['ros']
[2.346s] Level 1:colcon.colcon_core.package_identification:_identify(src/lbr_fri_ros2_stack/lbr_demos/lbr_demos_fri_ros2_python) by extension 'ros'
[2.346s] DEBUG:colcon.colcon_core.package_identification:Package 'src/lbr_fri_ros2_stack/lbr_demos/lbr_demos_fri_ros2_python' with type 'ros.ament_python' and name 'lbr_demos_fri_ros2_python'
[2.346s] Level 1:colcon.colcon_core.package_identification:_identify(src/lbr_fri_ros2_stack/lbr_demos/lbr_demos_ros2_control_cpp) by extensions ['ignore', 'ignore_ament_install']
[2.347s] Level 1:colcon.colcon_core.package_identification:_identify(src/lbr_fri_ros2_stack/lbr_demos/lbr_demos_ros2_control_cpp) by extension 'ignore'
[2.347s] Level 1:colcon.colcon_core.package_identification:_identify(src/lbr_fri_ros2_stack/lbr_demos/lbr_demos_ros2_control_cpp) by extension 'ignore_ament_install'
[2.347s] Level 1:colcon.colcon_core.package_identification:_identify(src/lbr_fri_ros2_stack/lbr_demos/lbr_demos_ros2_control_cpp) by extensions ['colcon_pkg']
[2.347s] Level 1:colcon.colcon_core.package_identification:_identify(src/lbr_fri_ros2_stack/lbr_demos/lbr_demos_ros2_control_cpp) by extension 'colcon_pkg'
[2.347s] Level 1:colcon.colcon_core.package_identification:_identify(src/lbr_fri_ros2_stack/lbr_demos/lbr_demos_ros2_control_cpp) by extensions ['colcon_meta']
[2.347s] Level 1:colcon.colcon_core.package_identification:_identify(src/lbr_fri_ros2_stack/lbr_demos/lbr_demos_ros2_control_cpp) by extension 'colcon_meta'
[2.347s] Level 1:colcon.colcon_core.package_identification:_identify(src/lbr_fri_ros2_stack/lbr_demos/lbr_demos_ros2_control_cpp) by extensions ['ros']
[2.347s] Level 1:colcon.colcon_core.package_identification:_identify(src/lbr_fri_ros2_stack/lbr_demos/lbr_demos_ros2_control_cpp) by extension 'ros'
[2.347s] DEBUG:colcon.colcon_core.package_identification:Package 'src/lbr_fri_ros2_stack/lbr_demos/lbr_demos_ros2_control_cpp' with type 'ros.ament_cmake' and name 'lbr_demos_ros2_control_cpp'
[2.347s] Level 1:colcon.colcon_core.package_identification:_identify(src/lbr_fri_ros2_stack/lbr_demos/lbr_demos_ros2_control_python) by extensions ['ignore', 'ignore_ament_install']
[2.347s] Level 1:colcon.colcon_core.package_identification:_identify(src/lbr_fri_ros2_stack/lbr_demos/lbr_demos_ros2_control_python) by extension 'ignore'
[2.347s] Level 1:colcon.colcon_core.package_identification:_identify(src/lbr_fri_ros2_stack/lbr_demos/lbr_demos_ros2_control_python) by extension 'ignore_ament_install'
[2.347s] Level 1:colcon.colcon_core.package_identification:_identify(src/lbr_fri_ros2_stack/lbr_demos/lbr_demos_ros2_control_python) by extensions ['colcon_pkg']
[2.347s] Level 1:colcon.colcon_core.package_identification:_identify(src/lbr_fri_ros2_stack/lbr_demos/lbr_demos_ros2_control_python) by extension 'colcon_pkg'
[2.347s] Level 1:colcon.colcon_core.package_identification:_identify(src/lbr_fri_ros2_stack/lbr_demos/lbr_demos_ros2_control_python) by extensions ['colcon_meta']
[2.347s] Level 1:colcon.colcon_core.package_identification:_identify(src/lbr_fri_ros2_stack/lbr_demos/lbr_demos_ros2_control_python) by extension 'colcon_meta'
[2.347s] Level 1:colcon.colcon_core.package_identification:_identify(src/lbr_fri_ros2_stack/lbr_demos/lbr_demos_ros2_control_python) by extensions ['ros']
[2.347s] Level 1:colcon.colcon_core.package_identification:_identify(src/lbr_fri_ros2_stack/lbr_demos/lbr_demos_ros2_control_python) by extension 'ros'
[2.348s] DEBUG:colcon.colcon_core.package_identification:Package 'src/lbr_fri_ros2_stack/lbr_demos/lbr_demos_ros2_control_python' with type 'ros.ament_python' and name 'lbr_demos_ros2_control_python'
[2.348s] Level 1:colcon.colcon_core.package_identification:_identify(src/lbr_fri_ros2_stack/lbr_description) by extensions ['ignore', 'ignore_ament_install']
[2.348s] Level 1:colcon.colcon_core.package_identification:_identify(src/lbr_fri_ros2_stack/lbr_description) by extension 'ignore'
[2.348s] Level 1:colcon.colcon_core.package_identification:_identify(src/lbr_fri_ros2_stack/lbr_description) by extension 'ignore_ament_install'
[2.348s] Level 1:colcon.colcon_core.package_identification:_identify(src/lbr_fri_ros2_stack/lbr_description) by extensions ['colcon_pkg']
[2.348s] Level 1:colcon.colcon_core.package_identification:_identify(src/lbr_fri_ros2_stack/lbr_description) by extension 'colcon_pkg'
[2.348s] Level 1:colcon.colcon_core.package_identification:_identify(src/lbr_fri_ros2_stack/lbr_description) by extensions ['colcon_meta']
[2.348s] Level 1:colcon.colcon_core.package_identification:_identify(src/lbr_fri_ros2_stack/lbr_description) by extension 'colcon_meta'
[2.348s] Level 1:colcon.colcon_core.package_identification:_identify(src/lbr_fri_ros2_stack/lbr_description) by extensions ['ros']
[2.348s] Level 1:colcon.colcon_core.package_identification:_identify(src/lbr_fri_ros2_stack/lbr_description) by extension 'ros'
[2.349s] DEBUG:colcon.colcon_core.package_identification:Package 'src/lbr_fri_ros2_stack/lbr_description' with type 'ros.ament_cmake' and name 'lbr_description'
[2.349s] Level 1:colcon.colcon_core.package_identification:_identify(src/lbr_fri_ros2_stack/lbr_fri_msgs) by extensions ['ignore', 'ignore_ament_install']
[2.349s] Level 1:colcon.colcon_core.package_identification:_identify(src/lbr_fri_ros2_stack/lbr_fri_msgs) by extension 'ignore'
[2.349s] Level 1:colcon.colcon_core.package_identification:_identify(src/lbr_fri_ros2_stack/lbr_fri_msgs) by extension 'ignore_ament_install'
[2.349s] Level 1:colcon.colcon_core.package_identification:_identify(src/lbr_fri_ros2_stack/lbr_fri_msgs) by extensions ['colcon_pkg']
[2.349s] Level 1:colcon.colcon_core.package_identification:_identify(src/lbr_fri_ros2_stack/lbr_fri_msgs) by extension 'colcon_pkg'
[2.349s] Level 1:colcon.colcon_core.package_identification:_identify(src/lbr_fri_ros2_stack/lbr_fri_msgs) by extensions ['colcon_meta']
[2.349s] Level 1:colcon.colcon_core.package_identification:_identify(src/lbr_fri_ros2_stack/lbr_fri_msgs) by extension 'colcon_meta'
[2.349s] Level 1:colcon.colcon_core.package_identification:_identify(src/lbr_fri_ros2_stack/lbr_fri_msgs) by extensions ['ros']
[2.349s] Level 1:colcon.colcon_core.package_identification:_identify(src/lbr_fri_ros2_stack/lbr_fri_msgs) by extension 'ros'
[2.349s] DEBUG:colcon.colcon_core.package_identification:Package 'src/lbr_fri_ros2_stack/lbr_fri_msgs' with type 'ros.ament_cmake' and name 'lbr_fri_msgs'
[2.349s] Level 1:colcon.colcon_core.package_identification:_identify(src/lbr_fri_ros2_stack/lbr_fri_ros2) by extensions ['ignore', 'ignore_ament_install']
[2.349s] Level 1:colcon.colcon_core.package_identification:_identify(src/lbr_fri_ros2_stack/lbr_fri_ros2) by extension 'ignore'
[2.349s] Level 1:colcon.colcon_core.package_identification:_identify(src/lbr_fri_ros2_stack/lbr_fri_ros2) by extension 'ignore_ament_install'
[2.349s] Level 1:colcon.colcon_core.package_identification:_identify(src/lbr_fri_ros2_stack/lbr_fri_ros2) by extensions ['colcon_pkg']
[2.349s] Level 1:colcon.colcon_core.package_identification:_identify(src/lbr_fri_ros2_stack/lbr_fri_ros2) by extension 'colcon_pkg'
[2.349s] Level 1:colcon.colcon_core.package_identification:_identify(src/lbr_fri_ros2_stack/lbr_fri_ros2) by extensions ['colcon_meta']
[2.349s] Level 1:colcon.colcon_core.package_identification:_identify(src/lbr_fri_ros2_stack/lbr_fri_ros2) by extension 'colcon_meta'
[2.349s] Level 1:colcon.colcon_core.package_identification:_identify(src/lbr_fri_ros2_stack/lbr_fri_ros2) by extensions ['ros']
[2.349s] Level 1:colcon.colcon_core.package_identification:_identify(src/lbr_fri_ros2_stack/lbr_fri_ros2) by extension 'ros'
[2.350s] DEBUG:colcon.colcon_core.package_identification:Package 'src/lbr_fri_ros2_stack/lbr_fri_ros2' with type 'ros.ament_cmake' and name 'lbr_fri_ros2'
[2.350s] Level 1:colcon.colcon_core.package_identification:_identify(src/lbr_fri_ros2_stack/lbr_fri_ros2_stack) by extensions ['ignore', 'ignore_ament_install']
[2.350s] Level 1:colcon.colcon_core.package_identification:_identify(src/lbr_fri_ros2_stack/lbr_fri_ros2_stack) by extension 'ignore'
[2.350s] Level 1:colcon.colcon_core.package_identification:_identify(src/lbr_fri_ros2_stack/lbr_fri_ros2_stack) by extension 'ignore_ament_install'
[2.350s] Level 1:colcon.colcon_core.package_identification:_identify(src/lbr_fri_ros2_stack/lbr_fri_ros2_stack) by extensions ['colcon_pkg']
[2.350s] Level 1:colcon.colcon_core.package_identification:_identify(src/lbr_fri_ros2_stack/lbr_fri_ros2_stack) by extension 'colcon_pkg'
[2.350s] Level 1:colcon.colcon_core.package_identification:_identify(src/lbr_fri_ros2_stack/lbr_fri_ros2_stack) by extensions ['colcon_meta']
[2.350s] Level 1:colcon.colcon_core.package_identification:_identify(src/lbr_fri_ros2_stack/lbr_fri_ros2_stack) by extension 'colcon_meta'
[2.350s] Level 1:colcon.colcon_core.package_identification:_identify(src/lbr_fri_ros2_stack/lbr_fri_ros2_stack) by extensions ['ros']
[2.350s] Level 1:colcon.colcon_core.package_identification:_identify(src/lbr_fri_ros2_stack/lbr_fri_ros2_stack) by extension 'ros'
[2.351s] DEBUG:colcon.colcon_core.package_identification:Package 'src/lbr_fri_ros2_stack/lbr_fri_ros2_stack' with type 'ros.ament_cmake' and name 'lbr_fri_ros2_stack'
[2.351s] Level 1:colcon.colcon_core.package_identification:_identify(src/lbr_fri_ros2_stack/lbr_hardware_interface) by extensions ['ignore', 'ignore_ament_install']
[2.351s] Level 1:colcon.colcon_core.package_identification:_identify(src/lbr_fri_ros2_stack/lbr_hardware_interface) by extension 'ignore'
[2.351s] Level 1:colcon.colcon_core.package_identification:_identify(src/lbr_fri_ros2_stack/lbr_hardware_interface) by extension 'ignore_ament_install'
[2.351s] Level 1:colcon.colcon_core.package_identification:_identify(src/lbr_fri_ros2_stack/lbr_hardware_interface) by extensions ['colcon_pkg']
[2.351s] Level 1:colcon.colcon_core.package_identification:_identify(src/lbr_fri_ros2_stack/lbr_hardware_interface) by extension 'colcon_pkg'
[2.351s] Level 1:colcon.colcon_core.package_identification:_identify(src/lbr_fri_ros2_stack/lbr_hardware_interface) by extensions ['colcon_meta']
[2.351s] Level 1:colcon.colcon_core.package_identification:_identify(src/lbr_fri_ros2_stack/lbr_hardware_interface) by extension 'colcon_meta'
[2.351s] Level 1:colcon.colcon_core.package_identification:_identify(src/lbr_fri_ros2_stack/lbr_hardware_interface) by extensions ['ros']
[2.351s] Level 1:colcon.colcon_core.package_identification:_identify(src/lbr_fri_ros2_stack/lbr_hardware_interface) by extension 'ros'
[2.352s] DEBUG:colcon.colcon_core.package_identification:Package 'src/lbr_fri_ros2_stack/lbr_hardware_interface' with type 'ros.ament_cmake' and name 'lbr_hardware_interface'
[2.352s] Level 1:colcon.colcon_core.package_identification:_identify(src/lbr_fri_ros2_stack/lbr_moveit) by extensions ['ignore', 'ignore_ament_install']
[2.352s] Level 1:colcon.colcon_core.package_identification:_identify(src/lbr_fri_ros2_stack/lbr_moveit) by extension 'ignore'
[2.352s] Level 1:colcon.colcon_core.package_identification:_identify(src/lbr_fri_ros2_stack/lbr_moveit) by extension 'ignore_ament_install'
[2.352s] Level 1:colcon.colcon_core.package_identification:_identify(src/lbr_fri_ros2_stack/lbr_moveit) by extensions ['colcon_pkg']
[2.352s] Level 1:colcon.colcon_core.package_identification:_identify(src/lbr_fri_ros2_stack/lbr_moveit) by extension 'colcon_pkg'
[2.352s] Level 1:colcon.colcon_core.package_identification:_identify(src/lbr_fri_ros2_stack/lbr_moveit) by extensions ['colcon_meta']
[2.352s] Level 1:colcon.colcon_core.package_identification:_identify(src/lbr_fri_ros2_stack/lbr_moveit) by extension 'colcon_meta'
[2.352s] Level 1:colcon.colcon_core.package_identification:_identify(src/lbr_fri_ros2_stack/lbr_moveit) by extensions ['ros']
[2.352s] Level 1:colcon.colcon_core.package_identification:_identify(src/lbr_fri_ros2_stack/lbr_moveit) by extension 'ros'
[2.352s] DEBUG:colcon.colcon_core.package_identification:Package 'src/lbr_fri_ros2_stack/lbr_moveit' with type 'ros.ament_cmake' and name 'lbr_moveit'
[2.352s] Level 1:colcon.colcon_core.package_identification:_identify(src/lbr_fri_ros2_stack/vision) by extensions ['ignore', 'ignore_ament_install']
[2.353s] Level 1:colcon.colcon_core.package_identification:_identify(src/lbr_fri_ros2_stack/vision) by extension 'ignore'
[2.353s] Level 1:colcon.colcon_core.package_identification:_identify(src/lbr_fri_ros2_stack/vision) by extension 'ignore_ament_install'
[2.353s] Level 1:colcon.colcon_core.package_identification:_identify(src/lbr_fri_ros2_stack/vision) by extensions ['colcon_pkg']
[2.353s] Level 1:colcon.colcon_core.package_identification:_identify(src/lbr_fri_ros2_stack/vision) by extension 'colcon_pkg'
[2.353s] Level 1:colcon.colcon_core.package_identification:_identify(src/lbr_fri_ros2_stack/vision) by extensions ['colcon_meta']
[2.353s] Level 1:colcon.colcon_core.package_identification:_identify(src/lbr_fri_ros2_stack/vision) by extension 'colcon_meta'
[2.353s] Level 1:colcon.colcon_core.package_identification:_identify(src/lbr_fri_ros2_stack/vision) by extensions ['ros']
[2.353s] Level 1:colcon.colcon_core.package_identification:_identify(src/lbr_fri_ros2_stack/vision) by extension 'ros'
[2.353s] Level 1:colcon.colcon_core.package_identification:_identify(src/lbr_fri_ros2_stack/vision) by extensions ['cmake', 'python']
[2.353s] Level 1:colcon.colcon_core.package_identification:_identify(src/lbr_fri_ros2_stack/vision) by extension 'cmake'
[2.353s] Level 1:colcon.colcon_core.package_identification:_identify(src/lbr_fri_ros2_stack/vision) by extension 'python'
[2.353s] Level 1:colcon.colcon_core.package_identification:_identify(src/lbr_fri_ros2_stack/vision) by extensions ['python_setup_py']
[2.353s] Level 1:colcon.colcon_core.package_identification:_identify(src/lbr_fri_ros2_stack/vision) by extension 'python_setup_py'
[2.353s] Level 1:colcon.colcon_core.package_identification:_identify(src/lbr_fri_ros2_stack/vision/camera_feed) by extensions ['ignore', 'ignore_ament_install']
[2.353s] Level 1:colcon.colcon_core.package_identification:_identify(src/lbr_fri_ros2_stack/vision/camera_feed) by extension 'ignore'
[2.353s] Level 1:colcon.colcon_core.package_identification:_identify(src/lbr_fri_ros2_stack/vision/camera_feed) by extension 'ignore_ament_install'
[2.353s] Level 1:colcon.colcon_core.package_identification:_identify(src/lbr_fri_ros2_stack/vision/camera_feed) by extensions ['colcon_pkg']
[2.353s] Level 1:colcon.colcon_core.package_identification:_identify(src/lbr_fri_ros2_stack/vision/camera_feed) by extension 'colcon_pkg'
[2.353s] Level 1:colcon.colcon_core.package_identification:_identify(src/lbr_fri_ros2_stack/vision/camera_feed) by extensions ['colcon_meta']
[2.353s] Level 1:colcon.colcon_core.package_identification:_identify(src/lbr_fri_ros2_stack/vision/camera_feed) by extension 'colcon_meta'
[2.353s] Level 1:colcon.colcon_core.package_identification:_identify(src/lbr_fri_ros2_stack/vision/camera_feed) by extensions ['ros']
[2.353s] Level 1:colcon.colcon_core.package_identification:_identify(src/lbr_fri_ros2_stack/vision/camera_feed) by extension 'ros'
[2.353s] DEBUG:colcon.colcon_core.package_identification:Package 'src/lbr_fri_ros2_stack/vision/camera_feed' with type 'ros.ament_python' and name 'camera_feed'
[2.353s] Level 1:colcon.colcon_core.package_identification:_identify(src/lbr_fri_ros2_stack/vision/cv_bridge) by extensions ['ignore', 'ignore_ament_install']
[2.353s] Level 1:colcon.colcon_core.package_identification:_identify(src/lbr_fri_ros2_stack/vision/cv_bridge) by extension 'ignore'
[2.353s] Level 1:colcon.colcon_core.package_identification:_identify(src/lbr_fri_ros2_stack/vision/cv_bridge) by extension 'ignore_ament_install'
[2.353s] Level 1:colcon.colcon_core.package_identification:_identify(src/lbr_fri_ros2_stack/vision/cv_bridge) by extensions ['colcon_pkg']
[2.353s] Level 1:colcon.colcon_core.package_identification:_identify(src/lbr_fri_ros2_stack/vision/cv_bridge) by extension 'colcon_pkg'
[2.353s] Level 1:colcon.colcon_core.package_identification:_identify(src/lbr_fri_ros2_stack/vision/cv_bridge) by extensions ['colcon_meta']
[2.353s] Level 1:colcon.colcon_core.package_identification:_identify(src/lbr_fri_ros2_stack/vision/cv_bridge) by extension 'colcon_meta'
[2.354s] Level 1:colcon.colcon_core.package_identification:_identify(src/lbr_fri_ros2_stack/vision/cv_bridge) by extensions ['ros']
[2.354s] Level 1:colcon.colcon_core.package_identification:_identify(src/lbr_fri_ros2_stack/vision/cv_bridge) by extension 'ros'
[2.354s] DEBUG:colcon.colcon_core.package_identification:Package 'src/lbr_fri_ros2_stack/vision/cv_bridge' with type 'ros.ament_cmake' and name 'cv_bridge'
[2.354s] Level 1:colcon.colcon_core.package_identification:_identify(src/lbr_fri_ros2_stack/vision/ppr_interfaces) by extensions ['ignore', 'ignore_ament_install']
[2.354s] Level 1:colcon.colcon_core.package_identification:_identify(src/lbr_fri_ros2_stack/vision/ppr_interfaces) by extension 'ignore'
[2.354s] Level 1:colcon.colcon_core.package_identification:_identify(src/lbr_fri_ros2_stack/vision/ppr_interfaces) by extension 'ignore_ament_install'
[2.354s] Level 1:colcon.colcon_core.package_identification:_identify(src/lbr_fri_ros2_stack/vision/ppr_interfaces) by extensions ['colcon_pkg']
[2.354s] Level 1:colcon.colcon_core.package_identification:_identify(src/lbr_fri_ros2_stack/vision/ppr_interfaces) by extension 'colcon_pkg'
[2.354s] Level 1:colcon.colcon_core.package_identification:_identify(src/lbr_fri_ros2_stack/vision/ppr_interfaces) by extensions ['colcon_meta']
[2.354s] Level 1:colcon.colcon_core.package_identification:_identify(src/lbr_fri_ros2_stack/vision/ppr_interfaces) by extension 'colcon_meta'
[2.354s] Level 1:colcon.colcon_core.package_identification:_identify(src/lbr_fri_ros2_stack/vision/ppr_interfaces) by extensions ['ros']
[2.354s] Level 1:colcon.colcon_core.package_identification:_identify(src/lbr_fri_ros2_stack/vision/ppr_interfaces) by extension 'ros'
[2.355s] DEBUG:colcon.colcon_core.package_identification:Package 'src/lbr_fri_ros2_stack/vision/ppr_interfaces' with type 'ros.ament_cmake' and name 'ppr_interfaces'
[2.355s] Level 1:colcon.colcon_core.package_identification:_identify(src/lbr_fri_ros2_stack/vision/scene_interpreter) by extensions ['ignore', 'ignore_ament_install']
[2.355s] Level 1:colcon.colcon_core.package_identification:_identify(src/lbr_fri_ros2_stack/vision/scene_interpreter) by extension 'ignore'
[2.355s] Level 1:colcon.colcon_core.package_identification:_identify(src/lbr_fri_ros2_stack/vision/scene_interpreter) by extension 'ignore_ament_install'
[2.355s] Level 1:colcon.colcon_core.package_identification:_identify(src/lbr_fri_ros2_stack/vision/scene_interpreter) by extensions ['colcon_pkg']
[2.355s] Level 1:colcon.colcon_core.package_identification:_identify(src/lbr_fri_ros2_stack/vision/scene_interpreter) by extension 'colcon_pkg'
[2.355s] Level 1:colcon.colcon_core.package_identification:_identify(src/lbr_fri_ros2_stack/vision/scene_interpreter) by extensions ['colcon_meta']
[2.355s] Level 1:colcon.colcon_core.package_identification:_identify(src/lbr_fri_ros2_stack/vision/scene_interpreter) by extension 'colcon_meta'
[2.355s] Level 1:colcon.colcon_core.package_identification:_identify(src/lbr_fri_ros2_stack/vision/scene_interpreter) by extensions ['ros']
[2.355s] Level 1:colcon.colcon_core.package_identification:_identify(src/lbr_fri_ros2_stack/vision/scene_interpreter) by extension 'ros'
[2.355s] DEBUG:colcon.colcon_core.package_identification:Package 'src/lbr_fri_ros2_stack/vision/scene_interpreter' with type 'ros.ament_python' and name 'scene_interpreter'
[2.356s] Level 1:colcon.colcon_core.package_discovery:discover_packages(recursive) using defaults
[2.356s] Level 1:colcon.colcon_core.package_discovery:discover_packages(ignore) discover
[2.356s] Level 1:colcon.colcon_core.package_discovery:discover_packages(ignore) using defaults
[2.356s] Level 1:colcon.colcon_core.package_discovery:discover_packages(path) discover
[2.356s] Level 1:colcon.colcon_core.package_discovery:discover_packages(path) using defaults
[2.473s] INFO:colcon.colcon_core.package_selection:Skipping not selected package 'cv_bridge' in 'src/lbr_fri_ros2_stack/vision/cv_bridge'
[2.473s] INFO:colcon.colcon_core.package_selection:Skipping not selected package 'fri_vendor' in 'src/fri_vendor'
[2.473s] INFO:colcon.colcon_core.package_selection:Skipping not selected package 'lbr_description' in 'src/lbr_fri_ros2_stack/lbr_description'
[2.473s] INFO:colcon.colcon_core.package_selection:Skipping not selected package 'lbr_fri_msgs' in 'src/lbr_fri_ros2_stack/lbr_fri_msgs'
[2.473s] INFO:colcon.colcon_core.package_selection:Skipping not selected package 'lbr_moveit' in 'src/lbr_fri_ros2_stack/lbr_moveit'
[2.473s] INFO:colcon.colcon_core.package_selection:Skipping not selected package 'ppr_interfaces' in 'src/lbr_fri_ros2_stack/vision/ppr_interfaces'
[2.473s] INFO:colcon.colcon_core.package_selection:Skipping not selected package 'workspace_controller' in 'src/lbr_fri_ros2_stack/control/workspace_controller'
[2.473s] INFO:colcon.colcon_core.package_selection:Skipping not selected package 'lbr_fri_ros2' in 'src/lbr_fri_ros2_stack/lbr_fri_ros2'
[2.473s] INFO:colcon.colcon_core.package_selection:Skipping not selected package 'scene_interpreter' in 'src/lbr_fri_ros2_stack/vision/scene_interpreter'
[2.473s] INFO:colcon.colcon_core.package_selection:Skipping not selected package 'lbr_demos_fri_ros2_advanced_python' in 'src/lbr_fri_ros2_stack/lbr_demos/lbr_demos_fri_ros2_advanced_python'
[2.473s] INFO:colcon.colcon_core.package_selection:Skipping not selected package 'lbr_demos_fri_ros2_cpp' in 'src/lbr_fri_ros2_stack/lbr_demos/lbr_demos_fri_ros2_cpp'
[2.473s] INFO:colcon.colcon_core.package_selection:Skipping not selected package 'lbr_demos_fri_ros2_python' in 'src/lbr_fri_ros2_stack/lbr_demos/lbr_demos_fri_ros2_python'
[2.473s] INFO:colcon.colcon_core.package_selection:Skipping not selected package 'lbr_hardware_interface' in 'src/lbr_fri_ros2_stack/lbr_hardware_interface'
[2.473s] INFO:colcon.colcon_core.package_selection:Skipping not selected package 'lbr_bringup' in 'src/lbr_fri_ros2_stack/lbr_bringup'
[2.473s] INFO:colcon.colcon_core.package_selection:Skipping not selected package 'lbr_demos_ros2_control_cpp' in 'src/lbr_fri_ros2_stack/lbr_demos/lbr_demos_ros2_control_cpp'
[2.473s] INFO:colcon.colcon_core.package_selection:Skipping not selected package 'lbr_demos_ros2_control_python' in 'src/lbr_fri_ros2_stack/lbr_demos/lbr_demos_ros2_control_python'
[2.473s] INFO:colcon.colcon_core.package_selection:Skipping not selected package 'lbr_fri_ros2_stack' in 'src/lbr_fri_ros2_stack/lbr_fri_ros2_stack'
[2.535s] Level 1:colcon.colcon_core.package_discovery:discover_packages(prefix_path) check parameters
[2.535s] Level 1:colcon.colcon_core.package_discovery:discover_packages(prefix_path) discover
[2.598s] DEBUG:colcon.colcon_installed_package_information.package_discovery:Found 11 installed packages in /home/pingpongproject/code/ping-pong-robot/ppr_ws/install
[2.630s] DEBUG:colcon.colcon_installed_package_information.package_discovery:Found 309 installed packages in /opt/ros/foxy
[2.631s] Level 1:colcon.colcon_core.package_discovery:discover_packages(prefix_path) using defaults
[2.793s] Level 5:colcon.colcon_core.verb:set package 'camera_feed' build argument 'cmake_args' from command line to 'None'
[2.793s] Level 5:colcon.colcon_core.verb:set package 'camera_feed' build argument 'cmake_target' from command line to 'None'
[2.794s] Level 5:colcon.colcon_core.verb:set package 'camera_feed' build argument 'cmake_target_skip_unavailable' from command line to 'False'
[2.794s] Level 5:colcon.colcon_core.verb:set package 'camera_feed' build argument 'cmake_clean_cache' from command line to 'False'
[2.794s] Level 5:colcon.colcon_core.verb:set package 'camera_feed' build argument 'cmake_clean_first' from command line to 'False'
[2.794s] Level 5:colcon.colcon_core.verb:set package 'camera_feed' build argument 'cmake_force_configure' from command line to 'False'
[2.794s] Level 5:colcon.colcon_core.verb:set package 'camera_feed' build argument 'ament_cmake_args' from command line to 'None'
[2.794s] Level 5:colcon.colcon_core.verb:set package 'camera_feed' build argument 'catkin_cmake_args' from command line to 'None'
[2.794s] Level 5:colcon.colcon_core.verb:set package 'camera_feed' build argument 'catkin_skip_building_tests' from command line to 'False'
[2.794s] DEBUG:colcon.colcon_core.verb:Building package 'camera_feed' with the following arguments: {'ament_cmake_args': None, 'build_base': '/home/pingpongproject/code/ping-pong-robot/lbr_fri_ros2_stack_ws_foxy2/build/camera_feed', 'catkin_cmake_args': None, 'catkin_skip_building_tests': False, 'cmake_args': None, 'cmake_clean_cache': False, 'cmake_clean_first': False, 'cmake_force_configure': False, 'cmake_target': None, 'cmake_target_skip_unavailable': False, 'install_base': '/home/pingpongproject/code/ping-pong-robot/lbr_fri_ros2_stack_ws_foxy2/install/camera_feed', 'merge_install': False, 'path': '/home/pingpongproject/code/ping-pong-robot/lbr_fri_ros2_stack_ws_foxy2/src/lbr_fri_ros2_stack/vision/camera_feed', 'symlink_install': False, 'test_result_base': None}
[2.824s] INFO:colcon.colcon_core.executor:Executing jobs using 'parallel' executor
[2.856s] DEBUG:colcon.colcon_parallel_executor.executor.parallel:run_until_complete
[2.856s] INFO:colcon.colcon_ros.task.ament_python.build:Building ROS package in '/home/pingpongproject/code/ping-pong-robot/lbr_fri_ros2_stack_ws_foxy2/src/lbr_fri_ros2_stack/vision/camera_feed' with build type 'ament_python'
[2.856s] Level 1:colcon.colcon_core.shell:create_environment_hook('camera_feed', 'ament_prefix_path')
[2.891s] INFO:colcon.colcon_core.plugin_system:Skipping extension 'colcon_core.shell.bat': Not used on non-Windows systems
[2.891s] INFO:colcon.colcon_core.shell:Creating environment hook '/home/pingpongproject/code/ping-pong-robot/lbr_fri_ros2_stack_ws_foxy2/install/camera_feed/share/camera_feed/hook/ament_prefix_path.ps1'
[2.892s] INFO:colcon.colcon_core.shell:Creating environment descriptor '/home/pingpongproject/code/ping-pong-robot/lbr_fri_ros2_stack_ws_foxy2/install/camera_feed/share/camera_feed/hook/ament_prefix_path.dsv'
[2.892s] INFO:colcon.colcon_core.shell:Creating environment hook '/home/pingpongproject/code/ping-pong-robot/lbr_fri_ros2_stack_ws_foxy2/install/camera_feed/share/camera_feed/hook/ament_prefix_path.sh'
[2.924s] INFO:colcon.colcon_core.shell:Skip shell extension 'powershell' for command environment: Not usable outside of PowerShell
[2.924s] DEBUG:colcon.colcon_core.shell:Skip shell extension 'dsv' for command environment
[3.017s] WARNING:colcon.colcon_core.shell:The following packages are in the workspace but haven't been built:
- cv_bridge
- ppr_interfaces
They are being used from the following locations instead:
- /home/pingpongproject/code/ping-pong-robot/ppr_ws/install/cv_bridge
- /home/pingpongproject/code/ping-pong-robot/ppr_ws/install/ppr_interfaces
To suppress this warning ignore these packages in the workspace:
--packages-ignore cv_bridge ppr_interfaces
[3.183s] INFO:colcon.colcon_core.task.python.build:Building Python package in '/home/pingpongproject/code/ping-pong-robot/lbr_fri_ros2_stack_ws_foxy2/src/lbr_fri_ros2_stack/vision/camera_feed'
[3.215s] INFO:colcon.colcon_core.shell:Skip shell extension 'powershell' for command environment: Not usable outside of PowerShell
[3.215s] DEBUG:colcon.colcon_core.shell:Skip shell extension 'dsv' for command environment
[3.711s] DEBUG:colcon.colcon_core.event_handler.log_command:Invoking command in '/home/pingpongproject/code/ping-pong-robot/lbr_fri_ros2_stack_ws_foxy2/src/lbr_fri_ros2_stack/vision/camera_feed': PYTHONPATH=/home/pingpongproject/code/ping-pong-robot/lbr_fri_ros2_stack_ws_foxy2/build/camera_feed/prefix_override:/home/pingpongproject/code/ping-pong-robot/lbr_fri_ros2_stack_ws_foxy2/install/camera_feed/lib/python3.8/site-packages:${PYTHONPATH} /usr/bin/python3 setup.py egg_info --egg-base ../../../../build/camera_feed build --build-base /home/pingpongproject/code/ping-pong-robot/lbr_fri_ros2_stack_ws_foxy2/build/camera_feed/build install --record /home/pingpongproject/code/ping-pong-robot/lbr_fri_ros2_stack_ws_foxy2/build/camera_feed/install.log --single-version-externally-managed
[4.235s] DEBUG:colcon.colcon_core.event_handler.log_command:Invoked command in '/home/pingpongproject/code/ping-pong-robot/lbr_fri_ros2_stack_ws_foxy2/src/lbr_fri_ros2_stack/vision/camera_feed' returned '0': PYTHONPATH=/home/pingpongproject/code/ping-pong-robot/lbr_fri_ros2_stack_ws_foxy2/build/camera_feed/prefix_override:/home/pingpongproject/code/ping-pong-robot/lbr_fri_ros2_stack_ws_foxy2/install/camera_feed/lib/python3.8/site-packages:${PYTHONPATH} /usr/bin/python3 setup.py egg_info --egg-base ../../../../build/camera_feed build --build-base /home/pingpongproject/code/ping-pong-robot/lbr_fri_ros2_stack_ws_foxy2/build/camera_feed/build install --record /home/pingpongproject/code/ping-pong-robot/lbr_fri_ros2_stack_ws_foxy2/build/camera_feed/install.log --single-version-externally-managed
[4.271s] Level 1:colcon.colcon_core.environment:checking '/home/pingpongproject/code/ping-pong-robot/lbr_fri_ros2_stack_ws_foxy2/install/camera_feed' for CMake module files
[4.272s] Level 1:colcon.colcon_core.environment:checking '/home/pingpongproject/code/ping-pong-robot/lbr_fri_ros2_stack_ws_foxy2/install/camera_feed' for CMake config files
[4.272s] Level 1:colcon.colcon_core.environment:checking '/home/pingpongproject/code/ping-pong-robot/lbr_fri_ros2_stack_ws_foxy2/install/camera_feed/lib'
[4.272s] Level 1:colcon.colcon_core.environment:checking '/home/pingpongproject/code/ping-pong-robot/lbr_fri_ros2_stack_ws_foxy2/install/camera_feed/bin'
[4.272s] Level 1:colcon.colcon_core.environment:checking '/home/pingpongproject/code/ping-pong-robot/lbr_fri_ros2_stack_ws_foxy2/install/camera_feed/lib/pkgconfig/camera_feed.pc'
[4.272s] Level 1:colcon.colcon_core.environment:checking '/home/pingpongproject/code/ping-pong-robot/lbr_fri_ros2_stack_ws_foxy2/install/camera_feed/lib/python3.8/site-packages'
[4.272s] Level 1:colcon.colcon_core.shell:create_environment_hook('camera_feed', 'pythonpath')
[4.304s] INFO:colcon.colcon_core.shell:Creating environment hook '/home/pingpongproject/code/ping-pong-robot/lbr_fri_ros2_stack_ws_foxy2/install/camera_feed/share/camera_feed/hook/pythonpath.ps1'
[4.305s] INFO:colcon.colcon_core.shell:Creating environment descriptor '/home/pingpongproject/code/ping-pong-robot/lbr_fri_ros2_stack_ws_foxy2/install/camera_feed/share/camera_feed/hook/pythonpath.dsv'
[4.305s] INFO:colcon.colcon_core.shell:Creating environment hook '/home/pingpongproject/code/ping-pong-robot/lbr_fri_ros2_stack_ws_foxy2/install/camera_feed/share/camera_feed/hook/pythonpath.sh'
[4.305s] Level 1:colcon.colcon_core.environment:checking '/home/pingpongproject/code/ping-pong-robot/lbr_fri_ros2_stack_ws_foxy2/install/camera_feed/bin'
[4.305s] Level 1:colcon.colcon_core.environment:create_environment_scripts_only(camera_feed)
[4.344s] INFO:colcon.colcon_core.shell:Creating package script '/home/pingpongproject/code/ping-pong-robot/lbr_fri_ros2_stack_ws_foxy2/install/camera_feed/share/camera_feed/package.ps1'
[4.344s] INFO:colcon.colcon_core.shell:Creating package descriptor '/home/pingpongproject/code/ping-pong-robot/lbr_fri_ros2_stack_ws_foxy2/install/camera_feed/share/camera_feed/package.dsv'
[4.345s] INFO:colcon.colcon_core.shell:Creating package script '/home/pingpongproject/code/ping-pong-robot/lbr_fri_ros2_stack_ws_foxy2/install/camera_feed/share/camera_feed/package.sh'
[4.345s] INFO:colcon.colcon_core.shell:Creating package script '/home/pingpongproject/code/ping-pong-robot/lbr_fri_ros2_stack_ws_foxy2/install/camera_feed/share/camera_feed/package.bash'
[4.346s] INFO:colcon.colcon_core.shell:Creating package script '/home/pingpongproject/code/ping-pong-robot/lbr_fri_ros2_stack_ws_foxy2/install/camera_feed/share/camera_feed/package.zsh'
[4.346s] Level 1:colcon.colcon_core.environment:create_file_with_runtime_dependencies(/home/pingpongproject/code/ping-pong-robot/lbr_fri_ros2_stack_ws_foxy2/install/camera_feed/share/colcon-core/packages/camera_feed)
[4.346s] DEBUG:colcon.colcon_parallel_executor.executor.parallel:closing loop
[4.347s] DEBUG:colcon.colcon_parallel_executor.executor.parallel:loop closed
[4.347s] DEBUG:colcon.colcon_parallel_executor.executor.parallel:run_until_complete finished with '0'
[4.347s] DEBUG:colcon.colcon_core.event_reactor:joining thread
[4.384s] INFO:colcon.colcon_core.plugin_system:Skipping extension 'colcon_notification.desktop_notification.terminal_notifier': Not used on non-Darwin systems
[4.384s] INFO:colcon.colcon_core.plugin_system:Skipping extension 'colcon_notification.desktop_notification.win32': Not used on non-Windows systems
[4.384s] INFO:colcon.colcon_notification.desktop_notification:Sending desktop notification using 'notify2'
[4.399s] DEBUG:colcon.colcon_core.event_reactor:joined thread
[4.431s] INFO:colcon.colcon_core.shell:Creating prefix script '/home/pingpongproject/code/ping-pong-robot/lbr_fri_ros2_stack_ws_foxy2/install/local_setup.ps1'
[4.432s] INFO:colcon.colcon_core.shell:Creating prefix util module '/home/pingpongproject/code/ping-pong-robot/lbr_fri_ros2_stack_ws_foxy2/install/_local_setup_util_ps1.py'
[4.432s] INFO:colcon.colcon_core.shell:Creating prefix chain script '/home/pingpongproject/code/ping-pong-robot/lbr_fri_ros2_stack_ws_foxy2/install/setup.ps1'
[4.465s] INFO:colcon.colcon_core.shell:Creating prefix script '/home/pingpongproject/code/ping-pong-robot/lbr_fri_ros2_stack_ws_foxy2/install/local_setup.sh'
[4.466s] INFO:colcon.colcon_core.shell:Creating prefix util module '/home/pingpongproject/code/ping-pong-robot/lbr_fri_ros2_stack_ws_foxy2/install/_local_setup_util_sh.py'
[4.466s] INFO:colcon.colcon_core.shell:Creating prefix chain script '/home/pingpongproject/code/ping-pong-robot/lbr_fri_ros2_stack_ws_foxy2/install/setup.sh'
[4.498s] INFO:colcon.colcon_core.shell:Creating prefix script '/home/pingpongproject/code/ping-pong-robot/lbr_fri_ros2_stack_ws_foxy2/install/local_setup.bash'
[4.499s] INFO:colcon.colcon_core.shell:Creating prefix chain script '/home/pingpongproject/code/ping-pong-robot/lbr_fri_ros2_stack_ws_foxy2/install/setup.bash'
[4.530s] INFO:colcon.colcon_core.shell:Creating prefix script '/home/pingpongproject/code/ping-pong-robot/lbr_fri_ros2_stack_ws_foxy2/install/local_setup.zsh'
[4.531s] INFO:colcon.colcon_core.shell:Creating prefix chain script '/home/pingpongproject/code/ping-pong-robot/lbr_fri_ros2_stack_ws_foxy2/install/setup.zsh'
