-- Install configuration: ""
-- Installing: /home/dvij/ee206-project/ping-pong-robot/ppr_ws/install/iiwa_bringup/share/iiwa_bringup/launch
-- Installing: /home/dvij/ee206-project/ping-pong-robot/ppr_ws/install/iiwa_bringup/share/iiwa_bringup/launch/iiwa_servoing.launch.py
-- Installing: /home/dvij/ee206-project/ping-pong-robot/ppr_ws/install/iiwa_bringup/share/iiwa_bringup/launch/iiwa.launch.py
-- Installing: /home/dvij/ee206-project/ping-pong-robot/ppr_ws/install/iiwa_bringup/share/iiwa_bringup/launch/joy_servo_teleop.launch.py
-- Installing: /home/dvij/ee206-project/ping-pong-robot/ppr_ws/install/iiwa_bringup/share/iiwa_bringup/launch/iiwa_pose_tracking.launch.py
-- Installing: /home/dvij/ee206-project/ping-pong-robot/ppr_ws/install/iiwa_bringup/share/iiwa_bringup/launch/iiwa_planning.launch.py
-- Installing: /home/dvij/ee206-project/ping-pong-robot/ppr_ws/install/iiwa_bringup/share/iiwa_bringup/launch/iiwa_test_joint_trajectory_controller.launch.py
-- Installing: /home/dvij/ee206-project/ping-pong-robot/ppr_ws/install/iiwa_bringup/share/iiwa_bringup/config
-- Installing: /home/dvij/ee206-project/ping-pong-robot/ppr_ws/install/iiwa_bringup/share/iiwa_bringup/config/test_trajectory_config.yaml
-- Installing: /home/dvij/ee206-project/ping-pong-robot/ppr_ws/install/iiwa_bringup/share/ament_index/resource_index/package_run_dependencies/iiwa_bringup
-- Installing: /home/dvij/ee206-project/ping-pong-robot/ppr_ws/install/iiwa_bringup/share/ament_index/resource_index/parent_prefix_path/iiwa_bringup
-- Installing: /home/dvij/ee206-project/ping-pong-robot/ppr_ws/install/iiwa_bringup/share/iiwa_bringup/environment/ament_prefix_path.sh
-- Installing: /home/dvij/ee206-project/ping-pong-robot/ppr_ws/install/iiwa_bringup/share/iiwa_bringup/environment/ament_prefix_path.dsv
-- Installing: /home/dvij/ee206-project/ping-pong-robot/ppr_ws/install/iiwa_bringup/share/iiwa_bringup/environment/path.sh
-- Installing: /home/dvij/ee206-project/ping-pong-robot/ppr_ws/install/iiwa_bringup/share/iiwa_bringup/environment/path.dsv
-- Installing: /home/dvij/ee206-project/ping-pong-robot/ppr_ws/install/iiwa_bringup/share/iiwa_bringup/local_setup.bash
-- Installing: /home/dvij/ee206-project/ping-pong-robot/ppr_ws/install/iiwa_bringup/share/iiwa_bringup/local_setup.sh
-- Installing: /home/dvij/ee206-project/ping-pong-robot/ppr_ws/install/iiwa_bringup/share/iiwa_bringup/local_setup.zsh
-- Installing: /home/dvij/ee206-project/ping-pong-robot/ppr_ws/install/iiwa_bringup/share/iiwa_bringup/local_setup.dsv
-- Installing: /home/dvij/ee206-project/ping-pong-robot/ppr_ws/install/iiwa_bringup/share/iiwa_bringup/package.dsv
-- Installing: /home/dvij/ee206-project/ping-pong-robot/ppr_ws/install/iiwa_bringup/share/ament_index/resource_index/packages/iiwa_bringup
-- Installing: /home/dvij/ee206-project/ping-pong-robot/ppr_ws/install/iiwa_bringup/share/iiwa_bringup/cmake/iiwa_bringupConfig.cmake
-- Installing: /home/dvij/ee206-project/ping-pong-robot/ppr_ws/install/iiwa_bringup/share/iiwa_bringup/cmake/iiwa_bringupConfig-version.cmake
-- Installing: /home/dvij/ee206-project/ping-pong-robot/ppr_ws/install/iiwa_bringup/share/iiwa_bringup/package.xml
