[0.018s] Invoking command in '/home/dvij/ee206-project/ping-pong-robot/ppr_ws/build/iiwa_bringup': AMENT_PREFIX_PATH=/home/dvij/ee206-project/ping-pong-robot/ppr_ws/install/iiwa_description:${AMENT_PREFIX_PATH} CMAKE_PREFIX_PATH=/home/dvij/ee206-project/ping-pong-robot/ppr_ws/install/iiwa_description:/opt/ros/foxy:/opt/ros/galactic:${CMAKE_PREFIX_PATH} CONDA_PROMPT_MODIFIER=(base) /usr/local/bin/cmake --build /home/dvij/ee206-project/ping-pong-robot/ppr_ws/build/iiwa_bringup -- -j20 -l20
[0.071s] Invoked command in '/home/dvij/ee206-project/ping-pong-robot/ppr_ws/build/iiwa_bringup' returned '0': AMENT_PREFIX_PATH=/home/dvij/ee206-project/ping-pong-robot/ppr_ws/install/iiwa_description:${AMENT_PREFIX_PATH} CMAKE_PREFIX_PATH=/home/dvij/ee206-project/ping-pong-robot/ppr_ws/install/iiwa_description:/opt/ros/foxy:/opt/ros/galactic:${CMAKE_PREFIX_PATH} CONDA_PROMPT_MODIFIER=(base) /usr/local/bin/cmake --build /home/dvij/ee206-project/ping-pong-robot/ppr_ws/build/iiwa_bringup -- -j20 -l20
[0.150s] Invoking command in '/home/dvij/ee206-project/ping-pong-robot/ppr_ws/build/iiwa_bringup': AMENT_PREFIX_PATH=/home/dvij/ee206-project/ping-pong-robot/ppr_ws/install/iiwa_description:${AMENT_PREFIX_PATH} CMAKE_PREFIX_PATH=/home/dvij/ee206-project/ping-pong-robot/ppr_ws/install/iiwa_description:/opt/ros/foxy:/opt/ros/galactic:${CMAKE_PREFIX_PATH} CONDA_PROMPT_MODIFIER=(base) /usr/local/bin/cmake --install /home/dvij/ee206-project/ping-pong-robot/ppr_ws/build/iiwa_bringup
[0.156s] -- Install configuration: ""
[0.156s] -- Installing: /home/dvij/ee206-project/ping-pong-robot/ppr_ws/install/iiwa_bringup/share/iiwa_bringup/launch
[0.156s] -- Installing: /home/dvij/ee206-project/ping-pong-robot/ppr_ws/install/iiwa_bringup/share/iiwa_bringup/launch/iiwa_servoing.launch.py
[0.156s] -- Installing: /home/dvij/ee206-project/ping-pong-robot/ppr_ws/install/iiwa_bringup/share/iiwa_bringup/launch/iiwa.launch.py
[0.156s] -- Installing: /home/dvij/ee206-project/ping-pong-robot/ppr_ws/install/iiwa_bringup/share/iiwa_bringup/launch/joy_servo_teleop.launch.py
[0.156s] -- Installing: /home/dvij/ee206-project/ping-pong-robot/ppr_ws/install/iiwa_bringup/share/iiwa_bringup/launch/iiwa_pose_tracking.launch.py
[0.156s] -- Installing: /home/dvij/ee206-project/ping-pong-robot/ppr_ws/install/iiwa_bringup/share/iiwa_bringup/launch/iiwa_planning.launch.py
[0.156s] -- Installing: /home/dvij/ee206-project/ping-pong-robot/ppr_ws/install/iiwa_bringup/share/iiwa_bringup/launch/iiwa_test_joint_trajectory_controller.launch.py
[0.156s] -- Installing: /home/dvij/ee206-project/ping-pong-robot/ppr_ws/install/iiwa_bringup/share/iiwa_bringup/config
[0.157s] -- Installing: /home/dvij/ee206-project/ping-pong-robot/ppr_ws/install/iiwa_bringup/share/iiwa_bringup/config/test_trajectory_config.yaml
[0.157s] -- Installing: /home/dvij/ee206-project/ping-pong-robot/ppr_ws/install/iiwa_bringup/share/ament_index/resource_index/package_run_dependencies/iiwa_bringup
[0.157s] -- Installing: /home/dvij/ee206-project/ping-pong-robot/ppr_ws/install/iiwa_bringup/share/ament_index/resource_index/parent_prefix_path/iiwa_bringup
[0.157s] -- Installing: /home/dvij/ee206-project/ping-pong-robot/ppr_ws/install/iiwa_bringup/share/iiwa_bringup/environment/ament_prefix_path.sh
[0.157s] -- Installing: /home/dvij/ee206-project/ping-pong-robot/ppr_ws/install/iiwa_bringup/share/iiwa_bringup/environment/ament_prefix_path.dsv
[0.157s] -- Installing: /home/dvij/ee206-project/ping-pong-robot/ppr_ws/install/iiwa_bringup/share/iiwa_bringup/environment/path.sh
[0.158s] -- Installing: /home/dvij/ee206-project/ping-pong-robot/ppr_ws/install/iiwa_bringup/share/iiwa_bringup/environment/path.dsv
[0.158s] -- Installing: /home/dvij/ee206-project/ping-pong-robot/ppr_ws/install/iiwa_bringup/share/iiwa_bringup/local_setup.bash
[0.158s] -- Installing: /home/dvij/ee206-project/ping-pong-robot/ppr_ws/install/iiwa_bringup/share/iiwa_bringup/local_setup.sh
[0.158s] -- Installing: /home/dvij/ee206-project/ping-pong-robot/ppr_ws/install/iiwa_bringup/share/iiwa_bringup/local_setup.zsh
[0.158s] -- Installing: /home/dvij/ee206-project/ping-pong-robot/ppr_ws/install/iiwa_bringup/share/iiwa_bringup/local_setup.dsv
[0.158s] -- Installing: /home/dvij/ee206-project/ping-pong-robot/ppr_ws/install/iiwa_bringup/share/iiwa_bringup/package.dsv
[0.158s] -- Installing: /home/dvij/ee206-project/ping-pong-robot/ppr_ws/install/iiwa_bringup/share/ament_index/resource_index/packages/iiwa_bringup
[0.159s] -- Installing: /home/dvij/ee206-project/ping-pong-robot/ppr_ws/install/iiwa_bringup/share/iiwa_bringup/cmake/iiwa_bringupConfig.cmake
[0.159s] -- Installing: /home/dvij/ee206-project/ping-pong-robot/ppr_ws/install/iiwa_bringup/share/iiwa_bringup/cmake/iiwa_bringupConfig-version.cmake
[0.159s] -- Installing: /home/dvij/ee206-project/ping-pong-robot/ppr_ws/install/iiwa_bringup/share/iiwa_bringup/package.xml
[0.161s] Invoked command in '/home/dvij/ee206-project/ping-pong-robot/ppr_ws/build/iiwa_bringup' returned '0': AMENT_PREFIX_PATH=/home/dvij/ee206-project/ping-pong-robot/ppr_ws/install/iiwa_description:${AMENT_PREFIX_PATH} CMAKE_PREFIX_PATH=/home/dvij/ee206-project/ping-pong-robot/ppr_ws/install/iiwa_description:/opt/ros/foxy:/opt/ros/galactic:${CMAKE_PREFIX_PATH} CONDA_PROMPT_MODIFIER=(base) /usr/local/bin/cmake --install /home/dvij/ee206-project/ping-pong-robot/ppr_ws/build/iiwa_bringup
