[0.033s] Invoking command in '/home/dvij/ee206-project/ping-pong-robot/ppr_ws/build/iiwa_description': CMAKE_PREFIX_PATH=/opt/ros/foxy:/opt/ros/galactic:${CMAKE_PREFIX_PATH} CONDA_PROMPT_MODIFIER=(base) /usr/local/bin/cmake --build /home/dvij/ee206-project/ping-pong-robot/ppr_ws/build/iiwa_description -- -j20 -l20
[0.228s] Invoked command in '/home/dvij/ee206-project/ping-pong-robot/ppr_ws/build/iiwa_description' returned '0': CMAKE_PREFIX_PATH=/opt/ros/foxy:/opt/ros/galactic:${CMAKE_PREFIX_PATH} CONDA_PROMPT_MODIFIER=(base) /usr/local/bin/cmake --build /home/dvij/ee206-project/ping-pong-robot/ppr_ws/build/iiwa_description -- -j20 -l20
[0.242s] Invoking command in '/home/dvij/ee206-project/ping-pong-robot/ppr_ws/build/iiwa_description': CMAKE_PREFIX_PATH=/opt/ros/foxy:/opt/ros/galactic:${CMAKE_PREFIX_PATH} CONDA_PROMPT_MODIFIER=(base) /usr/local/bin/cmake --install /home/dvij/ee206-project/ping-pong-robot/ppr_ws/build/iiwa_description
[0.247s] -- Install configuration: ""
[0.247s] -- Up-to-date: /home/dvij/ee206-project/ping-pong-robot/ppr_ws/install/iiwa_description/share/iiwa_description/urdf
[0.248s] -- Up-to-date: /home/dvij/ee206-project/ping-pong-robot/ppr_ws/install/iiwa_description/share/iiwa_description/urdf/iiwa.urdf.xacro
[0.250s] -- Up-to-date: /home/dvij/ee206-project/ping-pong-robot/ppr_ws/install/iiwa_description/share/iiwa_description/meshes
[0.251s] -- Up-to-date: /home/dvij/ee206-project/ping-pong-robot/ppr_ws/install/iiwa_description/share/iiwa_description/meshes/lbr_iiwa_14_r820
[0.251s] -- Up-to-date: /home/dvij/ee206-project/ping-pong-robot/ppr_ws/install/iiwa_description/share/iiwa_description/meshes/lbr_iiwa_14_r820/visual
[0.251s] -- Up-to-date: /home/dvij/ee206-project/ping-pong-robot/ppr_ws/install/iiwa_description/share/iiwa_description/meshes/lbr_iiwa_14_r820/visual/link_1.dae
[0.251s] -- Up-to-date: /home/dvij/ee206-project/ping-pong-robot/ppr_ws/install/iiwa_description/share/iiwa_description/meshes/lbr_iiwa_14_r820/visual/link_5.dae
[0.251s] -- Up-to-date: /home/dvij/ee206-project/ping-pong-robot/ppr_ws/install/iiwa_description/share/iiwa_description/meshes/lbr_iiwa_14_r820/visual/link_6.dae
[0.251s] -- Up-to-date: /home/dvij/ee206-project/ping-pong-robot/ppr_ws/install/iiwa_description/share/iiwa_description/meshes/lbr_iiwa_14_r820/visual/link_3.dae
[0.251s] -- Up-to-date: /home/dvij/ee206-project/ping-pong-robot/ppr_ws/install/iiwa_description/share/iiwa_description/meshes/lbr_iiwa_14_r820/visual/link_4.dae
[0.251s] -- Up-to-date: /home/dvij/ee206-project/ping-pong-robot/ppr_ws/install/iiwa_description/share/iiwa_description/meshes/lbr_iiwa_14_r820/visual/link_7.dae
[0.251s] -- Up-to-date: /home/dvij/ee206-project/ping-pong-robot/ppr_ws/install/iiwa_description/share/iiwa_description/meshes/lbr_iiwa_14_r820/visual/link_2.dae
[0.252s] -- Up-to-date: /home/dvij/ee206-project/ping-pong-robot/ppr_ws/install/iiwa_description/share/iiwa_description/meshes/lbr_iiwa_14_r820/visual/link_7_2.stl
[0.252s] -- Up-to-date: /home/dvij/ee206-project/ping-pong-robot/ppr_ws/install/iiwa_description/share/iiwa_description/meshes/lbr_iiwa_14_r820/visual/base_link.dae
[0.253s] -- Up-to-date: /home/dvij/ee206-project/ping-pong-robot/ppr_ws/install/iiwa_description/share/iiwa_description/meshes/lbr_iiwa_14_r820/collision
[0.253s] -- Up-to-date: /home/dvij/ee206-project/ping-pong-robot/ppr_ws/install/iiwa_description/share/iiwa_description/meshes/lbr_iiwa_14_r820/collision/base_link.stl
[0.254s] -- Up-to-date: /home/dvij/ee206-project/ping-pong-robot/ppr_ws/install/iiwa_description/share/iiwa_description/meshes/lbr_iiwa_14_r820/collision/link_1.stl
[0.254s] -- Up-to-date: /home/dvij/ee206-project/ping-pong-robot/ppr_ws/install/iiwa_description/share/iiwa_description/meshes/lbr_iiwa_14_r820/collision/link_6.stl
[0.254s] -- Up-to-date: /home/dvij/ee206-project/ping-pong-robot/ppr_ws/install/iiwa_description/share/iiwa_description/meshes/lbr_iiwa_14_r820/collision/link_2.stl
[0.254s] -- Up-to-date: /home/dvij/ee206-project/ping-pong-robot/ppr_ws/install/iiwa_description/share/iiwa_description/meshes/lbr_iiwa_14_r820/collision/link_3.stl
[0.254s] -- Up-to-date: /home/dvij/ee206-project/ping-pong-robot/ppr_ws/install/iiwa_description/share/iiwa_description/meshes/lbr_iiwa_14_r820/collision/link_4.stl
[0.254s] -- Up-to-date: /home/dvij/ee206-project/ping-pong-robot/ppr_ws/install/iiwa_description/share/iiwa_description/meshes/lbr_iiwa_14_r820/collision/link_7_2.stl
[0.254s] -- Up-to-date: /home/dvij/ee206-project/ping-pong-robot/ppr_ws/install/iiwa_description/share/iiwa_description/meshes/lbr_iiwa_14_r820/collision/link_5.stl
[0.254s] -- Up-to-date: /home/dvij/ee206-project/ping-pong-robot/ppr_ws/install/iiwa_description/share/iiwa_description/meshes/lbr_iiwa_14_r820/collision/link_7.stl
[0.254s] -- Up-to-date: /home/dvij/ee206-project/ping-pong-robot/ppr_ws/install/iiwa_description/share/iiwa_description/meshes/lbr_iiwa_14_r820/link_7_2.stl
[0.255s] -- Up-to-date: /home/dvij/ee206-project/ping-pong-robot/ppr_ws/install/iiwa_description/share/iiwa_description/meshes/flex_fellow_h800
[0.255s] -- Up-to-date: /home/dvij/ee206-project/ping-pong-robot/ppr_ws/install/iiwa_description/share/iiwa_description/meshes/flex_fellow_h800/flex_fellow_h800.stl
[0.255s] -- Up-to-date: /home/dvij/ee206-project/ping-pong-robot/ppr_ws/install/iiwa_description/share/iiwa_description/meshes/flex_fellow_h800/flex_fellow_h800.dae
[0.255s] -- Up-to-date: /home/dvij/ee206-project/ping-pong-robot/ppr_ws/install/iiwa_description/share/iiwa_description/gazebo
[0.255s] -- Up-to-date: /home/dvij/ee206-project/ping-pong-robot/ppr_ws/install/iiwa_description/share/iiwa_description/gazebo/iiwa.gazebo.xacro
[0.255s] -- Up-to-date: /home/dvij/ee206-project/ping-pong-robot/ppr_ws/install/iiwa_description/share/iiwa_description/gazebo/worlds
[0.255s] -- Up-to-date: /home/dvij/ee206-project/ping-pong-robot/ppr_ws/install/iiwa_description/share/iiwa_description/gazebo/worlds/empty.world
[0.255s] -- Up-to-date: /home/dvij/ee206-project/ping-pong-robot/ppr_ws/install/iiwa_description/share/iiwa_description/rviz
[0.255s] -- Up-to-date: /home/dvij/ee206-project/ping-pong-robot/ppr_ws/install/iiwa_description/share/iiwa_description/rviz/moveit.rviz
[0.255s] -- Up-to-date: /home/dvij/ee206-project/ping-pong-robot/ppr_ws/install/iiwa_description/share/iiwa_description/rviz/iiwa.rviz
[0.255s] -- Up-to-date: /home/dvij/ee206-project/ping-pong-robot/ppr_ws/install/iiwa_description/share/iiwa_description/rviz/servo_rviz_config.rviz
[0.255s] -- Up-to-date: /home/dvij/ee206-project/ping-pong-robot/ppr_ws/install/iiwa_description/share/iiwa_description/ros2_control
[0.255s] -- Up-to-date: /home/dvij/ee206-project/ping-pong-robot/ppr_ws/install/iiwa_description/share/iiwa_description/ros2_control/iiwa.r2c_hw_ds.xacro
[0.255s] -- Up-to-date: /home/dvij/ee206-project/ping-pong-robot/ppr_ws/install/iiwa_description/share/iiwa_description/ros2_control/iiwa.r2c_hardware.xacro
[0.255s] -- Up-to-date: /home/dvij/ee206-project/ping-pong-robot/ppr_ws/install/iiwa_description/share/iiwa_description/config
[0.255s] -- Up-to-date: /home/dvij/ee206-project/ping-pong-robot/ppr_ws/install/iiwa_description/share/iiwa_description/config/base_frame.yaml
[0.256s] -- Up-to-date: /home/dvij/ee206-project/ping-pong-robot/ppr_ws/install/iiwa_description/share/iiwa_description/config/iiwa_controllers.yaml
[0.256s] -- Up-to-date: /home/dvij/ee206-project/ping-pong-robot/ppr_ws/install/iiwa_description/share/iiwa_description/config/iiwa.config.xacro
[0.256s] -- Up-to-date: /home/dvij/ee206-project/ping-pong-robot/ppr_ws/install/iiwa_description/share/iiwa_description/config/initial_positions.yaml
[0.256s] -- Up-to-date: /home/dvij/ee206-project/ping-pong-robot/ppr_ws/install/iiwa_description/share/iiwa_description/moveit2
[0.256s] -- Up-to-date: /home/dvij/ee206-project/ping-pong-robot/ppr_ws/install/iiwa_description/share/iiwa_description/moveit2/iiwa_moveit_controller_config.yaml
[0.256s] -- Up-to-date: /home/dvij/ee206-project/ping-pong-robot/ppr_ws/install/iiwa_description/share/iiwa_description/moveit2/iiwa_moveit2_pose_tracking_settings.yaml
[0.256s] -- Up-to-date: /home/dvij/ee206-project/ping-pong-robot/ppr_ws/install/iiwa_description/share/iiwa_description/moveit2/iiwa_moveit2_pose_tracking_config.yaml
[0.256s] -- Up-to-date: /home/dvij/ee206-project/ping-pong-robot/ppr_ws/install/iiwa_description/share/iiwa_description/moveit2/planning_pipelines_config.yaml
[0.257s] -- Up-to-date: /home/dvij/ee206-project/ping-pong-robot/ppr_ws/install/iiwa_description/share/iiwa_description/moveit2/kinematics.yaml
[0.257s] -- Up-to-date: /home/dvij/ee206-project/ping-pong-robot/ppr_ws/install/iiwa_description/share/iiwa_description/moveit2/iiwa_joint_limits.yaml
[0.257s] -- Up-to-date: /home/dvij/ee206-project/ping-pong-robot/ppr_ws/install/iiwa_description/share/iiwa_description/moveit2/ompl_planning.yaml
[0.257s] -- Up-to-date: /home/dvij/ee206-project/ping-pong-robot/ppr_ws/install/iiwa_description/share/iiwa_description/moveit2/iiwa_cartesian_limits.yaml
[0.257s] -- Up-to-date: /home/dvij/ee206-project/ping-pong-robot/ppr_ws/install/iiwa_description/share/iiwa_description/moveit2/iiwa_moveit2_servo_config.yaml
[0.257s] -- Up-to-date: /home/dvij/ee206-project/ping-pong-robot/ppr_ws/install/iiwa_description/share/iiwa_description/srdf
[0.257s] -- Up-to-date: /home/dvij/ee206-project/ping-pong-robot/ppr_ws/install/iiwa_description/share/iiwa_description/srdf/iiwa.srdf.xacro
[0.257s] -- Up-to-date: /home/dvij/ee206-project/ping-pong-robot/ppr_ws/install/iiwa_description/share/iiwa_description/srdf/iiwa_macro.srdf.xacro
[0.257s] -- Up-to-date: /home/dvij/ee206-project/ping-pong-robot/ppr_ws/install/iiwa_description/share/ament_index/resource_index/package_run_dependencies/iiwa_description
[0.257s] -- Up-to-date: /home/dvij/ee206-project/ping-pong-robot/ppr_ws/install/iiwa_description/share/ament_index/resource_index/parent_prefix_path/iiwa_description
[0.257s] -- Up-to-date: /home/dvij/ee206-project/ping-pong-robot/ppr_ws/install/iiwa_description/share/iiwa_description/environment/ament_prefix_path.sh
[0.257s] -- Up-to-date: /home/dvij/ee206-project/ping-pong-robot/ppr_ws/install/iiwa_description/share/iiwa_description/environment/ament_prefix_path.dsv
[0.257s] -- Up-to-date: /home/dvij/ee206-project/ping-pong-robot/ppr_ws/install/iiwa_description/share/iiwa_description/environment/path.sh
[0.258s] -- Up-to-date: /home/dvij/ee206-project/ping-pong-robot/ppr_ws/install/iiwa_description/share/iiwa_description/environment/path.dsv
[0.258s] -- Up-to-date: /home/dvij/ee206-project/ping-pong-robot/ppr_ws/install/iiwa_description/share/iiwa_description/local_setup.bash
[0.258s] -- Up-to-date: /home/dvij/ee206-project/ping-pong-robot/ppr_ws/install/iiwa_description/share/iiwa_description/local_setup.sh
[0.258s] -- Up-to-date: /home/dvij/ee206-project/ping-pong-robot/ppr_ws/install/iiwa_description/share/iiwa_description/local_setup.zsh
[0.258s] -- Up-to-date: /home/dvij/ee206-project/ping-pong-robot/ppr_ws/install/iiwa_description/share/iiwa_description/local_setup.dsv
[0.258s] -- Installing: /home/dvij/ee206-project/ping-pong-robot/ppr_ws/install/iiwa_description/share/iiwa_description/package.dsv
[0.258s] -- Up-to-date: /home/dvij/ee206-project/ping-pong-robot/ppr_ws/install/iiwa_description/share/ament_index/resource_index/packages/iiwa_description
[0.258s] -- Up-to-date: /home/dvij/ee206-project/ping-pong-robot/ppr_ws/install/iiwa_description/share/iiwa_description/cmake/iiwa_descriptionConfig.cmake
[0.258s] -- Up-to-date: /home/dvij/ee206-project/ping-pong-robot/ppr_ws/install/iiwa_description/share/iiwa_description/cmake/iiwa_descriptionConfig-version.cmake
[0.258s] -- Up-to-date: /home/dvij/ee206-project/ping-pong-robot/ppr_ws/install/iiwa_description/share/iiwa_description/package.xml
[0.259s] Invoked command in '/home/dvij/ee206-project/ping-pong-robot/ppr_ws/build/iiwa_description' returned '0': CMAKE_PREFIX_PATH=/opt/ros/foxy:/opt/ros/galactic:${CMAKE_PREFIX_PATH} CONDA_PROMPT_MODIFIER=(base) /usr/local/bin/cmake --install /home/dvij/ee206-project/ping-pong-robot/ppr_ws/build/iiwa_description
