[0.164s] Invoking command in '/home/pingpongproject/code/ping-pong-robot/lbr_fri_ros2_stack_ws_foxy2/build/ppr_interfaces': CMAKE_PREFIX_PATH=${CMAKE_PREFIX_PATH}:/home/pingpongproject/code/ping-pong-robot/lbr_fri_ros2_stack_ws_foxy2/install/lbr_demos_ros2_control_python:/home/pingpongproject/code/ping-pong-robot/lbr_fri_ros2_stack_ws_foxy2/install/lbr_demos_fri_ros2_python:/home/pingpongproject/code/ping-pong-robot/lbr_fri_ros2_stack_ws_foxy2/install/lbr_demos_fri_ros2_advanced_python:/home/pingpongproject/code/ping-pong-robot/lbr_fri_ros2_stack_ws_foxy2/install/camera_feed:/home/pingpongproject/code/ping-pong-robot/ppr_ws/install/scene_visualizer:/home/pingpongproject/code/ping-pong-robot/ppr_ws/install/scene_interpreter:/home/pingpongproject/code/ping-pong-robot/ppr_ws/install/camera_feed:/opt/ros/foxy /home/pingpongproject/.local/bin/cmake /home/pingpongproject/code/ping-pong-robot/lbr_fri_ros2_stack_ws_foxy2/src/lbr_fri_ros2_stack/vision/ppr_interfaces -DCMAKE_INSTALL_PREFIX=/home/pingpongproject/code/ping-pong-robot/lbr_fri_ros2_stack_ws_foxy2/install/ppr_interfaces
[0.222s] -- The C compiler identification is GNU 9.4.0
[0.254s] -- The CXX compiler identification is GNU 9.4.0
[0.259s] -- Detecting C compiler ABI info
[0.289s] -- Detecting C compiler ABI info - done
[0.295s] -- Check for working C compiler: /usr/bin/cc - skipped
[0.295s] -- Detecting C compile features
[0.295s] -- Detecting C compile features - done
[0.298s] -- Detecting CXX compiler ABI info
[0.336s] -- Detecting CXX compiler ABI info - done
[0.342s] -- Check for working CXX compiler: /usr/bin/c++ - skipped
[0.342s] -- Detecting CXX compile features
[0.343s] -- Detecting CXX compile features - done
[0.345s] -- Found ament_cmake: 0.9.12 (/opt/ros/foxy/share/ament_cmake/cmake)
[0.369s] -- Found PythonInterp: /usr/bin/python3 (found suitable version "3.8.10", minimum required is "3") 
[0.369s] -- Using PYTHON_EXECUTABLE: /usr/bin/python3
[0.522s] -- Found std_msgs: 2.0.5 (/opt/ros/foxy/share/std_msgs/cmake)
[0.545s] -- Using all available rosidl_typesupport_c: rosidl_typesupport_fastrtps_c;rosidl_typesupport_introspection_c
[0.552s] -- Found rosidl_adapter: 1.3.1 (/opt/ros/foxy/share/rosidl_adapter/cmake)
[0.600s] -- Found OpenSSL: /usr/lib/x86_64-linux-gnu/libcrypto.so (found version "1.1.1f")  
[0.621s] -- Found FastRTPS: /opt/ros/foxy/include  
[0.673s] -- Using all available rosidl_typesupport_cpp: rosidl_typesupport_fastrtps_cpp;rosidl_typesupport_introspection_cpp
[0.700s] -- Found sensor_msgs: 2.0.5 (/opt/ros/foxy/share/sensor_msgs/cmake)
[0.771s] -- Found rosidl_default_generators: 1.0.1 (/opt/ros/foxy/share/rosidl_default_generators/cmake)
[0.801s] -- Found PythonInterp: /usr/bin/python3 (found version "3.8.10") 
[0.939s] -- Found ament_cmake_ros: 0.9.2 (/opt/ros/foxy/share/ament_cmake_ros/cmake)
[1.116s] -- Using all available rosidl_typesupport_c: rosidl_typesupport_fastrtps_c;rosidl_typesupport_introspection_c
[1.197s] -- Using all available rosidl_typesupport_cpp: rosidl_typesupport_fastrtps_cpp;rosidl_typesupport_introspection_cpp
[1.223s] -- Found PythonInterp: /usr/bin/python3 (found suitable version "3.8.10", minimum required is "3.5") 
[1.224s] -- Found python_cmake_module: 0.8.1 (/opt/ros/foxy/share/python_cmake_module/cmake)
[1.252s] -- Found PythonLibs: /usr/lib/x86_64-linux-gnu/libpython3.8.so (found suitable version "3.8.10", minimum required is "3.5") 
[1.252s] -- Using PYTHON_EXECUTABLE: /usr/bin/python3
[1.252s] -- Using PYTHON_INCLUDE_DIRS: /usr/include/python3.8
[1.252s] -- Using PYTHON_LIBRARIES: /usr/lib/x86_64-linux-gnu/libpython3.8.so
[1.273s] -- Found PythonExtra: .so  
[1.339s] -- Found ament_lint_auto: 0.9.8 (/opt/ros/foxy/share/ament_lint_auto/cmake)
[1.354s] -- Added test 'lint_cmake' to check CMake code style
[1.355s] -- Added test 'xmllint' to check XML markup files
[1.357s] -- Configuring done (1.2s)
[1.390s] -- Generating done (0.0s)
[1.392s] -- Build files have been written to: /home/pingpongproject/code/ping-pong-robot/lbr_fri_ros2_stack_ws_foxy2/build/ppr_interfaces
[1.399s] Invoked command in '/home/pingpongproject/code/ping-pong-robot/lbr_fri_ros2_stack_ws_foxy2/build/ppr_interfaces' returned '0': CMAKE_PREFIX_PATH=${CMAKE_PREFIX_PATH}:/home/pingpongproject/code/ping-pong-robot/lbr_fri_ros2_stack_ws_foxy2/install/lbr_demos_ros2_control_python:/home/pingpongproject/code/ping-pong-robot/lbr_fri_ros2_stack_ws_foxy2/install/lbr_demos_fri_ros2_python:/home/pingpongproject/code/ping-pong-robot/lbr_fri_ros2_stack_ws_foxy2/install/lbr_demos_fri_ros2_advanced_python:/home/pingpongproject/code/ping-pong-robot/lbr_fri_ros2_stack_ws_foxy2/install/camera_feed:/home/pingpongproject/code/ping-pong-robot/ppr_ws/install/scene_visualizer:/home/pingpongproject/code/ping-pong-robot/ppr_ws/install/scene_interpreter:/home/pingpongproject/code/ping-pong-robot/ppr_ws/install/camera_feed:/opt/ros/foxy /home/pingpongproject/.local/bin/cmake /home/pingpongproject/code/ping-pong-robot/lbr_fri_ros2_stack_ws_foxy2/src/lbr_fri_ros2_stack/vision/ppr_interfaces -DCMAKE_INSTALL_PREFIX=/home/pingpongproject/code/ping-pong-robot/lbr_fri_ros2_stack_ws_foxy2/install/ppr_interfaces
[1.402s] Invoking command in '/home/pingpongproject/code/ping-pong-robot/lbr_fri_ros2_stack_ws_foxy2/build/ppr_interfaces': CMAKE_PREFIX_PATH=${CMAKE_PREFIX_PATH}:/home/pingpongproject/code/ping-pong-robot/lbr_fri_ros2_stack_ws_foxy2/install/lbr_demos_ros2_control_python:/home/pingpongproject/code/ping-pong-robot/lbr_fri_ros2_stack_ws_foxy2/install/lbr_demos_fri_ros2_python:/home/pingpongproject/code/ping-pong-robot/lbr_fri_ros2_stack_ws_foxy2/install/lbr_demos_fri_ros2_advanced_python:/home/pingpongproject/code/ping-pong-robot/lbr_fri_ros2_stack_ws_foxy2/install/camera_feed:/home/pingpongproject/code/ping-pong-robot/ppr_ws/install/scene_visualizer:/home/pingpongproject/code/ping-pong-robot/ppr_ws/install/scene_interpreter:/home/pingpongproject/code/ping-pong-robot/ppr_ws/install/camera_feed:/opt/ros/foxy /home/pingpongproject/.local/bin/cmake --build /home/pingpongproject/code/ping-pong-robot/lbr_fri_ros2_stack_ws_foxy2/build/ppr_interfaces -- -j20 -l20
[1.433s] [  3%] [34m[1mGenerating C code for ROS interfaces[0m
[1.435s] [  6%] [34m[1mGenerating C++ code for ROS interfaces[0m
[1.558s] [  6%] Built target ppr_interfaces__cpp
[1.560s] [  9%] [34m[1mGenerating C++ type support dispatch for ROS interfaces[0m
[1.560s] [ 12%] [34m[1mGenerating C++ type support for eProsima Fast-RTPS[0m
[1.561s] [ 16%] [34m[1mGenerating C++ introspection for ROS interfaces[0m
[1.561s] [ 19%] [32mBuilding C object CMakeFiles/ppr_interfaces__rosidl_generator_c.dir/rosidl_generator_c/ppr_interfaces/msg/detail/scene__functions.c.o[0m
[1.588s] [ 22%] [32m[1mLinking C shared library libppr_interfaces__rosidl_generator_c.so[0m
[1.604s] [ 22%] Built target ppr_interfaces__rosidl_generator_c
[1.606s] [ 29%] [34m[1mGenerating C type support dispatch for ROS interfaces[0m
[1.606s] [ 29%] [34m[1mGenerating C introspection for ROS interfaces[0m
[1.677s] [ 32%] [32mBuilding CXX object CMakeFiles/ppr_interfaces__rosidl_typesupport_cpp.dir/rosidl_typesupport_cpp/ppr_interfaces/msg/scene__type_support.cpp.o[0m
[1.682s] [ 35%] [32mBuilding CXX object CMakeFiles/ppr_interfaces__rosidl_typesupport_introspection_cpp.dir/rosidl_typesupport_introspection_cpp/ppr_interfaces/msg/detail/scene__type_support.cpp.o[0m
[1.683s] [ 38%] [32mBuilding CXX object CMakeFiles/ppr_interfaces__rosidl_typesupport_fastrtps_cpp.dir/rosidl_typesupport_fastrtps_cpp/ppr_interfaces/msg/detail/dds_fastrtps/scene__type_support.cpp.o[0m
[1.721s] [ 41%] [32mBuilding CXX object CMakeFiles/ppr_interfaces__rosidl_typesupport_c.dir/rosidl_typesupport_c/ppr_interfaces/msg/scene__type_support.cpp.o[0m
[1.729s] [ 45%] [32mBuilding C object CMakeFiles/ppr_interfaces__rosidl_typesupport_introspection_c.dir/rosidl_typesupport_introspection_c/ppr_interfaces/msg/detail/scene__type_support.c.o[0m
[1.736s] [ 48%] [32m[1mLinking CXX shared library libppr_interfaces__rosidl_typesupport_c.so[0m
[1.749s] [ 51%] [32m[1mLinking C shared library libppr_interfaces__rosidl_typesupport_introspection_c.so[0m
[1.753s] [ 51%] Built target ppr_interfaces__rosidl_typesupport_c
[1.761s] [ 51%] Built target ppr_interfaces__rosidl_typesupport_introspection_c
[1.818s] [ 54%] [32m[1mLinking CXX shared library libppr_interfaces__rosidl_typesupport_cpp.so[0m
[1.836s] [ 54%] Built target ppr_interfaces__rosidl_typesupport_cpp
[1.853s] [ 58%] [32m[1mLinking CXX shared library libppr_interfaces__rosidl_typesupport_introspection_cpp.so[0m
[1.888s] [ 58%] Built target ppr_interfaces__rosidl_typesupport_introspection_cpp
[1.914s] [ 61%] [32m[1mLinking CXX shared library libppr_interfaces__rosidl_typesupport_fastrtps_cpp.so[0m
[1.961s] [ 61%] Built target ppr_interfaces__rosidl_typesupport_fastrtps_cpp
[1.963s] [ 64%] [34m[1mGenerating C type support for eProsima Fast-RTPS[0m
[2.087s] [ 67%] [32mBuilding CXX object CMakeFiles/ppr_interfaces__rosidl_typesupport_fastrtps_c.dir/rosidl_typesupport_fastrtps_c/ppr_interfaces/msg/detail/scene__type_support_c.cpp.o[0m
[2.251s] [ 70%] [32m[1mLinking CXX shared library libppr_interfaces__rosidl_typesupport_fastrtps_c.so[0m
[2.295s] [ 70%] Built target ppr_interfaces__rosidl_typesupport_fastrtps_c
[2.300s] [ 70%] Built target ppr_interfaces
[2.305s] [ 74%] [34m[1mGenerating Python code for ROS interfaces[0m
[2.525s] [ 74%] Built target ppr_interfaces__py
[2.530s] [ 77%] [32mBuilding C object CMakeFiles/ppr_interfaces__python.dir/rosidl_generator_py/ppr_interfaces/msg/_scene_s.c.o[0m
[2.576s] [ 80%] [32m[1mLinking C shared library rosidl_generator_py/ppr_interfaces/libppr_interfaces__python.so[0m
[2.597s] [ 80%] Built target ppr_interfaces__python
[2.602s] [ 83%] [32mBuilding C object CMakeFiles/ppr_interfaces__rosidl_typesupport_introspection_c__pyext.dir/rosidl_generator_py/ppr_interfaces/_ppr_interfaces_s.ep.rosidl_typesupport_introspection_c.c.o[0m
[2.602s] [ 87%] [32mBuilding C object CMakeFiles/ppr_interfaces__rosidl_typesupport_fastrtps_c__pyext.dir/rosidl_generator_py/ppr_interfaces/_ppr_interfaces_s.ep.rosidl_typesupport_fastrtps_c.c.o[0m
[2.602s] [ 90%] [32mBuilding C object CMakeFiles/ppr_interfaces__rosidl_typesupport_c__pyext.dir/rosidl_generator_py/ppr_interfaces/_ppr_interfaces_s.ep.rosidl_typesupport_c.c.o[0m
[2.641s] [100%] [32m[1mLinking C shared library rosidl_generator_py/ppr_interfaces/ppr_interfaces_s__rosidl_typesupport_c.cpython-38-x86_64-linux-gnu.so[0m
[2.641s] [100%] [32m[1mLinking C shared library rosidl_generator_py/ppr_interfaces/ppr_interfaces_s__rosidl_typesupport_introspection_c.cpython-38-x86_64-linux-gnu.so[0m
[2.641s] [100%] [32m[1mLinking CXX shared library rosidl_generator_py/ppr_interfaces/ppr_interfaces_s__rosidl_typesupport_fastrtps_c.cpython-38-x86_64-linux-gnu.so[0m
[2.656s] [100%] Built target ppr_interfaces__rosidl_typesupport_introspection_c__pyext
[2.656s] [100%] Built target ppr_interfaces__rosidl_typesupport_c__pyext
[2.679s] [100%] Built target ppr_interfaces__rosidl_typesupport_fastrtps_c__pyext
[2.684s] Invoked command in '/home/pingpongproject/code/ping-pong-robot/lbr_fri_ros2_stack_ws_foxy2/build/ppr_interfaces' returned '0': CMAKE_PREFIX_PATH=${CMAKE_PREFIX_PATH}:/home/pingpongproject/code/ping-pong-robot/lbr_fri_ros2_stack_ws_foxy2/install/lbr_demos_ros2_control_python:/home/pingpongproject/code/ping-pong-robot/lbr_fri_ros2_stack_ws_foxy2/install/lbr_demos_fri_ros2_python:/home/pingpongproject/code/ping-pong-robot/lbr_fri_ros2_stack_ws_foxy2/install/lbr_demos_fri_ros2_advanced_python:/home/pingpongproject/code/ping-pong-robot/lbr_fri_ros2_stack_ws_foxy2/install/camera_feed:/home/pingpongproject/code/ping-pong-robot/ppr_ws/install/scene_visualizer:/home/pingpongproject/code/ping-pong-robot/ppr_ws/install/scene_interpreter:/home/pingpongproject/code/ping-pong-robot/ppr_ws/install/camera_feed:/opt/ros/foxy /home/pingpongproject/.local/bin/cmake --build /home/pingpongproject/code/ping-pong-robot/lbr_fri_ros2_stack_ws_foxy2/build/ppr_interfaces -- -j20 -l20
[2.760s] Invoking command in '/home/pingpongproject/code/ping-pong-robot/lbr_fri_ros2_stack_ws_foxy2/build/ppr_interfaces': CMAKE_PREFIX_PATH=${CMAKE_PREFIX_PATH}:/home/pingpongproject/code/ping-pong-robot/lbr_fri_ros2_stack_ws_foxy2/install/lbr_demos_ros2_control_python:/home/pingpongproject/code/ping-pong-robot/lbr_fri_ros2_stack_ws_foxy2/install/lbr_demos_fri_ros2_python:/home/pingpongproject/code/ping-pong-robot/lbr_fri_ros2_stack_ws_foxy2/install/lbr_demos_fri_ros2_advanced_python:/home/pingpongproject/code/ping-pong-robot/lbr_fri_ros2_stack_ws_foxy2/install/camera_feed:/home/pingpongproject/code/ping-pong-robot/ppr_ws/install/scene_visualizer:/home/pingpongproject/code/ping-pong-robot/ppr_ws/install/scene_interpreter:/home/pingpongproject/code/ping-pong-robot/ppr_ws/install/camera_feed:/opt/ros/foxy /home/pingpongproject/.local/bin/cmake --install /home/pingpongproject/code/ping-pong-robot/lbr_fri_ros2_stack_ws_foxy2/build/ppr_interfaces
[2.783s] -- Install configuration: ""
[2.783s] -- Installing: /home/pingpongproject/code/ping-pong-robot/lbr_fri_ros2_stack_ws_foxy2/install/ppr_interfaces/share/ament_index/resource_index/rosidl_interfaces/ppr_interfaces
[2.783s] -- Installing: /home/pingpongproject/code/ping-pong-robot/lbr_fri_ros2_stack_ws_foxy2/install/ppr_interfaces/include/ppr_interfaces
[2.783s] -- Installing: /home/pingpongproject/code/ping-pong-robot/lbr_fri_ros2_stack_ws_foxy2/install/ppr_interfaces/include/ppr_interfaces/msg
[2.783s] -- Installing: /home/pingpongproject/code/ping-pong-robot/lbr_fri_ros2_stack_ws_foxy2/install/ppr_interfaces/include/ppr_interfaces/msg/rosidl_generator_c__visibility_control.h
[2.783s] -- Installing: /home/pingpongproject/code/ping-pong-robot/lbr_fri_ros2_stack_ws_foxy2/install/ppr_interfaces/include/ppr_interfaces/msg/detail
[2.783s] -- Installing: /home/pingpongproject/code/ping-pong-robot/lbr_fri_ros2_stack_ws_foxy2/install/ppr_interfaces/include/ppr_interfaces/msg/detail/scene__functions.c
[2.783s] -- Installing: /home/pingpongproject/code/ping-pong-robot/lbr_fri_ros2_stack_ws_foxy2/install/ppr_interfaces/include/ppr_interfaces/msg/detail/scene__type_support.h
[2.783s] -- Installing: /home/pingpongproject/code/ping-pong-robot/lbr_fri_ros2_stack_ws_foxy2/install/ppr_interfaces/include/ppr_interfaces/msg/detail/scene__struct.h
[2.783s] -- Installing: /home/pingpongproject/code/ping-pong-robot/lbr_fri_ros2_stack_ws_foxy2/install/ppr_interfaces/include/ppr_interfaces/msg/detail/scene__functions.h
[2.783s] -- Installing: /home/pingpongproject/code/ping-pong-robot/lbr_fri_ros2_stack_ws_foxy2/install/ppr_interfaces/include/ppr_interfaces/msg/scene.h
[2.783s] -- Installing: /home/pingpongproject/code/ping-pong-robot/lbr_fri_ros2_stack_ws_foxy2/install/ppr_interfaces/share/ppr_interfaces/environment/library_path.sh
[2.783s] -- Installing: /home/pingpongproject/code/ping-pong-robot/lbr_fri_ros2_stack_ws_foxy2/install/ppr_interfaces/share/ppr_interfaces/environment/library_path.dsv
[2.783s] -- Installing: /home/pingpongproject/code/ping-pong-robot/lbr_fri_ros2_stack_ws_foxy2/install/ppr_interfaces/lib/libppr_interfaces__rosidl_generator_c.so
[2.784s] -- Set runtime path of "/home/pingpongproject/code/ping-pong-robot/lbr_fri_ros2_stack_ws_foxy2/install/ppr_interfaces/lib/libppr_interfaces__rosidl_generator_c.so" to ""
[2.784s] -- Up-to-date: /home/pingpongproject/code/ping-pong-robot/lbr_fri_ros2_stack_ws_foxy2/install/ppr_interfaces/include/ppr_interfaces
[2.784s] -- Up-to-date: /home/pingpongproject/code/ping-pong-robot/lbr_fri_ros2_stack_ws_foxy2/install/ppr_interfaces/include/ppr_interfaces/msg
[2.784s] -- Installing: /home/pingpongproject/code/ping-pong-robot/lbr_fri_ros2_stack_ws_foxy2/install/ppr_interfaces/include/ppr_interfaces/msg/rosidl_typesupport_fastrtps_c__visibility_control.h
[2.784s] -- Up-to-date: /home/pingpongproject/code/ping-pong-robot/lbr_fri_ros2_stack_ws_foxy2/install/ppr_interfaces/include/ppr_interfaces/msg/detail
[2.784s] -- Installing: /home/pingpongproject/code/ping-pong-robot/lbr_fri_ros2_stack_ws_foxy2/install/ppr_interfaces/include/ppr_interfaces/msg/detail/scene__rosidl_typesupport_fastrtps_c.h
[2.784s] -- Installing: /home/pingpongproject/code/ping-pong-robot/lbr_fri_ros2_stack_ws_foxy2/install/ppr_interfaces/lib/libppr_interfaces__rosidl_typesupport_fastrtps_c.so
[2.784s] -- Set runtime path of "/home/pingpongproject/code/ping-pong-robot/lbr_fri_ros2_stack_ws_foxy2/install/ppr_interfaces/lib/libppr_interfaces__rosidl_typesupport_fastrtps_c.so" to ""
[2.784s] -- Up-to-date: /home/pingpongproject/code/ping-pong-robot/lbr_fri_ros2_stack_ws_foxy2/install/ppr_interfaces/include/ppr_interfaces
[2.784s] -- Up-to-date: /home/pingpongproject/code/ping-pong-robot/lbr_fri_ros2_stack_ws_foxy2/install/ppr_interfaces/include/ppr_interfaces/msg
[2.784s] -- Installing: /home/pingpongproject/code/ping-pong-robot/lbr_fri_ros2_stack_ws_foxy2/install/ppr_interfaces/include/ppr_interfaces/msg/rosidl_typesupport_fastrtps_cpp__visibility_control.h
[2.784s] -- Up-to-date: /home/pingpongproject/code/ping-pong-robot/lbr_fri_ros2_stack_ws_foxy2/install/ppr_interfaces/include/ppr_interfaces/msg/detail
[2.784s] -- Installing: /home/pingpongproject/code/ping-pong-robot/lbr_fri_ros2_stack_ws_foxy2/install/ppr_interfaces/include/ppr_interfaces/msg/detail/scene__rosidl_typesupport_fastrtps_cpp.hpp
[2.784s] -- Installing: /home/pingpongproject/code/ping-pong-robot/lbr_fri_ros2_stack_ws_foxy2/install/ppr_interfaces/include/ppr_interfaces/msg/detail/dds_fastrtps
[2.784s] -- Installing: /home/pingpongproject/code/ping-pong-robot/lbr_fri_ros2_stack_ws_foxy2/install/ppr_interfaces/lib/libppr_interfaces__rosidl_typesupport_fastrtps_cpp.so
[2.784s] -- Set runtime path of "/home/pingpongproject/code/ping-pong-robot/lbr_fri_ros2_stack_ws_foxy2/install/ppr_interfaces/lib/libppr_interfaces__rosidl_typesupport_fastrtps_cpp.so" to ""
[2.784s] -- Up-to-date: /home/pingpongproject/code/ping-pong-robot/lbr_fri_ros2_stack_ws_foxy2/install/ppr_interfaces/include/ppr_interfaces
[2.784s] -- Up-to-date: /home/pingpongproject/code/ping-pong-robot/lbr_fri_ros2_stack_ws_foxy2/install/ppr_interfaces/include/ppr_interfaces/msg
[2.784s] -- Installing: /home/pingpongproject/code/ping-pong-robot/lbr_fri_ros2_stack_ws_foxy2/install/ppr_interfaces/include/ppr_interfaces/msg/rosidl_typesupport_introspection_c__visibility_control.h
[2.784s] -- Up-to-date: /home/pingpongproject/code/ping-pong-robot/lbr_fri_ros2_stack_ws_foxy2/install/ppr_interfaces/include/ppr_interfaces/msg/detail
[2.784s] -- Installing: /home/pingpongproject/code/ping-pong-robot/lbr_fri_ros2_stack_ws_foxy2/install/ppr_interfaces/include/ppr_interfaces/msg/detail/scene__type_support.c
[2.784s] -- Installing: /home/pingpongproject/code/ping-pong-robot/lbr_fri_ros2_stack_ws_foxy2/install/ppr_interfaces/include/ppr_interfaces/msg/detail/scene__rosidl_typesupport_introspection_c.h
[2.784s] -- Installing: /home/pingpongproject/code/ping-pong-robot/lbr_fri_ros2_stack_ws_foxy2/install/ppr_interfaces/lib/libppr_interfaces__rosidl_typesupport_introspection_c.so
[2.784s] -- Set runtime path of "/home/pingpongproject/code/ping-pong-robot/lbr_fri_ros2_stack_ws_foxy2/install/ppr_interfaces/lib/libppr_interfaces__rosidl_typesupport_introspection_c.so" to ""
[2.784s] -- Installing: /home/pingpongproject/code/ping-pong-robot/lbr_fri_ros2_stack_ws_foxy2/install/ppr_interfaces/lib/libppr_interfaces__rosidl_typesupport_c.so
[2.784s] -- Set runtime path of "/home/pingpongproject/code/ping-pong-robot/lbr_fri_ros2_stack_ws_foxy2/install/ppr_interfaces/lib/libppr_interfaces__rosidl_typesupport_c.so" to ""
[2.784s] -- Up-to-date: /home/pingpongproject/code/ping-pong-robot/lbr_fri_ros2_stack_ws_foxy2/install/ppr_interfaces/include/ppr_interfaces
[2.784s] -- Up-to-date: /home/pingpongproject/code/ping-pong-robot/lbr_fri_ros2_stack_ws_foxy2/install/ppr_interfaces/include/ppr_interfaces/msg
[2.784s] -- Installing: /home/pingpongproject/code/ping-pong-robot/lbr_fri_ros2_stack_ws_foxy2/install/ppr_interfaces/include/ppr_interfaces/msg/rosidl_generator_cpp__visibility_control.hpp
[2.785s] -- Installing: /home/pingpongproject/code/ping-pong-robot/lbr_fri_ros2_stack_ws_foxy2/install/ppr_interfaces/include/ppr_interfaces/msg/scene.hpp
[2.785s] -- Up-to-date: /home/pingpongproject/code/ping-pong-robot/lbr_fri_ros2_stack_ws_foxy2/install/ppr_interfaces/include/ppr_interfaces/msg/detail
[2.785s] -- Installing: /home/pingpongproject/code/ping-pong-robot/lbr_fri_ros2_stack_ws_foxy2/install/ppr_interfaces/include/ppr_interfaces/msg/detail/scene__builder.hpp
[2.785s] -- Installing: /home/pingpongproject/code/ping-pong-robot/lbr_fri_ros2_stack_ws_foxy2/install/ppr_interfaces/include/ppr_interfaces/msg/detail/scene__type_support.hpp
[2.785s] -- Installing: /home/pingpongproject/code/ping-pong-robot/lbr_fri_ros2_stack_ws_foxy2/install/ppr_interfaces/include/ppr_interfaces/msg/detail/scene__struct.hpp
[2.785s] -- Installing: /home/pingpongproject/code/ping-pong-robot/lbr_fri_ros2_stack_ws_foxy2/install/ppr_interfaces/include/ppr_interfaces/msg/detail/scene__traits.hpp
[2.785s] -- Up-to-date: /home/pingpongproject/code/ping-pong-robot/lbr_fri_ros2_stack_ws_foxy2/install/ppr_interfaces/include/ppr_interfaces
[2.785s] -- Up-to-date: /home/pingpongproject/code/ping-pong-robot/lbr_fri_ros2_stack_ws_foxy2/install/ppr_interfaces/include/ppr_interfaces/msg
[2.785s] -- Up-to-date: /home/pingpongproject/code/ping-pong-robot/lbr_fri_ros2_stack_ws_foxy2/install/ppr_interfaces/include/ppr_interfaces/msg/detail
[2.785s] -- Installing: /home/pingpongproject/code/ping-pong-robot/lbr_fri_ros2_stack_ws_foxy2/install/ppr_interfaces/include/ppr_interfaces/msg/detail/scene__type_support.cpp
[2.785s] -- Installing: /home/pingpongproject/code/ping-pong-robot/lbr_fri_ros2_stack_ws_foxy2/install/ppr_interfaces/include/ppr_interfaces/msg/detail/scene__rosidl_typesupport_introspection_cpp.hpp
[2.785s] -- Installing: /home/pingpongproject/code/ping-pong-robot/lbr_fri_ros2_stack_ws_foxy2/install/ppr_interfaces/lib/libppr_interfaces__rosidl_typesupport_introspection_cpp.so
[2.785s] -- Set runtime path of "/home/pingpongproject/code/ping-pong-robot/lbr_fri_ros2_stack_ws_foxy2/install/ppr_interfaces/lib/libppr_interfaces__rosidl_typesupport_introspection_cpp.so" to ""
[2.785s] -- Installing: /home/pingpongproject/code/ping-pong-robot/lbr_fri_ros2_stack_ws_foxy2/install/ppr_interfaces/lib/libppr_interfaces__rosidl_typesupport_cpp.so
[2.785s] -- Set runtime path of "/home/pingpongproject/code/ping-pong-robot/lbr_fri_ros2_stack_ws_foxy2/install/ppr_interfaces/lib/libppr_interfaces__rosidl_typesupport_cpp.so" to ""
[2.785s] -- Installing: /home/pingpongproject/code/ping-pong-robot/lbr_fri_ros2_stack_ws_foxy2/install/ppr_interfaces/share/ppr_interfaces/environment/pythonpath.sh
[2.786s] -- Installing: /home/pingpongproject/code/ping-pong-robot/lbr_fri_ros2_stack_ws_foxy2/install/ppr_interfaces/share/ppr_interfaces/environment/pythonpath.dsv
[2.786s] -- Installing: /home/pingpongproject/code/ping-pong-robot/lbr_fri_ros2_stack_ws_foxy2/install/ppr_interfaces/lib/python3.8/site-packages/ppr_interfaces/__init__.py
[2.810s] Compiling '/home/pingpongproject/code/ping-pong-robot/lbr_fri_ros2_stack_ws_foxy2/install/ppr_interfaces/lib/python3.8/site-packages/ppr_interfaces/__init__.py'...
[2.812s] -- Installing: /home/pingpongproject/code/ping-pong-robot/lbr_fri_ros2_stack_ws_foxy2/install/ppr_interfaces/lib/python3.8/site-packages/ppr_interfaces/msg
[2.812s] -- Installing: /home/pingpongproject/code/ping-pong-robot/lbr_fri_ros2_stack_ws_foxy2/install/ppr_interfaces/lib/python3.8/site-packages/ppr_interfaces/msg/_scene.py
[2.812s] -- Installing: /home/pingpongproject/code/ping-pong-robot/lbr_fri_ros2_stack_ws_foxy2/install/ppr_interfaces/lib/python3.8/site-packages/ppr_interfaces/msg/_scene_s.c
[2.812s] -- Installing: /home/pingpongproject/code/ping-pong-robot/lbr_fri_ros2_stack_ws_foxy2/install/ppr_interfaces/lib/python3.8/site-packages/ppr_interfaces/msg/__init__.py
[2.812s] -- Installing: /home/pingpongproject/code/ping-pong-robot/lbr_fri_ros2_stack_ws_foxy2/install/ppr_interfaces/lib/python3.8/site-packages/ppr_interfaces/ppr_interfaces_s__rosidl_typesupport_fastrtps_c.cpython-38-x86_64-linux-gnu.so
[2.812s] -- Set runtime path of "/home/pingpongproject/code/ping-pong-robot/lbr_fri_ros2_stack_ws_foxy2/install/ppr_interfaces/lib/python3.8/site-packages/ppr_interfaces/ppr_interfaces_s__rosidl_typesupport_fastrtps_c.cpython-38-x86_64-linux-gnu.so" to ""
[2.813s] -- Installing: /home/pingpongproject/code/ping-pong-robot/lbr_fri_ros2_stack_ws_foxy2/install/ppr_interfaces/lib/python3.8/site-packages/ppr_interfaces/ppr_interfaces_s__rosidl_typesupport_introspection_c.cpython-38-x86_64-linux-gnu.so
[2.813s] -- Set runtime path of "/home/pingpongproject/code/ping-pong-robot/lbr_fri_ros2_stack_ws_foxy2/install/ppr_interfaces/lib/python3.8/site-packages/ppr_interfaces/ppr_interfaces_s__rosidl_typesupport_introspection_c.cpython-38-x86_64-linux-gnu.so" to ""
[2.813s] -- Installing: /home/pingpongproject/code/ping-pong-robot/lbr_fri_ros2_stack_ws_foxy2/install/ppr_interfaces/lib/python3.8/site-packages/ppr_interfaces/ppr_interfaces_s__rosidl_typesupport_c.cpython-38-x86_64-linux-gnu.so
[2.813s] -- Set runtime path of "/home/pingpongproject/code/ping-pong-robot/lbr_fri_ros2_stack_ws_foxy2/install/ppr_interfaces/lib/python3.8/site-packages/ppr_interfaces/ppr_interfaces_s__rosidl_typesupport_c.cpython-38-x86_64-linux-gnu.so" to ""
[2.813s] -- Installing: /home/pingpongproject/code/ping-pong-robot/lbr_fri_ros2_stack_ws_foxy2/install/ppr_interfaces/lib/libppr_interfaces__python.so
[2.813s] -- Set runtime path of "/home/pingpongproject/code/ping-pong-robot/lbr_fri_ros2_stack_ws_foxy2/install/ppr_interfaces/lib/libppr_interfaces__python.so" to ""
[2.813s] -- Installing: /home/pingpongproject/code/ping-pong-robot/lbr_fri_ros2_stack_ws_foxy2/install/ppr_interfaces/share/ppr_interfaces/msg/Scene.idl
[2.813s] -- Installing: /home/pingpongproject/code/ping-pong-robot/lbr_fri_ros2_stack_ws_foxy2/install/ppr_interfaces/share/ppr_interfaces/msg/Scene.msg
[2.813s] -- Installing: /home/pingpongproject/code/ping-pong-robot/lbr_fri_ros2_stack_ws_foxy2/install/ppr_interfaces/share/ament_index/resource_index/package_run_dependencies/ppr_interfaces
[2.813s] -- Installing: /home/pingpongproject/code/ping-pong-robot/lbr_fri_ros2_stack_ws_foxy2/install/ppr_interfaces/share/ament_index/resource_index/parent_prefix_path/ppr_interfaces
[2.813s] -- Installing: /home/pingpongproject/code/ping-pong-robot/lbr_fri_ros2_stack_ws_foxy2/install/ppr_interfaces/share/ppr_interfaces/environment/ament_prefix_path.sh
[2.813s] -- Installing: /home/pingpongproject/code/ping-pong-robot/lbr_fri_ros2_stack_ws_foxy2/install/ppr_interfaces/share/ppr_interfaces/environment/ament_prefix_path.dsv
[2.814s] -- Installing: /home/pingpongproject/code/ping-pong-robot/lbr_fri_ros2_stack_ws_foxy2/install/ppr_interfaces/share/ppr_interfaces/environment/path.sh
[2.814s] -- Installing: /home/pingpongproject/code/ping-pong-robot/lbr_fri_ros2_stack_ws_foxy2/install/ppr_interfaces/share/ppr_interfaces/environment/path.dsv
[2.814s] -- Installing: /home/pingpongproject/code/ping-pong-robot/lbr_fri_ros2_stack_ws_foxy2/install/ppr_interfaces/share/ppr_interfaces/local_setup.bash
[2.814s] -- Installing: /home/pingpongproject/code/ping-pong-robot/lbr_fri_ros2_stack_ws_foxy2/install/ppr_interfaces/share/ppr_interfaces/local_setup.sh
[2.814s] -- Installing: /home/pingpongproject/code/ping-pong-robot/lbr_fri_ros2_stack_ws_foxy2/install/ppr_interfaces/share/ppr_interfaces/local_setup.zsh
[2.814s] -- Installing: /home/pingpongproject/code/ping-pong-robot/lbr_fri_ros2_stack_ws_foxy2/install/ppr_interfaces/share/ppr_interfaces/local_setup.dsv
[2.814s] -- Installing: /home/pingpongproject/code/ping-pong-robot/lbr_fri_ros2_stack_ws_foxy2/install/ppr_interfaces/share/ppr_interfaces/package.dsv
[2.814s] -- Installing: /home/pingpongproject/code/ping-pong-robot/lbr_fri_ros2_stack_ws_foxy2/install/ppr_interfaces/share/ament_index/resource_index/packages/ppr_interfaces
[2.814s] -- Installing: /home/pingpongproject/code/ping-pong-robot/lbr_fri_ros2_stack_ws_foxy2/install/ppr_interfaces/share/ppr_interfaces/cmake/ppr_interfaces__rosidl_generator_cExport.cmake
[2.814s] -- Installing: /home/pingpongproject/code/ping-pong-robot/lbr_fri_ros2_stack_ws_foxy2/install/ppr_interfaces/share/ppr_interfaces/cmake/ppr_interfaces__rosidl_generator_cExport-noconfig.cmake
[2.814s] -- Installing: /home/pingpongproject/code/ping-pong-robot/lbr_fri_ros2_stack_ws_foxy2/install/ppr_interfaces/share/ppr_interfaces/cmake/ppr_interfaces__rosidl_typesupport_introspection_cExport.cmake
[2.814s] -- Installing: /home/pingpongproject/code/ping-pong-robot/lbr_fri_ros2_stack_ws_foxy2/install/ppr_interfaces/share/ppr_interfaces/cmake/ppr_interfaces__rosidl_typesupport_introspection_cExport-noconfig.cmake
[2.814s] -- Installing: /home/pingpongproject/code/ping-pong-robot/lbr_fri_ros2_stack_ws_foxy2/install/ppr_interfaces/share/ppr_interfaces/cmake/ppr_interfaces__rosidl_typesupport_cExport.cmake
[2.815s] -- Installing: /home/pingpongproject/code/ping-pong-robot/lbr_fri_ros2_stack_ws_foxy2/install/ppr_interfaces/share/ppr_interfaces/cmake/ppr_interfaces__rosidl_typesupport_cExport-noconfig.cmake
[2.815s] -- Installing: /home/pingpongproject/code/ping-pong-robot/lbr_fri_ros2_stack_ws_foxy2/install/ppr_interfaces/share/ppr_interfaces/cmake/ppr_interfaces__rosidl_generator_cppExport.cmake
[2.815s] -- Installing: /home/pingpongproject/code/ping-pong-robot/lbr_fri_ros2_stack_ws_foxy2/install/ppr_interfaces/share/ppr_interfaces/cmake/ppr_interfaces__rosidl_typesupport_introspection_cppExport.cmake
[2.815s] -- Installing: /home/pingpongproject/code/ping-pong-robot/lbr_fri_ros2_stack_ws_foxy2/install/ppr_interfaces/share/ppr_interfaces/cmake/ppr_interfaces__rosidl_typesupport_introspection_cppExport-noconfig.cmake
[2.815s] -- Installing: /home/pingpongproject/code/ping-pong-robot/lbr_fri_ros2_stack_ws_foxy2/install/ppr_interfaces/share/ppr_interfaces/cmake/ppr_interfaces__rosidl_typesupport_cppExport.cmake
[2.815s] -- Installing: /home/pingpongproject/code/ping-pong-robot/lbr_fri_ros2_stack_ws_foxy2/install/ppr_interfaces/share/ppr_interfaces/cmake/ppr_interfaces__rosidl_typesupport_cppExport-noconfig.cmake
[2.815s] -- Installing: /home/pingpongproject/code/ping-pong-robot/lbr_fri_ros2_stack_ws_foxy2/install/ppr_interfaces/share/ppr_interfaces/cmake/rosidl_cmake-extras.cmake
[2.815s] -- Installing: /home/pingpongproject/code/ping-pong-robot/lbr_fri_ros2_stack_ws_foxy2/install/ppr_interfaces/share/ppr_interfaces/cmake/ament_cmake_export_dependencies-extras.cmake
[2.815s] -- Installing: /home/pingpongproject/code/ping-pong-robot/lbr_fri_ros2_stack_ws_foxy2/install/ppr_interfaces/share/ppr_interfaces/cmake/ament_cmake_export_libraries-extras.cmake
[2.815s] -- Installing: /home/pingpongproject/code/ping-pong-robot/lbr_fri_ros2_stack_ws_foxy2/install/ppr_interfaces/share/ppr_interfaces/cmake/ament_cmake_export_targets-extras.cmake
[2.815s] -- Installing: /home/pingpongproject/code/ping-pong-robot/lbr_fri_ros2_stack_ws_foxy2/install/ppr_interfaces/share/ppr_interfaces/cmake/ament_cmake_export_include_directories-extras.cmake
[2.815s] -- Installing: /home/pingpongproject/code/ping-pong-robot/lbr_fri_ros2_stack_ws_foxy2/install/ppr_interfaces/share/ppr_interfaces/cmake/rosidl_cmake_export_typesupport_libraries-extras.cmake
[2.815s] -- Installing: /home/pingpongproject/code/ping-pong-robot/lbr_fri_ros2_stack_ws_foxy2/install/ppr_interfaces/share/ppr_interfaces/cmake/rosidl_cmake_export_typesupport_targets-extras.cmake
[2.815s] -- Installing: /home/pingpongproject/code/ping-pong-robot/lbr_fri_ros2_stack_ws_foxy2/install/ppr_interfaces/share/ppr_interfaces/cmake/ppr_interfacesConfig.cmake
[2.815s] -- Installing: /home/pingpongproject/code/ping-pong-robot/lbr_fri_ros2_stack_ws_foxy2/install/ppr_interfaces/share/ppr_interfaces/cmake/ppr_interfacesConfig-version.cmake
[2.816s] -- Installing: /home/pingpongproject/code/ping-pong-robot/lbr_fri_ros2_stack_ws_foxy2/install/ppr_interfaces/share/ppr_interfaces/package.xml
[2.819s] Invoked command in '/home/pingpongproject/code/ping-pong-robot/lbr_fri_ros2_stack_ws_foxy2/build/ppr_interfaces' returned '0': CMAKE_PREFIX_PATH=${CMAKE_PREFIX_PATH}:/home/pingpongproject/code/ping-pong-robot/lbr_fri_ros2_stack_ws_foxy2/install/lbr_demos_ros2_control_python:/home/pingpongproject/code/ping-pong-robot/lbr_fri_ros2_stack_ws_foxy2/install/lbr_demos_fri_ros2_python:/home/pingpongproject/code/ping-pong-robot/lbr_fri_ros2_stack_ws_foxy2/install/lbr_demos_fri_ros2_advanced_python:/home/pingpongproject/code/ping-pong-robot/lbr_fri_ros2_stack_ws_foxy2/install/camera_feed:/home/pingpongproject/code/ping-pong-robot/ppr_ws/install/scene_visualizer:/home/pingpongproject/code/ping-pong-robot/ppr_ws/install/scene_interpreter:/home/pingpongproject/code/ping-pong-robot/ppr_ws/install/camera_feed:/opt/ros/foxy /home/pingpongproject/.local/bin/cmake --install /home/pingpongproject/code/ping-pong-robot/lbr_fri_ros2_stack_ws_foxy2/build/ppr_interfaces
