-- Found ament_cmake_ros: 0.9.2 (/opt/ros/foxy/share/ament_cmake_ros/cmake)
-- Using PYTHON_EXECUTABLE: /usr/bin/python3
-- Found rcpputils: 1.3.2 (/opt/ros/foxy/share/rcpputils/cmake)
-- Found sensor_msgs: 2.0.5 (/opt/ros/foxy/share/sensor_msgs/cmake)
-- Using all available rosidl_typesupport_c: rosidl_typesupport_fastrtps_c;rosidl_typesupport_introspection_c
-- Found rosidl_adapter: 1.3.1 (/opt/ros/foxy/share/rosidl_adapter/cmake)
-- Using all available rosidl_typesupport_cpp: rosidl_typesupport_fastrtps_cpp;rosidl_typesupport_introspection_cpp
-- Found ament_lint_auto: 0.9.8 (/opt/ros/foxy/share/ament_lint_auto/cmake)
-- Found gtest sources under '/opt/ros/foxy/src/gtest_vendor': C++ tests using 'Google Test' will be built
-- Configuring done (1.8s)
-- Generating done (0.0s)
-- Build files have been written to: /home/pingpongproject/code/ping-pong-robot/lbr_fri_ros2_stack_ws_foxy2/build/cv_bridge
[ 12%] Built target gtest_main
[ 25%] Built target gtest
[ 31%] [32mBuilding CXX object src/CMakeFiles/cv_bridge.dir/cv_bridge.cpp.o[0m
[ 37%] [32mBuilding CXX object src/CMakeFiles/cv_bridge.dir/rgb_colors.cpp.o[0m
[ 43%] [32m[1mLinking CXX shared library libcv_bridge.so[0m
[ 43%] Built target cv_bridge
[ 50%] [32mBuilding CXX object test/CMakeFiles/cv_bridge-utest.dir/test_endian.cpp.o[0m
[ 56%] [32mBuilding CXX object test/CMakeFiles/cv_bridge-utest.dir/test_compression.cpp.o[0m
[ 62%] [32mBuilding CXX object test/CMakeFiles/cv_bridge-utest.dir/utest.cpp.o[0m
[ 68%] [32mBuilding CXX object test/CMakeFiles/cv_bridge-utest.dir/utest2.cpp.o[0m
[ 75%] [32mBuilding CXX object test/CMakeFiles/cv_bridge-utest.dir/test_rgb_colors.cpp.o[0m
[ 81%] [32mBuilding CXX object src/CMakeFiles/cv_bridge_boost.dir/module_opencv3.cpp.o[0m
[ 87%] [32mBuilding CXX object src/CMakeFiles/cv_bridge_boost.dir/module.cpp.o[0m
[ 93%] [32m[1mLinking CXX executable cv_bridge-utest[0m
[ 93%] Built target cv_bridge-utest
[100%] [32m[1mLinking CXX shared module boost/cv_bridge_boost.so[0m
[100%] Built target cv_bridge_boost
-- Install configuration: ""
-- Up-to-date: /home/pingpongproject/code/ping-pong-robot/lbr_fri_ros2_stack_ws_foxy2/install/cv_bridge/share/cv_bridge/environment/pythonpath.sh
-- Installing: /home/pingpongproject/code/ping-pong-robot/lbr_fri_ros2_stack_ws_foxy2/install/cv_bridge/share/cv_bridge/environment/pythonpath.dsv
-- Up-to-date: /home/pingpongproject/code/ping-pong-robot/lbr_fri_ros2_stack_ws_foxy2/install/cv_bridge/lib/python3.8/site-packages/cv_bridge
-- Installing: /home/pingpongproject/code/ping-pong-robot/lbr_fri_ros2_stack_ws_foxy2/install/cv_bridge/lib/python3.8/site-packages/cv_bridge/__init__.py
-- Installing: /home/pingpongproject/code/ping-pong-robot/lbr_fri_ros2_stack_ws_foxy2/install/cv_bridge/lib/python3.8/site-packages/cv_bridge/core.py
Listing '/home/pingpongproject/code/ping-pong-robot/lbr_fri_ros2_stack_ws_foxy2/install/cv_bridge/lib/python3.8/site-packages/cv_bridge'...
Compiling '/home/pingpongproject/code/ping-pong-robot/lbr_fri_ros2_stack_ws_foxy2/install/cv_bridge/lib/python3.8/site-packages/cv_bridge/__init__.py'...
Listing '/home/pingpongproject/code/ping-pong-robot/lbr_fri_ros2_stack_ws_foxy2/install/cv_bridge/lib/python3.8/site-packages/cv_bridge/boost'...
Compiling '/home/pingpongproject/code/ping-pong-robot/lbr_fri_ros2_stack_ws_foxy2/install/cv_bridge/lib/python3.8/site-packages/cv_bridge/core.py'...
-- Installing: /home/pingpongproject/code/ping-pong-robot/lbr_fri_ros2_stack_ws_foxy2/install/cv_bridge/lib/libcv_bridge.so
-- Set runtime path of "/home/pingpongproject/code/ping-pong-robot/lbr_fri_ros2_stack_ws_foxy2/install/cv_bridge/lib/libcv_bridge.so" to ""
-- Up-to-date: /home/pingpongproject/code/ping-pong-robot/lbr_fri_ros2_stack_ws_foxy2/install/cv_bridge/include/cv_bridge/cv_bridge/cv_bridge_export.h
-- Installing: /home/pingpongproject/code/ping-pong-robot/lbr_fri_ros2_stack_ws_foxy2/install/cv_bridge/lib/python3.8/site-packages/cv_bridge/boost/cv_bridge_boost.so
-- Set runtime path of "/home/pingpongproject/code/ping-pong-robot/lbr_fri_ros2_stack_ws_foxy2/install/cv_bridge/lib/python3.8/site-packages/cv_bridge/boost/cv_bridge_boost.so" to ""
-- Up-to-date: /home/pingpongproject/code/ping-pong-robot/lbr_fri_ros2_stack_ws_foxy2/install/cv_bridge/include/cv_bridge
-- Up-to-date: /home/pingpongproject/code/ping-pong-robot/lbr_fri_ros2_stack_ws_foxy2/install/cv_bridge/include/cv_bridge/cv_bridge
-- Installing: /home/pingpongproject/code/ping-pong-robot/lbr_fri_ros2_stack_ws_foxy2/install/cv_bridge/include/cv_bridge/cv_bridge/rgb_colors.h
-- Installing: /home/pingpongproject/code/ping-pong-robot/lbr_fri_ros2_stack_ws_foxy2/install/cv_bridge/include/cv_bridge/cv_bridge/cv_bridge.h
-- Up-to-date: /home/pingpongproject/code/ping-pong-robot/lbr_fri_ros2_stack_ws_foxy2/install/cv_bridge/lib/libcv_bridge.so
-- Up-to-date: /home/pingpongproject/code/ping-pong-robot/lbr_fri_ros2_stack_ws_foxy2/install/cv_bridge/share/ament_index/resource_index/package_run_dependencies/cv_bridge
-- Installing: /home/pingpongproject/code/ping-pong-robot/lbr_fri_ros2_stack_ws_foxy2/install/cv_bridge/share/ament_index/resource_index/parent_prefix_path/cv_bridge
-- Up-to-date: /home/pingpongproject/code/ping-pong-robot/lbr_fri_ros2_stack_ws_foxy2/install/cv_bridge/share/cv_bridge/environment/ament_prefix_path.sh
-- Installing: /home/pingpongproject/code/ping-pong-robot/lbr_fri_ros2_stack_ws_foxy2/install/cv_bridge/share/cv_bridge/environment/ament_prefix_path.dsv
-- Up-to-date: /home/pingpongproject/code/ping-pong-robot/lbr_fri_ros2_stack_ws_foxy2/install/cv_bridge/share/cv_bridge/environment/path.sh
-- Installing: /home/pingpongproject/code/ping-pong-robot/lbr_fri_ros2_stack_ws_foxy2/install/cv_bridge/share/cv_bridge/environment/path.dsv
-- Up-to-date: /home/pingpongproject/code/ping-pong-robot/lbr_fri_ros2_stack_ws_foxy2/install/cv_bridge/share/cv_bridge/local_setup.bash
-- Up-to-date: /home/pingpongproject/code/ping-pong-robot/lbr_fri_ros2_stack_ws_foxy2/install/cv_bridge/share/cv_bridge/local_setup.sh
-- Up-to-date: /home/pingpongproject/code/ping-pong-robot/lbr_fri_ros2_stack_ws_foxy2/install/cv_bridge/share/cv_bridge/local_setup.zsh
-- Installing: /home/pingpongproject/code/ping-pong-robot/lbr_fri_ros2_stack_ws_foxy2/install/cv_bridge/share/cv_bridge/local_setup.dsv
-- Installing: /home/pingpongproject/code/ping-pong-robot/lbr_fri_ros2_stack_ws_foxy2/install/cv_bridge/share/cv_bridge/package.dsv
-- Up-to-date: /home/pingpongproject/code/ping-pong-robot/lbr_fri_ros2_stack_ws_foxy2/install/cv_bridge/share/ament_index/resource_index/packages/cv_bridge
-- Up-to-date: /home/pingpongproject/code/ping-pong-robot/lbr_fri_ros2_stack_ws_foxy2/install/cv_bridge/share/cv_bridge/cmake/export_cv_bridgeExport.cmake
-- Up-to-date: /home/pingpongproject/code/ping-pong-robot/lbr_fri_ros2_stack_ws_foxy2/install/cv_bridge/share/cv_bridge/cmake/export_cv_bridgeExport-noconfig.cmake
-- Up-to-date: /home/pingpongproject/code/ping-pong-robot/lbr_fri_ros2_stack_ws_foxy2/install/cv_bridge/share/cv_bridge/cmake/cv_bridge-extras.cmake
-- Up-to-date: /home/pingpongproject/code/ping-pong-robot/lbr_fri_ros2_stack_ws_foxy2/install/cv_bridge/share/cv_bridge/cmake/ament_cmake_export_dependencies-extras.cmake
-- Up-to-date: /home/pingpongproject/code/ping-pong-robot/lbr_fri_ros2_stack_ws_foxy2/install/cv_bridge/share/cv_bridge/cmake/ament_cmake_export_targets-extras.cmake
-- Up-to-date: /home/pingpongproject/code/ping-pong-robot/lbr_fri_ros2_stack_ws_foxy2/install/cv_bridge/share/cv_bridge/cmake/cv_bridgeConfig.cmake
-- Up-to-date: /home/pingpongproject/code/ping-pong-robot/lbr_fri_ros2_stack_ws_foxy2/install/cv_bridge/share/cv_bridge/cmake/cv_bridgeConfig-version.cmake
-- Installing: /home/pingpongproject/code/ping-pong-robot/lbr_fri_ros2_stack_ws_foxy2/install/cv_bridge/share/cv_bridge/package.xml
