[0.163s] Invoking command in '/home/pingpongproject/code/ping-pong-robot/lbr_fri_ros2_stack_ws_foxy2/build/cv_bridge': CMAKE_PREFIX_PATH=${CMAKE_PREFIX_PATH}:/home/pingpongproject/code/ping-pong-robot/lbr_fri_ros2_stack_ws_foxy2/install/lbr_demos_ros2_control_python:/home/pingpongproject/code/ping-pong-robot/lbr_fri_ros2_stack_ws_foxy2/install/lbr_demos_fri_ros2_python:/home/pingpongproject/code/ping-pong-robot/lbr_fri_ros2_stack_ws_foxy2/install/lbr_demos_fri_ros2_advanced_python:/home/pingpongproject/code/ping-pong-robot/lbr_fri_ros2_stack_ws_foxy2/install/camera_feed:/home/pingpongproject/code/ping-pong-robot/ppr_ws/install/scene_visualizer:/home/pingpongproject/code/ping-pong-robot/ppr_ws/install/scene_interpreter:/home/pingpongproject/code/ping-pong-robot/ppr_ws/install/camera_feed:/opt/ros/foxy /home/pingpongproject/.local/bin/cmake --build /home/pingpongproject/code/ping-pong-robot/lbr_fri_ros2_stack_ws_foxy2/build/cv_bridge -- -j20 -l20
[0.194s] -- Found ament_cmake_ros: 0.9.2 (/opt/ros/foxy/share/ament_cmake_ros/cmake)
[0.217s] -- Using PYTHON_EXECUTABLE: /usr/bin/python3
[0.604s] -- Found rcpputils: 1.3.2 (/opt/ros/foxy/share/rcpputils/cmake)
[0.613s] -- Found sensor_msgs: 2.0.5 (/opt/ros/foxy/share/sensor_msgs/cmake)
[0.619s] -- Using all available rosidl_typesupport_c: rosidl_typesupport_fastrtps_c;rosidl_typesupport_introspection_c
[0.620s] -- Found rosidl_adapter: 1.3.1 (/opt/ros/foxy/share/rosidl_adapter/cmake)
[0.695s] -- Using all available rosidl_typesupport_cpp: rosidl_typesupport_fastrtps_cpp;rosidl_typesupport_introspection_cpp
[0.785s] -- Found ament_lint_auto: 0.9.8 (/opt/ros/foxy/share/ament_lint_auto/cmake)
[0.836s] -- Found gtest sources under '/opt/ros/foxy/src/gtest_vendor': C++ tests using 'Google Test' will be built
[1.962s] -- Configuring done (1.8s)
[1.971s] -- Generating done (0.0s)
[1.973s] -- Build files have been written to: /home/pingpongproject/code/ping-pong-robot/lbr_fri_ros2_stack_ws_foxy2/build/cv_bridge
[1.984s] [ 12%] Built target gtest_main
[1.984s] [ 25%] Built target gtest
[1.986s] [ 31%] [32mBuilding CXX object src/CMakeFiles/cv_bridge.dir/cv_bridge.cpp.o[0m
[1.986s] [ 37%] [32mBuilding CXX object src/CMakeFiles/cv_bridge.dir/rgb_colors.cpp.o[0m
[4.199s] [ 43%] [32m[1mLinking CXX shared library libcv_bridge.so[0m
[4.272s] [ 43%] Built target cv_bridge
[4.283s] [ 50%] [32mBuilding CXX object test/CMakeFiles/cv_bridge-utest.dir/test_endian.cpp.o[0m
[4.284s] [ 56%] [32mBuilding CXX object test/CMakeFiles/cv_bridge-utest.dir/test_compression.cpp.o[0m
[4.284s] [ 62%] [32mBuilding CXX object test/CMakeFiles/cv_bridge-utest.dir/utest.cpp.o[0m
[4.284s] [ 68%] [32mBuilding CXX object test/CMakeFiles/cv_bridge-utest.dir/utest2.cpp.o[0m
[4.284s] [ 75%] [32mBuilding CXX object test/CMakeFiles/cv_bridge-utest.dir/test_rgb_colors.cpp.o[0m
[4.289s] [ 81%] [32mBuilding CXX object src/CMakeFiles/cv_bridge_boost.dir/module_opencv3.cpp.o[0m
[4.289s] [ 87%] [32mBuilding CXX object src/CMakeFiles/cv_bridge_boost.dir/module.cpp.o[0m
[5.403s] [ 93%] [32m[1mLinking CXX executable cv_bridge-utest[0m
[5.635s] [ 93%] Built target cv_bridge-utest
[5.904s] [100%] [32m[1mLinking CXX shared module boost/cv_bridge_boost.so[0m
[5.956s] [100%] Built target cv_bridge_boost
[5.961s] Invoked command in '/home/pingpongproject/code/ping-pong-robot/lbr_fri_ros2_stack_ws_foxy2/build/cv_bridge' returned '0': CMAKE_PREFIX_PATH=${CMAKE_PREFIX_PATH}:/home/pingpongproject/code/ping-pong-robot/lbr_fri_ros2_stack_ws_foxy2/install/lbr_demos_ros2_control_python:/home/pingpongproject/code/ping-pong-robot/lbr_fri_ros2_stack_ws_foxy2/install/lbr_demos_fri_ros2_python:/home/pingpongproject/code/ping-pong-robot/lbr_fri_ros2_stack_ws_foxy2/install/lbr_demos_fri_ros2_advanced_python:/home/pingpongproject/code/ping-pong-robot/lbr_fri_ros2_stack_ws_foxy2/install/camera_feed:/home/pingpongproject/code/ping-pong-robot/ppr_ws/install/scene_visualizer:/home/pingpongproject/code/ping-pong-robot/ppr_ws/install/scene_interpreter:/home/pingpongproject/code/ping-pong-robot/ppr_ws/install/camera_feed:/opt/ros/foxy /home/pingpongproject/.local/bin/cmake --build /home/pingpongproject/code/ping-pong-robot/lbr_fri_ros2_stack_ws_foxy2/build/cv_bridge -- -j20 -l20
[6.023s] Invoking command in '/home/pingpongproject/code/ping-pong-robot/lbr_fri_ros2_stack_ws_foxy2/build/cv_bridge': CMAKE_PREFIX_PATH=${CMAKE_PREFIX_PATH}:/home/pingpongproject/code/ping-pong-robot/lbr_fri_ros2_stack_ws_foxy2/install/lbr_demos_ros2_control_python:/home/pingpongproject/code/ping-pong-robot/lbr_fri_ros2_stack_ws_foxy2/install/lbr_demos_fri_ros2_python:/home/pingpongproject/code/ping-pong-robot/lbr_fri_ros2_stack_ws_foxy2/install/lbr_demos_fri_ros2_advanced_python:/home/pingpongproject/code/ping-pong-robot/lbr_fri_ros2_stack_ws_foxy2/install/camera_feed:/home/pingpongproject/code/ping-pong-robot/ppr_ws/install/scene_visualizer:/home/pingpongproject/code/ping-pong-robot/ppr_ws/install/scene_interpreter:/home/pingpongproject/code/ping-pong-robot/ppr_ws/install/camera_feed:/opt/ros/foxy /home/pingpongproject/.local/bin/cmake --install /home/pingpongproject/code/ping-pong-robot/lbr_fri_ros2_stack_ws_foxy2/build/cv_bridge
[6.047s] -- Install configuration: ""
[6.047s] -- Up-to-date: /home/pingpongproject/code/ping-pong-robot/lbr_fri_ros2_stack_ws_foxy2/install/cv_bridge/share/cv_bridge/environment/pythonpath.sh
[6.047s] -- Installing: /home/pingpongproject/code/ping-pong-robot/lbr_fri_ros2_stack_ws_foxy2/install/cv_bridge/share/cv_bridge/environment/pythonpath.dsv
[6.047s] -- Up-to-date: /home/pingpongproject/code/ping-pong-robot/lbr_fri_ros2_stack_ws_foxy2/install/cv_bridge/lib/python3.8/site-packages/cv_bridge
[6.047s] -- Installing: /home/pingpongproject/code/ping-pong-robot/lbr_fri_ros2_stack_ws_foxy2/install/cv_bridge/lib/python3.8/site-packages/cv_bridge/__init__.py
[6.047s] -- Installing: /home/pingpongproject/code/ping-pong-robot/lbr_fri_ros2_stack_ws_foxy2/install/cv_bridge/lib/python3.8/site-packages/cv_bridge/core.py
[6.072s] Listing '/home/pingpongproject/code/ping-pong-robot/lbr_fri_ros2_stack_ws_foxy2/install/cv_bridge/lib/python3.8/site-packages/cv_bridge'...
[6.073s] Compiling '/home/pingpongproject/code/ping-pong-robot/lbr_fri_ros2_stack_ws_foxy2/install/cv_bridge/lib/python3.8/site-packages/cv_bridge/__init__.py'...
[6.073s] Listing '/home/pingpongproject/code/ping-pong-robot/lbr_fri_ros2_stack_ws_foxy2/install/cv_bridge/lib/python3.8/site-packages/cv_bridge/boost'...
[6.073s] Compiling '/home/pingpongproject/code/ping-pong-robot/lbr_fri_ros2_stack_ws_foxy2/install/cv_bridge/lib/python3.8/site-packages/cv_bridge/core.py'...
[6.075s] -- Installing: /home/pingpongproject/code/ping-pong-robot/lbr_fri_ros2_stack_ws_foxy2/install/cv_bridge/lib/libcv_bridge.so
[6.076s] -- Set runtime path of "/home/pingpongproject/code/ping-pong-robot/lbr_fri_ros2_stack_ws_foxy2/install/cv_bridge/lib/libcv_bridge.so" to ""
[6.076s] -- Up-to-date: /home/pingpongproject/code/ping-pong-robot/lbr_fri_ros2_stack_ws_foxy2/install/cv_bridge/include/cv_bridge/cv_bridge/cv_bridge_export.h
[6.076s] -- Installing: /home/pingpongproject/code/ping-pong-robot/lbr_fri_ros2_stack_ws_foxy2/install/cv_bridge/lib/python3.8/site-packages/cv_bridge/boost/cv_bridge_boost.so
[6.076s] -- Set runtime path of "/home/pingpongproject/code/ping-pong-robot/lbr_fri_ros2_stack_ws_foxy2/install/cv_bridge/lib/python3.8/site-packages/cv_bridge/boost/cv_bridge_boost.so" to ""
[6.076s] -- Up-to-date: /home/pingpongproject/code/ping-pong-robot/lbr_fri_ros2_stack_ws_foxy2/install/cv_bridge/include/cv_bridge
[6.077s] -- Up-to-date: /home/pingpongproject/code/ping-pong-robot/lbr_fri_ros2_stack_ws_foxy2/install/cv_bridge/include/cv_bridge/cv_bridge
[6.077s] -- Installing: /home/pingpongproject/code/ping-pong-robot/lbr_fri_ros2_stack_ws_foxy2/install/cv_bridge/include/cv_bridge/cv_bridge/rgb_colors.h
[6.077s] -- Installing: /home/pingpongproject/code/ping-pong-robot/lbr_fri_ros2_stack_ws_foxy2/install/cv_bridge/include/cv_bridge/cv_bridge/cv_bridge.h
[6.077s] -- Up-to-date: /home/pingpongproject/code/ping-pong-robot/lbr_fri_ros2_stack_ws_foxy2/install/cv_bridge/lib/libcv_bridge.so
[6.077s] -- Up-to-date: /home/pingpongproject/code/ping-pong-robot/lbr_fri_ros2_stack_ws_foxy2/install/cv_bridge/share/ament_index/resource_index/package_run_dependencies/cv_bridge
[6.077s] -- Installing: /home/pingpongproject/code/ping-pong-robot/lbr_fri_ros2_stack_ws_foxy2/install/cv_bridge/share/ament_index/resource_index/parent_prefix_path/cv_bridge
[6.077s] -- Up-to-date: /home/pingpongproject/code/ping-pong-robot/lbr_fri_ros2_stack_ws_foxy2/install/cv_bridge/share/cv_bridge/environment/ament_prefix_path.sh
[6.077s] -- Installing: /home/pingpongproject/code/ping-pong-robot/lbr_fri_ros2_stack_ws_foxy2/install/cv_bridge/share/cv_bridge/environment/ament_prefix_path.dsv
[6.077s] -- Up-to-date: /home/pingpongproject/code/ping-pong-robot/lbr_fri_ros2_stack_ws_foxy2/install/cv_bridge/share/cv_bridge/environment/path.sh
[6.077s] -- Installing: /home/pingpongproject/code/ping-pong-robot/lbr_fri_ros2_stack_ws_foxy2/install/cv_bridge/share/cv_bridge/environment/path.dsv
[6.077s] -- Up-to-date: /home/pingpongproject/code/ping-pong-robot/lbr_fri_ros2_stack_ws_foxy2/install/cv_bridge/share/cv_bridge/local_setup.bash
[6.077s] -- Up-to-date: /home/pingpongproject/code/ping-pong-robot/lbr_fri_ros2_stack_ws_foxy2/install/cv_bridge/share/cv_bridge/local_setup.sh
[6.077s] -- Up-to-date: /home/pingpongproject/code/ping-pong-robot/lbr_fri_ros2_stack_ws_foxy2/install/cv_bridge/share/cv_bridge/local_setup.zsh
[6.078s] -- Installing: /home/pingpongproject/code/ping-pong-robot/lbr_fri_ros2_stack_ws_foxy2/install/cv_bridge/share/cv_bridge/local_setup.dsv
[6.078s] -- Installing: /home/pingpongproject/code/ping-pong-robot/lbr_fri_ros2_stack_ws_foxy2/install/cv_bridge/share/cv_bridge/package.dsv
[6.078s] -- Up-to-date: /home/pingpongproject/code/ping-pong-robot/lbr_fri_ros2_stack_ws_foxy2/install/cv_bridge/share/ament_index/resource_index/packages/cv_bridge
[6.078s] -- Up-to-date: /home/pingpongproject/code/ping-pong-robot/lbr_fri_ros2_stack_ws_foxy2/install/cv_bridge/share/cv_bridge/cmake/export_cv_bridgeExport.cmake
[6.078s] -- Up-to-date: /home/pingpongproject/code/ping-pong-robot/lbr_fri_ros2_stack_ws_foxy2/install/cv_bridge/share/cv_bridge/cmake/export_cv_bridgeExport-noconfig.cmake
[6.078s] -- Up-to-date: /home/pingpongproject/code/ping-pong-robot/lbr_fri_ros2_stack_ws_foxy2/install/cv_bridge/share/cv_bridge/cmake/cv_bridge-extras.cmake
[6.078s] -- Up-to-date: /home/pingpongproject/code/ping-pong-robot/lbr_fri_ros2_stack_ws_foxy2/install/cv_bridge/share/cv_bridge/cmake/ament_cmake_export_dependencies-extras.cmake
[6.078s] -- Up-to-date: /home/pingpongproject/code/ping-pong-robot/lbr_fri_ros2_stack_ws_foxy2/install/cv_bridge/share/cv_bridge/cmake/ament_cmake_export_targets-extras.cmake
[6.078s] -- Up-to-date: /home/pingpongproject/code/ping-pong-robot/lbr_fri_ros2_stack_ws_foxy2/install/cv_bridge/share/cv_bridge/cmake/cv_bridgeConfig.cmake
[6.078s] -- Up-to-date: /home/pingpongproject/code/ping-pong-robot/lbr_fri_ros2_stack_ws_foxy2/install/cv_bridge/share/cv_bridge/cmake/cv_bridgeConfig-version.cmake
[6.078s] -- Installing: /home/pingpongproject/code/ping-pong-robot/lbr_fri_ros2_stack_ws_foxy2/install/cv_bridge/share/cv_bridge/package.xml
[6.081s] Invoked command in '/home/pingpongproject/code/ping-pong-robot/lbr_fri_ros2_stack_ws_foxy2/build/cv_bridge' returned '0': CMAKE_PREFIX_PATH=${CMAKE_PREFIX_PATH}:/home/pingpongproject/code/ping-pong-robot/lbr_fri_ros2_stack_ws_foxy2/install/lbr_demos_ros2_control_python:/home/pingpongproject/code/ping-pong-robot/lbr_fri_ros2_stack_ws_foxy2/install/lbr_demos_fri_ros2_python:/home/pingpongproject/code/ping-pong-robot/lbr_fri_ros2_stack_ws_foxy2/install/lbr_demos_fri_ros2_advanced_python:/home/pingpongproject/code/ping-pong-robot/lbr_fri_ros2_stack_ws_foxy2/install/camera_feed:/home/pingpongproject/code/ping-pong-robot/ppr_ws/install/scene_visualizer:/home/pingpongproject/code/ping-pong-robot/ppr_ws/install/scene_interpreter:/home/pingpongproject/code/ping-pong-robot/ppr_ws/install/camera_feed:/opt/ros/foxy /home/pingpongproject/.local/bin/cmake --install /home/pingpongproject/code/ping-pong-robot/lbr_fri_ros2_stack_ws_foxy2/build/cv_bridge
