[0.011s] Invoking command in '/home/dvij/ee206-project/ping-pong-robot/ros2_ws/build/camera_feed': CMAKE_PREFIX_PATH=/home/dvij/ee206-project/ping-pong-robot/ros2_ws/install/my_sync_package:/home/dvij/ee206-project/ping-pong-robot/ros2_ws/install/interface:/home/dvij/ee206-project/ping-pong-robot/ros2_ws/install/camera_feed:/home/dvij/ee206-project/ping-pong-robot/ppr_ws/install/impedance_controller:/home/dvij/ee206-project/ping-pong-robot/ppr_ws/install/iiwa_moveit2:/home/dvij/ee206-project/ping-pong-robot/ppr_ws/install/iiwa_bringup:/home/dvij/ee206-project/ping-pong-robot/ppr_ws/install/iiwa_description:/home/dvij/ee206-project/ping-pong-robot/ppr_ws/install/external_torque_sensor_broadcaster:/home/dvij/ee206-project/ping-pong-robot/ppr_ws/install/scene_interpreter:/home/dvij/ee206-project/ping-pong-robot/ppr_ws/install/camera_feed:/opt/ros/foxy:/opt/ros/galactic:/opt/ros/noetic LD_LIBRARY_PATH=/home/dvij/ee206-project/ping-pong-robot/ros2_ws/install/interface/lib:/home/dvij/ee206-project/ping-pong-robot/ppr_ws/install/impedance_controller/lib:/home/dvij/ee206-project/ping-pong-robot/ppr_ws/install/iiwa_moveit2/lib:/home/dvij/ee206-project/ping-pong-robot/ppr_ws/install/external_torque_sensor_broadcaster/lib:/opt/ros/foxy/opt/yaml_cpp_vendor/lib:/opt/ros/foxy/opt/rviz_ogre_vendor/lib:/opt/ros/foxy/lib/x86_64-linux-gnu:/opt/ros/foxy/lib:/opt/ros/galactic/opt/yaml_cpp_vendor/lib:/opt/ros/galactic/opt/rviz_ogre_vendor/lib:/opt/ros/galactic/lib/x86_64-linux-gnu:/opt/ros/galactic/lib:/opt/ros/noetic/lib:/opt/ros/noetic/lib/x86_64-linux-gnu:/home/dvij/.mpi-is/pam/install/lib:/home/dvij/.mujoco/mujoco210/bin:/usr/lib/nvidia /usr/local/bin/cmake /home/dvij/ee206-project/ping-pong-robot/ros2_ws/src/camera_feed -DCMAKE_INSTALL_PREFIX=/home/dvij/ee206-project/ping-pong-robot/ros2_ws/install/camera_feed
[0.055s] -- The C compiler identification is GNU 9.4.0
[0.090s] -- The CXX compiler identification is GNU 9.4.0
[0.097s] -- Detecting C compiler ABI info
[0.141s] -- Detecting C compiler ABI info - done
[0.150s] -- Check for working C compiler: /usr/bin/cc - skipped
[0.150s] -- Detecting C compile features
[0.151s] -- Detecting C compile features - done
[0.153s] -- Detecting CXX compiler ABI info
[0.202s] -- Detecting CXX compiler ABI info - done
[0.212s] -- Check for working CXX compiler: /usr/bin/c++ - skipped
[0.212s] -- Detecting CXX compile features
[0.212s] -- Detecting CXX compile features - done
[0.214s] -- Found ament_cmake: 0.9.12 (/opt/ros/foxy/share/ament_cmake/cmake)
[0.216s] [33mCMake Warning (dev) at /opt/ros/foxy/share/ament_cmake_core/cmake/core/python.cmake:22 (find_package):
[0.216s]   Policy CMP0148 is not set: The FindPythonInterp and FindPythonLibs modules
[0.216s]   are removed.  Run "cmake --help-policy CMP0148" for policy details.  Use
[0.216s]   the cmake_policy command to set the policy and suppress this warning.
[0.216s] 
[0.216s] Call Stack (most recent call first):
[0.216s]   /opt/ros/foxy/share/ament_cmake_core/cmake/core/all.cmake:53 (include)
[0.216s]   /opt/ros/foxy/share/ament_cmake_core/cmake/ament_cmake_core-extras.cmake:17 (include)
[0.217s]   /opt/ros/foxy/share/ament_cmake_core/cmake/ament_cmake_coreConfig.cmake:41 (include)
[0.217s]   /opt/ros/foxy/share/ament_cmake/cmake/ament_cmake_export_dependencies-extras.cmake:15 (find_package)
[0.217s]   /opt/ros/foxy/share/ament_cmake/cmake/ament_cmakeConfig.cmake:41 (include)
[0.217s]   CMakeLists.txt:8 (find_package)
[0.217s] This warning is for project developers.  Use -Wno-dev to suppress it.
[0.217s] [0m
[0.231s] -- Found PythonInterp: /usr/bin/python3 (found suitable version "3.8.10", minimum required is "3")
[0.231s] -- Using PYTHON_EXECUTABLE: /usr/bin/python3
[0.378s] -- Found rclcpp: 2.4.3 (/opt/ros/foxy/share/rclcpp/cmake)
[0.407s] -- Using all available rosidl_typesupport_c: rosidl_typesupport_fastrtps_c;rosidl_typesupport_introspection_c
[0.411s] -- Found rosidl_adapter: 1.3.1 (/opt/ros/foxy/share/rosidl_adapter/cmake)
[0.477s] -- Found OpenSSL: /usr/lib/x86_64-linux-gnu/libcrypto.so (found version "1.1.1f")
[0.499s] -- Found FastRTPS: /opt/ros/foxy/include
[0.551s] -- Using all available rosidl_typesupport_cpp: rosidl_typesupport_fastrtps_cpp;rosidl_typesupport_introspection_cpp
[0.580s] -- Found rmw_implementation_cmake: 1.0.4 (/opt/ros/foxy/share/rmw_implementation_cmake/cmake)
[0.581s] -- Using RMW implementation 'rmw_fastrtps_cpp' as default
[0.582s] -- Performing Test CMAKE_HAVE_LIBC_PTHREAD
[0.628s] -- Performing Test CMAKE_HAVE_LIBC_PTHREAD - Failed
[0.628s] -- Looking for pthread_create in pthreads
[0.666s] -- Looking for pthread_create in pthreads - not found
[0.666s] -- Looking for pthread_create in pthread
[0.711s] -- Looking for pthread_create in pthread - found
[0.711s] -- Found Threads: TRUE
[0.789s] -- Found sensor_msgs: 2.0.5 (/opt/ros/foxy/share/sensor_msgs/cmake)
[0.855s] -- Found cv_bridge: 3.0.7 (/opt/ros/foxy/share/cv_bridge/cmake)
[0.872s] -- Found OpenCV: /usr (found version "4.2.0")
[0.875s] -- Found PkgConfig: /usr/bin/pkg-config (found version "0.29.1")
[0.876s] -- Checking for module 'aravis-0.8'
[0.893s] --   Found aravis-0.8, version 0.8.22
[0.932s] -- Found my_sync_package: 0.0.0 (/home/dvij/ee206-project/ping-pong-robot/ros2_ws/install/my_sync_package/share/my_sync_package/cmake)
[0.940s] -- Found interface: 0.0.0 (/home/dvij/ee206-project/ping-pong-robot/ros2_ws/install/interface/share/interface/cmake)
[1.059s] -- Configuring done (1.0s)
[1.081s] -- Generating done (0.0s)
[1.082s] -- Build files have been written to: /home/dvij/ee206-project/ping-pong-robot/ros2_ws/build/camera_feed
[1.089s] Invoked command in '/home/dvij/ee206-project/ping-pong-robot/ros2_ws/build/camera_feed' returned '0': CMAKE_PREFIX_PATH=/home/dvij/ee206-project/ping-pong-robot/ros2_ws/install/my_sync_package:/home/dvij/ee206-project/ping-pong-robot/ros2_ws/install/interface:/home/dvij/ee206-project/ping-pong-robot/ros2_ws/install/camera_feed:/home/dvij/ee206-project/ping-pong-robot/ppr_ws/install/impedance_controller:/home/dvij/ee206-project/ping-pong-robot/ppr_ws/install/iiwa_moveit2:/home/dvij/ee206-project/ping-pong-robot/ppr_ws/install/iiwa_bringup:/home/dvij/ee206-project/ping-pong-robot/ppr_ws/install/iiwa_description:/home/dvij/ee206-project/ping-pong-robot/ppr_ws/install/external_torque_sensor_broadcaster:/home/dvij/ee206-project/ping-pong-robot/ppr_ws/install/scene_interpreter:/home/dvij/ee206-project/ping-pong-robot/ppr_ws/install/camera_feed:/opt/ros/foxy:/opt/ros/galactic:/opt/ros/noetic LD_LIBRARY_PATH=/home/dvij/ee206-project/ping-pong-robot/ros2_ws/install/interface/lib:/home/dvij/ee206-project/ping-pong-robot/ppr_ws/install/impedance_controller/lib:/home/dvij/ee206-project/ping-pong-robot/ppr_ws/install/iiwa_moveit2/lib:/home/dvij/ee206-project/ping-pong-robot/ppr_ws/install/external_torque_sensor_broadcaster/lib:/opt/ros/foxy/opt/yaml_cpp_vendor/lib:/opt/ros/foxy/opt/rviz_ogre_vendor/lib:/opt/ros/foxy/lib/x86_64-linux-gnu:/opt/ros/foxy/lib:/opt/ros/galactic/opt/yaml_cpp_vendor/lib:/opt/ros/galactic/opt/rviz_ogre_vendor/lib:/opt/ros/galactic/lib/x86_64-linux-gnu:/opt/ros/galactic/lib:/opt/ros/noetic/lib:/opt/ros/noetic/lib/x86_64-linux-gnu:/home/dvij/.mpi-is/pam/install/lib:/home/dvij/.mujoco/mujoco210/bin:/usr/lib/nvidia /usr/local/bin/cmake /home/dvij/ee206-project/ping-pong-robot/ros2_ws/src/camera_feed -DCMAKE_INSTALL_PREFIX=/home/dvij/ee206-project/ping-pong-robot/ros2_ws/install/camera_feed
[1.091s] Invoking command in '/home/dvij/ee206-project/ping-pong-robot/ros2_ws/build/camera_feed': CMAKE_PREFIX_PATH=/home/dvij/ee206-project/ping-pong-robot/ros2_ws/install/my_sync_package:/home/dvij/ee206-project/ping-pong-robot/ros2_ws/install/interface:/home/dvij/ee206-project/ping-pong-robot/ros2_ws/install/camera_feed:/home/dvij/ee206-project/ping-pong-robot/ppr_ws/install/impedance_controller:/home/dvij/ee206-project/ping-pong-robot/ppr_ws/install/iiwa_moveit2:/home/dvij/ee206-project/ping-pong-robot/ppr_ws/install/iiwa_bringup:/home/dvij/ee206-project/ping-pong-robot/ppr_ws/install/iiwa_description:/home/dvij/ee206-project/ping-pong-robot/ppr_ws/install/external_torque_sensor_broadcaster:/home/dvij/ee206-project/ping-pong-robot/ppr_ws/install/scene_interpreter:/home/dvij/ee206-project/ping-pong-robot/ppr_ws/install/camera_feed:/opt/ros/foxy:/opt/ros/galactic:/opt/ros/noetic LD_LIBRARY_PATH=/home/dvij/ee206-project/ping-pong-robot/ros2_ws/install/interface/lib:/home/dvij/ee206-project/ping-pong-robot/ppr_ws/install/impedance_controller/lib:/home/dvij/ee206-project/ping-pong-robot/ppr_ws/install/iiwa_moveit2/lib:/home/dvij/ee206-project/ping-pong-robot/ppr_ws/install/external_torque_sensor_broadcaster/lib:/opt/ros/foxy/opt/yaml_cpp_vendor/lib:/opt/ros/foxy/opt/rviz_ogre_vendor/lib:/opt/ros/foxy/lib/x86_64-linux-gnu:/opt/ros/foxy/lib:/opt/ros/galactic/opt/yaml_cpp_vendor/lib:/opt/ros/galactic/opt/rviz_ogre_vendor/lib:/opt/ros/galactic/lib/x86_64-linux-gnu:/opt/ros/galactic/lib:/opt/ros/noetic/lib:/opt/ros/noetic/lib/x86_64-linux-gnu:/home/dvij/.mpi-is/pam/install/lib:/home/dvij/.mujoco/mujoco210/bin:/usr/lib/nvidia /usr/local/bin/cmake --build /home/dvij/ee206-project/ping-pong-robot/ros2_ws/build/camera_feed -- -j20 -l20
[1.112s] [ 60%] [32mBuilding CXX object CMakeFiles/image_publisher.dir/src/CameraUtility.cpp.o[0m
[1.112s] [ 60%] [32mBuilding CXX object CMakeFiles/synchronized_image_subscriber.dir/src/synchronized_image_subscriber.cpp.o[0m
[1.112s] [ 60%] [32mBuilding CXX object CMakeFiles/image_publisher.dir/src/image_publisher.cpp.o[0m
[3.833s] [ 80%] [32m[1mLinking CXX executable image_publisher[0m
[4.257s] [ 80%] Built target image_publisher
[5.070s] [100%] [32m[1mLinking CXX executable synchronized_image_subscriber[0m
[5.437s] [100%] Built target synchronized_image_subscriber
[5.447s] Invoked command in '/home/dvij/ee206-project/ping-pong-robot/ros2_ws/build/camera_feed' returned '0': CMAKE_PREFIX_PATH=/home/dvij/ee206-project/ping-pong-robot/ros2_ws/install/my_sync_package:/home/dvij/ee206-project/ping-pong-robot/ros2_ws/install/interface:/home/dvij/ee206-project/ping-pong-robot/ros2_ws/install/camera_feed:/home/dvij/ee206-project/ping-pong-robot/ppr_ws/install/impedance_controller:/home/dvij/ee206-project/ping-pong-robot/ppr_ws/install/iiwa_moveit2:/home/dvij/ee206-project/ping-pong-robot/ppr_ws/install/iiwa_bringup:/home/dvij/ee206-project/ping-pong-robot/ppr_ws/install/iiwa_description:/home/dvij/ee206-project/ping-pong-robot/ppr_ws/install/external_torque_sensor_broadcaster:/home/dvij/ee206-project/ping-pong-robot/ppr_ws/install/scene_interpreter:/home/dvij/ee206-project/ping-pong-robot/ppr_ws/install/camera_feed:/opt/ros/foxy:/opt/ros/galactic:/opt/ros/noetic LD_LIBRARY_PATH=/home/dvij/ee206-project/ping-pong-robot/ros2_ws/install/interface/lib:/home/dvij/ee206-project/ping-pong-robot/ppr_ws/install/impedance_controller/lib:/home/dvij/ee206-project/ping-pong-robot/ppr_ws/install/iiwa_moveit2/lib:/home/dvij/ee206-project/ping-pong-robot/ppr_ws/install/external_torque_sensor_broadcaster/lib:/opt/ros/foxy/opt/yaml_cpp_vendor/lib:/opt/ros/foxy/opt/rviz_ogre_vendor/lib:/opt/ros/foxy/lib/x86_64-linux-gnu:/opt/ros/foxy/lib:/opt/ros/galactic/opt/yaml_cpp_vendor/lib:/opt/ros/galactic/opt/rviz_ogre_vendor/lib:/opt/ros/galactic/lib/x86_64-linux-gnu:/opt/ros/galactic/lib:/opt/ros/noetic/lib:/opt/ros/noetic/lib/x86_64-linux-gnu:/home/dvij/.mpi-is/pam/install/lib:/home/dvij/.mujoco/mujoco210/bin:/usr/lib/nvidia /usr/local/bin/cmake --build /home/dvij/ee206-project/ping-pong-robot/ros2_ws/build/camera_feed -- -j20 -l20
[5.481s] Invoking command in '/home/dvij/ee206-project/ping-pong-robot/ros2_ws/build/camera_feed': CMAKE_PREFIX_PATH=/home/dvij/ee206-project/ping-pong-robot/ros2_ws/install/my_sync_package:/home/dvij/ee206-project/ping-pong-robot/ros2_ws/install/interface:/home/dvij/ee206-project/ping-pong-robot/ros2_ws/install/camera_feed:/home/dvij/ee206-project/ping-pong-robot/ppr_ws/install/impedance_controller:/home/dvij/ee206-project/ping-pong-robot/ppr_ws/install/iiwa_moveit2:/home/dvij/ee206-project/ping-pong-robot/ppr_ws/install/iiwa_bringup:/home/dvij/ee206-project/ping-pong-robot/ppr_ws/install/iiwa_description:/home/dvij/ee206-project/ping-pong-robot/ppr_ws/install/external_torque_sensor_broadcaster:/home/dvij/ee206-project/ping-pong-robot/ppr_ws/install/scene_interpreter:/home/dvij/ee206-project/ping-pong-robot/ppr_ws/install/camera_feed:/opt/ros/foxy:/opt/ros/galactic:/opt/ros/noetic LD_LIBRARY_PATH=/home/dvij/ee206-project/ping-pong-robot/ros2_ws/install/interface/lib:/home/dvij/ee206-project/ping-pong-robot/ppr_ws/install/impedance_controller/lib:/home/dvij/ee206-project/ping-pong-robot/ppr_ws/install/iiwa_moveit2/lib:/home/dvij/ee206-project/ping-pong-robot/ppr_ws/install/external_torque_sensor_broadcaster/lib:/opt/ros/foxy/opt/yaml_cpp_vendor/lib:/opt/ros/foxy/opt/rviz_ogre_vendor/lib:/opt/ros/foxy/lib/x86_64-linux-gnu:/opt/ros/foxy/lib:/opt/ros/galactic/opt/yaml_cpp_vendor/lib:/opt/ros/galactic/opt/rviz_ogre_vendor/lib:/opt/ros/galactic/lib/x86_64-linux-gnu:/opt/ros/galactic/lib:/opt/ros/noetic/lib:/opt/ros/noetic/lib/x86_64-linux-gnu:/home/dvij/.mpi-is/pam/install/lib:/home/dvij/.mujoco/mujoco210/bin:/usr/lib/nvidia /usr/local/bin/cmake --install /home/dvij/ee206-project/ping-pong-robot/ros2_ws/build/camera_feed
[5.484s] -- Install configuration: ""
[5.484s] -- Installing: /home/dvij/ee206-project/ping-pong-robot/ros2_ws/install/camera_feed/lib/camera_feed/image_publisher
[5.484s] -- Set non-toolchain portion of runtime path of "/home/dvij/ee206-project/ping-pong-robot/ros2_ws/install/camera_feed/lib/camera_feed/image_publisher" to ""
[5.484s] -- Installing: /home/dvij/ee206-project/ping-pong-robot/ros2_ws/install/camera_feed/lib/camera_feed/synchronized_image_subscriber
[5.485s] -- Set non-toolchain portion of runtime path of "/home/dvij/ee206-project/ping-pong-robot/ros2_ws/install/camera_feed/lib/camera_feed/synchronized_image_subscriber" to ""
[5.485s] -- Installing: /home/dvij/ee206-project/ping-pong-robot/ros2_ws/install/camera_feed/share/camera_feed/launch
[5.485s] -- Installing: /home/dvij/ee206-project/ping-pong-robot/ros2_ws/install/camera_feed/share/camera_feed/launch/camera_feed.py
[5.486s] -- Installing: /home/dvij/ee206-project/ping-pong-robot/ros2_ws/install/camera_feed/share/ament_index/resource_index/package_run_dependencies/camera_feed
[5.486s] -- Installing: /home/dvij/ee206-project/ping-pong-robot/ros2_ws/install/camera_feed/share/ament_index/resource_index/parent_prefix_path/camera_feed
[5.486s] -- Installing: /home/dvij/ee206-project/ping-pong-robot/ros2_ws/install/camera_feed/share/camera_feed/environment/ament_prefix_path.sh
[5.486s] -- Installing: /home/dvij/ee206-project/ping-pong-robot/ros2_ws/install/camera_feed/share/camera_feed/environment/ament_prefix_path.dsv
[5.486s] -- Installing: /home/dvij/ee206-project/ping-pong-robot/ros2_ws/install/camera_feed/share/camera_feed/environment/path.sh
[5.486s] -- Installing: /home/dvij/ee206-project/ping-pong-robot/ros2_ws/install/camera_feed/share/camera_feed/environment/path.dsv
[5.486s] -- Installing: /home/dvij/ee206-project/ping-pong-robot/ros2_ws/install/camera_feed/share/camera_feed/local_setup.bash
[5.486s] -- Installing: /home/dvij/ee206-project/ping-pong-robot/ros2_ws/install/camera_feed/share/camera_feed/local_setup.sh
[5.486s] -- Installing: /home/dvij/ee206-project/ping-pong-robot/ros2_ws/install/camera_feed/share/camera_feed/local_setup.zsh
[5.486s] -- Installing: /home/dvij/ee206-project/ping-pong-robot/ros2_ws/install/camera_feed/share/camera_feed/local_setup.dsv
[5.486s] -- Installing: /home/dvij/ee206-project/ping-pong-robot/ros2_ws/install/camera_feed/share/camera_feed/package.dsv
[5.486s] -- Installing: /home/dvij/ee206-project/ping-pong-robot/ros2_ws/install/camera_feed/share/ament_index/resource_index/packages/camera_feed
[5.486s] -- Installing: /home/dvij/ee206-project/ping-pong-robot/ros2_ws/install/camera_feed/share/camera_feed/cmake/camera_feedConfig.cmake
[5.486s] -- Installing: /home/dvij/ee206-project/ping-pong-robot/ros2_ws/install/camera_feed/share/camera_feed/cmake/camera_feedConfig-version.cmake
[5.486s] -- Installing: /home/dvij/ee206-project/ping-pong-robot/ros2_ws/install/camera_feed/share/camera_feed/package.xml
[5.487s] Invoked command in '/home/dvij/ee206-project/ping-pong-robot/ros2_ws/build/camera_feed' returned '0': CMAKE_PREFIX_PATH=/home/dvij/ee206-project/ping-pong-robot/ros2_ws/install/my_sync_package:/home/dvij/ee206-project/ping-pong-robot/ros2_ws/install/interface:/home/dvij/ee206-project/ping-pong-robot/ros2_ws/install/camera_feed:/home/dvij/ee206-project/ping-pong-robot/ppr_ws/install/impedance_controller:/home/dvij/ee206-project/ping-pong-robot/ppr_ws/install/iiwa_moveit2:/home/dvij/ee206-project/ping-pong-robot/ppr_ws/install/iiwa_bringup:/home/dvij/ee206-project/ping-pong-robot/ppr_ws/install/iiwa_description:/home/dvij/ee206-project/ping-pong-robot/ppr_ws/install/external_torque_sensor_broadcaster:/home/dvij/ee206-project/ping-pong-robot/ppr_ws/install/scene_interpreter:/home/dvij/ee206-project/ping-pong-robot/ppr_ws/install/camera_feed:/opt/ros/foxy:/opt/ros/galactic:/opt/ros/noetic LD_LIBRARY_PATH=/home/dvij/ee206-project/ping-pong-robot/ros2_ws/install/interface/lib:/home/dvij/ee206-project/ping-pong-robot/ppr_ws/install/impedance_controller/lib:/home/dvij/ee206-project/ping-pong-robot/ppr_ws/install/iiwa_moveit2/lib:/home/dvij/ee206-project/ping-pong-robot/ppr_ws/install/external_torque_sensor_broadcaster/lib:/opt/ros/foxy/opt/yaml_cpp_vendor/lib:/opt/ros/foxy/opt/rviz_ogre_vendor/lib:/opt/ros/foxy/lib/x86_64-linux-gnu:/opt/ros/foxy/lib:/opt/ros/galactic/opt/yaml_cpp_vendor/lib:/opt/ros/galactic/opt/rviz_ogre_vendor/lib:/opt/ros/galactic/lib/x86_64-linux-gnu:/opt/ros/galactic/lib:/opt/ros/noetic/lib:/opt/ros/noetic/lib/x86_64-linux-gnu:/home/dvij/.mpi-is/pam/install/lib:/home/dvij/.mujoco/mujoco210/bin:/usr/lib/nvidia /usr/local/bin/cmake --install /home/dvij/ee206-project/ping-pong-robot/ros2_ws/build/camera_feed
