[0.032s] Invoking command in '/home/dvij/ee206-project/ping-pong-robot/ppr_ws/build/impedance_controller': CMAKE_PREFIX_PATH=/home/dvij/ee206-project/ping-pong-robot/ros2_ws/install/camera_feed:/home/dvij/ee206-project/ping-pong-robot/ros2_ws/install/my_sync_package:/home/dvij/ee206-project/ping-pong-robot/ros2_ws/install/interface:/home/dvij/ee206-project/ping-pong-robot/ppr_ws/install/impedance_controller:/home/dvij/ee206-project/ping-pong-robot/ppr_ws/install/iiwa_moveit2:/home/dvij/ee206-project/ping-pong-robot/ppr_ws/install/iiwa_bringup:/home/dvij/ee206-project/ping-pong-robot/ppr_ws/install/iiwa_description:/home/dvij/ee206-project/ping-pong-robot/ppr_ws/install/external_torque_sensor_broadcaster:/home/dvij/ee206-project/ping-pong-robot/ppr_ws/install/scene_interpreter:/home/dvij/ee206-project/ping-pong-robot/ppr_ws/install/camera_feed:/opt/ros/foxy:/opt/ros/galactic:/opt/ros/noetic /usr/local/bin/cmake /home/dvij/ee206-project/ping-pong-robot/ppr_ws/src/iiwa_ros2/iiwa_controllers/impedance_controller -DAMENT_CMAKE_SYMLINK_INSTALL=1 -DCMAKE_INSTALL_PREFIX=/home/dvij/ee206-project/ping-pong-robot/ppr_ws/install/impedance_controller
[0.199s] [33mCMake Warning (dev) at /opt/ros/galactic/share/ament_cmake_core/cmake/core/python.cmake:22 (find_package):
[0.199s]   Policy CMP0148 is not set: The FindPythonInterp and FindPythonLibs modules
[0.199s]   are removed.  Run "cmake --help-policy CMP0148" for policy details.  Use
[0.199s]   the cmake_policy command to set the policy and suppress this warning.
[0.199s] 
[0.199s] Call Stack (most recent call first):
[0.199s]   /opt/ros/galactic/share/ament_cmake_core/cmake/core/all.cmake:53 (include)
[0.199s]   /opt/ros/galactic/share/ament_cmake_core/cmake/ament_cmake_core-extras.cmake:17 (include)
[0.199s]   /opt/ros/galactic/share/ament_cmake_core/cmake/ament_cmake_coreConfig.cmake:41 (include)
[0.199s]   /opt/ros/galactic/share/ament_cmake/cmake/ament_cmake_export_dependencies-extras.cmake:15 (find_package)
[0.199s]   /opt/ros/galactic/share/ament_cmake/cmake/ament_cmakeConfig.cmake:41 (include)
[0.199s]   CMakeLists.txt:14 (find_package)
[0.199s] This warning is for project developers.  Use -Wno-dev to suppress it.
[0.200s] [0m
[0.200s] -- Found ament_cmake: 1.1.6 (/opt/ros/galactic/share/ament_cmake/cmake)
[0.200s] -- Using PYTHON_EXECUTABLE: /home/dvij/anaconda3/bin/python3
[0.269s] -- Override CMake install command with custom implementation using symlinks instead of copying resources
[0.274s] -- Found controller_interface: 1.6.0 (/opt/ros/galactic/share/controller_interface/cmake)
[0.292s] -- Using all available rosidl_typesupport_c: rosidl_typesupport_fastrtps_c;rosidl_typesupport_introspection_c
[0.294s] -- Found rosidl_adapter: 2.2.3 (/opt/ros/galactic/share/rosidl_adapter/cmake)
[0.431s] -- Using all available rosidl_typesupport_cpp: rosidl_typesupport_fastrtps_cpp;rosidl_typesupport_introspection_cpp
[0.726s] -- Found rmw_implementation_cmake: 3.3.1 (/opt/ros/galactic/share/rmw_implementation_cmake/cmake)
[0.727s] -- Found rmw_cyclonedds_cpp: 0.22.6 (/opt/ros/galactic/share/rmw_cyclonedds_cpp/cmake)
[0.738s] -- Using RMW implementation 'rmw_cyclonedds_cpp' as default
[0.888s] -- Found realtime_tools: 2.2.0 (/opt/ros/galactic/share/realtime_tools/cmake)
[0.956s] -- Found ament_cmake_gtest: 1.1.6 (/opt/ros/galactic/share/ament_cmake_gtest/cmake)
[0.956s] -- Found ament_lint_auto: 0.10.7 (/opt/ros/galactic/share/ament_lint_auto/cmake)
[1.024s] -- Configuring done (1.0s)
[1.058s] -- Generating done (0.0s)
[1.059s] -- Build files have been written to: /home/dvij/ee206-project/ping-pong-robot/ppr_ws/build/impedance_controller
