[33mCMake Warning (dev) at /opt/ros/galactic/share/ament_cmake_core/cmake/core/python.cmake:22 (find_package):
  Policy CMP0148 is not set: The FindPythonInterp and FindPythonLibs modules
  are removed.  Run "cmake --help-policy CMP0148" for policy details.  Use
  the cmake_policy command to set the policy and suppress this warning.

Call Stack (most recent call first):
  /opt/ros/galactic/share/ament_cmake_core/cmake/core/all.cmake:53 (include)
  /opt/ros/galactic/share/ament_cmake_core/cmake/ament_cmake_core-extras.cmake:17 (include)
  /opt/ros/galactic/share/ament_cmake_core/cmake/ament_cmake_coreConfig.cmake:41 (include)
  /opt/ros/galactic/share/ament_cmake/cmake/ament_cmake_export_dependencies-extras.cmake:15 (find_package)
  /opt/ros/galactic/share/ament_cmake/cmake/ament_cmakeConfig.cmake:41 (include)
  /opt/ros/galactic/share/moveit_common/cmake/moveit_package.cmake:32 (find_package)
  CMakeLists.txt:19 (moveit_package)
This warning is for project developers.  Use -Wno-dev to suppress it.
[0m
[33mCMake Warning (dev) at /usr/local/share/cmake-3.29/Modules/FindPackageHandleStandardArgs.cmake:438 (message):
  The package name passed to `find_package_handle_standard_args` (libdw) does
  not match the name of the calling package (backward_ros).  This can lead to
  problems in calling code that expects `find_package` result variables
  (e.g., `_FOUND`) to follow a certain pattern.
Call Stack (most recent call first):
  /opt/ros/galactic/share/backward_ros/cmake/BackwardConfig.cmake:55 (find_package_handle_standard_args)
  /opt/ros/galactic/share/backward_ros/cmake/backward_rosConfig.cmake:41 (include)
  /opt/ros/galactic/share/moveit_common/cmake/moveit_package.cmake:36 (find_package)
  CMakeLists.txt:19 (moveit_package)
This warning is for project developers.  Use -Wno-dev to suppress it.
[0m
[33mCMake Warning (dev) at /usr/local/share/cmake-3.29/Modules/FindPackageHandleStandardArgs.cmake:438 (message):
  The package name passed to `find_package_handle_standard_args` (libbfd)
  does not match the name of the calling package (backward_ros).  This can
  lead to problems in calling code that expects `find_package` result
  variables (e.g., `_FOUND`) to follow a certain pattern.
Call Stack (most recent call first):
  /opt/ros/galactic/share/backward_ros/cmake/BackwardConfig.cmake:66 (find_package_handle_standard_args)
  /opt/ros/galactic/share/backward_ros/cmake/backward_rosConfig.cmake:41 (include)
  /opt/ros/galactic/share/moveit_common/cmake/moveit_package.cmake:36 (find_package)
  CMakeLists.txt:19 (moveit_package)
This warning is for project developers.  Use -Wno-dev to suppress it.
[0m
[33mCMake Warning (dev) at /usr/local/share/cmake-3.29/Modules/FindPackageHandleStandardArgs.cmake:438 (message):
  The package name passed to `find_package_handle_standard_args` (Backward)
  does not match the name of the calling package (backward_ros).  This can
  lead to problems in calling code that expects `find_package` result
  variables (e.g., `_FOUND`) to follow a certain pattern.
Call Stack (most recent call first):
  /opt/ros/galactic/share/backward_ros/cmake/BackwardConfig.cmake:128 (find_package_handle_standard_args)
  /opt/ros/galactic/share/backward_ros/cmake/backward_rosConfig.cmake:41 (include)
  /opt/ros/galactic/share/moveit_common/cmake/moveit_package.cmake:36 (find_package)
  CMakeLists.txt:19 (moveit_package)
This warning is for project developers.  Use -Wno-dev to suppress it.
[0m
[0miiwa_moveit2: You did not request a specific build type: Choosing 'Release' for maximum performance[0m
