[0.032s] Invoking command in '/home/dvij/ee206-project/ping-pong-robot/ppr_ws/build/iiwa_moveit2': CMAKE_PREFIX_PATH=/home/dvij/ee206-project/ping-pong-robot/ros2_ws/install/camera_feed:/home/dvij/ee206-project/ping-pong-robot/ros2_ws/install/my_sync_package:/home/dvij/ee206-project/ping-pong-robot/ros2_ws/install/interface:/home/dvij/ee206-project/ping-pong-robot/ppr_ws/install/impedance_controller:/home/dvij/ee206-project/ping-pong-robot/ppr_ws/install/iiwa_moveit2:/home/dvij/ee206-project/ping-pong-robot/ppr_ws/install/iiwa_bringup:/home/dvij/ee206-project/ping-pong-robot/ppr_ws/install/iiwa_description:/home/dvij/ee206-project/ping-pong-robot/ppr_ws/install/external_torque_sensor_broadcaster:/home/dvij/ee206-project/ping-pong-robot/ppr_ws/install/scene_interpreter:/home/dvij/ee206-project/ping-pong-robot/ppr_ws/install/camera_feed:/opt/ros/foxy:/opt/ros/galactic:/opt/ros/noetic /usr/local/bin/cmake /home/dvij/ee206-project/ping-pong-robot/ppr_ws/src/iiwa_ros2/iiwa_moveit2 -DAMENT_CMAKE_SYMLINK_INSTALL=1 -DCMAKE_INSTALL_PREFIX=/home/dvij/ee206-project/ping-pong-robot/ppr_ws/install/iiwa_moveit2
[0.202s] -- Found moveit_common: 2.3.4 (/opt/ros/galactic/share/moveit_common/cmake)
[0.202s] -- Found ament_cmake: 1.1.6 (/opt/ros/galactic/share/ament_cmake/cmake)
[0.202s] -- Using PYTHON_EXECUTABLE: /home/dvij/anaconda3/bin/python3
[0.202s] [33mCMake Warning (dev) at /opt/ros/galactic/share/ament_cmake_core/cmake/core/python.cmake:22 (find_package):
[0.202s]   Policy CMP0148 is not set: The FindPythonInterp and FindPythonLibs modules
[0.202s]   are removed.  Run "cmake --help-policy CMP0148" for policy details.  Use
[0.202s]   the cmake_policy command to set the policy and suppress this warning.
[0.202s] 
[0.202s] Call Stack (most recent call first):
[0.202s]   /opt/ros/galactic/share/ament_cmake_core/cmake/core/all.cmake:53 (include)
[0.202s]   /opt/ros/galactic/share/ament_cmake_core/cmake/ament_cmake_core-extras.cmake:17 (include)
[0.202s]   /opt/ros/galactic/share/ament_cmake_core/cmake/ament_cmake_coreConfig.cmake:41 (include)
[0.202s]   /opt/ros/galactic/share/ament_cmake/cmake/ament_cmake_export_dependencies-extras.cmake:15 (find_package)
[0.202s]   /opt/ros/galactic/share/ament_cmake/cmake/ament_cmakeConfig.cmake:41 (include)
[0.202s]   /opt/ros/galactic/share/moveit_common/cmake/moveit_package.cmake:32 (find_package)
[0.202s]   CMakeLists.txt:19 (moveit_package)
[0.202s] This warning is for project developers.  Use -Wno-dev to suppress it.
[0.202s] [0m
[0.204s] -- Override CMake install command with custom implementation using symlinks instead of copying resources
[0.297s] [33mCMake Warning (dev) at /usr/local/share/cmake-3.29/Modules/FindPackageHandleStandardArgs.cmake:438 (message):
[0.297s]   The package name passed to `find_package_handle_standard_args` (libdw) does
[0.297s]   not match the name of the calling package (backward_ros).  This can lead to
[0.297s]   problems in calling code that expects `find_package` result variables
[0.297s]   (e.g., `_FOUND`) to follow a certain pattern.
[0.298s] Call Stack (most recent call first):
[0.298s]   /opt/ros/galactic/share/backward_ros/cmake/BackwardConfig.cmake:55 (find_package_handle_standard_args)
[0.298s]   /opt/ros/galactic/share/backward_ros/cmake/backward_rosConfig.cmake:41 (include)
[0.298s]   /opt/ros/galactic/share/moveit_common/cmake/moveit_package.cmake:36 (find_package)
[0.298s]   CMakeLists.txt:19 (moveit_package)
[0.298s] This warning is for project developers.  Use -Wno-dev to suppress it.
[0.298s] [0m
[0.312s] [33mCMake Warning (dev) at /usr/local/share/cmake-3.29/Modules/FindPackageHandleStandardArgs.cmake:438 (message):
[0.312s]   The package name passed to `find_package_handle_standard_args` (libbfd)
[0.312s]   does not match the name of the calling package (backward_ros).  This can
[0.312s]   lead to problems in calling code that expects `find_package` result
[0.312s]   variables (e.g., `_FOUND`) to follow a certain pattern.
[0.312s] Call Stack (most recent call first):
[0.312s]   /opt/ros/galactic/share/backward_ros/cmake/BackwardConfig.cmake:66 (find_package_handle_standard_args)
[0.312s]   /opt/ros/galactic/share/backward_ros/cmake/backward_rosConfig.cmake:41 (include)
[0.312s]   /opt/ros/galactic/share/moveit_common/cmake/moveit_package.cmake:36 (find_package)
[0.312s]   CMakeLists.txt:19 (moveit_package)
[0.312s] This warning is for project developers.  Use -Wno-dev to suppress it.
[0.312s] [0m
[0.313s] -- Could NOT find libbfd (missing: LIBBFD_LIBRARY LIBBFD_INCLUDE_DIR) 
[0.313s] -- BACKWARD_HAS_UNWIND=1
[0.313s] -- BACKWARD_HAS_BACKTRACE=0
[0.313s] -- BACKWARD_HAS_BACKTRACE_SYMBOL=0
[0.313s] -- BACKWARD_HAS_DW=1
[0.313s] -- BACKWARD_HAS_BFD=0
[0.313s] [33mCMake Warning (dev) at /usr/local/share/cmake-3.29/Modules/FindPackageHandleStandardArgs.cmake:438 (message):
[0.313s]   The package name passed to `find_package_handle_standard_args` (Backward)
[0.313s]   does not match the name of the calling package (backward_ros).  This can
[0.313s]   lead to problems in calling code that expects `find_package` result
[0.313s]   variables (e.g., `_FOUND`) to follow a certain pattern.
[0.313s] Call Stack (most recent call first):
[0.313s]   /opt/ros/galactic/share/backward_ros/cmake/BackwardConfig.cmake:128 (find_package_handle_standard_args)
[0.313s]   /opt/ros/galactic/share/backward_ros/cmake/backward_rosConfig.cmake:41 (include)
[0.313s]   /opt/ros/galactic/share/moveit_common/cmake/moveit_package.cmake:36 (find_package)
[0.313s]   CMakeLists.txt:19 (moveit_package)
[0.313s] This warning is for project developers.  Use -Wno-dev to suppress it.
[0.313s] [0m
[0.313s] -- Found Backward: /opt/ros/galactic/share/backward_ros/cmake
[0.313s] [0miiwa_moveit2: You did not request a specific build type: Choosing 'Release' for maximum performance[0m
[0.314s] -- Found control_msgs: 3.0.0 (/opt/ros/galactic/share/control_msgs/cmake)
[0.326s] -- Using all available rosidl_typesupport_c: rosidl_typesupport_fastrtps_c;rosidl_typesupport_introspection_c
[0.328s] -- Found rosidl_adapter: 2.2.3 (/opt/ros/galactic/share/rosidl_adapter/cmake)
[0.482s] -- Using all available rosidl_typesupport_cpp: rosidl_typesupport_fastrtps_cpp;rosidl_typesupport_introspection_cpp
[0.714s] -- Found moveit_core: 2.3.4 (/opt/ros/galactic/share/moveit_core/cmake)
[0.735s] -- Found Boost: /usr/lib/x86_64-linux-gnu/cmake/Boost-1.71.0/BoostConfig.cmake (found version "1.71.0") found components: chrono date_time filesystem iostreams program_options regex serialization system thread
[0.746s] -- Found Boost: /usr/lib/x86_64-linux-gnu/cmake/Boost-1.71.0/BoostConfig.cmake (found version "1.71.0") found components: filesystem
[0.778s] -- Found rmw_implementation_cmake: 3.3.1 (/opt/ros/galactic/share/rmw_implementation_cmake/cmake)
[0.779s] -- Found rmw_cyclonedds_cpp: 0.22.6 (/opt/ros/galactic/share/rmw_cyclonedds_cpp/cmake)
[0.788s] -- Using RMW implementation 'rmw_cyclonedds_cpp' as default
[0.886s] -- library: /usr/lib/x86_64-linux-gnu/libcurl.so
[1.842s] -- Found moveit_servo: 2.3.4 (/opt/ros/galactic/share/moveit_servo/cmake)
[2.063s] -- Found Boost: /usr/lib/x86_64-linux-gnu/cmake/Boost-1.71.0/BoostConfig.cmake (found version "1.71.0") found components: system filesystem date_time program_options thread chrono
[2.207s] -- Found Boost: /usr/lib/x86_64-linux-gnu/cmake/Boost-1.71.0/BoostConfig.cmake (found version "1.71.0") found components: thread
[2.705s] -- Found ament_cmake_gtest: 1.1.6 (/opt/ros/galactic/share/ament_cmake_gtest/cmake)
[2.706s] -- Found ament_lint_auto: 0.10.7 (/opt/ros/galactic/share/ament_lint_auto/cmake)
[2.712s] -- Added test 'copyright' to check source files copyright and LICENSE
[2.712s] -- Added test 'cppcheck' to perform static code analysis on C / C++ code
[2.712s] -- Configured cppcheck include dirs: 
[2.712s] -- Configured cppcheck exclude dirs and/or files: 
[2.712s] -- Added test 'cpplint' to check C / C++ code against the Google style
[2.713s] -- Configured cpplint exclude dirs and/or files: 
[2.713s] -- Added test 'lint_cmake' to check CMake code style
[2.713s] -- Added test 'uncrustify' to check C / C++ code style
[2.713s] -- Configured uncrustify additional arguments: 
[2.713s] -- Added test 'xmllint' to check XML markup files
[2.714s] -- Configuring done (2.7s)
[2.776s] -- Generating done (0.1s)
[2.777s] -- Build files have been written to: /home/dvij/ee206-project/ping-pong-robot/ppr_ws/build/iiwa_moveit2
