[0.135s] Invoking command in '/home/pingpongproject/code/ping-pong-robot/lbr_fri_ros2_stack_ws_foxy2/build/lbr_fri_msgs': CMAKE_PREFIX_PATH=${CMAKE_PREFIX_PATH}:/home/pingpongproject/code/ping-pong-robot/lbr_fri_ros2_stack_ws_foxy2/install/workspace_controller:/home/pingpongproject/code/ping-pong-robot/lbr_fri_ros2_stack_ws_foxy2/install/lbr_demos_ros2_control_python:/home/pingpongproject/code/ping-pong-robot/lbr_fri_ros2_stack_ws_foxy2/install/lbr_demos_fri_ros2_python:/home/pingpongproject/code/ping-pong-robot/lbr_fri_ros2_stack_ws_foxy2/install/lbr_demos_fri_ros2_advanced_python:/opt/ros/foxy /home/pingpongproject/.local/bin/cmake --build /home/pingpongproject/code/ping-pong-robot/lbr_fri_ros2_stack_ws_foxy2/build/lbr_fri_msgs -- -j20 -l20
[0.164s] -- Found ament_cmake: 0.9.12 (/opt/ros/foxy/share/ament_cmake/cmake)
[0.183s] -- Found PythonInterp: /usr/bin/python3 (found suitable version "3.8.10", minimum required is "3") 
[0.183s] -- Using PYTHON_EXECUTABLE: /usr/bin/python3
[0.311s] -- Override CMake install command with custom implementation using symlinks instead of copying resources
[0.315s] -- Found builtin_interfaces: 1.0.0 (/opt/ros/foxy/share/builtin_interfaces/cmake)
[0.328s] -- Using all available rosidl_typesupport_c: rosidl_typesupport_fastrtps_c;rosidl_typesupport_introspection_c
[0.330s] -- Found rosidl_adapter: 1.3.1 (/opt/ros/foxy/share/rosidl_adapter/cmake)
[0.404s] -- Using all available rosidl_typesupport_cpp: rosidl_typesupport_fastrtps_cpp;rosidl_typesupport_introspection_cpp
[0.417s] -- Found rosidl_default_generators: 1.0.1 (/opt/ros/foxy/share/rosidl_default_generators/cmake)
[0.422s] -- Found std_msgs: 2.0.5 (/opt/ros/foxy/share/std_msgs/cmake)
[0.450s] -- Found PythonInterp: /usr/bin/python3 (found version "3.8.10") 
[0.567s] -- Found ament_cmake_cppcheck: 0.9.8 (/opt/ros/foxy/share/ament_cmake_cppcheck/cmake)
[0.567s] -- Found ament_cmake_cpplint: 0.9.8 (/opt/ros/foxy/share/ament_cmake_cpplint/cmake)
[0.568s] -- Found ament_cmake_uncrustify: 0.9.8 (/opt/ros/foxy/share/ament_cmake_uncrustify/cmake)
[0.568s] -- Found ament_cmake_ros: 0.9.2 (/opt/ros/foxy/share/ament_cmake_ros/cmake)
[0.673s] -- Using all available rosidl_typesupport_c: rosidl_typesupport_fastrtps_c;rosidl_typesupport_introspection_c
[0.708s] -- Using all available rosidl_typesupport_cpp: rosidl_typesupport_fastrtps_cpp;rosidl_typesupport_introspection_cpp
[0.729s] -- Found PythonInterp: /usr/bin/python3 (found suitable version "3.8.10", minimum required is "3.5") 
[0.730s] -- Found python_cmake_module: 0.8.1 (/opt/ros/foxy/share/python_cmake_module/cmake)
[0.750s] -- Using PYTHON_EXECUTABLE: /usr/bin/python3
[0.750s] -- Using PYTHON_INCLUDE_DIRS: /usr/include/python3.8
[0.750s] -- Using PYTHON_LIBRARIES: /usr/lib/x86_64-linux-gnu/libpython3.8.so
[0.772s] -- Found ament_cmake_flake8: 0.9.8 (/opt/ros/foxy/share/ament_cmake_flake8/cmake)
[0.772s] -- Found ament_cmake_pep257: 0.9.8 (/opt/ros/foxy/share/ament_cmake_pep257/cmake)
[0.777s] -- Configuring done (0.6s)
[0.804s] -- Generating done (0.0s)
[0.805s] -- Build files have been written to: /home/pingpongproject/code/ping-pong-robot/lbr_fri_ros2_stack_ws_foxy2/build/lbr_fri_msgs
[0.813s] [  1%] [34m[1mGenerating C code for ROS interfaces[0m
[0.815s] [  3%] [34m[1mGenerating C++ code for ROS interfaces[0m
[1.071s] [  3%] Built target lbr_fri_msgs__cpp
[1.073s] [  6%] [34m[1mGenerating C++ type support dispatch for ROS interfaces[0m
[1.074s] [  6%] [34m[1mGenerating C++ type support for eProsima Fast-RTPS[0m
[1.074s] [  7%] [34m[1mGenerating C++ introspection for ROS interfaces[0m
[1.090s] [  9%] [32mBuilding C object CMakeFiles/lbr_fri_msgs__rosidl_generator_c.dir/rosidl_generator_c/lbr_fri_msgs/msg/detail/lbr_command__functions.c.o[0m
[1.090s] [ 11%] [32mBuilding C object CMakeFiles/lbr_fri_msgs__rosidl_generator_c.dir/rosidl_generator_c/lbr_fri_msgs/msg/detail/lbr_state__functions.c.o[0m
[1.090s] [ 12%] [32mBuilding C object CMakeFiles/lbr_fri_msgs__rosidl_generator_c.dir/rosidl_generator_c/lbr_fri_msgs/msg/detail/joint_position_with_time__functions.c.o[0m
[1.091s] [ 14%] [32mBuilding C object CMakeFiles/lbr_fri_msgs__rosidl_generator_c.dir/rosidl_generator_c/lbr_fri_msgs/srv/detail/app_connect__functions.c.o[0m
[1.091s] [ 15%] [32mBuilding C object CMakeFiles/lbr_fri_msgs__rosidl_generator_c.dir/rosidl_generator_c/lbr_fri_msgs/srv/detail/app_disconnect__functions.c.o[0m
[1.235s] [ 17%] [32m[1mLinking C shared library liblbr_fri_msgs__rosidl_generator_c.so[0m
[1.261s] [ 17%] Built target lbr_fri_msgs__rosidl_generator_c
[1.264s] [ 20%] [34m[1mGenerating C introspection for ROS interfaces[0m
[1.264s] [ 20%] [34m[1mGenerating C type support dispatch for ROS interfaces[0m
[1.279s] [ 22%] [32mBuilding CXX object CMakeFiles/lbr_fri_msgs__rosidl_typesupport_cpp.dir/rosidl_typesupport_cpp/lbr_fri_msgs/msg/lbr_command__type_support.cpp.o[0m
[1.279s] [ 23%] [32mBuilding CXX object CMakeFiles/lbr_fri_msgs__rosidl_typesupport_cpp.dir/rosidl_typesupport_cpp/lbr_fri_msgs/srv/app_disconnect__type_support.cpp.o[0m
[1.279s] [ 25%] [32mBuilding CXX object CMakeFiles/lbr_fri_msgs__rosidl_typesupport_cpp.dir/rosidl_typesupport_cpp/lbr_fri_msgs/msg/lbr_state__type_support.cpp.o[0m
[1.280s] [ 26%] [32mBuilding CXX object CMakeFiles/lbr_fri_msgs__rosidl_typesupport_cpp.dir/rosidl_typesupport_cpp/lbr_fri_msgs/msg/joint_position_with_time__type_support.cpp.o[0m
[1.280s] [ 28%] [32mBuilding CXX object CMakeFiles/lbr_fri_msgs__rosidl_typesupport_cpp.dir/rosidl_typesupport_cpp/lbr_fri_msgs/srv/app_connect__type_support.cpp.o[0m
[1.312s] [ 31%] [32mBuilding CXX object CMakeFiles/lbr_fri_msgs__rosidl_typesupport_introspection_cpp.dir/rosidl_typesupport_introspection_cpp/lbr_fri_msgs/msg/detail/lbr_command__type_support.cpp.o[0m
[1.312s] [ 31%] [32mBuilding CXX object CMakeFiles/lbr_fri_msgs__rosidl_typesupport_introspection_cpp.dir/rosidl_typesupport_introspection_cpp/lbr_fri_msgs/msg/detail/joint_position_with_time__type_support.cpp.o[0m
[1.312s] [ 33%] [32mBuilding CXX object CMakeFiles/lbr_fri_msgs__rosidl_typesupport_introspection_cpp.dir/rosidl_typesupport_introspection_cpp/lbr_fri_msgs/msg/detail/lbr_state__type_support.cpp.o[0m
[1.312s] [ 34%] [32mBuilding CXX object CMakeFiles/lbr_fri_msgs__rosidl_typesupport_introspection_cpp.dir/rosidl_typesupport_introspection_cpp/lbr_fri_msgs/srv/detail/app_connect__type_support.cpp.o[0m
[1.312s] [ 36%] [32mBuilding CXX object CMakeFiles/lbr_fri_msgs__rosidl_typesupport_introspection_cpp.dir/rosidl_typesupport_introspection_cpp/lbr_fri_msgs/srv/detail/app_disconnect__type_support.cpp.o[0m
[1.356s] [ 39%] [32mBuilding CXX object CMakeFiles/lbr_fri_msgs__rosidl_typesupport_fastrtps_cpp.dir/rosidl_typesupport_fastrtps_cpp/lbr_fri_msgs/srv/detail/dds_fastrtps/app_connect__type_support.cpp.o[0m
[1.356s] [ 41%] [32mBuilding CXX object CMakeFiles/lbr_fri_msgs__rosidl_typesupport_fastrtps_cpp.dir/rosidl_typesupport_fastrtps_cpp/lbr_fri_msgs/msg/detail/dds_fastrtps/lbr_state__type_support.cpp.o[0m
[1.356s] [ 42%] [32mBuilding CXX object CMakeFiles/lbr_fri_msgs__rosidl_typesupport_fastrtps_cpp.dir/rosidl_typesupport_fastrtps_cpp/lbr_fri_msgs/msg/detail/dds_fastrtps/joint_position_with_time__type_support.cpp.o[0m
[1.357s] [ 39%] [32mBuilding CXX object CMakeFiles/lbr_fri_msgs__rosidl_typesupport_fastrtps_cpp.dir/rosidl_typesupport_fastrtps_cpp/lbr_fri_msgs/msg/detail/dds_fastrtps/lbr_command__type_support.cpp.o[0m
[1.357s] [ 44%] [32mBuilding CXX object CMakeFiles/lbr_fri_msgs__rosidl_typesupport_fastrtps_cpp.dir/rosidl_typesupport_fastrtps_cpp/lbr_fri_msgs/srv/detail/dds_fastrtps/app_disconnect__type_support.cpp.o[0m
[1.567s] [ 46%] [32m[1mLinking CXX shared library liblbr_fri_msgs__rosidl_typesupport_introspection_cpp.so[0m
[1.581s] [ 50%] [32mBuilding C object CMakeFiles/lbr_fri_msgs__rosidl_typesupport_introspection_c.dir/rosidl_typesupport_introspection_c/lbr_fri_msgs/msg/detail/joint_position_with_time__type_support.c.o[0m
[1.581s] [ 50%] [32mBuilding C object CMakeFiles/lbr_fri_msgs__rosidl_typesupport_introspection_c.dir/rosidl_typesupport_introspection_c/lbr_fri_msgs/msg/detail/lbr_command__type_support.c.o[0m
[1.581s] [ 50%] [32mBuilding C object CMakeFiles/lbr_fri_msgs__rosidl_typesupport_introspection_c.dir/rosidl_typesupport_introspection_c/lbr_fri_msgs/msg/detail/lbr_state__type_support.c.o[0m
[1.581s] [ 52%] [32mBuilding C object CMakeFiles/lbr_fri_msgs__rosidl_typesupport_introspection_c.dir/rosidl_typesupport_introspection_c/lbr_fri_msgs/srv/detail/app_connect__type_support.c.o[0m
[1.582s] [ 53%] [32mBuilding C object CMakeFiles/lbr_fri_msgs__rosidl_typesupport_introspection_c.dir/rosidl_typesupport_introspection_c/lbr_fri_msgs/srv/detail/app_disconnect__type_support.c.o[0m
[1.605s] [ 55%] [32mBuilding CXX object CMakeFiles/lbr_fri_msgs__rosidl_typesupport_c.dir/rosidl_typesupport_c/lbr_fri_msgs/msg/lbr_command__type_support.cpp.o[0m
[1.606s] [ 57%] [32mBuilding CXX object CMakeFiles/lbr_fri_msgs__rosidl_typesupport_c.dir/rosidl_typesupport_c/lbr_fri_msgs/msg/joint_position_with_time__type_support.cpp.o[0m
[1.606s] [ 58%] [32mBuilding CXX object CMakeFiles/lbr_fri_msgs__rosidl_typesupport_c.dir/rosidl_typesupport_c/lbr_fri_msgs/msg/lbr_state__type_support.cpp.o[0m
[1.613s] [ 60%] [32m[1mLinking CXX shared library liblbr_fri_msgs__rosidl_typesupport_cpp.so[0m
[1.614s] [ 61%] [32m[1mLinking C shared library liblbr_fri_msgs__rosidl_typesupport_introspection_c.so[0m
[1.615s] [ 63%] [32mBuilding CXX object CMakeFiles/lbr_fri_msgs__rosidl_typesupport_c.dir/rosidl_typesupport_c/lbr_fri_msgs/srv/app_connect__type_support.cpp.o[0m
[1.615s] [ 65%] [32mBuilding CXX object CMakeFiles/lbr_fri_msgs__rosidl_typesupport_c.dir/rosidl_typesupport_c/lbr_fri_msgs/srv/app_disconnect__type_support.cpp.o[0m
[1.616s] [ 65%] Built target lbr_fri_msgs__rosidl_typesupport_introspection_cpp
[1.627s] [ 65%] Built target lbr_fri_msgs__rosidl_typesupport_introspection_c
[1.633s] [ 65%] Built target lbr_fri_msgs__rosidl_typesupport_cpp
[1.636s] [ 66%] [32m[1mLinking CXX shared library liblbr_fri_msgs__rosidl_typesupport_c.so[0m
[1.653s] [ 66%] Built target lbr_fri_msgs__rosidl_typesupport_c
[1.722s] [ 68%] [32m[1mLinking CXX shared library liblbr_fri_msgs__rosidl_typesupport_fastrtps_cpp.so[0m
[1.772s] [ 68%] Built target lbr_fri_msgs__rosidl_typesupport_fastrtps_cpp
[1.774s] [ 69%] [34m[1mGenerating C type support for eProsima Fast-RTPS[0m
[2.030s] [ 71%] [32mBuilding CXX object CMakeFiles/lbr_fri_msgs__rosidl_typesupport_fastrtps_c.dir/rosidl_typesupport_fastrtps_c/lbr_fri_msgs/msg/detail/lbr_command__type_support_c.cpp.o[0m
[2.030s] [ 73%] [32mBuilding CXX object CMakeFiles/lbr_fri_msgs__rosidl_typesupport_fastrtps_c.dir/rosidl_typesupport_fastrtps_c/lbr_fri_msgs/msg/detail/lbr_state__type_support_c.cpp.o[0m
[2.030s] [ 74%] [32mBuilding CXX object CMakeFiles/lbr_fri_msgs__rosidl_typesupport_fastrtps_c.dir/rosidl_typesupport_fastrtps_c/lbr_fri_msgs/msg/detail/joint_position_with_time__type_support_c.cpp.o[0m
[2.030s] [ 76%] [32mBuilding CXX object CMakeFiles/lbr_fri_msgs__rosidl_typesupport_fastrtps_c.dir/rosidl_typesupport_fastrtps_c/lbr_fri_msgs/srv/detail/app_connect__type_support_c.cpp.o[0m
[2.031s] [ 77%] [32mBuilding CXX object CMakeFiles/lbr_fri_msgs__rosidl_typesupport_fastrtps_c.dir/rosidl_typesupport_fastrtps_c/lbr_fri_msgs/srv/detail/app_disconnect__type_support_c.cpp.o[0m
[2.262s] [ 79%] [32m[1mLinking CXX shared library liblbr_fri_msgs__rosidl_typesupport_fastrtps_c.so[0m
[2.302s] [ 79%] Built target lbr_fri_msgs__rosidl_typesupport_fastrtps_c
[2.307s] [ 79%] Built target lbr_fri_msgs
[2.311s] [ 80%] [34m[1mGenerating Python code for ROS interfaces[0m
[2.829s] [ 80%] Built target lbr_fri_msgs__py
[2.837s] [ 82%] [32mBuilding C object CMakeFiles/lbr_fri_msgs__python.dir/rosidl_generator_py/lbr_fri_msgs/msg/_lbr_command_s.c.o[0m
[2.837s] [ 84%] [32mBuilding C object CMakeFiles/lbr_fri_msgs__python.dir/rosidl_generator_py/lbr_fri_msgs/msg/_lbr_state_s.c.o[0m
[2.837s] [ 85%] [32mBuilding C object CMakeFiles/lbr_fri_msgs__python.dir/rosidl_generator_py/lbr_fri_msgs/msg/_joint_position_with_time_s.c.o[0m
[2.837s] [ 87%] [32mBuilding C object CMakeFiles/lbr_fri_msgs__python.dir/rosidl_generator_py/lbr_fri_msgs/srv/_app_connect_s.c.o[0m
[2.837s] [ 88%] [32mBuilding C object CMakeFiles/lbr_fri_msgs__python.dir/rosidl_generator_py/lbr_fri_msgs/srv/_app_disconnect_s.c.o[0m
[2.938s] [ 90%] [32m[1mLinking C shared library rosidl_generator_py/lbr_fri_msgs/liblbr_fri_msgs__python.so[0m
[2.955s] [ 90%] Built target lbr_fri_msgs__python
[2.961s] [ 93%] [32mBuilding C object CMakeFiles/lbr_fri_msgs__rosidl_typesupport_introspection_c__pyext.dir/rosidl_generator_py/lbr_fri_msgs/_lbr_fri_msgs_s.ep.rosidl_typesupport_introspection_c.c.o[0m
[2.961s] [ 95%] [32mBuilding C object CMakeFiles/lbr_fri_msgs__rosidl_typesupport_c__pyext.dir/rosidl_generator_py/lbr_fri_msgs/_lbr_fri_msgs_s.ep.rosidl_typesupport_c.c.o[0m
[2.962s] [ 95%] [32mBuilding C object CMakeFiles/lbr_fri_msgs__rosidl_typesupport_fastrtps_c__pyext.dir/rosidl_generator_py/lbr_fri_msgs/_lbr_fri_msgs_s.ep.rosidl_typesupport_fastrtps_c.c.o[0m
[3.050s] [ 98%] [32m[1mLinking C shared library rosidl_generator_py/lbr_fri_msgs/lbr_fri_msgs_s__rosidl_typesupport_c.cpython-38-x86_64-linux-gnu.so[0m
[3.050s] [ 98%] [32m[1mLinking C shared library rosidl_generator_py/lbr_fri_msgs/lbr_fri_msgs_s__rosidl_typesupport_introspection_c.cpython-38-x86_64-linux-gnu.so[0m
[3.054s] [100%] [32m[1mLinking CXX shared library rosidl_generator_py/lbr_fri_msgs/lbr_fri_msgs_s__rosidl_typesupport_fastrtps_c.cpython-38-x86_64-linux-gnu.so[0m
[3.063s] [100%] Built target lbr_fri_msgs__rosidl_typesupport_introspection_c__pyext
[3.063s] [100%] Built target lbr_fri_msgs__rosidl_typesupport_c__pyext
[3.083s] [100%] Built target lbr_fri_msgs__rosidl_typesupport_fastrtps_c__pyext
[3.088s] Invoked command in '/home/pingpongproject/code/ping-pong-robot/lbr_fri_ros2_stack_ws_foxy2/build/lbr_fri_msgs' returned '0': CMAKE_PREFIX_PATH=${CMAKE_PREFIX_PATH}:/home/pingpongproject/code/ping-pong-robot/lbr_fri_ros2_stack_ws_foxy2/install/workspace_controller:/home/pingpongproject/code/ping-pong-robot/lbr_fri_ros2_stack_ws_foxy2/install/lbr_demos_ros2_control_python:/home/pingpongproject/code/ping-pong-robot/lbr_fri_ros2_stack_ws_foxy2/install/lbr_demos_fri_ros2_python:/home/pingpongproject/code/ping-pong-robot/lbr_fri_ros2_stack_ws_foxy2/install/lbr_demos_fri_ros2_advanced_python:/opt/ros/foxy /home/pingpongproject/.local/bin/cmake --build /home/pingpongproject/code/ping-pong-robot/lbr_fri_ros2_stack_ws_foxy2/build/lbr_fri_msgs -- -j20 -l20
[3.182s] Invoking command in '/home/pingpongproject/code/ping-pong-robot/lbr_fri_ros2_stack_ws_foxy2/build/lbr_fri_msgs': CMAKE_PREFIX_PATH=${CMAKE_PREFIX_PATH}:/home/pingpongproject/code/ping-pong-robot/lbr_fri_ros2_stack_ws_foxy2/install/workspace_controller:/home/pingpongproject/code/ping-pong-robot/lbr_fri_ros2_stack_ws_foxy2/install/lbr_demos_ros2_control_python:/home/pingpongproject/code/ping-pong-robot/lbr_fri_ros2_stack_ws_foxy2/install/lbr_demos_fri_ros2_python:/home/pingpongproject/code/ping-pong-robot/lbr_fri_ros2_stack_ws_foxy2/install/lbr_demos_fri_ros2_advanced_python:/opt/ros/foxy /home/pingpongproject/.local/bin/cmake --install /home/pingpongproject/code/ping-pong-robot/lbr_fri_ros2_stack_ws_foxy2/build/lbr_fri_msgs
[3.203s] -- Install configuration: "Release"
[3.204s] -- Execute custom install script
[3.204s] -- Up-to-date symlink: /home/pingpongproject/code/ping-pong-robot/lbr_fri_ros2_stack_ws_foxy2/install/lbr_fri_msgs/share/ament_index/resource_index/rosidl_interfaces/lbr_fri_msgs
[3.204s] -- Symlinking: /home/pingpongproject/code/ping-pong-robot/lbr_fri_ros2_stack_ws_foxy2/install/lbr_fri_msgs/include/lbr_fri_msgs/msg/detail/joint_position_with_time__functions.h
[3.206s] -- Symlinking: /home/pingpongproject/code/ping-pong-robot/lbr_fri_ros2_stack_ws_foxy2/install/lbr_fri_msgs/include/lbr_fri_msgs/msg/detail/joint_position_with_time__struct.h
[3.207s] -- Symlinking: /home/pingpongproject/code/ping-pong-robot/lbr_fri_ros2_stack_ws_foxy2/install/lbr_fri_msgs/include/lbr_fri_msgs/msg/detail/joint_position_with_time__type_support.h
[3.208s] -- Up-to-date symlink: /home/pingpongproject/code/ping-pong-robot/lbr_fri_ros2_stack_ws_foxy2/install/lbr_fri_msgs/include/lbr_fri_msgs/msg/detail/lbr_command__functions.h
[3.208s] -- Up-to-date symlink: /home/pingpongproject/code/ping-pong-robot/lbr_fri_ros2_stack_ws_foxy2/install/lbr_fri_msgs/include/lbr_fri_msgs/msg/detail/lbr_command__struct.h
[3.208s] -- Up-to-date symlink: /home/pingpongproject/code/ping-pong-robot/lbr_fri_ros2_stack_ws_foxy2/install/lbr_fri_msgs/include/lbr_fri_msgs/msg/detail/lbr_command__type_support.h
[3.208s] -- Up-to-date symlink: /home/pingpongproject/code/ping-pong-robot/lbr_fri_ros2_stack_ws_foxy2/install/lbr_fri_msgs/include/lbr_fri_msgs/msg/detail/lbr_state__functions.h
[3.208s] -- Up-to-date symlink: /home/pingpongproject/code/ping-pong-robot/lbr_fri_ros2_stack_ws_foxy2/install/lbr_fri_msgs/include/lbr_fri_msgs/msg/detail/lbr_state__struct.h
[3.208s] -- Up-to-date symlink: /home/pingpongproject/code/ping-pong-robot/lbr_fri_ros2_stack_ws_foxy2/install/lbr_fri_msgs/include/lbr_fri_msgs/msg/detail/lbr_state__type_support.h
[3.208s] -- Symlinking: /home/pingpongproject/code/ping-pong-robot/lbr_fri_ros2_stack_ws_foxy2/install/lbr_fri_msgs/include/lbr_fri_msgs/msg/joint_position_with_time.h
[3.210s] -- Up-to-date symlink: /home/pingpongproject/code/ping-pong-robot/lbr_fri_ros2_stack_ws_foxy2/install/lbr_fri_msgs/include/lbr_fri_msgs/msg/lbr_command.h
[3.210s] -- Up-to-date symlink: /home/pingpongproject/code/ping-pong-robot/lbr_fri_ros2_stack_ws_foxy2/install/lbr_fri_msgs/include/lbr_fri_msgs/msg/lbr_state.h
[3.210s] -- Up-to-date symlink: /home/pingpongproject/code/ping-pong-robot/lbr_fri_ros2_stack_ws_foxy2/install/lbr_fri_msgs/include/lbr_fri_msgs/msg/rosidl_generator_c__visibility_control.h
[3.210s] -- Up-to-date symlink: /home/pingpongproject/code/ping-pong-robot/lbr_fri_ros2_stack_ws_foxy2/install/lbr_fri_msgs/include/lbr_fri_msgs/srv/app_connect.h
[3.210s] -- Up-to-date symlink: /home/pingpongproject/code/ping-pong-robot/lbr_fri_ros2_stack_ws_foxy2/install/lbr_fri_msgs/include/lbr_fri_msgs/srv/app_disconnect.h
[3.210s] -- Up-to-date symlink: /home/pingpongproject/code/ping-pong-robot/lbr_fri_ros2_stack_ws_foxy2/install/lbr_fri_msgs/include/lbr_fri_msgs/srv/detail/app_connect__functions.h
[3.210s] -- Up-to-date symlink: /home/pingpongproject/code/ping-pong-robot/lbr_fri_ros2_stack_ws_foxy2/install/lbr_fri_msgs/include/lbr_fri_msgs/srv/detail/app_connect__struct.h
[3.210s] -- Up-to-date symlink: /home/pingpongproject/code/ping-pong-robot/lbr_fri_ros2_stack_ws_foxy2/install/lbr_fri_msgs/include/lbr_fri_msgs/srv/detail/app_connect__type_support.h
[3.210s] -- Up-to-date symlink: /home/pingpongproject/code/ping-pong-robot/lbr_fri_ros2_stack_ws_foxy2/install/lbr_fri_msgs/include/lbr_fri_msgs/srv/detail/app_disconnect__functions.h
[3.210s] -- Up-to-date symlink: /home/pingpongproject/code/ping-pong-robot/lbr_fri_ros2_stack_ws_foxy2/install/lbr_fri_msgs/include/lbr_fri_msgs/srv/detail/app_disconnect__struct.h
[3.210s] -- Up-to-date symlink: /home/pingpongproject/code/ping-pong-robot/lbr_fri_ros2_stack_ws_foxy2/install/lbr_fri_msgs/include/lbr_fri_msgs/srv/detail/app_disconnect__type_support.h
[3.210s] -- Up-to-date symlink: /home/pingpongproject/code/ping-pong-robot/lbr_fri_ros2_stack_ws_foxy2/install/lbr_fri_msgs/share/lbr_fri_msgs/environment/library_path.sh
[3.210s] -- Up-to-date symlink: /home/pingpongproject/code/ping-pong-robot/lbr_fri_ros2_stack_ws_foxy2/install/lbr_fri_msgs/share/lbr_fri_msgs/environment/library_path.dsv
[3.211s] -- Symlinking: /home/pingpongproject/code/ping-pong-robot/lbr_fri_ros2_stack_ws_foxy2/install/lbr_fri_msgs/include/lbr_fri_msgs/msg/detail/joint_position_with_time__rosidl_typesupport_fastrtps_c.h
[3.212s] -- Up-to-date symlink: /home/pingpongproject/code/ping-pong-robot/lbr_fri_ros2_stack_ws_foxy2/install/lbr_fri_msgs/include/lbr_fri_msgs/msg/detail/lbr_command__rosidl_typesupport_fastrtps_c.h
[3.212s] -- Up-to-date symlink: /home/pingpongproject/code/ping-pong-robot/lbr_fri_ros2_stack_ws_foxy2/install/lbr_fri_msgs/include/lbr_fri_msgs/msg/detail/lbr_state__rosidl_typesupport_fastrtps_c.h
[3.212s] -- Up-to-date symlink: /home/pingpongproject/code/ping-pong-robot/lbr_fri_ros2_stack_ws_foxy2/install/lbr_fri_msgs/include/lbr_fri_msgs/msg/rosidl_typesupport_fastrtps_c__visibility_control.h
[3.212s] -- Up-to-date symlink: /home/pingpongproject/code/ping-pong-robot/lbr_fri_ros2_stack_ws_foxy2/install/lbr_fri_msgs/include/lbr_fri_msgs/srv/detail/app_connect__rosidl_typesupport_fastrtps_c.h
[3.212s] -- Up-to-date symlink: /home/pingpongproject/code/ping-pong-robot/lbr_fri_ros2_stack_ws_foxy2/install/lbr_fri_msgs/include/lbr_fri_msgs/srv/detail/app_disconnect__rosidl_typesupport_fastrtps_c.h
[3.212s] -- Up-to-date symlink: /home/pingpongproject/code/ping-pong-robot/lbr_fri_ros2_stack_ws_foxy2/install/lbr_fri_msgs/lib/liblbr_fri_msgs__rosidl_typesupport_fastrtps_c.so
[3.212s] -- Symlinking: /home/pingpongproject/code/ping-pong-robot/lbr_fri_ros2_stack_ws_foxy2/install/lbr_fri_msgs/include/lbr_fri_msgs/msg/detail/joint_position_with_time__rosidl_typesupport_fastrtps_cpp.hpp
[3.214s] -- Up-to-date symlink: /home/pingpongproject/code/ping-pong-robot/lbr_fri_ros2_stack_ws_foxy2/install/lbr_fri_msgs/include/lbr_fri_msgs/msg/detail/lbr_command__rosidl_typesupport_fastrtps_cpp.hpp
[3.214s] -- Up-to-date symlink: /home/pingpongproject/code/ping-pong-robot/lbr_fri_ros2_stack_ws_foxy2/install/lbr_fri_msgs/include/lbr_fri_msgs/msg/detail/lbr_state__rosidl_typesupport_fastrtps_cpp.hpp
[3.214s] -- Up-to-date symlink: /home/pingpongproject/code/ping-pong-robot/lbr_fri_ros2_stack_ws_foxy2/install/lbr_fri_msgs/include/lbr_fri_msgs/msg/rosidl_typesupport_fastrtps_cpp__visibility_control.h
[3.214s] -- Up-to-date symlink: /home/pingpongproject/code/ping-pong-robot/lbr_fri_ros2_stack_ws_foxy2/install/lbr_fri_msgs/include/lbr_fri_msgs/srv/detail/app_connect__rosidl_typesupport_fastrtps_cpp.hpp
[3.214s] -- Up-to-date symlink: /home/pingpongproject/code/ping-pong-robot/lbr_fri_ros2_stack_ws_foxy2/install/lbr_fri_msgs/include/lbr_fri_msgs/srv/detail/app_disconnect__rosidl_typesupport_fastrtps_cpp.hpp
[3.214s] -- Up-to-date symlink: /home/pingpongproject/code/ping-pong-robot/lbr_fri_ros2_stack_ws_foxy2/install/lbr_fri_msgs/lib/liblbr_fri_msgs__rosidl_typesupport_fastrtps_cpp.so
[3.214s] -- Symlinking: /home/pingpongproject/code/ping-pong-robot/lbr_fri_ros2_stack_ws_foxy2/install/lbr_fri_msgs/include/lbr_fri_msgs/msg/detail/joint_position_with_time__rosidl_typesupport_introspection_c.h
[3.215s] -- Up-to-date symlink: /home/pingpongproject/code/ping-pong-robot/lbr_fri_ros2_stack_ws_foxy2/install/lbr_fri_msgs/include/lbr_fri_msgs/msg/detail/lbr_command__rosidl_typesupport_introspection_c.h
[3.216s] -- Up-to-date symlink: /home/pingpongproject/code/ping-pong-robot/lbr_fri_ros2_stack_ws_foxy2/install/lbr_fri_msgs/include/lbr_fri_msgs/msg/detail/lbr_state__rosidl_typesupport_introspection_c.h
[3.216s] -- Up-to-date symlink: /home/pingpongproject/code/ping-pong-robot/lbr_fri_ros2_stack_ws_foxy2/install/lbr_fri_msgs/include/lbr_fri_msgs/msg/rosidl_typesupport_introspection_c__visibility_control.h
[3.216s] -- Up-to-date symlink: /home/pingpongproject/code/ping-pong-robot/lbr_fri_ros2_stack_ws_foxy2/install/lbr_fri_msgs/include/lbr_fri_msgs/srv/detail/app_connect__rosidl_typesupport_introspection_c.h
[3.216s] -- Up-to-date symlink: /home/pingpongproject/code/ping-pong-robot/lbr_fri_ros2_stack_ws_foxy2/install/lbr_fri_msgs/include/lbr_fri_msgs/srv/detail/app_disconnect__rosidl_typesupport_introspection_c.h
[3.216s] -- Symlinking: /home/pingpongproject/code/ping-pong-robot/lbr_fri_ros2_stack_ws_foxy2/install/lbr_fri_msgs/include/lbr_fri_msgs/msg/detail/joint_position_with_time__builder.hpp
[3.217s] -- Symlinking: /home/pingpongproject/code/ping-pong-robot/lbr_fri_ros2_stack_ws_foxy2/install/lbr_fri_msgs/include/lbr_fri_msgs/msg/detail/joint_position_with_time__struct.hpp
[3.218s] -- Symlinking: /home/pingpongproject/code/ping-pong-robot/lbr_fri_ros2_stack_ws_foxy2/install/lbr_fri_msgs/include/lbr_fri_msgs/msg/detail/joint_position_with_time__traits.hpp
[3.220s] -- Symlinking: /home/pingpongproject/code/ping-pong-robot/lbr_fri_ros2_stack_ws_foxy2/install/lbr_fri_msgs/include/lbr_fri_msgs/msg/detail/joint_position_with_time__type_support.hpp
[3.221s] -- Up-to-date symlink: /home/pingpongproject/code/ping-pong-robot/lbr_fri_ros2_stack_ws_foxy2/install/lbr_fri_msgs/include/lbr_fri_msgs/msg/detail/lbr_command__builder.hpp
[3.221s] -- Up-to-date symlink: /home/pingpongproject/code/ping-pong-robot/lbr_fri_ros2_stack_ws_foxy2/install/lbr_fri_msgs/include/lbr_fri_msgs/msg/detail/lbr_command__struct.hpp
[3.221s] -- Up-to-date symlink: /home/pingpongproject/code/ping-pong-robot/lbr_fri_ros2_stack_ws_foxy2/install/lbr_fri_msgs/include/lbr_fri_msgs/msg/detail/lbr_command__traits.hpp
[3.221s] -- Up-to-date symlink: /home/pingpongproject/code/ping-pong-robot/lbr_fri_ros2_stack_ws_foxy2/install/lbr_fri_msgs/include/lbr_fri_msgs/msg/detail/lbr_command__type_support.hpp
[3.221s] -- Up-to-date symlink: /home/pingpongproject/code/ping-pong-robot/lbr_fri_ros2_stack_ws_foxy2/install/lbr_fri_msgs/include/lbr_fri_msgs/msg/detail/lbr_state__builder.hpp
[3.221s] -- Up-to-date symlink: /home/pingpongproject/code/ping-pong-robot/lbr_fri_ros2_stack_ws_foxy2/install/lbr_fri_msgs/include/lbr_fri_msgs/msg/detail/lbr_state__struct.hpp
[3.221s] -- Up-to-date symlink: /home/pingpongproject/code/ping-pong-robot/lbr_fri_ros2_stack_ws_foxy2/install/lbr_fri_msgs/include/lbr_fri_msgs/msg/detail/lbr_state__traits.hpp
[3.221s] -- Up-to-date symlink: /home/pingpongproject/code/ping-pong-robot/lbr_fri_ros2_stack_ws_foxy2/install/lbr_fri_msgs/include/lbr_fri_msgs/msg/detail/lbr_state__type_support.hpp
[3.221s] -- Symlinking: /home/pingpongproject/code/ping-pong-robot/lbr_fri_ros2_stack_ws_foxy2/install/lbr_fri_msgs/include/lbr_fri_msgs/msg/joint_position_with_time.hpp
[3.223s] -- Up-to-date symlink: /home/pingpongproject/code/ping-pong-robot/lbr_fri_ros2_stack_ws_foxy2/install/lbr_fri_msgs/include/lbr_fri_msgs/msg/lbr_command.hpp
[3.223s] -- Up-to-date symlink: /home/pingpongproject/code/ping-pong-robot/lbr_fri_ros2_stack_ws_foxy2/install/lbr_fri_msgs/include/lbr_fri_msgs/msg/lbr_state.hpp
[3.223s] -- Up-to-date symlink: /home/pingpongproject/code/ping-pong-robot/lbr_fri_ros2_stack_ws_foxy2/install/lbr_fri_msgs/include/lbr_fri_msgs/msg/rosidl_generator_cpp__visibility_control.hpp
[3.223s] -- Up-to-date symlink: /home/pingpongproject/code/ping-pong-robot/lbr_fri_ros2_stack_ws_foxy2/install/lbr_fri_msgs/include/lbr_fri_msgs/srv/app_connect.hpp
[3.223s] -- Up-to-date symlink: /home/pingpongproject/code/ping-pong-robot/lbr_fri_ros2_stack_ws_foxy2/install/lbr_fri_msgs/include/lbr_fri_msgs/srv/app_disconnect.hpp
[3.223s] -- Up-to-date symlink: /home/pingpongproject/code/ping-pong-robot/lbr_fri_ros2_stack_ws_foxy2/install/lbr_fri_msgs/include/lbr_fri_msgs/srv/detail/app_connect__builder.hpp
[3.223s] -- Up-to-date symlink: /home/pingpongproject/code/ping-pong-robot/lbr_fri_ros2_stack_ws_foxy2/install/lbr_fri_msgs/include/lbr_fri_msgs/srv/detail/app_connect__struct.hpp
[3.223s] -- Up-to-date symlink: /home/pingpongproject/code/ping-pong-robot/lbr_fri_ros2_stack_ws_foxy2/install/lbr_fri_msgs/include/lbr_fri_msgs/srv/detail/app_connect__traits.hpp
[3.223s] -- Up-to-date symlink: /home/pingpongproject/code/ping-pong-robot/lbr_fri_ros2_stack_ws_foxy2/install/lbr_fri_msgs/include/lbr_fri_msgs/srv/detail/app_connect__type_support.hpp
[3.223s] -- Up-to-date symlink: /home/pingpongproject/code/ping-pong-robot/lbr_fri_ros2_stack_ws_foxy2/install/lbr_fri_msgs/include/lbr_fri_msgs/srv/detail/app_disconnect__builder.hpp
[3.223s] -- Up-to-date symlink: /home/pingpongproject/code/ping-pong-robot/lbr_fri_ros2_stack_ws_foxy2/install/lbr_fri_msgs/include/lbr_fri_msgs/srv/detail/app_disconnect__struct.hpp
[3.223s] -- Up-to-date symlink: /home/pingpongproject/code/ping-pong-robot/lbr_fri_ros2_stack_ws_foxy2/install/lbr_fri_msgs/include/lbr_fri_msgs/srv/detail/app_disconnect__traits.hpp
[3.223s] -- Up-to-date symlink: /home/pingpongproject/code/ping-pong-robot/lbr_fri_ros2_stack_ws_foxy2/install/lbr_fri_msgs/include/lbr_fri_msgs/srv/detail/app_disconnect__type_support.hpp
[3.224s] -- Symlinking: /home/pingpongproject/code/ping-pong-robot/lbr_fri_ros2_stack_ws_foxy2/install/lbr_fri_msgs/include/lbr_fri_msgs/msg/detail/joint_position_with_time__rosidl_typesupport_introspection_cpp.hpp
[3.225s] -- Up-to-date symlink: /home/pingpongproject/code/ping-pong-robot/lbr_fri_ros2_stack_ws_foxy2/install/lbr_fri_msgs/include/lbr_fri_msgs/msg/detail/lbr_command__rosidl_typesupport_introspection_cpp.hpp
[3.225s] -- Up-to-date symlink: /home/pingpongproject/code/ping-pong-robot/lbr_fri_ros2_stack_ws_foxy2/install/lbr_fri_msgs/include/lbr_fri_msgs/msg/detail/lbr_state__rosidl_typesupport_introspection_cpp.hpp
[3.225s] -- Up-to-date symlink: /home/pingpongproject/code/ping-pong-robot/lbr_fri_ros2_stack_ws_foxy2/install/lbr_fri_msgs/include/lbr_fri_msgs/srv/detail/app_connect__rosidl_typesupport_introspection_cpp.hpp
[3.225s] -- Up-to-date symlink: /home/pingpongproject/code/ping-pong-robot/lbr_fri_ros2_stack_ws_foxy2/install/lbr_fri_msgs/include/lbr_fri_msgs/srv/detail/app_disconnect__rosidl_typesupport_introspection_cpp.hpp
[3.225s] -- Up-to-date symlink: /home/pingpongproject/code/ping-pong-robot/lbr_fri_ros2_stack_ws_foxy2/install/lbr_fri_msgs/share/lbr_fri_msgs/environment/pythonpath.sh
[3.225s] -- Up-to-date symlink: /home/pingpongproject/code/ping-pong-robot/lbr_fri_ros2_stack_ws_foxy2/install/lbr_fri_msgs/share/lbr_fri_msgs/environment/pythonpath.dsv
[3.225s] -- Up-to-date symlink: /home/pingpongproject/code/ping-pong-robot/lbr_fri_ros2_stack_ws_foxy2/install/lbr_fri_msgs/lib/python3.8/site-packages/lbr_fri_msgs/__init__.py
[3.225s] -- Up-to-date symlink: /home/pingpongproject/code/ping-pong-robot/lbr_fri_ros2_stack_ws_foxy2/install/lbr_fri_msgs/lib/python3.8/site-packages/lbr_fri_msgs/msg/__init__.py
[3.225s] -- Symlinking: /home/pingpongproject/code/ping-pong-robot/lbr_fri_ros2_stack_ws_foxy2/install/lbr_fri_msgs/lib/python3.8/site-packages/lbr_fri_msgs/msg/_joint_position_with_time.py
[3.227s] -- Up-to-date symlink: /home/pingpongproject/code/ping-pong-robot/lbr_fri_ros2_stack_ws_foxy2/install/lbr_fri_msgs/lib/python3.8/site-packages/lbr_fri_msgs/msg/_lbr_command.py
[3.227s] -- Up-to-date symlink: /home/pingpongproject/code/ping-pong-robot/lbr_fri_ros2_stack_ws_foxy2/install/lbr_fri_msgs/lib/python3.8/site-packages/lbr_fri_msgs/msg/_lbr_state.py
[3.227s] -- Up-to-date symlink: /home/pingpongproject/code/ping-pong-robot/lbr_fri_ros2_stack_ws_foxy2/install/lbr_fri_msgs/lib/python3.8/site-packages/lbr_fri_msgs/srv/__init__.py
[3.227s] -- Up-to-date symlink: /home/pingpongproject/code/ping-pong-robot/lbr_fri_ros2_stack_ws_foxy2/install/lbr_fri_msgs/lib/python3.8/site-packages/lbr_fri_msgs/srv/_app_connect.py
[3.227s] -- Up-to-date symlink: /home/pingpongproject/code/ping-pong-robot/lbr_fri_ros2_stack_ws_foxy2/install/lbr_fri_msgs/lib/python3.8/site-packages/lbr_fri_msgs/srv/_app_disconnect.py
[3.227s] -- Up-to-date symlink: /home/pingpongproject/code/ping-pong-robot/lbr_fri_ros2_stack_ws_foxy2/install/lbr_fri_msgs/lib/python3.8/site-packages/lbr_fri_msgs/lbr_fri_msgs_s__rosidl_typesupport_fastrtps_c.cpython-38-x86_64-linux-gnu.so
[3.227s] -- Up-to-date symlink: /home/pingpongproject/code/ping-pong-robot/lbr_fri_ros2_stack_ws_foxy2/install/lbr_fri_msgs/lib/python3.8/site-packages/lbr_fri_msgs/lbr_fri_msgs_s__rosidl_typesupport_introspection_c.cpython-38-x86_64-linux-gnu.so
[3.227s] -- Up-to-date symlink: /home/pingpongproject/code/ping-pong-robot/lbr_fri_ros2_stack_ws_foxy2/install/lbr_fri_msgs/lib/python3.8/site-packages/lbr_fri_msgs/lbr_fri_msgs_s__rosidl_typesupport_c.cpython-38-x86_64-linux-gnu.so
[3.228s] -- Up-to-date symlink: /home/pingpongproject/code/ping-pong-robot/lbr_fri_ros2_stack_ws_foxy2/install/lbr_fri_msgs/lib/liblbr_fri_msgs__python.so
[3.228s] -- Up-to-date symlink: /home/pingpongproject/code/ping-pong-robot/lbr_fri_ros2_stack_ws_foxy2/install/lbr_fri_msgs/share/lbr_fri_msgs/msg/LBRCommand.idl
[3.228s] -- Up-to-date symlink: /home/pingpongproject/code/ping-pong-robot/lbr_fri_ros2_stack_ws_foxy2/install/lbr_fri_msgs/share/lbr_fri_msgs/msg/LBRState.idl
[3.228s] -- Symlinking: /home/pingpongproject/code/ping-pong-robot/lbr_fri_ros2_stack_ws_foxy2/install/lbr_fri_msgs/share/lbr_fri_msgs/msg/JointPositionWithTime.idl
[3.229s] -- Up-to-date symlink: /home/pingpongproject/code/ping-pong-robot/lbr_fri_ros2_stack_ws_foxy2/install/lbr_fri_msgs/share/lbr_fri_msgs/srv/AppConnect.idl
[3.229s] -- Up-to-date symlink: /home/pingpongproject/code/ping-pong-robot/lbr_fri_ros2_stack_ws_foxy2/install/lbr_fri_msgs/share/lbr_fri_msgs/srv/AppDisconnect.idl
[3.229s] -- Up-to-date symlink: /home/pingpongproject/code/ping-pong-robot/lbr_fri_ros2_stack_ws_foxy2/install/lbr_fri_msgs/share/lbr_fri_msgs/msg/LBRCommand.msg
[3.229s] -- Up-to-date symlink: /home/pingpongproject/code/ping-pong-robot/lbr_fri_ros2_stack_ws_foxy2/install/lbr_fri_msgs/share/lbr_fri_msgs/msg/LBRState.msg
[3.229s] -- Symlinking: /home/pingpongproject/code/ping-pong-robot/lbr_fri_ros2_stack_ws_foxy2/install/lbr_fri_msgs/share/lbr_fri_msgs/msg/JointPositionWithTime.msg
[3.231s] -- Up-to-date symlink: /home/pingpongproject/code/ping-pong-robot/lbr_fri_ros2_stack_ws_foxy2/install/lbr_fri_msgs/share/lbr_fri_msgs/srv/AppConnect.srv
[3.231s] -- Up-to-date symlink: /home/pingpongproject/code/ping-pong-robot/lbr_fri_ros2_stack_ws_foxy2/install/lbr_fri_msgs/share/lbr_fri_msgs/srv/AppConnect_Request.msg
[3.231s] -- Up-to-date symlink: /home/pingpongproject/code/ping-pong-robot/lbr_fri_ros2_stack_ws_foxy2/install/lbr_fri_msgs/share/lbr_fri_msgs/srv/AppConnect_Response.msg
[3.231s] -- Up-to-date symlink: /home/pingpongproject/code/ping-pong-robot/lbr_fri_ros2_stack_ws_foxy2/install/lbr_fri_msgs/share/lbr_fri_msgs/srv/AppDisconnect.srv
[3.231s] -- Up-to-date symlink: /home/pingpongproject/code/ping-pong-robot/lbr_fri_ros2_stack_ws_foxy2/install/lbr_fri_msgs/share/lbr_fri_msgs/srv/AppDisconnect_Request.msg
[3.231s] -- Up-to-date symlink: /home/pingpongproject/code/ping-pong-robot/lbr_fri_ros2_stack_ws_foxy2/install/lbr_fri_msgs/share/lbr_fri_msgs/srv/AppDisconnect_Response.msg
[3.231s] -- Up-to-date symlink: /home/pingpongproject/code/ping-pong-robot/lbr_fri_ros2_stack_ws_foxy2/install/lbr_fri_msgs/share/ament_index/resource_index/package_run_dependencies/lbr_fri_msgs
[3.231s] -- Up-to-date symlink: /home/pingpongproject/code/ping-pong-robot/lbr_fri_ros2_stack_ws_foxy2/install/lbr_fri_msgs/share/ament_index/resource_index/parent_prefix_path/lbr_fri_msgs
[3.231s] -- Up-to-date symlink: /home/pingpongproject/code/ping-pong-robot/lbr_fri_ros2_stack_ws_foxy2/install/lbr_fri_msgs/share/lbr_fri_msgs/environment/ament_prefix_path.sh
[3.232s] -- Up-to-date symlink: /home/pingpongproject/code/ping-pong-robot/lbr_fri_ros2_stack_ws_foxy2/install/lbr_fri_msgs/share/lbr_fri_msgs/environment/ament_prefix_path.dsv
[3.232s] -- Up-to-date symlink: /home/pingpongproject/code/ping-pong-robot/lbr_fri_ros2_stack_ws_foxy2/install/lbr_fri_msgs/share/lbr_fri_msgs/environment/path.sh
[3.232s] -- Up-to-date symlink: /home/pingpongproject/code/ping-pong-robot/lbr_fri_ros2_stack_ws_foxy2/install/lbr_fri_msgs/share/lbr_fri_msgs/environment/path.dsv
[3.232s] -- Up-to-date symlink: /home/pingpongproject/code/ping-pong-robot/lbr_fri_ros2_stack_ws_foxy2/install/lbr_fri_msgs/share/lbr_fri_msgs/local_setup.bash
[3.232s] -- Up-to-date symlink: /home/pingpongproject/code/ping-pong-robot/lbr_fri_ros2_stack_ws_foxy2/install/lbr_fri_msgs/share/lbr_fri_msgs/local_setup.sh
[3.232s] -- Up-to-date symlink: /home/pingpongproject/code/ping-pong-robot/lbr_fri_ros2_stack_ws_foxy2/install/lbr_fri_msgs/share/lbr_fri_msgs/local_setup.zsh
[3.232s] -- Up-to-date symlink: /home/pingpongproject/code/ping-pong-robot/lbr_fri_ros2_stack_ws_foxy2/install/lbr_fri_msgs/share/lbr_fri_msgs/local_setup.dsv
[3.232s] -- Symlinking: /home/pingpongproject/code/ping-pong-robot/lbr_fri_ros2_stack_ws_foxy2/install/lbr_fri_msgs/share/lbr_fri_msgs/package.dsv
[3.234s] -- Up-to-date symlink: /home/pingpongproject/code/ping-pong-robot/lbr_fri_ros2_stack_ws_foxy2/install/lbr_fri_msgs/share/ament_index/resource_index/packages/lbr_fri_msgs
[3.234s] -- Up-to-date symlink: /home/pingpongproject/code/ping-pong-robot/lbr_fri_ros2_stack_ws_foxy2/install/lbr_fri_msgs/share/lbr_fri_msgs/cmake/rosidl_cmake-extras.cmake
[3.234s] -- Up-to-date symlink: /home/pingpongproject/code/ping-pong-robot/lbr_fri_ros2_stack_ws_foxy2/install/lbr_fri_msgs/share/lbr_fri_msgs/cmake/ament_cmake_export_dependencies-extras.cmake
[3.234s] -- Up-to-date symlink: /home/pingpongproject/code/ping-pong-robot/lbr_fri_ros2_stack_ws_foxy2/install/lbr_fri_msgs/share/lbr_fri_msgs/cmake/ament_cmake_export_libraries-extras.cmake
[3.234s] -- Up-to-date symlink: /home/pingpongproject/code/ping-pong-robot/lbr_fri_ros2_stack_ws_foxy2/install/lbr_fri_msgs/share/lbr_fri_msgs/cmake/ament_cmake_export_targets-extras.cmake
[3.234s] -- Up-to-date symlink: /home/pingpongproject/code/ping-pong-robot/lbr_fri_ros2_stack_ws_foxy2/install/lbr_fri_msgs/share/lbr_fri_msgs/cmake/ament_cmake_export_include_directories-extras.cmake
[3.234s] -- Up-to-date symlink: /home/pingpongproject/code/ping-pong-robot/lbr_fri_ros2_stack_ws_foxy2/install/lbr_fri_msgs/share/lbr_fri_msgs/cmake/rosidl_cmake_export_typesupport_libraries-extras.cmake
[3.234s] -- Up-to-date symlink: /home/pingpongproject/code/ping-pong-robot/lbr_fri_ros2_stack_ws_foxy2/install/lbr_fri_msgs/share/lbr_fri_msgs/cmake/rosidl_cmake_export_typesupport_targets-extras.cmake
[3.234s] -- Up-to-date symlink: /home/pingpongproject/code/ping-pong-robot/lbr_fri_ros2_stack_ws_foxy2/install/lbr_fri_msgs/share/lbr_fri_msgs/cmake/lbr_fri_msgsConfig.cmake
[3.234s] -- Up-to-date symlink: /home/pingpongproject/code/ping-pong-robot/lbr_fri_ros2_stack_ws_foxy2/install/lbr_fri_msgs/share/lbr_fri_msgs/cmake/lbr_fri_msgsConfig-version.cmake
[3.235s] -- Up-to-date symlink: /home/pingpongproject/code/ping-pong-robot/lbr_fri_ros2_stack_ws_foxy2/install/lbr_fri_msgs/share/lbr_fri_msgs/package.xml
[3.235s] -- Installing: /home/pingpongproject/code/ping-pong-robot/lbr_fri_ros2_stack_ws_foxy2/install/lbr_fri_msgs/lib/liblbr_fri_msgs__rosidl_generator_c.so
[3.235s] -- Set runtime path of "/home/pingpongproject/code/ping-pong-robot/lbr_fri_ros2_stack_ws_foxy2/install/lbr_fri_msgs/lib/liblbr_fri_msgs__rosidl_generator_c.so" to ""
[3.235s] -- Installing: /home/pingpongproject/code/ping-pong-robot/lbr_fri_ros2_stack_ws_foxy2/install/lbr_fri_msgs/lib/liblbr_fri_msgs__rosidl_typesupport_introspection_c.so
[3.235s] -- Set runtime path of "/home/pingpongproject/code/ping-pong-robot/lbr_fri_ros2_stack_ws_foxy2/install/lbr_fri_msgs/lib/liblbr_fri_msgs__rosidl_typesupport_introspection_c.so" to ""
[3.235s] -- Installing: /home/pingpongproject/code/ping-pong-robot/lbr_fri_ros2_stack_ws_foxy2/install/lbr_fri_msgs/lib/liblbr_fri_msgs__rosidl_typesupport_c.so
[3.235s] -- Set runtime path of "/home/pingpongproject/code/ping-pong-robot/lbr_fri_ros2_stack_ws_foxy2/install/lbr_fri_msgs/lib/liblbr_fri_msgs__rosidl_typesupport_c.so" to ""
[3.235s] -- Installing: /home/pingpongproject/code/ping-pong-robot/lbr_fri_ros2_stack_ws_foxy2/install/lbr_fri_msgs/lib/liblbr_fri_msgs__rosidl_typesupport_introspection_cpp.so
[3.235s] -- Set runtime path of "/home/pingpongproject/code/ping-pong-robot/lbr_fri_ros2_stack_ws_foxy2/install/lbr_fri_msgs/lib/liblbr_fri_msgs__rosidl_typesupport_introspection_cpp.so" to ""
[3.235s] -- Installing: /home/pingpongproject/code/ping-pong-robot/lbr_fri_ros2_stack_ws_foxy2/install/lbr_fri_msgs/lib/liblbr_fri_msgs__rosidl_typesupport_cpp.so
[3.235s] -- Set runtime path of "/home/pingpongproject/code/ping-pong-robot/lbr_fri_ros2_stack_ws_foxy2/install/lbr_fri_msgs/lib/liblbr_fri_msgs__rosidl_typesupport_cpp.so" to ""
[3.257s] Compiling '/home/pingpongproject/code/ping-pong-robot/lbr_fri_ros2_stack_ws_foxy2/install/lbr_fri_msgs/lib/python3.8/site-packages/lbr_fri_msgs/__init__.py'...
[3.259s] -- Up-to-date: /home/pingpongproject/code/ping-pong-robot/lbr_fri_ros2_stack_ws_foxy2/install/lbr_fri_msgs/share/lbr_fri_msgs/cmake/lbr_fri_msgs__rosidl_generator_cExport.cmake
[3.260s] -- Up-to-date: /home/pingpongproject/code/ping-pong-robot/lbr_fri_ros2_stack_ws_foxy2/install/lbr_fri_msgs/share/lbr_fri_msgs/cmake/lbr_fri_msgs__rosidl_generator_cExport-release.cmake
[3.260s] -- Up-to-date: /home/pingpongproject/code/ping-pong-robot/lbr_fri_ros2_stack_ws_foxy2/install/lbr_fri_msgs/share/lbr_fri_msgs/cmake/lbr_fri_msgs__rosidl_typesupport_introspection_cExport.cmake
[3.260s] -- Up-to-date: /home/pingpongproject/code/ping-pong-robot/lbr_fri_ros2_stack_ws_foxy2/install/lbr_fri_msgs/share/lbr_fri_msgs/cmake/lbr_fri_msgs__rosidl_typesupport_introspection_cExport-release.cmake
[3.260s] -- Up-to-date: /home/pingpongproject/code/ping-pong-robot/lbr_fri_ros2_stack_ws_foxy2/install/lbr_fri_msgs/share/lbr_fri_msgs/cmake/lbr_fri_msgs__rosidl_typesupport_cExport.cmake
[3.260s] -- Up-to-date: /home/pingpongproject/code/ping-pong-robot/lbr_fri_ros2_stack_ws_foxy2/install/lbr_fri_msgs/share/lbr_fri_msgs/cmake/lbr_fri_msgs__rosidl_typesupport_cExport-release.cmake
[3.260s] -- Up-to-date: /home/pingpongproject/code/ping-pong-robot/lbr_fri_ros2_stack_ws_foxy2/install/lbr_fri_msgs/share/lbr_fri_msgs/cmake/lbr_fri_msgs__rosidl_generator_cppExport.cmake
[3.260s] -- Up-to-date: /home/pingpongproject/code/ping-pong-robot/lbr_fri_ros2_stack_ws_foxy2/install/lbr_fri_msgs/share/lbr_fri_msgs/cmake/lbr_fri_msgs__rosidl_typesupport_introspection_cppExport.cmake
[3.260s] -- Up-to-date: /home/pingpongproject/code/ping-pong-robot/lbr_fri_ros2_stack_ws_foxy2/install/lbr_fri_msgs/share/lbr_fri_msgs/cmake/lbr_fri_msgs__rosidl_typesupport_introspection_cppExport-release.cmake
[3.260s] -- Up-to-date: /home/pingpongproject/code/ping-pong-robot/lbr_fri_ros2_stack_ws_foxy2/install/lbr_fri_msgs/share/lbr_fri_msgs/cmake/lbr_fri_msgs__rosidl_typesupport_cppExport.cmake
[3.260s] -- Up-to-date: /home/pingpongproject/code/ping-pong-robot/lbr_fri_ros2_stack_ws_foxy2/install/lbr_fri_msgs/share/lbr_fri_msgs/cmake/lbr_fri_msgs__rosidl_typesupport_cppExport-release.cmake
[3.263s] Invoked command in '/home/pingpongproject/code/ping-pong-robot/lbr_fri_ros2_stack_ws_foxy2/build/lbr_fri_msgs' returned '0': CMAKE_PREFIX_PATH=${CMAKE_PREFIX_PATH}:/home/pingpongproject/code/ping-pong-robot/lbr_fri_ros2_stack_ws_foxy2/install/workspace_controller:/home/pingpongproject/code/ping-pong-robot/lbr_fri_ros2_stack_ws_foxy2/install/lbr_demos_ros2_control_python:/home/pingpongproject/code/ping-pong-robot/lbr_fri_ros2_stack_ws_foxy2/install/lbr_demos_fri_ros2_python:/home/pingpongproject/code/ping-pong-robot/lbr_fri_ros2_stack_ws_foxy2/install/lbr_demos_fri_ros2_advanced_python:/opt/ros/foxy /home/pingpongproject/.local/bin/cmake --install /home/pingpongproject/code/ping-pong-robot/lbr_fri_ros2_stack_ws_foxy2/build/lbr_fri_msgs
