[0.018s] Invoking command in '/home/dvij/learning_table_tennis_from_scratch/lbr_fri_ros2_stack_ws/build/lbr_moveit': CMAKE_PREFIX_PATH=/opt/ros/galactic /usr/local/bin/cmake --build /home/dvij/learning_table_tennis_from_scratch/lbr_fri_ros2_stack_ws/build/lbr_moveit -- -j20 -l20
[0.033s] Invoked command in '/home/dvij/learning_table_tennis_from_scratch/lbr_fri_ros2_stack_ws/build/lbr_moveit' returned '0': CMAKE_PREFIX_PATH=/opt/ros/galactic /usr/local/bin/cmake --build /home/dvij/learning_table_tennis_from_scratch/lbr_fri_ros2_stack_ws/build/lbr_moveit -- -j20 -l20
[0.061s] Invoking command in '/home/dvij/learning_table_tennis_from_scratch/lbr_fri_ros2_stack_ws/build/lbr_moveit': CMAKE_PREFIX_PATH=/opt/ros/galactic /usr/local/bin/cmake --install /home/dvij/learning_table_tennis_from_scratch/lbr_fri_ros2_stack_ws/build/lbr_moveit
[0.066s] -- Install configuration: ""
[0.066s] -- Up-to-date: /home/dvij/learning_table_tennis_from_scratch/lbr_fri_ros2_stack_ws/install/lbr_moveit/share/lbr_moveit/config
[0.066s] -- Up-to-date: /home/dvij/learning_table_tennis_from_scratch/lbr_fri_ros2_stack_ws/install/lbr_moveit/share/lbr_moveit/config/kinematics.yml
[0.066s] -- Up-to-date: /home/dvij/learning_table_tennis_from_scratch/lbr_fri_ros2_stack_ws/install/lbr_moveit/share/lbr_moveit/config/joint_limits.yml
[0.066s] -- Up-to-date: /home/dvij/learning_table_tennis_from_scratch/lbr_fri_ros2_stack_ws/install/lbr_moveit/share/lbr_moveit/config/ompl_planning.yml
[0.066s] -- Up-to-date: /home/dvij/learning_table_tennis_from_scratch/lbr_fri_ros2_stack_ws/install/lbr_moveit/share/lbr_moveit/config/lbr_controllers.yml
[0.067s] -- Up-to-date: /home/dvij/learning_table_tennis_from_scratch/lbr_fri_ros2_stack_ws/install/lbr_moveit/share/lbr_moveit/launch
[0.067s] -- Up-to-date: /home/dvij/learning_table_tennis_from_scratch/lbr_fri_ros2_stack_ws/install/lbr_moveit/share/lbr_moveit/launch/lbr_move_group.launch.py
[0.067s] -- Up-to-date: /home/dvij/learning_table_tennis_from_scratch/lbr_fri_ros2_stack_ws/install/lbr_moveit/share/lbr_moveit/srdf
[0.067s] -- Up-to-date: /home/dvij/learning_table_tennis_from_scratch/lbr_fri_ros2_stack_ws/install/lbr_moveit/share/lbr_moveit/srdf/med7.srdf
[0.067s] -- Up-to-date: /home/dvij/learning_table_tennis_from_scratch/lbr_fri_ros2_stack_ws/install/lbr_moveit/share/lbr_moveit/srdf/iiwa7.srdf
[0.067s] -- Up-to-date: /home/dvij/learning_table_tennis_from_scratch/lbr_fri_ros2_stack_ws/install/lbr_moveit/share/lbr_moveit/srdf/iiwa14.srdf
[0.067s] -- Up-to-date: /home/dvij/learning_table_tennis_from_scratch/lbr_fri_ros2_stack_ws/install/lbr_moveit/share/lbr_moveit/srdf/med14.srdf
[0.067s] -- Up-to-date: /home/dvij/learning_table_tennis_from_scratch/lbr_fri_ros2_stack_ws/install/lbr_moveit/share/ament_index/resource_index/package_run_dependencies/lbr_moveit
[0.067s] -- Up-to-date: /home/dvij/learning_table_tennis_from_scratch/lbr_fri_ros2_stack_ws/install/lbr_moveit/share/ament_index/resource_index/parent_prefix_path/lbr_moveit
[0.067s] -- Up-to-date: /home/dvij/learning_table_tennis_from_scratch/lbr_fri_ros2_stack_ws/install/lbr_moveit/share/lbr_moveit/environment/ament_prefix_path.sh
[0.067s] -- Up-to-date: /home/dvij/learning_table_tennis_from_scratch/lbr_fri_ros2_stack_ws/install/lbr_moveit/share/lbr_moveit/environment/ament_prefix_path.dsv
[0.067s] -- Up-to-date: /home/dvij/learning_table_tennis_from_scratch/lbr_fri_ros2_stack_ws/install/lbr_moveit/share/lbr_moveit/environment/path.sh
[0.067s] -- Up-to-date: /home/dvij/learning_table_tennis_from_scratch/lbr_fri_ros2_stack_ws/install/lbr_moveit/share/lbr_moveit/environment/path.dsv
[0.067s] -- Up-to-date: /home/dvij/learning_table_tennis_from_scratch/lbr_fri_ros2_stack_ws/install/lbr_moveit/share/lbr_moveit/local_setup.bash
[0.067s] -- Up-to-date: /home/dvij/learning_table_tennis_from_scratch/lbr_fri_ros2_stack_ws/install/lbr_moveit/share/lbr_moveit/local_setup.sh
[0.067s] -- Up-to-date: /home/dvij/learning_table_tennis_from_scratch/lbr_fri_ros2_stack_ws/install/lbr_moveit/share/lbr_moveit/local_setup.zsh
[0.067s] -- Up-to-date: /home/dvij/learning_table_tennis_from_scratch/lbr_fri_ros2_stack_ws/install/lbr_moveit/share/lbr_moveit/local_setup.dsv
[0.067s] -- Up-to-date: /home/dvij/learning_table_tennis_from_scratch/lbr_fri_ros2_stack_ws/install/lbr_moveit/share/lbr_moveit/package.dsv
[0.067s] -- Up-to-date: /home/dvij/learning_table_tennis_from_scratch/lbr_fri_ros2_stack_ws/install/lbr_moveit/share/ament_index/resource_index/packages/lbr_moveit
[0.067s] -- Up-to-date: /home/dvij/learning_table_tennis_from_scratch/lbr_fri_ros2_stack_ws/install/lbr_moveit/share/lbr_moveit/cmake/lbr_moveitConfig.cmake
[0.067s] -- Up-to-date: /home/dvij/learning_table_tennis_from_scratch/lbr_fri_ros2_stack_ws/install/lbr_moveit/share/lbr_moveit/cmake/lbr_moveitConfig-version.cmake
[0.067s] -- Up-to-date: /home/dvij/learning_table_tennis_from_scratch/lbr_fri_ros2_stack_ws/install/lbr_moveit/share/lbr_moveit/package.xml
[0.075s] Invoked command in '/home/dvij/learning_table_tennis_from_scratch/lbr_fri_ros2_stack_ws/build/lbr_moveit' returned '0': CMAKE_PREFIX_PATH=/opt/ros/galactic /usr/local/bin/cmake --install /home/dvij/learning_table_tennis_from_scratch/lbr_fri_ros2_stack_ws/build/lbr_moveit
