[0.008s] Invoking command in '/home/dvij/ee206-project/ping-pong-robot/vision_tracking/build/camera_feed': CMAKE_PREFIX_PATH=/home/dvij/ee206-project/ping-pong-robot/vision_tracking/install/my_sync_package:/home/dvij/ee206-project/ping-pong-robot/vision_tracking/install/interface:/home/dvij/ee206-project/ping-pong-robot/vision_tracking/install/camera_feed:/home/dvij/ee206-project/ping-pong-robot/vision_tracking/install/scene_interpreter:/opt/ros/foxy PYTHONPATH=/home/dvij/ee206-project/ping-pong-robot/vision_tracking/install/interface/lib/python3.8/site-packages:/home/dvij/ee206-project/ping-pong-robot/vision_tracking/install/scene_interpreter/lib/python3.8/site-packages:/opt/ros/foxy/lib/python3.8/site-packages /usr/local/bin/cmake --build /home/dvij/ee206-project/ping-pong-robot/vision_tracking/build/camera_feed -- -j20 -l20
[0.023s] [ 40%] Built target synchronized_image_subscriber
[0.024s] [100%] Built target image_publisher
[0.027s] Invoked command in '/home/dvij/ee206-project/ping-pong-robot/vision_tracking/build/camera_feed' returned '0': CMAKE_PREFIX_PATH=/home/dvij/ee206-project/ping-pong-robot/vision_tracking/install/my_sync_package:/home/dvij/ee206-project/ping-pong-robot/vision_tracking/install/interface:/home/dvij/ee206-project/ping-pong-robot/vision_tracking/install/camera_feed:/home/dvij/ee206-project/ping-pong-robot/vision_tracking/install/scene_interpreter:/opt/ros/foxy PYTHONPATH=/home/dvij/ee206-project/ping-pong-robot/vision_tracking/install/interface/lib/python3.8/site-packages:/home/dvij/ee206-project/ping-pong-robot/vision_tracking/install/scene_interpreter/lib/python3.8/site-packages:/opt/ros/foxy/lib/python3.8/site-packages /usr/local/bin/cmake --build /home/dvij/ee206-project/ping-pong-robot/vision_tracking/build/camera_feed -- -j20 -l20
[0.040s] Invoking command in '/home/dvij/ee206-project/ping-pong-robot/vision_tracking/build/camera_feed': CMAKE_PREFIX_PATH=/home/dvij/ee206-project/ping-pong-robot/vision_tracking/install/my_sync_package:/home/dvij/ee206-project/ping-pong-robot/vision_tracking/install/interface:/home/dvij/ee206-project/ping-pong-robot/vision_tracking/install/camera_feed:/home/dvij/ee206-project/ping-pong-robot/vision_tracking/install/scene_interpreter:/opt/ros/foxy PYTHONPATH=/home/dvij/ee206-project/ping-pong-robot/vision_tracking/install/interface/lib/python3.8/site-packages:/home/dvij/ee206-project/ping-pong-robot/vision_tracking/install/scene_interpreter/lib/python3.8/site-packages:/opt/ros/foxy/lib/python3.8/site-packages /usr/local/bin/cmake --install /home/dvij/ee206-project/ping-pong-robot/vision_tracking/build/camera_feed
[0.042s] -- Install configuration: ""
[0.042s] -- Up-to-date: /home/dvij/ee206-project/ping-pong-robot/vision_tracking/install/camera_feed/lib/camera_feed/image_publisher
[0.042s] -- Up-to-date: /home/dvij/ee206-project/ping-pong-robot/vision_tracking/install/camera_feed/lib/camera_feed/synchronized_image_subscriber
[0.043s] -- Up-to-date: /home/dvij/ee206-project/ping-pong-robot/vision_tracking/install/camera_feed/share/camera_feed/launch
[0.043s] -- Up-to-date: /home/dvij/ee206-project/ping-pong-robot/vision_tracking/install/camera_feed/share/camera_feed/launch/camera_feed.py
[0.043s] -- Up-to-date: /home/dvij/ee206-project/ping-pong-robot/vision_tracking/install/camera_feed/share/ament_index/resource_index/package_run_dependencies/camera_feed
[0.043s] -- Up-to-date: /home/dvij/ee206-project/ping-pong-robot/vision_tracking/install/camera_feed/share/ament_index/resource_index/parent_prefix_path/camera_feed
[0.043s] -- Up-to-date: /home/dvij/ee206-project/ping-pong-robot/vision_tracking/install/camera_feed/share/camera_feed/environment/ament_prefix_path.sh
[0.043s] -- Up-to-date: /home/dvij/ee206-project/ping-pong-robot/vision_tracking/install/camera_feed/share/camera_feed/environment/ament_prefix_path.dsv
[0.043s] -- Up-to-date: /home/dvij/ee206-project/ping-pong-robot/vision_tracking/install/camera_feed/share/camera_feed/environment/path.sh
[0.043s] -- Up-to-date: /home/dvij/ee206-project/ping-pong-robot/vision_tracking/install/camera_feed/share/camera_feed/environment/path.dsv
[0.044s] -- Up-to-date: /home/dvij/ee206-project/ping-pong-robot/vision_tracking/install/camera_feed/share/camera_feed/local_setup.bash
[0.045s] -- Up-to-date: /home/dvij/ee206-project/ping-pong-robot/vision_tracking/install/camera_feed/share/camera_feed/local_setup.sh
[0.045s] -- Up-to-date: /home/dvij/ee206-project/ping-pong-robot/vision_tracking/install/camera_feed/share/camera_feed/local_setup.zsh
[0.045s] -- Up-to-date: /home/dvij/ee206-project/ping-pong-robot/vision_tracking/install/camera_feed/share/camera_feed/local_setup.dsv
[0.045s] -- Installing: /home/dvij/ee206-project/ping-pong-robot/vision_tracking/install/camera_feed/share/camera_feed/package.dsv
[0.045s] -- Up-to-date: /home/dvij/ee206-project/ping-pong-robot/vision_tracking/install/camera_feed/share/ament_index/resource_index/packages/camera_feed
[0.045s] -- Up-to-date: /home/dvij/ee206-project/ping-pong-robot/vision_tracking/install/camera_feed/share/camera_feed/cmake/camera_feedConfig.cmake
[0.045s] -- Up-to-date: /home/dvij/ee206-project/ping-pong-robot/vision_tracking/install/camera_feed/share/camera_feed/cmake/camera_feedConfig-version.cmake
[0.046s] -- Up-to-date: /home/dvij/ee206-project/ping-pong-robot/vision_tracking/install/camera_feed/share/camera_feed/package.xml
[0.046s] Invoked command in '/home/dvij/ee206-project/ping-pong-robot/vision_tracking/build/camera_feed' returned '0': CMAKE_PREFIX_PATH=/home/dvij/ee206-project/ping-pong-robot/vision_tracking/install/my_sync_package:/home/dvij/ee206-project/ping-pong-robot/vision_tracking/install/interface:/home/dvij/ee206-project/ping-pong-robot/vision_tracking/install/camera_feed:/home/dvij/ee206-project/ping-pong-robot/vision_tracking/install/scene_interpreter:/opt/ros/foxy PYTHONPATH=/home/dvij/ee206-project/ping-pong-robot/vision_tracking/install/interface/lib/python3.8/site-packages:/home/dvij/ee206-project/ping-pong-robot/vision_tracking/install/scene_interpreter/lib/python3.8/site-packages:/opt/ros/foxy/lib/python3.8/site-packages /usr/local/bin/cmake --install /home/dvij/ee206-project/ping-pong-robot/vision_tracking/build/camera_feed
