[0.430s] Invoking command in '/home/pingpongproject/code/ping-pong-robot/lbr_fri_ros2_stack_ws_foxy2/build/lbr_demos_fri_ros2_cpp': AMENT_PREFIX_PATH=/home/pingpongproject/code/ping-pong-robot/lbr_fri_ros2_stack_ws_foxy2/install/lbr_fri_ros2:/home/pingpongproject/code/ping-pong-robot/lbr_fri_ros2_stack_ws_foxy2/install/lbr_fri_msgs:/home/pingpongproject/code/ping-pong-robot/lbr_fri_ros2_stack_ws_foxy2/install/lbr_description:/home/pingpongproject/code/ping-pong-robot/lbr_fri_ros2_stack_ws_foxy2/install/fri_vendor:${AMENT_PREFIX_PATH} CMAKE_PREFIX_PATH=/home/pingpongproject/code/ping-pong-robot/lbr_fri_ros2_stack_ws_foxy2/install/lbr_fri_ros2:/home/pingpongproject/code/ping-pong-robot/lbr_fri_ros2_stack_ws_foxy2/install/lbr_fri_msgs:/home/pingpongproject/code/ping-pong-robot/lbr_fri_ros2_stack_ws_foxy2/install/lbr_description:/home/pingpongproject/code/ping-pong-robot/lbr_fri_ros2_stack_ws_foxy2/install/fri_vendor:/opt/ros/foxy LD_LIBRARY_PATH=/home/pingpongproject/code/ping-pong-robot/lbr_fri_ros2_stack_ws_foxy2/install/lbr_fri_ros2/lib:/home/pingpongproject/code/ping-pong-robot/lbr_fri_ros2_stack_ws_foxy2/install/lbr_fri_msgs/lib:/home/pingpongproject/code/ping-pong-robot/lbr_fri_ros2_stack_ws_foxy2/install/fri_vendor/lib:/opt/ros/foxy/opt/yaml_cpp_vendor/lib:/opt/ros/foxy/opt/rviz_ogre_vendor/lib:/opt/ros/foxy/lib/x86_64-linux-gnu:/opt/ros/foxy/lib:/usr/local/cuda/lib64 PYTHONPATH=/home/pingpongproject/code/ping-pong-robot/lbr_fri_ros2_stack_ws_foxy2/install/lbr_fri_ros2/lib/python3.8/site-packages:/home/pingpongproject/code/ping-pong-robot/lbr_fri_ros2_stack_ws_foxy2/install/lbr_fri_msgs/lib/python3.8/site-packages:/home/pingpongproject/code/ping-pong-robot/lbr_fri_ros2_stack_ws_foxy2/install/lbr_description/lib/python3.8/site-packages:${PYTHONPATH} /home/pingpongproject/.local/bin/cmake /home/pingpongproject/code/ping-pong-robot/lbr_fri_ros2_stack_ws_foxy2/src/lbr_fri_ros2_stack/lbr_demos/lbr_demos_fri_ros2_cpp -DCMAKE_BUILD_TYPE=Release -DAMENT_CMAKE_SYMLINK_INSTALL=1 -DCMAKE_INSTALL_PREFIX=/home/pingpongproject/code/ping-pong-robot/lbr_fri_ros2_stack_ws_foxy2/install/lbr_demos_fri_ros2_cpp
[0.474s] -- The C compiler identification is GNU 9.4.0
[0.505s] -- The CXX compiler identification is GNU 9.4.0
[0.511s] -- Detecting C compiler ABI info
[0.542s] -- Detecting C compiler ABI info - done
[0.553s] -- Check for working C compiler: /usr/bin/cc - skipped
[0.554s] -- Detecting C compile features
[0.554s] -- Detecting C compile features - done
[0.558s] -- Detecting CXX compiler ABI info
[0.598s] -- Detecting CXX compiler ABI info - done
[0.608s] -- Check for working CXX compiler: /usr/bin/c++ - skipped
[0.608s] -- Detecting CXX compile features
[0.609s] -- Detecting CXX compile features - done
[0.610s] -- Found ament_cmake: 0.9.12 (/opt/ros/foxy/share/ament_cmake/cmake)
[0.627s] -- Found PythonInterp: /usr/bin/python3 (found suitable version "3.8.10", minimum required is "3") 
[0.628s] -- Using PYTHON_EXECUTABLE: /usr/bin/python3
[0.741s] -- Override CMake install command with custom implementation using symlinks instead of copying resources
[0.765s] -- Found fri_vendor: 1.0.0 (/home/pingpongproject/code/ping-pong-robot/lbr_fri_ros2_stack_ws_foxy2/install/fri_vendor/share/fri_vendor/cmake)
[0.766s] -- Found lbr_fri_msgs: 1.1.5 (/home/pingpongproject/code/ping-pong-robot/lbr_fri_ros2_stack_ws_foxy2/install/lbr_fri_msgs/share/lbr_fri_msgs/cmake)
[0.793s] -- Using all available rosidl_typesupport_c: rosidl_typesupport_fastrtps_c;rosidl_typesupport_introspection_c
[0.798s] -- Found rosidl_adapter: 1.3.1 (/opt/ros/foxy/share/rosidl_adapter/cmake)
[0.845s] -- Found OpenSSL: /usr/lib/x86_64-linux-gnu/libcrypto.so (found version "1.1.1f")  
[0.875s] -- Found FastRTPS: /opt/ros/foxy/include  
[0.939s] -- Using all available rosidl_typesupport_cpp: rosidl_typesupport_fastrtps_cpp;rosidl_typesupport_introspection_cpp
[0.991s] -- Found rclcpp: 2.4.3 (/opt/ros/foxy/share/rclcpp/cmake)
[1.017s] -- Found rmw_implementation_cmake: 1.0.4 (/opt/ros/foxy/share/rmw_implementation_cmake/cmake)
[1.018s] -- Using RMW implementation 'rmw_fastrtps_cpp' as default
[1.019s] -- Performing Test CMAKE_HAVE_LIBC_PTHREAD
[1.059s] -- Performing Test CMAKE_HAVE_LIBC_PTHREAD - Failed
[1.059s] -- Looking for pthread_create in pthreads
[1.087s] -- Looking for pthread_create in pthreads - not found
[1.087s] -- Looking for pthread_create in pthread
[1.120s] -- Looking for pthread_create in pthread - found
[1.121s] -- Found Threads: TRUE  
[1.255s] -- Configuring done (0.8s)
[1.264s] -- Generating done (0.0s)
[1.264s] -- Build files have been written to: /home/pingpongproject/code/ping-pong-robot/lbr_fri_ros2_stack_ws_foxy2/build/lbr_demos_fri_ros2_cpp
[1.272s] Invoked command in '/home/pingpongproject/code/ping-pong-robot/lbr_fri_ros2_stack_ws_foxy2/build/lbr_demos_fri_ros2_cpp' returned '0': AMENT_PREFIX_PATH=/home/pingpongproject/code/ping-pong-robot/lbr_fri_ros2_stack_ws_foxy2/install/lbr_fri_ros2:/home/pingpongproject/code/ping-pong-robot/lbr_fri_ros2_stack_ws_foxy2/install/lbr_fri_msgs:/home/pingpongproject/code/ping-pong-robot/lbr_fri_ros2_stack_ws_foxy2/install/lbr_description:/home/pingpongproject/code/ping-pong-robot/lbr_fri_ros2_stack_ws_foxy2/install/fri_vendor:${AMENT_PREFIX_PATH} CMAKE_PREFIX_PATH=/home/pingpongproject/code/ping-pong-robot/lbr_fri_ros2_stack_ws_foxy2/install/lbr_fri_ros2:/home/pingpongproject/code/ping-pong-robot/lbr_fri_ros2_stack_ws_foxy2/install/lbr_fri_msgs:/home/pingpongproject/code/ping-pong-robot/lbr_fri_ros2_stack_ws_foxy2/install/lbr_description:/home/pingpongproject/code/ping-pong-robot/lbr_fri_ros2_stack_ws_foxy2/install/fri_vendor:/opt/ros/foxy LD_LIBRARY_PATH=/home/pingpongproject/code/ping-pong-robot/lbr_fri_ros2_stack_ws_foxy2/install/lbr_fri_ros2/lib:/home/pingpongproject/code/ping-pong-robot/lbr_fri_ros2_stack_ws_foxy2/install/lbr_fri_msgs/lib:/home/pingpongproject/code/ping-pong-robot/lbr_fri_ros2_stack_ws_foxy2/install/fri_vendor/lib:/opt/ros/foxy/opt/yaml_cpp_vendor/lib:/opt/ros/foxy/opt/rviz_ogre_vendor/lib:/opt/ros/foxy/lib/x86_64-linux-gnu:/opt/ros/foxy/lib:/usr/local/cuda/lib64 PYTHONPATH=/home/pingpongproject/code/ping-pong-robot/lbr_fri_ros2_stack_ws_foxy2/install/lbr_fri_ros2/lib/python3.8/site-packages:/home/pingpongproject/code/ping-pong-robot/lbr_fri_ros2_stack_ws_foxy2/install/lbr_fri_msgs/lib/python3.8/site-packages:/home/pingpongproject/code/ping-pong-robot/lbr_fri_ros2_stack_ws_foxy2/install/lbr_description/lib/python3.8/site-packages:${PYTHONPATH} /home/pingpongproject/.local/bin/cmake /home/pingpongproject/code/ping-pong-robot/lbr_fri_ros2_stack_ws_foxy2/src/lbr_fri_ros2_stack/lbr_demos/lbr_demos_fri_ros2_cpp -DCMAKE_BUILD_TYPE=Release -DAMENT_CMAKE_SYMLINK_INSTALL=1 -DCMAKE_INSTALL_PREFIX=/home/pingpongproject/code/ping-pong-robot/lbr_fri_ros2_stack_ws_foxy2/install/lbr_demos_fri_ros2_cpp
[1.274s] Invoking command in '/home/pingpongproject/code/ping-pong-robot/lbr_fri_ros2_stack_ws_foxy2/build/lbr_demos_fri_ros2_cpp': AMENT_PREFIX_PATH=/home/pingpongproject/code/ping-pong-robot/lbr_fri_ros2_stack_ws_foxy2/install/lbr_fri_ros2:/home/pingpongproject/code/ping-pong-robot/lbr_fri_ros2_stack_ws_foxy2/install/lbr_fri_msgs:/home/pingpongproject/code/ping-pong-robot/lbr_fri_ros2_stack_ws_foxy2/install/lbr_description:/home/pingpongproject/code/ping-pong-robot/lbr_fri_ros2_stack_ws_foxy2/install/fri_vendor:${AMENT_PREFIX_PATH} CMAKE_PREFIX_PATH=/home/pingpongproject/code/ping-pong-robot/lbr_fri_ros2_stack_ws_foxy2/install/lbr_fri_ros2:/home/pingpongproject/code/ping-pong-robot/lbr_fri_ros2_stack_ws_foxy2/install/lbr_fri_msgs:/home/pingpongproject/code/ping-pong-robot/lbr_fri_ros2_stack_ws_foxy2/install/lbr_description:/home/pingpongproject/code/ping-pong-robot/lbr_fri_ros2_stack_ws_foxy2/install/fri_vendor:/opt/ros/foxy LD_LIBRARY_PATH=/home/pingpongproject/code/ping-pong-robot/lbr_fri_ros2_stack_ws_foxy2/install/lbr_fri_ros2/lib:/home/pingpongproject/code/ping-pong-robot/lbr_fri_ros2_stack_ws_foxy2/install/lbr_fri_msgs/lib:/home/pingpongproject/code/ping-pong-robot/lbr_fri_ros2_stack_ws_foxy2/install/fri_vendor/lib:/opt/ros/foxy/opt/yaml_cpp_vendor/lib:/opt/ros/foxy/opt/rviz_ogre_vendor/lib:/opt/ros/foxy/lib/x86_64-linux-gnu:/opt/ros/foxy/lib:/usr/local/cuda/lib64 PYTHONPATH=/home/pingpongproject/code/ping-pong-robot/lbr_fri_ros2_stack_ws_foxy2/install/lbr_fri_ros2/lib/python3.8/site-packages:/home/pingpongproject/code/ping-pong-robot/lbr_fri_ros2_stack_ws_foxy2/install/lbr_fri_msgs/lib/python3.8/site-packages:/home/pingpongproject/code/ping-pong-robot/lbr_fri_ros2_stack_ws_foxy2/install/lbr_description/lib/python3.8/site-packages:${PYTHONPATH} /home/pingpongproject/.local/bin/cmake --build /home/pingpongproject/code/ping-pong-robot/lbr_fri_ros2_stack_ws_foxy2/build/lbr_demos_fri_ros2_cpp -- -j20 -l20
[1.301s] [ 33%] [32mBuilding CXX object CMakeFiles/torque_sine_overlay_node.dir/src/torque_sine_overlay_node.cpp.o[0m
[1.301s] [ 33%] [32mBuilding CXX object CMakeFiles/joint_sine_overlay_node.dir/src/joint_sine_overlay_node.cpp.o[0m
[1.302s] [ 50%] [32mBuilding CXX object CMakeFiles/wrench_sine_overlay_node.dir/src/wrench_sine_overlay_node.cpp.o[0m
[5.543s] [ 66%] [32m[1mLinking CXX executable torque_sine_overlay_node[0m
[5.615s] [ 66%] Built target torque_sine_overlay_node
[5.848s] [ 83%] [32m[1mLinking CXX executable joint_sine_overlay_node[0m
[5.913s] [ 83%] Built target joint_sine_overlay_node
[6.037s] [100%] [32m[1mLinking CXX executable wrench_sine_overlay_node[0m
[6.108s] [100%] Built target wrench_sine_overlay_node
[6.120s] Invoked command in '/home/pingpongproject/code/ping-pong-robot/lbr_fri_ros2_stack_ws_foxy2/build/lbr_demos_fri_ros2_cpp' returned '0': AMENT_PREFIX_PATH=/home/pingpongproject/code/ping-pong-robot/lbr_fri_ros2_stack_ws_foxy2/install/lbr_fri_ros2:/home/pingpongproject/code/ping-pong-robot/lbr_fri_ros2_stack_ws_foxy2/install/lbr_fri_msgs:/home/pingpongproject/code/ping-pong-robot/lbr_fri_ros2_stack_ws_foxy2/install/lbr_description:/home/pingpongproject/code/ping-pong-robot/lbr_fri_ros2_stack_ws_foxy2/install/fri_vendor:${AMENT_PREFIX_PATH} CMAKE_PREFIX_PATH=/home/pingpongproject/code/ping-pong-robot/lbr_fri_ros2_stack_ws_foxy2/install/lbr_fri_ros2:/home/pingpongproject/code/ping-pong-robot/lbr_fri_ros2_stack_ws_foxy2/install/lbr_fri_msgs:/home/pingpongproject/code/ping-pong-robot/lbr_fri_ros2_stack_ws_foxy2/install/lbr_description:/home/pingpongproject/code/ping-pong-robot/lbr_fri_ros2_stack_ws_foxy2/install/fri_vendor:/opt/ros/foxy LD_LIBRARY_PATH=/home/pingpongproject/code/ping-pong-robot/lbr_fri_ros2_stack_ws_foxy2/install/lbr_fri_ros2/lib:/home/pingpongproject/code/ping-pong-robot/lbr_fri_ros2_stack_ws_foxy2/install/lbr_fri_msgs/lib:/home/pingpongproject/code/ping-pong-robot/lbr_fri_ros2_stack_ws_foxy2/install/fri_vendor/lib:/opt/ros/foxy/opt/yaml_cpp_vendor/lib:/opt/ros/foxy/opt/rviz_ogre_vendor/lib:/opt/ros/foxy/lib/x86_64-linux-gnu:/opt/ros/foxy/lib:/usr/local/cuda/lib64 PYTHONPATH=/home/pingpongproject/code/ping-pong-robot/lbr_fri_ros2_stack_ws_foxy2/install/lbr_fri_ros2/lib/python3.8/site-packages:/home/pingpongproject/code/ping-pong-robot/lbr_fri_ros2_stack_ws_foxy2/install/lbr_fri_msgs/lib/python3.8/site-packages:/home/pingpongproject/code/ping-pong-robot/lbr_fri_ros2_stack_ws_foxy2/install/lbr_description/lib/python3.8/site-packages:${PYTHONPATH} /home/pingpongproject/.local/bin/cmake --build /home/pingpongproject/code/ping-pong-robot/lbr_fri_ros2_stack_ws_foxy2/build/lbr_demos_fri_ros2_cpp -- -j20 -l20
[6.149s] Invoking command in '/home/pingpongproject/code/ping-pong-robot/lbr_fri_ros2_stack_ws_foxy2/build/lbr_demos_fri_ros2_cpp': AMENT_PREFIX_PATH=/home/pingpongproject/code/ping-pong-robot/lbr_fri_ros2_stack_ws_foxy2/install/lbr_fri_ros2:/home/pingpongproject/code/ping-pong-robot/lbr_fri_ros2_stack_ws_foxy2/install/lbr_fri_msgs:/home/pingpongproject/code/ping-pong-robot/lbr_fri_ros2_stack_ws_foxy2/install/lbr_description:/home/pingpongproject/code/ping-pong-robot/lbr_fri_ros2_stack_ws_foxy2/install/fri_vendor:${AMENT_PREFIX_PATH} CMAKE_PREFIX_PATH=/home/pingpongproject/code/ping-pong-robot/lbr_fri_ros2_stack_ws_foxy2/install/lbr_fri_ros2:/home/pingpongproject/code/ping-pong-robot/lbr_fri_ros2_stack_ws_foxy2/install/lbr_fri_msgs:/home/pingpongproject/code/ping-pong-robot/lbr_fri_ros2_stack_ws_foxy2/install/lbr_description:/home/pingpongproject/code/ping-pong-robot/lbr_fri_ros2_stack_ws_foxy2/install/fri_vendor:/opt/ros/foxy LD_LIBRARY_PATH=/home/pingpongproject/code/ping-pong-robot/lbr_fri_ros2_stack_ws_foxy2/install/lbr_fri_ros2/lib:/home/pingpongproject/code/ping-pong-robot/lbr_fri_ros2_stack_ws_foxy2/install/lbr_fri_msgs/lib:/home/pingpongproject/code/ping-pong-robot/lbr_fri_ros2_stack_ws_foxy2/install/fri_vendor/lib:/opt/ros/foxy/opt/yaml_cpp_vendor/lib:/opt/ros/foxy/opt/rviz_ogre_vendor/lib:/opt/ros/foxy/lib/x86_64-linux-gnu:/opt/ros/foxy/lib:/usr/local/cuda/lib64 PYTHONPATH=/home/pingpongproject/code/ping-pong-robot/lbr_fri_ros2_stack_ws_foxy2/install/lbr_fri_ros2/lib/python3.8/site-packages:/home/pingpongproject/code/ping-pong-robot/lbr_fri_ros2_stack_ws_foxy2/install/lbr_fri_msgs/lib/python3.8/site-packages:/home/pingpongproject/code/ping-pong-robot/lbr_fri_ros2_stack_ws_foxy2/install/lbr_description/lib/python3.8/site-packages:${PYTHONPATH} /home/pingpongproject/.local/bin/cmake --install /home/pingpongproject/code/ping-pong-robot/lbr_fri_ros2_stack_ws_foxy2/build/lbr_demos_fri_ros2_cpp
[6.164s] -- Install configuration: "Release"
[6.164s] -- Execute custom install script
[6.164s] -- Symlinking: /home/pingpongproject/code/ping-pong-robot/lbr_fri_ros2_stack_ws_foxy2/install/lbr_demos_fri_ros2_cpp/lib/lbr_demos_fri_ros2_cpp/joint_sine_overlay_node
[6.166s] -- Symlinking: /home/pingpongproject/code/ping-pong-robot/lbr_fri_ros2_stack_ws_foxy2/install/lbr_demos_fri_ros2_cpp/lib/lbr_demos_fri_ros2_cpp/torque_sine_overlay_node
[6.167s] -- Symlinking: /home/pingpongproject/code/ping-pong-robot/lbr_fri_ros2_stack_ws_foxy2/install/lbr_demos_fri_ros2_cpp/lib/lbr_demos_fri_ros2_cpp/wrench_sine_overlay_node
[6.169s] -- Symlinking: /home/pingpongproject/code/ping-pong-robot/lbr_fri_ros2_stack_ws_foxy2/install/lbr_demos_fri_ros2_cpp/share/lbr_demos_fri_ros2_cpp/launch/joint_sine_overlay.launch.py
[6.171s] -- Symlinking: /home/pingpongproject/code/ping-pong-robot/lbr_fri_ros2_stack_ws_foxy2/install/lbr_demos_fri_ros2_cpp/share/lbr_demos_fri_ros2_cpp/launch/torque_sine_overlay.launch.py
[6.172s] -- Symlinking: /home/pingpongproject/code/ping-pong-robot/lbr_fri_ros2_stack_ws_foxy2/install/lbr_demos_fri_ros2_cpp/share/lbr_demos_fri_ros2_cpp/launch/wrench_sine_overlay.launch.py
[6.173s] -- Symlinking: /home/pingpongproject/code/ping-pong-robot/lbr_fri_ros2_stack_ws_foxy2/install/lbr_demos_fri_ros2_cpp/share/ament_index/resource_index/package_run_dependencies/lbr_demos_fri_ros2_cpp
[6.175s] -- Symlinking: /home/pingpongproject/code/ping-pong-robot/lbr_fri_ros2_stack_ws_foxy2/install/lbr_demos_fri_ros2_cpp/share/ament_index/resource_index/parent_prefix_path/lbr_demos_fri_ros2_cpp
[6.176s] -- Symlinking: /home/pingpongproject/code/ping-pong-robot/lbr_fri_ros2_stack_ws_foxy2/install/lbr_demos_fri_ros2_cpp/share/lbr_demos_fri_ros2_cpp/environment/ament_prefix_path.sh
[6.177s] -- Symlinking: /home/pingpongproject/code/ping-pong-robot/lbr_fri_ros2_stack_ws_foxy2/install/lbr_demos_fri_ros2_cpp/share/lbr_demos_fri_ros2_cpp/environment/ament_prefix_path.dsv
[6.178s] -- Symlinking: /home/pingpongproject/code/ping-pong-robot/lbr_fri_ros2_stack_ws_foxy2/install/lbr_demos_fri_ros2_cpp/share/lbr_demos_fri_ros2_cpp/environment/path.sh
[6.179s] -- Symlinking: /home/pingpongproject/code/ping-pong-robot/lbr_fri_ros2_stack_ws_foxy2/install/lbr_demos_fri_ros2_cpp/share/lbr_demos_fri_ros2_cpp/environment/path.dsv
[6.181s] -- Symlinking: /home/pingpongproject/code/ping-pong-robot/lbr_fri_ros2_stack_ws_foxy2/install/lbr_demos_fri_ros2_cpp/share/lbr_demos_fri_ros2_cpp/local_setup.bash
[6.182s] -- Symlinking: /home/pingpongproject/code/ping-pong-robot/lbr_fri_ros2_stack_ws_foxy2/install/lbr_demos_fri_ros2_cpp/share/lbr_demos_fri_ros2_cpp/local_setup.sh
[6.183s] -- Symlinking: /home/pingpongproject/code/ping-pong-robot/lbr_fri_ros2_stack_ws_foxy2/install/lbr_demos_fri_ros2_cpp/share/lbr_demos_fri_ros2_cpp/local_setup.zsh
[6.185s] -- Symlinking: /home/pingpongproject/code/ping-pong-robot/lbr_fri_ros2_stack_ws_foxy2/install/lbr_demos_fri_ros2_cpp/share/lbr_demos_fri_ros2_cpp/local_setup.dsv
[6.186s] -- Symlinking: /home/pingpongproject/code/ping-pong-robot/lbr_fri_ros2_stack_ws_foxy2/install/lbr_demos_fri_ros2_cpp/share/lbr_demos_fri_ros2_cpp/package.dsv
[6.187s] -- Symlinking: /home/pingpongproject/code/ping-pong-robot/lbr_fri_ros2_stack_ws_foxy2/install/lbr_demos_fri_ros2_cpp/share/ament_index/resource_index/packages/lbr_demos_fri_ros2_cpp
[6.189s] -- Symlinking: /home/pingpongproject/code/ping-pong-robot/lbr_fri_ros2_stack_ws_foxy2/install/lbr_demos_fri_ros2_cpp/share/lbr_demos_fri_ros2_cpp/cmake/lbr_demos_fri_ros2_cppConfig.cmake
[6.190s] -- Symlinking: /home/pingpongproject/code/ping-pong-robot/lbr_fri_ros2_stack_ws_foxy2/install/lbr_demos_fri_ros2_cpp/share/lbr_demos_fri_ros2_cpp/cmake/lbr_demos_fri_ros2_cppConfig-version.cmake
[6.191s] -- Symlinking: /home/pingpongproject/code/ping-pong-robot/lbr_fri_ros2_stack_ws_foxy2/install/lbr_demos_fri_ros2_cpp/share/lbr_demos_fri_ros2_cpp/package.xml
[6.196s] Invoked command in '/home/pingpongproject/code/ping-pong-robot/lbr_fri_ros2_stack_ws_foxy2/build/lbr_demos_fri_ros2_cpp' returned '0': AMENT_PREFIX_PATH=/home/pingpongproject/code/ping-pong-robot/lbr_fri_ros2_stack_ws_foxy2/install/lbr_fri_ros2:/home/pingpongproject/code/ping-pong-robot/lbr_fri_ros2_stack_ws_foxy2/install/lbr_fri_msgs:/home/pingpongproject/code/ping-pong-robot/lbr_fri_ros2_stack_ws_foxy2/install/lbr_description:/home/pingpongproject/code/ping-pong-robot/lbr_fri_ros2_stack_ws_foxy2/install/fri_vendor:${AMENT_PREFIX_PATH} CMAKE_PREFIX_PATH=/home/pingpongproject/code/ping-pong-robot/lbr_fri_ros2_stack_ws_foxy2/install/lbr_fri_ros2:/home/pingpongproject/code/ping-pong-robot/lbr_fri_ros2_stack_ws_foxy2/install/lbr_fri_msgs:/home/pingpongproject/code/ping-pong-robot/lbr_fri_ros2_stack_ws_foxy2/install/lbr_description:/home/pingpongproject/code/ping-pong-robot/lbr_fri_ros2_stack_ws_foxy2/install/fri_vendor:/opt/ros/foxy LD_LIBRARY_PATH=/home/pingpongproject/code/ping-pong-robot/lbr_fri_ros2_stack_ws_foxy2/install/lbr_fri_ros2/lib:/home/pingpongproject/code/ping-pong-robot/lbr_fri_ros2_stack_ws_foxy2/install/lbr_fri_msgs/lib:/home/pingpongproject/code/ping-pong-robot/lbr_fri_ros2_stack_ws_foxy2/install/fri_vendor/lib:/opt/ros/foxy/opt/yaml_cpp_vendor/lib:/opt/ros/foxy/opt/rviz_ogre_vendor/lib:/opt/ros/foxy/lib/x86_64-linux-gnu:/opt/ros/foxy/lib:/usr/local/cuda/lib64 PYTHONPATH=/home/pingpongproject/code/ping-pong-robot/lbr_fri_ros2_stack_ws_foxy2/install/lbr_fri_ros2/lib/python3.8/site-packages:/home/pingpongproject/code/ping-pong-robot/lbr_fri_ros2_stack_ws_foxy2/install/lbr_fri_msgs/lib/python3.8/site-packages:/home/pingpongproject/code/ping-pong-robot/lbr_fri_ros2_stack_ws_foxy2/install/lbr_description/lib/python3.8/site-packages:${PYTHONPATH} /home/pingpongproject/.local/bin/cmake --install /home/pingpongproject/code/ping-pong-robot/lbr_fri_ros2_stack_ws_foxy2/build/lbr_demos_fri_ros2_cpp
