[0.032s] Invoking command in '/home/dvij/ee206-project/ping-pong-robot/ppr_ws/build/iiwa_description': CMAKE_PREFIX_PATH=/opt/ros/galactic:${CMAKE_PREFIX_PATH} CONDA_PROMPT_MODIFIER=(base) /usr/local/bin/cmake /home/dvij/ee206-project/ping-pong-robot/ppr_ws/src/iiwa_ros2/iiwa_description -DCMAKE_INSTALL_PREFIX=/home/dvij/ee206-project/ping-pong-robot/ppr_ws/install/iiwa_description
[0.238s] -- Found ament_cmake: 1.1.6 (/opt/ros/galactic/share/ament_cmake/cmake)
[0.238s] -- Found PythonInterp: /home/dvij/anaconda3/bin/python3 (found suitable version "3.9.7", minimum required is "3")
[0.240s] -- Using PYTHON_EXECUTABLE: /home/dvij/anaconda3/bin/python3
[0.241s] -- Found ament_cmake_gtest: 1.1.6 (/opt/ros/galactic/share/ament_cmake_gtest/cmake)
[0.241s] -- Found ament_lint_auto: 0.10.7 (/opt/ros/galactic/share/ament_lint_auto/cmake)
[0.241s] [33mCMake Warning (dev) at /opt/ros/galactic/share/ament_cmake_core/cmake/core/python.cmake:22 (find_package):
[0.241s]   Policy CMP0148 is not set: The FindPythonInterp and FindPythonLibs modules
[0.241s]   are removed.  Run "cmake --help-policy CMP0148" for policy details.  Use
[0.241s]   the cmake_policy command to set the policy and suppress this warning.
[0.241s] 
[0.241s] Call Stack (most recent call first):
[0.241s]   /opt/ros/galactic/share/ament_cmake_core/cmake/core/all.cmake:53 (include)
[0.241s]   /opt/ros/galactic/share/ament_cmake_core/cmake/ament_cmake_core-extras.cmake:17 (include)
[0.242s]   /opt/ros/galactic/share/ament_cmake_core/cmake/ament_cmake_coreConfig.cmake:41 (include)
[0.242s]   /opt/ros/galactic/share/ament_cmake/cmake/ament_cmake_export_dependencies-extras.cmake:15 (find_package)
[0.242s]   /opt/ros/galactic/share/ament_cmake/cmake/ament_cmakeConfig.cmake:41 (include)
[0.242s]   CMakeLists.txt:19 (find_package)
[0.243s] This warning is for project developers.  Use -Wno-dev to suppress it.
[0.243s] [0m
[0.305s] -- Added test 'copyright' to check source files copyright and LICENSE
[0.311s] -- Added test 'lint_cmake' to check CMake code style
[0.313s] -- Added test 'xmllint' to check XML markup files
[0.315s] -- Configuring done (0.3s)
[0.317s] -- Generating done (0.0s)
[0.318s] -- Build files have been written to: /home/dvij/ee206-project/ping-pong-robot/ppr_ws/build/iiwa_description
[0.321s] Invoked command in '/home/dvij/ee206-project/ping-pong-robot/ppr_ws/build/iiwa_description' returned '0': CMAKE_PREFIX_PATH=/opt/ros/galactic:${CMAKE_PREFIX_PATH} CONDA_PROMPT_MODIFIER=(base) /usr/local/bin/cmake /home/dvij/ee206-project/ping-pong-robot/ppr_ws/src/iiwa_ros2/iiwa_description -DCMAKE_INSTALL_PREFIX=/home/dvij/ee206-project/ping-pong-robot/ppr_ws/install/iiwa_description
[0.324s] Invoking command in '/home/dvij/ee206-project/ping-pong-robot/ppr_ws/build/iiwa_description': CMAKE_PREFIX_PATH=/opt/ros/galactic:${CMAKE_PREFIX_PATH} CONDA_PROMPT_MODIFIER=(base) /usr/local/bin/cmake --build /home/dvij/ee206-project/ping-pong-robot/ppr_ws/build/iiwa_description -- -j20 -l20
[0.347s] Invoked command in '/home/dvij/ee206-project/ping-pong-robot/ppr_ws/build/iiwa_description' returned '0': CMAKE_PREFIX_PATH=/opt/ros/galactic:${CMAKE_PREFIX_PATH} CONDA_PROMPT_MODIFIER=(base) /usr/local/bin/cmake --build /home/dvij/ee206-project/ping-pong-robot/ppr_ws/build/iiwa_description -- -j20 -l20
[0.390s] Invoking command in '/home/dvij/ee206-project/ping-pong-robot/ppr_ws/build/iiwa_description': CMAKE_PREFIX_PATH=/opt/ros/galactic:${CMAKE_PREFIX_PATH} CONDA_PROMPT_MODIFIER=(base) /usr/local/bin/cmake --install /home/dvij/ee206-project/ping-pong-robot/ppr_ws/build/iiwa_description
[0.393s] -- Install configuration: ""
[0.393s] -- Installing: /home/dvij/ee206-project/ping-pong-robot/ppr_ws/install/iiwa_description/share/iiwa_description/urdf
[0.393s] -- Installing: /home/dvij/ee206-project/ping-pong-robot/ppr_ws/install/iiwa_description/share/iiwa_description/urdf/iiwa.urdf.xacro
[0.393s] -- Installing: /home/dvij/ee206-project/ping-pong-robot/ppr_ws/install/iiwa_description/share/iiwa_description/meshes
[0.393s] -- Installing: /home/dvij/ee206-project/ping-pong-robot/ppr_ws/install/iiwa_description/share/iiwa_description/meshes/lbr_iiwa_14_r820
[0.394s] -- Installing: /home/dvij/ee206-project/ping-pong-robot/ppr_ws/install/iiwa_description/share/iiwa_description/meshes/lbr_iiwa_14_r820/visual
[0.394s] -- Installing: /home/dvij/ee206-project/ping-pong-robot/ppr_ws/install/iiwa_description/share/iiwa_description/meshes/lbr_iiwa_14_r820/visual/link_1.dae
[0.394s] -- Installing: /home/dvij/ee206-project/ping-pong-robot/ppr_ws/install/iiwa_description/share/iiwa_description/meshes/lbr_iiwa_14_r820/visual/link_5.dae
[0.394s] -- Installing: /home/dvij/ee206-project/ping-pong-robot/ppr_ws/install/iiwa_description/share/iiwa_description/meshes/lbr_iiwa_14_r820/visual/link_6.dae
[0.395s] -- Installing: /home/dvij/ee206-project/ping-pong-robot/ppr_ws/install/iiwa_description/share/iiwa_description/meshes/lbr_iiwa_14_r820/visual/link_3.dae
[0.395s] -- Installing: /home/dvij/ee206-project/ping-pong-robot/ppr_ws/install/iiwa_description/share/iiwa_description/meshes/lbr_iiwa_14_r820/visual/link_4.dae
[0.395s] -- Installing: /home/dvij/ee206-project/ping-pong-robot/ppr_ws/install/iiwa_description/share/iiwa_description/meshes/lbr_iiwa_14_r820/visual/link_7.dae
[0.397s] -- Installing: /home/dvij/ee206-project/ping-pong-robot/ppr_ws/install/iiwa_description/share/iiwa_description/meshes/lbr_iiwa_14_r820/visual/link_2.dae
[0.398s] -- Installing: /home/dvij/ee206-project/ping-pong-robot/ppr_ws/install/iiwa_description/share/iiwa_description/meshes/lbr_iiwa_14_r820/visual/link_7_2.stl
[0.403s] -- Installing: /home/dvij/ee206-project/ping-pong-robot/ppr_ws/install/iiwa_description/share/iiwa_description/meshes/lbr_iiwa_14_r820/visual/base_link.dae
[0.404s] -- Installing: /home/dvij/ee206-project/ping-pong-robot/ppr_ws/install/iiwa_description/share/iiwa_description/meshes/lbr_iiwa_14_r820/collision
[0.404s] -- Installing: /home/dvij/ee206-project/ping-pong-robot/ppr_ws/install/iiwa_description/share/iiwa_description/meshes/lbr_iiwa_14_r820/collision/base_link.stl
[0.404s] -- Installing: /home/dvij/ee206-project/ping-pong-robot/ppr_ws/install/iiwa_description/share/iiwa_description/meshes/lbr_iiwa_14_r820/collision/link_1.stl
[0.404s] -- Installing: /home/dvij/ee206-project/ping-pong-robot/ppr_ws/install/iiwa_description/share/iiwa_description/meshes/lbr_iiwa_14_r820/collision/link_6.stl
[0.404s] -- Installing: /home/dvij/ee206-project/ping-pong-robot/ppr_ws/install/iiwa_description/share/iiwa_description/meshes/lbr_iiwa_14_r820/collision/link_2.stl
[0.404s] -- Installing: /home/dvij/ee206-project/ping-pong-robot/ppr_ws/install/iiwa_description/share/iiwa_description/meshes/lbr_iiwa_14_r820/collision/link_3.stl
[0.404s] -- Installing: /home/dvij/ee206-project/ping-pong-robot/ppr_ws/install/iiwa_description/share/iiwa_description/meshes/lbr_iiwa_14_r820/collision/link_4.stl
[0.404s] -- Installing: /home/dvij/ee206-project/ping-pong-robot/ppr_ws/install/iiwa_description/share/iiwa_description/meshes/lbr_iiwa_14_r820/collision/link_7_2.stl
[0.409s] -- Installing: /home/dvij/ee206-project/ping-pong-robot/ppr_ws/install/iiwa_description/share/iiwa_description/meshes/lbr_iiwa_14_r820/collision/link_5.stl
[0.409s] -- Installing: /home/dvij/ee206-project/ping-pong-robot/ppr_ws/install/iiwa_description/share/iiwa_description/meshes/lbr_iiwa_14_r820/collision/link_7.stl
[0.409s] -- Installing: /home/dvij/ee206-project/ping-pong-robot/ppr_ws/install/iiwa_description/share/iiwa_description/meshes/lbr_iiwa_14_r820/link_7_2.stl
[0.413s] -- Installing: /home/dvij/ee206-project/ping-pong-robot/ppr_ws/install/iiwa_description/share/iiwa_description/meshes/flex_fellow_h800
[0.414s] -- Installing: /home/dvij/ee206-project/ping-pong-robot/ppr_ws/install/iiwa_description/share/iiwa_description/meshes/flex_fellow_h800/flex_fellow_h800.stl
[0.415s] -- Installing: /home/dvij/ee206-project/ping-pong-robot/ppr_ws/install/iiwa_description/share/iiwa_description/meshes/flex_fellow_h800/flex_fellow_h800.dae
[0.419s] -- Installing: /home/dvij/ee206-project/ping-pong-robot/ppr_ws/install/iiwa_description/share/iiwa_description/gazebo
[0.419s] -- Installing: /home/dvij/ee206-project/ping-pong-robot/ppr_ws/install/iiwa_description/share/iiwa_description/gazebo/iiwa.gazebo.xacro
[0.419s] -- Installing: /home/dvij/ee206-project/ping-pong-robot/ppr_ws/install/iiwa_description/share/iiwa_description/gazebo/worlds
[0.419s] -- Installing: /home/dvij/ee206-project/ping-pong-robot/ppr_ws/install/iiwa_description/share/iiwa_description/gazebo/worlds/empty.world
[0.419s] -- Installing: /home/dvij/ee206-project/ping-pong-robot/ppr_ws/install/iiwa_description/share/iiwa_description/rviz
[0.419s] -- Installing: /home/dvij/ee206-project/ping-pong-robot/ppr_ws/install/iiwa_description/share/iiwa_description/rviz/moveit.rviz
[0.420s] -- Installing: /home/dvij/ee206-project/ping-pong-robot/ppr_ws/install/iiwa_description/share/iiwa_description/rviz/iiwa.rviz
[0.420s] -- Installing: /home/dvij/ee206-project/ping-pong-robot/ppr_ws/install/iiwa_description/share/iiwa_description/rviz/servo_rviz_config.rviz
[0.420s] -- Installing: /home/dvij/ee206-project/ping-pong-robot/ppr_ws/install/iiwa_description/share/iiwa_description/ros2_control
[0.420s] -- Installing: /home/dvij/ee206-project/ping-pong-robot/ppr_ws/install/iiwa_description/share/iiwa_description/ros2_control/iiwa.r2c_hw_ds.xacro
[0.420s] -- Installing: /home/dvij/ee206-project/ping-pong-robot/ppr_ws/install/iiwa_description/share/iiwa_description/ros2_control/iiwa.r2c_hardware.xacro
[0.420s] -- Installing: /home/dvij/ee206-project/ping-pong-robot/ppr_ws/install/iiwa_description/share/iiwa_description/config
[0.420s] -- Installing: /home/dvij/ee206-project/ping-pong-robot/ppr_ws/install/iiwa_description/share/iiwa_description/config/base_frame.yaml
[0.420s] -- Installing: /home/dvij/ee206-project/ping-pong-robot/ppr_ws/install/iiwa_description/share/iiwa_description/config/iiwa_controllers.yaml
[0.420s] -- Installing: /home/dvij/ee206-project/ping-pong-robot/ppr_ws/install/iiwa_description/share/iiwa_description/config/iiwa.config.xacro
[0.420s] -- Installing: /home/dvij/ee206-project/ping-pong-robot/ppr_ws/install/iiwa_description/share/iiwa_description/config/initial_positions.yaml
[0.420s] -- Installing: /home/dvij/ee206-project/ping-pong-robot/ppr_ws/install/iiwa_description/share/iiwa_description/moveit2
[0.420s] -- Installing: /home/dvij/ee206-project/ping-pong-robot/ppr_ws/install/iiwa_description/share/iiwa_description/moveit2/iiwa_moveit_controller_config.yaml
[0.420s] -- Installing: /home/dvij/ee206-project/ping-pong-robot/ppr_ws/install/iiwa_description/share/iiwa_description/moveit2/iiwa_moveit2_pose_tracking_settings.yaml
[0.420s] -- Installing: /home/dvij/ee206-project/ping-pong-robot/ppr_ws/install/iiwa_description/share/iiwa_description/moveit2/iiwa_moveit2_pose_tracking_config.yaml
[0.420s] -- Installing: /home/dvij/ee206-project/ping-pong-robot/ppr_ws/install/iiwa_description/share/iiwa_description/moveit2/planning_pipelines_config.yaml
[0.420s] -- Installing: /home/dvij/ee206-project/ping-pong-robot/ppr_ws/install/iiwa_description/share/iiwa_description/moveit2/kinematics.yaml
[0.420s] -- Installing: /home/dvij/ee206-project/ping-pong-robot/ppr_ws/install/iiwa_description/share/iiwa_description/moveit2/iiwa_joint_limits.yaml
[0.420s] -- Installing: /home/dvij/ee206-project/ping-pong-robot/ppr_ws/install/iiwa_description/share/iiwa_description/moveit2/ompl_planning.yaml
[0.420s] -- Installing: /home/dvij/ee206-project/ping-pong-robot/ppr_ws/install/iiwa_description/share/iiwa_description/moveit2/iiwa_cartesian_limits.yaml
[0.420s] -- Installing: /home/dvij/ee206-project/ping-pong-robot/ppr_ws/install/iiwa_description/share/iiwa_description/moveit2/iiwa_moveit2_servo_config.yaml
[0.420s] -- Installing: /home/dvij/ee206-project/ping-pong-robot/ppr_ws/install/iiwa_description/share/iiwa_description/srdf
[0.420s] -- Installing: /home/dvij/ee206-project/ping-pong-robot/ppr_ws/install/iiwa_description/share/iiwa_description/srdf/iiwa.srdf.xacro
[0.420s] -- Installing: /home/dvij/ee206-project/ping-pong-robot/ppr_ws/install/iiwa_description/share/iiwa_description/srdf/iiwa_macro.srdf.xacro
[0.420s] -- Installing: /home/dvij/ee206-project/ping-pong-robot/ppr_ws/install/iiwa_description/share/ament_index/resource_index/package_run_dependencies/iiwa_description
[0.421s] -- Installing: /home/dvij/ee206-project/ping-pong-robot/ppr_ws/install/iiwa_description/share/ament_index/resource_index/parent_prefix_path/iiwa_description
[0.421s] -- Installing: /home/dvij/ee206-project/ping-pong-robot/ppr_ws/install/iiwa_description/share/iiwa_description/environment/ament_prefix_path.sh
[0.421s] -- Installing: /home/dvij/ee206-project/ping-pong-robot/ppr_ws/install/iiwa_description/share/iiwa_description/environment/ament_prefix_path.dsv
[0.421s] -- Installing: /home/dvij/ee206-project/ping-pong-robot/ppr_ws/install/iiwa_description/share/iiwa_description/environment/path.sh
[0.421s] -- Installing: /home/dvij/ee206-project/ping-pong-robot/ppr_ws/install/iiwa_description/share/iiwa_description/environment/path.dsv
[0.421s] -- Installing: /home/dvij/ee206-project/ping-pong-robot/ppr_ws/install/iiwa_description/share/iiwa_description/local_setup.bash
[0.421s] -- Installing: /home/dvij/ee206-project/ping-pong-robot/ppr_ws/install/iiwa_description/share/iiwa_description/local_setup.sh
[0.421s] -- Installing: /home/dvij/ee206-project/ping-pong-robot/ppr_ws/install/iiwa_description/share/iiwa_description/local_setup.zsh
[0.421s] -- Installing: /home/dvij/ee206-project/ping-pong-robot/ppr_ws/install/iiwa_description/share/iiwa_description/local_setup.dsv
[0.421s] -- Installing: /home/dvij/ee206-project/ping-pong-robot/ppr_ws/install/iiwa_description/share/iiwa_description/package.dsv
[0.421s] -- Installing: /home/dvij/ee206-project/ping-pong-robot/ppr_ws/install/iiwa_description/share/ament_index/resource_index/packages/iiwa_description
[0.421s] -- Installing: /home/dvij/ee206-project/ping-pong-robot/ppr_ws/install/iiwa_description/share/iiwa_description/cmake/iiwa_descriptionConfig.cmake
[0.421s] -- Installing: /home/dvij/ee206-project/ping-pong-robot/ppr_ws/install/iiwa_description/share/iiwa_description/cmake/iiwa_descriptionConfig-version.cmake
[0.422s] -- Installing: /home/dvij/ee206-project/ping-pong-robot/ppr_ws/install/iiwa_description/share/iiwa_description/package.xml
[0.424s] Invoked command in '/home/dvij/ee206-project/ping-pong-robot/ppr_ws/build/iiwa_description' returned '0': CMAKE_PREFIX_PATH=/opt/ros/galactic:${CMAKE_PREFIX_PATH} CONDA_PROMPT_MODIFIER=(base) /usr/local/bin/cmake --install /home/dvij/ee206-project/ping-pong-robot/ppr_ws/build/iiwa_description
