[0.617s] Invoking command in '/home/pingpongproject/code/ping-pong-robot/lbr_fri_ros2_stack_ws_foxy2/src/lbr_fri_ros2_stack/control/workspace_controller': PYTHONPATH=/home/pingpongproject/code/ping-pong-robot/lbr_fri_ros2_stack_ws_foxy2/build/workspace_controller/prefix_override:/home/pingpongproject/code/ping-pong-robot/lbr_fri_ros2_stack_ws_foxy2/install/workspace_controller/lib/python3.8/site-packages:${PYTHONPATH} /usr/bin/python3 setup.py egg_info --egg-base ../../../../build/workspace_controller build --build-base /home/pingpongproject/code/ping-pong-robot/lbr_fri_ros2_stack_ws_foxy2/build/workspace_controller/build install --record /home/pingpongproject/code/ping-pong-robot/lbr_fri_ros2_stack_ws_foxy2/build/workspace_controller/install.log --install-scripts $base/lib/workspace_controller --single-version-externally-managed
[0.773s] running egg_info
[0.773s] writing ../../../../build/workspace_controller/workspace_controller.egg-info/PKG-INFO
[0.773s] writing dependency_links to ../../../../build/workspace_controller/workspace_controller.egg-info/dependency_links.txt
[0.773s] writing entry points to ../../../../build/workspace_controller/workspace_controller.egg-info/entry_points.txt
[0.773s] writing requirements to ../../../../build/workspace_controller/workspace_controller.egg-info/requires.txt
[0.773s] writing top-level names to ../../../../build/workspace_controller/workspace_controller.egg-info/top_level.txt
[1.036s] reading manifest file '../../../../build/workspace_controller/workspace_controller.egg-info/SOURCES.txt'
[1.037s] writing manifest file '../../../../build/workspace_controller/workspace_controller.egg-info/SOURCES.txt'
[1.037s] running build
[1.037s] running build_py
[1.037s] copying workspace_controller/controller.py -> /home/pingpongproject/code/ping-pong-robot/lbr_fri_ros2_stack_ws_foxy2/build/workspace_controller/build/lib/workspace_controller
[1.037s] running install
[1.038s] running install_lib
[1.039s] copying /home/pingpongproject/code/ping-pong-robot/lbr_fri_ros2_stack_ws_foxy2/build/workspace_controller/build/lib/workspace_controller/controller.py -> /home/pingpongproject/code/ping-pong-robot/lbr_fri_ros2_stack_ws_foxy2/install/workspace_controller/lib/python3.8/site-packages/workspace_controller
[1.039s] byte-compiling /home/pingpongproject/code/ping-pong-robot/lbr_fri_ros2_stack_ws_foxy2/install/workspace_controller/lib/python3.8/site-packages/workspace_controller/controller.py to controller.cpython-38.pyc
[1.040s] running install_data
[1.040s] running install_egg_info
[1.041s] removing '/home/pingpongproject/code/ping-pong-robot/lbr_fri_ros2_stack_ws_foxy2/install/workspace_controller/lib/python3.8/site-packages/workspace_controller-0.0.0-py3.8.egg-info' (and everything under it)
[1.041s] Copying ../../../../build/workspace_controller/workspace_controller.egg-info to /home/pingpongproject/code/ping-pong-robot/lbr_fri_ros2_stack_ws_foxy2/install/workspace_controller/lib/python3.8/site-packages/workspace_controller-0.0.0-py3.8.egg-info
[1.041s] running install_scripts
[1.050s] Installing control_node script to /home/pingpongproject/code/ping-pong-robot/lbr_fri_ros2_stack_ws_foxy2/install/workspace_controller/lib/workspace_controller
[1.050s] writing list of installed files to '/home/pingpongproject/code/ping-pong-robot/lbr_fri_ros2_stack_ws_foxy2/build/workspace_controller/install.log'
[1.063s] Invoked command in '/home/pingpongproject/code/ping-pong-robot/lbr_fri_ros2_stack_ws_foxy2/src/lbr_fri_ros2_stack/control/workspace_controller' returned '0': PYTHONPATH=/home/pingpongproject/code/ping-pong-robot/lbr_fri_ros2_stack_ws_foxy2/build/workspace_controller/prefix_override:/home/pingpongproject/code/ping-pong-robot/lbr_fri_ros2_stack_ws_foxy2/install/workspace_controller/lib/python3.8/site-packages:${PYTHONPATH} /usr/bin/python3 setup.py egg_info --egg-base ../../../../build/workspace_controller build --build-base /home/pingpongproject/code/ping-pong-robot/lbr_fri_ros2_stack_ws_foxy2/build/workspace_controller/build install --record /home/pingpongproject/code/ping-pong-robot/lbr_fri_ros2_stack_ws_foxy2/build/workspace_controller/install.log --install-scripts $base/lib/workspace_controller --single-version-externally-managed
