[0.007s] Invoking command in '/home/dvij/ee206-project/ping-pong-robot/vision_tracking/ros2_ws/src/build/camera_feed': AMENT_PREFIX_PATH=/home/dvij/ee206-project/ping-pong-robot/vision_tracking/ros2_ws/src/install/my_sync_package:/home/dvij/ee206-project/ping-pong-robot/vision_tracking/ros2_ws/src/install/interface:${AMENT_PREFIX_PATH} CMAKE_PREFIX_PATH=/home/dvij/ee206-project/ping-pong-robot/vision_tracking/ros2_ws/src/install/my_sync_package:/home/dvij/ee206-project/ping-pong-robot/vision_tracking/ros2_ws/src/install/interface:/opt/ros/foxy LD_LIBRARY_PATH=/home/dvij/ee206-project/ping-pong-robot/vision_tracking/ros2_ws/src/install/interface/lib:${LD_LIBRARY_PATH} PYTHONPATH=/home/dvij/ee206-project/ping-pong-robot/vision_tracking/ros2_ws/src/install/interface/lib/python3.8/site-packages:${PYTHONPATH} /usr/local/bin/cmake --build /home/dvij/ee206-project/ping-pong-robot/vision_tracking/ros2_ws/src/build/camera_feed -- -j20 -l20
[0.023s] [ 20%] [32mBuilding CXX object CMakeFiles/synchronized_image_subscriber.dir/src/synchronized_image_subscriber.cpp.o[0m
[0.024s] [ 40%] [32mBuilding CXX object CMakeFiles/image_publisher.dir/src/image_publisher.cpp.o[0m
[2.486s] [ 60%] [32m[1mLinking CXX executable image_publisher[0m
[2.618s] [ 80%] Built target image_publisher
[3.658s] [100%] [32m[1mLinking CXX executable synchronized_image_subscriber[0m
[3.996s] [100%] Built target synchronized_image_subscriber
[4.001s] Invoked command in '/home/dvij/ee206-project/ping-pong-robot/vision_tracking/ros2_ws/src/build/camera_feed' returned '0': AMENT_PREFIX_PATH=/home/dvij/ee206-project/ping-pong-robot/vision_tracking/ros2_ws/src/install/my_sync_package:/home/dvij/ee206-project/ping-pong-robot/vision_tracking/ros2_ws/src/install/interface:${AMENT_PREFIX_PATH} CMAKE_PREFIX_PATH=/home/dvij/ee206-project/ping-pong-robot/vision_tracking/ros2_ws/src/install/my_sync_package:/home/dvij/ee206-project/ping-pong-robot/vision_tracking/ros2_ws/src/install/interface:/opt/ros/foxy LD_LIBRARY_PATH=/home/dvij/ee206-project/ping-pong-robot/vision_tracking/ros2_ws/src/install/interface/lib:${LD_LIBRARY_PATH} PYTHONPATH=/home/dvij/ee206-project/ping-pong-robot/vision_tracking/ros2_ws/src/install/interface/lib/python3.8/site-packages:${PYTHONPATH} /usr/local/bin/cmake --build /home/dvij/ee206-project/ping-pong-robot/vision_tracking/ros2_ws/src/build/camera_feed -- -j20 -l20
[4.011s] Invoking command in '/home/dvij/ee206-project/ping-pong-robot/vision_tracking/ros2_ws/src/build/camera_feed': AMENT_PREFIX_PATH=/home/dvij/ee206-project/ping-pong-robot/vision_tracking/ros2_ws/src/install/my_sync_package:/home/dvij/ee206-project/ping-pong-robot/vision_tracking/ros2_ws/src/install/interface:${AMENT_PREFIX_PATH} CMAKE_PREFIX_PATH=/home/dvij/ee206-project/ping-pong-robot/vision_tracking/ros2_ws/src/install/my_sync_package:/home/dvij/ee206-project/ping-pong-robot/vision_tracking/ros2_ws/src/install/interface:/opt/ros/foxy LD_LIBRARY_PATH=/home/dvij/ee206-project/ping-pong-robot/vision_tracking/ros2_ws/src/install/interface/lib:${LD_LIBRARY_PATH} PYTHONPATH=/home/dvij/ee206-project/ping-pong-robot/vision_tracking/ros2_ws/src/install/interface/lib/python3.8/site-packages:${PYTHONPATH} /usr/local/bin/cmake --install /home/dvij/ee206-project/ping-pong-robot/vision_tracking/ros2_ws/src/build/camera_feed
[4.012s] -- Install configuration: ""
[4.012s] -- Installing: /home/dvij/ee206-project/ping-pong-robot/vision_tracking/ros2_ws/src/install/camera_feed/lib/camera_feed/image_publisher
[4.013s] -- Set non-toolchain portion of runtime path of "/home/dvij/ee206-project/ping-pong-robot/vision_tracking/ros2_ws/src/install/camera_feed/lib/camera_feed/image_publisher" to ""
[4.014s] -- Installing: /home/dvij/ee206-project/ping-pong-robot/vision_tracking/ros2_ws/src/install/camera_feed/lib/camera_feed/synchronized_image_subscriber
[4.015s] -- Set non-toolchain portion of runtime path of "/home/dvij/ee206-project/ping-pong-robot/vision_tracking/ros2_ws/src/install/camera_feed/lib/camera_feed/synchronized_image_subscriber" to ""
[4.015s] -- Up-to-date: /home/dvij/ee206-project/ping-pong-robot/vision_tracking/ros2_ws/src/install/camera_feed/share/camera_feed/launch
[4.016s] -- Up-to-date: /home/dvij/ee206-project/ping-pong-robot/vision_tracking/ros2_ws/src/install/camera_feed/share/camera_feed/launch/camera_feed.py
[4.016s] -- Up-to-date: /home/dvij/ee206-project/ping-pong-robot/vision_tracking/ros2_ws/src/install/camera_feed/share/ament_index/resource_index/package_run_dependencies/camera_feed
[4.016s] -- Up-to-date: /home/dvij/ee206-project/ping-pong-robot/vision_tracking/ros2_ws/src/install/camera_feed/share/ament_index/resource_index/parent_prefix_path/camera_feed
[4.016s] -- Up-to-date: /home/dvij/ee206-project/ping-pong-robot/vision_tracking/ros2_ws/src/install/camera_feed/share/camera_feed/environment/ament_prefix_path.sh
[4.016s] -- Up-to-date: /home/dvij/ee206-project/ping-pong-robot/vision_tracking/ros2_ws/src/install/camera_feed/share/camera_feed/environment/ament_prefix_path.dsv
[4.016s] -- Up-to-date: /home/dvij/ee206-project/ping-pong-robot/vision_tracking/ros2_ws/src/install/camera_feed/share/camera_feed/environment/path.sh
[4.016s] -- Up-to-date: /home/dvij/ee206-project/ping-pong-robot/vision_tracking/ros2_ws/src/install/camera_feed/share/camera_feed/environment/path.dsv
[4.016s] -- Up-to-date: /home/dvij/ee206-project/ping-pong-robot/vision_tracking/ros2_ws/src/install/camera_feed/share/camera_feed/local_setup.bash
[4.016s] -- Up-to-date: /home/dvij/ee206-project/ping-pong-robot/vision_tracking/ros2_ws/src/install/camera_feed/share/camera_feed/local_setup.sh
[4.016s] -- Up-to-date: /home/dvij/ee206-project/ping-pong-robot/vision_tracking/ros2_ws/src/install/camera_feed/share/camera_feed/local_setup.zsh
[4.016s] -- Up-to-date: /home/dvij/ee206-project/ping-pong-robot/vision_tracking/ros2_ws/src/install/camera_feed/share/camera_feed/local_setup.dsv
[4.016s] -- Installing: /home/dvij/ee206-project/ping-pong-robot/vision_tracking/ros2_ws/src/install/camera_feed/share/camera_feed/package.dsv
[4.016s] -- Up-to-date: /home/dvij/ee206-project/ping-pong-robot/vision_tracking/ros2_ws/src/install/camera_feed/share/ament_index/resource_index/packages/camera_feed
[4.016s] -- Up-to-date: /home/dvij/ee206-project/ping-pong-robot/vision_tracking/ros2_ws/src/install/camera_feed/share/camera_feed/cmake/camera_feedConfig.cmake
[4.016s] -- Up-to-date: /home/dvij/ee206-project/ping-pong-robot/vision_tracking/ros2_ws/src/install/camera_feed/share/camera_feed/cmake/camera_feedConfig-version.cmake
[4.016s] -- Up-to-date: /home/dvij/ee206-project/ping-pong-robot/vision_tracking/ros2_ws/src/install/camera_feed/share/camera_feed/package.xml
[4.017s] Invoked command in '/home/dvij/ee206-project/ping-pong-robot/vision_tracking/ros2_ws/src/build/camera_feed' returned '0': AMENT_PREFIX_PATH=/home/dvij/ee206-project/ping-pong-robot/vision_tracking/ros2_ws/src/install/my_sync_package:/home/dvij/ee206-project/ping-pong-robot/vision_tracking/ros2_ws/src/install/interface:${AMENT_PREFIX_PATH} CMAKE_PREFIX_PATH=/home/dvij/ee206-project/ping-pong-robot/vision_tracking/ros2_ws/src/install/my_sync_package:/home/dvij/ee206-project/ping-pong-robot/vision_tracking/ros2_ws/src/install/interface:/opt/ros/foxy LD_LIBRARY_PATH=/home/dvij/ee206-project/ping-pong-robot/vision_tracking/ros2_ws/src/install/interface/lib:${LD_LIBRARY_PATH} PYTHONPATH=/home/dvij/ee206-project/ping-pong-robot/vision_tracking/ros2_ws/src/install/interface/lib/python3.8/site-packages:${PYTHONPATH} /usr/local/bin/cmake --install /home/dvij/ee206-project/ping-pong-robot/vision_tracking/ros2_ws/src/build/camera_feed
