[0.762s] Invoking command in '/home/pingpongproject/code/ping-pong-robot/lbr_fri_ros2_stack_ws_foxy2/src/lbr_fri_ros2_stack/vision/visual_servo': PYTHONPATH=/home/pingpongproject/code/ping-pong-robot/lbr_fri_ros2_stack_ws_foxy2/build/visual_servo/prefix_override:/home/pingpongproject/code/ping-pong-robot/lbr_fri_ros2_stack_ws_foxy2/install/visual_servo/lib/python3.8/site-packages:${PYTHONPATH} /usr/bin/python3 setup.py egg_info --egg-base ../../../../build/visual_servo build --build-base /home/pingpongproject/code/ping-pong-robot/lbr_fri_ros2_stack_ws_foxy2/build/visual_servo/build install --record /home/pingpongproject/code/ping-pong-robot/lbr_fri_ros2_stack_ws_foxy2/build/visual_servo/install.log --install-scripts $base/lib/visual_servo --single-version-externally-managed
[0.918s] running egg_info
[0.919s] writing ../../../../build/visual_servo/visual_servo.egg-info/PKG-INFO
[0.919s] writing dependency_links to ../../../../build/visual_servo/visual_servo.egg-info/dependency_links.txt
[0.919s] writing entry points to ../../../../build/visual_servo/visual_servo.egg-info/entry_points.txt
[0.919s] writing requirements to ../../../../build/visual_servo/visual_servo.egg-info/requires.txt
[0.919s] writing top-level names to ../../../../build/visual_servo/visual_servo.egg-info/top_level.txt
[1.200s] reading manifest file '../../../../build/visual_servo/visual_servo.egg-info/SOURCES.txt'
[1.200s] writing manifest file '../../../../build/visual_servo/visual_servo.egg-info/SOURCES.txt'
[1.201s] running build
[1.201s] running build_py
[1.201s] copying visual_servo/visual_servo_node.py -> /home/pingpongproject/code/ping-pong-robot/lbr_fri_ros2_stack_ws_foxy2/build/visual_servo/build/lib/visual_servo
[1.201s] running install
[1.202s] running install_lib
[1.202s] copying /home/pingpongproject/code/ping-pong-robot/lbr_fri_ros2_stack_ws_foxy2/build/visual_servo/build/lib/visual_servo/visual_servo_node.py -> /home/pingpongproject/code/ping-pong-robot/lbr_fri_ros2_stack_ws_foxy2/install/visual_servo/lib/python3.8/site-packages/visual_servo
[1.203s] byte-compiling /home/pingpongproject/code/ping-pong-robot/lbr_fri_ros2_stack_ws_foxy2/install/visual_servo/lib/python3.8/site-packages/visual_servo/visual_servo_node.py to visual_servo_node.cpython-38.pyc
[1.203s] running install_data
[1.203s] running install_egg_info
[1.204s] removing '/home/pingpongproject/code/ping-pong-robot/lbr_fri_ros2_stack_ws_foxy2/install/visual_servo/lib/python3.8/site-packages/visual_servo-0.0.0-py3.8.egg-info' (and everything under it)
[1.204s] Copying ../../../../build/visual_servo/visual_servo.egg-info to /home/pingpongproject/code/ping-pong-robot/lbr_fri_ros2_stack_ws_foxy2/install/visual_servo/lib/python3.8/site-packages/visual_servo-0.0.0-py3.8.egg-info
[1.204s] running install_scripts
[1.213s] Installing visual_servo script to /home/pingpongproject/code/ping-pong-robot/lbr_fri_ros2_stack_ws_foxy2/install/visual_servo/lib/visual_servo
[1.213s] writing list of installed files to '/home/pingpongproject/code/ping-pong-robot/lbr_fri_ros2_stack_ws_foxy2/build/visual_servo/install.log'
[1.227s] Invoked command in '/home/pingpongproject/code/ping-pong-robot/lbr_fri_ros2_stack_ws_foxy2/src/lbr_fri_ros2_stack/vision/visual_servo' returned '0': PYTHONPATH=/home/pingpongproject/code/ping-pong-robot/lbr_fri_ros2_stack_ws_foxy2/build/visual_servo/prefix_override:/home/pingpongproject/code/ping-pong-robot/lbr_fri_ros2_stack_ws_foxy2/install/visual_servo/lib/python3.8/site-packages:${PYTHONPATH} /usr/bin/python3 setup.py egg_info --egg-base ../../../../build/visual_servo build --build-base /home/pingpongproject/code/ping-pong-robot/lbr_fri_ros2_stack_ws_foxy2/build/visual_servo/build install --record /home/pingpongproject/code/ping-pong-robot/lbr_fri_ros2_stack_ws_foxy2/build/visual_servo/install.log --install-scripts $base/lib/visual_servo --single-version-externally-managed
