-- The C compiler identification is GNU 9.4.0
-- The CXX compiler identification is GNU 9.4.0
-- Detecting C compiler ABI info
-- Detecting C compiler ABI info - done
-- Check for working C compiler: /usr/bin/cc - skipped
-- Detecting C compile features
-- Detecting C compile features - done
-- Detecting CXX compiler ABI info
-- Detecting CXX compiler ABI info - done
-- Check for working CXX compiler: /usr/bin/c++ - skipped
-- Detecting CXX compile features
-- Detecting CXX compile features - done
-- Found ament_cmake: 0.9.12 (/opt/ros/foxy/share/ament_cmake/cmake)
-- Found PythonInterp: /usr/bin/python3 (found suitable version "3.8.10", minimum required is "3")
-- Using PYTHON_EXECUTABLE: /usr/bin/python3
-- Found rclcpp: 2.4.3 (/opt/ros/foxy/share/rclcpp/cmake)
-- Using all available rosidl_typesupport_c: rosidl_typesupport_fastrtps_c;rosidl_typesupport_introspection_c
-- Found rosidl_adapter: 1.3.1 (/opt/ros/foxy/share/rosidl_adapter/cmake)
-- Found OpenSSL: /usr/lib/x86_64-linux-gnu/libcrypto.so (found version "1.1.1f")
-- Found FastRTPS: /opt/ros/foxy/include
-- Using all available rosidl_typesupport_cpp: rosidl_typesupport_fastrtps_cpp;rosidl_typesupport_introspection_cpp
-- Found rmw_implementation_cmake: 1.0.4 (/opt/ros/foxy/share/rmw_implementation_cmake/cmake)
-- Using RMW implementation 'rmw_fastrtps_cpp' as default
-- Performing Test CMAKE_HAVE_LIBC_PTHREAD
-- Performing Test CMAKE_HAVE_LIBC_PTHREAD - Failed
-- Looking for pthread_create in pthreads
-- Looking for pthread_create in pthreads - not found
-- Looking for pthread_create in pthread
-- Looking for pthread_create in pthread - found
-- Found Threads: TRUE
-- Found message_filters: 3.2.7 (/opt/ros/foxy/share/message_filters/cmake)
-- Configuring done (0.7s)
-- Generating done (0.0s)
-- Build files have been written to: /home/dvij/ee206-project/ping-pong-robot/vision_tracking/build/my_sync_package
[ 50%] [32mBuilding CXX object CMakeFiles/multi_subscriber.dir/src/multi_subscriber.cpp.o[0m
[ 50%] [32mBuilding CXX object CMakeFiles/multi_publisher.dir/src/multi_publisher.cpp.o[0m
[ 50%] [32mBuilding CXX object CMakeFiles/example_custom_synchronizer.dir/src/example_custom_synchronizer.cpp.o[0m
[ 66%] [32m[1mLinking CXX executable multi_publisher[0m
[ 66%] Built target multi_publisher
[ 83%] [32m[1mLinking CXX executable example_custom_synchronizer[0m
[ 83%] Built target example_custom_synchronizer
[100%] [32m[1mLinking CXX executable multi_subscriber[0m
[100%] Built target multi_subscriber
-- Install configuration: ""
-- Installing: /home/dvij/ee206-project/ping-pong-robot/vision_tracking/install/my_sync_package/lib/my_sync_package/multi_publisher
-- Set non-toolchain portion of runtime path of "/home/dvij/ee206-project/ping-pong-robot/vision_tracking/install/my_sync_package/lib/my_sync_package/multi_publisher" to ""
-- Installing: /home/dvij/ee206-project/ping-pong-robot/vision_tracking/install/my_sync_package/lib/my_sync_package/multi_subscriber
-- Set non-toolchain portion of runtime path of "/home/dvij/ee206-project/ping-pong-robot/vision_tracking/install/my_sync_package/lib/my_sync_package/multi_subscriber" to ""
-- Installing: /home/dvij/ee206-project/ping-pong-robot/vision_tracking/install/my_sync_package/lib/my_sync_package/example_custom_synchronizer
-- Set non-toolchain portion of runtime path of "/home/dvij/ee206-project/ping-pong-robot/vision_tracking/install/my_sync_package/lib/my_sync_package/example_custom_synchronizer" to ""
-- Installing: /home/dvij/ee206-project/ping-pong-robot/vision_tracking/install/my_sync_package/share/my_sync_package/launch
-- Installing: /home/dvij/ee206-project/ping-pong-robot/vision_tracking/install/my_sync_package/share/my_sync_package/launch/multi_publisher_synchronizer_launch.py
-- Installing: /home/dvij/ee206-project/ping-pong-robot/vision_tracking/install/my_sync_package/share/ament_index/resource_index/package_run_dependencies/my_sync_package
-- Installing: /home/dvij/ee206-project/ping-pong-robot/vision_tracking/install/my_sync_package/share/ament_index/resource_index/parent_prefix_path/my_sync_package
-- Installing: /home/dvij/ee206-project/ping-pong-robot/vision_tracking/install/my_sync_package/share/my_sync_package/environment/ament_prefix_path.sh
-- Installing: /home/dvij/ee206-project/ping-pong-robot/vision_tracking/install/my_sync_package/share/my_sync_package/environment/ament_prefix_path.dsv
-- Installing: /home/dvij/ee206-project/ping-pong-robot/vision_tracking/install/my_sync_package/share/my_sync_package/environment/path.sh
-- Installing: /home/dvij/ee206-project/ping-pong-robot/vision_tracking/install/my_sync_package/share/my_sync_package/environment/path.dsv
-- Installing: /home/dvij/ee206-project/ping-pong-robot/vision_tracking/install/my_sync_package/share/my_sync_package/local_setup.bash
-- Installing: /home/dvij/ee206-project/ping-pong-robot/vision_tracking/install/my_sync_package/share/my_sync_package/local_setup.sh
-- Installing: /home/dvij/ee206-project/ping-pong-robot/vision_tracking/install/my_sync_package/share/my_sync_package/local_setup.zsh
-- Installing: /home/dvij/ee206-project/ping-pong-robot/vision_tracking/install/my_sync_package/share/my_sync_package/local_setup.dsv
-- Installing: /home/dvij/ee206-project/ping-pong-robot/vision_tracking/install/my_sync_package/share/my_sync_package/package.dsv
-- Installing: /home/dvij/ee206-project/ping-pong-robot/vision_tracking/install/my_sync_package/share/ament_index/resource_index/packages/my_sync_package
-- Installing: /home/dvij/ee206-project/ping-pong-robot/vision_tracking/install/my_sync_package/share/my_sync_package/cmake/ament_cmake_export_dependencies-extras.cmake
-- Installing: /home/dvij/ee206-project/ping-pong-robot/vision_tracking/install/my_sync_package/share/my_sync_package/cmake/my_sync_packageConfig.cmake
-- Installing: /home/dvij/ee206-project/ping-pong-robot/vision_tracking/install/my_sync_package/share/my_sync_package/cmake/my_sync_packageConfig-version.cmake
-- Installing: /home/dvij/ee206-project/ping-pong-robot/vision_tracking/install/my_sync_package/share/my_sync_package/package.xml
