[0.011s] Invoking command in '/home/dvij/ee206-project/ping-pong-robot/vision_tracking/ros2_ws/build/my_sync_package': CMAKE_PREFIX_PATH=/opt/ros/foxy /usr/local/bin/cmake --build /home/dvij/ee206-project/ping-pong-robot/vision_tracking/ros2_ws/build/my_sync_package -- -j20 -l20
[0.175s] [ 50%] Built target multi_publisher
[0.175s] [ 66%] Built target multi_subscriber
[0.175s] [100%] Built target example_custom_synchronizer
[0.175s] Invoked command in '/home/dvij/ee206-project/ping-pong-robot/vision_tracking/ros2_ws/build/my_sync_package' returned '0': CMAKE_PREFIX_PATH=/opt/ros/foxy /usr/local/bin/cmake --build /home/dvij/ee206-project/ping-pong-robot/vision_tracking/ros2_ws/build/my_sync_package -- -j20 -l20
[0.186s] Invoking command in '/home/dvij/ee206-project/ping-pong-robot/vision_tracking/ros2_ws/build/my_sync_package': CMAKE_PREFIX_PATH=/opt/ros/foxy /usr/local/bin/cmake --install /home/dvij/ee206-project/ping-pong-robot/vision_tracking/ros2_ws/build/my_sync_package
[0.188s] -- Install configuration: ""
[0.188s] -- Up-to-date: /home/dvij/ee206-project/ping-pong-robot/vision_tracking/ros2_ws/install/my_sync_package/lib/my_sync_package/multi_publisher
[0.188s] -- Up-to-date: /home/dvij/ee206-project/ping-pong-robot/vision_tracking/ros2_ws/install/my_sync_package/lib/my_sync_package/multi_subscriber
[0.188s] -- Up-to-date: /home/dvij/ee206-project/ping-pong-robot/vision_tracking/ros2_ws/install/my_sync_package/lib/my_sync_package/example_custom_synchronizer
[0.188s] -- Up-to-date: /home/dvij/ee206-project/ping-pong-robot/vision_tracking/ros2_ws/install/my_sync_package/share/my_sync_package/launch
[0.188s] -- Up-to-date: /home/dvij/ee206-project/ping-pong-robot/vision_tracking/ros2_ws/install/my_sync_package/share/my_sync_package/launch/multi_publisher_synchronizer_launch.py
[0.188s] -- Up-to-date: /home/dvij/ee206-project/ping-pong-robot/vision_tracking/ros2_ws/install/my_sync_package/share/ament_index/resource_index/package_run_dependencies/my_sync_package
[0.189s] -- Up-to-date: /home/dvij/ee206-project/ping-pong-robot/vision_tracking/ros2_ws/install/my_sync_package/share/ament_index/resource_index/parent_prefix_path/my_sync_package
[0.189s] -- Up-to-date: /home/dvij/ee206-project/ping-pong-robot/vision_tracking/ros2_ws/install/my_sync_package/share/my_sync_package/environment/ament_prefix_path.sh
[0.189s] -- Up-to-date: /home/dvij/ee206-project/ping-pong-robot/vision_tracking/ros2_ws/install/my_sync_package/share/my_sync_package/environment/ament_prefix_path.dsv
[0.189s] -- Up-to-date: /home/dvij/ee206-project/ping-pong-robot/vision_tracking/ros2_ws/install/my_sync_package/share/my_sync_package/environment/path.sh
[0.189s] -- Up-to-date: /home/dvij/ee206-project/ping-pong-robot/vision_tracking/ros2_ws/install/my_sync_package/share/my_sync_package/environment/path.dsv
[0.189s] -- Up-to-date: /home/dvij/ee206-project/ping-pong-robot/vision_tracking/ros2_ws/install/my_sync_package/share/my_sync_package/local_setup.bash
[0.189s] -- Up-to-date: /home/dvij/ee206-project/ping-pong-robot/vision_tracking/ros2_ws/install/my_sync_package/share/my_sync_package/local_setup.sh
[0.189s] -- Up-to-date: /home/dvij/ee206-project/ping-pong-robot/vision_tracking/ros2_ws/install/my_sync_package/share/my_sync_package/local_setup.zsh
[0.189s] -- Up-to-date: /home/dvij/ee206-project/ping-pong-robot/vision_tracking/ros2_ws/install/my_sync_package/share/my_sync_package/local_setup.dsv
[0.189s] -- Installing: /home/dvij/ee206-project/ping-pong-robot/vision_tracking/ros2_ws/install/my_sync_package/share/my_sync_package/package.dsv
[0.189s] -- Up-to-date: /home/dvij/ee206-project/ping-pong-robot/vision_tracking/ros2_ws/install/my_sync_package/share/ament_index/resource_index/packages/my_sync_package
[0.190s] -- Up-to-date: /home/dvij/ee206-project/ping-pong-robot/vision_tracking/ros2_ws/install/my_sync_package/share/my_sync_package/cmake/ament_cmake_export_dependencies-extras.cmake
[0.190s] -- Up-to-date: /home/dvij/ee206-project/ping-pong-robot/vision_tracking/ros2_ws/install/my_sync_package/share/my_sync_package/cmake/my_sync_packageConfig.cmake
[0.190s] -- Up-to-date: /home/dvij/ee206-project/ping-pong-robot/vision_tracking/ros2_ws/install/my_sync_package/share/my_sync_package/cmake/my_sync_packageConfig-version.cmake
[0.190s] -- Up-to-date: /home/dvij/ee206-project/ping-pong-robot/vision_tracking/ros2_ws/install/my_sync_package/share/my_sync_package/package.xml
[0.190s] Invoked command in '/home/dvij/ee206-project/ping-pong-robot/vision_tracking/ros2_ws/build/my_sync_package' returned '0': CMAKE_PREFIX_PATH=/opt/ros/foxy /usr/local/bin/cmake --install /home/dvij/ee206-project/ping-pong-robot/vision_tracking/ros2_ws/build/my_sync_package
