[0.149s] DEBUG:colcon:Command line arguments: ['/usr/bin/colcon', 'build', '--packages-select', 'camera_feed']
[0.149s] DEBUG:colcon:Parsed command line arguments: Namespace(allow_overriding=[], ament_cmake_args=None, base_paths=['.'], build_base='build', catkin_cmake_args=None, catkin_skip_building_tests=False, cmake_args=None, cmake_clean_cache=False, cmake_clean_first=False, cmake_force_configure=False, cmake_target=None, cmake_target_skip_unavailable=False, continue_on_error=False, event_handlers=None, executor='parallel', ignore_user_meta=False, install_base='install', log_base=None, log_level=None, main=<bound method BuildVerb.main of <colcon_core.verb.build.BuildVerb object at 0x7f2b0b8ea100>>, merge_install=False, metas=['./colcon.meta'], mixin=None, mixin_files=None, mixin_verb=('build',), packages_above=None, packages_above_and_dependencies=None, packages_above_depth=None, packages_end=None, packages_ignore=None, packages_ignore_regex=None, packages_select=['camera_feed'], packages_select_build_failed=False, packages_select_by_dep=None, packages_select_regex=None, packages_select_test_failures=False, packages_skip=None, packages_skip_build_finished=False, packages_skip_by_dep=None, packages_skip_regex=None, packages_skip_test_passed=False, packages_skip_up_to=None, packages_start=None, packages_up_to=None, packages_up_to_regex=None, parallel_workers=20, paths=None, symlink_install=False, test_result_base=None, verb_extension=<colcon_core.verb.build.BuildVerb object at 0x7f2b0b8ea100>, verb_name='build', verb_parser=<colcon_mixin.mixin.mixin_argument.MixinArgumentDecorator object at 0x7f2b0b8ea820>)
[0.176s] Level 1:colcon.colcon_core.package_discovery:discover_packages(colcon_meta) check parameters
[0.176s] Level 1:colcon.colcon_core.package_discovery:discover_packages(recursive) check parameters
[0.176s] Level 1:colcon.colcon_core.package_discovery:discover_packages(ignore) check parameters
[0.176s] Level 1:colcon.colcon_core.package_discovery:discover_packages(path) check parameters
[0.176s] Level 1:colcon.colcon_core.package_discovery:discover_packages(colcon_meta) discover
[0.176s] Level 1:colcon.colcon_core.package_discovery:discover_packages(recursive) discover
[0.176s] INFO:colcon.colcon_core.package_discovery:Crawling recursively for packages in '/home/dvij/ee206-project/ping-pong-robot/ros2_ws/src'
[0.176s] Level 1:colcon.colcon_core.package_identification:_identify(.) by extensions ['ignore', 'ignore_ament_install']
[0.176s] Level 1:colcon.colcon_core.package_identification:_identify(.) by extension 'ignore'
[0.176s] Level 1:colcon.colcon_core.package_identification:_identify(.) by extension 'ignore_ament_install'
[0.176s] Level 1:colcon.colcon_core.package_identification:_identify(.) by extensions ['colcon_pkg']
[0.176s] Level 1:colcon.colcon_core.package_identification:_identify(.) by extension 'colcon_pkg'
[0.176s] Level 1:colcon.colcon_core.package_identification:_identify(.) by extensions ['colcon_meta']
[0.176s] Level 1:colcon.colcon_core.package_identification:_identify(.) by extension 'colcon_meta'
[0.176s] Level 1:colcon.colcon_core.package_identification:_identify(.) by extensions ['ros']
[0.176s] Level 1:colcon.colcon_core.package_identification:_identify(.) by extension 'ros'
[0.184s] Level 1:colcon.colcon_core.package_identification:_identify(.) by extensions ['cmake', 'python']
[0.184s] Level 1:colcon.colcon_core.package_identification:_identify(.) by extension 'cmake'
[0.184s] Level 1:colcon.colcon_core.package_identification:_identify(.) by extension 'python'
[0.184s] Level 1:colcon.colcon_core.package_identification:_identify(.) by extensions ['python_setup_py']
[0.184s] Level 1:colcon.colcon_core.package_identification:_identify(.) by extension 'python_setup_py'
[0.184s] Level 1:colcon.colcon_core.package_identification:_identify(build) by extensions ['ignore', 'ignore_ament_install']
[0.184s] Level 1:colcon.colcon_core.package_identification:_identify(build) by extension 'ignore'
[0.184s] Level 1:colcon.colcon_core.package_identification:_identify(build) ignored
[0.184s] Level 1:colcon.colcon_core.package_identification:_identify(camera_feed) by extensions ['ignore', 'ignore_ament_install']
[0.184s] Level 1:colcon.colcon_core.package_identification:_identify(camera_feed) by extension 'ignore'
[0.185s] Level 1:colcon.colcon_core.package_identification:_identify(camera_feed) by extension 'ignore_ament_install'
[0.185s] Level 1:colcon.colcon_core.package_identification:_identify(camera_feed) by extensions ['colcon_pkg']
[0.185s] Level 1:colcon.colcon_core.package_identification:_identify(camera_feed) by extension 'colcon_pkg'
[0.185s] Level 1:colcon.colcon_core.package_identification:_identify(camera_feed) by extensions ['colcon_meta']
[0.185s] Level 1:colcon.colcon_core.package_identification:_identify(camera_feed) by extension 'colcon_meta'
[0.185s] Level 1:colcon.colcon_core.package_identification:_identify(camera_feed) by extensions ['ros']
[0.185s] Level 1:colcon.colcon_core.package_identification:_identify(camera_feed) by extension 'ros'
[0.186s] DEBUG:colcon.colcon_core.package_identification:Package 'camera_feed' with type 'ros.ament_python' and name 'camera_feed'
[0.186s] Level 1:colcon.colcon_core.package_identification:_identify(install) by extensions ['ignore', 'ignore_ament_install']
[0.186s] Level 1:colcon.colcon_core.package_identification:_identify(install) by extension 'ignore'
[0.186s] Level 1:colcon.colcon_core.package_identification:_identify(install) ignored
[0.186s] Level 1:colcon.colcon_core.package_identification:_identify(interface) by extensions ['ignore', 'ignore_ament_install']
[0.186s] Level 1:colcon.colcon_core.package_identification:_identify(interface) by extension 'ignore'
[0.187s] Level 1:colcon.colcon_core.package_identification:_identify(interface) by extension 'ignore_ament_install'
[0.187s] Level 1:colcon.colcon_core.package_identification:_identify(interface) by extensions ['colcon_pkg']
[0.187s] Level 1:colcon.colcon_core.package_identification:_identify(interface) by extension 'colcon_pkg'
[0.187s] Level 1:colcon.colcon_core.package_identification:_identify(interface) by extensions ['colcon_meta']
[0.187s] Level 1:colcon.colcon_core.package_identification:_identify(interface) by extension 'colcon_meta'
[0.187s] Level 1:colcon.colcon_core.package_identification:_identify(interface) by extensions ['ros']
[0.187s] Level 1:colcon.colcon_core.package_identification:_identify(interface) by extension 'ros'
[0.187s] DEBUG:colcon.colcon_core.package_identification:Package 'interface' with type 'ros.ament_cmake' and name 'interface'
[0.187s] Level 1:colcon.colcon_core.package_identification:_identify(log) by extensions ['ignore', 'ignore_ament_install']
[0.187s] Level 1:colcon.colcon_core.package_identification:_identify(log) by extension 'ignore'
[0.187s] Level 1:colcon.colcon_core.package_identification:_identify(log) ignored
[0.187s] Level 1:colcon.colcon_core.package_identification:_identify(my_sync_package) by extensions ['ignore', 'ignore_ament_install']
[0.187s] Level 1:colcon.colcon_core.package_identification:_identify(my_sync_package) by extension 'ignore'
[0.187s] Level 1:colcon.colcon_core.package_identification:_identify(my_sync_package) by extension 'ignore_ament_install'
[0.187s] Level 1:colcon.colcon_core.package_identification:_identify(my_sync_package) by extensions ['colcon_pkg']
[0.187s] Level 1:colcon.colcon_core.package_identification:_identify(my_sync_package) by extension 'colcon_pkg'
[0.187s] Level 1:colcon.colcon_core.package_identification:_identify(my_sync_package) by extensions ['colcon_meta']
[0.187s] Level 1:colcon.colcon_core.package_identification:_identify(my_sync_package) by extension 'colcon_meta'
[0.187s] Level 1:colcon.colcon_core.package_identification:_identify(my_sync_package) by extensions ['ros']
[0.187s] Level 1:colcon.colcon_core.package_identification:_identify(my_sync_package) by extension 'ros'
[0.188s] DEBUG:colcon.colcon_core.package_identification:Package 'my_sync_package' with type 'ros.ament_cmake' and name 'my_sync_package'
[0.188s] Level 1:colcon.colcon_core.package_discovery:discover_packages(recursive) using defaults
[0.188s] Level 1:colcon.colcon_core.package_discovery:discover_packages(ignore) discover
[0.188s] Level 1:colcon.colcon_core.package_discovery:discover_packages(ignore) using defaults
[0.188s] Level 1:colcon.colcon_core.package_discovery:discover_packages(path) discover
[0.188s] Level 1:colcon.colcon_core.package_discovery:discover_packages(path) using defaults
[0.198s] INFO:colcon.colcon_core.package_selection:Skipping not selected package 'interface' in 'interface'
[0.198s] INFO:colcon.colcon_core.package_selection:Skipping not selected package 'my_sync_package' in 'my_sync_package'
[0.199s] Level 1:colcon.colcon_core.package_discovery:discover_packages(prefix_path) check parameters
[0.199s] Level 1:colcon.colcon_core.package_discovery:discover_packages(prefix_path) discover
[0.200s] DEBUG:colcon.colcon_installed_package_information.package_discovery:Found 3 installed packages in /home/dvij/ee206-project/ping-pong-robot/ros2_ws/install
[0.200s] DEBUG:colcon.colcon_installed_package_information.package_discovery:Found 10 installed packages in /home/dvij/ee206-project/ping-pong-robot/ppr_ws/install
[0.201s] DEBUG:colcon.colcon_installed_package_information.package_discovery:Found 294 installed packages in /opt/ros/foxy
[0.202s] DEBUG:colcon.colcon_installed_package_information.package_discovery:Found 333 installed packages in /opt/ros/galactic
[0.207s] DEBUG:colcon.colcon_installed_package_information.package_discovery:Found 3 installed packages in /opt/ros/noetic
[0.207s] Level 1:colcon.colcon_core.package_discovery:discover_packages(prefix_path) using defaults
[0.261s] Level 5:colcon.colcon_core.verb:set package 'camera_feed' build argument 'cmake_args' from command line to 'None'
[0.261s] Level 5:colcon.colcon_core.verb:set package 'camera_feed' build argument 'cmake_target' from command line to 'None'
[0.261s] Level 5:colcon.colcon_core.verb:set package 'camera_feed' build argument 'cmake_target_skip_unavailable' from command line to 'False'
[0.261s] Level 5:colcon.colcon_core.verb:set package 'camera_feed' build argument 'cmake_clean_cache' from command line to 'False'
[0.261s] Level 5:colcon.colcon_core.verb:set package 'camera_feed' build argument 'cmake_clean_first' from command line to 'False'
[0.261s] Level 5:colcon.colcon_core.verb:set package 'camera_feed' build argument 'cmake_force_configure' from command line to 'False'
[0.261s] Level 5:colcon.colcon_core.verb:set package 'camera_feed' build argument 'ament_cmake_args' from command line to 'None'
[0.261s] Level 5:colcon.colcon_core.verb:set package 'camera_feed' build argument 'catkin_cmake_args' from command line to 'None'
[0.261s] Level 5:colcon.colcon_core.verb:set package 'camera_feed' build argument 'catkin_skip_building_tests' from command line to 'False'
[0.261s] DEBUG:colcon.colcon_core.verb:Building package 'camera_feed' with the following arguments: {'ament_cmake_args': None, 'build_base': '/home/dvij/ee206-project/ping-pong-robot/ros2_ws/src/build/camera_feed', 'catkin_cmake_args': None, 'catkin_skip_building_tests': False, 'cmake_args': None, 'cmake_clean_cache': False, 'cmake_clean_first': False, 'cmake_force_configure': False, 'cmake_target': None, 'cmake_target_skip_unavailable': False, 'install_base': '/home/dvij/ee206-project/ping-pong-robot/ros2_ws/src/install/camera_feed', 'merge_install': False, 'path': '/home/dvij/ee206-project/ping-pong-robot/ros2_ws/src/camera_feed', 'symlink_install': False, 'test_result_base': None}
[0.261s] INFO:colcon.colcon_core.executor:Executing jobs using 'parallel' executor
[0.262s] DEBUG:colcon.colcon_parallel_executor.executor.parallel:run_until_complete
[0.262s] INFO:colcon.colcon_ros.task.ament_python.build:Building ROS package in '/home/dvij/ee206-project/ping-pong-robot/ros2_ws/src/camera_feed' with build type 'ament_python'
[0.262s] Level 1:colcon.colcon_core.shell:create_environment_hook('camera_feed', 'ament_prefix_path')
[0.263s] INFO:colcon.colcon_core.plugin_system:Skipping extension 'colcon_core.shell.bat': Not used on non-Windows systems
[0.263s] INFO:colcon.colcon_core.shell:Creating environment hook '/home/dvij/ee206-project/ping-pong-robot/ros2_ws/src/install/camera_feed/share/camera_feed/hook/ament_prefix_path.ps1'
[0.264s] INFO:colcon.colcon_core.shell:Creating environment descriptor '/home/dvij/ee206-project/ping-pong-robot/ros2_ws/src/install/camera_feed/share/camera_feed/hook/ament_prefix_path.dsv'
[0.264s] INFO:colcon.colcon_core.shell:Creating environment hook '/home/dvij/ee206-project/ping-pong-robot/ros2_ws/src/install/camera_feed/share/camera_feed/hook/ament_prefix_path.sh'
[0.265s] INFO:colcon.colcon_core.shell:Skip shell extension 'powershell' for command environment: Not usable outside of PowerShell
[0.265s] DEBUG:colcon.colcon_core.shell:Skip shell extension 'dsv' for command environment
[0.394s] WARNING:colcon.colcon_ros.task.ament_python.build:Package 'camera_feed' doesn't explicitly install a marker in the package index (colcon-ros currently does it implicitly but that fallback will be removed in the future)
[0.394s] WARNING:colcon.colcon_ros.task.ament_python.build:Package 'camera_feed' doesn't explicitly install the 'package.xml' file (colcon-ros currently does it implicitly but that fallback will be removed in the future)
[0.395s] INFO:colcon.colcon_core.task.python.build:Building Python package in '/home/dvij/ee206-project/ping-pong-robot/ros2_ws/src/camera_feed'
[0.395s] INFO:colcon.colcon_core.shell:Skip shell extension 'powershell' for command environment: Not usable outside of PowerShell
[0.395s] DEBUG:colcon.colcon_core.shell:Skip shell extension 'dsv' for command environment
[0.884s] DEBUG:colcon.colcon_core.event_handler.log_command:Invoking command in '/home/dvij/ee206-project/ping-pong-robot/ros2_ws/src/camera_feed': PYTHONPATH=/home/dvij/ee206-project/ping-pong-robot/ros2_ws/src/build/camera_feed/prefix_override:/usr/lib/python3/dist-packages/colcon_core/task/python/colcon_distutils_commands:/home/dvij/ee206-project/ping-pong-robot/ros2_ws/src/install/camera_feed/lib/python3.8/site-packages:${PYTHONPATH} /usr/bin/python3 -W ignore:setup.py install is deprecated setup.py egg_info --egg-base ../build/camera_feed build --build-base /home/dvij/ee206-project/ping-pong-robot/ros2_ws/src/build/camera_feed/build install --record /home/dvij/ee206-project/ping-pong-robot/ros2_ws/src/build/camera_feed/install.log --single-version-externally-managed
[1.133s] DEBUG:colcon.colcon_core.event_handler.log_command:Invoked command in '/home/dvij/ee206-project/ping-pong-robot/ros2_ws/src/camera_feed' returned '1': PYTHONPATH=/home/dvij/ee206-project/ping-pong-robot/ros2_ws/src/build/camera_feed/prefix_override:/usr/lib/python3/dist-packages/colcon_core/task/python/colcon_distutils_commands:/home/dvij/ee206-project/ping-pong-robot/ros2_ws/src/install/camera_feed/lib/python3.8/site-packages:${PYTHONPATH} /usr/bin/python3 -W ignore:setup.py install is deprecated setup.py egg_info --egg-base ../build/camera_feed build --build-base /home/dvij/ee206-project/ping-pong-robot/ros2_ws/src/build/camera_feed/build install --record /home/dvij/ee206-project/ping-pong-robot/ros2_ws/src/build/camera_feed/install.log --single-version-externally-managed
[1.143s] DEBUG:colcon.colcon_parallel_executor.executor.parallel:closing loop
[1.143s] DEBUG:colcon.colcon_parallel_executor.executor.parallel:loop closed
[1.143s] DEBUG:colcon.colcon_parallel_executor.executor.parallel:run_until_complete finished with '1'
[1.143s] DEBUG:colcon.colcon_core.event_reactor:joining thread
[1.148s] INFO:colcon.colcon_core.plugin_system:Skipping extension 'colcon_notification.desktop_notification.terminal_notifier': Not used on non-Darwin systems
[1.148s] INFO:colcon.colcon_core.plugin_system:Skipping extension 'colcon_notification.desktop_notification.win32': Not used on non-Windows systems
[1.148s] INFO:colcon.colcon_notification.desktop_notification:Sending desktop notification using 'notify2'
[1.153s] DEBUG:colcon.colcon_core.event_reactor:joined thread
[1.153s] INFO:colcon.colcon_core.shell:Creating prefix script '/home/dvij/ee206-project/ping-pong-robot/ros2_ws/src/install/local_setup.ps1'
[1.154s] INFO:colcon.colcon_core.shell:Creating prefix util module '/home/dvij/ee206-project/ping-pong-robot/ros2_ws/src/install/_local_setup_util_ps1.py'
[1.154s] INFO:colcon.colcon_core.shell:Creating prefix chain script '/home/dvij/ee206-project/ping-pong-robot/ros2_ws/src/install/setup.ps1'
[1.155s] INFO:colcon.colcon_core.shell:Creating prefix script '/home/dvij/ee206-project/ping-pong-robot/ros2_ws/src/install/local_setup.sh'
[1.155s] INFO:colcon.colcon_core.shell:Creating prefix util module '/home/dvij/ee206-project/ping-pong-robot/ros2_ws/src/install/_local_setup_util_sh.py'
[1.156s] INFO:colcon.colcon_core.shell:Creating prefix chain script '/home/dvij/ee206-project/ping-pong-robot/ros2_ws/src/install/setup.sh'
[1.156s] INFO:colcon.colcon_core.shell:Creating prefix script '/home/dvij/ee206-project/ping-pong-robot/ros2_ws/src/install/local_setup.bash'
[1.157s] INFO:colcon.colcon_core.shell:Creating prefix chain script '/home/dvij/ee206-project/ping-pong-robot/ros2_ws/src/install/setup.bash'
[1.157s] INFO:colcon.colcon_core.shell:Creating prefix script '/home/dvij/ee206-project/ping-pong-robot/ros2_ws/src/install/local_setup.zsh'
[1.157s] INFO:colcon.colcon_core.shell:Creating prefix chain script '/home/dvij/ee206-project/ping-pong-robot/ros2_ws/src/install/setup.zsh'
