[0.121s] DEBUG:colcon:Command line arguments: ['/usr/bin/colcon', 'build']
[0.121s] DEBUG:colcon:Parsed command line arguments: Namespace(allow_overriding=[], ament_cmake_args=None, base_paths=['.'], build_base='build', catkin_cmake_args=None, catkin_skip_building_tests=False, cmake_args=None, cmake_clean_cache=False, cmake_clean_first=False, cmake_force_configure=False, cmake_target=None, cmake_target_skip_unavailable=False, continue_on_error=False, event_handlers=None, executor='parallel', ignore_user_meta=False, install_base='install', log_base=None, log_level=None, main=<bound method BuildVerb.main of <colcon_core.verb.build.BuildVerb object at 0x7f1ce5f3eac0>>, merge_install=False, metas=['./colcon.meta'], mixin=None, mixin_files=None, mixin_verb=('build',), packages_above=None, packages_above_and_dependencies=None, packages_above_depth=None, packages_end=None, packages_ignore=None, packages_ignore_regex=None, packages_select=None, packages_select_build_failed=False, packages_select_by_dep=None, packages_select_regex=None, packages_select_test_failures=False, packages_skip=None, packages_skip_build_finished=False, packages_skip_by_dep=None, packages_skip_regex=None, packages_skip_test_passed=False, packages_skip_up_to=None, packages_start=None, packages_up_to=None, packages_up_to_regex=None, parallel_workers=20, paths=None, symlink_install=False, test_result_base=None, verb_extension=<colcon_core.verb.build.BuildVerb object at 0x7f1ce5f3eac0>, verb_name='build', verb_parser=<colcon_mixin.mixin.mixin_argument.MixinArgumentDecorator object at 0x7f1ce5f51220>)
[0.230s] Level 1:colcon.colcon_core.package_discovery:discover_packages(colcon_meta) check parameters
[0.230s] Level 1:colcon.colcon_core.package_discovery:discover_packages(recursive) check parameters
[0.230s] Level 1:colcon.colcon_core.package_discovery:discover_packages(ignore) check parameters
[0.230s] Level 1:colcon.colcon_core.package_discovery:discover_packages(path) check parameters
[0.230s] Level 1:colcon.colcon_core.package_discovery:discover_packages(colcon_meta) discover
[0.230s] Level 1:colcon.colcon_core.package_discovery:discover_packages(recursive) discover
[0.230s] INFO:colcon.colcon_core.package_discovery:Crawling recursively for packages in '/home/dvij/ee206-project/ping-pong-robot/vision_tracking/ros2_ws/src'
[0.230s] Level 1:colcon.colcon_core.package_identification:_identify(.) by extensions ['ignore', 'ignore_ament_install']
[0.230s] Level 1:colcon.colcon_core.package_identification:_identify(.) by extension 'ignore'
[0.230s] Level 1:colcon.colcon_core.package_identification:_identify(.) by extension 'ignore_ament_install'
[0.230s] Level 1:colcon.colcon_core.package_identification:_identify(.) by extensions ['colcon_pkg']
[0.230s] Level 1:colcon.colcon_core.package_identification:_identify(.) by extension 'colcon_pkg'
[0.230s] Level 1:colcon.colcon_core.package_identification:_identify(.) by extensions ['colcon_meta']
[0.230s] Level 1:colcon.colcon_core.package_identification:_identify(.) by extension 'colcon_meta'
[0.230s] Level 1:colcon.colcon_core.package_identification:_identify(.) by extensions ['ros']
[0.230s] Level 1:colcon.colcon_core.package_identification:_identify(.) by extension 'ros'
[0.236s] Level 1:colcon.colcon_core.package_identification:_identify(.) by extensions ['cmake', 'python']
[0.236s] Level 1:colcon.colcon_core.package_identification:_identify(.) by extension 'cmake'
[0.236s] Level 1:colcon.colcon_core.package_identification:_identify(.) by extension 'python'
[0.236s] Level 1:colcon.colcon_core.package_identification:_identify(.) by extensions ['python_setup_py']
[0.236s] Level 1:colcon.colcon_core.package_identification:_identify(.) by extension 'python_setup_py'
[0.236s] Level 1:colcon.colcon_core.package_identification:_identify(build) by extensions ['ignore', 'ignore_ament_install']
[0.236s] Level 1:colcon.colcon_core.package_identification:_identify(build) by extension 'ignore'
[0.236s] Level 1:colcon.colcon_core.package_identification:_identify(build) ignored
[0.236s] Level 1:colcon.colcon_core.package_identification:_identify(camera_feed) by extensions ['ignore', 'ignore_ament_install']
[0.236s] Level 1:colcon.colcon_core.package_identification:_identify(camera_feed) by extension 'ignore'
[0.236s] Level 1:colcon.colcon_core.package_identification:_identify(camera_feed) by extension 'ignore_ament_install'
[0.236s] Level 1:colcon.colcon_core.package_identification:_identify(camera_feed) by extensions ['colcon_pkg']
[0.236s] Level 1:colcon.colcon_core.package_identification:_identify(camera_feed) by extension 'colcon_pkg'
[0.236s] Level 1:colcon.colcon_core.package_identification:_identify(camera_feed) by extensions ['colcon_meta']
[0.236s] Level 1:colcon.colcon_core.package_identification:_identify(camera_feed) by extension 'colcon_meta'
[0.236s] Level 1:colcon.colcon_core.package_identification:_identify(camera_feed) by extensions ['ros']
[0.236s] Level 1:colcon.colcon_core.package_identification:_identify(camera_feed) by extension 'ros'
[0.238s] DEBUG:colcon.colcon_core.package_identification:Package 'camera_feed' with type 'ros.ament_cmake' and name 'camera_feed'
[0.238s] Level 1:colcon.colcon_core.package_identification:_identify(install) by extensions ['ignore', 'ignore_ament_install']
[0.238s] Level 1:colcon.colcon_core.package_identification:_identify(install) by extension 'ignore'
[0.238s] Level 1:colcon.colcon_core.package_identification:_identify(install) ignored
[0.238s] Level 1:colcon.colcon_core.package_identification:_identify(interface) by extensions ['ignore', 'ignore_ament_install']
[0.238s] Level 1:colcon.colcon_core.package_identification:_identify(interface) by extension 'ignore'
[0.238s] Level 1:colcon.colcon_core.package_identification:_identify(interface) by extension 'ignore_ament_install'
[0.238s] Level 1:colcon.colcon_core.package_identification:_identify(interface) by extensions ['colcon_pkg']
[0.238s] Level 1:colcon.colcon_core.package_identification:_identify(interface) by extension 'colcon_pkg'
[0.238s] Level 1:colcon.colcon_core.package_identification:_identify(interface) by extensions ['colcon_meta']
[0.238s] Level 1:colcon.colcon_core.package_identification:_identify(interface) by extension 'colcon_meta'
[0.238s] Level 1:colcon.colcon_core.package_identification:_identify(interface) by extensions ['ros']
[0.238s] Level 1:colcon.colcon_core.package_identification:_identify(interface) by extension 'ros'
[0.238s] DEBUG:colcon.colcon_core.package_identification:Package 'interface' with type 'ros.ament_cmake' and name 'interface'
[0.239s] Level 1:colcon.colcon_core.package_identification:_identify(log) by extensions ['ignore', 'ignore_ament_install']
[0.239s] Level 1:colcon.colcon_core.package_identification:_identify(log) by extension 'ignore'
[0.239s] Level 1:colcon.colcon_core.package_identification:_identify(log) ignored
[0.239s] Level 1:colcon.colcon_core.package_identification:_identify(my_sync_package) by extensions ['ignore', 'ignore_ament_install']
[0.239s] Level 1:colcon.colcon_core.package_identification:_identify(my_sync_package) by extension 'ignore'
[0.239s] Level 1:colcon.colcon_core.package_identification:_identify(my_sync_package) by extension 'ignore_ament_install'
[0.239s] Level 1:colcon.colcon_core.package_identification:_identify(my_sync_package) by extensions ['colcon_pkg']
[0.239s] Level 1:colcon.colcon_core.package_identification:_identify(my_sync_package) by extension 'colcon_pkg'
[0.239s] Level 1:colcon.colcon_core.package_identification:_identify(my_sync_package) by extensions ['colcon_meta']
[0.239s] Level 1:colcon.colcon_core.package_identification:_identify(my_sync_package) by extension 'colcon_meta'
[0.239s] Level 1:colcon.colcon_core.package_identification:_identify(my_sync_package) by extensions ['ros']
[0.239s] Level 1:colcon.colcon_core.package_identification:_identify(my_sync_package) by extension 'ros'
[0.239s] DEBUG:colcon.colcon_core.package_identification:Package 'my_sync_package' with type 'ros.ament_cmake' and name 'my_sync_package'
[0.239s] Level 1:colcon.colcon_core.package_identification:_identify(scene_interpreter) by extensions ['ignore', 'ignore_ament_install']
[0.239s] Level 1:colcon.colcon_core.package_identification:_identify(scene_interpreter) by extension 'ignore'
[0.239s] Level 1:colcon.colcon_core.package_identification:_identify(scene_interpreter) by extension 'ignore_ament_install'
[0.239s] Level 1:colcon.colcon_core.package_identification:_identify(scene_interpreter) by extensions ['colcon_pkg']
[0.239s] Level 1:colcon.colcon_core.package_identification:_identify(scene_interpreter) by extension 'colcon_pkg'
[0.239s] Level 1:colcon.colcon_core.package_identification:_identify(scene_interpreter) by extensions ['colcon_meta']
[0.239s] Level 1:colcon.colcon_core.package_identification:_identify(scene_interpreter) by extension 'colcon_meta'
[0.239s] Level 1:colcon.colcon_core.package_identification:_identify(scene_interpreter) by extensions ['ros']
[0.239s] Level 1:colcon.colcon_core.package_identification:_identify(scene_interpreter) by extension 'ros'
[0.240s] DEBUG:colcon.colcon_core.package_identification:Package 'scene_interpreter' with type 'ros.ament_python' and name 'scene_interpreter'
[0.240s] Level 1:colcon.colcon_core.package_discovery:discover_packages(recursive) using defaults
[0.240s] Level 1:colcon.colcon_core.package_discovery:discover_packages(ignore) discover
[0.240s] Level 1:colcon.colcon_core.package_discovery:discover_packages(ignore) using defaults
[0.240s] Level 1:colcon.colcon_core.package_discovery:discover_packages(path) discover
[0.240s] Level 1:colcon.colcon_core.package_discovery:discover_packages(path) using defaults
[0.250s] Level 1:colcon.colcon_core.package_discovery:discover_packages(prefix_path) check parameters
[0.250s] Level 1:colcon.colcon_core.package_discovery:discover_packages(prefix_path) discover
[0.251s] DEBUG:colcon.colcon_installed_package_information.package_discovery:Found 294 installed packages in /opt/ros/foxy
[0.252s] Level 1:colcon.colcon_core.package_discovery:discover_packages(prefix_path) using defaults
[0.277s] Level 5:colcon.colcon_core.verb:set package 'interface' build argument 'cmake_args' from command line to 'None'
[0.277s] Level 5:colcon.colcon_core.verb:set package 'interface' build argument 'cmake_target' from command line to 'None'
[0.277s] Level 5:colcon.colcon_core.verb:set package 'interface' build argument 'cmake_target_skip_unavailable' from command line to 'False'
[0.277s] Level 5:colcon.colcon_core.verb:set package 'interface' build argument 'cmake_clean_cache' from command line to 'False'
[0.277s] Level 5:colcon.colcon_core.verb:set package 'interface' build argument 'cmake_clean_first' from command line to 'False'
[0.277s] Level 5:colcon.colcon_core.verb:set package 'interface' build argument 'cmake_force_configure' from command line to 'False'
[0.277s] Level 5:colcon.colcon_core.verb:set package 'interface' build argument 'ament_cmake_args' from command line to 'None'
[0.277s] Level 5:colcon.colcon_core.verb:set package 'interface' build argument 'catkin_cmake_args' from command line to 'None'
[0.277s] Level 5:colcon.colcon_core.verb:set package 'interface' build argument 'catkin_skip_building_tests' from command line to 'False'
[0.277s] DEBUG:colcon.colcon_core.verb:Building package 'interface' with the following arguments: {'ament_cmake_args': None, 'build_base': '/home/dvij/ee206-project/ping-pong-robot/vision_tracking/ros2_ws/src/build/interface', 'catkin_cmake_args': None, 'catkin_skip_building_tests': False, 'cmake_args': None, 'cmake_clean_cache': False, 'cmake_clean_first': False, 'cmake_force_configure': False, 'cmake_target': None, 'cmake_target_skip_unavailable': False, 'install_base': '/home/dvij/ee206-project/ping-pong-robot/vision_tracking/ros2_ws/src/install/interface', 'merge_install': False, 'path': '/home/dvij/ee206-project/ping-pong-robot/vision_tracking/ros2_ws/src/interface', 'symlink_install': False, 'test_result_base': None}
[0.278s] Level 5:colcon.colcon_core.verb:set package 'my_sync_package' build argument 'cmake_args' from command line to 'None'
[0.278s] Level 5:colcon.colcon_core.verb:set package 'my_sync_package' build argument 'cmake_target' from command line to 'None'
[0.278s] Level 5:colcon.colcon_core.verb:set package 'my_sync_package' build argument 'cmake_target_skip_unavailable' from command line to 'False'
[0.278s] Level 5:colcon.colcon_core.verb:set package 'my_sync_package' build argument 'cmake_clean_cache' from command line to 'False'
[0.278s] Level 5:colcon.colcon_core.verb:set package 'my_sync_package' build argument 'cmake_clean_first' from command line to 'False'
[0.278s] Level 5:colcon.colcon_core.verb:set package 'my_sync_package' build argument 'cmake_force_configure' from command line to 'False'
[0.278s] Level 5:colcon.colcon_core.verb:set package 'my_sync_package' build argument 'ament_cmake_args' from command line to 'None'
[0.278s] Level 5:colcon.colcon_core.verb:set package 'my_sync_package' build argument 'catkin_cmake_args' from command line to 'None'
[0.278s] Level 5:colcon.colcon_core.verb:set package 'my_sync_package' build argument 'catkin_skip_building_tests' from command line to 'False'
[0.278s] DEBUG:colcon.colcon_core.verb:Building package 'my_sync_package' with the following arguments: {'ament_cmake_args': None, 'build_base': '/home/dvij/ee206-project/ping-pong-robot/vision_tracking/ros2_ws/src/build/my_sync_package', 'catkin_cmake_args': None, 'catkin_skip_building_tests': False, 'cmake_args': None, 'cmake_clean_cache': False, 'cmake_clean_first': False, 'cmake_force_configure': False, 'cmake_target': None, 'cmake_target_skip_unavailable': False, 'install_base': '/home/dvij/ee206-project/ping-pong-robot/vision_tracking/ros2_ws/src/install/my_sync_package', 'merge_install': False, 'path': '/home/dvij/ee206-project/ping-pong-robot/vision_tracking/ros2_ws/src/my_sync_package', 'symlink_install': False, 'test_result_base': None}
[0.278s] Level 5:colcon.colcon_core.verb:set package 'scene_interpreter' build argument 'cmake_args' from command line to 'None'
[0.278s] Level 5:colcon.colcon_core.verb:set package 'scene_interpreter' build argument 'cmake_target' from command line to 'None'
[0.278s] Level 5:colcon.colcon_core.verb:set package 'scene_interpreter' build argument 'cmake_target_skip_unavailable' from command line to 'False'
[0.278s] Level 5:colcon.colcon_core.verb:set package 'scene_interpreter' build argument 'cmake_clean_cache' from command line to 'False'
[0.278s] Level 5:colcon.colcon_core.verb:set package 'scene_interpreter' build argument 'cmake_clean_first' from command line to 'False'
[0.278s] Level 5:colcon.colcon_core.verb:set package 'scene_interpreter' build argument 'cmake_force_configure' from command line to 'False'
[0.278s] Level 5:colcon.colcon_core.verb:set package 'scene_interpreter' build argument 'ament_cmake_args' from command line to 'None'
[0.278s] Level 5:colcon.colcon_core.verb:set package 'scene_interpreter' build argument 'catkin_cmake_args' from command line to 'None'
[0.278s] Level 5:colcon.colcon_core.verb:set package 'scene_interpreter' build argument 'catkin_skip_building_tests' from command line to 'False'
[0.278s] DEBUG:colcon.colcon_core.verb:Building package 'scene_interpreter' with the following arguments: {'ament_cmake_args': None, 'build_base': '/home/dvij/ee206-project/ping-pong-robot/vision_tracking/ros2_ws/src/build/scene_interpreter', 'catkin_cmake_args': None, 'catkin_skip_building_tests': False, 'cmake_args': None, 'cmake_clean_cache': False, 'cmake_clean_first': False, 'cmake_force_configure': False, 'cmake_target': None, 'cmake_target_skip_unavailable': False, 'install_base': '/home/dvij/ee206-project/ping-pong-robot/vision_tracking/ros2_ws/src/install/scene_interpreter', 'merge_install': False, 'path': '/home/dvij/ee206-project/ping-pong-robot/vision_tracking/ros2_ws/src/scene_interpreter', 'symlink_install': False, 'test_result_base': None}
[0.278s] Level 5:colcon.colcon_core.verb:set package 'camera_feed' build argument 'cmake_args' from command line to 'None'
[0.278s] Level 5:colcon.colcon_core.verb:set package 'camera_feed' build argument 'cmake_target' from command line to 'None'
[0.278s] Level 5:colcon.colcon_core.verb:set package 'camera_feed' build argument 'cmake_target_skip_unavailable' from command line to 'False'
[0.278s] Level 5:colcon.colcon_core.verb:set package 'camera_feed' build argument 'cmake_clean_cache' from command line to 'False'
[0.278s] Level 5:colcon.colcon_core.verb:set package 'camera_feed' build argument 'cmake_clean_first' from command line to 'False'
[0.278s] Level 5:colcon.colcon_core.verb:set package 'camera_feed' build argument 'cmake_force_configure' from command line to 'False'
[0.278s] Level 5:colcon.colcon_core.verb:set package 'camera_feed' build argument 'ament_cmake_args' from command line to 'None'
[0.278s] Level 5:colcon.colcon_core.verb:set package 'camera_feed' build argument 'catkin_cmake_args' from command line to 'None'
[0.278s] Level 5:colcon.colcon_core.verb:set package 'camera_feed' build argument 'catkin_skip_building_tests' from command line to 'False'
[0.278s] DEBUG:colcon.colcon_core.verb:Building package 'camera_feed' with the following arguments: {'ament_cmake_args': None, 'build_base': '/home/dvij/ee206-project/ping-pong-robot/vision_tracking/ros2_ws/src/build/camera_feed', 'catkin_cmake_args': None, 'catkin_skip_building_tests': False, 'cmake_args': None, 'cmake_clean_cache': False, 'cmake_clean_first': False, 'cmake_force_configure': False, 'cmake_target': None, 'cmake_target_skip_unavailable': False, 'install_base': '/home/dvij/ee206-project/ping-pong-robot/vision_tracking/ros2_ws/src/install/camera_feed', 'merge_install': False, 'path': '/home/dvij/ee206-project/ping-pong-robot/vision_tracking/ros2_ws/src/camera_feed', 'symlink_install': False, 'test_result_base': None}
[0.278s] INFO:colcon.colcon_core.executor:Executing jobs using 'parallel' executor
[0.279s] DEBUG:colcon.colcon_parallel_executor.executor.parallel:run_until_complete
[0.279s] INFO:colcon.colcon_ros.task.ament_cmake.build:Building ROS package in '/home/dvij/ee206-project/ping-pong-robot/vision_tracking/ros2_ws/src/interface' with build type 'ament_cmake'
[0.279s] INFO:colcon.colcon_cmake.task.cmake.build:Building CMake package in '/home/dvij/ee206-project/ping-pong-robot/vision_tracking/ros2_ws/src/interface'
[0.280s] INFO:colcon.colcon_core.plugin_system:Skipping extension 'colcon_core.shell.bat': Not used on non-Windows systems
[0.280s] INFO:colcon.colcon_core.shell:Skip shell extension 'powershell' for command environment: Not usable outside of PowerShell
[0.280s] DEBUG:colcon.colcon_core.shell:Skip shell extension 'dsv' for command environment
[0.283s] INFO:colcon.colcon_ros.task.ament_cmake.build:Building ROS package in '/home/dvij/ee206-project/ping-pong-robot/vision_tracking/ros2_ws/src/my_sync_package' with build type 'ament_cmake'
[0.283s] INFO:colcon.colcon_cmake.task.cmake.build:Building CMake package in '/home/dvij/ee206-project/ping-pong-robot/vision_tracking/ros2_ws/src/my_sync_package'
[0.283s] INFO:colcon.colcon_core.shell:Skip shell extension 'powershell' for command environment: Not usable outside of PowerShell
[0.283s] DEBUG:colcon.colcon_core.shell:Skip shell extension 'dsv' for command environment
[0.285s] INFO:colcon.colcon_ros.task.ament_python.build:Building ROS package in '/home/dvij/ee206-project/ping-pong-robot/vision_tracking/ros2_ws/src/scene_interpreter' with build type 'ament_python'
[0.285s] Level 1:colcon.colcon_core.shell:create_environment_hook('scene_interpreter', 'ament_prefix_path')
[0.286s] INFO:colcon.colcon_core.shell:Creating environment hook '/home/dvij/ee206-project/ping-pong-robot/vision_tracking/ros2_ws/src/install/scene_interpreter/share/scene_interpreter/hook/ament_prefix_path.ps1'
[0.286s] INFO:colcon.colcon_core.shell:Creating environment descriptor '/home/dvij/ee206-project/ping-pong-robot/vision_tracking/ros2_ws/src/install/scene_interpreter/share/scene_interpreter/hook/ament_prefix_path.dsv'
[0.286s] INFO:colcon.colcon_core.shell:Creating environment hook '/home/dvij/ee206-project/ping-pong-robot/vision_tracking/ros2_ws/src/install/scene_interpreter/share/scene_interpreter/hook/ament_prefix_path.sh'
[0.287s] INFO:colcon.colcon_core.shell:Skip shell extension 'powershell' for command environment: Not usable outside of PowerShell
[0.287s] DEBUG:colcon.colcon_core.shell:Skip shell extension 'dsv' for command environment
[0.291s] DEBUG:colcon.colcon_core.event_handler.log_command:Invoking command in '/home/dvij/ee206-project/ping-pong-robot/vision_tracking/ros2_ws/src/build/interface': CMAKE_PREFIX_PATH=/opt/ros/foxy CONDA_PROMPT_MODIFIER=(base) /usr/local/bin/cmake /home/dvij/ee206-project/ping-pong-robot/vision_tracking/ros2_ws/src/interface -DCMAKE_INSTALL_PREFIX=/home/dvij/ee206-project/ping-pong-robot/vision_tracking/ros2_ws/src/install/interface
[0.293s] DEBUG:colcon.colcon_core.event_handler.log_command:Invoking command in '/home/dvij/ee206-project/ping-pong-robot/vision_tracking/ros2_ws/src/build/my_sync_package': CMAKE_PREFIX_PATH=/opt/ros/foxy CONDA_PROMPT_MODIFIER=(base) /usr/local/bin/cmake /home/dvij/ee206-project/ping-pong-robot/vision_tracking/ros2_ws/src/my_sync_package -DCMAKE_INSTALL_PREFIX=/home/dvij/ee206-project/ping-pong-robot/vision_tracking/ros2_ws/src/install/my_sync_package
[0.448s] INFO:colcon.colcon_core.task.python.build:Building Python package in '/home/dvij/ee206-project/ping-pong-robot/vision_tracking/ros2_ws/src/scene_interpreter'
[0.449s] INFO:colcon.colcon_core.shell:Skip shell extension 'powershell' for command environment: Not usable outside of PowerShell
[0.449s] DEBUG:colcon.colcon_core.shell:Skip shell extension 'dsv' for command environment
[0.811s] DEBUG:colcon.colcon_core.event_handler.log_command:Invoking command in '/home/dvij/ee206-project/ping-pong-robot/vision_tracking/ros2_ws/src/scene_interpreter': CONDA_PROMPT_MODIFIER=(base) PYTHONPATH=/home/dvij/ee206-project/ping-pong-robot/vision_tracking/ros2_ws/src/build/scene_interpreter/prefix_override:/usr/lib/python3/dist-packages/colcon_core/task/python/colcon_distutils_commands:/home/dvij/ee206-project/ping-pong-robot/vision_tracking/ros2_ws/src/install/scene_interpreter/lib/python3.8/site-packages:${PYTHONPATH} /usr/bin/python3 -W ignore:setup.py install is deprecated setup.py egg_info --egg-base ../build/scene_interpreter build --build-base /home/dvij/ee206-project/ping-pong-robot/vision_tracking/ros2_ws/src/build/scene_interpreter/build install --record /home/dvij/ee206-project/ping-pong-robot/vision_tracking/ros2_ws/src/build/scene_interpreter/install.log --single-version-externally-managed install_data
[1.000s] DEBUG:colcon.colcon_core.event_handler.log_command:Invoked command in '/home/dvij/ee206-project/ping-pong-robot/vision_tracking/ros2_ws/src/scene_interpreter' returned '0': CONDA_PROMPT_MODIFIER=(base) PYTHONPATH=/home/dvij/ee206-project/ping-pong-robot/vision_tracking/ros2_ws/src/build/scene_interpreter/prefix_override:/usr/lib/python3/dist-packages/colcon_core/task/python/colcon_distutils_commands:/home/dvij/ee206-project/ping-pong-robot/vision_tracking/ros2_ws/src/install/scene_interpreter/lib/python3.8/site-packages:${PYTHONPATH} /usr/bin/python3 -W ignore:setup.py install is deprecated setup.py egg_info --egg-base ../build/scene_interpreter build --build-base /home/dvij/ee206-project/ping-pong-robot/vision_tracking/ros2_ws/src/build/scene_interpreter/build install --record /home/dvij/ee206-project/ping-pong-robot/vision_tracking/ros2_ws/src/build/scene_interpreter/install.log --single-version-externally-managed install_data
[1.002s] Level 1:colcon.colcon_core.environment:checking '/home/dvij/ee206-project/ping-pong-robot/vision_tracking/ros2_ws/src/install/scene_interpreter' for CMake module files
[1.003s] Level 1:colcon.colcon_core.environment:checking '/home/dvij/ee206-project/ping-pong-robot/vision_tracking/ros2_ws/src/install/scene_interpreter' for CMake config files
[1.003s] Level 1:colcon.colcon_core.environment:checking '/home/dvij/ee206-project/ping-pong-robot/vision_tracking/ros2_ws/src/install/scene_interpreter/lib'
[1.003s] Level 1:colcon.colcon_core.environment:checking '/home/dvij/ee206-project/ping-pong-robot/vision_tracking/ros2_ws/src/install/scene_interpreter/bin'
[1.003s] Level 1:colcon.colcon_core.environment:checking '/home/dvij/ee206-project/ping-pong-robot/vision_tracking/ros2_ws/src/install/scene_interpreter/lib/pkgconfig/scene_interpreter.pc'
[1.003s] Level 1:colcon.colcon_core.environment:checking '/home/dvij/ee206-project/ping-pong-robot/vision_tracking/ros2_ws/src/install/scene_interpreter/lib/python3.8/site-packages'
[1.003s] Level 1:colcon.colcon_core.shell:create_environment_hook('scene_interpreter', 'pythonpath')
[1.003s] INFO:colcon.colcon_core.shell:Creating environment hook '/home/dvij/ee206-project/ping-pong-robot/vision_tracking/ros2_ws/src/install/scene_interpreter/share/scene_interpreter/hook/pythonpath.ps1'
[1.004s] INFO:colcon.colcon_core.shell:Creating environment descriptor '/home/dvij/ee206-project/ping-pong-robot/vision_tracking/ros2_ws/src/install/scene_interpreter/share/scene_interpreter/hook/pythonpath.dsv'
[1.004s] INFO:colcon.colcon_core.shell:Creating environment hook '/home/dvij/ee206-project/ping-pong-robot/vision_tracking/ros2_ws/src/install/scene_interpreter/share/scene_interpreter/hook/pythonpath.sh'
[1.004s] Level 1:colcon.colcon_core.environment:checking '/home/dvij/ee206-project/ping-pong-robot/vision_tracking/ros2_ws/src/install/scene_interpreter/bin'
[1.004s] Level 1:colcon.colcon_core.environment:create_environment_scripts_only(scene_interpreter)
[1.004s] INFO:colcon.colcon_core.shell:Creating package script '/home/dvij/ee206-project/ping-pong-robot/vision_tracking/ros2_ws/src/install/scene_interpreter/share/scene_interpreter/package.ps1'
[1.005s] INFO:colcon.colcon_core.shell:Creating package descriptor '/home/dvij/ee206-project/ping-pong-robot/vision_tracking/ros2_ws/src/install/scene_interpreter/share/scene_interpreter/package.dsv'
[1.005s] INFO:colcon.colcon_core.shell:Creating package script '/home/dvij/ee206-project/ping-pong-robot/vision_tracking/ros2_ws/src/install/scene_interpreter/share/scene_interpreter/package.sh'
[1.005s] INFO:colcon.colcon_core.shell:Creating package script '/home/dvij/ee206-project/ping-pong-robot/vision_tracking/ros2_ws/src/install/scene_interpreter/share/scene_interpreter/package.bash'
[1.006s] INFO:colcon.colcon_core.shell:Creating package script '/home/dvij/ee206-project/ping-pong-robot/vision_tracking/ros2_ws/src/install/scene_interpreter/share/scene_interpreter/package.zsh'
[1.006s] Level 1:colcon.colcon_core.environment:create_file_with_runtime_dependencies(/home/dvij/ee206-project/ping-pong-robot/vision_tracking/ros2_ws/src/install/scene_interpreter/share/colcon-core/packages/scene_interpreter)
[1.118s] DEBUG:colcon.colcon_core.event_handler.log_command:Invoked command in '/home/dvij/ee206-project/ping-pong-robot/vision_tracking/ros2_ws/src/build/my_sync_package' returned '0': CMAKE_PREFIX_PATH=/opt/ros/foxy CONDA_PROMPT_MODIFIER=(base) /usr/local/bin/cmake /home/dvij/ee206-project/ping-pong-robot/vision_tracking/ros2_ws/src/my_sync_package -DCMAKE_INSTALL_PREFIX=/home/dvij/ee206-project/ping-pong-robot/vision_tracking/ros2_ws/src/install/my_sync_package
[1.121s] DEBUG:colcon.colcon_core.event_handler.log_command:Invoking command in '/home/dvij/ee206-project/ping-pong-robot/vision_tracking/ros2_ws/src/build/my_sync_package': CMAKE_PREFIX_PATH=/opt/ros/foxy CONDA_PROMPT_MODIFIER=(base) /usr/local/bin/cmake --build /home/dvij/ee206-project/ping-pong-robot/vision_tracking/ros2_ws/src/build/my_sync_package -- -j20 -l20
[1.393s] DEBUG:colcon.colcon_core.event_handler.log_command:Invoked command in '/home/dvij/ee206-project/ping-pong-robot/vision_tracking/ros2_ws/src/build/interface' returned '0': CMAKE_PREFIX_PATH=/opt/ros/foxy CONDA_PROMPT_MODIFIER=(base) /usr/local/bin/cmake /home/dvij/ee206-project/ping-pong-robot/vision_tracking/ros2_ws/src/interface -DCMAKE_INSTALL_PREFIX=/home/dvij/ee206-project/ping-pong-robot/vision_tracking/ros2_ws/src/install/interface
[1.396s] DEBUG:colcon.colcon_core.event_handler.log_command:Invoking command in '/home/dvij/ee206-project/ping-pong-robot/vision_tracking/ros2_ws/src/build/interface': CMAKE_PREFIX_PATH=/opt/ros/foxy CONDA_PROMPT_MODIFIER=(base) /usr/local/bin/cmake --build /home/dvij/ee206-project/ping-pong-robot/vision_tracking/ros2_ws/src/build/interface -- -j20 -l20
[2.680s] DEBUG:colcon.colcon_core.event_handler.log_command:Invoked command in '/home/dvij/ee206-project/ping-pong-robot/vision_tracking/ros2_ws/src/build/interface' returned '0': CMAKE_PREFIX_PATH=/opt/ros/foxy CONDA_PROMPT_MODIFIER=(base) /usr/local/bin/cmake --build /home/dvij/ee206-project/ping-pong-robot/vision_tracking/ros2_ws/src/build/interface -- -j20 -l20
[2.748s] DEBUG:colcon.colcon_core.event_handler.log_command:Invoking command in '/home/dvij/ee206-project/ping-pong-robot/vision_tracking/ros2_ws/src/build/interface': CMAKE_PREFIX_PATH=/opt/ros/foxy CONDA_PROMPT_MODIFIER=(base) /usr/local/bin/cmake --install /home/dvij/ee206-project/ping-pong-robot/vision_tracking/ros2_ws/src/build/interface
[2.781s] Level 1:colcon.colcon_core.environment:create_environment_scripts_only(interface)
[2.782s] Level 1:colcon.colcon_core.environment:checking '/home/dvij/ee206-project/ping-pong-robot/vision_tracking/ros2_ws/src/install/interface' for CMake module files
[2.783s] Level 1:colcon.colcon_core.environment:checking '/home/dvij/ee206-project/ping-pong-robot/vision_tracking/ros2_ws/src/install/interface' for CMake config files
[2.784s] DEBUG:colcon.colcon_core.event_handler.log_command:Invoked command in '/home/dvij/ee206-project/ping-pong-robot/vision_tracking/ros2_ws/src/build/interface' returned '0': CMAKE_PREFIX_PATH=/opt/ros/foxy CONDA_PROMPT_MODIFIER=(base) /usr/local/bin/cmake --install /home/dvij/ee206-project/ping-pong-robot/vision_tracking/ros2_ws/src/build/interface
[2.784s] Level 1:colcon.colcon_core.shell:create_environment_hook('interface', 'cmake_prefix_path')
[2.784s] INFO:colcon.colcon_core.shell:Creating environment hook '/home/dvij/ee206-project/ping-pong-robot/vision_tracking/ros2_ws/src/install/interface/share/interface/hook/cmake_prefix_path.ps1'
[2.785s] INFO:colcon.colcon_core.shell:Creating environment descriptor '/home/dvij/ee206-project/ping-pong-robot/vision_tracking/ros2_ws/src/install/interface/share/interface/hook/cmake_prefix_path.dsv'
[2.785s] INFO:colcon.colcon_core.shell:Creating environment hook '/home/dvij/ee206-project/ping-pong-robot/vision_tracking/ros2_ws/src/install/interface/share/interface/hook/cmake_prefix_path.sh'
[2.786s] Level 1:colcon.colcon_core.environment:checking '/home/dvij/ee206-project/ping-pong-robot/vision_tracking/ros2_ws/src/install/interface/lib'
[2.786s] Level 1:colcon.colcon_core.shell:create_environment_hook('interface', 'ld_library_path_lib')
[2.786s] INFO:colcon.colcon_core.shell:Creating environment hook '/home/dvij/ee206-project/ping-pong-robot/vision_tracking/ros2_ws/src/install/interface/share/interface/hook/ld_library_path_lib.ps1'
[2.787s] INFO:colcon.colcon_core.shell:Creating environment descriptor '/home/dvij/ee206-project/ping-pong-robot/vision_tracking/ros2_ws/src/install/interface/share/interface/hook/ld_library_path_lib.dsv'
[2.787s] INFO:colcon.colcon_core.shell:Creating environment hook '/home/dvij/ee206-project/ping-pong-robot/vision_tracking/ros2_ws/src/install/interface/share/interface/hook/ld_library_path_lib.sh'
[2.787s] Level 1:colcon.colcon_core.environment:checking '/home/dvij/ee206-project/ping-pong-robot/vision_tracking/ros2_ws/src/install/interface/bin'
[2.787s] Level 1:colcon.colcon_core.environment:checking '/home/dvij/ee206-project/ping-pong-robot/vision_tracking/ros2_ws/src/install/interface/lib/pkgconfig/interface.pc'
[2.788s] Level 1:colcon.colcon_core.environment:checking '/home/dvij/ee206-project/ping-pong-robot/vision_tracking/ros2_ws/src/install/interface/lib/python3.8/site-packages'
[2.788s] Level 1:colcon.colcon_core.shell:create_environment_hook('interface', 'pythonpath')
[2.788s] INFO:colcon.colcon_core.shell:Creating environment hook '/home/dvij/ee206-project/ping-pong-robot/vision_tracking/ros2_ws/src/install/interface/share/interface/hook/pythonpath.ps1'
[2.788s] INFO:colcon.colcon_core.shell:Creating environment descriptor '/home/dvij/ee206-project/ping-pong-robot/vision_tracking/ros2_ws/src/install/interface/share/interface/hook/pythonpath.dsv'
[2.789s] INFO:colcon.colcon_core.shell:Creating environment hook '/home/dvij/ee206-project/ping-pong-robot/vision_tracking/ros2_ws/src/install/interface/share/interface/hook/pythonpath.sh'
[2.789s] Level 1:colcon.colcon_core.environment:checking '/home/dvij/ee206-project/ping-pong-robot/vision_tracking/ros2_ws/src/install/interface/bin'
[2.790s] INFO:colcon.colcon_core.shell:Creating package script '/home/dvij/ee206-project/ping-pong-robot/vision_tracking/ros2_ws/src/install/interface/share/interface/package.ps1'
[2.790s] INFO:colcon.colcon_core.shell:Creating package descriptor '/home/dvij/ee206-project/ping-pong-robot/vision_tracking/ros2_ws/src/install/interface/share/interface/package.dsv'
[2.791s] INFO:colcon.colcon_core.shell:Creating package script '/home/dvij/ee206-project/ping-pong-robot/vision_tracking/ros2_ws/src/install/interface/share/interface/package.sh'
[2.791s] INFO:colcon.colcon_core.shell:Creating package script '/home/dvij/ee206-project/ping-pong-robot/vision_tracking/ros2_ws/src/install/interface/share/interface/package.bash'
[2.792s] INFO:colcon.colcon_core.shell:Creating package script '/home/dvij/ee206-project/ping-pong-robot/vision_tracking/ros2_ws/src/install/interface/share/interface/package.zsh'
[2.792s] Level 1:colcon.colcon_core.environment:create_file_with_runtime_dependencies(/home/dvij/ee206-project/ping-pong-robot/vision_tracking/ros2_ws/src/install/interface/share/colcon-core/packages/interface)
[2.851s] Level 1:colcon.colcon_core.environment:create_environment_scripts_only(interface)
[2.852s] Level 1:colcon.colcon_core.environment:checking '/home/dvij/ee206-project/ping-pong-robot/vision_tracking/ros2_ws/src/install/interface' for CMake module files
[2.852s] Level 1:colcon.colcon_core.environment:checking '/home/dvij/ee206-project/ping-pong-robot/vision_tracking/ros2_ws/src/install/interface' for CMake config files
[2.853s] Level 1:colcon.colcon_core.shell:create_environment_hook('interface', 'cmake_prefix_path')
[2.853s] INFO:colcon.colcon_core.shell:Creating environment hook '/home/dvij/ee206-project/ping-pong-robot/vision_tracking/ros2_ws/src/install/interface/share/interface/hook/cmake_prefix_path.ps1'
[2.853s] INFO:colcon.colcon_core.shell:Creating environment descriptor '/home/dvij/ee206-project/ping-pong-robot/vision_tracking/ros2_ws/src/install/interface/share/interface/hook/cmake_prefix_path.dsv'
[2.854s] INFO:colcon.colcon_core.shell:Creating environment hook '/home/dvij/ee206-project/ping-pong-robot/vision_tracking/ros2_ws/src/install/interface/share/interface/hook/cmake_prefix_path.sh'
[2.854s] Level 1:colcon.colcon_core.environment:checking '/home/dvij/ee206-project/ping-pong-robot/vision_tracking/ros2_ws/src/install/interface/lib'
[2.854s] Level 1:colcon.colcon_core.shell:create_environment_hook('interface', 'ld_library_path_lib')
[2.854s] INFO:colcon.colcon_core.shell:Creating environment hook '/home/dvij/ee206-project/ping-pong-robot/vision_tracking/ros2_ws/src/install/interface/share/interface/hook/ld_library_path_lib.ps1'
[2.854s] INFO:colcon.colcon_core.shell:Creating environment descriptor '/home/dvij/ee206-project/ping-pong-robot/vision_tracking/ros2_ws/src/install/interface/share/interface/hook/ld_library_path_lib.dsv'
[2.855s] INFO:colcon.colcon_core.shell:Creating environment hook '/home/dvij/ee206-project/ping-pong-robot/vision_tracking/ros2_ws/src/install/interface/share/interface/hook/ld_library_path_lib.sh'
[2.855s] Level 1:colcon.colcon_core.environment:checking '/home/dvij/ee206-project/ping-pong-robot/vision_tracking/ros2_ws/src/install/interface/bin'
[2.855s] Level 1:colcon.colcon_core.environment:checking '/home/dvij/ee206-project/ping-pong-robot/vision_tracking/ros2_ws/src/install/interface/lib/pkgconfig/interface.pc'
[2.855s] Level 1:colcon.colcon_core.environment:checking '/home/dvij/ee206-project/ping-pong-robot/vision_tracking/ros2_ws/src/install/interface/lib/python3.8/site-packages'
[2.855s] Level 1:colcon.colcon_core.shell:create_environment_hook('interface', 'pythonpath')
[2.855s] INFO:colcon.colcon_core.shell:Creating environment hook '/home/dvij/ee206-project/ping-pong-robot/vision_tracking/ros2_ws/src/install/interface/share/interface/hook/pythonpath.ps1'
[2.855s] INFO:colcon.colcon_core.shell:Creating environment descriptor '/home/dvij/ee206-project/ping-pong-robot/vision_tracking/ros2_ws/src/install/interface/share/interface/hook/pythonpath.dsv'
[2.855s] INFO:colcon.colcon_core.shell:Creating environment hook '/home/dvij/ee206-project/ping-pong-robot/vision_tracking/ros2_ws/src/install/interface/share/interface/hook/pythonpath.sh'
[2.856s] Level 1:colcon.colcon_core.environment:checking '/home/dvij/ee206-project/ping-pong-robot/vision_tracking/ros2_ws/src/install/interface/bin'
[2.856s] INFO:colcon.colcon_core.shell:Creating package script '/home/dvij/ee206-project/ping-pong-robot/vision_tracking/ros2_ws/src/install/interface/share/interface/package.ps1'
[2.856s] INFO:colcon.colcon_core.shell:Creating package descriptor '/home/dvij/ee206-project/ping-pong-robot/vision_tracking/ros2_ws/src/install/interface/share/interface/package.dsv'
[2.856s] INFO:colcon.colcon_core.shell:Creating package script '/home/dvij/ee206-project/ping-pong-robot/vision_tracking/ros2_ws/src/install/interface/share/interface/package.sh'
[2.857s] INFO:colcon.colcon_core.shell:Creating package script '/home/dvij/ee206-project/ping-pong-robot/vision_tracking/ros2_ws/src/install/interface/share/interface/package.bash'
[2.857s] INFO:colcon.colcon_core.shell:Creating package script '/home/dvij/ee206-project/ping-pong-robot/vision_tracking/ros2_ws/src/install/interface/share/interface/package.zsh'
[2.857s] Level 1:colcon.colcon_core.environment:create_file_with_runtime_dependencies(/home/dvij/ee206-project/ping-pong-robot/vision_tracking/ros2_ws/src/install/interface/share/colcon-core/packages/interface)
[4.864s] DEBUG:colcon.colcon_core.event_handler.log_command:Invoked command in '/home/dvij/ee206-project/ping-pong-robot/vision_tracking/ros2_ws/src/build/my_sync_package' returned '0': CMAKE_PREFIX_PATH=/opt/ros/foxy CONDA_PROMPT_MODIFIER=(base) /usr/local/bin/cmake --build /home/dvij/ee206-project/ping-pong-robot/vision_tracking/ros2_ws/src/build/my_sync_package -- -j20 -l20
[4.895s] DEBUG:colcon.colcon_core.event_handler.log_command:Invoking command in '/home/dvij/ee206-project/ping-pong-robot/vision_tracking/ros2_ws/src/build/my_sync_package': CMAKE_PREFIX_PATH=/opt/ros/foxy CONDA_PROMPT_MODIFIER=(base) /usr/local/bin/cmake --install /home/dvij/ee206-project/ping-pong-robot/vision_tracking/ros2_ws/src/build/my_sync_package
[4.902s] Level 1:colcon.colcon_core.environment:create_environment_scripts_only(my_sync_package)
[4.903s] Level 1:colcon.colcon_core.environment:checking '/home/dvij/ee206-project/ping-pong-robot/vision_tracking/ros2_ws/src/install/my_sync_package' for CMake module files
[4.903s] DEBUG:colcon.colcon_core.event_handler.log_command:Invoked command in '/home/dvij/ee206-project/ping-pong-robot/vision_tracking/ros2_ws/src/build/my_sync_package' returned '0': CMAKE_PREFIX_PATH=/opt/ros/foxy CONDA_PROMPT_MODIFIER=(base) /usr/local/bin/cmake --install /home/dvij/ee206-project/ping-pong-robot/vision_tracking/ros2_ws/src/build/my_sync_package
[4.903s] Level 1:colcon.colcon_core.environment:checking '/home/dvij/ee206-project/ping-pong-robot/vision_tracking/ros2_ws/src/install/my_sync_package' for CMake config files
[4.903s] Level 1:colcon.colcon_core.shell:create_environment_hook('my_sync_package', 'cmake_prefix_path')
[4.903s] INFO:colcon.colcon_core.shell:Creating environment hook '/home/dvij/ee206-project/ping-pong-robot/vision_tracking/ros2_ws/src/install/my_sync_package/share/my_sync_package/hook/cmake_prefix_path.ps1'
[4.904s] INFO:colcon.colcon_core.shell:Creating environment descriptor '/home/dvij/ee206-project/ping-pong-robot/vision_tracking/ros2_ws/src/install/my_sync_package/share/my_sync_package/hook/cmake_prefix_path.dsv'
[4.904s] INFO:colcon.colcon_core.shell:Creating environment hook '/home/dvij/ee206-project/ping-pong-robot/vision_tracking/ros2_ws/src/install/my_sync_package/share/my_sync_package/hook/cmake_prefix_path.sh'
[4.904s] Level 1:colcon.colcon_core.environment:checking '/home/dvij/ee206-project/ping-pong-robot/vision_tracking/ros2_ws/src/install/my_sync_package/lib'
[4.904s] Level 1:colcon.colcon_core.environment:checking '/home/dvij/ee206-project/ping-pong-robot/vision_tracking/ros2_ws/src/install/my_sync_package/bin'
[4.904s] Level 1:colcon.colcon_core.environment:checking '/home/dvij/ee206-project/ping-pong-robot/vision_tracking/ros2_ws/src/install/my_sync_package/lib/pkgconfig/my_sync_package.pc'
[4.904s] Level 1:colcon.colcon_core.environment:checking '/home/dvij/ee206-project/ping-pong-robot/vision_tracking/ros2_ws/src/install/my_sync_package/lib/python3.8/site-packages'
[4.905s] Level 1:colcon.colcon_core.environment:checking '/home/dvij/ee206-project/ping-pong-robot/vision_tracking/ros2_ws/src/install/my_sync_package/bin'
[4.905s] INFO:colcon.colcon_core.shell:Creating package script '/home/dvij/ee206-project/ping-pong-robot/vision_tracking/ros2_ws/src/install/my_sync_package/share/my_sync_package/package.ps1'
[4.905s] INFO:colcon.colcon_core.shell:Creating package descriptor '/home/dvij/ee206-project/ping-pong-robot/vision_tracking/ros2_ws/src/install/my_sync_package/share/my_sync_package/package.dsv'
[4.905s] INFO:colcon.colcon_core.shell:Creating package script '/home/dvij/ee206-project/ping-pong-robot/vision_tracking/ros2_ws/src/install/my_sync_package/share/my_sync_package/package.sh'
[4.905s] INFO:colcon.colcon_core.shell:Creating package script '/home/dvij/ee206-project/ping-pong-robot/vision_tracking/ros2_ws/src/install/my_sync_package/share/my_sync_package/package.bash'
[4.905s] INFO:colcon.colcon_core.shell:Creating package script '/home/dvij/ee206-project/ping-pong-robot/vision_tracking/ros2_ws/src/install/my_sync_package/share/my_sync_package/package.zsh'
[4.906s] Level 1:colcon.colcon_core.environment:create_file_with_runtime_dependencies(/home/dvij/ee206-project/ping-pong-robot/vision_tracking/ros2_ws/src/install/my_sync_package/share/colcon-core/packages/my_sync_package)
[4.932s] Level 1:colcon.colcon_core.environment:create_environment_scripts_only(my_sync_package)
[4.933s] Level 1:colcon.colcon_core.environment:checking '/home/dvij/ee206-project/ping-pong-robot/vision_tracking/ros2_ws/src/install/my_sync_package' for CMake module files
[4.933s] Level 1:colcon.colcon_core.environment:checking '/home/dvij/ee206-project/ping-pong-robot/vision_tracking/ros2_ws/src/install/my_sync_package' for CMake config files
[4.933s] Level 1:colcon.colcon_core.shell:create_environment_hook('my_sync_package', 'cmake_prefix_path')
[4.933s] INFO:colcon.colcon_core.shell:Creating environment hook '/home/dvij/ee206-project/ping-pong-robot/vision_tracking/ros2_ws/src/install/my_sync_package/share/my_sync_package/hook/cmake_prefix_path.ps1'
[4.934s] INFO:colcon.colcon_core.shell:Creating environment descriptor '/home/dvij/ee206-project/ping-pong-robot/vision_tracking/ros2_ws/src/install/my_sync_package/share/my_sync_package/hook/cmake_prefix_path.dsv'
[4.934s] INFO:colcon.colcon_core.shell:Creating environment hook '/home/dvij/ee206-project/ping-pong-robot/vision_tracking/ros2_ws/src/install/my_sync_package/share/my_sync_package/hook/cmake_prefix_path.sh'
[4.934s] Level 1:colcon.colcon_core.environment:checking '/home/dvij/ee206-project/ping-pong-robot/vision_tracking/ros2_ws/src/install/my_sync_package/lib'
[4.934s] Level 1:colcon.colcon_core.environment:checking '/home/dvij/ee206-project/ping-pong-robot/vision_tracking/ros2_ws/src/install/my_sync_package/bin'
[4.934s] Level 1:colcon.colcon_core.environment:checking '/home/dvij/ee206-project/ping-pong-robot/vision_tracking/ros2_ws/src/install/my_sync_package/lib/pkgconfig/my_sync_package.pc'
[4.934s] Level 1:colcon.colcon_core.environment:checking '/home/dvij/ee206-project/ping-pong-robot/vision_tracking/ros2_ws/src/install/my_sync_package/lib/python3.8/site-packages'
[4.934s] Level 1:colcon.colcon_core.environment:checking '/home/dvij/ee206-project/ping-pong-robot/vision_tracking/ros2_ws/src/install/my_sync_package/bin'
[4.935s] INFO:colcon.colcon_core.shell:Creating package script '/home/dvij/ee206-project/ping-pong-robot/vision_tracking/ros2_ws/src/install/my_sync_package/share/my_sync_package/package.ps1'
[4.935s] INFO:colcon.colcon_core.shell:Creating package descriptor '/home/dvij/ee206-project/ping-pong-robot/vision_tracking/ros2_ws/src/install/my_sync_package/share/my_sync_package/package.dsv'
[4.935s] INFO:colcon.colcon_core.shell:Creating package script '/home/dvij/ee206-project/ping-pong-robot/vision_tracking/ros2_ws/src/install/my_sync_package/share/my_sync_package/package.sh'
[4.935s] INFO:colcon.colcon_core.shell:Creating package script '/home/dvij/ee206-project/ping-pong-robot/vision_tracking/ros2_ws/src/install/my_sync_package/share/my_sync_package/package.bash'
[4.935s] INFO:colcon.colcon_core.shell:Creating package script '/home/dvij/ee206-project/ping-pong-robot/vision_tracking/ros2_ws/src/install/my_sync_package/share/my_sync_package/package.zsh'
[4.936s] Level 1:colcon.colcon_core.environment:create_file_with_runtime_dependencies(/home/dvij/ee206-project/ping-pong-robot/vision_tracking/ros2_ws/src/install/my_sync_package/share/colcon-core/packages/my_sync_package)
[4.936s] INFO:colcon.colcon_ros.task.ament_cmake.build:Building ROS package in '/home/dvij/ee206-project/ping-pong-robot/vision_tracking/ros2_ws/src/camera_feed' with build type 'ament_cmake'
[4.936s] INFO:colcon.colcon_cmake.task.cmake.build:Building CMake package in '/home/dvij/ee206-project/ping-pong-robot/vision_tracking/ros2_ws/src/camera_feed'
[4.936s] INFO:colcon.colcon_core.shell:Skip shell extension 'powershell' for command environment: Not usable outside of PowerShell
[4.936s] DEBUG:colcon.colcon_core.shell:Skip shell extension 'dsv' for command environment
[4.946s] DEBUG:colcon.colcon_core.event_handler.log_command:Invoking command in '/home/dvij/ee206-project/ping-pong-robot/vision_tracking/ros2_ws/src/build/camera_feed': AMENT_PREFIX_PATH=/home/dvij/ee206-project/ping-pong-robot/vision_tracking/ros2_ws/src/install/my_sync_package:/home/dvij/ee206-project/ping-pong-robot/vision_tracking/ros2_ws/src/install/interface:${AMENT_PREFIX_PATH} CMAKE_PREFIX_PATH=/home/dvij/ee206-project/ping-pong-robot/vision_tracking/ros2_ws/src/install/my_sync_package:/home/dvij/ee206-project/ping-pong-robot/vision_tracking/ros2_ws/src/install/interface:/opt/ros/foxy CONDA_PROMPT_MODIFIER=(base) LD_LIBRARY_PATH=/home/dvij/ee206-project/ping-pong-robot/vision_tracking/ros2_ws/src/install/interface/lib:/opt/ros/foxy/opt/yaml_cpp_vendor/lib:/opt/ros/foxy/opt/rviz_ogre_vendor/lib:/opt/ros/foxy/lib/x86_64-linux-gnu:/opt/ros/foxy/lib:/home/dvij/.mujoco/mujoco210/bin:/usr/lib/nvidia PYTHONPATH=/home/dvij/ee206-project/ping-pong-robot/vision_tracking/ros2_ws/src/install/interface/lib/python3.8/site-packages:${PYTHONPATH} /usr/local/bin/cmake /home/dvij/ee206-project/ping-pong-robot/vision_tracking/ros2_ws/src/camera_feed -DCMAKE_INSTALL_PREFIX=/home/dvij/ee206-project/ping-pong-robot/vision_tracking/ros2_ws/src/install/camera_feed
[6.016s] DEBUG:colcon.colcon_core.event_handler.log_command:Invoked command in '/home/dvij/ee206-project/ping-pong-robot/vision_tracking/ros2_ws/src/build/camera_feed' returned '0': AMENT_PREFIX_PATH=/home/dvij/ee206-project/ping-pong-robot/vision_tracking/ros2_ws/src/install/my_sync_package:/home/dvij/ee206-project/ping-pong-robot/vision_tracking/ros2_ws/src/install/interface:${AMENT_PREFIX_PATH} CMAKE_PREFIX_PATH=/home/dvij/ee206-project/ping-pong-robot/vision_tracking/ros2_ws/src/install/my_sync_package:/home/dvij/ee206-project/ping-pong-robot/vision_tracking/ros2_ws/src/install/interface:/opt/ros/foxy CONDA_PROMPT_MODIFIER=(base) LD_LIBRARY_PATH=/home/dvij/ee206-project/ping-pong-robot/vision_tracking/ros2_ws/src/install/interface/lib:/opt/ros/foxy/opt/yaml_cpp_vendor/lib:/opt/ros/foxy/opt/rviz_ogre_vendor/lib:/opt/ros/foxy/lib/x86_64-linux-gnu:/opt/ros/foxy/lib:/home/dvij/.mujoco/mujoco210/bin:/usr/lib/nvidia PYTHONPATH=/home/dvij/ee206-project/ping-pong-robot/vision_tracking/ros2_ws/src/install/interface/lib/python3.8/site-packages:${PYTHONPATH} /usr/local/bin/cmake /home/dvij/ee206-project/ping-pong-robot/vision_tracking/ros2_ws/src/camera_feed -DCMAKE_INSTALL_PREFIX=/home/dvij/ee206-project/ping-pong-robot/vision_tracking/ros2_ws/src/install/camera_feed
[6.017s] DEBUG:colcon.colcon_core.event_handler.log_command:Invoking command in '/home/dvij/ee206-project/ping-pong-robot/vision_tracking/ros2_ws/src/build/camera_feed': AMENT_PREFIX_PATH=/home/dvij/ee206-project/ping-pong-robot/vision_tracking/ros2_ws/src/install/my_sync_package:/home/dvij/ee206-project/ping-pong-robot/vision_tracking/ros2_ws/src/install/interface:${AMENT_PREFIX_PATH} CMAKE_PREFIX_PATH=/home/dvij/ee206-project/ping-pong-robot/vision_tracking/ros2_ws/src/install/my_sync_package:/home/dvij/ee206-project/ping-pong-robot/vision_tracking/ros2_ws/src/install/interface:/opt/ros/foxy CONDA_PROMPT_MODIFIER=(base) LD_LIBRARY_PATH=/home/dvij/ee206-project/ping-pong-robot/vision_tracking/ros2_ws/src/install/interface/lib:/opt/ros/foxy/opt/yaml_cpp_vendor/lib:/opt/ros/foxy/opt/rviz_ogre_vendor/lib:/opt/ros/foxy/lib/x86_64-linux-gnu:/opt/ros/foxy/lib:/home/dvij/.mujoco/mujoco210/bin:/usr/lib/nvidia PYTHONPATH=/home/dvij/ee206-project/ping-pong-robot/vision_tracking/ros2_ws/src/install/interface/lib/python3.8/site-packages:${PYTHONPATH} /usr/local/bin/cmake --build /home/dvij/ee206-project/ping-pong-robot/vision_tracking/ros2_ws/src/build/camera_feed -- -j20 -l20
[9.979s] DEBUG:colcon.colcon_core.event_handler.log_command:Invoked command in '/home/dvij/ee206-project/ping-pong-robot/vision_tracking/ros2_ws/src/build/camera_feed' returned '0': AMENT_PREFIX_PATH=/home/dvij/ee206-project/ping-pong-robot/vision_tracking/ros2_ws/src/install/my_sync_package:/home/dvij/ee206-project/ping-pong-robot/vision_tracking/ros2_ws/src/install/interface:${AMENT_PREFIX_PATH} CMAKE_PREFIX_PATH=/home/dvij/ee206-project/ping-pong-robot/vision_tracking/ros2_ws/src/install/my_sync_package:/home/dvij/ee206-project/ping-pong-robot/vision_tracking/ros2_ws/src/install/interface:/opt/ros/foxy CONDA_PROMPT_MODIFIER=(base) LD_LIBRARY_PATH=/home/dvij/ee206-project/ping-pong-robot/vision_tracking/ros2_ws/src/install/interface/lib:/opt/ros/foxy/opt/yaml_cpp_vendor/lib:/opt/ros/foxy/opt/rviz_ogre_vendor/lib:/opt/ros/foxy/lib/x86_64-linux-gnu:/opt/ros/foxy/lib:/home/dvij/.mujoco/mujoco210/bin:/usr/lib/nvidia PYTHONPATH=/home/dvij/ee206-project/ping-pong-robot/vision_tracking/ros2_ws/src/install/interface/lib/python3.8/site-packages:${PYTHONPATH} /usr/local/bin/cmake --build /home/dvij/ee206-project/ping-pong-robot/vision_tracking/ros2_ws/src/build/camera_feed -- -j20 -l20
[10.003s] DEBUG:colcon.colcon_core.event_handler.log_command:Invoking command in '/home/dvij/ee206-project/ping-pong-robot/vision_tracking/ros2_ws/src/build/camera_feed': AMENT_PREFIX_PATH=/home/dvij/ee206-project/ping-pong-robot/vision_tracking/ros2_ws/src/install/my_sync_package:/home/dvij/ee206-project/ping-pong-robot/vision_tracking/ros2_ws/src/install/interface:${AMENT_PREFIX_PATH} CMAKE_PREFIX_PATH=/home/dvij/ee206-project/ping-pong-robot/vision_tracking/ros2_ws/src/install/my_sync_package:/home/dvij/ee206-project/ping-pong-robot/vision_tracking/ros2_ws/src/install/interface:/opt/ros/foxy CONDA_PROMPT_MODIFIER=(base) LD_LIBRARY_PATH=/home/dvij/ee206-project/ping-pong-robot/vision_tracking/ros2_ws/src/install/interface/lib:/opt/ros/foxy/opt/yaml_cpp_vendor/lib:/opt/ros/foxy/opt/rviz_ogre_vendor/lib:/opt/ros/foxy/lib/x86_64-linux-gnu:/opt/ros/foxy/lib:/home/dvij/.mujoco/mujoco210/bin:/usr/lib/nvidia PYTHONPATH=/home/dvij/ee206-project/ping-pong-robot/vision_tracking/ros2_ws/src/install/interface/lib/python3.8/site-packages:${PYTHONPATH} /usr/local/bin/cmake --install /home/dvij/ee206-project/ping-pong-robot/vision_tracking/ros2_ws/src/build/camera_feed
[10.009s] Level 1:colcon.colcon_core.environment:create_environment_scripts_only(camera_feed)
[10.010s] Level 1:colcon.colcon_core.environment:checking '/home/dvij/ee206-project/ping-pong-robot/vision_tracking/ros2_ws/src/install/camera_feed' for CMake module files
[10.010s] DEBUG:colcon.colcon_core.event_handler.log_command:Invoked command in '/home/dvij/ee206-project/ping-pong-robot/vision_tracking/ros2_ws/src/build/camera_feed' returned '0': AMENT_PREFIX_PATH=/home/dvij/ee206-project/ping-pong-robot/vision_tracking/ros2_ws/src/install/my_sync_package:/home/dvij/ee206-project/ping-pong-robot/vision_tracking/ros2_ws/src/install/interface:${AMENT_PREFIX_PATH} CMAKE_PREFIX_PATH=/home/dvij/ee206-project/ping-pong-robot/vision_tracking/ros2_ws/src/install/my_sync_package:/home/dvij/ee206-project/ping-pong-robot/vision_tracking/ros2_ws/src/install/interface:/opt/ros/foxy CONDA_PROMPT_MODIFIER=(base) LD_LIBRARY_PATH=/home/dvij/ee206-project/ping-pong-robot/vision_tracking/ros2_ws/src/install/interface/lib:/opt/ros/foxy/opt/yaml_cpp_vendor/lib:/opt/ros/foxy/opt/rviz_ogre_vendor/lib:/opt/ros/foxy/lib/x86_64-linux-gnu:/opt/ros/foxy/lib:/home/dvij/.mujoco/mujoco210/bin:/usr/lib/nvidia PYTHONPATH=/home/dvij/ee206-project/ping-pong-robot/vision_tracking/ros2_ws/src/install/interface/lib/python3.8/site-packages:${PYTHONPATH} /usr/local/bin/cmake --install /home/dvij/ee206-project/ping-pong-robot/vision_tracking/ros2_ws/src/build/camera_feed
[10.010s] Level 1:colcon.colcon_core.environment:checking '/home/dvij/ee206-project/ping-pong-robot/vision_tracking/ros2_ws/src/install/camera_feed' for CMake config files
[10.011s] Level 1:colcon.colcon_core.shell:create_environment_hook('camera_feed', 'cmake_prefix_path')
[10.011s] INFO:colcon.colcon_core.shell:Creating environment hook '/home/dvij/ee206-project/ping-pong-robot/vision_tracking/ros2_ws/src/install/camera_feed/share/camera_feed/hook/cmake_prefix_path.ps1'
[10.011s] INFO:colcon.colcon_core.shell:Creating environment descriptor '/home/dvij/ee206-project/ping-pong-robot/vision_tracking/ros2_ws/src/install/camera_feed/share/camera_feed/hook/cmake_prefix_path.dsv'
[10.012s] INFO:colcon.colcon_core.shell:Creating environment hook '/home/dvij/ee206-project/ping-pong-robot/vision_tracking/ros2_ws/src/install/camera_feed/share/camera_feed/hook/cmake_prefix_path.sh'
[10.012s] Level 1:colcon.colcon_core.environment:checking '/home/dvij/ee206-project/ping-pong-robot/vision_tracking/ros2_ws/src/install/camera_feed/lib'
[10.012s] Level 1:colcon.colcon_core.environment:checking '/home/dvij/ee206-project/ping-pong-robot/vision_tracking/ros2_ws/src/install/camera_feed/bin'
[10.012s] Level 1:colcon.colcon_core.environment:checking '/home/dvij/ee206-project/ping-pong-robot/vision_tracking/ros2_ws/src/install/camera_feed/lib/pkgconfig/camera_feed.pc'
[10.013s] Level 1:colcon.colcon_core.environment:checking '/home/dvij/ee206-project/ping-pong-robot/vision_tracking/ros2_ws/src/install/camera_feed/lib/python3.8/site-packages'
[10.013s] Level 1:colcon.colcon_core.environment:checking '/home/dvij/ee206-project/ping-pong-robot/vision_tracking/ros2_ws/src/install/camera_feed/bin'
[10.013s] INFO:colcon.colcon_core.shell:Creating package script '/home/dvij/ee206-project/ping-pong-robot/vision_tracking/ros2_ws/src/install/camera_feed/share/camera_feed/package.ps1'
[10.013s] INFO:colcon.colcon_core.shell:Creating package descriptor '/home/dvij/ee206-project/ping-pong-robot/vision_tracking/ros2_ws/src/install/camera_feed/share/camera_feed/package.dsv'
[10.014s] INFO:colcon.colcon_core.shell:Creating package script '/home/dvij/ee206-project/ping-pong-robot/vision_tracking/ros2_ws/src/install/camera_feed/share/camera_feed/package.sh'
[10.014s] INFO:colcon.colcon_core.shell:Creating package script '/home/dvij/ee206-project/ping-pong-robot/vision_tracking/ros2_ws/src/install/camera_feed/share/camera_feed/package.bash'
[10.014s] INFO:colcon.colcon_core.shell:Creating package script '/home/dvij/ee206-project/ping-pong-robot/vision_tracking/ros2_ws/src/install/camera_feed/share/camera_feed/package.zsh'
[10.014s] Level 1:colcon.colcon_core.environment:create_file_with_runtime_dependencies(/home/dvij/ee206-project/ping-pong-robot/vision_tracking/ros2_ws/src/install/camera_feed/share/colcon-core/packages/camera_feed)
[10.083s] Level 1:colcon.colcon_core.environment:create_environment_scripts_only(camera_feed)
[10.084s] Level 1:colcon.colcon_core.environment:checking '/home/dvij/ee206-project/ping-pong-robot/vision_tracking/ros2_ws/src/install/camera_feed' for CMake module files
[10.085s] Level 1:colcon.colcon_core.environment:checking '/home/dvij/ee206-project/ping-pong-robot/vision_tracking/ros2_ws/src/install/camera_feed' for CMake config files
[10.086s] Level 1:colcon.colcon_core.shell:create_environment_hook('camera_feed', 'cmake_prefix_path')
[10.086s] INFO:colcon.colcon_core.shell:Creating environment hook '/home/dvij/ee206-project/ping-pong-robot/vision_tracking/ros2_ws/src/install/camera_feed/share/camera_feed/hook/cmake_prefix_path.ps1'
[10.087s] INFO:colcon.colcon_core.shell:Creating environment descriptor '/home/dvij/ee206-project/ping-pong-robot/vision_tracking/ros2_ws/src/install/camera_feed/share/camera_feed/hook/cmake_prefix_path.dsv'
[10.088s] INFO:colcon.colcon_core.shell:Creating environment hook '/home/dvij/ee206-project/ping-pong-robot/vision_tracking/ros2_ws/src/install/camera_feed/share/camera_feed/hook/cmake_prefix_path.sh'
[10.089s] Level 1:colcon.colcon_core.environment:checking '/home/dvij/ee206-project/ping-pong-robot/vision_tracking/ros2_ws/src/install/camera_feed/lib'
[10.090s] Level 1:colcon.colcon_core.environment:checking '/home/dvij/ee206-project/ping-pong-robot/vision_tracking/ros2_ws/src/install/camera_feed/bin'
[10.090s] Level 1:colcon.colcon_core.environment:checking '/home/dvij/ee206-project/ping-pong-robot/vision_tracking/ros2_ws/src/install/camera_feed/lib/pkgconfig/camera_feed.pc'
[10.090s] Level 1:colcon.colcon_core.environment:checking '/home/dvij/ee206-project/ping-pong-robot/vision_tracking/ros2_ws/src/install/camera_feed/lib/python3.8/site-packages'
[10.090s] Level 1:colcon.colcon_core.environment:checking '/home/dvij/ee206-project/ping-pong-robot/vision_tracking/ros2_ws/src/install/camera_feed/bin'
[10.091s] INFO:colcon.colcon_core.shell:Creating package script '/home/dvij/ee206-project/ping-pong-robot/vision_tracking/ros2_ws/src/install/camera_feed/share/camera_feed/package.ps1'
[10.092s] INFO:colcon.colcon_core.shell:Creating package descriptor '/home/dvij/ee206-project/ping-pong-robot/vision_tracking/ros2_ws/src/install/camera_feed/share/camera_feed/package.dsv'
[10.092s] INFO:colcon.colcon_core.shell:Creating package script '/home/dvij/ee206-project/ping-pong-robot/vision_tracking/ros2_ws/src/install/camera_feed/share/camera_feed/package.sh'
[10.093s] INFO:colcon.colcon_core.shell:Creating package script '/home/dvij/ee206-project/ping-pong-robot/vision_tracking/ros2_ws/src/install/camera_feed/share/camera_feed/package.bash'
[10.093s] INFO:colcon.colcon_core.shell:Creating package script '/home/dvij/ee206-project/ping-pong-robot/vision_tracking/ros2_ws/src/install/camera_feed/share/camera_feed/package.zsh'
[10.094s] Level 1:colcon.colcon_core.environment:create_file_with_runtime_dependencies(/home/dvij/ee206-project/ping-pong-robot/vision_tracking/ros2_ws/src/install/camera_feed/share/colcon-core/packages/camera_feed)
[10.094s] DEBUG:colcon.colcon_parallel_executor.executor.parallel:closing loop
[10.095s] DEBUG:colcon.colcon_parallel_executor.executor.parallel:loop closed
[10.095s] DEBUG:colcon.colcon_parallel_executor.executor.parallel:run_until_complete finished with '0'
[10.095s] DEBUG:colcon.colcon_core.event_reactor:joining thread
[10.104s] INFO:colcon.colcon_core.plugin_system:Skipping extension 'colcon_notification.desktop_notification.terminal_notifier': Not used on non-Darwin systems
[10.104s] INFO:colcon.colcon_core.plugin_system:Skipping extension 'colcon_notification.desktop_notification.win32': Not used on non-Windows systems
[10.105s] INFO:colcon.colcon_notification.desktop_notification:Sending desktop notification using 'notify2'
[10.133s] DEBUG:colcon.colcon_core.event_reactor:joined thread
[10.133s] INFO:colcon.colcon_core.shell:Creating prefix script '/home/dvij/ee206-project/ping-pong-robot/vision_tracking/ros2_ws/src/install/local_setup.ps1'
[10.134s] INFO:colcon.colcon_core.shell:Creating prefix util module '/home/dvij/ee206-project/ping-pong-robot/vision_tracking/ros2_ws/src/install/_local_setup_util_ps1.py'
[10.135s] INFO:colcon.colcon_core.shell:Creating prefix chain script '/home/dvij/ee206-project/ping-pong-robot/vision_tracking/ros2_ws/src/install/setup.ps1'
[10.136s] INFO:colcon.colcon_core.shell:Creating prefix script '/home/dvij/ee206-project/ping-pong-robot/vision_tracking/ros2_ws/src/install/local_setup.sh'
[10.137s] INFO:colcon.colcon_core.shell:Creating prefix util module '/home/dvij/ee206-project/ping-pong-robot/vision_tracking/ros2_ws/src/install/_local_setup_util_sh.py'
[10.137s] INFO:colcon.colcon_core.shell:Creating prefix chain script '/home/dvij/ee206-project/ping-pong-robot/vision_tracking/ros2_ws/src/install/setup.sh'
[10.138s] INFO:colcon.colcon_core.shell:Creating prefix script '/home/dvij/ee206-project/ping-pong-robot/vision_tracking/ros2_ws/src/install/local_setup.bash'
[10.138s] INFO:colcon.colcon_core.shell:Creating prefix chain script '/home/dvij/ee206-project/ping-pong-robot/vision_tracking/ros2_ws/src/install/setup.bash'
[10.139s] INFO:colcon.colcon_core.shell:Creating prefix script '/home/dvij/ee206-project/ping-pong-robot/vision_tracking/ros2_ws/src/install/local_setup.zsh'
[10.139s] INFO:colcon.colcon_core.shell:Creating prefix chain script '/home/dvij/ee206-project/ping-pong-robot/vision_tracking/ros2_ws/src/install/setup.zsh'
