[0.022s] Invoking command in '/home/dvij/ee206-project/ping-pong-robot/ppr_ws/src/build/iiwa_description': CMAKE_PREFIX_PATH=/opt/ros/galactic:${CMAKE_PREFIX_PATH} CONDA_PROMPT_MODIFIER=(base) /usr/local/bin/cmake /home/dvij/ee206-project/ping-pong-robot/ppr_ws/src/iiwa_ros2/iiwa_description -DCMAKE_INSTALL_PREFIX=/home/dvij/ee206-project/ping-pong-robot/ppr_ws/src/install/iiwa_description
[0.056s] -- The C compiler identification is GNU 9.4.0
[0.097s] -- The CXX compiler identification is GNU 9.4.0
[0.104s] -- Detecting C compiler ABI info
[0.150s] -- Detecting C compiler ABI info - done
[0.167s] -- Check for working C compiler: /usr/bin/cc - skipped
[0.167s] -- Detecting C compile features
[0.168s] -- Detecting C compile features - done
[0.171s] -- Detecting CXX compiler ABI info
[0.237s] -- Detecting CXX compiler ABI info - done
[0.249s] -- Check for working CXX compiler: /usr/bin/c++ - skipped
[0.249s] -- Detecting CXX compile features
[0.249s] -- Detecting CXX compile features - done
[0.251s] -- Found ament_cmake: 1.1.6 (/opt/ros/galactic/share/ament_cmake/cmake)
[0.254s] [33mCMake Warning (dev) at /opt/ros/galactic/share/ament_cmake_core/cmake/core/python.cmake:22 (find_package):
[0.254s]   Policy CMP0148 is not set: The FindPythonInterp and FindPythonLibs modules
[0.254s]   are removed.  Run "cmake --help-policy CMP0148" for policy details.  Use
[0.254s]   the cmake_policy command to set the policy and suppress this warning.
[0.254s] 
[0.255s] Call Stack (most recent call first):
[0.255s]   /opt/ros/galactic/share/ament_cmake_core/cmake/core/all.cmake:53 (include)
[0.255s]   /opt/ros/galactic/share/ament_cmake_core/cmake/ament_cmake_core-extras.cmake:17 (include)
[0.255s]   /opt/ros/galactic/share/ament_cmake_core/cmake/ament_cmake_coreConfig.cmake:41 (include)
[0.255s]   /opt/ros/galactic/share/ament_cmake/cmake/ament_cmake_export_dependencies-extras.cmake:15 (find_package)
[0.255s]   /opt/ros/galactic/share/ament_cmake/cmake/ament_cmakeConfig.cmake:41 (include)
[0.255s]   CMakeLists.txt:19 (find_package)
[0.255s] This warning is for project developers.  Use -Wno-dev to suppress it.
[0.255s] [0m
[0.273s] -- Found PythonInterp: /home/dvij/anaconda3/bin/python3 (found suitable version "3.9.7", minimum required is "3")
[0.274s] -- Using PYTHON_EXECUTABLE: /home/dvij/anaconda3/bin/python3
[0.330s] -- Found ament_cmake_gtest: 1.1.6 (/opt/ros/galactic/share/ament_cmake_gtest/cmake)
[0.332s] -- Found ament_lint_auto: 0.10.7 (/opt/ros/galactic/share/ament_lint_auto/cmake)
[0.425s] -- Added test 'copyright' to check source files copyright and LICENSE
[0.427s] -- Added test 'lint_cmake' to check CMake code style
[0.429s] -- Added test 'xmllint' to check XML markup files
[0.430s] -- Configuring done (0.4s)
[0.431s] -- Generating done (0.0s)
[0.432s] -- Build files have been written to: /home/dvij/ee206-project/ping-pong-robot/ppr_ws/src/build/iiwa_description
